[2021-12-24 11:49:52,508] {taskinstance.py:851} INFO - Dependencies all met for <TaskInstance: classification.check_data_exist 2021-12-24T11:49:15.846684+00:00 [queued]>
[2021-12-24 11:49:52,677] {taskinstance.py:851} INFO - Dependencies all met for <TaskInstance: classification.check_data_exist 2021-12-24T11:49:15.846684+00:00 [queued]>
[2021-12-24 11:49:52,689] {taskinstance.py:1042} INFO - 
--------------------------------------------------------------------------------
[2021-12-24 11:49:52,690] {taskinstance.py:1043} INFO - Starting attempt 1 of 2
[2021-12-24 11:49:52,707] {taskinstance.py:1044} INFO - 
--------------------------------------------------------------------------------
[2021-12-24 11:49:52,831] {taskinstance.py:1063} INFO - Executing <Task(BranchPythonOperator): check_data_exist> on 2021-12-24T11:49:15.846684+00:00
[2021-12-24 11:49:52,872] {standard_task_runner.py:52} INFO - Started process 205 to run task
[2021-12-24 11:49:52,924] {standard_task_runner.py:76} INFO - Running: ['airflow', 'tasks', 'run', 'classification', 'check_data_exist', '2021-12-24T11:49:15.846684+00:00', '--job-id', '158', '--pool', 'default_pool', '--raw', '--subdir', 'DAGS_FOLDER/classification.py', '--cfg-path', '/tmp/tmp02k94n68', '--error-file', '/tmp/tmp750ibtzc']
[2021-12-24 11:49:52,997] {standard_task_runner.py:77} INFO - Job 158: Subtask check_data_exist
[2021-12-24 11:49:53,716] {logging_mixin.py:104} INFO - Running <TaskInstance: classification.check_data_exist 2021-12-24T11:49:15.846684+00:00 [running]> on host 0d76f33c6135
[2021-12-24 11:49:54,216] {taskinstance.py:1257} INFO - Exporting the following env vars:
AIRFLOW_CTX_DAG_OWNER=airflow
AIRFLOW_CTX_DAG_ID=classification
AIRFLOW_CTX_TASK_ID=check_data_exist
AIRFLOW_CTX_EXECUTION_DATE=2021-12-24T11:49:15.846684+00:00
AIRFLOW_CTX_DAG_RUN_ID=manual__2021-12-24T11:49:15.846684+00:00
[2021-12-24 11:49:55,011] {logging_mixin.py:104} INFO - pikachu_0.jpeg
[2021-12-24 11:49:55,015] {logging_mixin.py:104} INFO - pikachu_1.png
[2021-12-24 11:49:55,018] {logging_mixin.py:104} INFO - pikachu_10.png
[2021-12-24 11:49:55,019] {logging_mixin.py:104} INFO - pikachu_100.jpeg
[2021-12-24 11:49:55,031] {logging_mixin.py:104} INFO - pikachu_101.jpeg
[2021-12-24 11:49:55,032] {logging_mixin.py:104} INFO - pikachu_102.jpeg
[2021-12-24 11:49:55,035] {logging_mixin.py:104} INFO - pikachu_103.jpeg
[2021-12-24 11:49:55,036] {logging_mixin.py:104} INFO - pikachu_104.png
[2021-12-24 11:49:55,058] {logging_mixin.py:104} INFO - pikachu_105.png
[2021-12-24 11:49:55,109] {logging_mixin.py:104} INFO - pikachu_106.jpeg
[2021-12-24 11:49:55,122] {logging_mixin.py:104} INFO - pikachu_108.jpeg
[2021-12-24 11:49:55,126] {logging_mixin.py:104} INFO - pikachu_109.jpeg
[2021-12-24 11:49:55,144] {logging_mixin.py:104} INFO - pikachu_11.jpeg
[2021-12-24 11:49:55,154] {logging_mixin.py:104} INFO - pikachu_110.jpeg
[2021-12-24 11:49:55,164] {logging_mixin.py:104} INFO - pikachu_111.jpeg
[2021-12-24 11:49:55,175] {logging_mixin.py:104} INFO - pikachu_112.jpeg
[2021-12-24 11:49:55,179] {logging_mixin.py:104} INFO - pikachu_113.jpeg
[2021-12-24 11:49:55,182] {logging_mixin.py:104} INFO - pikachu_114.jpeg
[2021-12-24 11:49:55,195] {logging_mixin.py:104} INFO - pikachu_115.jpeg
[2021-12-24 11:49:55,200] {logging_mixin.py:104} INFO - pikachu_116.png
[2021-12-24 11:49:55,204] {logging_mixin.py:104} INFO - pikachu_117.jpeg
[2021-12-24 11:49:55,215] {logging_mixin.py:104} INFO - pikachu_118.png
[2021-12-24 11:49:55,219] {logging_mixin.py:104} INFO - pikachu_119.jpeg
[2021-12-24 11:49:55,237] {logging_mixin.py:104} INFO - pikachu_12.jpeg
[2021-12-24 11:49:55,249] {logging_mixin.py:104} INFO - pikachu_120.jpeg
[2021-12-24 11:49:55,259] {logging_mixin.py:104} INFO - pikachu_121.jpeg
[2021-12-24 11:49:55,279] {logging_mixin.py:104} INFO - pikachu_122.jpeg
[2021-12-24 11:49:55,291] {logging_mixin.py:104} INFO - pikachu_123.jpeg
[2021-12-24 11:49:55,311] {logging_mixin.py:104} INFO - pikachu_124.jpeg
[2021-12-24 11:49:55,329] {logging_mixin.py:104} INFO - pikachu_125.jpeg
[2021-12-24 11:49:55,336] {logging_mixin.py:104} INFO - pikachu_126.jpeg
[2021-12-24 11:49:55,347] {logging_mixin.py:104} INFO - pikachu_127.jpeg
[2021-12-24 11:49:55,350] {logging_mixin.py:104} INFO - pikachu_128.jpeg
[2021-12-24 11:49:55,356] {logging_mixin.py:104} INFO - pikachu_129.jpeg
[2021-12-24 11:49:55,358] {logging_mixin.py:104} INFO - pikachu_13.png
[2021-12-24 11:49:55,359] {logging_mixin.py:104} INFO - pikachu_130.jpeg
[2021-12-24 11:49:55,361] {logging_mixin.py:104} INFO - pikachu_131.jpeg
[2021-12-24 11:49:55,372] {logging_mixin.py:104} INFO - pikachu_132.jpeg
[2021-12-24 11:49:55,375] {logging_mixin.py:104} INFO - pikachu_133.jpeg
[2021-12-24 11:49:55,376] {logging_mixin.py:104} INFO - pikachu_134.jpeg
[2021-12-24 11:49:55,380] {logging_mixin.py:104} INFO - pikachu_135.jpeg
[2021-12-24 11:49:55,399] {logging_mixin.py:104} INFO - pikachu_136.jpeg
[2021-12-24 11:49:55,400] {logging_mixin.py:104} INFO - pikachu_137.jpeg
[2021-12-24 11:49:55,401] {logging_mixin.py:104} INFO - pikachu_138.jpeg
[2021-12-24 11:49:55,404] {logging_mixin.py:104} INFO - pikachu_139.png
[2021-12-24 11:49:55,405] {logging_mixin.py:104} INFO - pikachu_14.png
[2021-12-24 11:49:55,407] {logging_mixin.py:104} INFO - pikachu_140.jpeg
[2021-12-24 11:49:55,411] {logging_mixin.py:104} INFO - pikachu_141.jpeg
[2021-12-24 11:49:55,423] {logging_mixin.py:104} INFO - pikachu_142.jpeg
[2021-12-24 11:49:55,425] {logging_mixin.py:104} INFO - pikachu_143.jpeg
[2021-12-24 11:49:55,429] {logging_mixin.py:104} INFO - pikachu_144.png
[2021-12-24 11:49:55,432] {logging_mixin.py:104} INFO - pikachu_145.jpeg
[2021-12-24 11:49:55,435] {logging_mixin.py:104} INFO - pikachu_146.jpeg
[2021-12-24 11:49:55,443] {logging_mixin.py:104} INFO - pikachu_147.png
[2021-12-24 11:49:55,454] {logging_mixin.py:104} INFO - pikachu_149.png
[2021-12-24 11:49:55,456] {logging_mixin.py:104} INFO - pikachu_15.jpeg
[2021-12-24 11:49:55,476] {logging_mixin.py:104} INFO - pikachu_151.jpeg
[2021-12-24 11:49:55,478] {logging_mixin.py:104} INFO - pikachu_152.png
[2021-12-24 11:49:55,479] {logging_mixin.py:104} INFO - pikachu_153.png
[2021-12-24 11:49:55,481] {logging_mixin.py:104} INFO - pikachu_154.jpeg
[2021-12-24 11:49:55,487] {logging_mixin.py:104} INFO - pikachu_155.jpeg
[2021-12-24 11:49:55,490] {logging_mixin.py:104} INFO - pikachu_156.jpeg
[2021-12-24 11:49:55,494] {logging_mixin.py:104} INFO - pikachu_157.jpeg
[2021-12-24 11:49:55,497] {logging_mixin.py:104} INFO - pikachu_158.jpeg
[2021-12-24 11:49:55,501] {logging_mixin.py:104} INFO - pikachu_159.jpeg
[2021-12-24 11:49:55,505] {logging_mixin.py:104} INFO - pikachu_16.jpeg
[2021-12-24 11:49:55,508] {logging_mixin.py:104} INFO - pikachu_160.jpeg
[2021-12-24 11:49:55,510] {logging_mixin.py:104} INFO - pikachu_161.jpeg
[2021-12-24 11:49:55,511] {logging_mixin.py:104} INFO - pikachu_162.jpeg
[2021-12-24 11:49:55,529] {logging_mixin.py:104} INFO - pikachu_163.jpeg
[2021-12-24 11:49:55,543] {logging_mixin.py:104} INFO - pikachu_164.jpeg
[2021-12-24 11:49:55,567] {logging_mixin.py:104} INFO - pikachu_165.jpeg
[2021-12-24 11:49:55,582] {logging_mixin.py:104} INFO - pikachu_17.jpeg
[2021-12-24 11:49:55,602] {logging_mixin.py:104} INFO - pikachu_18.jpeg
[2021-12-24 11:49:55,619] {logging_mixin.py:104} INFO - pikachu_19.jpeg
[2021-12-24 11:49:55,636] {logging_mixin.py:104} INFO - pikachu_2.jpeg
[2021-12-24 11:49:55,654] {logging_mixin.py:104} INFO - pikachu_20.png
[2021-12-24 11:49:55,666] {logging_mixin.py:104} INFO - pikachu_21.jpeg
[2021-12-24 11:49:55,682] {logging_mixin.py:104} INFO - pikachu_22.jpeg
[2021-12-24 11:49:55,700] {logging_mixin.py:104} INFO - pikachu_23.jpeg
[2021-12-24 11:49:55,715] {logging_mixin.py:104} INFO - pikachu_24.jpeg
[2021-12-24 11:49:55,731] {logging_mixin.py:104} INFO - pikachu_25.png
[2021-12-24 11:49:55,746] {logging_mixin.py:104} INFO - pikachu_26.jpeg
[2021-12-24 11:49:55,762] {logging_mixin.py:104} INFO - pikachu_27.jpeg
[2021-12-24 11:49:55,767] {logging_mixin.py:104} INFO - pikachu_28.jpeg
[2021-12-24 11:49:55,794] {logging_mixin.py:104} INFO - pikachu_29.jpeg
[2021-12-24 11:49:55,810] {logging_mixin.py:104} INFO - pikachu_3.png
[2021-12-24 11:49:55,827] {logging_mixin.py:104} INFO - pikachu_30.jpeg
[2021-12-24 11:49:55,842] {logging_mixin.py:104} INFO - pikachu_31.png
[2021-12-24 11:49:55,858] {logging_mixin.py:104} INFO - pikachu_32.jpeg
[2021-12-24 11:49:55,874] {logging_mixin.py:104} INFO - pikachu_33.png
[2021-12-24 11:49:55,875] {logging_mixin.py:104} INFO - pikachu_34.jpeg
[2021-12-24 11:49:55,889] {logging_mixin.py:104} INFO - pikachu_35.png
[2021-12-24 11:49:55,890] {logging_mixin.py:104} INFO - pikachu_36.jpeg
[2021-12-24 11:49:55,891] {logging_mixin.py:104} INFO - pikachu_37.png
[2021-12-24 11:49:55,893] {logging_mixin.py:104} INFO - pikachu_38.jpeg
[2021-12-24 11:49:55,897] {logging_mixin.py:104} INFO - pikachu_39.jpeg
[2021-12-24 11:49:55,899] {logging_mixin.py:104} INFO - pikachu_4.png
[2021-12-24 11:49:55,902] {logging_mixin.py:104} INFO - pikachu_40.png
[2021-12-24 11:49:55,903] {logging_mixin.py:104} INFO - pikachu_41.png
[2021-12-24 11:49:55,904] {logging_mixin.py:104} INFO - pikachu_42.jpeg
[2021-12-24 11:49:55,905] {logging_mixin.py:104} INFO - pikachu_43.jpeg
[2021-12-24 11:49:55,935] {logging_mixin.py:104} INFO - pikachu_44.jpeg
[2021-12-24 11:49:55,937] {logging_mixin.py:104} INFO - pikachu_45.png
[2021-12-24 11:49:55,952] {logging_mixin.py:104} INFO - pikachu_46.jpeg
[2021-12-24 11:49:55,957] {logging_mixin.py:104} INFO - pikachu_48.jpeg
[2021-12-24 11:49:55,959] {logging_mixin.py:104} INFO - pikachu_49.jpeg
[2021-12-24 11:49:55,974] {logging_mixin.py:104} INFO - pikachu_5.jpeg
[2021-12-24 11:49:55,992] {logging_mixin.py:104} INFO - pikachu_50.jpeg
[2021-12-24 11:49:55,995] {logging_mixin.py:104} INFO - pikachu_51.png
[2021-12-24 11:49:56,002] {logging_mixin.py:104} INFO - pikachu_52.jpeg
[2021-12-24 11:49:56,012] {logging_mixin.py:104} INFO - pikachu_53.jpeg
[2021-12-24 11:49:56,013] {logging_mixin.py:104} INFO - pikachu_54.png
[2021-12-24 11:49:56,020] {logging_mixin.py:104} INFO - pikachu_55.jpeg
[2021-12-24 11:49:56,021] {logging_mixin.py:104} INFO - pikachu_56.jpeg
[2021-12-24 11:49:56,022] {logging_mixin.py:104} INFO - pikachu_57.jpeg
[2021-12-24 11:49:56,027] {logging_mixin.py:104} INFO - pikachu_58.jpeg
[2021-12-24 11:49:56,029] {logging_mixin.py:104} INFO - pikachu_59.jpeg
[2021-12-24 11:49:56,030] {logging_mixin.py:104} INFO - pikachu_6.jpeg
[2021-12-24 11:49:56,033] {logging_mixin.py:104} INFO - pikachu_60.jpeg
[2021-12-24 11:49:56,044] {logging_mixin.py:104} INFO - pikachu_62.jpeg
[2021-12-24 11:49:56,045] {logging_mixin.py:104} INFO - pikachu_63.jpeg
[2021-12-24 11:49:56,046] {logging_mixin.py:104} INFO - pikachu_64.jpeg
[2021-12-24 11:49:56,063] {logging_mixin.py:104} INFO - pikachu_65.png
[2021-12-24 11:49:56,065] {logging_mixin.py:104} INFO - pikachu_66.jpeg
[2021-12-24 11:49:56,066] {logging_mixin.py:104} INFO - pikachu_67.jpeg
[2021-12-24 11:49:56,066] {logging_mixin.py:104} INFO - pikachu_68.jpeg
[2021-12-24 11:49:56,067] {logging_mixin.py:104} INFO - pikachu_69.jpeg
[2021-12-24 11:49:56,071] {logging_mixin.py:104} INFO - pikachu_7.png
[2021-12-24 11:49:56,087] {logging_mixin.py:104} INFO - pikachu_70.jpeg
[2021-12-24 11:49:56,088] {logging_mixin.py:104} INFO - pikachu_71.jpeg
[2021-12-24 11:49:56,094] {logging_mixin.py:104} INFO - pikachu_72.jpeg
[2021-12-24 11:49:56,095] {logging_mixin.py:104} INFO - pikachu_73.jpeg
[2021-12-24 11:49:56,110] {logging_mixin.py:104} INFO - pikachu_74.png
[2021-12-24 11:49:56,113] {logging_mixin.py:104} INFO - pikachu_75.jpeg
[2021-12-24 11:49:56,114] {logging_mixin.py:104} INFO - pikachu_76.jpeg
[2021-12-24 11:49:56,116] {logging_mixin.py:104} INFO - pikachu_77.jpeg
[2021-12-24 11:49:56,117] {logging_mixin.py:104} INFO - pikachu_78.png
[2021-12-24 11:49:56,127] {logging_mixin.py:104} INFO - pikachu_8.jpeg
[2021-12-24 11:49:56,133] {logging_mixin.py:104} INFO - pikachu_80.jpeg
[2021-12-24 11:49:56,135] {logging_mixin.py:104} INFO - pikachu_81.jpeg
[2021-12-24 11:49:56,144] {logging_mixin.py:104} INFO - pikachu_82.jpeg
[2021-12-24 11:49:56,160] {logging_mixin.py:104} INFO - pikachu_83.jpeg
[2021-12-24 11:49:56,161] {logging_mixin.py:104} INFO - pikachu_84.jpeg
[2021-12-24 11:49:56,175] {logging_mixin.py:104} INFO - pikachu_85.jpeg
[2021-12-24 11:49:56,191] {logging_mixin.py:104} INFO - pikachu_87.jpeg
[2021-12-24 11:49:56,198] {logging_mixin.py:104} INFO - pikachu_89.jpeg
[2021-12-24 11:49:56,199] {logging_mixin.py:104} INFO - pikachu_9.jpeg
[2021-12-24 11:49:56,211] {logging_mixin.py:104} INFO - pikachu_90.png
[2021-12-24 11:49:56,218] {logging_mixin.py:104} INFO - pikachu_91.jpeg
[2021-12-24 11:49:56,233] {logging_mixin.py:104} INFO - pikachu_92.jpeg
[2021-12-24 11:49:56,238] {logging_mixin.py:104} INFO - pikachu_93.png
[2021-12-24 11:49:56,246] {logging_mixin.py:104} INFO - pikachu_94.png
[2021-12-24 11:49:56,268] {logging_mixin.py:104} INFO - pikachu_95.jpeg
[2021-12-24 11:49:56,275] {logging_mixin.py:104} INFO - pikachu_96.jpeg
[2021-12-24 11:49:56,297] {logging_mixin.py:104} INFO - pikachu_97.jpeg
[2021-12-24 11:49:56,328] {logging_mixin.py:104} INFO - pikachu_98.jpeg
[2021-12-24 11:49:56,343] {logging_mixin.py:104} INFO - pikachu_99.jpeg
[2021-12-24 11:49:56,372] {logging_mixin.py:104} INFO - --------------ti-----------------------
[2021-12-24 11:49:56,388] {logging_mixin.py:104} INFO - <TaskInstance: classification.check_data_exist 2021-12-24T11:49:15.846684+00:00 [running]>
[2021-12-24 11:49:56,396] {logging_mixin.py:104} INFO - ------------------------------
[2021-12-24 11:49:56,694] {python.py:118} INFO - Done. Returned value was: load_data
[2021-12-24 11:49:56,703] {skipmixin.py:124} INFO - Following branch load_data
[2021-12-24 11:49:56,763] {skipmixin.py:155} INFO - Skipping tasks []
[2021-12-24 11:49:57,486] {taskinstance.py:1166} INFO - Marking task as SUCCESS. dag_id=classification, task_id=check_data_exist, execution_date=20211224T114915, start_date=20211224T114952, end_date=20211224T114957
[2021-12-24 11:49:57,888] {taskinstance.py:1220} INFO - 1 downstream tasks scheduled from follow-on schedule check
[2021-12-24 11:49:57,944] {local_task_job.py:146} INFO - Task exited with return code 0
