[2022-01-25 14:22:34,856] {taskinstance.py:851} INFO - Dependencies all met for <TaskInstance: classification.load_data 2022-01-25T14:22:18.546166+00:00 [queued]>
[2022-01-25 14:22:34,923] {taskinstance.py:851} INFO - Dependencies all met for <TaskInstance: classification.load_data 2022-01-25T14:22:18.546166+00:00 [queued]>
[2022-01-25 14:22:34,928] {taskinstance.py:1042} INFO - 
--------------------------------------------------------------------------------
[2022-01-25 14:22:34,929] {taskinstance.py:1043} INFO - Starting attempt 1 of 2
[2022-01-25 14:22:34,930] {taskinstance.py:1044} INFO - 
--------------------------------------------------------------------------------
[2022-01-25 14:22:34,987] {taskinstance.py:1063} INFO - Executing <Task(PythonOperator): load_data> on 2022-01-25T14:22:18.546166+00:00
[2022-01-25 14:22:35,006] {standard_task_runner.py:52} INFO - Started process 1535 to run task
[2022-01-25 14:22:35,016] {standard_task_runner.py:76} INFO - Running: ['airflow', 'tasks', 'run', 'classification', 'load_data', '2022-01-25T14:22:18.546166+00:00', '--job-id', '173', '--pool', 'default_pool', '--raw', '--subdir', 'DAGS_FOLDER/classification.py', '--cfg-path', '/tmp/tmpryq57_g1', '--error-file', '/tmp/tmphkc0czev']
[2022-01-25 14:22:35,032] {standard_task_runner.py:77} INFO - Job 173: Subtask load_data
[2022-01-25 14:22:35,201] {logging_mixin.py:104} INFO - Running <TaskInstance: classification.load_data 2022-01-25T14:22:18.546166+00:00 [running]> on host 42ecca77b6ba
[2022-01-25 14:22:35,430] {taskinstance.py:1257} INFO - Exporting the following env vars:
AIRFLOW_CTX_DAG_OWNER=airflow
AIRFLOW_CTX_DAG_ID=classification
AIRFLOW_CTX_TASK_ID=load_data
AIRFLOW_CTX_EXECUTION_DATE=2022-01-25T14:22:18.546166+00:00
AIRFLOW_CTX_DAG_RUN_ID=manual__2022-01-25T14:22:18.546166+00:00
[2022-01-25 14:23:16,727] {python.py:118} INFO - Done. Returned value was: None
[2022-01-25 14:23:16,746] {taskinstance.py:1166} INFO - Marking task as SUCCESS. dag_id=classification, task_id=load_data, execution_date=20220125T142218, start_date=20220125T142234, end_date=20220125T142316
[2022-01-25 14:23:16,787] {taskinstance.py:1220} INFO - 1 downstream tasks scheduled from follow-on schedule check
[2022-01-25 14:23:16,822] {local_task_job.py:146} INFO - Task exited with return code 0
