[2022-01-25 14:22:25,424] {taskinstance.py:851} INFO - Dependencies all met for <TaskInstance: classification.check_data_exist 2022-01-25T14:22:18.546166+00:00 [queued]>
[2022-01-25 14:22:25,443] {taskinstance.py:851} INFO - Dependencies all met for <TaskInstance: classification.check_data_exist 2022-01-25T14:22:18.546166+00:00 [queued]>
[2022-01-25 14:22:25,443] {taskinstance.py:1042} INFO - 
--------------------------------------------------------------------------------
[2022-01-25 14:22:25,444] {taskinstance.py:1043} INFO - Starting attempt 1 of 2
[2022-01-25 14:22:25,445] {taskinstance.py:1044} INFO - 
--------------------------------------------------------------------------------
[2022-01-25 14:22:25,466] {taskinstance.py:1063} INFO - Executing <Task(BranchPythonOperator): check_data_exist> on 2022-01-25T14:22:18.546166+00:00
[2022-01-25 14:22:25,472] {standard_task_runner.py:52} INFO - Started process 1533 to run task
[2022-01-25 14:22:25,478] {standard_task_runner.py:76} INFO - Running: ['airflow', 'tasks', 'run', 'classification', 'check_data_exist', '2022-01-25T14:22:18.546166+00:00', '--job-id', '172', '--pool', 'default_pool', '--raw', '--subdir', 'DAGS_FOLDER/classification.py', '--cfg-path', '/tmp/tmpkoatb2m7', '--error-file', '/tmp/tmpr6xefqzt']
[2022-01-25 14:22:25,483] {standard_task_runner.py:77} INFO - Job 172: Subtask check_data_exist
[2022-01-25 14:22:25,535] {logging_mixin.py:104} INFO - Running <TaskInstance: classification.check_data_exist 2022-01-25T14:22:18.546166+00:00 [running]> on host 42ecca77b6ba
[2022-01-25 14:22:25,594] {taskinstance.py:1257} INFO - Exporting the following env vars:
AIRFLOW_CTX_DAG_OWNER=airflow
AIRFLOW_CTX_DAG_ID=classification
AIRFLOW_CTX_TASK_ID=check_data_exist
AIRFLOW_CTX_EXECUTION_DATE=2022-01-25T14:22:18.546166+00:00
AIRFLOW_CTX_DAG_RUN_ID=manual__2022-01-25T14:22:18.546166+00:00
[2022-01-25 14:22:25,658] {logging_mixin.py:104} INFO - bulbasaur_10.jpeg
[2022-01-25 14:22:25,659] {logging_mixin.py:104} INFO - bulbasaur_11.jpeg
[2022-01-25 14:22:25,659] {logging_mixin.py:104} INFO - bulbasaur_12.png
[2022-01-25 14:22:25,659] {logging_mixin.py:104} INFO - bulbasaur_13.png
[2022-01-25 14:22:25,660] {logging_mixin.py:104} INFO - bulbasaur_14.png
[2022-01-25 14:22:25,660] {logging_mixin.py:104} INFO - bulbasaur_15.jpeg
[2022-01-25 14:22:25,660] {logging_mixin.py:104} INFO - bulbasaur_16.png
[2022-01-25 14:22:25,660] {logging_mixin.py:104} INFO - bulbasaur_17.jpeg
[2022-01-25 14:22:25,661] {logging_mixin.py:104} INFO - bulbasaur_18.png
[2022-01-25 14:22:25,661] {logging_mixin.py:104} INFO - bulbasaur_19.png
[2022-01-25 14:22:25,661] {logging_mixin.py:104} INFO - bulbasaur_20.png
[2022-01-25 14:22:25,661] {logging_mixin.py:104} INFO - bulbasaur_21.png
[2022-01-25 14:22:25,661] {logging_mixin.py:104} INFO - bulbasaur_22.jpeg
[2022-01-25 14:22:25,662] {logging_mixin.py:104} INFO - bulbasaur_23.png
[2022-01-25 14:22:25,662] {logging_mixin.py:104} INFO - bulbasaur_24.jpeg
[2022-01-25 14:22:25,662] {logging_mixin.py:104} INFO - bulbasaur_25.jpeg
[2022-01-25 14:22:25,662] {logging_mixin.py:104} INFO - bulbasaur_26.jpeg
[2022-01-25 14:22:25,663] {logging_mixin.py:104} INFO - bulbasaur_27.png
[2022-01-25 14:22:25,663] {logging_mixin.py:104} INFO - bulbasaur_28.png
[2022-01-25 14:22:25,663] {logging_mixin.py:104} INFO - bulbasaur_29.jpeg
[2022-01-25 14:22:25,663] {logging_mixin.py:104} INFO - bulbasaur_3.png
[2022-01-25 14:22:25,663] {logging_mixin.py:104} INFO - bulbasaur_30.jpeg
[2022-01-25 14:22:25,664] {logging_mixin.py:104} INFO - bulbasaur_31.jpeg
[2022-01-25 14:22:25,664] {logging_mixin.py:104} INFO - bulbasaur_32.png
[2022-01-25 14:22:25,664] {logging_mixin.py:104} INFO - bulbasaur_33.png
[2022-01-25 14:22:25,664] {logging_mixin.py:104} INFO - bulbasaur_34.jpeg
[2022-01-25 14:22:25,665] {logging_mixin.py:104} INFO - bulbasaur_35.png
[2022-01-25 14:22:25,665] {logging_mixin.py:104} INFO - bulbasaur_36.jpeg
[2022-01-25 14:22:25,665] {logging_mixin.py:104} INFO - bulbasaur_37.jpeg
[2022-01-25 14:22:25,665] {logging_mixin.py:104} INFO - bulbasaur_38.png
[2022-01-25 14:22:25,666] {logging_mixin.py:104} INFO - bulbasaur_39.jpeg
[2022-01-25 14:22:25,666] {logging_mixin.py:104} INFO - bulbasaur_4.png
[2022-01-25 14:22:25,666] {logging_mixin.py:104} INFO - bulbasaur_40.png
[2022-01-25 14:22:25,666] {logging_mixin.py:104} INFO - bulbasaur_41.jpeg
[2022-01-25 14:22:25,667] {logging_mixin.py:104} INFO - bulbasaur_42.jpeg
[2022-01-25 14:22:25,667] {logging_mixin.py:104} INFO - bulbasaur_43.jpeg
[2022-01-25 14:22:25,667] {logging_mixin.py:104} INFO - bulbasaur_44.png
[2022-01-25 14:22:25,667] {logging_mixin.py:104} INFO - bulbasaur_45.jpeg
[2022-01-25 14:22:25,668] {logging_mixin.py:104} INFO - bulbasaur_46.png
[2022-01-25 14:22:25,668] {logging_mixin.py:104} INFO - bulbasaur_47.jpeg
[2022-01-25 14:22:25,668] {logging_mixin.py:104} INFO - bulbasaur_48.jpeg
[2022-01-25 14:22:25,668] {logging_mixin.py:104} INFO - bulbasaur_49.png
[2022-01-25 14:22:25,669] {logging_mixin.py:104} INFO - bulbasaur_5.jpeg
[2022-01-25 14:22:25,669] {logging_mixin.py:104} INFO - bulbasaur_50.png
[2022-01-25 14:22:25,669] {logging_mixin.py:104} INFO - bulbasaur_51.jpeg
[2022-01-25 14:22:25,669] {logging_mixin.py:104} INFO - bulbasaur_52.png
[2022-01-25 14:22:25,669] {logging_mixin.py:104} INFO - bulbasaur_53.jpeg
[2022-01-25 14:22:25,670] {logging_mixin.py:104} INFO - bulbasaur_54.png
[2022-01-25 14:22:25,670] {logging_mixin.py:104} INFO - bulbasaur_56.png
[2022-01-25 14:22:25,670] {logging_mixin.py:104} INFO - bulbasaur_57.png
[2022-01-25 14:22:25,670] {logging_mixin.py:104} INFO - bulbasaur_58.png
[2022-01-25 14:22:25,671] {logging_mixin.py:104} INFO - bulbasaur_59.png
[2022-01-25 14:22:25,671] {logging_mixin.py:104} INFO - bulbasaur_6.jpeg
[2022-01-25 14:22:25,671] {logging_mixin.py:104} INFO - bulbasaur_61.png
[2022-01-25 14:22:25,671] {logging_mixin.py:104} INFO - bulbasaur_62.png
[2022-01-25 14:22:25,672] {logging_mixin.py:104} INFO - bulbasaur_63.jpeg
[2022-01-25 14:22:25,672] {logging_mixin.py:104} INFO - bulbasaur_64.jpeg
[2022-01-25 14:22:25,672] {logging_mixin.py:104} INFO - bulbasaur_65.jpeg
[2022-01-25 14:22:25,672] {logging_mixin.py:104} INFO - bulbasaur_66.jpeg
[2022-01-25 14:22:25,672] {logging_mixin.py:104} INFO - bulbasaur_67.png
[2022-01-25 14:22:25,673] {logging_mixin.py:104} INFO - bulbasaur_68.jpeg
[2022-01-25 14:22:25,673] {logging_mixin.py:104} INFO - bulbasaur_69.png
[2022-01-25 14:22:25,673] {logging_mixin.py:104} INFO - bulbasaur_7.jpeg
[2022-01-25 14:22:25,673] {logging_mixin.py:104} INFO - bulbasaur_70.png
[2022-01-25 14:22:25,674] {logging_mixin.py:104} INFO - bulbasaur_72.png
[2022-01-25 14:22:25,674] {logging_mixin.py:104} INFO - bulbasaur_73.png
[2022-01-25 14:22:25,675] {logging_mixin.py:104} INFO - bulbasaur_74.jpeg
[2022-01-25 14:22:25,675] {logging_mixin.py:104} INFO - bulbasaur_75.png
[2022-01-25 14:22:25,676] {logging_mixin.py:104} INFO - bulbasaur_76.jpeg
[2022-01-25 14:22:25,676] {logging_mixin.py:104} INFO - bulbasaur_77.jpeg
[2022-01-25 14:22:25,676] {logging_mixin.py:104} INFO - bulbasaur_78.jpeg
[2022-01-25 14:22:25,677] {logging_mixin.py:104} INFO - bulbasaur_79.jpeg
[2022-01-25 14:22:25,677] {logging_mixin.py:104} INFO - bulbasaur_8.png
[2022-01-25 14:22:25,677] {logging_mixin.py:104} INFO - bulbasaur_80.png
[2022-01-25 14:22:25,678] {logging_mixin.py:104} INFO - bulbasaur_81.jpeg
[2022-01-25 14:22:25,678] {logging_mixin.py:104} INFO - bulbasaur_82.png
[2022-01-25 14:22:25,678] {logging_mixin.py:104} INFO - bulbasaur_83.jpeg
[2022-01-25 14:22:25,679] {logging_mixin.py:104} INFO - bulbasaur_84.png
[2022-01-25 14:22:25,679] {logging_mixin.py:104} INFO - bulbasaur_85.png
[2022-01-25 14:22:25,679] {logging_mixin.py:104} INFO - bulbasaur_87.png
[2022-01-25 14:22:25,679] {logging_mixin.py:104} INFO - bulbasaur_88.jpeg
[2022-01-25 14:22:25,680] {logging_mixin.py:104} INFO - bulbasaur_89.jpeg
[2022-01-25 14:22:25,680] {logging_mixin.py:104} INFO - bulbasaur_9.png
[2022-01-25 14:22:25,680] {logging_mixin.py:104} INFO - bulbasaur_90.png
[2022-01-25 14:22:25,681] {logging_mixin.py:104} INFO - bulbasaur_91.jpeg
[2022-01-25 14:22:25,681] {logging_mixin.py:104} INFO - bulbasaur_92.jpeg
[2022-01-25 14:22:25,681] {logging_mixin.py:104} INFO - bulbasaur_93.jpeg
[2022-01-25 14:22:25,682] {logging_mixin.py:104} INFO - bulbasaur_94.jpeg
[2022-01-25 14:22:25,682] {logging_mixin.py:104} INFO - bulbasaur_96.jpeg
[2022-01-25 14:22:25,682] {logging_mixin.py:104} INFO - bulbasaur_97.png
[2022-01-25 14:22:25,682] {logging_mixin.py:104} INFO - bulbasaur_98.jpeg
[2022-01-25 14:22:25,683] {logging_mixin.py:104} INFO - bulbasaur_99.jpeg
[2022-01-25 14:22:25,683] {logging_mixin.py:104} INFO - charmander_0.jpeg
[2022-01-25 14:22:25,683] {logging_mixin.py:104} INFO - charmander_1.jpeg
[2022-01-25 14:22:25,683] {logging_mixin.py:104} INFO - charmander_10.jpeg
[2022-01-25 14:22:25,684] {logging_mixin.py:104} INFO - charmander_11.jpeg
[2022-01-25 14:22:25,684] {logging_mixin.py:104} INFO - charmander_2.png
[2022-01-25 14:22:25,684] {logging_mixin.py:104} INFO - charmander_3.jpeg
[2022-01-25 14:22:25,684] {logging_mixin.py:104} INFO - charmander_4.jpeg
[2022-01-25 14:22:25,685] {logging_mixin.py:104} INFO - charmander_5.jpeg
[2022-01-25 14:22:25,685] {logging_mixin.py:104} INFO - charmander_6.png
[2022-01-25 14:22:25,685] {logging_mixin.py:104} INFO - charmander_7.png
[2022-01-25 14:22:25,685] {logging_mixin.py:104} INFO - charmander_8.jpeg
[2022-01-25 14:22:25,686] {logging_mixin.py:104} INFO - charmander_9.png
[2022-01-25 14:22:25,686] {logging_mixin.py:104} INFO - pikachu_33.png
[2022-01-25 14:22:25,686] {logging_mixin.py:104} INFO - pikachu_34.png
[2022-01-25 14:22:25,686] {logging_mixin.py:104} INFO - pikachu_37.png
[2022-01-25 14:22:25,687] {logging_mixin.py:104} INFO - pikachu_41.png
[2022-01-25 14:22:25,687] {logging_mixin.py:104} INFO - pikachu_42.png
[2022-01-25 14:22:25,687] {logging_mixin.py:104} INFO - pikachu_43.jpeg
[2022-01-25 14:22:25,687] {logging_mixin.py:104} INFO - pikachu_46.jpeg
[2022-01-25 14:22:25,688] {logging_mixin.py:104} INFO - pikachu_47.png
[2022-01-25 14:22:25,688] {logging_mixin.py:104} INFO - pikachu_49.jpeg
[2022-01-25 14:22:25,688] {logging_mixin.py:104} INFO - pikachu_71.png
[2022-01-25 14:22:25,688] {logging_mixin.py:104} INFO - pikachu_72.jpeg
[2022-01-25 14:22:25,688] {logging_mixin.py:104} INFO - pikachu_76.jpeg
[2022-01-25 14:22:25,689] {logging_mixin.py:104} INFO - pikachu_78.jpeg
[2022-01-25 14:22:25,689] {logging_mixin.py:104} INFO - pikachu_91.jpeg
[2022-01-25 14:22:25,689] {logging_mixin.py:104} INFO - pikachu_93.jpeg
[2022-01-25 14:22:25,689] {logging_mixin.py:104} INFO - pikachu_99.jpeg
[2022-01-25 14:22:25,690] {logging_mixin.py:104} INFO - --------------ti-----------------------
[2022-01-25 14:22:25,690] {logging_mixin.py:104} INFO - <TaskInstance: classification.check_data_exist 2022-01-25T14:22:18.546166+00:00 [running]>
[2022-01-25 14:22:25,691] {logging_mixin.py:104} INFO - ------------------------------
[2022-01-25 14:22:25,753] {python.py:118} INFO - Done. Returned value was: load_data
[2022-01-25 14:22:25,754] {skipmixin.py:124} INFO - Following branch load_data
[2022-01-25 14:22:25,770] {skipmixin.py:155} INFO - Skipping tasks []
[2022-01-25 14:22:25,917] {taskinstance.py:1166} INFO - Marking task as SUCCESS. dag_id=classification, task_id=check_data_exist, execution_date=20220125T142218, start_date=20220125T142225, end_date=20220125T142225
[2022-01-25 14:22:26,083] {taskinstance.py:1220} INFO - 1 downstream tasks scheduled from follow-on schedule check
[2022-01-25 14:22:26,144] {local_task_job.py:146} INFO - Task exited with return code 0
