[2022-01-25 10:31:16,852] {taskinstance.py:851} INFO - Dependencies all met for <TaskInstance: classification.check_data_exist 2022-01-25T10:26:10.257136+00:00 [queued]>
[2022-01-25 10:31:16,879] {taskinstance.py:851} INFO - Dependencies all met for <TaskInstance: classification.check_data_exist 2022-01-25T10:26:10.257136+00:00 [queued]>
[2022-01-25 10:31:16,880] {taskinstance.py:1042} INFO - 
--------------------------------------------------------------------------------
[2022-01-25 10:31:16,880] {taskinstance.py:1043} INFO - Starting attempt 1 of 2
[2022-01-25 10:31:16,881] {taskinstance.py:1044} INFO - 
--------------------------------------------------------------------------------
[2022-01-25 10:31:16,930] {taskinstance.py:1063} INFO - Executing <Task(BranchPythonOperator): check_data_exist> on 2022-01-25T10:26:10.257136+00:00
[2022-01-25 10:31:16,954] {standard_task_runner.py:52} INFO - Started process 20847 to run task
[2022-01-25 10:31:16,970] {standard_task_runner.py:76} INFO - Running: ['airflow', 'tasks', 'run', 'classification', 'check_data_exist', '2022-01-25T10:26:10.257136+00:00', '--job-id', '76', '--pool', 'default_pool', '--raw', '--subdir', 'DAGS_FOLDER/classification.py', '--cfg-path', '/tmp/tmpxofy5wlx', '--error-file', '/tmp/tmpnqqbgaj9']
[2022-01-25 10:31:16,980] {standard_task_runner.py:77} INFO - Job 76: Subtask check_data_exist
[2022-01-25 10:31:17,113] {logging_mixin.py:104} INFO - Running <TaskInstance: classification.check_data_exist 2022-01-25T10:26:10.257136+00:00 [running]> on host 2dc98551bc76
[2022-01-25 10:31:17,248] {taskinstance.py:1257} INFO - Exporting the following env vars:
AIRFLOW_CTX_DAG_OWNER=airflow
AIRFLOW_CTX_DAG_ID=classification
AIRFLOW_CTX_TASK_ID=check_data_exist
AIRFLOW_CTX_EXECUTION_DATE=2022-01-25T10:26:10.257136+00:00
AIRFLOW_CTX_DAG_RUN_ID=scheduled__2022-01-25T10:26:10.257136+00:00
[2022-01-25 10:31:17,703] {logging_mixin.py:104} INFO - pikachu_629.png
[2022-01-25 10:31:17,703] {logging_mixin.py:104} INFO - pikachu_630.jpeg
[2022-01-25 10:31:17,704] {logging_mixin.py:104} INFO - pikachu_631.jpeg
[2022-01-25 10:31:17,704] {logging_mixin.py:104} INFO - pikachu_633.jpeg
[2022-01-25 10:31:17,705] {logging_mixin.py:104} INFO - pikachu_634.jpeg
[2022-01-25 10:31:17,705] {logging_mixin.py:104} INFO - pikachu_635.jpeg
[2022-01-25 10:31:17,706] {logging_mixin.py:104} INFO - pikachu_636.jpeg
[2022-01-25 10:31:17,707] {logging_mixin.py:104} INFO - pikachu_637.jpeg
[2022-01-25 10:31:17,707] {logging_mixin.py:104} INFO - pikachu_638.jpeg
[2022-01-25 10:31:17,708] {logging_mixin.py:104} INFO - pikachu_639.jpeg
[2022-01-25 10:31:17,708] {logging_mixin.py:104} INFO - pikachu_640.jpeg
[2022-01-25 10:31:17,709] {logging_mixin.py:104} INFO - pikachu_641.jpeg
[2022-01-25 10:31:17,709] {logging_mixin.py:104} INFO - pikachu_642.jpeg
[2022-01-25 10:31:17,710] {logging_mixin.py:104} INFO - pikachu_643.jpeg
[2022-01-25 10:31:17,710] {logging_mixin.py:104} INFO - pikachu_644.jpeg
[2022-01-25 10:31:17,711] {logging_mixin.py:104} INFO - pikachu_645.jpeg
[2022-01-25 10:31:17,711] {logging_mixin.py:104} INFO - pikachu_646.jpeg
[2022-01-25 10:31:17,712] {logging_mixin.py:104} INFO - pikachu_647.jpeg
[2022-01-25 10:31:17,730] {logging_mixin.py:104} INFO - pikachu_648.jpeg
[2022-01-25 10:31:17,738] {logging_mixin.py:104} INFO - pikachu_649.jpeg
[2022-01-25 10:31:17,748] {logging_mixin.py:104} INFO - pikachu_650.jpeg
[2022-01-25 10:31:17,754] {logging_mixin.py:104} INFO - pikachu_651.jpeg
[2022-01-25 10:31:17,755] {logging_mixin.py:104} INFO - pikachu_652.png
[2022-01-25 10:31:17,772] {logging_mixin.py:104} INFO - pikachu_653.jpeg
[2022-01-25 10:31:17,773] {logging_mixin.py:104} INFO - pikachu_654.jpeg
[2022-01-25 10:31:17,776] {logging_mixin.py:104} INFO - pikachu_655.jpeg
[2022-01-25 10:31:17,778] {logging_mixin.py:104} INFO - pikachu_657.jpeg
[2022-01-25 10:31:17,779] {logging_mixin.py:104} INFO - pikachu_658.jpeg
[2022-01-25 10:31:17,780] {logging_mixin.py:104} INFO - pikachu_659.png
[2022-01-25 10:31:17,780] {logging_mixin.py:104} INFO - pikachu_660.jpeg
[2022-01-25 10:31:17,784] {logging_mixin.py:104} INFO - pikachu_661.png
[2022-01-25 10:31:17,785] {logging_mixin.py:104} INFO - pikachu_662.png
[2022-01-25 10:31:17,788] {logging_mixin.py:104} INFO - pikachu_663.jpeg
[2022-01-25 10:31:17,789] {logging_mixin.py:104} INFO - pikachu_664.jpeg
[2022-01-25 10:31:17,789] {logging_mixin.py:104} INFO - pikachu_665.jpeg
[2022-01-25 10:31:17,790] {logging_mixin.py:104} INFO - pikachu_666.jpeg
[2022-01-25 10:31:17,792] {logging_mixin.py:104} INFO - pikachu_667.png
[2022-01-25 10:31:17,793] {logging_mixin.py:104} INFO - pikachu_668.jpeg
[2022-01-25 10:31:17,793] {logging_mixin.py:104} INFO - pikachu_669.jpeg
[2022-01-25 10:31:17,794] {logging_mixin.py:104} INFO - pikachu_670.jpeg
[2022-01-25 10:31:17,796] {logging_mixin.py:104} INFO - pikachu_671.jpeg
[2022-01-25 10:31:17,797] {logging_mixin.py:104} INFO - pikachu_672.jpeg
[2022-01-25 10:31:17,797] {logging_mixin.py:104} INFO - pikachu_673.png
[2022-01-25 10:31:17,798] {logging_mixin.py:104} INFO - pikachu_674.jpeg
[2022-01-25 10:31:17,798] {logging_mixin.py:104} INFO - pikachu_675.jpeg
[2022-01-25 10:31:17,800] {logging_mixin.py:104} INFO - pikachu_676.jpeg
[2022-01-25 10:31:17,801] {logging_mixin.py:104} INFO - pikachu_677.jpeg
[2022-01-25 10:31:17,801] {logging_mixin.py:104} INFO - pikachu_678.jpeg
[2022-01-25 10:31:17,802] {logging_mixin.py:104} INFO - pikachu_679.jpeg
[2022-01-25 10:31:17,802] {logging_mixin.py:104} INFO - pikachu_682.jpeg
[2022-01-25 10:31:17,803] {logging_mixin.py:104} INFO - pikachu_683.jpeg
[2022-01-25 10:31:17,803] {logging_mixin.py:104} INFO - pikachu_684.jpeg
[2022-01-25 10:31:17,804] {logging_mixin.py:104} INFO - pikachu_686.jpeg
[2022-01-25 10:31:17,804] {logging_mixin.py:104} INFO - pikachu_688.jpeg
[2022-01-25 10:31:17,805] {logging_mixin.py:104} INFO - pikachu_689.jpeg
[2022-01-25 10:31:17,805] {logging_mixin.py:104} INFO - pikachu_690.jpeg
[2022-01-25 10:31:17,806] {logging_mixin.py:104} INFO - pikachu_691.jpeg
[2022-01-25 10:31:17,806] {logging_mixin.py:104} INFO - pikachu_692.jpeg
[2022-01-25 10:31:17,807] {logging_mixin.py:104} INFO - pikachu_693.jpeg
[2022-01-25 10:31:17,807] {logging_mixin.py:104} INFO - pikachu_694.jpeg
[2022-01-25 10:31:17,807] {logging_mixin.py:104} INFO - pikachu_695.jpeg
[2022-01-25 10:31:17,808] {logging_mixin.py:104} INFO - pikachu_696.jpeg
[2022-01-25 10:31:17,808] {logging_mixin.py:104} INFO - pikachu_697.jpeg
[2022-01-25 10:31:17,809] {logging_mixin.py:104} INFO - pikachu_698.jpeg
[2022-01-25 10:31:17,810] {logging_mixin.py:104} INFO - pikachu_699.jpeg
[2022-01-25 10:31:17,811] {logging_mixin.py:104} INFO - pikachu_700.jpeg
[2022-01-25 10:31:17,811] {logging_mixin.py:104} INFO - pikachu_701.jpeg
[2022-01-25 10:31:17,812] {logging_mixin.py:104} INFO - pikachu_702.jpeg
[2022-01-25 10:31:17,812] {logging_mixin.py:104} INFO - pikachu_703.jpeg
[2022-01-25 10:31:17,813] {logging_mixin.py:104} INFO - pikachu_704.jpeg
[2022-01-25 10:31:17,814] {logging_mixin.py:104} INFO - pikachu_705.jpeg
[2022-01-25 10:31:17,814] {logging_mixin.py:104} INFO - pikachu_706.jpeg
[2022-01-25 10:31:17,815] {logging_mixin.py:104} INFO - pikachu_707.jpeg
[2022-01-25 10:31:17,816] {logging_mixin.py:104} INFO - pikachu_708.jpeg
[2022-01-25 10:31:17,816] {logging_mixin.py:104} INFO - pikachu_709.jpeg
[2022-01-25 10:31:17,817] {logging_mixin.py:104} INFO - pikachu_711.jpeg
[2022-01-25 10:31:17,818] {logging_mixin.py:104} INFO - pikachu_712.jpeg
[2022-01-25 10:31:17,819] {logging_mixin.py:104} INFO - pikachu_713.jpeg
[2022-01-25 10:31:17,819] {logging_mixin.py:104} INFO - pikachu_714.jpeg
[2022-01-25 10:31:17,820] {logging_mixin.py:104} INFO - pikachu_715.png
[2022-01-25 10:31:17,820] {logging_mixin.py:104} INFO - pikachu_716.jpeg
[2022-01-25 10:31:17,821] {logging_mixin.py:104} INFO - pikachu_717.jpeg
[2022-01-25 10:31:17,821] {logging_mixin.py:104} INFO - pikachu_718.jpeg
[2022-01-25 10:31:17,822] {logging_mixin.py:104} INFO - pikachu_719.jpeg
[2022-01-25 10:31:17,824] {logging_mixin.py:104} INFO - pikachu_720.jpeg
[2022-01-25 10:31:17,825] {logging_mixin.py:104} INFO - pikachu_721.jpeg
[2022-01-25 10:31:17,826] {logging_mixin.py:104} INFO - pikachu_722.jpeg
[2022-01-25 10:31:17,826] {logging_mixin.py:104} INFO - pikachu_723.jpeg
[2022-01-25 10:31:17,827] {logging_mixin.py:104} INFO - pikachu_724.png
[2022-01-25 10:31:17,827] {logging_mixin.py:104} INFO - pikachu_725.jpeg
[2022-01-25 10:31:17,828] {logging_mixin.py:104} INFO - pikachu_726.jpeg
[2022-01-25 10:31:17,828] {logging_mixin.py:104} INFO - pikachu_727.jpeg
[2022-01-25 10:31:17,828] {logging_mixin.py:104} INFO - pikachu_728.jpeg
[2022-01-25 10:31:17,829] {logging_mixin.py:104} INFO - pikachu_729.jpeg
[2022-01-25 10:31:17,829] {logging_mixin.py:104} INFO - pikachu_730.jpeg
[2022-01-25 10:31:17,830] {logging_mixin.py:104} INFO - pikachu_731.jpeg
[2022-01-25 10:31:17,830] {logging_mixin.py:104} INFO - pikachu_732.jpeg
[2022-01-25 10:31:17,831] {logging_mixin.py:104} INFO - pikachu_733.jpeg
[2022-01-25 10:31:17,831] {logging_mixin.py:104} INFO - pikachu_734.jpeg
[2022-01-25 10:31:17,832] {logging_mixin.py:104} INFO - pikachu_735.jpeg
[2022-01-25 10:31:17,832] {logging_mixin.py:104} INFO - pikachu_736.jpeg
[2022-01-25 10:31:17,833] {logging_mixin.py:104} INFO - pikachu_737.jpeg
[2022-01-25 10:31:17,833] {logging_mixin.py:104} INFO - pikachu_738.jpeg
[2022-01-25 10:31:17,833] {logging_mixin.py:104} INFO - pikachu_739.jpeg
[2022-01-25 10:31:17,834] {logging_mixin.py:104} INFO - pikachu_740.jpeg
[2022-01-25 10:31:17,834] {logging_mixin.py:104} INFO - pikachu_741.jpeg
[2022-01-25 10:31:17,835] {logging_mixin.py:104} INFO - pikachu_742.jpeg
[2022-01-25 10:31:17,835] {logging_mixin.py:104} INFO - pikachu_743.png
[2022-01-25 10:31:17,835] {logging_mixin.py:104} INFO - pikachu_744.jpeg
[2022-01-25 10:31:17,836] {logging_mixin.py:104} INFO - pikachu_745.jpeg
[2022-01-25 10:31:17,836] {logging_mixin.py:104} INFO - pikachu_746.jpeg
[2022-01-25 10:31:17,837] {logging_mixin.py:104} INFO - pikachu_747.jpeg
[2022-01-25 10:31:17,837] {logging_mixin.py:104} INFO - pikachu_748.jpeg
[2022-01-25 10:31:17,837] {logging_mixin.py:104} INFO - pikachu_749.jpeg
[2022-01-25 10:31:17,838] {logging_mixin.py:104} INFO - pikachu_750.jpeg
[2022-01-25 10:31:17,838] {logging_mixin.py:104} INFO - pikachu_751.jpeg
[2022-01-25 10:31:17,839] {logging_mixin.py:104} INFO - pikachu_752.jpeg
[2022-01-25 10:31:17,839] {logging_mixin.py:104} INFO - pikachu_753.jpeg
[2022-01-25 10:31:17,839] {logging_mixin.py:104} INFO - pikachu_754.png
[2022-01-25 10:31:17,840] {logging_mixin.py:104} INFO - pikachu_755.jpeg
[2022-01-25 10:31:17,840] {logging_mixin.py:104} INFO - pikachu_756.jpeg
[2022-01-25 10:31:17,841] {logging_mixin.py:104} INFO - pikachu_757.jpeg
[2022-01-25 10:31:17,841] {logging_mixin.py:104} INFO - pikachu_758.jpeg
[2022-01-25 10:31:17,842] {logging_mixin.py:104} INFO - pikachu_759.jpeg
[2022-01-25 10:31:17,842] {logging_mixin.py:104} INFO - pikachu_760.jpeg
[2022-01-25 10:31:17,842] {logging_mixin.py:104} INFO - pikachu_761.jpeg
[2022-01-25 10:31:17,843] {logging_mixin.py:104} INFO - pikachu_762.jpeg
[2022-01-25 10:31:17,844] {logging_mixin.py:104} INFO - pikachu_763.png
[2022-01-25 10:31:17,844] {logging_mixin.py:104} INFO - pikachu_764.jpeg
[2022-01-25 10:31:17,844] {logging_mixin.py:104} INFO - pikachu_765.png
[2022-01-25 10:31:17,845] {logging_mixin.py:104} INFO - pikachu_766.jpeg
[2022-01-25 10:31:17,845] {logging_mixin.py:104} INFO - pikachu_767.png
[2022-01-25 10:31:17,846] {logging_mixin.py:104} INFO - pikachu_768.jpeg
[2022-01-25 10:31:17,846] {logging_mixin.py:104} INFO - pikachu_769.jpeg
[2022-01-25 10:31:17,846] {logging_mixin.py:104} INFO - pikachu_771.jpeg
[2022-01-25 10:31:17,847] {logging_mixin.py:104} INFO - pikachu_773.png
[2022-01-25 10:31:17,847] {logging_mixin.py:104} INFO - pikachu_774.jpeg
[2022-01-25 10:31:17,848] {logging_mixin.py:104} INFO - pikachu_776.png
[2022-01-25 10:31:17,849] {logging_mixin.py:104} INFO - pikachu_777.jpeg
[2022-01-25 10:31:17,849] {logging_mixin.py:104} INFO - pikachu_778.jpeg
[2022-01-25 10:31:17,850] {logging_mixin.py:104} INFO - pikachu_779.jpeg
[2022-01-25 10:31:17,850] {logging_mixin.py:104} INFO - pikachu_780.jpeg
[2022-01-25 10:31:17,850] {logging_mixin.py:104} INFO - pikachu_782.jpeg
[2022-01-25 10:31:17,851] {logging_mixin.py:104} INFO - pikachu_783.jpeg
[2022-01-25 10:31:17,851] {logging_mixin.py:104} INFO - pikachu_784.jpeg
[2022-01-25 10:31:17,852] {logging_mixin.py:104} INFO - pikachu_785.jpeg
[2022-01-25 10:31:17,852] {logging_mixin.py:104} INFO - pikachu_786.jpeg
[2022-01-25 10:31:17,853] {logging_mixin.py:104} INFO - pikachu_787.jpeg
[2022-01-25 10:31:17,853] {logging_mixin.py:104} INFO - pikachu_788.jpeg
[2022-01-25 10:31:17,854] {logging_mixin.py:104} INFO - pikachu_789.jpeg
[2022-01-25 10:31:17,854] {logging_mixin.py:104} INFO - pikachu_790.jpeg
[2022-01-25 10:31:17,855] {logging_mixin.py:104} INFO - pikachu_791.jpeg
[2022-01-25 10:31:17,855] {logging_mixin.py:104} INFO - pikachu_792.jpeg
[2022-01-25 10:31:17,855] {logging_mixin.py:104} INFO - pikachu_793.jpeg
[2022-01-25 10:31:17,856] {logging_mixin.py:104} INFO - pikachu_795.jpeg
[2022-01-25 10:31:17,856] {logging_mixin.py:104} INFO - pikachu_796.jpeg
[2022-01-25 10:31:17,857] {logging_mixin.py:104} INFO - pikachu_797.jpeg
[2022-01-25 10:31:17,857] {logging_mixin.py:104} INFO - pikachu_798.jpeg
[2022-01-25 10:31:17,858] {logging_mixin.py:104} INFO - pikachu_799.jpeg
[2022-01-25 10:31:17,859] {logging_mixin.py:104} INFO - pikachu_800.jpeg
[2022-01-25 10:31:17,859] {logging_mixin.py:104} INFO - pikachu_801.png
[2022-01-25 10:31:17,860] {logging_mixin.py:104} INFO - pikachu_802.jpeg
[2022-01-25 10:31:17,861] {logging_mixin.py:104} INFO - pikachu_803.jpeg
[2022-01-25 10:31:17,862] {logging_mixin.py:104} INFO - pikachu_804.jpeg
[2022-01-25 10:31:17,862] {logging_mixin.py:104} INFO - pikachu_805.jpeg
[2022-01-25 10:31:17,863] {logging_mixin.py:104} INFO - pikachu_806.jpeg
[2022-01-25 10:31:17,863] {logging_mixin.py:104} INFO - pikachu_807.png
[2022-01-25 10:31:17,866] {logging_mixin.py:104} INFO - pikachu_808.jpeg
[2022-01-25 10:31:17,867] {logging_mixin.py:104} INFO - pikachu_809.jpeg
[2022-01-25 10:31:17,867] {logging_mixin.py:104} INFO - pikachu_811.jpeg
[2022-01-25 10:31:17,867] {logging_mixin.py:104} INFO - pikachu_812.jpeg
[2022-01-25 10:31:17,868] {logging_mixin.py:104} INFO - pikachu_814.jpeg
[2022-01-25 10:31:17,868] {logging_mixin.py:104} INFO - pikachu_815.jpeg
[2022-01-25 10:31:17,869] {logging_mixin.py:104} INFO - pikachu_816.jpeg
[2022-01-25 10:31:17,869] {logging_mixin.py:104} INFO - pikachu_817.jpeg
[2022-01-25 10:31:17,870] {logging_mixin.py:104} INFO - pikachu_818.png
[2022-01-25 10:31:17,870] {logging_mixin.py:104} INFO - pikachu_819.jpeg
[2022-01-25 10:31:17,871] {logging_mixin.py:104} INFO - pikachu_820.jpeg
[2022-01-25 10:31:17,872] {logging_mixin.py:104} INFO - pikachu_821.jpeg
[2022-01-25 10:31:17,872] {logging_mixin.py:104} INFO - pikachu_822.png
[2022-01-25 10:31:17,873] {logging_mixin.py:104} INFO - pikachu_823.jpeg
[2022-01-25 10:31:17,873] {logging_mixin.py:104} INFO - pikachu_824.jpeg
[2022-01-25 10:31:17,874] {logging_mixin.py:104} INFO - pikachu_825.jpeg
[2022-01-25 10:31:17,874] {logging_mixin.py:104} INFO - pikachu_826.png
[2022-01-25 10:31:17,875] {logging_mixin.py:104} INFO - pikachu_827.jpeg
[2022-01-25 10:31:17,875] {logging_mixin.py:104} INFO - pikachu_828.png
[2022-01-25 10:31:17,876] {logging_mixin.py:104} INFO - pikachu_829.jpeg
[2022-01-25 10:31:17,877] {logging_mixin.py:104} INFO - pikachu_830.png
[2022-01-25 10:31:17,878] {logging_mixin.py:104} INFO - pikachu_831.jpeg
[2022-01-25 10:31:17,879] {logging_mixin.py:104} INFO - pikachu_832.jpeg
[2022-01-25 10:31:17,879] {logging_mixin.py:104} INFO - pikachu_833.jpeg
[2022-01-25 10:31:17,880] {logging_mixin.py:104} INFO - pikachu_834.jpeg
[2022-01-25 10:31:17,880] {logging_mixin.py:104} INFO - pikachu_835.jpeg
[2022-01-25 10:31:17,881] {logging_mixin.py:104} INFO - pikachu_836.jpeg
[2022-01-25 10:31:17,881] {logging_mixin.py:104} INFO - pikachu_837.jpeg
[2022-01-25 10:31:17,881] {logging_mixin.py:104} INFO - pikachu_838.jpeg
[2022-01-25 10:31:17,882] {logging_mixin.py:104} INFO - pikachu_839.jpeg
[2022-01-25 10:31:17,882] {logging_mixin.py:104} INFO - pikachu_840.jpeg
[2022-01-25 10:31:17,883] {logging_mixin.py:104} INFO - pikachu_841.jpeg
[2022-01-25 10:31:17,883] {logging_mixin.py:104} INFO - pikachu_842.jpeg
[2022-01-25 10:31:17,884] {logging_mixin.py:104} INFO - pikachu_843.png
[2022-01-25 10:31:17,884] {logging_mixin.py:104} INFO - pikachu_845.jpeg
[2022-01-25 10:31:17,885] {logging_mixin.py:104} INFO - pikachu_846.jpeg
[2022-01-25 10:31:17,886] {logging_mixin.py:104} INFO - pikachu_847.jpeg
[2022-01-25 10:31:17,887] {logging_mixin.py:104} INFO - pikachu_848.jpeg
[2022-01-25 10:31:17,889] {logging_mixin.py:104} INFO - pikachu_849.png
[2022-01-25 10:31:17,889] {logging_mixin.py:104} INFO - pikachu_850.png
[2022-01-25 10:31:17,890] {logging_mixin.py:104} INFO - pikachu_851.jpeg
[2022-01-25 10:31:17,891] {logging_mixin.py:104} INFO - pikachu_852.jpeg
[2022-01-25 10:31:17,891] {logging_mixin.py:104} INFO - pikachu_853.jpeg
[2022-01-25 10:31:17,892] {logging_mixin.py:104} INFO - pikachu_854.jpeg
[2022-01-25 10:31:17,892] {logging_mixin.py:104} INFO - pikachu_855.jpeg
[2022-01-25 10:31:17,894] {logging_mixin.py:104} INFO - pikachu_856.jpeg
[2022-01-25 10:31:17,896] {logging_mixin.py:104} INFO - pikachu_857.jpeg
[2022-01-25 10:31:17,897] {logging_mixin.py:104} INFO - pikachu_858.jpeg
[2022-01-25 10:31:17,902] {logging_mixin.py:104} INFO - pikachu_859.jpeg
[2022-01-25 10:31:17,903] {logging_mixin.py:104} INFO - pikachu_860.jpeg
[2022-01-25 10:31:17,904] {logging_mixin.py:104} INFO - pikachu_861.jpeg
[2022-01-25 10:31:17,904] {logging_mixin.py:104} INFO - pikachu_862.jpeg
[2022-01-25 10:31:17,905] {logging_mixin.py:104} INFO - pikachu_863.png
[2022-01-25 10:31:17,906] {logging_mixin.py:104} INFO - pikachu_864.jpeg
[2022-01-25 10:31:17,910] {logging_mixin.py:104} INFO - pikachu_865.jpeg
[2022-01-25 10:31:17,911] {logging_mixin.py:104} INFO - pikachu_866.jpeg
[2022-01-25 10:31:17,911] {logging_mixin.py:104} INFO - pikachu_867.jpeg
[2022-01-25 10:31:17,912] {logging_mixin.py:104} INFO - pikachu_868.jpeg
[2022-01-25 10:31:17,913] {logging_mixin.py:104} INFO - pikachu_869.jpeg
[2022-01-25 10:31:17,913] {logging_mixin.py:104} INFO - pikachu_870.jpeg
[2022-01-25 10:31:17,914] {logging_mixin.py:104} INFO - pikachu_871.jpeg
[2022-01-25 10:31:17,914] {logging_mixin.py:104} INFO - pikachu_872.png
[2022-01-25 10:31:17,915] {logging_mixin.py:104} INFO - pikachu_873.jpeg
[2022-01-25 10:31:17,915] {logging_mixin.py:104} INFO - pikachu_874.jpeg
[2022-01-25 10:31:17,915] {logging_mixin.py:104} INFO - pikachu_875.png
[2022-01-25 10:31:17,916] {logging_mixin.py:104} INFO - pikachu_876.jpeg
[2022-01-25 10:31:17,916] {logging_mixin.py:104} INFO - pikachu_877.jpeg
[2022-01-25 10:31:17,917] {logging_mixin.py:104} INFO - pikachu_878.jpeg
[2022-01-25 10:31:17,917] {logging_mixin.py:104} INFO - pikachu_879.jpeg
[2022-01-25 10:31:17,918] {logging_mixin.py:104} INFO - pikachu_880.jpeg
[2022-01-25 10:31:17,918] {logging_mixin.py:104} INFO - pikachu_881.jpeg
[2022-01-25 10:31:17,919] {logging_mixin.py:104} INFO - pikachu_882.jpeg
[2022-01-25 10:31:17,919] {logging_mixin.py:104} INFO - pikachu_883.jpeg
[2022-01-25 10:31:17,919] {logging_mixin.py:104} INFO - pikachu_884.jpeg
[2022-01-25 10:31:17,920] {logging_mixin.py:104} INFO - pikachu_885.jpeg
[2022-01-25 10:31:17,921] {logging_mixin.py:104} INFO - pikachu_886.jpeg
[2022-01-25 10:31:17,921] {logging_mixin.py:104} INFO - pikachu_887.jpeg
[2022-01-25 10:31:17,922] {logging_mixin.py:104} INFO - pikachu_888.jpeg
[2022-01-25 10:31:17,922] {logging_mixin.py:104} INFO - pikachu_889.jpeg
[2022-01-25 10:31:17,922] {logging_mixin.py:104} INFO - pikachu_890.jpeg
[2022-01-25 10:31:17,923] {logging_mixin.py:104} INFO - pikachu_891.jpeg
[2022-01-25 10:31:17,923] {logging_mixin.py:104} INFO - pikachu_892.png
[2022-01-25 10:31:17,924] {logging_mixin.py:104} INFO - pikachu_893.jpeg
[2022-01-25 10:31:17,924] {logging_mixin.py:104} INFO - pikachu_894.jpeg
[2022-01-25 10:31:17,925] {logging_mixin.py:104} INFO - pikachu_895.jpeg
[2022-01-25 10:31:17,925] {logging_mixin.py:104} INFO - pikachu_896.jpeg
[2022-01-25 10:31:17,926] {logging_mixin.py:104} INFO - pikachu_897.jpeg
[2022-01-25 10:31:17,926] {logging_mixin.py:104} INFO - pikachu_898.jpeg
[2022-01-25 10:31:17,927] {logging_mixin.py:104} INFO - pikachu_899.jpeg
[2022-01-25 10:31:17,927] {logging_mixin.py:104} INFO - pikachu_900.jpeg
[2022-01-25 10:31:17,927] {logging_mixin.py:104} INFO - pikachu_901.png
[2022-01-25 10:31:17,928] {logging_mixin.py:104} INFO - pikachu_902.jpeg
[2022-01-25 10:31:17,928] {logging_mixin.py:104} INFO - pikachu_903.jpeg
[2022-01-25 10:31:17,928] {logging_mixin.py:104} INFO - pikachu_904.png
[2022-01-25 10:31:17,929] {logging_mixin.py:104} INFO - pikachu_905.jpeg
[2022-01-25 10:31:17,929] {logging_mixin.py:104} INFO - pikachu_906.jpeg
[2022-01-25 10:31:17,930] {logging_mixin.py:104} INFO - pikachu_907.jpeg
[2022-01-25 10:31:17,930] {logging_mixin.py:104} INFO - pikachu_908.jpeg
[2022-01-25 10:31:17,930] {logging_mixin.py:104} INFO - pikachu_909.png
[2022-01-25 10:31:17,931] {logging_mixin.py:104} INFO - pikachu_910.jpeg
[2022-01-25 10:31:17,931] {logging_mixin.py:104} INFO - pikachu_911.jpeg
[2022-01-25 10:31:17,931] {logging_mixin.py:104} INFO - pikachu_912.jpeg
[2022-01-25 10:31:17,932] {logging_mixin.py:104} INFO - pikachu_913.jpeg
[2022-01-25 10:31:17,932] {logging_mixin.py:104} INFO - pikachu_914.jpeg
[2022-01-25 10:31:17,932] {logging_mixin.py:104} INFO - pikachu_915.png
[2022-01-25 10:31:17,933] {logging_mixin.py:104} INFO - pikachu_917.png
[2022-01-25 10:31:17,933] {logging_mixin.py:104} INFO - pikachu_918.jpeg
[2022-01-25 10:31:17,934] {logging_mixin.py:104} INFO - pikachu_919.jpeg
[2022-01-25 10:31:17,934] {logging_mixin.py:104} INFO - pikachu_920.jpeg
[2022-01-25 10:31:17,935] {logging_mixin.py:104} INFO - pikachu_921.jpeg
[2022-01-25 10:31:17,935] {logging_mixin.py:104} INFO - pikachu_922.png
[2022-01-25 10:31:17,935] {logging_mixin.py:104} INFO - pikachu_923.jpeg
[2022-01-25 10:31:17,936] {logging_mixin.py:104} INFO - pikachu_924.jpeg
[2022-01-25 10:31:17,936] {logging_mixin.py:104} INFO - pikachu_925.jpeg
[2022-01-25 10:31:17,937] {logging_mixin.py:104} INFO - pikachu_926.jpeg
[2022-01-25 10:31:17,937] {logging_mixin.py:104} INFO - pikachu_927.jpeg
[2022-01-25 10:31:17,937] {logging_mixin.py:104} INFO - pikachu_928.jpeg
[2022-01-25 10:31:17,938] {logging_mixin.py:104} INFO - pikachu_930.jpeg
[2022-01-25 10:31:17,938] {logging_mixin.py:104} INFO - pikachu_931.jpeg
[2022-01-25 10:31:17,939] {logging_mixin.py:104} INFO - pikachu_932.png
[2022-01-25 10:31:17,939] {logging_mixin.py:104} INFO - pikachu_934.jpeg
[2022-01-25 10:31:17,940] {logging_mixin.py:104} INFO - pikachu_935.jpeg
[2022-01-25 10:31:17,940] {logging_mixin.py:104} INFO - pikachu_936.jpeg
[2022-01-25 10:31:17,941] {logging_mixin.py:104} INFO - pikachu_937.jpeg
[2022-01-25 10:31:17,942] {logging_mixin.py:104} INFO - pikachu_938.jpeg
[2022-01-25 10:31:17,942] {logging_mixin.py:104} INFO - pikachu_939.jpeg
[2022-01-25 10:31:17,943] {logging_mixin.py:104} INFO - pikachu_940.jpeg
[2022-01-25 10:31:17,943] {logging_mixin.py:104} INFO - pikachu_941.jpeg
[2022-01-25 10:31:17,944] {logging_mixin.py:104} INFO - pikachu_942.jpeg
[2022-01-25 10:31:17,945] {logging_mixin.py:104} INFO - pikachu_943.jpeg
[2022-01-25 10:31:17,946] {logging_mixin.py:104} INFO - pikachu_944.jpeg
[2022-01-25 10:31:17,946] {logging_mixin.py:104} INFO - pikachu_945.jpeg
[2022-01-25 10:31:17,947] {logging_mixin.py:104} INFO - pikachu_946.jpeg
[2022-01-25 10:31:17,947] {logging_mixin.py:104} INFO - pikachu_947.jpeg
[2022-01-25 10:31:17,947] {logging_mixin.py:104} INFO - pikachu_948.jpeg
[2022-01-25 10:31:17,949] {logging_mixin.py:104} INFO - pikachu_949.jpeg
[2022-01-25 10:31:17,950] {logging_mixin.py:104} INFO - pikachu_950.jpeg
[2022-01-25 10:31:17,950] {logging_mixin.py:104} INFO - pikachu_951.png
[2022-01-25 10:31:17,951] {logging_mixin.py:104} INFO - pikachu_952.png
[2022-01-25 10:31:17,951] {logging_mixin.py:104} INFO - pikachu_953.jpeg
[2022-01-25 10:31:17,952] {logging_mixin.py:104} INFO - pikachu_954.jpeg
[2022-01-25 10:31:17,952] {logging_mixin.py:104} INFO - pikachu_955.jpeg
[2022-01-25 10:31:17,953] {logging_mixin.py:104} INFO - pikachu_956.jpeg
[2022-01-25 10:31:17,953] {logging_mixin.py:104} INFO - pikachu_957.jpeg
[2022-01-25 10:31:17,954] {logging_mixin.py:104} INFO - pikachu_958.jpeg
[2022-01-25 10:31:17,954] {logging_mixin.py:104} INFO - pikachu_959.png
[2022-01-25 10:31:17,955] {logging_mixin.py:104} INFO - pikachu_960.jpeg
[2022-01-25 10:31:17,955] {logging_mixin.py:104} INFO - pikachu_961.jpeg
[2022-01-25 10:31:17,957] {logging_mixin.py:104} INFO - pikachu_962.jpeg
[2022-01-25 10:31:17,957] {logging_mixin.py:104} INFO - pikachu_963.jpeg
[2022-01-25 10:31:17,958] {logging_mixin.py:104} INFO - pikachu_964.jpeg
[2022-01-25 10:31:17,958] {logging_mixin.py:104} INFO - pikachu_965.jpeg
[2022-01-25 10:31:17,959] {logging_mixin.py:104} INFO - pikachu_966.png
[2022-01-25 10:31:17,959] {logging_mixin.py:104} INFO - pikachu_967.jpeg
[2022-01-25 10:31:17,960] {logging_mixin.py:104} INFO - pikachu_968.png
[2022-01-25 10:31:17,960] {logging_mixin.py:104} INFO - pikachu_969.jpeg
[2022-01-25 10:31:17,961] {logging_mixin.py:104} INFO - pikachu_970.png
[2022-01-25 10:31:17,961] {logging_mixin.py:104} INFO - pikachu_971.jpeg
[2022-01-25 10:31:17,962] {logging_mixin.py:104} INFO - pikachu_972.jpeg
[2022-01-25 10:31:17,962] {logging_mixin.py:104} INFO - pikachu_973.png
[2022-01-25 10:31:17,964] {logging_mixin.py:104} INFO - pikachu_974.jpeg
[2022-01-25 10:31:17,964] {logging_mixin.py:104} INFO - pikachu_975.jpeg
[2022-01-25 10:31:17,966] {logging_mixin.py:104} INFO - pikachu_976.jpeg
[2022-01-25 10:31:17,966] {logging_mixin.py:104} INFO - pikachu_977.png
[2022-01-25 10:31:17,967] {logging_mixin.py:104} INFO - pikachu_978.jpeg
[2022-01-25 10:31:17,970] {logging_mixin.py:104} INFO - pikachu_979.png
[2022-01-25 10:31:17,972] {logging_mixin.py:104} INFO - pikachu_980.png
[2022-01-25 10:31:17,973] {logging_mixin.py:104} INFO - pikachu_981.png
[2022-01-25 10:31:17,974] {logging_mixin.py:104} INFO - pikachu_982.png
[2022-01-25 10:31:17,975] {logging_mixin.py:104} INFO - pikachu_983.jpeg
[2022-01-25 10:31:17,975] {logging_mixin.py:104} INFO - pikachu_984.png
[2022-01-25 10:31:17,976] {logging_mixin.py:104} INFO - pikachu_985.png
[2022-01-25 10:31:17,977] {logging_mixin.py:104} INFO - pikachu_986.jpeg
[2022-01-25 10:31:17,977] {logging_mixin.py:104} INFO - pikachu_987.png
[2022-01-25 10:31:17,978] {logging_mixin.py:104} INFO - pikachu_988.jpeg
[2022-01-25 10:31:17,979] {logging_mixin.py:104} INFO - --------------ti-----------------------
[2022-01-25 10:31:17,979] {logging_mixin.py:104} INFO - <TaskInstance: classification.check_data_exist 2022-01-25T10:26:10.257136+00:00 [running]>
[2022-01-25 10:31:17,980] {logging_mixin.py:104} INFO - ------------------------------
[2022-01-25 10:31:18,018] {python.py:118} INFO - Done. Returned value was: load_data
[2022-01-25 10:31:18,021] {skipmixin.py:124} INFO - Following branch load_data
[2022-01-25 10:31:18,039] {skipmixin.py:155} INFO - Skipping tasks []
[2022-01-25 10:31:18,143] {taskinstance.py:1166} INFO - Marking task as SUCCESS. dag_id=classification, task_id=check_data_exist, execution_date=20220125T102610, start_date=20220125T103116, end_date=20220125T103118
[2022-01-25 10:31:18,219] {taskinstance.py:1220} INFO - 1 downstream tasks scheduled from follow-on schedule check
[2022-01-25 10:31:18,256] {local_task_job.py:146} INFO - Task exited with return code 0
