[2022-01-25 10:10:15,876] {taskinstance.py:851} INFO - Dependencies all met for <TaskInstance: classification.save_result 2022-01-25T10:09:03.899311+00:00 [queued]>
[2022-01-25 10:10:15,899] {taskinstance.py:851} INFO - Dependencies all met for <TaskInstance: classification.save_result 2022-01-25T10:09:03.899311+00:00 [queued]>
[2022-01-25 10:10:15,900] {taskinstance.py:1042} INFO - 
--------------------------------------------------------------------------------
[2022-01-25 10:10:15,900] {taskinstance.py:1043} INFO - Starting attempt 1 of 2
[2022-01-25 10:10:15,901] {taskinstance.py:1044} INFO - 
--------------------------------------------------------------------------------
[2022-01-25 10:10:15,921] {taskinstance.py:1063} INFO - Executing <Task(PythonOperator): save_result> on 2022-01-25T10:09:03.899311+00:00
[2022-01-25 10:10:15,931] {standard_task_runner.py:52} INFO - Started process 6199 to run task
[2022-01-25 10:10:15,939] {standard_task_runner.py:76} INFO - Running: ['airflow', 'tasks', 'run', 'classification', 'save_result', '2022-01-25T10:09:03.899311+00:00', '--job-id', '47', '--pool', 'default_pool', '--raw', '--subdir', 'DAGS_FOLDER/classification.py', '--cfg-path', '/tmp/tmpc_b7bkom', '--error-file', '/tmp/tmpax995lll']
[2022-01-25 10:10:15,947] {standard_task_runner.py:77} INFO - Job 47: Subtask save_result
[2022-01-25 10:10:16,005] {logging_mixin.py:104} INFO - Running <TaskInstance: classification.save_result 2022-01-25T10:09:03.899311+00:00 [running]> on host 2dc98551bc76
[2022-01-25 10:10:16,054] {taskinstance.py:1257} INFO - Exporting the following env vars:
AIRFLOW_CTX_DAG_OWNER=airflow
AIRFLOW_CTX_DAG_ID=classification
AIRFLOW_CTX_TASK_ID=save_result
AIRFLOW_CTX_EXECUTION_DATE=2022-01-25T10:09:03.899311+00:00
AIRFLOW_CTX_DAG_RUN_ID=manual__2022-01-25T10:09:03.899311+00:00
[2022-01-25 10:10:16,177] {logging_mixin.py:104} INFO - hello
[2022-01-25 10:11:11,540] {python.py:118} INFO - Done. Returned value was: None
[2022-01-25 10:11:11,564] {taskinstance.py:1166} INFO - Marking task as SUCCESS. dag_id=classification, task_id=save_result, execution_date=20220125T100903, start_date=20220125T101015, end_date=20220125T101111
[2022-01-25 10:11:11,627] {taskinstance.py:1220} INFO - 1 downstream tasks scheduled from follow-on schedule check
[2022-01-25 10:11:11,657] {local_task_job.py:146} INFO - Task exited with return code 0
