[2022-01-25 10:26:16,068] {taskinstance.py:851} INFO - Dependencies all met for <TaskInstance: classification.check_data_exist 2022-01-25T10:21:10.257136+00:00 [queued]>
[2022-01-25 10:26:16,086] {taskinstance.py:851} INFO - Dependencies all met for <TaskInstance: classification.check_data_exist 2022-01-25T10:21:10.257136+00:00 [queued]>
[2022-01-25 10:26:16,086] {taskinstance.py:1042} INFO - 
--------------------------------------------------------------------------------
[2022-01-25 10:26:16,087] {taskinstance.py:1043} INFO - Starting attempt 1 of 2
[2022-01-25 10:26:16,087] {taskinstance.py:1044} INFO - 
--------------------------------------------------------------------------------
[2022-01-25 10:26:16,122] {taskinstance.py:1063} INFO - Executing <Task(BranchPythonOperator): check_data_exist> on 2022-01-25T10:21:10.257136+00:00
[2022-01-25 10:26:16,132] {standard_task_runner.py:52} INFO - Started process 12835 to run task
[2022-01-25 10:26:16,139] {standard_task_runner.py:76} INFO - Running: ['airflow', 'tasks', 'run', 'classification', 'check_data_exist', '2022-01-25T10:21:10.257136+00:00', '--job-id', '68', '--pool', 'default_pool', '--raw', '--subdir', 'DAGS_FOLDER/classification.py', '--cfg-path', '/tmp/tmpawucf9l5', '--error-file', '/tmp/tmp7xgd3mjq']
[2022-01-25 10:26:16,148] {standard_task_runner.py:77} INFO - Job 68: Subtask check_data_exist
[2022-01-25 10:26:16,219] {logging_mixin.py:104} INFO - Running <TaskInstance: classification.check_data_exist 2022-01-25T10:21:10.257136+00:00 [running]> on host 2dc98551bc76
[2022-01-25 10:26:16,283] {taskinstance.py:1257} INFO - Exporting the following env vars:
AIRFLOW_CTX_DAG_OWNER=airflow
AIRFLOW_CTX_DAG_ID=classification
AIRFLOW_CTX_TASK_ID=check_data_exist
AIRFLOW_CTX_EXECUTION_DATE=2022-01-25T10:21:10.257136+00:00
AIRFLOW_CTX_DAG_RUN_ID=scheduled__2022-01-25T10:21:10.257136+00:00
[2022-01-25 10:26:16,422] {logging_mixin.py:104} INFO - pikachu_629.png
[2022-01-25 10:26:16,423] {logging_mixin.py:104} INFO - pikachu_630.jpeg
[2022-01-25 10:26:16,424] {logging_mixin.py:104} INFO - pikachu_631.jpeg
[2022-01-25 10:26:16,427] {logging_mixin.py:104} INFO - pikachu_633.jpeg
[2022-01-25 10:26:16,428] {logging_mixin.py:104} INFO - pikachu_634.jpeg
[2022-01-25 10:26:16,429] {logging_mixin.py:104} INFO - pikachu_635.jpeg
[2022-01-25 10:26:16,430] {logging_mixin.py:104} INFO - pikachu_636.jpeg
[2022-01-25 10:26:16,430] {logging_mixin.py:104} INFO - pikachu_637.jpeg
[2022-01-25 10:26:16,431] {logging_mixin.py:104} INFO - pikachu_638.jpeg
[2022-01-25 10:26:16,431] {logging_mixin.py:104} INFO - pikachu_639.jpeg
[2022-01-25 10:26:16,432] {logging_mixin.py:104} INFO - pikachu_640.jpeg
[2022-01-25 10:26:16,432] {logging_mixin.py:104} INFO - pikachu_641.jpeg
[2022-01-25 10:26:16,432] {logging_mixin.py:104} INFO - pikachu_642.jpeg
[2022-01-25 10:26:16,433] {logging_mixin.py:104} INFO - pikachu_643.jpeg
[2022-01-25 10:26:16,433] {logging_mixin.py:104} INFO - pikachu_644.jpeg
[2022-01-25 10:26:16,434] {logging_mixin.py:104} INFO - pikachu_645.jpeg
[2022-01-25 10:26:16,434] {logging_mixin.py:104} INFO - pikachu_646.jpeg
[2022-01-25 10:26:16,435] {logging_mixin.py:104} INFO - pikachu_647.jpeg
[2022-01-25 10:26:16,435] {logging_mixin.py:104} INFO - pikachu_648.jpeg
[2022-01-25 10:26:16,435] {logging_mixin.py:104} INFO - pikachu_649.jpeg
[2022-01-25 10:26:16,436] {logging_mixin.py:104} INFO - pikachu_650.jpeg
[2022-01-25 10:26:16,436] {logging_mixin.py:104} INFO - pikachu_651.jpeg
[2022-01-25 10:26:16,436] {logging_mixin.py:104} INFO - pikachu_652.png
[2022-01-25 10:26:16,437] {logging_mixin.py:104} INFO - pikachu_653.jpeg
[2022-01-25 10:26:16,437] {logging_mixin.py:104} INFO - pikachu_654.jpeg
[2022-01-25 10:26:16,438] {logging_mixin.py:104} INFO - pikachu_655.jpeg
[2022-01-25 10:26:16,438] {logging_mixin.py:104} INFO - pikachu_657.jpeg
[2022-01-25 10:26:16,439] {logging_mixin.py:104} INFO - pikachu_658.jpeg
[2022-01-25 10:26:16,440] {logging_mixin.py:104} INFO - pikachu_659.png
[2022-01-25 10:26:16,440] {logging_mixin.py:104} INFO - pikachu_660.jpeg
[2022-01-25 10:26:16,445] {logging_mixin.py:104} INFO - pikachu_661.png
[2022-01-25 10:26:16,446] {logging_mixin.py:104} INFO - pikachu_662.png
[2022-01-25 10:26:16,446] {logging_mixin.py:104} INFO - pikachu_663.jpeg
[2022-01-25 10:26:16,447] {logging_mixin.py:104} INFO - pikachu_664.jpeg
[2022-01-25 10:26:16,448] {logging_mixin.py:104} INFO - pikachu_665.jpeg
[2022-01-25 10:26:16,448] {logging_mixin.py:104} INFO - pikachu_666.jpeg
[2022-01-25 10:26:16,449] {logging_mixin.py:104} INFO - pikachu_667.png
[2022-01-25 10:26:16,449] {logging_mixin.py:104} INFO - pikachu_668.jpeg
[2022-01-25 10:26:16,450] {logging_mixin.py:104} INFO - pikachu_669.jpeg
[2022-01-25 10:26:16,451] {logging_mixin.py:104} INFO - pikachu_670.jpeg
[2022-01-25 10:26:16,451] {logging_mixin.py:104} INFO - pikachu_671.jpeg
[2022-01-25 10:26:16,452] {logging_mixin.py:104} INFO - pikachu_672.jpeg
[2022-01-25 10:26:16,452] {logging_mixin.py:104} INFO - pikachu_673.png
[2022-01-25 10:26:16,453] {logging_mixin.py:104} INFO - pikachu_674.jpeg
[2022-01-25 10:26:16,453] {logging_mixin.py:104} INFO - pikachu_675.jpeg
[2022-01-25 10:26:16,454] {logging_mixin.py:104} INFO - pikachu_676.jpeg
[2022-01-25 10:26:16,454] {logging_mixin.py:104} INFO - pikachu_677.jpeg
[2022-01-25 10:26:16,455] {logging_mixin.py:104} INFO - pikachu_678.jpeg
[2022-01-25 10:26:16,456] {logging_mixin.py:104} INFO - pikachu_679.jpeg
[2022-01-25 10:26:16,456] {logging_mixin.py:104} INFO - pikachu_682.jpeg
[2022-01-25 10:26:16,457] {logging_mixin.py:104} INFO - pikachu_683.jpeg
[2022-01-25 10:26:16,462] {logging_mixin.py:104} INFO - pikachu_684.jpeg
[2022-01-25 10:26:16,463] {logging_mixin.py:104} INFO - pikachu_686.jpeg
[2022-01-25 10:26:16,464] {logging_mixin.py:104} INFO - pikachu_688.jpeg
[2022-01-25 10:26:16,464] {logging_mixin.py:104} INFO - pikachu_689.jpeg
[2022-01-25 10:26:16,465] {logging_mixin.py:104} INFO - pikachu_690.jpeg
[2022-01-25 10:26:16,465] {logging_mixin.py:104} INFO - pikachu_691.jpeg
[2022-01-25 10:26:16,465] {logging_mixin.py:104} INFO - pikachu_692.jpeg
[2022-01-25 10:26:16,466] {logging_mixin.py:104} INFO - pikachu_693.jpeg
[2022-01-25 10:26:16,466] {logging_mixin.py:104} INFO - pikachu_694.jpeg
[2022-01-25 10:26:16,467] {logging_mixin.py:104} INFO - pikachu_695.jpeg
[2022-01-25 10:26:16,467] {logging_mixin.py:104} INFO - pikachu_696.jpeg
[2022-01-25 10:26:16,467] {logging_mixin.py:104} INFO - pikachu_697.jpeg
[2022-01-25 10:26:16,468] {logging_mixin.py:104} INFO - pikachu_698.jpeg
[2022-01-25 10:26:16,468] {logging_mixin.py:104} INFO - pikachu_699.jpeg
[2022-01-25 10:26:16,468] {logging_mixin.py:104} INFO - pikachu_700.jpeg
[2022-01-25 10:26:16,469] {logging_mixin.py:104} INFO - pikachu_701.jpeg
[2022-01-25 10:26:16,469] {logging_mixin.py:104} INFO - pikachu_702.jpeg
[2022-01-25 10:26:16,470] {logging_mixin.py:104} INFO - pikachu_703.jpeg
[2022-01-25 10:26:16,471] {logging_mixin.py:104} INFO - pikachu_704.jpeg
[2022-01-25 10:26:16,471] {logging_mixin.py:104} INFO - pikachu_705.jpeg
[2022-01-25 10:26:16,472] {logging_mixin.py:104} INFO - pikachu_706.jpeg
[2022-01-25 10:26:16,472] {logging_mixin.py:104} INFO - pikachu_707.jpeg
[2022-01-25 10:26:16,473] {logging_mixin.py:104} INFO - pikachu_708.jpeg
[2022-01-25 10:26:16,473] {logging_mixin.py:104} INFO - pikachu_709.jpeg
[2022-01-25 10:26:16,474] {logging_mixin.py:104} INFO - pikachu_711.jpeg
[2022-01-25 10:26:16,477] {logging_mixin.py:104} INFO - pikachu_712.jpeg
[2022-01-25 10:26:16,478] {logging_mixin.py:104} INFO - pikachu_713.jpeg
[2022-01-25 10:26:16,479] {logging_mixin.py:104} INFO - pikachu_714.jpeg
[2022-01-25 10:26:16,480] {logging_mixin.py:104} INFO - pikachu_715.png
[2022-01-25 10:26:16,481] {logging_mixin.py:104} INFO - pikachu_716.jpeg
[2022-01-25 10:26:16,481] {logging_mixin.py:104} INFO - pikachu_717.jpeg
[2022-01-25 10:26:16,482] {logging_mixin.py:104} INFO - pikachu_718.jpeg
[2022-01-25 10:26:16,482] {logging_mixin.py:104} INFO - pikachu_719.jpeg
[2022-01-25 10:26:16,483] {logging_mixin.py:104} INFO - pikachu_720.jpeg
[2022-01-25 10:26:16,484] {logging_mixin.py:104} INFO - pikachu_721.jpeg
[2022-01-25 10:26:16,484] {logging_mixin.py:104} INFO - pikachu_722.jpeg
[2022-01-25 10:26:16,485] {logging_mixin.py:104} INFO - pikachu_723.jpeg
[2022-01-25 10:26:16,485] {logging_mixin.py:104} INFO - pikachu_724.png
[2022-01-25 10:26:16,486] {logging_mixin.py:104} INFO - pikachu_725.jpeg
[2022-01-25 10:26:16,487] {logging_mixin.py:104} INFO - pikachu_726.jpeg
[2022-01-25 10:26:16,489] {logging_mixin.py:104} INFO - pikachu_727.jpeg
[2022-01-25 10:26:16,490] {logging_mixin.py:104} INFO - pikachu_728.jpeg
[2022-01-25 10:26:16,494] {logging_mixin.py:104} INFO - pikachu_729.jpeg
[2022-01-25 10:26:16,497] {logging_mixin.py:104} INFO - pikachu_730.jpeg
[2022-01-25 10:26:16,499] {logging_mixin.py:104} INFO - pikachu_731.jpeg
[2022-01-25 10:26:16,499] {logging_mixin.py:104} INFO - pikachu_732.jpeg
[2022-01-25 10:26:16,500] {logging_mixin.py:104} INFO - pikachu_733.jpeg
[2022-01-25 10:26:16,501] {logging_mixin.py:104} INFO - pikachu_734.jpeg
[2022-01-25 10:26:16,501] {logging_mixin.py:104} INFO - pikachu_735.jpeg
[2022-01-25 10:26:16,506] {logging_mixin.py:104} INFO - pikachu_736.jpeg
[2022-01-25 10:26:16,507] {logging_mixin.py:104} INFO - pikachu_737.jpeg
[2022-01-25 10:26:16,509] {logging_mixin.py:104} INFO - pikachu_738.jpeg
[2022-01-25 10:26:16,510] {logging_mixin.py:104} INFO - pikachu_739.jpeg
[2022-01-25 10:26:16,511] {logging_mixin.py:104} INFO - pikachu_740.jpeg
[2022-01-25 10:26:16,512] {logging_mixin.py:104} INFO - pikachu_741.jpeg
[2022-01-25 10:26:16,512] {logging_mixin.py:104} INFO - pikachu_742.jpeg
[2022-01-25 10:26:16,513] {logging_mixin.py:104} INFO - pikachu_743.png
[2022-01-25 10:26:16,514] {logging_mixin.py:104} INFO - pikachu_744.jpeg
[2022-01-25 10:26:16,514] {logging_mixin.py:104} INFO - pikachu_745.jpeg
[2022-01-25 10:26:16,515] {logging_mixin.py:104} INFO - pikachu_746.jpeg
[2022-01-25 10:26:16,515] {logging_mixin.py:104} INFO - pikachu_747.jpeg
[2022-01-25 10:26:16,515] {logging_mixin.py:104} INFO - pikachu_748.jpeg
[2022-01-25 10:26:16,516] {logging_mixin.py:104} INFO - pikachu_749.jpeg
[2022-01-25 10:26:16,516] {logging_mixin.py:104} INFO - pikachu_750.jpeg
[2022-01-25 10:26:16,517] {logging_mixin.py:104} INFO - pikachu_751.jpeg
[2022-01-25 10:26:16,517] {logging_mixin.py:104} INFO - pikachu_752.jpeg
[2022-01-25 10:26:16,518] {logging_mixin.py:104} INFO - pikachu_753.jpeg
[2022-01-25 10:26:16,518] {logging_mixin.py:104} INFO - pikachu_754.png
[2022-01-25 10:26:16,519] {logging_mixin.py:104} INFO - pikachu_755.jpeg
[2022-01-25 10:26:16,519] {logging_mixin.py:104} INFO - pikachu_756.jpeg
[2022-01-25 10:26:16,520] {logging_mixin.py:104} INFO - pikachu_757.jpeg
[2022-01-25 10:26:16,520] {logging_mixin.py:104} INFO - pikachu_758.jpeg
[2022-01-25 10:26:16,521] {logging_mixin.py:104} INFO - pikachu_759.jpeg
[2022-01-25 10:26:16,521] {logging_mixin.py:104} INFO - pikachu_760.jpeg
[2022-01-25 10:26:16,522] {logging_mixin.py:104} INFO - pikachu_761.jpeg
[2022-01-25 10:26:16,523] {logging_mixin.py:104} INFO - pikachu_762.jpeg
[2022-01-25 10:26:16,523] {logging_mixin.py:104} INFO - pikachu_763.png
[2022-01-25 10:26:16,527] {logging_mixin.py:104} INFO - pikachu_764.jpeg
[2022-01-25 10:26:16,528] {logging_mixin.py:104} INFO - pikachu_765.png
[2022-01-25 10:26:16,529] {logging_mixin.py:104} INFO - pikachu_766.jpeg
[2022-01-25 10:26:16,529] {logging_mixin.py:104} INFO - pikachu_767.png
[2022-01-25 10:26:16,530] {logging_mixin.py:104} INFO - pikachu_768.jpeg
[2022-01-25 10:26:16,531] {logging_mixin.py:104} INFO - pikachu_769.jpeg
[2022-01-25 10:26:16,531] {logging_mixin.py:104} INFO - pikachu_771.jpeg
[2022-01-25 10:26:16,532] {logging_mixin.py:104} INFO - pikachu_773.png
[2022-01-25 10:26:16,532] {logging_mixin.py:104} INFO - pikachu_774.jpeg
[2022-01-25 10:26:16,532] {logging_mixin.py:104} INFO - pikachu_776.png
[2022-01-25 10:26:16,533] {logging_mixin.py:104} INFO - pikachu_777.jpeg
[2022-01-25 10:26:16,534] {logging_mixin.py:104} INFO - pikachu_778.jpeg
[2022-01-25 10:26:16,534] {logging_mixin.py:104} INFO - pikachu_779.jpeg
[2022-01-25 10:26:16,535] {logging_mixin.py:104} INFO - pikachu_780.jpeg
[2022-01-25 10:26:16,535] {logging_mixin.py:104} INFO - pikachu_782.jpeg
[2022-01-25 10:26:16,536] {logging_mixin.py:104} INFO - pikachu_783.jpeg
[2022-01-25 10:26:16,536] {logging_mixin.py:104} INFO - pikachu_784.jpeg
[2022-01-25 10:26:16,537] {logging_mixin.py:104} INFO - pikachu_785.jpeg
[2022-01-25 10:26:16,538] {logging_mixin.py:104} INFO - pikachu_786.jpeg
[2022-01-25 10:26:16,538] {logging_mixin.py:104} INFO - pikachu_787.jpeg
[2022-01-25 10:26:16,539] {logging_mixin.py:104} INFO - pikachu_788.jpeg
[2022-01-25 10:26:16,539] {logging_mixin.py:104} INFO - pikachu_789.jpeg
[2022-01-25 10:26:16,540] {logging_mixin.py:104} INFO - pikachu_790.jpeg
[2022-01-25 10:26:16,540] {logging_mixin.py:104} INFO - pikachu_791.jpeg
[2022-01-25 10:26:16,540] {logging_mixin.py:104} INFO - pikachu_792.jpeg
[2022-01-25 10:26:16,544] {logging_mixin.py:104} INFO - pikachu_793.jpeg
[2022-01-25 10:26:16,545] {logging_mixin.py:104} INFO - pikachu_795.jpeg
[2022-01-25 10:26:16,546] {logging_mixin.py:104} INFO - pikachu_796.jpeg
[2022-01-25 10:26:16,546] {logging_mixin.py:104} INFO - pikachu_797.jpeg
[2022-01-25 10:26:16,547] {logging_mixin.py:104} INFO - pikachu_798.jpeg
[2022-01-25 10:26:16,547] {logging_mixin.py:104} INFO - pikachu_799.jpeg
[2022-01-25 10:26:16,548] {logging_mixin.py:104} INFO - pikachu_800.jpeg
[2022-01-25 10:26:16,548] {logging_mixin.py:104} INFO - pikachu_801.png
[2022-01-25 10:26:16,549] {logging_mixin.py:104} INFO - pikachu_802.jpeg
[2022-01-25 10:26:16,549] {logging_mixin.py:104} INFO - pikachu_803.jpeg
[2022-01-25 10:26:16,550] {logging_mixin.py:104} INFO - pikachu_804.jpeg
[2022-01-25 10:26:16,551] {logging_mixin.py:104} INFO - pikachu_805.jpeg
[2022-01-25 10:26:16,552] {logging_mixin.py:104} INFO - pikachu_806.jpeg
[2022-01-25 10:26:16,553] {logging_mixin.py:104} INFO - pikachu_807.png
[2022-01-25 10:26:16,553] {logging_mixin.py:104} INFO - pikachu_808.jpeg
[2022-01-25 10:26:16,554] {logging_mixin.py:104} INFO - pikachu_809.jpeg
[2022-01-25 10:26:16,554] {logging_mixin.py:104} INFO - pikachu_811.jpeg
[2022-01-25 10:26:16,555] {logging_mixin.py:104} INFO - pikachu_812.jpeg
[2022-01-25 10:26:16,555] {logging_mixin.py:104} INFO - pikachu_814.jpeg
[2022-01-25 10:26:16,556] {logging_mixin.py:104} INFO - pikachu_815.jpeg
[2022-01-25 10:26:16,556] {logging_mixin.py:104} INFO - pikachu_816.jpeg
[2022-01-25 10:26:16,557] {logging_mixin.py:104} INFO - pikachu_817.jpeg
[2022-01-25 10:26:16,557] {logging_mixin.py:104} INFO - pikachu_818.png
[2022-01-25 10:26:16,559] {logging_mixin.py:104} INFO - pikachu_819.jpeg
[2022-01-25 10:26:16,560] {logging_mixin.py:104} INFO - pikachu_820.jpeg
[2022-01-25 10:26:16,560] {logging_mixin.py:104} INFO - pikachu_821.jpeg
[2022-01-25 10:26:16,561] {logging_mixin.py:104} INFO - pikachu_822.png
[2022-01-25 10:26:16,562] {logging_mixin.py:104} INFO - pikachu_823.jpeg
[2022-01-25 10:26:16,562] {logging_mixin.py:104} INFO - pikachu_824.jpeg
[2022-01-25 10:26:16,563] {logging_mixin.py:104} INFO - pikachu_825.jpeg
[2022-01-25 10:26:16,563] {logging_mixin.py:104} INFO - pikachu_826.png
[2022-01-25 10:26:16,563] {logging_mixin.py:104} INFO - pikachu_827.jpeg
[2022-01-25 10:26:16,564] {logging_mixin.py:104} INFO - pikachu_828.png
[2022-01-25 10:26:16,564] {logging_mixin.py:104} INFO - pikachu_829.jpeg
[2022-01-25 10:26:16,565] {logging_mixin.py:104} INFO - pikachu_830.png
[2022-01-25 10:26:16,565] {logging_mixin.py:104} INFO - pikachu_831.jpeg
[2022-01-25 10:26:16,565] {logging_mixin.py:104} INFO - pikachu_832.jpeg
[2022-01-25 10:26:16,566] {logging_mixin.py:104} INFO - pikachu_833.jpeg
[2022-01-25 10:26:16,566] {logging_mixin.py:104} INFO - pikachu_834.jpeg
[2022-01-25 10:26:16,567] {logging_mixin.py:104} INFO - pikachu_835.jpeg
[2022-01-25 10:26:16,567] {logging_mixin.py:104} INFO - pikachu_836.jpeg
[2022-01-25 10:26:16,568] {logging_mixin.py:104} INFO - pikachu_837.jpeg
[2022-01-25 10:26:16,568] {logging_mixin.py:104} INFO - pikachu_838.jpeg
[2022-01-25 10:26:16,568] {logging_mixin.py:104} INFO - pikachu_839.jpeg
[2022-01-25 10:26:16,569] {logging_mixin.py:104} INFO - pikachu_840.jpeg
[2022-01-25 10:26:16,569] {logging_mixin.py:104} INFO - pikachu_841.jpeg
[2022-01-25 10:26:16,569] {logging_mixin.py:104} INFO - pikachu_842.jpeg
[2022-01-25 10:26:16,570] {logging_mixin.py:104} INFO - pikachu_843.png
[2022-01-25 10:26:16,570] {logging_mixin.py:104} INFO - pikachu_845.jpeg
[2022-01-25 10:26:16,570] {logging_mixin.py:104} INFO - pikachu_846.jpeg
[2022-01-25 10:26:16,571] {logging_mixin.py:104} INFO - pikachu_847.jpeg
[2022-01-25 10:26:16,571] {logging_mixin.py:104} INFO - pikachu_848.jpeg
[2022-01-25 10:26:16,571] {logging_mixin.py:104} INFO - pikachu_849.png
[2022-01-25 10:26:16,571] {logging_mixin.py:104} INFO - pikachu_850.png
[2022-01-25 10:26:16,572] {logging_mixin.py:104} INFO - pikachu_851.jpeg
[2022-01-25 10:26:16,572] {logging_mixin.py:104} INFO - pikachu_852.jpeg
[2022-01-25 10:26:16,572] {logging_mixin.py:104} INFO - pikachu_853.jpeg
[2022-01-25 10:26:16,573] {logging_mixin.py:104} INFO - pikachu_854.jpeg
[2022-01-25 10:26:16,573] {logging_mixin.py:104} INFO - pikachu_855.jpeg
[2022-01-25 10:26:16,573] {logging_mixin.py:104} INFO - pikachu_856.jpeg
[2022-01-25 10:26:16,574] {logging_mixin.py:104} INFO - pikachu_857.jpeg
[2022-01-25 10:26:16,575] {logging_mixin.py:104} INFO - pikachu_858.jpeg
[2022-01-25 10:26:16,576] {logging_mixin.py:104} INFO - --------------ti-----------------------
[2022-01-25 10:26:16,576] {logging_mixin.py:104} INFO - <TaskInstance: classification.check_data_exist 2022-01-25T10:21:10.257136+00:00 [running]>
[2022-01-25 10:26:16,577] {logging_mixin.py:104} INFO - ------------------------------
[2022-01-25 10:26:16,602] {python.py:118} INFO - Done. Returned value was: load_data
[2022-01-25 10:26:16,603] {skipmixin.py:124} INFO - Following branch load_data
[2022-01-25 10:26:16,614] {skipmixin.py:155} INFO - Skipping tasks []
[2022-01-25 10:26:16,700] {taskinstance.py:1166} INFO - Marking task as SUCCESS. dag_id=classification, task_id=check_data_exist, execution_date=20220125T102110, start_date=20220125T102616, end_date=20220125T102616
[2022-01-25 10:26:16,918] {taskinstance.py:1220} INFO - 1 downstream tasks scheduled from follow-on schedule check
[2022-01-25 10:26:17,087] {local_task_job.py:146} INFO - Task exited with return code 0
