[2022-01-25 10:02:48,322] {taskinstance.py:851} INFO - Dependencies all met for <TaskInstance: classification.delete_source_images 2022-01-25T09:56:10.257136+00:00 [queued]>
[2022-01-25 10:02:48,337] {taskinstance.py:851} INFO - Dependencies all met for <TaskInstance: classification.delete_source_images 2022-01-25T09:56:10.257136+00:00 [queued]>
[2022-01-25 10:02:48,338] {taskinstance.py:1042} INFO - 
--------------------------------------------------------------------------------
[2022-01-25 10:02:48,338] {taskinstance.py:1043} INFO - Starting attempt 1 of 2
[2022-01-25 10:02:48,339] {taskinstance.py:1044} INFO - 
--------------------------------------------------------------------------------
[2022-01-25 10:02:48,356] {taskinstance.py:1063} INFO - Executing <Task(PythonOperator): delete_source_images> on 2022-01-25T09:56:10.257136+00:00
[2022-01-25 10:02:48,363] {standard_task_runner.py:52} INFO - Started process 4629 to run task
[2022-01-25 10:02:48,369] {standard_task_runner.py:76} INFO - Running: ['airflow', 'tasks', 'run', 'classification', 'delete_source_images', '2022-01-25T09:56:10.257136+00:00', '--job-id', '43', '--pool', 'default_pool', '--raw', '--subdir', 'DAGS_FOLDER/classification.py', '--cfg-path', '/tmp/tmpaic6tosg', '--error-file', '/tmp/tmp4s93ak1f']
[2022-01-25 10:02:48,374] {standard_task_runner.py:77} INFO - Job 43: Subtask delete_source_images
[2022-01-25 10:02:48,421] {logging_mixin.py:104} INFO - Running <TaskInstance: classification.delete_source_images 2022-01-25T09:56:10.257136+00:00 [running]> on host 2dc98551bc76
[2022-01-25 10:02:48,467] {taskinstance.py:1257} INFO - Exporting the following env vars:
AIRFLOW_CTX_DAG_OWNER=airflow
AIRFLOW_CTX_DAG_ID=classification
AIRFLOW_CTX_TASK_ID=delete_source_images
AIRFLOW_CTX_EXECUTION_DATE=2022-01-25T09:56:10.257136+00:00
AIRFLOW_CTX_DAG_RUN_ID=scheduled__2022-01-25T09:56:10.257136+00:00
[2022-01-25 10:02:49,269] {python.py:118} INFO - Done. Returned value was: None
[2022-01-25 10:02:49,285] {taskinstance.py:1166} INFO - Marking task as SUCCESS. dag_id=classification, task_id=delete_source_images, execution_date=20220125T095610, start_date=20220125T100248, end_date=20220125T100249
[2022-01-25 10:02:49,407] {taskinstance.py:1220} INFO - 0 downstream tasks scheduled from follow-on schedule check
[2022-01-25 10:02:49,425] {local_task_job.py:146} INFO - Task exited with return code 0
