[2022-01-25 10:33:20,852] {taskinstance.py:851} INFO - Dependencies all met for <TaskInstance: classification.load_data 2022-01-25T10:33:04.756865+00:00 [queued]>
[2022-01-25 10:33:20,876] {taskinstance.py:851} INFO - Dependencies all met for <TaskInstance: classification.load_data 2022-01-25T10:33:04.756865+00:00 [queued]>
[2022-01-25 10:33:20,877] {taskinstance.py:1042} INFO - 
--------------------------------------------------------------------------------
[2022-01-25 10:33:20,877] {taskinstance.py:1043} INFO - Starting attempt 1 of 2
[2022-01-25 10:33:20,877] {taskinstance.py:1044} INFO - 
--------------------------------------------------------------------------------
[2022-01-25 10:33:20,891] {taskinstance.py:1063} INFO - Executing <Task(PythonOperator): load_data> on 2022-01-25T10:33:04.756865+00:00
[2022-01-25 10:33:20,900] {standard_task_runner.py:52} INFO - Started process 23589 to run task
[2022-01-25 10:33:20,905] {standard_task_runner.py:76} INFO - Running: ['airflow', 'tasks', 'run', 'classification', 'load_data', '2022-01-25T10:33:04.756865+00:00', '--job-id', '80', '--pool', 'default_pool', '--raw', '--subdir', 'DAGS_FOLDER/classification.py', '--cfg-path', '/tmp/tmpqli47iwb', '--error-file', '/tmp/tmpxj0_0npo']
[2022-01-25 10:33:20,912] {standard_task_runner.py:77} INFO - Job 80: Subtask load_data
[2022-01-25 10:33:20,966] {logging_mixin.py:104} INFO - Running <TaskInstance: classification.load_data 2022-01-25T10:33:04.756865+00:00 [running]> on host 2dc98551bc76
[2022-01-25 10:33:21,016] {taskinstance.py:1257} INFO - Exporting the following env vars:
AIRFLOW_CTX_DAG_OWNER=airflow
AIRFLOW_CTX_DAG_ID=classification
AIRFLOW_CTX_TASK_ID=load_data
AIRFLOW_CTX_EXECUTION_DATE=2022-01-25T10:33:04.756865+00:00
AIRFLOW_CTX_DAG_RUN_ID=manual__2022-01-25T10:33:04.756865+00:00
[2022-01-25 10:33:47,399] {python.py:118} INFO - Done. Returned value was: None
[2022-01-25 10:33:47,488] {taskinstance.py:1166} INFO - Marking task as SUCCESS. dag_id=classification, task_id=load_data, execution_date=20220125T103304, start_date=20220125T103320, end_date=20220125T103347
[2022-01-25 10:33:47,647] {taskinstance.py:1220} INFO - 1 downstream tasks scheduled from follow-on schedule check
[2022-01-25 10:33:47,679] {local_task_job.py:146} INFO - Task exited with return code 0
