[2022-01-25 11:54:01,540] {taskinstance.py:851} INFO - Dependencies all met for <TaskInstance: bing_image_download.bing_image_download 2022-01-25T11:43:45.898735+00:00 [queued]>
[2022-01-25 11:54:01,584] {taskinstance.py:851} INFO - Dependencies all met for <TaskInstance: bing_image_download.bing_image_download 2022-01-25T11:43:45.898735+00:00 [queued]>
[2022-01-25 11:54:01,585] {taskinstance.py:1042} INFO - 
--------------------------------------------------------------------------------
[2022-01-25 11:54:01,586] {taskinstance.py:1043} INFO - Starting attempt 2 of 2
[2022-01-25 11:54:01,586] {taskinstance.py:1044} INFO - 
--------------------------------------------------------------------------------
[2022-01-25 11:54:01,616] {taskinstance.py:1063} INFO - Executing <Task(PythonOperator): bing_image_download> on 2022-01-25T11:43:45.898735+00:00
[2022-01-25 11:54:01,625] {standard_task_runner.py:52} INFO - Started process 80 to run task
[2022-01-25 11:54:01,636] {standard_task_runner.py:76} INFO - Running: ['airflow', 'tasks', 'run', 'bing_image_download', 'bing_image_download', '2022-01-25T11:43:45.898735+00:00', '--job-id', '150', '--pool', 'default_pool', '--raw', '--subdir', 'DAGS_FOLDER/bing_image_download.py', '--cfg-path', '/tmp/tmp3sq__v8v', '--error-file', '/tmp/tmpqtv7e978']
[2022-01-25 11:54:01,637] {standard_task_runner.py:77} INFO - Job 150: Subtask bing_image_download
[2022-01-25 11:54:01,724] {logging_mixin.py:104} INFO - Running <TaskInstance: bing_image_download.bing_image_download 2022-01-25T11:43:45.898735+00:00 [running]> on host 05cddda723d4
[2022-01-25 11:54:01,790] {taskinstance.py:1257} INFO - Exporting the following env vars:
AIRFLOW_CTX_DAG_OWNER=airflow
AIRFLOW_CTX_DAG_ID=bing_image_download
AIRFLOW_CTX_TASK_ID=bing_image_download
AIRFLOW_CTX_EXECUTION_DATE=2022-01-25T11:43:45.898735+00:00
AIRFLOW_CTX_DAG_RUN_ID=scheduled__2022-01-25T11:43:45.898735+00:00
[2022-01-25 11:54:01,797] {logging_mixin.py:104} INFO - [INFO] searching Bing API for 'pikachu'
[2022-01-25 11:54:03,552] {logging_mixin.py:104} INFO - [INFO] 1000 total results for 'pikachu'
[2022-01-25 11:54:03,553] {logging_mixin.py:104} INFO - [INFO] making request for group 0-50 of 1000...
[2022-01-25 11:54:04,337] {logging_mixin.py:104} INFO - [INFO] saving images for group 0-50 of 1000...
[2022-01-25 11:54:04,337] {logging_mixin.py:104} INFO - [INFO] fetching: http://vignette3.wikia.nocookie.net/wii/images/7/77/Pikachu_SSB4.jpg/revision/latest?cb=20140210000421
[2022-01-25 11:54:06,109] {logging_mixin.py:104} INFO - [INFO] fetching: https://pngimg.com/uploads/pokemon/pokemon_PNG102.png
[2022-01-25 11:54:06,510] {logging_mixin.py:104} INFO - [INFO] fetching: https://pngimg.com/uploads/pokemon/pokemon_PNG16.png
[2022-01-25 11:54:06,951] {logging_mixin.py:104} INFO - [INFO] fetching: http://img4.wikia.nocookie.net/__cb20130114020548/projectcrusade/images/7/77/Pikachu.png
[2022-01-25 11:54:08,380] {logging_mixin.py:104} INFO - [INFO] fetching: https://pngimg.com/uploads/pokemon/pokemon_PNG93.png
[2022-01-25 11:54:08,694] {logging_mixin.py:104} INFO - [INFO] fetching: https://pngimg.com/uploads/pokemon/pokemon_PNG42.png
[2022-01-25 11:54:09,327] {logging_mixin.py:104} INFO - [INFO] fetching: https://pngimg.com/uploads/pokemon/pokemon_PNG104.png
[2022-01-25 11:54:09,635] {logging_mixin.py:104} INFO - [INFO] fetching: http://2.bp.blogspot.com/-EHYbTpQLsmM/TyVRPH5RMGI/AAAAAAAAAb0/M7hnCPo5i20/w1200-h630-p-k-no-nu/pikachu.jpg
[2022-01-25 11:54:09,940] {logging_mixin.py:104} INFO - [INFO] fetching: https://img2.cgtrader.com/items/768075/a6212ac1a3/pokemon-pikachu-3d-model-low-poly-rigged.jpg
[2022-01-25 11:54:10,285] {logging_mixin.py:104} INFO - [INFO] fetching: http://clipartmag.com/image/pikachu-images-for-drawing-29.png
[2022-01-25 11:54:11,589] {logging_mixin.py:104} INFO - [INFO] fetching: https://images-wixmp-ed30a86b8c4ca887773594c2.wixmp.com/f/25247b92-6844-4fef-8ed8-5055cc35bf58/dd18tmd-d30941e9-a135-4565-ba5f-ac90be835d62.png/v1/fill/w_958,h_834,strp/pikachu_run_render_by_nintega_dario_dd18tmd-pre.png?token=eyJ0eXAiOiJKV1QiLCJhbGciOiJIUzI1NiJ9.eyJzdWIiOiJ1cm46YXBwOjdlMGQxODg5ODIyNjQzNzNhNWYwZDQxNWVhMGQyNmUwIiwiaXNzIjoidXJuOmFwcDo3ZTBkMTg4OTgyMjY0MzczYTVmMGQ0MTVlYTBkMjZlMCIsIm9iaiI6W1t7ImhlaWdodCI6Ijw9MTc1MCIsInBhdGgiOiJcL2ZcLzI1MjQ3YjkyLTY4NDQtNGZlZi04ZWQ4LTUwNTVjYzM1YmY1OFwvZGQxOHRtZC1kMzA5NDFlOS1hMTM1LTQ1NjUtYmE1Zi1hYzkwYmU4MzVkNjIucG5nIiwid2lkdGgiOiI8PTIwMTAifV1dLCJhdWQiOlsidXJuOnNlcnZpY2U6aW1hZ2Uub3BlcmF0aW9ucyJdfQ.pq9b6WZU8vHbWtw8DC3WwZi3p6WYzSD7f0YKTUaru2g
[2022-01-25 11:54:12,097] {logging_mixin.py:104} INFO - [INFO] fetching: https://pngimg.com/uploads/pokemon/pokemon_PNG148.png
[2022-01-25 11:54:12,937] {logging_mixin.py:104} INFO - [INFO] fetching: https://images.coplusk.net/project_images/171187/image/full_2014-04-08-200747-Pikachu.jpg
[2022-01-25 11:54:15,953] {logging_mixin.py:104} INFO - [INFO] fetching: https://superawesomevectors.com/wp-content/uploads/2017/05/pikachu-pokemon-vector-thumb.jpg
[2022-01-25 11:54:17,005] {logging_mixin.py:104} INFO - [INFO-DEL] deleting: /opt/airflow/dags/images/pikachu_13.jpeg
[2022-01-25 11:54:17,007] {logging_mixin.py:104} INFO - [INFO] fetching: https://clipground.com/images/cute-pikachu-png-7.jpg
[2022-01-25 11:54:33,382] {logging_mixin.py:104} INFO - [INFO-DEL] deleting: /opt/airflow/dags/images/pikachu_14.jpeg
[2022-01-25 11:54:33,384] {logging_mixin.py:104} INFO - [INFO] fetching: https://c.shld.net/rpx/i/s/i/spin/10032562/prod_12349903012??hei=64&wid=64&qlt=50
[2022-01-25 11:54:34,599] {logging_mixin.py:104} INFO - [INFO] fetching: https://whirli-production-images.s3.eu-west-2.amazonaws.com/products/Lr/LrcCPnZmqYVehvSs10IyF0eZrvHX6VUt1AUj8Z1M.jpg
[2022-01-25 11:54:36,152] {logging_mixin.py:104} INFO - [INFO] fetching: https://gamepress.gg/pokemongo/sites/pokemongo/files/2020-06/600px-025Pikachu-Libre.png
[2022-01-25 11:54:36,419] {logging_mixin.py:104} INFO - [INFO] fetching: https://www.pngall.com/wp-content/uploads/5/Pokemon-Pikachu-PNG-Picture.png
[2022-01-25 11:54:39,895] {logging_mixin.py:104} INFO - [INFO] fetching: https://webstockreview.net/images/pikachu-clipart-pikachu-tail-10.png
[2022-01-25 11:54:42,287] {logging_mixin.py:104} INFO - [INFO] fetching: https://images-wixmp-ed30a86b8c4ca887773594c2.wixmp.com/f/4f6bf5b3-c9b6-44c2-ab80-06e3ea80d511/dca37p4-e992703b-3518-475a-a3bd-bc2831f13e7b.png?token=eyJ0eXAiOiJKV1QiLCJhbGciOiJIUzI1NiJ9.eyJzdWIiOiJ1cm46YXBwOiIsImlzcyI6InVybjphcHA6Iiwib2JqIjpbW3sicGF0aCI6IlwvZlwvNGY2YmY1YjMtYzliNi00NGMyLWFiODAtMDZlM2VhODBkNTExXC9kY2EzN3A0LWU5OTI3MDNiLTM1MTgtNDc1YS1hM2JkLWJjMjgzMWYxM2U3Yi5wbmcifV1dLCJhdWQiOlsidXJuOnNlcnZpY2U6ZmlsZS5kb3dubG9hZCJdfQ.BgM4bC-lqNizie8fhV-EnS5hLNCPn5y8iROlzXNAdk4
[2022-01-25 11:54:44,015] {logging_mixin.py:104} INFO - [INFO] fetching: https://art.ngfiles.com/thumbnails/788000/788269_full.png?f1547671168
[2022-01-25 11:54:46,719] {logging_mixin.py:104} INFO - [INFO] fetching: https://pngimg.com/uploads/pokemon/pokemon_PNG103.png
[2022-01-25 11:54:47,312] {logging_mixin.py:104} INFO - [INFO] fetching: https://images-wixmp-ed30a86b8c4ca887773594c2.wixmp.com/f/c5bbbf70-cfca-4aeb-892b-6ac8c54fb175/ddbr84t-d0753923-bc99-4919-8bb6-2121149399d7.png/v1/fill/w_956,h_836,strp/pikachu_libre_render_by_vexikku_ddbr84t-pre.png?token=eyJ0eXAiOiJKV1QiLCJhbGciOiJIUzI1NiJ9.eyJzdWIiOiJ1cm46YXBwOjdlMGQxODg5ODIyNjQzNzNhNWYwZDQxNWVhMGQyNmUwIiwiaXNzIjoidXJuOmFwcDo3ZTBkMTg4OTgyMjY0MzczYTVmMGQ0MTVlYTBkMjZlMCIsIm9iaiI6W1t7ImhlaWdodCI6Ijw9MzUwMCIsInBhdGgiOiJcL2ZcL2M1YmJiZjcwLWNmY2EtNGFlYi04OTJiLTZhYzhjNTRmYjE3NVwvZGRicjg0dC1kMDc1MzkyMy1iYzk5LTQ5MTktOGJiNi0yMTIxMTQ5Mzk5ZDcucG5nIiwid2lkdGgiOiI8PTQwMDAifV1dLCJhdWQiOlsidXJuOnNlcnZpY2U6aW1hZ2Uub3BlcmF0aW9ucyJdfQ.SCZGQ24m5GxrmvuwHJ6Em8lOGDWKTpacKjSjkkFMbCs
[2022-01-25 11:54:48,591] {logging_mixin.py:104} INFO - [INFO] fetching: http://1.bp.blogspot.com/-abBmZroOWLE/VI1OaUQRSVI/AAAAAAAAHag/BUaUVdHh1Ak/s1600/Pikachu_Vector.png
[2022-01-25 11:54:48,936] {logging_mixin.py:104} INFO - [INFO] fetching: http://oyster.ignimgs.com/mediawiki/apis.ign.com/pokken-tournament/b/b0/Detail-pikachu.png
[2022-01-25 11:54:49,612] {logging_mixin.py:104} INFO - [INFO] fetching: https://scale.coolshop-cdn.com/product-media.coolshop-cdn.com/234K5Z/023172b404f648afad160d1bbb97f05a.jpg/f/pokemon-pikachu-xl-lamp-mdieotbbn11356.jpg?borderless=1&width=1920
[2022-01-25 11:54:49,961] {logging_mixin.py:104} INFO - [INFO] fetching: https://images-cdn.9gag.com/photo/3008608_700b_v1.jpg
[2022-01-25 11:54:50,167] {logging_mixin.py:104} INFO - [INFO] fetching: https://avatarfiles.alphacoders.com/186/186851.jpg
[2022-01-25 11:54:50,588] {logging_mixin.py:104} INFO - [INFO] fetching: https://graphictide.com/images/shop/hover/307_pikachu-candy.png
[2022-01-25 11:54:53,058] {logging_mixin.py:104} INFO - [INFO] fetching: https://reliccastle.com/data/avatars/o/0/519.jpg?1497908869
[2022-01-25 11:54:54,610] {logging_mixin.py:104} INFO - [INFO] fetching: https://www.svgfiles.us/wp-content/uploads/Pikachu-02-pokemon-svg-cut-file-free.jpg
[2022-01-25 11:54:55,398] {logging_mixin.py:104} INFO - [INFO] fetching: https://ph.portal-pokemon.com/upload/en/HelloPika.png
[2022-01-25 11:54:57,584] {logging_mixin.py:104} INFO - [INFO] fetching: https://images.nintendolife.com/4f14a50f60357/pikachu.original.jpg
[2022-01-25 11:54:57,816] {logging_mixin.py:104} INFO - [INFO] fetching: https://www.pinclipart.com/picdir/middle/522-5225314_transparent-detective-pikachu-png-clipart.png
[2022-01-25 11:55:21,040] {logging_mixin.py:104} INFO - [INFO] fetching: https://i.ytimg.com/vi/qvvDjWWSBxQ/maxresdefault.jpg
[2022-01-25 11:55:21,358] {logging_mixin.py:104} INFO - [INFO] fetching: https://www.starpng.com/public/uploads/preview/yellow-pikachu-face-tranaparent-png-image-101577092029pdlkipc9qy.jpg
[2022-01-25 11:55:23,025] {logging_mixin.py:104} INFO - [INFO] fetching: https://www.simplemost.com/wp-content/uploads/2016/09/519.png
[2022-01-25 11:55:25,216] {logging_mixin.py:104} INFO - [INFO] fetching: https://art.ngfiles.com/thumbnails/779000/779516_full.png?f1551419072
[2022-01-25 11:55:27,856] {logging_mixin.py:104} INFO - [INFO] fetching: http://cdn.shopify.com/s/files/1/0284/4907/9395/products/sticker_pikachu.jpg?v=1573513085
[2022-01-25 11:55:28,280] {logging_mixin.py:104} INFO - [INFO] fetching: https://assets1.ignimgs.com/2016/10/28/503eaea31a316jpeg-f9b106.jpg?width=1280
[2022-01-25 11:55:28,557] {logging_mixin.py:104} INFO - [INFO] fetching: https://static0.thegamerimages.com/wordpress/wp-content/uploads/2019/07/Detective-Pikachu.jpg
[2022-01-25 11:55:28,939] {logging_mixin.py:104} INFO - [INFO] fetching: https://media.pocketmonsters.net/imageboard/31/14561285150091.jpg
[2022-01-25 11:55:30,881] {logging_mixin.py:104} INFO - [INFO] fetching: https://i.somethingawful.com/u/petey/comedygoldmine/2009a/july/pikachu/Depressing_Drawers_.png
[2022-01-25 11:55:31,179] {logging_mixin.py:104} INFO - [INFO] fetching: http://www.baltana.com/files/wallpapers-14/Pikachu-Background-HD-Wallpapers-37641.jpg
[2022-01-25 11:55:36,559] {logging_mixin.py:104} INFO - [INFO] fetching: http://www.baltana.com/files/wallpapers-14/Pikachu-Widescreen-Wallpapers-37659.jpg
[2022-01-25 11:55:41,644] {logging_mixin.py:104} INFO - [INFO] fetching: http://themovieelite.com/wp-content/uploads/2019/05/https___blogs-images.forbes.com_olliebarder_files_2019_04_detective_pikachu_world-1200x675.jpg
[2022-01-25 11:55:43,324] {logging_mixin.py:104} INFO - [INFO] fetching: http://getwallpapers.com/wallpaper/full/1/2/5/318804.jpg
[2022-01-25 11:55:45,067] {logging_mixin.py:104} INFO - [INFO] fetching: https://media.gq.com/photos/5cd4490a1f8a4eff2ddda8e4/16:9/w_1280,c_limit/There-Could-Be-No-More-Perfect-Pikachu-Than-Ryan-Reynolds-gq.jpg?mbid=social_retweet
[2022-01-25 11:55:45,739] {logging_mixin.py:104} INFO - [INFO] fetching: https://geekologie.com/2019/03/25/alien-pikachu-3.jpg
[2022-01-25 11:55:48,267] {logging_mixin.py:104} INFO - [INFO] making request for group 50-100 of 1000...
[2022-01-25 11:55:49,765] {logging_mixin.py:104} INFO - [INFO] saving images for group 50-100 of 1000...
[2022-01-25 11:55:49,766] {logging_mixin.py:104} INFO - [INFO] fetching: https://s3.us-east-1.amazonaws.com/dexerto-assets-production-cbbdf288/uploads/2020/08/26080403/ashs-pikachu-on-verge-of-evolving-pokemon-journeys-23-years-franchise-icon.jpg
[2022-01-25 11:55:53,962] {logging_mixin.py:104} INFO - [INFO] fetching: https://images-wixmp-ed30a86b8c4ca887773594c2.wixmp.com/f/93abed28-db9e-4018-aee8-6c817a5863b9/dbsqkhl-bc627623-0eed-4727-a573-b7f6cd48d992.png/v1/fill/w_800,h_855,strp/king_pikachu_by_kraus_illustration_dbsqkhl-fullview.png?token=eyJ0eXAiOiJKV1QiLCJhbGciOiJIUzI1NiJ9.eyJzdWIiOiJ1cm46YXBwOjdlMGQxODg5ODIyNjQzNzNhNWYwZDQxNWVhMGQyNmUwIiwiaXNzIjoidXJuOmFwcDo3ZTBkMTg4OTgyMjY0MzczYTVmMGQ0MTVlYTBkMjZlMCIsIm9iaiI6W1t7ImhlaWdodCI6Ijw9ODU1IiwicGF0aCI6IlwvZlwvOTNhYmVkMjgtZGI5ZS00MDE4LWFlZTgtNmM4MTdhNTg2M2I5XC9kYnNxa2hsLWJjNjI3NjIzLTBlZWQtNDcyNy1hNTczLWI3ZjZjZDQ4ZDk5Mi5wbmciLCJ3aWR0aCI6Ijw9ODAwIn1dXSwiYXVkIjpbInVybjpzZXJ2aWNlOmltYWdlLm9wZXJhdGlvbnMiXX0.RBhJ-Eni5Fc_r-5ZBrMSXC8Z0aJvE6PrRT6HPGQehGM
[2022-01-25 11:55:54,546] {logging_mixin.py:104} INFO - [INFO] fetching: https://getwallpapers.com/wallpaper/full/4/9/a/400572.jpg
[2022-01-25 11:55:56,517] {logging_mixin.py:104} INFO - [INFO] fetching: https://yt3.ggpht.com/a/AATXAJznnOKPTmacMoV1l7l43kb4YaukGZH9ZSfeSw=s900-c-k-c0xffffffff-no-rj-mo
[2022-01-25 11:55:57,052] {logging_mixin.py:104} INFO - [INFO] fetching: https://webgames.host/uploads/2018/03/pikachu-bros.png
[2022-01-25 11:56:04,545] {logging_mixin.py:104} INFO - [INFO] fetching: https://vignette3.wikia.nocookie.net/pokemon/images/6/64/Spikey_Eared_Pichu.jpg/revision/latest/scale-to-width-down/2000?cb=20130129204810
[2022-01-25 11:56:07,189] {logging_mixin.py:104} INFO - [INFO] fetching: https://wallpapercave.com/wp/wp6346994.png
[2022-01-25 11:56:07,518] {logging_mixin.py:104} INFO - [INFO] fetching: https://c.shld.net/rpx/i/s/i/spin/10032562/prod_12349903012??hei=64&wid=64&qlt=50
[2022-01-25 11:56:08,949] {logging_mixin.py:104} INFO - [INFO] fetching: https://static0.thegamerimages.com/wordpress/wp-content/uploads/2020/02/pikachu-featured.jpg
[2022-01-25 11:56:09,252] {logging_mixin.py:104} INFO - [INFO] fetching: https://www.pinclipart.com/picdir/middle/522-5225314_transparent-detective-pikachu-png-clipart.png
[2022-01-25 11:56:34,332] {logging_mixin.py:104} INFO - [INFO] fetching: http://www.baltana.com/files/wallpapers-16/Pokemon-Detective-Pikachu-Background-Wallpaper-39818.jpg
[2022-01-25 11:56:39,141] {logging_mixin.py:104} INFO - [INFO] fetching: https://1.bp.blogspot.com/-Uknx6gietjA/T_RdnzTHJ0I/AAAAAAAAE3s/VsmPxC7Js3E/s1600/Pikachu+Pokemon+Wallpapers+2.jpg
[2022-01-25 11:56:39,803] {logging_mixin.py:104} INFO - [INFO] fetching: https://yt3.ggpht.com/a/AATXAJy5TUeCGX8BPUjyMlQh0S1vFu9-PQFNlxk2xQ=s900-c-k-c0xffffffff-no-rj-mo
[2022-01-25 11:56:40,582] {logging_mixin.py:104} INFO - [INFO] fetching: https://whirli-production-images.s3.eu-west-2.amazonaws.com/products/yZYb57lPl7/yb9jP0AWgj_pokemon-pikachu-medium.jpg
[2022-01-25 11:56:42,110] {logging_mixin.py:104} INFO - [INFO] fetching: https://i.etsystatic.com/8557472/r/il/1009f9/1677348229/il_fullxfull.1677348229_ogtm.jpg
[2022-01-25 11:56:43,170] {logging_mixin.py:104} INFO - [INFO] fetching: https://megamousearts.com/wp-content/uploads/2020/05/Anime-Pikachu.jpg
[2022-01-25 11:56:44,104] {logging_mixin.py:104} INFO - [INFO-DEL] deleting: /opt/airflow/dags/images/pikachu_65.jpeg
[2022-01-25 11:56:44,107] {logging_mixin.py:104} INFO - [INFO] fetching: https://www.kolpaper.com/wp-content/uploads/2020/04/Pikachu-Wallpaper-5.jpg
[2022-01-25 11:56:49,540] {logging_mixin.py:104} INFO - [INFO] fetching: https://s1.thcdn.com/productimg/1600/1600/11793129-3294591567198503.jpg
[2022-01-25 11:56:51,506] {logging_mixin.py:104} INFO - [INFO] fetching: https://assets1.ignimgs.com/2016/10/28/503eaea31a316jpeg-f9b106.jpg?width=1280
[2022-01-25 11:56:53,038] {logging_mixin.py:104} INFO - [INFO] fetching: https://static2.srcdn.com/wordpress/wp-content/uploads/2019/05/Detective-Pikachu-Pokemon-Red.jpg
[2022-01-25 11:56:54,060] {logging_mixin.py:104} INFO - [INFO] fetching: https://images.nintendolife.com/43ece59eb41ff/1280x720.jpg
[2022-01-25 11:56:55,089] {logging_mixin.py:104} INFO - [INFO] fetching: https://media.gq.com/photos/5cd448e6b41d094fd2cd74af/16:9/w_2560%2Cc_limit/There-Could-Be-No-More-Perfect-Pikachu-Than-Ryan-Reynolds-gq-1.jpg
[2022-01-25 11:56:56,624] {logging_mixin.py:104} INFO - [INFO] fetching: https://vignette.wikia.nocookie.net/obfcbt-wiki/images/2/21/Pikachucartoonbeatboxbattles.png/revision/latest?cb=20200527170448
[2022-01-25 11:56:59,270] {logging_mixin.py:104} INFO - [INFO] fetching: https://yt3.ggpht.com/a/AATXAJxWSkYcdzgaCCCeLyKiozmRwjzPpGyIH3dNHMM=s900-c-k-c0xffffffff-no-rj-mo
[2022-01-25 11:56:59,797] {logging_mixin.py:104} INFO - [INFO] fetching: https://www.denofgeek.com/wp-content/uploads/2018/01/pikachu_0.jpg?fit=1280%2C720
[2022-01-25 11:57:00,511] {logging_mixin.py:104} INFO - [INFO] fetching: https://static0.therichestimages.com/wordpress/wp-content/uploads/2017/12/Sad-Pikachu.jpg
[2022-01-25 11:57:00,784] {logging_mixin.py:104} INFO - [INFO] fetching: https://lh3.googleusercontent.com/-pjv4YgoL5UI/XyvtmAe7IAI/AAAAAAAAAyg/yw8CdJezZS8u3FPhLCORyjmOhb2HosoKACLcBGAsYHQ/s1600/1596714392572854-14.png
[2022-01-25 11:57:01,342] {logging_mixin.py:104} INFO - [INFO] fetching: https://media.pocketmonsters.net/imageboard/31/14561285150091.jpg
[2022-01-25 11:57:03,810] {logging_mixin.py:104} INFO - [INFO] fetching: http://img4.wikia.nocookie.net/__cb20130114020548/projectcrusade/images/7/77/Pikachu.png
[2022-01-25 11:57:05,061] {logging_mixin.py:104} INFO - [INFO] fetching: https://img1.cgtrader.com/items/2603799/0f31abff97/pikachu-avatar-3d-model-stl.jpg
[2022-01-25 11:57:05,884] {logging_mixin.py:104} INFO - [INFO] fetching: https://i.kinja-img.com/gawker-media/image/upload/s--7N2i0AxA--/c_fill,fl_progressive,g_center,h_900,q_80,w_1600/gvi8m4p95orhorwg0bpv.jpg
[2022-01-25 11:57:06,623] {logging_mixin.py:104} INFO - [INFO] fetching: https://static1.thegamerimages.com/wordpress/wp-content/uploads/2018/05/New-Pikachu-Evolution-Cover-Image.jpg
[2022-01-25 11:57:07,017] {logging_mixin.py:104} INFO - [INFO] fetching: https://static1.thegamerimages.com/wordpress/wp-content/uploads/2019/06/Shiny-Pikachu.jpg
[2022-01-25 11:57:07,446] {logging_mixin.py:104} INFO - [INFO] fetching: http://www.baltana.com/files/wallpapers-16/Pokemon-Detective-Pikachu-Movie-Desktop-Wallpaper-39833.jpg
[2022-01-25 11:57:10,283] {logging_mixin.py:104} INFO - [INFO] fetching: http://i.ytimg.com/vi/o4juhokUSDc/maxresdefault.jpg
[2022-01-25 11:57:10,535] {logging_mixin.py:104} INFO - [INFO] fetching: https://webgames.host/uploads/2018/09/super-pikachu.png
[2022-01-25 11:57:21,832] {logging_mixin.py:104} INFO - [INFO] fetching: https://hdwallsbox.com/wallpapers/l/1080x1920/65/pokemon-pikachu-1080x1920-64096.jpg
[2022-01-25 11:57:24,581] {logging_mixin.py:104} INFO - [INFO-DEL] deleting: /opt/airflow/dags/images/pikachu_86.jpeg
[2022-01-25 11:57:24,586] {logging_mixin.py:104} INFO - [INFO] fetching: https://yt3.ggpht.com/a-/AAuE7mA4QFZvuGbW5z7QHDyL7KACDGvO_ukJ4IEBKw=s900-mo-c-c0xffffffff-rj-k-no
[2022-01-25 11:57:26,610] {logging_mixin.py:104} INFO - [INFO] fetching: https://static0.thegamerimages.com/wordpress/wp-content/uploads/2020/10/0-Pikachu-Comics.jpg
[2022-01-25 11:57:28,349] {logging_mixin.py:104} INFO - [INFO] fetching: https://img2.cgtrader.com/items/2663418/5d0149e95e/pikachu-3d-model-obj-stl-blend-dae.jpg
[2022-01-25 11:57:30,450] {logging_mixin.py:104} INFO - [INFO] fetching: https://cdn4.dualshockers.com/wp-content/uploads/2013/08/pokemon-pikachu-hd.jpg
[2022-01-25 11:57:33,961] {logging_mixin.py:104} INFO - [INFO] fetching: https://heavy.com/wp-content/uploads/2017/08/screen-shot-2017-08-09-at-9-59-40-am-e1502287216960.png
[2022-01-25 11:57:34,710] {logging_mixin.py:104} INFO - [INFO] fetching: https://animetos.com/wp-content/uploads/2021/01/img_6054-scaled.jpg
[2022-01-25 11:57:40,292] {logging_mixin.py:104} INFO - [INFO] fetching: https://pngimg.com/uploads/pokemon/pokemon_PNG103.png
[2022-01-25 11:57:41,101] {logging_mixin.py:104} INFO - [INFO] fetching: https://appliquedesignz.com/image/cache/data/Pokemon_Pikachu_Applique_Design_590_0-1200x1200.jpg
[2022-01-25 11:57:42,134] {logging_mixin.py:104} INFO - [INFO-DEL] deleting: /opt/airflow/dags/images/pikachu_94.jpeg
[2022-01-25 11:57:42,141] {logging_mixin.py:104} INFO - [INFO] fetching: https://i.pinimg.com/736x/69/b4/86/69b4861c06c48e990fd225d75a8c4b73--pokemon.jpg
[2022-01-25 11:57:42,487] {logging_mixin.py:104} INFO - [INFO] fetching: https://img.rankedboost.com/wp-content/uploads/2016/03/pikachu.png
[2022-01-25 11:57:44,012] {logging_mixin.py:104} INFO - [INFO] fetching: https://webstockreview.net/images/pikachu-clipart-pikachu-tail-10.png
[2022-01-25 11:57:46,288] {logging_mixin.py:104} INFO - [INFO] fetching: https://www.pngall.com/wp-content/uploads/5/Pokemon-Pikachu-PNG-Picture.png
[2022-01-25 11:57:49,336] {logging_mixin.py:104} INFO - [INFO] fetching: https://d3ieicw58ybon5.cloudfront.net/ex/1200.630/20.119.632.332/u/69bd8a787a374c94830d9f9c87ead74d.jpg
[2022-01-25 11:57:49,593] {logging_mixin.py:104} INFO - [INFO] making request for group 100-150 of 1000...
[2022-01-25 11:57:51,308] {logging_mixin.py:104} INFO - [INFO] saving images for group 100-150 of 1000...
[2022-01-25 11:57:51,309] {logging_mixin.py:104} INFO - [INFO] fetching: https://external-preview.redd.it/21ByTbZ564IqVWGr2KS0p6W1t3n4iZ_kh1e6SHKAt4c.jpg?width=640&crop=smart&auto=webp&s=ba59c329ca91846b22a9d22d09641735e1b64867
[2022-01-25 11:57:51,656] {logging_mixin.py:104} INFO - [INFO] fetching: https://images-wixmp-ed30a86b8c4ca887773594c2.wixmp.com/f/8d248591-a877-4e56-894b-ffef8e95e7c3/dcro2ci-caf02fd4-cbc5-4303-bc12-99ab1d5f398f.png/v1/fill/w_1192,h_670,q_70,strp/pikachu__vector_version___pokemon__by_selflessdevotions_dcro2ci-pre.jpg?token=eyJ0eXAiOiJKV1QiLCJhbGciOiJIUzI1NiJ9.eyJzdWIiOiJ1cm46YXBwOjdlMGQxODg5ODIyNjQzNzNhNWYwZDQxNWVhMGQyNmUwIiwiaXNzIjoidXJuOmFwcDo3ZTBkMTg4OTgyMjY0MzczYTVmMGQ0MTVlYTBkMjZlMCIsIm9iaiI6W1t7ImhlaWdodCI6Ijw9MjE2MCIsInBhdGgiOiJcL2ZcLzhkMjQ4NTkxLWE4NzctNGU1Ni04OTRiLWZmZWY4ZTk1ZTdjM1wvZGNybzJjaS1jYWYwMmZkNC1jYmM1LTQzMDMtYmMxMi05OWFiMWQ1ZjM5OGYucG5nIiwid2lkdGgiOiI8PTM4NDAifV1dLCJhdWQiOlsidXJuOnNlcnZpY2U6aW1hZ2Uub3BlcmF0aW9ucyJdfQ.AAHk6P7bTPwVwhu-br34JT_HwvOc2KwcsD_axSPFgh0
[2022-01-25 11:57:51,881] {logging_mixin.py:104} INFO - [INFO] fetching: http://2.bp.blogspot.com/-rKUXdF94RRo/TVR_QSPiwPI/AAAAAAAAAqA/VcHJWIeAkwU/w1200-h630-p-k-no-nu/Pikachu+IRL.jpg
[2022-01-25 11:57:52,360] {logging_mixin.py:104} INFO - [INFO] fetching: https://static1.srcdn.com/wordpress/wp-content/uploads/2019/05/Pokemon-Detective-Pikachu-Sequel.jpg
[2022-01-25 11:57:53,408] {logging_mixin.py:104} INFO - [INFO] fetching: https://www.pngall.com/wp-content/uploads/5/Pokemon-Pikachu-PNG-Picture.png
[2022-01-25 11:57:56,344] {logging_mixin.py:104} INFO - [INFO] fetching: https://i.kinja-img.com/gawker-media/image/upload/s--7N2i0AxA--/c_fill,fl_progressive,g_center,h_900,q_80,w_1600/gvi8m4p95orhorwg0bpv.jpg
[2022-01-25 11:57:56,932] {logging_mixin.py:104} INFO - [INFO] fetching: http://themovieelite.com/wp-content/uploads/2019/05/https___blogs-images.forbes.com_olliebarder_files_2019_04_detective_pikachu_world-1200x675.jpg
[2022-01-25 11:57:58,848] {logging_mixin.py:104} INFO - [INFO] fetching: https://www.codedyellow.com/wp-content/uploads/2021/07/Flying-Pikachu-Original-and-Celebrations.jpg
[2022-01-25 11:58:05,317] {logging_mixin.py:104} INFO - [INFO] fetching: https://static0.therichestimages.com/wordpress/wp-content/uploads/2017/12/Sad-Pikachu.jpg
[2022-01-25 11:58:05,632] {logging_mixin.py:104} INFO - [INFO] fetching: https://38.media.tumblr.com/tumblr_m1gn7df1061rrd376o1_500.gif
[2022-01-25 11:58:07,744] {logging_mixin.py:104} INFO - [INFO] fetching: https://getwallpapers.com/wallpaper/full/4/9/a/400572.jpg
[2022-01-25 11:58:09,773] {logging_mixin.py:104} INFO - [INFO] fetching: https://static3.gamerantimages.com/wordpress/wp-content/uploads/2021/01/SpecialPikachuHeader.jpg
[2022-01-25 11:58:10,887] {logging_mixin.py:104} INFO - [INFO] fetching: https://financerewind.com/wp-content/uploads/2020/08/Detective-Pikachu-2-02-2048x852.jpeg
[2022-01-25 11:58:13,178] {logging_mixin.py:104} INFO - [INFO] fetching: https://tahav.com/wp-content/uploads/2020/02/fat-pikachu-1207299-1280x0-1-1068x602.jpeg
[2022-01-25 11:58:19,473] {logging_mixin.py:104} INFO - [INFO] fetching: http://nerdreactor.com/wp-content/uploads/2019/05/Pokemon-Detective-Pikachu-dancing.jpg
[2022-01-25 11:58:22,318] {logging_mixin.py:104} INFO - [INFO] fetching: https://images-wixmp-ed30a86b8c4ca887773594c2.wixmp.com/f/03908dd4-e05b-4b72-9b47-810593ba9ed1/dc6tiet-2774188b-8df0-4e86-8a77-a4b8cf4ec4e3.png/v1/fill/w_1024,h_926,q_80,strp/sweet_pikachu_girl_by_jirachicute28_dc6tiet-fullview.jpg?token=eyJ0eXAiOiJKV1QiLCJhbGciOiJIUzI1NiJ9.eyJzdWIiOiJ1cm46YXBwOiIsImlzcyI6InVybjphcHA6Iiwib2JqIjpbW3siaGVpZ2h0IjoiPD05MjYiLCJwYXRoIjoiXC9mXC8wMzkwOGRkNC1lMDViLTRiNzItOWI0Ny04MTA1OTNiYTllZDFcL2RjNnRpZXQtMjc3NDE4OGItOGRmMC00ZTg2LThhNzctYTRiOGNmNGVjNGUzLnBuZyIsIndpZHRoIjoiPD0xMDI0In1dXSwiYXVkIjpbInVybjpzZXJ2aWNlOmltYWdlLm9wZXJhdGlvbnMiXX0.z-1x9uB3p7PhEfFQVqg-Rk3QPRHyosz8c19bCPSyjnU
[2022-01-25 11:58:23,650] {logging_mixin.py:104} INFO - [INFO] fetching: https://www.svgfiles.us/wp-content/uploads/Pikachu-02-pokemon-svg-cut-file-free.jpg
[2022-01-25 11:58:25,000] {logging_mixin.py:104} INFO - [INFO] fetching: http://wallpoper.com/images/00/37/70/48/pokemon-pikachu_00377048.jpg
[2022-01-25 11:58:26,041] {logging_mixin.py:104} INFO - [INFO-DEL] deleting: /opt/airflow/dags/images/pikachu_116.jpeg
[2022-01-25 11:58:26,044] {logging_mixin.py:104} INFO - [INFO] fetching: http://hdqwalls.com/wallpapers/pokemon-detective-pikachu-4k-art-aw.jpg
[2022-01-25 11:58:30,431] {logging_mixin.py:104} INFO - [INFO] fetching: https://c1-ebgames.eb-cdn.com.au/merchandising/images/packshots/f10ddd67223845fab1a47ad8e83370d0_Large.jpg
[2022-01-25 11:58:30,991] {logging_mixin.py:104} INFO - [INFO] fetching: https://66.media.tumblr.com/8551a313bcb84986d2c1c0cd8090934c/tumblr_oerk3rWdBC1vdu43lo1_1280.jpg
[2022-01-25 11:58:31,758] {logging_mixin.py:104} INFO - [INFO] fetching: https://i.ytimg.com/vi/mGQCU8ToW2U/hqdefault.jpg
[2022-01-25 11:58:32,012] {logging_mixin.py:104} INFO - [INFO] fetching: https://everythingisviral.com/wp-content/uploads/2020/11/surprised-pikachu-face.png
[2022-01-25 11:58:33,850] {logging_mixin.py:104} INFO - [INFO] fetching: https://static2.srcdn.com/wordpress/wp-content/uploads/2019/05/Pokemon-Detective-Pikachu-Post-credits-scene.jpg
[2022-01-25 11:58:34,210] {logging_mixin.py:104} INFO - [INFO] fetching: http://i.ytimg.com/vi/SHzl08jICtE/maxresdefault.jpg
[2022-01-25 11:58:34,399] {logging_mixin.py:104} INFO - [INFO] fetching: https://www.clipartkey.com/mpngs/m/25-259809_evolved-version-of-pikachu-pokemon-raichu.png
[2022-01-25 11:58:55,423] {logging_mixin.py:104} INFO - [INFO] fetching: https://static3.gamerantimages.com/wordpress/wp-content/uploads/detective-pikachu-poster.jpg
[2022-01-25 11:58:55,672] {logging_mixin.py:104} INFO - [INFO] fetching: https://art.ngfiles.com/thumbnails/754000/754777_full.png?f1551624567
[2022-01-25 11:58:57,289] {logging_mixin.py:104} INFO - [INFO] fetching: https://images.halloweencostumes.ca/products/66131/2-1-148198/pokemon-pikachu-headband-tail-kit-alt-1.jpg
[2022-01-25 11:58:58,901] {logging_mixin.py:104} INFO - [INFO] fetching: https://vamers.com/wp-content/uploads/2019/05/Vamers-Entertainment-Watch-Detective-Pikachu-online-for-free-Main-Banner.jpg
[2022-01-25 11:58:59,318] {logging_mixin.py:104} INFO - [INFO] fetching: https://media1.tenor.com/images/3aeee070fcbf08449c338079a390e06a/tenor.gif?itemid=18004245
[2022-01-25 11:59:00,882] {logging_mixin.py:104} INFO - [INFO] fetching: https://preview.redd.it/4vuo4ygo6fs11.jpg?auto=webp&s=e75b537c52ce49497f2b524cbc71c4608006416f
[2022-01-25 11:59:02,312] {logging_mixin.py:104} INFO - [INFO] fetching: https://webstockreview.net/images/pikachu-clipart-pikachu-tail.jpg
[2022-01-25 11:59:05,070] {logging_mixin.py:104} INFO - [INFO] fetching: https://yt3.ggpht.com/a/AGF-l79uh-5iB6JkspJEjauYlzWl9Dg2IdMX9Esi=s900-c-k-c0xffffffff-no-rj-mo
[2022-01-25 11:59:05,362] {logging_mixin.py:104} INFO - [INFO] fetching: http://24.media.tumblr.com/tumblr_m8t2h2lSjW1ralg88o1_500.gif
[2022-01-25 11:59:06,611] {logging_mixin.py:104} INFO - [INFO] fetching: https://preview.redd.it/i4nd556htwe31.jpg?auto=webp&s=1fce4d1963f7fcd79b84601045becb5ff7973fc3
[2022-01-25 11:59:07,735] {logging_mixin.py:104} INFO - [INFO] fetching: http://clipartmag.com/image/ash-and-pikachu-drawing-33.jpg
[2022-01-25 11:59:09,849] {logging_mixin.py:104} INFO - [INFO] fetching: https://i.ytimg.com/vi/AOcxWCh2yXE/hqdefault.jpg
[2022-01-25 11:59:10,199] {logging_mixin.py:104} INFO - [INFO] fetching: https://nintendosoup.com/wp-content/uploads/2020/01/Pikachad-1.jpg
[2022-01-25 11:59:12,346] {logging_mixin.py:104} INFO - [INFO] fetching: https://webgames.host/uploads/2018/09/super-pikachu.png
[2022-01-25 11:59:18,472] {local_task_job.py:188} WARNING - State of this instance has been externally set to failed. Terminating instance.
[2022-01-25 11:59:18,484] {process_utils.py:100} INFO - Sending Signals.SIGTERM to GPID 80
[2022-01-25 11:59:18,532] {taskinstance.py:1239} ERROR - Received SIGTERM. Terminating subprocesses.
[2022-01-25 11:59:18,533] {logging_mixin.py:104} INFO - [ERROR]:  Task received SIGTERM signal
[2022-01-25 11:59:18,541] {logging_mixin.py:104} INFO - [INFO] fetching: https://walyou.com/wp-content/uploads/2012/04/Pikachu-Monster-e1334877793186.jpg
[2022-01-25 11:59:19,086] {logging_mixin.py:104} INFO - [INFO] fetching: https://www.feriafriki.cl/wp-content/uploads/2020/07/74395715_799060720551695_5788632144158916608_o.jpg
[2022-01-25 11:59:22,633] {logging_mixin.py:104} INFO - [INFO] fetching: https://attackofthefanboy.com/wp-content/uploads/2020/05/pokemon-sword-and-shield-2.jpg
[2022-01-25 11:59:23,121] {logging_mixin.py:104} INFO - [INFO] fetching: https://static3.srcdn.com/wordpress/wp-content/uploads/2020/10/Pokemon-Sword-and-Shield-Ash-Ketchum-Pikachu.jpg
[2022-01-25 11:59:23,518] {logging_mixin.py:104} INFO - [INFO] fetching: https://d3ieicw58ybon5.cloudfront.net/ex/1200.630/20.119.632.332/u/69bd8a787a374c94830d9f9c87ead74d.jpg
[2022-01-25 11:59:24,055] {logging_mixin.py:104} INFO - [INFO] fetching: https://logodix.com/logo/2069645.jpg
[2022-01-25 11:59:25,039] {logging_mixin.py:104} INFO - [INFO] fetching: https://www.techadvisor.com/cmsdata/features/3687579/pikachu_eevee_lets_go_thumb800.jpg
[2022-01-25 11:59:25,479] {logging_mixin.py:104} INFO - [INFO] fetching: https://vignette.wikia.nocookie.net/smashbroslawllove/images/7/76/AnimePikachu_bg.png/revision/latest?cb=20190317074743
[2022-01-25 11:59:26,919] {logging_mixin.py:104} INFO - [INFO] fetching: https://preview.redd.it/hqks5fn08n121.jpg?auto=webp&s=7fae60ab3637043644f2b61d29843ccd88a8ef92
[2022-01-25 11:59:27,373] {logging_mixin.py:104} INFO - [INFO] fetching: https://img.anili.st/media/16678
[2022-01-25 11:59:35,303] {logging_mixin.py:104} INFO - [INFO] making request for group 150-200 of 1000...
[2022-01-25 11:59:37,302] {logging_mixin.py:104} INFO - [INFO] saving images for group 150-200 of 1000...
[2022-01-25 11:59:37,308] {logging_mixin.py:104} INFO - [INFO] fetching: https://www.gbposters.com/media/catalog/product/cache/1/small_image/600x315/9df78eab33525d08d6e5fb8d27136e95/f/p/fp4972-pokemon-pikachu-sleep.jpg
[2022-01-25 11:59:39,412] {logging_mixin.py:104} INFO - [INFO] fetching: https://static1.thegamerimages.com/wordpress/wp-content/uploads/2019/06/Detective-Pikachu-Unused-Venusaur-Cover.jpg
[2022-01-25 11:59:40,415] {logging_mixin.py:104} INFO - [INFO] fetching: http://images.nintendolife.com/49e8a50fa8fb6/1280x720.jpg
[2022-01-25 11:59:41,193] {logging_mixin.py:104} INFO - [INFO] fetching: https://img0.etsystatic.com/165/0/11619638/il_fullxfull.1186241408_9v3i.jpg
[2022-01-25 11:59:44,390] {logging_mixin.py:104} INFO - [INFO] fetching: https://static2.thegamerimages.com/wordpress/wp-content/uploads/2020/08/pjimage-3-1.jpg
[2022-01-25 11:59:46,222] {logging_mixin.py:104} INFO - [INFO] fetching: https://imgix.ranker.com/user_node_img/50090/1001785514/original/i-will-electrocute_-you-photo-u1?fit=crop&fm=pjpg&q=60&w=650&dpr=2
[2022-01-25 11:59:47,040] {logging_mixin.py:104} INFO - [INFO] fetching: http://3.bp.blogspot.com/-gL5V6U8cb1c/TngvK5fZaII/AAAAAAAACJc/2FD1xoQmPpE/w1200-h630-p-k-no-nu/12.JPG
[2022-01-25 11:59:48,093] {logging_mixin.py:104} INFO - [INFO] fetching: https://fsa.zobj.net/crop.php?r=uHAgcPaHZsMQqckeVLytkqOQ3d4w_Rlnod8SfNFA9aUFdMUmQp-j41pBt3bId2ki16BuoDWy0XjEGGu2EgJex8dMFtLlyRJ1UAf2wKTCA-dUNoq3qRVQc1_ctR0PgaSBMFHt870QSFtzpfOY
[2022-01-25 11:59:49,020] {logging_mixin.py:104} INFO - [INFO] fetching: http://38.media.tumblr.com/39b3513173b5099d230fe8697f19904a/tumblr_mnjdwedJok1r5zq6ao1_500.gif
[2022-01-25 11:59:50,175] {logging_mixin.py:104} INFO - [INFO] fetching: https://3.bp.blogspot.com/-X-VPfmTIhNw/UAacZbX3C_I/AAAAAAAAAEE/zciae3pL5h8/s1600/pikachu.jpg
[2022-01-25 11:59:50,593] {logging_mixin.py:104} INFO - [INFO] fetching: https://i.pinimg.com/originals/01/13/6b/01136b68dcdd20cc875841f81db9c603.jpg
[2022-01-25 11:59:51,998] {logging_mixin.py:104} INFO - [INFO] fetching: https://clipground.com/images/cute-pikachu-png-7.jpg
[2022-01-25 12:00:08,963] {logging_mixin.py:104} INFO - [INFO-DEL] deleting: /opt/airflow/dags/images/pikachu_156.jpeg
[2022-01-25 12:00:08,968] {logging_mixin.py:104} INFO - [INFO] fetching: https://soyummy.com/wp-content/uploads/2018/11/pikachu.jpg
[2022-01-25 12:00:10,558] {logging_mixin.py:104} INFO - [INFO-DEL] deleting: /opt/airflow/dags/images/pikachu_157.jpeg
[2022-01-25 12:00:10,561] {logging_mixin.py:104} INFO - [INFO] fetching: https://wallpapercave.com/wp/SnEsAr8.jpg
[2022-01-25 12:00:11,690] {logging_mixin.py:104} INFO - [INFO] fetching: https://picon.ngfiles.com/679000/flash_679617_largest_crop.jpg?f1471312435
[2022-01-25 12:00:15,617] {logging_mixin.py:104} INFO - [INFO] fetching: https://img-new.cgtrader.com/items/2765412/b98f33017c/pikachu-naruto-cosplay-3d-model-stl.jpg
[2022-01-25 12:00:17,289] {logging_mixin.py:104} INFO - [INFO] fetching: https://images-wixmp-ed30a86b8c4ca887773594c2.wixmp.com/f/f9dd6323-9e29-4acf-991b-e2a52b98c3d9/dcf7e0j-68b649f9-5aab-4315-8ad9-3819bbdb3e10.jpg/v1/fill/w_774,h_1032,q_70,strp/human_pikachu_by_im_keyla_the_master_dcf7e0j-pre.jpg?token=eyJ0eXAiOiJKV1QiLCJhbGciOiJIUzI1NiJ9.eyJzdWIiOiJ1cm46YXBwOjdlMGQxODg5ODIyNjQzNzNhNWYwZDQxNWVhMGQyNmUwIiwiaXNzIjoidXJuOmFwcDo3ZTBkMTg4OTgyMjY0MzczYTVmMGQ0MTVlYTBkMjZlMCIsIm9iaiI6W1t7ImhlaWdodCI6Ijw9MTc5MiIsInBhdGgiOiJcL2ZcL2Y5ZGQ2MzIzLTllMjktNGFjZi05OTFiLWUyYTUyYjk4YzNkOVwvZGNmN2Uwai02OGI2NDlmOS01YWFiLTQzMTUtOGFkOS0zODE5YmJkYjNlMTAuanBnIiwid2lkdGgiOiI8PTEzNDQifV1dLCJhdWQiOlsidXJuOnNlcnZpY2U6aW1hZ2Uub3BlcmF0aW9ucyJdfQ.0NOeNBZWxvbl7vV887lMY1qn2nfjVe2cfH9CuAoMk04
[2022-01-25 12:00:18,246] {logging_mixin.py:104} INFO - [INFO] fetching: https://nintendosoup.com/wp-content/uploads/2020/02/Ash-Pikachu-1.jpg
[2022-01-25 12:00:18,492] {process_utils.py:113} WARNING - process psutil.Process(pid=80, name='airflow task ru', status='sleeping', started='11:54:01') did not respond to SIGTERM. Trying SIGKILL
[2022-01-25 12:00:18,541] {process_utils.py:66} INFO - Process psutil.Process(pid=80, name='airflow task ru', status='terminated', exitcode=<Negsignal.SIGKILL: -9>, started='11:54:01') (80) terminated with exit code Negsignal.SIGKILL
