[2022-01-25 10:58:08,283] {taskinstance.py:851} INFO - Dependencies all met for <TaskInstance: classification.check_data_exist 2022-01-25T10:57:57.756095+00:00 [queued]>
[2022-01-25 10:58:08,302] {taskinstance.py:851} INFO - Dependencies all met for <TaskInstance: classification.check_data_exist 2022-01-25T10:57:57.756095+00:00 [queued]>
[2022-01-25 10:58:08,302] {taskinstance.py:1042} INFO - 
--------------------------------------------------------------------------------
[2022-01-25 10:58:08,303] {taskinstance.py:1043} INFO - Starting attempt 1 of 2
[2022-01-25 10:58:08,303] {taskinstance.py:1044} INFO - 
--------------------------------------------------------------------------------
[2022-01-25 10:58:08,323] {taskinstance.py:1063} INFO - Executing <Task(BranchPythonOperator): check_data_exist> on 2022-01-25T10:57:57.756095+00:00
[2022-01-25 10:58:08,329] {standard_task_runner.py:52} INFO - Started process 62 to run task
[2022-01-25 10:58:08,335] {standard_task_runner.py:76} INFO - Running: ['airflow', 'tasks', 'run', 'classification', 'check_data_exist', '2022-01-25T10:57:57.756095+00:00', '--job-id', '100', '--pool', 'default_pool', '--raw', '--subdir', 'DAGS_FOLDER/classification.py', '--cfg-path', '/tmp/tmpc92iylrc', '--error-file', '/tmp/tmpw3drfa5z']
[2022-01-25 10:58:08,340] {standard_task_runner.py:77} INFO - Job 100: Subtask check_data_exist
[2022-01-25 10:58:08,393] {logging_mixin.py:104} INFO - Running <TaskInstance: classification.check_data_exist 2022-01-25T10:57:57.756095+00:00 [running]> on host 54a54d544bf0
[2022-01-25 10:58:08,441] {taskinstance.py:1257} INFO - Exporting the following env vars:
AIRFLOW_CTX_DAG_OWNER=airflow
AIRFLOW_CTX_DAG_ID=classification
AIRFLOW_CTX_TASK_ID=check_data_exist
AIRFLOW_CTX_EXECUTION_DATE=2022-01-25T10:57:57.756095+00:00
AIRFLOW_CTX_DAG_RUN_ID=manual__2022-01-25T10:57:57.756095+00:00
[2022-01-25 10:58:08,527] {logging_mixin.py:104} INFO - pikachu_0.jpeg
[2022-01-25 10:58:08,527] {logging_mixin.py:104} INFO - pikachu_1.png
[2022-01-25 10:58:08,527] {logging_mixin.py:104} INFO - pikachu_10.png
[2022-01-25 10:58:08,528] {logging_mixin.py:104} INFO - pikachu_100.jpeg
[2022-01-25 10:58:08,528] {logging_mixin.py:104} INFO - pikachu_101.jpeg
[2022-01-25 10:58:08,528] {logging_mixin.py:104} INFO - pikachu_102.jpeg
[2022-01-25 10:58:08,529] {logging_mixin.py:104} INFO - pikachu_104.jpeg
[2022-01-25 10:58:08,529] {logging_mixin.py:104} INFO - pikachu_105.jpeg
[2022-01-25 10:58:08,529] {logging_mixin.py:104} INFO - pikachu_106.jpeg
[2022-01-25 10:58:08,529] {logging_mixin.py:104} INFO - pikachu_107.jpeg
[2022-01-25 10:58:08,530] {logging_mixin.py:104} INFO - pikachu_108.jpeg
[2022-01-25 10:58:08,530] {logging_mixin.py:104} INFO - pikachu_109.jpeg
[2022-01-25 10:58:08,530] {logging_mixin.py:104} INFO - pikachu_11.jpeg
[2022-01-25 10:58:08,530] {logging_mixin.py:104} INFO - pikachu_110.jpeg
[2022-01-25 10:58:08,531] {logging_mixin.py:104} INFO - pikachu_111.jpeg
[2022-01-25 10:58:08,531] {logging_mixin.py:104} INFO - pikachu_112.jpeg
[2022-01-25 10:58:08,531] {logging_mixin.py:104} INFO - pikachu_113.jpeg
[2022-01-25 10:58:08,531] {logging_mixin.py:104} INFO - pikachu_114.jpeg
[2022-01-25 10:58:08,532] {logging_mixin.py:104} INFO - pikachu_115.jpeg
[2022-01-25 10:58:08,532] {logging_mixin.py:104} INFO - pikachu_116.jpeg
[2022-01-25 10:58:08,532] {logging_mixin.py:104} INFO - pikachu_117.jpeg
[2022-01-25 10:58:08,532] {logging_mixin.py:104} INFO - pikachu_118.jpeg
[2022-01-25 10:58:08,532] {logging_mixin.py:104} INFO - pikachu_119.jpeg
[2022-01-25 10:58:08,533] {logging_mixin.py:104} INFO - pikachu_12.jpeg
[2022-01-25 10:58:08,533] {logging_mixin.py:104} INFO - pikachu_120.jpeg
[2022-01-25 10:58:08,533] {logging_mixin.py:104} INFO - pikachu_122.jpeg
[2022-01-25 10:58:08,533] {logging_mixin.py:104} INFO - pikachu_123.jpeg
[2022-01-25 10:58:08,534] {logging_mixin.py:104} INFO - pikachu_124.jpeg
[2022-01-25 10:58:08,534] {logging_mixin.py:104} INFO - pikachu_125.jpeg
[2022-01-25 10:58:08,534] {logging_mixin.py:104} INFO - pikachu_126.jpeg
[2022-01-25 10:58:08,534] {logging_mixin.py:104} INFO - pikachu_127.jpeg
[2022-01-25 10:58:08,535] {logging_mixin.py:104} INFO - pikachu_128.jpeg
[2022-01-25 10:58:08,535] {logging_mixin.py:104} INFO - pikachu_129.jpeg
[2022-01-25 10:58:08,535] {logging_mixin.py:104} INFO - pikachu_13.jpeg
[2022-01-25 10:58:08,535] {logging_mixin.py:104} INFO - pikachu_130.jpeg
[2022-01-25 10:58:08,536] {logging_mixin.py:104} INFO - pikachu_131.jpeg
[2022-01-25 10:58:08,536] {logging_mixin.py:104} INFO - pikachu_132.png
[2022-01-25 10:58:08,536] {logging_mixin.py:104} INFO - pikachu_134.jpeg
[2022-01-25 10:58:08,536] {logging_mixin.py:104} INFO - pikachu_135.jpeg
[2022-01-25 10:58:08,537] {logging_mixin.py:104} INFO - pikachu_136.jpeg
[2022-01-25 10:58:08,537] {logging_mixin.py:104} INFO - pikachu_137.jpeg
[2022-01-25 10:58:08,537] {logging_mixin.py:104} INFO - pikachu_138.jpeg
[2022-01-25 10:58:08,537] {logging_mixin.py:104} INFO - pikachu_139.jpeg
[2022-01-25 10:58:08,538] {logging_mixin.py:104} INFO - pikachu_14.jpeg
[2022-01-25 10:58:08,538] {logging_mixin.py:104} INFO - pikachu_14.png
[2022-01-25 10:58:08,538] {logging_mixin.py:104} INFO - pikachu_140.jpeg
[2022-01-25 10:58:08,538] {logging_mixin.py:104} INFO - pikachu_141.png
[2022-01-25 10:58:08,539] {logging_mixin.py:104} INFO - pikachu_142.jpeg
[2022-01-25 10:58:08,539] {logging_mixin.py:104} INFO - pikachu_143.jpeg
[2022-01-25 10:58:08,539] {logging_mixin.py:104} INFO - pikachu_144.png
[2022-01-25 10:58:08,539] {logging_mixin.py:104} INFO - pikachu_15.jpeg
[2022-01-25 10:58:08,540] {logging_mixin.py:104} INFO - pikachu_15.png
[2022-01-25 10:58:08,540] {logging_mixin.py:104} INFO - pikachu_16.jpeg
[2022-01-25 10:58:08,540] {logging_mixin.py:104} INFO - pikachu_16.png
[2022-01-25 10:58:08,540] {logging_mixin.py:104} INFO - pikachu_17.jpeg
[2022-01-25 10:58:08,541] {logging_mixin.py:104} INFO - pikachu_18.jpeg
[2022-01-25 10:58:08,541] {logging_mixin.py:104} INFO - pikachu_18.png
[2022-01-25 10:58:08,541] {logging_mixin.py:104} INFO - pikachu_19.png
[2022-01-25 10:58:08,541] {logging_mixin.py:104} INFO - pikachu_2.png
[2022-01-25 10:58:08,542] {logging_mixin.py:104} INFO - pikachu_20.png
[2022-01-25 10:58:08,542] {logging_mixin.py:104} INFO - pikachu_21.jpeg
[2022-01-25 10:58:08,542] {logging_mixin.py:104} INFO - pikachu_21.png
[2022-01-25 10:58:08,542] {logging_mixin.py:104} INFO - pikachu_22.jpeg
[2022-01-25 10:58:08,543] {logging_mixin.py:104} INFO - pikachu_23.jpeg
[2022-01-25 10:58:08,543] {logging_mixin.py:104} INFO - pikachu_24.jpeg
[2022-01-25 10:58:08,543] {logging_mixin.py:104} INFO - pikachu_25.jpeg
[2022-01-25 10:58:08,543] {logging_mixin.py:104} INFO - pikachu_25.png
[2022-01-25 10:58:08,543] {logging_mixin.py:104} INFO - pikachu_26.png
[2022-01-25 10:58:08,544] {logging_mixin.py:104} INFO - pikachu_27.png
[2022-01-25 10:58:08,544] {logging_mixin.py:104} INFO - pikachu_28.png
[2022-01-25 10:58:08,545] {logging_mixin.py:104} INFO - pikachu_29.jpeg
[2022-01-25 10:58:08,545] {logging_mixin.py:104} INFO - pikachu_29.png
[2022-01-25 10:58:08,546] {logging_mixin.py:104} INFO - pikachu_3.png
[2022-01-25 10:58:08,546] {logging_mixin.py:104} INFO - pikachu_30.jpeg
[2022-01-25 10:58:08,546] {logging_mixin.py:104} INFO - pikachu_31.jpeg
[2022-01-25 10:58:08,547] {logging_mixin.py:104} INFO - pikachu_32.jpeg
[2022-01-25 10:58:08,547] {logging_mixin.py:104} INFO - pikachu_33.png
[2022-01-25 10:58:08,547] {logging_mixin.py:104} INFO - pikachu_34.jpeg
[2022-01-25 10:58:08,547] {logging_mixin.py:104} INFO - pikachu_35.png
[2022-01-25 10:58:08,548] {logging_mixin.py:104} INFO - pikachu_36.jpeg
[2022-01-25 10:58:08,548] {logging_mixin.py:104} INFO - pikachu_37.jpeg
[2022-01-25 10:58:08,548] {logging_mixin.py:104} INFO - pikachu_38.jpeg
[2022-01-25 10:58:08,548] {logging_mixin.py:104} INFO - pikachu_39.jpeg
[2022-01-25 10:58:08,549] {logging_mixin.py:104} INFO - pikachu_4.png
[2022-01-25 10:58:08,549] {logging_mixin.py:104} INFO - pikachu_40.jpeg
[2022-01-25 10:58:08,549] {logging_mixin.py:104} INFO - pikachu_41.jpeg
[2022-01-25 10:58:08,550] {logging_mixin.py:104} INFO - pikachu_42.jpeg
[2022-01-25 10:58:08,550] {logging_mixin.py:104} INFO - pikachu_44.jpeg
[2022-01-25 10:58:08,550] {logging_mixin.py:104} INFO - pikachu_45.jpeg
[2022-01-25 10:58:08,550] {logging_mixin.py:104} INFO - pikachu_46.jpeg
[2022-01-25 10:58:08,551] {logging_mixin.py:104} INFO - pikachu_47.jpeg
[2022-01-25 10:58:08,551] {logging_mixin.py:104} INFO - pikachu_48.png
[2022-01-25 10:58:08,551] {logging_mixin.py:104} INFO - pikachu_49.jpeg
[2022-01-25 10:58:08,552] {logging_mixin.py:104} INFO - pikachu_5.png
[2022-01-25 10:58:08,552] {logging_mixin.py:104} INFO - pikachu_50.jpeg
[2022-01-25 10:58:08,552] {logging_mixin.py:104} INFO - pikachu_51.jpeg
[2022-01-25 10:58:08,552] {logging_mixin.py:104} INFO - pikachu_52.png
[2022-01-25 10:58:08,553] {logging_mixin.py:104} INFO - pikachu_53.jpeg
[2022-01-25 10:58:08,553] {logging_mixin.py:104} INFO - pikachu_54.jpeg
[2022-01-25 10:58:08,553] {logging_mixin.py:104} INFO - pikachu_55.png
[2022-01-25 10:58:08,554] {logging_mixin.py:104} INFO - pikachu_56.png
[2022-01-25 10:58:08,554] {logging_mixin.py:104} INFO - pikachu_57.jpeg
[2022-01-25 10:58:08,554] {logging_mixin.py:104} INFO - pikachu_58.jpeg
[2022-01-25 10:58:08,554] {logging_mixin.py:104} INFO - pikachu_59.jpeg
[2022-01-25 10:58:08,555] {logging_mixin.py:104} INFO - pikachu_6.jpeg
[2022-01-25 10:58:08,555] {logging_mixin.py:104} INFO - pikachu_60.jpeg
[2022-01-25 10:58:08,555] {logging_mixin.py:104} INFO - pikachu_61.png
[2022-01-25 10:58:08,555] {logging_mixin.py:104} INFO - pikachu_62.jpeg
[2022-01-25 10:58:08,556] {logging_mixin.py:104} INFO - pikachu_63.jpeg
[2022-01-25 10:58:08,556] {logging_mixin.py:104} INFO - pikachu_64.jpeg
[2022-01-25 10:58:08,556] {logging_mixin.py:104} INFO - pikachu_66.jpeg
[2022-01-25 10:58:08,556] {logging_mixin.py:104} INFO - pikachu_67.jpeg
[2022-01-25 10:58:08,557] {logging_mixin.py:104} INFO - pikachu_68.jpeg
[2022-01-25 10:58:08,557] {logging_mixin.py:104} INFO - pikachu_69.jpeg
[2022-01-25 10:58:08,557] {logging_mixin.py:104} INFO - pikachu_7.png
[2022-01-25 10:58:08,557] {logging_mixin.py:104} INFO - pikachu_70.jpeg
[2022-01-25 10:58:08,558] {logging_mixin.py:104} INFO - pikachu_71.jpeg
[2022-01-25 10:58:08,558] {logging_mixin.py:104} INFO - pikachu_72.jpeg
[2022-01-25 10:58:08,558] {logging_mixin.py:104} INFO - pikachu_73.jpeg
[2022-01-25 10:58:08,558] {logging_mixin.py:104} INFO - pikachu_74.png
[2022-01-25 10:58:08,559] {logging_mixin.py:104} INFO - pikachu_75.jpeg
[2022-01-25 10:58:08,559] {logging_mixin.py:104} INFO - pikachu_76.jpeg
[2022-01-25 10:58:08,559] {logging_mixin.py:104} INFO - pikachu_77.jpeg
[2022-01-25 10:58:08,560] {logging_mixin.py:104} INFO - pikachu_78.png
[2022-01-25 10:58:08,560] {logging_mixin.py:104} INFO - pikachu_79.jpeg
[2022-01-25 10:58:08,560] {logging_mixin.py:104} INFO - pikachu_8.jpeg
[2022-01-25 10:58:08,560] {logging_mixin.py:104} INFO - pikachu_80.jpeg
[2022-01-25 10:58:08,561] {logging_mixin.py:104} INFO - pikachu_81.jpeg
[2022-01-25 10:58:08,561] {logging_mixin.py:104} INFO - pikachu_82.jpeg
[2022-01-25 10:58:08,561] {logging_mixin.py:104} INFO - pikachu_83.jpeg
[2022-01-25 10:58:08,562] {logging_mixin.py:104} INFO - pikachu_84.jpeg
[2022-01-25 10:58:08,562] {logging_mixin.py:104} INFO - pikachu_85.png
[2022-01-25 10:58:08,562] {logging_mixin.py:104} INFO - pikachu_87.jpeg
[2022-01-25 10:58:08,562] {logging_mixin.py:104} INFO - pikachu_88.jpeg
[2022-01-25 10:58:08,563] {logging_mixin.py:104} INFO - pikachu_89.jpeg
[2022-01-25 10:58:08,563] {logging_mixin.py:104} INFO - pikachu_9.png
[2022-01-25 10:58:08,563] {logging_mixin.py:104} INFO - pikachu_90.jpeg
[2022-01-25 10:58:08,563] {logging_mixin.py:104} INFO - pikachu_91.jpeg
[2022-01-25 10:58:08,564] {logging_mixin.py:104} INFO - pikachu_92.png
[2022-01-25 10:58:08,564] {logging_mixin.py:104} INFO - pikachu_93.jpeg
[2022-01-25 10:58:08,564] {logging_mixin.py:104} INFO - pikachu_94.png
[2022-01-25 10:58:08,564] {logging_mixin.py:104} INFO - pikachu_96.jpeg
[2022-01-25 10:58:08,565] {logging_mixin.py:104} INFO - pikachu_97.png
[2022-01-25 10:58:08,565] {logging_mixin.py:104} INFO - pikachu_98.png
[2022-01-25 10:58:08,565] {logging_mixin.py:104} INFO - pikachu_99.jpeg
[2022-01-25 10:58:08,566] {logging_mixin.py:104} INFO - --------------ti-----------------------
[2022-01-25 10:58:08,566] {logging_mixin.py:104} INFO - <TaskInstance: classification.check_data_exist 2022-01-25T10:57:57.756095+00:00 [running]>
[2022-01-25 10:58:08,566] {logging_mixin.py:104} INFO - ------------------------------
[2022-01-25 10:58:08,583] {python.py:118} INFO - Done. Returned value was: load_data
[2022-01-25 10:58:08,583] {skipmixin.py:124} INFO - Following branch load_data
[2022-01-25 10:58:08,592] {skipmixin.py:155} INFO - Skipping tasks []
[2022-01-25 10:58:08,645] {taskinstance.py:1166} INFO - Marking task as SUCCESS. dag_id=classification, task_id=check_data_exist, execution_date=20220125T105757, start_date=20220125T105808, end_date=20220125T105808
[2022-01-25 10:58:08,690] {taskinstance.py:1220} INFO - 1 downstream tasks scheduled from follow-on schedule check
[2022-01-25 10:58:08,706] {local_task_job.py:146} INFO - Task exited with return code 0
