[2022-01-25 11:07:48,279] {taskinstance.py:851} INFO - Dependencies all met for <TaskInstance: bing_image_download.bing_image_download 2022-01-25T11:00:09.737764+00:00 [queued]>
[2022-01-25 11:07:48,325] {taskinstance.py:851} INFO - Dependencies all met for <TaskInstance: bing_image_download.bing_image_download 2022-01-25T11:00:09.737764+00:00 [queued]>
[2022-01-25 11:07:48,329] {taskinstance.py:1042} INFO - 
--------------------------------------------------------------------------------
[2022-01-25 11:07:48,334] {taskinstance.py:1043} INFO - Starting attempt 2 of 2
[2022-01-25 11:07:48,338] {taskinstance.py:1044} INFO - 
--------------------------------------------------------------------------------
[2022-01-25 11:07:48,408] {taskinstance.py:1063} INFO - Executing <Task(PythonOperator): bing_image_download> on 2022-01-25T11:00:09.737764+00:00
[2022-01-25 11:07:48,428] {standard_task_runner.py:52} INFO - Started process 16835 to run task
[2022-01-25 11:07:48,444] {standard_task_runner.py:76} INFO - Running: ['airflow', 'tasks', 'run', 'bing_image_download', 'bing_image_download', '2022-01-25T11:00:09.737764+00:00', '--job-id', '115', '--pool', 'default_pool', '--raw', '--subdir', 'DAGS_FOLDER/bing_image_download.py', '--cfg-path', '/tmp/tmptlcz5ex_', '--error-file', '/tmp/tmpoe1k0ble']
[2022-01-25 11:07:48,449] {standard_task_runner.py:77} INFO - Job 115: Subtask bing_image_download
[2022-01-25 11:07:48,689] {logging_mixin.py:104} INFO - Running <TaskInstance: bing_image_download.bing_image_download 2022-01-25T11:00:09.737764+00:00 [running]> on host 54a54d544bf0
[2022-01-25 11:07:48,859] {taskinstance.py:1257} INFO - Exporting the following env vars:
AIRFLOW_CTX_DAG_OWNER=airflow
AIRFLOW_CTX_DAG_ID=bing_image_download
AIRFLOW_CTX_TASK_ID=bing_image_download
AIRFLOW_CTX_EXECUTION_DATE=2022-01-25T11:00:09.737764+00:00
AIRFLOW_CTX_DAG_RUN_ID=scheduled__2022-01-25T11:00:09.737764+00:00
[2022-01-25 11:07:48,871] {logging_mixin.py:104} INFO - [INFO] searching Bing API for 'pikachu'
[2022-01-25 11:07:50,384] {logging_mixin.py:104} INFO - [INFO] 1000 total results for 'pikachu'
[2022-01-25 11:07:50,385] {logging_mixin.py:104} INFO - [INFO] making request for group 0-50 of 1000...
[2022-01-25 11:07:51,125] {logging_mixin.py:104} INFO - [INFO] saving images for group 0-50 of 1000...
[2022-01-25 11:07:51,128] {logging_mixin.py:104} INFO - [INFO] fetching: http://vignette3.wikia.nocookie.net/wii/images/7/77/Pikachu_SSB4.jpg/revision/latest?cb=20140210000421
[2022-01-25 11:07:53,617] {logging_mixin.py:104} INFO - [INFO] fetching: https://pngimg.com/uploads/pokemon/pokemon_PNG15.png
[2022-01-25 11:07:54,545] {logging_mixin.py:104} INFO - [INFO] fetching: https://images-wixmp-ed30a86b8c4ca887773594c2.wixmp.com/f/4f6bf5b3-c9b6-44c2-ab80-06e3ea80d511/dca37p4-e992703b-3518-475a-a3bd-bc2831f13e7b.png?token=eyJ0eXAiOiJKV1QiLCJhbGciOiJIUzI1NiJ9.eyJzdWIiOiJ1cm46YXBwOiIsImlzcyI6InVybjphcHA6Iiwib2JqIjpbW3sicGF0aCI6IlwvZlwvNGY2YmY1YjMtYzliNi00NGMyLWFiODAtMDZlM2VhODBkNTExXC9kY2EzN3A0LWU5OTI3MDNiLTM1MTgtNDc1YS1hM2JkLWJjMjgzMWYxM2U3Yi5wbmcifV1dLCJhdWQiOlsidXJuOnNlcnZpY2U6ZmlsZS5kb3dubG9hZCJdfQ.BgM4bC-lqNizie8fhV-EnS5hLNCPn5y8iROlzXNAdk4
[2022-01-25 11:07:56,485] {logging_mixin.py:104} INFO - [INFO] fetching: https://pngimg.com/uploads/pokemon/pokemon_PNG93.png
[2022-01-25 11:07:56,989] {logging_mixin.py:104} INFO - [INFO] fetching: https://pngimg.com/uploads/pokemon/pokemon_PNG148.png
[2022-01-25 11:07:57,771] {logging_mixin.py:104} INFO - [INFO] fetching: https://3.bp.blogspot.com/-QRBqlfFJt6U/ULpgGND3XFI/AAAAAAAACPs/TUrUig9gj5A/s1600/pikachu.png
[2022-01-25 11:07:59,203] {logging_mixin.py:104} INFO - [INFO] fetching: https://www.nintendoworldreport.com/media/38183/4/1.jpg
[2022-01-25 11:08:02,141] {logging_mixin.py:104} INFO - [INFO] fetching: https://ph.portal-pokemon.com/upload/en/HelloPika.png
[2022-01-25 11:08:04,956] {logging_mixin.py:104} INFO - [INFO] fetching: https://pngimg.com/uploads/pokemon/pokemon_PNG42.png
[2022-01-25 11:08:05,579] {logging_mixin.py:104} INFO - [INFO] fetching: https://mir-s3-cdn-cf.behance.net/project_modules/max_1200/91cc6c40961423.5793b50987cac.jpg
[2022-01-25 11:08:07,130] {logging_mixin.py:104} INFO - [INFO] fetching: http://clipartmag.com/image/pikachu-images-for-drawing-29.png
[2022-01-25 11:08:09,599] {logging_mixin.py:104} INFO - [INFO] fetching: https://yt3.ggpht.com/a-/AAuE7mBRlOG3moYW1oLN4L0V6FP-O-3IJrF1NoGjDw=s900-mo-c-c0xffffffff-rj-k-no
[2022-01-25 11:08:09,962] {logging_mixin.py:104} INFO - [INFO] fetching: https://cdn.vox-cdn.com/thumbor/RGPwZaA8xxwrVd4spVyTGNrxHh0=/99x0:1179x720/1200x800/filters:focal(99x0:1179x720)/cdn.vox-cdn.com/uploads/chorus_image/image/50166993/2016.1_Great_Detective_Pikachu_Birth_of_a_New_Duo__3DS_.0.0.jpg
[2022-01-25 11:08:12,528] {logging_mixin.py:104} INFO - [INFO] fetching: https://cdn.myminifactory.com/assets/object-assets/5c64403a9c7ad/images/d27029fa-5bce-4731-b8b4-af6be07fe701.jpg
[2022-01-25 11:08:22,344] {logging_mixin.py:104} INFO - [INFO] fetching: https://img1.cgtrader.com/items/2419585/aef1cf6064/pikachu-pokemon-3d-printing-3d-model-obj-stl-blend.jpg
[2022-01-25 11:08:22,914] {logging_mixin.py:104} INFO - [INFO] fetching: https://mir-s3-cdn-cf.behance.net/project_modules/1400/56f6e170109017.5d71da93da213.png
[2022-01-25 11:08:23,969] {logging_mixin.py:104} INFO - [INFO] fetching: https://graffitiscuba.com/wp-content/uploads/2018/03/Cartoons10.jpg
[2022-01-25 11:08:25,034] {logging_mixin.py:104} INFO - [INFO] fetching: https://pngimg.com/uploads/pokemon/pokemon_PNG102.png
[2022-01-25 11:08:25,388] {logging_mixin.py:104} INFO - [INFO] fetching: https://cdn.mos.cms.futurecdn.net/dqW4eWEXeU6J8tBpZTpqy5.jpg
[2022-01-25 11:08:27,165] {logging_mixin.py:104} INFO - [INFO] fetching: https://images-wixmp-ed30a86b8c4ca887773594c2.wixmp.com/f/c5bbbf70-cfca-4aeb-892b-6ac8c54fb175/ddbr84t-d0753923-bc99-4919-8bb6-2121149399d7.png/v1/fill/w_956,h_836,strp/pikachu_libre_render_by_vexikku_ddbr84t-pre.png?token=eyJ0eXAiOiJKV1QiLCJhbGciOiJIUzI1NiJ9.eyJzdWIiOiJ1cm46YXBwOjdlMGQxODg5ODIyNjQzNzNhNWYwZDQxNWVhMGQyNmUwIiwiaXNzIjoidXJuOmFwcDo3ZTBkMTg4OTgyMjY0MzczYTVmMGQ0MTVlYTBkMjZlMCIsIm9iaiI6W1t7ImhlaWdodCI6Ijw9MzUwMCIsInBhdGgiOiJcL2ZcL2M1YmJiZjcwLWNmY2EtNGFlYi04OTJiLTZhYzhjNTRmYjE3NVwvZGRicjg0dC1kMDc1MzkyMy1iYzk5LTQ5MTktOGJiNi0yMTIxMTQ5Mzk5ZDcucG5nIiwid2lkdGgiOiI8PTQwMDAifV1dLCJhdWQiOlsidXJuOnNlcnZpY2U6aW1hZ2Uub3BlcmF0aW9ucyJdfQ.SCZGQ24m5GxrmvuwHJ6Em8lOGDWKTpacKjSjkkFMbCs
[2022-01-25 11:08:27,805] {logging_mixin.py:104} INFO - [INFO] fetching: http://img2.wikia.nocookie.net/__cb20110811011944/pokemonfanon/images/8/88/Pikachu_XXV.PNG
[2022-01-25 11:08:30,821] {logging_mixin.py:104} INFO - [INFO] fetching: https://static3.srcdn.com/wordpress/wp-content/uploads/2020/10/Pokemon-Sword-and-Shield-Ash-Ketchum-Pikachu.jpg
[2022-01-25 11:08:31,105] {logging_mixin.py:104} INFO - [INFO] fetching: http://cdn.shopify.com/s/files/1/0284/4907/9395/products/sticker_pikachu.jpg?v=1573513085
[2022-01-25 11:08:31,549] {logging_mixin.py:104} INFO - [INFO] fetching: https://static1.cbrimages.com/wordpress/wp-content/uploads/2019/12/Pikachu-Feature-Image-Cropped.jpg
[2022-01-25 11:08:31,842] {logging_mixin.py:104} INFO - [INFO] fetching: https://preview.redd.it/x2wdfznl7dc31.jpg?auto=webp&s=ac11d594b10cd85ecdce3c3850887649d6ca7da6
[2022-01-25 11:08:33,675] {logging_mixin.py:104} INFO - [INFO] fetching: https://i2.wp.com/metro.co.uk/wp-content/uploads/2016/06/ash_s_pikachu-0.png?quality=90&strip=all&zoom=1&resize=899%2C580&ssl=1
[2022-01-25 11:08:34,326] {logging_mixin.py:104} INFO - [INFO] fetching: https://graphictide.com/images/shop/hover/307_pikachu-candy.png
[2022-01-25 11:08:36,033] {logging_mixin.py:104} INFO - [INFO] fetching: https://images-wixmp-ed30a86b8c4ca887773594c2.wixmp.com/f/25247b92-6844-4fef-8ed8-5055cc35bf58/dd18tmd-d30941e9-a135-4565-ba5f-ac90be835d62.png/v1/fill/w_958,h_834,strp/pikachu_run_render_by_nintega_dario_dd18tmd-pre.png?token=eyJ0eXAiOiJKV1QiLCJhbGciOiJIUzI1NiJ9.eyJzdWIiOiJ1cm46YXBwOjdlMGQxODg5ODIyNjQzNzNhNWYwZDQxNWVhMGQyNmUwIiwiaXNzIjoidXJuOmFwcDo3ZTBkMTg4OTgyMjY0MzczYTVmMGQ0MTVlYTBkMjZlMCIsIm9iaiI6W1t7ImhlaWdodCI6Ijw9MTc1MCIsInBhdGgiOiJcL2ZcLzI1MjQ3YjkyLTY4NDQtNGZlZi04ZWQ4LTUwNTVjYzM1YmY1OFwvZGQxOHRtZC1kMzA5NDFlOS1hMTM1LTQ1NjUtYmE1Zi1hYzkwYmU4MzVkNjIucG5nIiwid2lkdGgiOiI8PTIwMTAifV1dLCJhdWQiOlsidXJuOnNlcnZpY2U6aW1hZ2Uub3BlcmF0aW9ucyJdfQ.pq9b6WZU8vHbWtw8DC3WwZi3p6WYzSD7f0YKTUaru2g
[2022-01-25 11:08:36,554] {logging_mixin.py:104} INFO - [INFO] fetching: http://tonsoffacts.com/wp-content/uploads/2019/11/fp4716-pokemon-pikachu-glow.jpg
[2022-01-25 11:08:39,001] {logging_mixin.py:104} INFO - [INFO-DEL] deleting: /opt/airflow/dags/images/pikachu_28.jpeg
[2022-01-25 11:08:39,004] {logging_mixin.py:104} INFO - [INFO] fetching: http://images4.fanpop.com/image/photos/22200000/Pikachu-pikachu-22265985-1280-1120.jpg
[2022-01-25 11:08:41,859] {logging_mixin.py:104} INFO - [INFO] fetching: https://img.huffingtonpost.com/asset/5a10b3b0180000aa09f6ce35.jpeg?ops=1910_1000
[2022-01-25 11:08:43,338] {logging_mixin.py:104} INFO - [INFO] fetching: https://animetos.com/wp-content/uploads/2021/03/img_8458-scaled.jpeg
[2022-01-25 11:09:07,122] {logging_mixin.py:104} INFO - [INFO] fetching: https://www.onlinetoys.com.au/19664/pokemon-power-action-pikachu.jpg
[2022-01-25 11:09:07,698] {logging_mixin.py:104} INFO - [INFO] fetching: http://1.bp.blogspot.com/-abBmZroOWLE/VI1OaUQRSVI/AAAAAAAAHag/BUaUVdHh1Ak/s1600/Pikachu_Vector.png
[2022-01-25 11:09:08,020] {logging_mixin.py:104} INFO - [INFO] fetching: https://s3.us-east-1.amazonaws.com/dexerto-assets-production-cbbdf288/uploads/2020/02/16230146/pokemon-community-fat-pikachu-meme.jpg
[2022-01-25 11:09:10,354] {logging_mixin.py:104} INFO - [INFO] fetching: https://cdn.weasyl.com/~tsaoshin/submissions/1351357/26480474c4f1b1f6b42aa02c67540a21a3daa4cf4da375229ccf723d56d1377d/tsaoshin-025-pikachu.png
[2022-01-25 11:09:10,808] {logging_mixin.py:104} INFO - [INFO] fetching: https://yt3.ggpht.com/a/AATXAJwmhNbZwsDbo_tXP-d9wB7tSqNpV56GFvSjhQ=s900-c-k-c0xffffffff-no-rj-mo
[2022-01-25 11:09:11,236] {logging_mixin.py:104} INFO - [INFO] fetching: https://yt3.ggpht.com/a/AATXAJw9Y95jJiDSFXIG6GWfIZKdHbgfovkOcj66BA=s900-c-k-c0xffffffff-no-rj-mo
[2022-01-25 11:09:11,658] {logging_mixin.py:104} INFO - [INFO] fetching: https://img2.cgtrader.com/items/670200/bb4720355b/pikachu-3d-model-low-poly-obj-c4d-stl-ztl-mtl.png
[2022-01-25 11:09:12,268] {logging_mixin.py:104} INFO - [INFO] fetching: https://cdn.gamer-network.net/2018/usgamer/Detective-Pikachu-Header-03.jpg/EG11/thumbnail/1920x1080/format/jpg/quality/75/detective-pikachu-pokemon-next-generation-switch-impressions.jpg
[2022-01-25 11:09:12,671] {logging_mixin.py:104} INFO - [INFO] fetching: https://img2.cgtrader.com/items/768075/a6212ac1a3/pokemon-pikachu-3d-model-low-poly-rigged.jpg
[2022-01-25 11:09:12,952] {logging_mixin.py:104} INFO - [INFO] fetching: https://preview.redd.it/r3r5fzcibmh21.jpg?auto=webp&s=fb5f20934cc89940c787d04a9a324b7fbed1cb34
[2022-01-25 11:09:14,095] {logging_mixin.py:104} INFO - [INFO] fetching: https://soyummy.com/wp-content/uploads/2018/11/pikachu.jpg
[2022-01-25 11:09:15,551] {logging_mixin.py:104} INFO - [INFO-DEL] deleting: /opt/airflow/dags/images/pikachu_42.jpeg
[2022-01-25 11:09:15,553] {logging_mixin.py:104} INFO - [INFO] fetching: https://static2.thegamerimages.com/wordpress/wp-content/uploads/2019/05/Detective-Pikachu-4.jpg
[2022-01-25 11:09:15,854] {logging_mixin.py:104} INFO - [INFO] fetching: http://www.baltana.com/files/wallpapers-14/Pikachu-Widescreen-Wallpapers-37659.jpg
[2022-01-25 11:09:19,892] {logging_mixin.py:104} INFO - [INFO] fetching: https://webgames.host/uploads/2018/03/pikachu-bros.png
[2022-01-25 11:09:25,830] {logging_mixin.py:104} INFO - [INFO] fetching: https://vignette3.wikia.nocookie.net/pokemon/images/6/64/Spikey_Eared_Pichu.jpg/revision/latest/scale-to-width-down/2000?cb=20130129204810
[2022-01-25 11:09:28,393] {logging_mixin.py:104} INFO - [INFO] fetching: http://oyster.ignimgs.com/mediawiki/apis.ign.com/pokken-tournament/b/b0/Detail-pikachu.png
[2022-01-25 11:09:28,734] {logging_mixin.py:104} INFO - [INFO] fetching: https://s3.us-east-1.amazonaws.com/dexerto-assets-production-cbbdf288/uploads/2020/08/26080403/ashs-pikachu-on-verge-of-evolving-pokemon-journeys-23-years-franchise-icon.jpg
[2022-01-25 11:09:31,932] {logging_mixin.py:104} INFO - [INFO] fetching: https://brokenpanda.net/wp-content/uploads/1588943949_865_Pikachu-HD-Wallpapers-2020.jpg
[2022-01-25 11:09:34,519] {logging_mixin.py:104} INFO - [INFO] making request for group 50-100 of 1000...
[2022-01-25 11:09:36,174] {logging_mixin.py:104} INFO - [INFO] saving images for group 50-100 of 1000...
[2022-01-25 11:09:36,175] {logging_mixin.py:104} INFO - [INFO] fetching: https://s3.us-east-1.amazonaws.com/dexerto-assets-production-cbbdf288/uploads/2020/08/26080403/ashs-pikachu-on-verge-of-evolving-pokemon-journeys-23-years-franchise-icon.jpg
[2022-01-25 11:09:40,523] {logging_mixin.py:104} INFO - [INFO] fetching: https://getwallpapers.com/wallpaper/full/4/9/a/400572.jpg
[2022-01-25 11:09:43,234] {logging_mixin.py:104} INFO - [INFO] fetching: https://images-wixmp-ed30a86b8c4ca887773594c2.wixmp.com/f/93abed28-db9e-4018-aee8-6c817a5863b9/dbsqkhl-bc627623-0eed-4727-a573-b7f6cd48d992.png/v1/fill/w_800,h_855,strp/king_pikachu_by_kraus_illustration_dbsqkhl-fullview.png?token=eyJ0eXAiOiJKV1QiLCJhbGciOiJIUzI1NiJ9.eyJzdWIiOiJ1cm46YXBwOjdlMGQxODg5ODIyNjQzNzNhNWYwZDQxNWVhMGQyNmUwIiwiaXNzIjoidXJuOmFwcDo3ZTBkMTg4OTgyMjY0MzczYTVmMGQ0MTVlYTBkMjZlMCIsIm9iaiI6W1t7ImhlaWdodCI6Ijw9ODU1IiwicGF0aCI6IlwvZlwvOTNhYmVkMjgtZGI5ZS00MDE4LWFlZTgtNmM4MTdhNTg2M2I5XC9kYnNxa2hsLWJjNjI3NjIzLTBlZWQtNDcyNy1hNTczLWI3ZjZjZDQ4ZDk5Mi5wbmciLCJ3aWR0aCI6Ijw9ODAwIn1dXSwiYXVkIjpbInVybjpzZXJ2aWNlOmltYWdlLm9wZXJhdGlvbnMiXX0.RBhJ-Eni5Fc_r-5ZBrMSXC8Z0aJvE6PrRT6HPGQehGM
[2022-01-25 11:09:44,074] {logging_mixin.py:104} INFO - [INFO] fetching: https://yt3.ggpht.com/a/AATXAJznnOKPTmacMoV1l7l43kb4YaukGZH9ZSfeSw=s900-c-k-c0xffffffff-no-rj-mo
[2022-01-25 11:09:44,409] {logging_mixin.py:104} INFO - [INFO] fetching: https://vignette3.wikia.nocookie.net/pokemon/images/6/64/Spikey_Eared_Pichu.jpg/revision/latest/scale-to-width-down/2000?cb=20130129204810
[2022-01-25 11:09:47,064] {logging_mixin.py:104} INFO - [INFO] fetching: https://webgames.host/uploads/2018/03/pikachu-bros.png
[2022-01-25 11:09:51,230] {logging_mixin.py:104} INFO - [INFO] fetching: https://wallpapercave.com/wp/wp6346994.png
[2022-01-25 11:09:51,455] {logging_mixin.py:104} INFO - [INFO] fetching: https://c.shld.net/rpx/i/s/i/spin/10032562/prod_12349903012??hei=64&wid=64&qlt=50
[2022-01-25 11:09:52,616] {logging_mixin.py:104} INFO - [INFO] fetching: https://static0.thegamerimages.com/wordpress/wp-content/uploads/2020/02/pikachu-featured.jpg
[2022-01-25 11:09:53,101] {logging_mixin.py:104} INFO - [INFO] fetching: http://www.baltana.com/files/wallpapers-16/Pokemon-Detective-Pikachu-Background-Wallpaper-39818.jpg
[2022-01-25 11:09:57,030] {logging_mixin.py:104} INFO - [INFO] fetching: https://1.bp.blogspot.com/-Uknx6gietjA/T_RdnzTHJ0I/AAAAAAAAE3s/VsmPxC7Js3E/s1600/Pikachu+Pokemon+Wallpapers+2.jpg
[2022-01-25 11:09:57,394] {logging_mixin.py:104} INFO - [INFO] fetching: https://www.pinclipart.com/picdir/middle/522-5225314_transparent-detective-pikachu-png-clipart.png
[2022-01-25 11:10:15,622] {logging_mixin.py:104} INFO - [INFO] fetching: https://yt3.ggpht.com/a/AATXAJy5TUeCGX8BPUjyMlQh0S1vFu9-PQFNlxk2xQ=s900-c-k-c0xffffffff-no-rj-mo
[2022-01-25 11:10:15,888] {logging_mixin.py:104} INFO - [INFO] fetching: https://whirli-production-images.s3.eu-west-2.amazonaws.com/products/yZYb57lPl7/yb9jP0AWgj_pokemon-pikachu-medium.jpg
[2022-01-25 11:10:17,070] {logging_mixin.py:104} INFO - [INFO] fetching: https://i.etsystatic.com/8557472/r/il/1009f9/1677348229/il_fullxfull.1677348229_ogtm.jpg
[2022-01-25 11:10:17,732] {logging_mixin.py:104} INFO - [INFO] fetching: https://megamousearts.com/wp-content/uploads/2020/05/Anime-Pikachu.jpg
[2022-01-25 11:10:18,574] {logging_mixin.py:104} INFO - [INFO-DEL] deleting: /opt/airflow/dags/images/pikachu_65.jpeg
[2022-01-25 11:10:18,576] {logging_mixin.py:104} INFO - [INFO] fetching: https://www.kolpaper.com/wp-content/uploads/2020/04/Pikachu-Wallpaper-5.jpg
[2022-01-25 11:10:21,434] {logging_mixin.py:104} INFO - [INFO] fetching: https://s1.thcdn.com/productimg/1600/1600/11793129-3294591567198503.jpg
[2022-01-25 11:10:22,166] {logging_mixin.py:104} INFO - [INFO] fetching: https://assets1.ignimgs.com/2016/10/28/503eaea31a316jpeg-f9b106.jpg?width=1280
[2022-01-25 11:10:23,178] {logging_mixin.py:104} INFO - [INFO] fetching: https://static2.srcdn.com/wordpress/wp-content/uploads/2019/05/Detective-Pikachu-Pokemon-Red.jpg
[2022-01-25 11:10:23,504] {logging_mixin.py:104} INFO - [INFO] fetching: https://images.nintendolife.com/43ece59eb41ff/1280x720.jpg
[2022-01-25 11:10:23,723] {logging_mixin.py:104} INFO - [INFO] fetching: https://wallpapers.moviemania.io/phone/movie/447404/e255b7/pokemon-detective-pikachu-phone-wallpaper.jpg?w=1536&h=2732
[2022-01-25 11:10:26,859] {logging_mixin.py:104} INFO - [INFO] fetching: https://media.gq.com/photos/5cd448e6b41d094fd2cd74af/16:9/w_2560%2Cc_limit/There-Could-Be-No-More-Perfect-Pikachu-Than-Ryan-Reynolds-gq-1.jpg
[2022-01-25 11:10:27,733] {logging_mixin.py:104} INFO - [INFO] fetching: https://yt3.ggpht.com/a/AATXAJxWSkYcdzgaCCCeLyKiozmRwjzPpGyIH3dNHMM=s900-c-k-c0xffffffff-no-rj-mo
[2022-01-25 11:10:28,175] {logging_mixin.py:104} INFO - [INFO] fetching: https://vignette.wikia.nocookie.net/obfcbt-wiki/images/2/21/Pikachucartoonbeatboxbattles.png/revision/latest?cb=20200527170448
[2022-01-25 11:10:30,563] {logging_mixin.py:104} INFO - [INFO] fetching: https://static0.therichestimages.com/wordpress/wp-content/uploads/2017/12/Sad-Pikachu.jpg
[2022-01-25 11:10:30,802] {logging_mixin.py:104} INFO - [INFO] fetching: https://lh3.googleusercontent.com/-pjv4YgoL5UI/XyvtmAe7IAI/AAAAAAAAAyg/yw8CdJezZS8u3FPhLCORyjmOhb2HosoKACLcBGAsYHQ/s1600/1596714392572854-14.png
[2022-01-25 11:10:31,459] {logging_mixin.py:104} INFO - [INFO] fetching: https://media.pocketmonsters.net/imageboard/31/14561285150091.jpg
[2022-01-25 11:10:34,230] {logging_mixin.py:104} INFO - [INFO] fetching: http://img4.wikia.nocookie.net/__cb20130114020548/projectcrusade/images/7/77/Pikachu.png
[2022-01-25 11:10:35,443] {logging_mixin.py:104} INFO - [INFO] fetching: https://img1.cgtrader.com/items/2603799/0f31abff97/pikachu-avatar-3d-model-stl.jpg
[2022-01-25 11:10:35,737] {logging_mixin.py:104} INFO - [INFO] fetching: https://i.kinja-img.com/gawker-media/image/upload/s--7N2i0AxA--/c_fill,fl_progressive,g_center,h_900,q_80,w_1600/gvi8m4p95orhorwg0bpv.jpg
[2022-01-25 11:10:36,079] {logging_mixin.py:104} INFO - [INFO] fetching: https://static1.thegamerimages.com/wordpress/wp-content/uploads/2018/05/New-Pikachu-Evolution-Cover-Image.jpg
[2022-01-25 11:10:36,443] {logging_mixin.py:104} INFO - [INFO] fetching: https://static1.thegamerimages.com/wordpress/wp-content/uploads/2019/06/Shiny-Pikachu.jpg
[2022-01-25 11:10:36,708] {logging_mixin.py:104} INFO - [INFO] fetching: http://www.baltana.com/files/wallpapers-16/Pokemon-Detective-Pikachu-Movie-Desktop-Wallpaper-39833.jpg
[2022-01-25 11:10:39,142] {logging_mixin.py:104} INFO - [INFO] fetching: http://i.ytimg.com/vi/o4juhokUSDc/maxresdefault.jpg
[2022-01-25 11:10:39,316] {logging_mixin.py:104} INFO - [INFO] fetching: https://webgames.host/uploads/2018/09/super-pikachu.png
[2022-01-25 11:10:46,309] {logging_mixin.py:104} INFO - [INFO] fetching: https://hdwallsbox.com/wallpapers/l/1080x1920/65/pokemon-pikachu-1080x1920-64096.jpg
[2022-01-25 11:10:47,399] {logging_mixin.py:104} INFO - [INFO-DEL] deleting: /opt/airflow/dags/images/pikachu_86.jpeg
[2022-01-25 11:10:47,401] {logging_mixin.py:104} INFO - [INFO] fetching: https://yt3.ggpht.com/a-/AAuE7mA4QFZvuGbW5z7QHDyL7KACDGvO_ukJ4IEBKw=s900-mo-c-c0xffffffff-rj-k-no
[2022-01-25 11:10:47,692] {logging_mixin.py:104} INFO - [INFO] fetching: https://images-wixmp-ed30a86b8c4ca887773594c2.wixmp.com/f/30e23551-c869-487d-a6d4-4aa73c102731/d553a9m-94352d40-78c7-433f-b867-801e0a04f563.jpg/v1/fill/w_894,h_894,q_70,strp/pikachu_wallpaper_by_moustachegirl05_d553a9m-pre.jpg?token=eyJ0eXAiOiJKV1QiLCJhbGciOiJIUzI1NiJ9.eyJzdWIiOiJ1cm46YXBwOiIsImlzcyI6InVybjphcHA6Iiwib2JqIjpbW3siaGVpZ2h0IjoiPD05MDAiLCJwYXRoIjoiXC9mXC8zMGUyMzU1MS1jODY5LTQ4N2QtYTZkNC00YWE3M2MxMDI3MzFcL2Q1NTNhOW0tOTQzNTJkNDAtNzhjNy00MzNmLWI4NjctODAxZTBhMDRmNTYzLmpwZyIsIndpZHRoIjoiPD05MDAifV1dLCJhdWQiOlsidXJuOnNlcnZpY2U6aW1hZ2Uub3BlcmF0aW9ucyJdfQ.xxkve31bTxQ94oqIMB1tVmzxFO7JuCCH7tXVIqsPdZ8
[2022-01-25 11:10:47,885] {logging_mixin.py:104} INFO - [INFO] fetching: https://static0.thegamerimages.com/wordpress/wp-content/uploads/2020/10/0-Pikachu-Comics.jpg
[2022-01-25 11:10:48,074] {logging_mixin.py:104} INFO - [INFO] fetching: https://img2.cgtrader.com/items/2663418/5d0149e95e/pikachu-3d-model-obj-stl-blend-dae.jpg
[2022-01-25 11:10:48,347] {logging_mixin.py:104} INFO - [INFO] fetching: https://cdn4.dualshockers.com/wp-content/uploads/2013/08/pokemon-pikachu-hd.jpg
[2022-01-25 11:10:49,510] {logging_mixin.py:104} INFO - [INFO] fetching: https://heavy.com/wp-content/uploads/2017/08/screen-shot-2017-08-09-at-9-59-40-am-e1502287216960.png
[2022-01-25 11:10:49,973] {logging_mixin.py:104} INFO - [INFO] fetching: https://animetos.com/wp-content/uploads/2021/01/img_6054-scaled.jpg
[2022-01-25 11:11:14,654] {logging_mixin.py:104} INFO - [INFO] fetching: https://pngimg.com/uploads/pokemon/pokemon_PNG103.png
[2022-01-25 11:11:15,019] {logging_mixin.py:104} INFO - [INFO] fetching: https://appliquedesignz.com/image/cache/data/Pokemon_Pikachu_Applique_Design_590_0-1200x1200.jpg
[2022-01-25 11:11:16,039] {logging_mixin.py:104} INFO - [INFO-DEL] deleting: /opt/airflow/dags/images/pikachu_95.jpeg
[2022-01-25 11:11:16,046] {logging_mixin.py:104} INFO - [INFO] fetching: https://i.pinimg.com/736x/69/b4/86/69b4861c06c48e990fd225d75a8c4b73--pokemon.jpg
[2022-01-25 11:11:17,756] {logging_mixin.py:104} INFO - [INFO] fetching: https://webstockreview.net/images/pikachu-clipart-pikachu-tail-10.png
[2022-01-25 11:11:20,090] {logging_mixin.py:104} INFO - [INFO] fetching: https://www.pngall.com/wp-content/uploads/5/Pokemon-Pikachu-PNG-Picture.png
[2022-01-25 11:11:24,133] {logging_mixin.py:104} INFO - [INFO] fetching: https://d3ieicw58ybon5.cloudfront.net/ex/1200.630/20.119.632.332/u/69bd8a787a374c94830d9f9c87ead74d.jpg
[2022-01-25 11:11:25,301] {logging_mixin.py:104} INFO - [INFO] making request for group 100-150 of 1000...
[2022-01-25 11:11:29,309] {logging_mixin.py:104} INFO - [INFO] saving images for group 100-150 of 1000...
[2022-01-25 11:11:29,317] {logging_mixin.py:104} INFO - [INFO] fetching: https://wallpapers.moviemania.io/phone/movie/447404/e255b7/pokemon-detective-pikachu-phone-wallpaper.jpg?w=1536&h=2732
[2022-01-25 11:11:34,353] {logging_mixin.py:104} INFO - [INFO] fetching: https://www.pokemoncenter.com/products/images/P6480/701-06560/P6480_701-06560_01.jpg
[2022-01-25 11:11:35,063] {logging_mixin.py:104} INFO - [INFO] fetching: https://media.nichegamer.com/wp-content/uploads/2018/01/12144503/detective-pikachu-01-12-18-2-1200x1330.jpg
[2022-01-25 11:11:35,201] {logging_mixin.py:104} INFO - [INFO-DEL] deleting: /opt/airflow/dags/images/pikachu_102.jpeg
[2022-01-25 11:11:35,204] {logging_mixin.py:104} INFO - [INFO] fetching: https://i.neoseeker.com/n/7/pika.jpg
[2022-01-25 11:11:36,601] {logging_mixin.py:104} INFO - [INFO] fetching: https://www.pokemoncenter.com/products/images/P4537/701-03482/P4537_701-03482_01.jpg
[2022-01-25 11:11:37,349] {logging_mixin.py:104} INFO - [INFO] fetching: https://nintendoeverything.com/wp-content/uploads/sites/1/nggallery/detective-pikachu-art/detective-pikachu-7.jpg
[2022-01-25 11:11:39,891] {logging_mixin.py:104} INFO - [INFO] fetching: https://www.gamepur.com/files/images/tldr/2017/07/How-To-Catch-Ashs-Hat-Pikachu-Feature.jpg
[2022-01-25 11:11:40,262] {logging_mixin.py:104} INFO - [INFO] fetching: https://d1lss44hh2trtw.cloudfront.net/assets/article/2019/05/28/detective-pikachu-coffee_feature.jpg
[2022-01-25 11:11:40,566] {logging_mixin.py:104} INFO - [INFO] fetching: https://vamers.com/wp-content/uploads/2019/05/Vamers-Entertainment-Watch-Detective-Pikachu-online-for-free-Main-Banner.jpg
[2022-01-25 11:11:40,798] {logging_mixin.py:104} INFO - [INFO] fetching: https://wallpapercave.com/wp/wp5526652.jpg
[2022-01-25 11:11:41,266] {logging_mixin.py:104} INFO - [INFO] fetching: https://media.pocketmonsters.net/imageboard/31/14561285400034.jpg
[2022-01-25 11:11:42,999] {logging_mixin.py:104} INFO - [INFO] fetching: https://img1.cgtrader.com/items/2363834/9e80c00060/pocky-pikachu-pokemon-stl-3d-model-stl.jpg
[2022-01-25 11:11:44,163] {logging_mixin.py:104} INFO - [INFO] fetching: https://imgix.ranker.com/user_node_img/50090/1001785516/original/pika-pika-photo-u2?fit=crop&fm=pjpg&q=60&w=650&dpr=2
[2022-01-25 11:11:44,690] {logging_mixin.py:104} INFO - [INFO] fetching: https://s2.megabrandsmedia.com/products/megabloks-50434ac1376b0135b061beb317f36f5b-1493649325-fjn61-19745.jpg
[2022-01-25 11:11:45,504] {logging_mixin.py:104} INFO - [INFO] fetching: https://static1.srcdn.com/wordpress/wp-content/uploads/2019/05/Pokemon-Detective-Pikachu-Sequel.jpg
[2022-01-25 11:11:45,847] {logging_mixin.py:104} INFO - [INFO] fetching: https://static3.gamerantimages.com/wordpress/wp-content/uploads/2021/01/SpecialPikachuHeader.jpg
[2022-01-25 11:11:46,101] {logging_mixin.py:104} INFO - [INFO] fetching: http://www.eventmascots.co.uk/wp-content/uploads/2016/09/pokemon.png
[2022-01-25 11:12:13,090] {logging_mixin.py:104} INFO - [INFO] fetching: https://static1.gamerantimages.com/wordpress/wp-content/uploads/2020/08/pikachu-viral-song.jpg
[2022-01-25 11:12:13,438] {logging_mixin.py:104} INFO - [INFO] fetching: http://media.pocketmonsters.net/imageboard/31/15228538780096.jpg
[2022-01-25 11:12:15,032] {logging_mixin.py:104} INFO - [INFO] fetching: https://assets.vg247.com/current/2016/01/detective_pikachu.jpg
[2022-01-25 11:12:15,263] {logging_mixin.py:104} INFO - [INFO] fetching: https://imgix.ranker.com/user_node_img/50090/1001785514/original/i-will-electrocute_-you-photo-u1?fit=crop&fm=pjpg&q=60&w=650&dpr=2
[2022-01-25 11:12:16,008] {logging_mixin.py:104} INFO - [INFO] fetching: https://static2.srcdn.com/wordpress/wp-content/uploads/2019/05/Pokemon-Detective-Pikachu-Post-credits-scene.jpg
[2022-01-25 11:12:16,434] {logging_mixin.py:104} INFO - [INFO] fetching: https://s2.megabrandsmedia.com/2018/07/18/16/40/33/r/1000x750/B4BGYOKfXw1531946433.jpeg
[2022-01-25 11:12:16,697] {logging_mixin.py:104} INFO - [INFO] fetching: http://pinataboy.com/wp-content/uploads/2017/05/0E7CABEB-1F30-4E6C-B586-2CEBDA4C5AD8.jpg
[2022-01-25 11:12:17,285] {logging_mixin.py:104} INFO - [INFO-DEL] deleting: /opt/airflow/dags/images/pikachu_123.jpeg
[2022-01-25 11:12:17,288] {logging_mixin.py:104} INFO - [INFO] fetching: https://images-wixmp-ed30a86b8c4ca887773594c2.wixmp.com/f/30e23551-c869-487d-a6d4-4aa73c102731/d553a9m-94352d40-78c7-433f-b867-801e0a04f563.jpg/v1/fill/w_894,h_894,q_70,strp/pikachu_wallpaper_by_moustachegirl05_d553a9m-pre.jpg?token=eyJ0eXAiOiJKV1QiLCJhbGciOiJIUzI1NiJ9.eyJzdWIiOiJ1cm46YXBwOiIsImlzcyI6InVybjphcHA6Iiwib2JqIjpbW3siaGVpZ2h0IjoiPD05MDAiLCJwYXRoIjoiXC9mXC8zMGUyMzU1MS1jODY5LTQ4N2QtYTZkNC00YWE3M2MxMDI3MzFcL2Q1NTNhOW0tOTQzNTJkNDAtNzhjNy00MzNmLWI4NjctODAxZTBhMDRmNTYzLmpwZyIsIndpZHRoIjoiPD05MDAifV1dLCJhdWQiOlsidXJuOnNlcnZpY2U6aW1hZ2Uub3BlcmF0aW9ucyJdfQ.xxkve31bTxQ94oqIMB1tVmzxFO7JuCCH7tXVIqsPdZ8
[2022-01-25 11:12:17,625] {logging_mixin.py:104} INFO - [INFO] fetching: https://img2.cgtrader.com/items/2397682/ff1d56ce8d/pikachu-pokemon-3d-model-stl.jpg
[2022-01-25 11:12:17,895] {logging_mixin.py:104} INFO - [INFO] fetching: https://img2.cgtrader.com/items/1936395/2792841c74/pikachu-3d-model-stl.jpg
[2022-01-25 11:12:18,096] {logging_mixin.py:104} INFO - [INFO] fetching: https://wallpapertag.com/wallpaper/middle/3/e/0/421412-most-popular-pokemon-pikachu-wallpapers-1990x1440-for-mac.jpg
[2022-01-25 11:12:20,443] {logging_mixin.py:104} INFO - [INFO] fetching: https://static1.thegamerimages.com/wordpress/wp-content/uploads/2020/03/Pokemon-Lets-Go-Eevee-and-Pikachu-Dressed-With-Nice-Bows.jpg
[2022-01-25 11:12:20,771] {logging_mixin.py:104} INFO - [INFO] fetching: https://www.pokemoncenter.com/products/images/P7133/108309/P7133_108309_01.jpg
[2022-01-25 11:12:21,888] {logging_mixin.py:104} INFO - [INFO] fetching: https://i2.wp.com/sotaku.com/wp-content/uploads/2018/05/Pika.jpg?fit=2503%2C1306&ssl=1
[2022-01-25 11:12:23,764] {logging_mixin.py:104} INFO - [INFO] fetching: https://cdna.artstation.com/p/assets/images/images/011/013/148/large/bayram-baglayan-img-20180524-181437-904.jpg?1527428430
[2022-01-25 11:12:24,161] {logging_mixin.py:104} INFO - [INFO] fetching: https://screenvisionmedia.com/wp-content/uploads/2019/04/pokemon-detective-pikachu.jpg
[2022-01-25 11:12:27,329] {logging_mixin.py:104} INFO - [INFO] fetching: https://imgix.bustle.com/rehost/2016/9/14/3bddb9fb-8417-42bd-ad68-483047679620.png?w=1200&h=630&q=70&fit=crop&crop=faces&fm=jpg
[2022-01-25 11:12:30,167] {logging_mixin.py:104} INFO - [INFO] fetching: https://pngeditz.com/wp-content/uploads/2019/06/pikachuu-png.png
[2022-01-25 11:12:33,678] {logging_mixin.py:104} INFO - [INFO] fetching: https://i.kinja-img.com/gawker-media/image/upload/s--zxpIWDK6--/c_fill,fl_progressive,g_center,h_900,q_80,w_1600/r3lapixycmqowiraveb1.jpg
[2022-01-25 11:12:48,270] {logging_mixin.py:104} INFO - [INFO-DEL] deleting: /opt/airflow/dags/images/pikachu_135.jpeg
[2022-01-25 11:12:48,279] {logging_mixin.py:104} INFO - [INFO] fetching: http://2.bp.blogspot.com/-EHYbTpQLsmM/TyVRPH5RMGI/AAAAAAAAAb0/M7hnCPo5i20/w1200-h630-p-k-no-nu/pikachu.jpg
[2022-01-25 11:12:48,606] {logging_mixin.py:104} INFO - [INFO] fetching: http://i.ytimg.com/vi/SHzl08jICtE/maxresdefault.jpg
[2022-01-25 11:12:49,162] {logging_mixin.py:104} INFO - [INFO] fetching: https://1.bp.blogspot.com/-w4nzY4co0ZM/TifSkIheO8I/AAAAAAAAAJg/gkhTNP32ZQM/s1600/cute_pikachu_picture.jpg
[2022-01-25 11:12:51,720] {logging_mixin.py:104} INFO - [INFO] fetching: https://i.ytimg.com/vi/0z51tiRkqN8/maxresdefault.jpg
[2022-01-25 11:12:52,545] {logging_mixin.py:104} INFO - [INFO] fetching: https://static2.thegamerimages.com/wordpress/wp-content/uploads/2020/03/pikachu-libre.jpg
[2022-01-25 11:12:53,532] {logging_mixin.py:104} INFO - [INFO] fetching: https://images.nintendolife.com/news/2018/05/we_nearly_had_a_terrifying_second_pikachu_evolution_with_horns_and_fangs/1280x720.jpg
[2022-01-25 11:12:54,646] {logging_mixin.py:104} INFO - [INFO] fetching: https://picon.ngfiles.com/701000/flash_701437_largest_crop.png?f1601049528
[2022-01-25 11:12:59,354] {logging_mixin.py:104} INFO - [INFO] fetching: http://www.zastavki.com/pictures/640x480/2014/Cartoons____Pokemon_Pikachu_059581_29.jpg
[2022-01-25 11:13:00,627] {logging_mixin.py:104} INFO - [ERROR]:  HTTPSConnectionPool(host='www.zastavki.com', port=443): Max retries exceeded with url: /pictures/640x480/2014/Cartoons____Pokemon_Pikachu_059581_29.jpg (Caused by SSLError(SSLError(1, '[SSL: CERTIFICATE_VERIFY_FAILED] certificate verify failed (_ssl.c:852)'),))
[2022-01-25 11:13:00,630] {logging_mixin.py:104} INFO - [INFO] fetching: https://media.sketchfab.com/models/ac60f6f686c14be6a1a636646afb5302/thumbnails/9e77d8ef114a4894a799047fc67ca152/4f892941ad124776884379bb684ead26.jpeg
[2022-01-25 11:13:01,508] {logging_mixin.py:104} INFO - [INFO] fetching: https://external-preview.redd.it/BzrkFNZBvqovaRR-Kplr4lVm3QCNQ13RZDf35R_bTws.jpg?auto=webp&s=b79c39364d2875b27c2b1f14deb1e9ce57f63756
[2022-01-25 11:13:02,387] {logging_mixin.py:104} INFO - [INFO] fetching: https://s3.getstickerpack.com/storage/uploads/sticker-pack/pikachu/4.png?a15620715062e25ce71b7dd3da72c25c&d=200x200
[2022-01-25 11:13:02,795] {logging_mixin.py:104} INFO - [INFO] fetching: https://www.freegame.games/wp-content/uploads/thumbs/gamemonetize/P/pokemon-pikachu.jpg
[2022-01-25 11:13:04,177] {logging_mixin.py:104} INFO - [INFO] fetching: https://d3ieicw58ybon5.cloudfront.net/ex/1200.630/20.119.632.332/u/69bd8a787a374c94830d9f9c87ead74d.jpg
[2022-01-25 11:13:04,684] {logging_mixin.py:104} INFO - [INFO] fetching: http://wallpoper.com/images/00/27/94/87/pokemon-pikachu_00279487.jpg
[2022-01-25 11:13:05,792] {logging_mixin.py:104} INFO - [INFO-DEL] deleting: /opt/airflow/dags/images/pikachu_148.jpeg
[2022-01-25 11:13:05,796] {logging_mixin.py:104} INFO - [INFO] making request for group 150-200 of 1000...
[2022-01-25 11:13:07,347] {logging_mixin.py:104} INFO - [INFO] saving images for group 150-200 of 1000...
[2022-01-25 11:13:07,357] {logging_mixin.py:104} INFO - [INFO] fetching: https://i.ytimg.com/vi/BOAIf1UlAdo/maxresdefault.jpg
[2022-01-25 11:13:07,866] {logging_mixin.py:104} INFO - [INFO] fetching: https://preview.redd.it/hqks5fn08n121.jpg?auto=webp&s=7fae60ab3637043644f2b61d29843ccd88a8ef92
[2022-01-25 11:13:08,768] {logging_mixin.py:104} INFO - [INFO] fetching: https://cdn.mos.cms.futurecdn.net/dqW4eWEXeU6J8tBpZTpqy5.jpg
[2022-01-25 11:13:10,678] {logging_mixin.py:104} INFO - [INFO] fetching: https://www.denofgeek.com/wp-content/uploads/2018/01/pikachu_0.jpg?fit=1280%2C720
[2022-01-25 11:13:11,456] {logging_mixin.py:104} INFO - [INFO] fetching: https://webgames.host/uploads/2018/09/super-pikachu.png
[2022-01-25 11:13:21,775] {logging_mixin.py:104} INFO - [INFO] fetching: https://preview.redd.it/ymgiku2clu231.jpg?auto=webp&s=11569dd2350e4f8e65867cb754e65119abfe8f47
[2022-01-25 11:13:23,029] {logging_mixin.py:104} INFO - [INFO] fetching: https://s3.us-east-1.amazonaws.com/dexerto-assets-production-cbbdf288/uploads/2020/02/16230146/pokemon-community-fat-pikachu-meme.jpg
[2022-01-25 11:13:26,340] {logging_mixin.py:104} INFO - [INFO] fetching: https://static1.gamerantimages.com/wordpress/wp-content/uploads/2020/08/pikachu-viral-song.jpg
[2022-01-25 11:13:27,283] {logging_mixin.py:104} INFO - [INFO] fetching: https://s2.megabrandsmedia.com/2018/07/18/16/40/33/r/1000x750/B4BGYOKfXw1531946433.jpeg
[2022-01-25 11:13:28,324] {logging_mixin.py:104} INFO - [INFO] fetching: https://static1.srcdn.com/wordpress/wp-content/uploads/2019/05/Pikachu-and-Psyduck-in-Detective-Pikachu-Social-Media-Image.jpg
[2022-01-25 11:13:29,346] {logging_mixin.py:104} INFO - [INFO] fetching: http://clipartmag.com/image/ash-and-pikachu-drawing-33.jpg
[2022-01-25 11:13:31,415] {logging_mixin.py:104} INFO - [INFO] fetching: https://imgix.ranker.com/list_img_v2/10497/2890497/original/2890497?w=817&h=427&fm=jpg&q=50&fit=crop
[2022-01-25 11:13:32,121] {logging_mixin.py:104} INFO - [INFO] fetching: https://wallup.net/wp-content/uploads/2019/10/726639-pokemon-pikachu-yellow-background-anime-series-character-748x468.jpg
[2022-01-25 11:13:33,934] {logging_mixin.py:104} INFO - [INFO] fetching: https://mir-s3-cdn-cf.behance.net/project_modules/1400/56f6e170109017.5d71da93da213.png
[2022-01-25 11:13:35,375] {logging_mixin.py:104} INFO - [INFO] fetching: https://s3.us-east-1.amazonaws.com/dexerto-assets-production-cbbdf288/uploads/2020/08/26080403/ashs-pikachu-on-verge-of-evolving-pokemon-journeys-23-years-franchise-icon.jpg
[2022-01-25 11:13:39,559] {logging_mixin.py:104} INFO - [INFO] fetching: https://imgix.ranker.com/user_node_img/50090/1001785516/original/pika-pika-photo-u2?fit=crop&fm=pjpg&q=60&w=650&dpr=2
[2022-01-25 11:13:40,055] {logging_mixin.py:104} INFO - [INFO] fetching: https://img1.cgtrader.com/items/2603799/0f31abff97/pikachu-avatar-3d-model-stl.jpg
[2022-01-25 11:13:41,047] {logging_mixin.py:104} INFO - [INFO] fetching: https://wallpapers.moviemania.io/phone/movie/447404/b7c4c6/pokemon-detective-pikachu-phone-wallpaper.jpg?w=1536&h=2732
[2022-01-25 11:13:46,966] {logging_mixin.py:104} INFO - [INFO] fetching: https://static.myfigurecollection.net/pics/figure/big/601061.jpg
[2022-01-25 11:13:49,929] {logging_mixin.py:104} INFO - [INFO] fetching: https://cdn.shopify.com/s/files/1/0973/9760/products/dp-front_grande.png?v=1490333719
[2022-01-25 11:13:50,409] {logging_mixin.py:104} INFO - [INFO] fetching: https://media1.tenor.com/images/9a6946b45ec921c700569f4081452e72/tenor.gif?itemid=17511287
[2022-01-25 11:13:52,401] {logging_mixin.py:104} INFO - [INFO] fetching: https://www.sbs.com.au/popasia/sites/sbs.com.au.popasia/files/styles/full/public/pikachu-hand-tongue.jpg?itok=qqBkKAoD&mtime=1496287897
[2022-01-25 11:13:53,748] {logging_mixin.py:104} INFO - [INFO] fetching: https://vamers.com/wp-content/uploads/2019/05/Vamers-Entertainment-Watch-Detective-Pikachu-online-for-free-Main-Banner.jpg
[2022-01-25 11:13:54,035] {logging_mixin.py:104} INFO - [INFO] fetching: https://nintendosoup.com/wp-content/uploads/2018/11/pikaface.jpg
[2022-01-25 11:13:57,076] {logging_mixin.py:104} INFO - [INFO] fetching: https://yt3.ggpht.com/a/AATXAJxivdGcHBwUzK8UmvTEps3YGCtJydgMO5659w=s900-c-k-c0xffffffff-no-rj-mo
[2022-01-25 11:13:57,625] {logging_mixin.py:104} INFO - [INFO] fetching: https://preview.redd.it/pwe8t028h8z21.png?auto=webp&s=de5cdb53f765760d0ae5f214a346cff0602b6484
[2022-01-25 11:13:59,658] {logging_mixin.py:104} INFO - [INFO] fetching: https://coloringanddrawings.com/images/cartoons/pikachu/pikachu-6763-660x400.jpg
[2022-01-25 11:14:02,524] {logging_mixin.py:104} INFO - [INFO] fetching: https://media.gq.com/photos/5c7574dd753fa976127daece/16:9/w_2560%2Cc_limit/POKEMON-DETECTIVE-PIKACHU-trailer-gq.jpg
[2022-01-25 11:14:03,837] {logging_mixin.py:104} INFO - [INFO] fetching: https://i2.wp.com/nintendosoup.com/wp-content/uploads/2020/04/pokemon-anime-pikachu-wound-apr182020.jpg?resize=1038%2C576&ssl=1
[2022-01-25 11:14:04,377] {logging_mixin.py:104} INFO - [INFO] fetching: http://37.media.tumblr.com/tumblr_ma74pdI9XA1rfrmrto1_500.gif
[2022-01-25 11:14:05,744] {logging_mixin.py:104} INFO - [INFO] fetching: https://i.pinimg.com/736x/f6/5c/81/f65c8192ecb025449d59ca6330788bbd--pikachu-tattoo-tattoo-designs.jpg
[2022-01-25 11:14:06,448] {logging_mixin.py:104} INFO - [INFO] fetching: https://static1.cbrimages.com/wordpress/wp-content/uploads/2019/12/Pikachu-Feature-Image-Cropped.jpg
[2022-01-25 11:14:06,875] {logging_mixin.py:104} INFO - [INFO] fetching: https://images.nintendolife.com/43ece59eb41ff/1280x720.jpg
[2022-01-25 11:14:07,292] {logging_mixin.py:104} INFO - [INFO] fetching: https://imgix.bustle.com/rehost/2016/9/14/3bddb9fb-8417-42bd-ad68-483047679620.png?w=1200&h=630&q=70&fit=crop&crop=faces&fm=jpg
[2022-01-25 11:14:09,808] {logging_mixin.py:104} INFO - [INFO] fetching: https://www.clipartkey.com/mpngs/m/141-1415360_pikachu-pikachu-text-png-hd.png
[2022-01-25 11:14:16,844] {logging_mixin.py:104} INFO - [INFO] fetching: https://static1.thegamerimages.com/wordpress/wp-content/uploads/2020/01/4-Emolga.jpg
[2022-01-25 11:14:17,428] {logging_mixin.py:104} INFO - [INFO] fetching: https://n4.sdlcdn.com/imgs/h/t/n/Pikachu-Soft-Toy-Pokemon-Go-SDL367898506-1-deb81.jpeg
[2022-01-25 11:14:18,488] {logging_mixin.py:104} INFO - [INFO] fetching: https://static.highsnobiety.com/thumbor/-mTLqRJdT9Aifk_mTdGDPAXXN-Q=/960x574/static.highsnobiety.com/wp-content/uploads/2019/04/10213038/detective-pikachu-casting-trailer-00.jpg
[2022-01-25 11:14:18,993] {logging_mixin.py:104} INFO - [INFO] fetching: https://static.highsnobiety.com/thumbor/7ELpqzNO8bXj6FllyvQwB-hG07Q=/800x480/static.highsnobiety.com/wp-content/uploads/2019/05/02194319/detective-pikachu-destiny-tv-spot-feature.jpg
[2022-01-25 11:14:19,341] {logging_mixin.py:104} INFO - [INFO] fetching: https://static1.srcdn.com/wordpress/wp-content/uploads/2019/02/Detective-Pikachu-Deadpool-mashup.jpg
[2022-01-25 11:14:19,770] {logging_mixin.py:104} INFO - [INFO] fetching: https://thumbs.dreamstime.com/z/pikachu-icon-sign-symbol-color-website-design-mobile-app-development-simple-element-pokemon-go-collection-isolated-160919313.jpg
[2022-01-25 11:14:20,327] {logging_mixin.py:104} INFO - [INFO] fetching: https://img1.cgtrader.com/items/2768654/129e72dbf8/pikachu-kyuubi-cosplay-3d-model-stl.jpg
[2022-01-25 11:14:20,990] {logging_mixin.py:104} INFO - [INFO] fetching: https://yt3.ggpht.com/a-/AN66SAzucpUPWGG0C__KYAqZXQJNhC8z2shWX-c3-w=s900-mo-c-c0xffffffff-rj-k-no
[2022-01-25 11:14:22,078] {logging_mixin.py:104} INFO - [INFO] fetching: https://www.madmagazine.com/sites/default/files/field/image/MT_PIKACHUREYNOLDS_5bea167d255a54.24007099.png
[2022-01-25 11:14:26,285] {logging_mixin.py:104} INFO - [INFO] fetching: https://s2.megabrandsmedia.com/products/megabloks-806c7f09158b8645cb82279278d44e22-1494960068-fjn61-19989.jpg
[2022-01-25 11:14:26,573] {logging_mixin.py:104} INFO - [INFO] fetching: https://static.dribbble.com/users/1231052/screenshots/2833614/shibapika.jpg
[2022-01-25 11:14:28,412] {logging_mixin.py:104} INFO - [INFO] fetching: https://www.gamespot.com/a/uploads/screen_kubrick/171/1712892/3532655-mewtwo.jpg
[2022-01-25 11:14:30,429] {logging_mixin.py:104} INFO - [INFO] fetching: https://assets.3dtotal.com/1.pcpkfh.expanded.9ix.jpg
[2022-01-25 11:14:30,927] {logging_mixin.py:104} INFO - [INFO] fetching: https://d1lss44hh2trtw.cloudfront.net/assets/article/2019/04/22/pikahug_feature.png
[2022-01-25 11:14:31,457] {logging_mixin.py:104} INFO - [INFO] fetching: http://hdqwalls.com/wallpapers/pokemon-detective-pikachu-4k-art-aw.jpg
[2022-01-25 11:14:36,204] {logging_mixin.py:104} INFO - [INFO] making request for group 200-250 of 1000...
[2022-01-25 11:14:37,751] {logging_mixin.py:104} INFO - [INFO] saving images for group 200-250 of 1000...
[2022-01-25 11:14:37,752] {logging_mixin.py:104} INFO - [INFO] fetching: https://cdn.myminifactory.com/assets/object-assets/5c8be2a16ed93/images/pokemon-pikachu327.JPG
[2022-01-25 11:14:48,735] {logging_mixin.py:104} INFO - [INFO] fetching: https://external-preview.redd.it/21ByTbZ564IqVWGr2KS0p6W1t3n4iZ_kh1e6SHKAt4c.jpg?width=640&crop=smart&auto=webp&s=ba59c329ca91846b22a9d22d09641735e1b64867
[2022-01-25 11:14:49,315] {logging_mixin.py:104} INFO - [INFO] fetching: https://scale.coolshop-cdn.com/product-media.coolshop-cdn.com/234K5Z/023172b404f648afad160d1bbb97f05a.jpg/f/pokemon-pikachu-xl-lamp-mdieotbbn11356.jpg?borderless=1&width=1920
[2022-01-25 11:14:49,891] {logging_mixin.py:104} INFO - [INFO] fetching: https://www.pokemoncenter.com/products/images/P2931/701-00071/P2931_701-00071_01.jpg
[2022-01-25 11:14:51,575] {logging_mixin.py:104} INFO - [INFO] fetching: https://d1lss44hh2trtw.cloudfront.net/assets/article/2019/04/22/pikahug_feature.png
[2022-01-25 11:14:52,791] {logging_mixin.py:104} INFO - [INFO] fetching: https://static2.gamerantimages.com/wordpress/wp-content/uploads/2020/10/pokemon-partner-cap-pikachu-banner.jpg
[2022-01-25 11:14:53,224] {logging_mixin.py:104} INFO - [INFO] fetching: https://images.metadata.sky.com/pd-image/aa2ccf5b-f102-4ef8-8456-8604f82c9705/16-9
[2022-01-25 11:14:56,583] {logging_mixin.py:104} INFO - [INFO] fetching: https://burningtreegaming.com/wp-content/uploads/2020/10/Takara-Tomy-4-Inch-Figurine-Pokemon-Pikachu-Gigantamax-Form.jpg
[2022-01-25 11:15:00,361] {logging_mixin.py:104} INFO - [INFO] fetching: https://www.pokemoncenter.com/products/images/P4315/701-03544/P4315_701-03544_01.jpg
[2022-01-25 11:15:01,080] {logging_mixin.py:104} INFO - [INFO] fetching: https://buzz.tt/media/posters/2405/posters_1_1500.jpg
[2022-01-25 11:15:07,181] {logging_mixin.py:104} INFO - [INFO] fetching: https://www.desicomments.com/wp-content/uploads/Pikachu-With-Mustache-Old-Aged-Look.jpg
[2022-01-25 11:15:07,486] {logging_mixin.py:104} INFO - [INFO] fetching: https://wegotthiscovered.com/wp-content/uploads/2019/01/Detective-Pikachu.jpeg
[2022-01-25 11:15:07,965] {logging_mixin.py:104} INFO - [INFO] fetching: http://cdn.shopify.com/s/files/1/1433/5988/products/Pika_grande.jpg?v=1482223575
[2022-01-25 11:15:08,127] {logging_mixin.py:104} INFO - [INFO] fetching: https://www.fortressofsolitude.co.za/wp-content/uploads/2019/02/Pokemon-Detective-Pikachu.jpg
[2022-01-25 11:15:08,406] {logging_mixin.py:104} INFO - [INFO] fetching: https://yourdailylama.com/wp-content/uploads/2018/11/detective-pikachu-1.jpg.optimal.jpg
[2022-01-25 11:15:10,092] {logging_mixin.py:104} INFO - [INFO] fetching: https://www.bbtoystore.com/mm5/pokemon/PK_TPL08_S3_pikachu-frowning-T19310.jpg
[2022-01-25 11:15:12,863] {logging_mixin.py:104} INFO - [INFO] fetching: https://wallpapercave.com/wp/wp8906979.png
[2022-01-25 11:15:14,683] {logging_mixin.py:104} INFO - [INFO] fetching: https://omegalock.co.uk/6878-thickbox_default/cine-home-pokemon-detective-pikachu.jpg
[2022-01-25 11:15:16,626] {logging_mixin.py:104} INFO - [INFO] fetching: https://images.wallpapersden.com/image/download/detective-pikachu_64578_3840x2160.jpg
[2022-01-25 11:15:23,036] {logging_mixin.py:104} INFO - [INFO] fetching: https://s2.megabrandsmedia.com/products/megabloks-f18fa5f1b75d6db07f1aca4d2dbb69c2-1508167148-fnl92-21907.jpg
[2022-01-25 11:15:23,289] {logging_mixin.py:104} INFO - [INFO] fetching: https://img1.cgtrader.com/items/2768654/129e72dbf8/pikachu-kyuubi-cosplay-3d-model-stl.jpg
[2022-01-25 11:15:24,126] {logging_mixin.py:104} INFO - [INFO] fetching: https://s01.sgp1.cdn.digitaloceanspaces.com/article/119298-tqvoskxurz-1557394806.jpg
[2022-01-25 11:15:24,611] {logging_mixin.py:104} INFO - [INFO] fetching: https://static0.thegamerimages.com/wordpress/wp-content/uploads/2020/03/Sonic-Beats-Detective-Pikachu.jpg
[2022-01-25 11:15:24,837] {logging_mixin.py:104} INFO - [INFO] fetching: https://nintendosoup.com/wp-content/uploads/2020/02/Ash-Pikachu-1.jpg
[2022-01-25 11:15:26,630] {logging_mixin.py:104} INFO - [INFO] fetching: https://buzz.tt/media/posters/2405/backdrops_4_1500.jpg
[2022-01-25 11:15:34,578] {logging_mixin.py:104} INFO - [INFO] fetching: https://media.pocketmonsters.net/imageboard/29/15578625950086.jpg
[2022-01-25 11:15:37,048] {logging_mixin.py:104} INFO - [INFO] fetching: https://nbpostgazette.com/wp-content/uploads/2019/02/heres-the-first-trailer-detective-pikachu-starring-ryan-reynolds-social.jpg
[2022-01-25 11:15:40,282] {logging_mixin.py:104} INFO - [INFO] fetching: http://jigsawpuzzles.online/king-include/uploads/pokemon-pikachu-game-map-board-territory-mania-3710643392.jpg
[2022-01-25 11:15:40,881] {logging_mixin.py:104} INFO - [INFO-DEL] deleting: /opt/airflow/dags/images/pikachu_224.jpeg
[2022-01-25 11:15:40,884] {logging_mixin.py:104} INFO - [INFO] fetching: http://static1.squarespace.com/static/56cdc4478259b5c112bb2285/56cf3a3a40261d197e1bd6ea/5d35e455c8680c0001b62675/1563813731199/pokemon.jpg?format=1500w
[2022-01-25 11:15:42,525] {logging_mixin.py:104} INFO - [INFO] fetching: https://www.clipartkey.com/mpngs/m/25-259809_evolved-version-of-pikachu-pokemon-raichu.png
[2022-01-25 11:16:03,011] {logging_mixin.py:104} INFO - [INFO] fetching: https://s2.megabrandsmedia.com/products/megabloks-90799c5dc02b90723e2f30c4f368b491-1493649325-fjn61-19746.jpg
[2022-01-25 11:16:03,572] {logging_mixin.py:104} INFO - [INFO] fetching: https://preview.redd.it/ar2qxjupkp541.jpg?auto=webp&s=169a00bda42a696c6a19e8d332bda34cce40376e
[2022-01-25 11:16:06,650] {logging_mixin.py:104} INFO - [INFO] fetching: https://static3.srcdn.com/wordpress/wp-content/uploads/2019/05/5.-Pokemon-Fusion.jpg
[2022-01-25 11:16:08,285] {logging_mixin.py:104} INFO - [INFO] fetching: https://i.ytimg.com/vi/HeGO0c0aJ80/maxresdefault.jpg
[2022-01-25 11:16:09,220] {logging_mixin.py:104} INFO - [INFO] fetching: https://fsa.zobj.net/crop.php?r=uHAgcPaHZsMQqckeVLytkqOQ3d4w_Rlnod8SfNFA9aUFdMUmQp-j41pBt3bId2ki16BuoDWy0XjEGGu2EgJex8dMFtLlyRJ1UAf2wKTCA-dUNoq3qRVQc1_ctR0PgaSBMFHt870QSFtzpfOY
[2022-01-25 11:16:09,856] {logging_mixin.py:104} INFO - [INFO] fetching: https://images.launchbox-app.com/bf9892db-98e5-4d82-9294-4f66609a8b29.jpg
[2022-01-25 11:16:12,688] {logging_mixin.py:104} INFO - [INFO] fetching: https://www.starpng.com/public/uploads/preview/yellow-pikachu-face-tranaparent-png-image-101577092029pdlkipc9qy.jpg
[2022-01-25 11:16:16,944] {logging_mixin.py:104} INFO - [INFO] fetching: https://art.ngfiles.com/images/771000/771772_zsloth_pikachu-libre.png?f1546571609
[2022-01-25 11:16:20,516] {logging_mixin.py:104} INFO - [INFO] fetching: https://static1.thegamerimages.com/wordpress/wp-content/uploads/2017/08/pikachu-beat-up.jpg
[2022-01-25 11:16:20,754] {logging_mixin.py:104} INFO - [INFO] fetching: https://androidcommunity.com/wp-content/uploads/2017/06/Shiny-Pikachu.jpg
[2022-01-25 11:16:24,646] {logging_mixin.py:104} INFO - [INFO] fetching: https://static0.thegamerimages.com/wordpress/wp-content/uploads/2020/11/Pokemon-Pikachu-Attacks-Trio.jpg
[2022-01-25 11:16:24,901] {logging_mixin.py:104} INFO - [INFO] fetching: https://static.tumblr.com/c4afa18619e7f4ba3a72cf869dd21ed8/eybk5yk/YDKmu2acr/tumblr_static_pikachu.full.997159.jpg
[2022-01-25 11:16:25,268] {logging_mixin.py:104} INFO - [INFO] fetching: http://cdn.shopify.com/s/files/1/2534/8132/products/ABPID50400-Pokemon_20Pikachu_20Cherry_20Blossom_20Tree-convert-20200918020958700956_1200x1200.jpg?v=1606214834
[2022-01-25 11:16:25,609] {logging_mixin.py:104} INFO - [INFO] fetching: https://www.denofgeek.com/wp-content/uploads/2018/05/pikachu.jpg?resize=768%2C432
[2022-01-25 11:16:25,903] {logging_mixin.py:104} INFO - [INFO] fetching: https://animetos.com/wp-content/uploads/2021/01/img_6057-600x600.jpg
[2022-01-25 11:16:28,281] {logging_mixin.py:104} INFO - [INFO] fetching: https://webstockreview.net/images/pikachu-clipart-aesthetic-12.png
[2022-01-25 11:16:32,395] {logging_mixin.py:104} INFO - [INFO] fetching: https://pngimg.com/uploads/pokemon/pokemon_PNG104.png
[2022-01-25 11:16:33,012] {logging_mixin.py:104} INFO - [INFO] fetching: https://qph.fs.quoracdn.net/main-qimg-123952843cabd1bd0e108b234df09074
[2022-01-25 11:16:33,689] {logging_mixin.py:104} INFO - [INFO] fetching: https://www.pokemoncenter.com/products/images/P5171/710-04138/P5171_710-04138_01.jpg
[2022-01-25 11:16:35,561] {logging_mixin.py:104} INFO - [INFO] fetching: https://vignette.wikia.nocookie.net/herofanon/images/4/43/Pikachu_(Character_What)0001.JPG/revision/latest?cb=20150201172245
[2022-01-25 11:16:37,045] {logging_mixin.py:104} INFO - [INFO] making request for group 250-300 of 1000...
[2022-01-25 11:16:38,407] {logging_mixin.py:104} INFO - [INFO] saving images for group 250-300 of 1000...
[2022-01-25 11:16:38,410] {logging_mixin.py:104} INFO - [INFO] fetching: https://wallpapers.moviemania.io/phone/movie/447404/b7c4c6/pokemon-detective-pikachu-phone-wallpaper.jpg?w=1536&h=2732
[2022-01-25 11:16:41,295] {logging_mixin.py:104} INFO - [INFO] fetching: https://images.wallpapersden.com/image/download/poster-of-detective-pikachu-pokemon-movie_64732_3535x5000.jpg
[2022-01-25 11:16:52,830] {logging_mixin.py:104} INFO - [INFO] fetching: https://financerewind.com/wp-content/uploads/2020/08/Detective-Pikachu-2-02-2048x852.jpeg
[2022-01-25 11:16:55,313] {logging_mixin.py:104} INFO - [INFO] fetching: http://hdqwalls.com/wallpapers/pokemon-detective-pikachu-4k-art-aw.jpg
[2022-01-25 11:16:58,609] {logging_mixin.py:104} INFO - [INFO] fetching: https://yt3.ggpht.com/a/AATXAJyQUsSJzMANXg0IyelFxoJOgs1CzKfAAiftqw=s900-c-k-c0xffffffff-no-rj-mo
[2022-01-25 11:17:00,352] {logging_mixin.py:104} INFO - [INFO] fetching: https://www.nerdspan.com/wp-content/uploads/2019/05/pikachu-featured.jpg
[2022-01-25 11:17:01,495] {logging_mixin.py:104} INFO - [INFO-DEL] deleting: /opt/airflow/dags/images/pikachu_252.jpeg
[2022-01-25 11:17:01,499] {logging_mixin.py:104} INFO - [INFO] fetching: https://filmmusicreporter.com/wp-content/uploads/2019/04/pokemon-1.jpg
[2022-01-25 11:17:03,910] {logging_mixin.py:104} INFO - [INFO] fetching: https://static0.thegamerimages.com/wordpress/wp-content/uploads/2020/10/Pikachu-Cap-Pokemon-Sword-Shield-Cover.jpg
[2022-01-25 11:17:04,515] {logging_mixin.py:104} INFO - [INFO] fetching: http://img.game.co.uk/ml2/7/6/9/0/769029_gen_a.png
[2022-01-25 11:17:06,984] {logging_mixin.py:104} INFO - [INFO] fetching: https://static2.srcdn.com/wordpress/wp-content/uploads/2019/07/Pikachu-andMewtwo-Detective-Pikachu.jpg
[2022-01-25 11:17:09,019] {logging_mixin.py:104} INFO - [INFO] fetching: https://financerewind.com/wp-content/uploads/2020/07/pikachu-hat.jpg
[2022-01-25 11:17:11,158] {logging_mixin.py:104} INFO - [INFO] fetching: https://thepopinsider.com/wp-content/uploads/2019/05/WarnerBros_PokemonDetectivePikachu_featured.jpg
[2022-01-25 11:17:13,154] {logging_mixin.py:104} INFO - [INFO-DEL] deleting: /opt/airflow/dags/images/pikachu_258.jpeg
[2022-01-25 11:17:13,156] {logging_mixin.py:104} INFO - [INFO] fetching: https://www.animationxpress.com/wp-content/uploads/2020/08/Ashs-Pikachu.png
[2022-01-25 11:17:16,622] {logging_mixin.py:104} INFO - [INFO] fetching: https://press.ikidane-nippon.com/wordpress/wp-content/uploads/2019/03/a0032605-8.jpg
[2022-01-25 11:17:18,404] {logging_mixin.py:104} INFO - [INFO] fetching: https://omegalock.co.uk/6876-thickbox_default/cine-home-pokemon-detective-pikachu.jpg
[2022-01-25 11:17:20,232] {logging_mixin.py:104} INFO - [INFO] fetching: https://www.cchsvoice.org/wp-content/uploads/2019/05/pokemon-detective-pikachu-i72452.jpg
[2022-01-25 11:17:21,731] {logging_mixin.py:104} INFO - [INFO-DEL] deleting: /opt/airflow/dags/images/pikachu_262.jpeg
[2022-01-25 11:17:21,736] {logging_mixin.py:104} INFO - [INFO] fetching: https://static1.srcdn.com/wordpress/wp-content/uploads/2019/05/Pikachu-and-Psyduck-in-Detective-Pikachu-Social-Media-Image.jpg
[2022-01-25 11:17:22,305] {logging_mixin.py:104} INFO - [INFO] fetching: https://johnlewis.scene7.com/is/image/JohnLewis/238569490?$rsp-pdp-port-1440$
[2022-01-25 11:17:24,456] {logging_mixin.py:104} INFO - [INFO] fetching: https://cms.landmarkcinemas.com/media/398678/1280x720-detpikachu-trailer-2.jpg
[2022-01-25 11:17:28,984] {logging_mixin.py:104} INFO - [INFO] fetching: https://www.pcclean.io/wp-content/gallery/pokemon-detective-pikachu-wallpapers/POK%C3%89MON-10.jpg
[2022-01-25 11:17:33,945] {logging_mixin.py:104} INFO - [INFO] fetching: https://media.gq.com/photos/5cd4490a1f8a4eff2ddda8e4/16:9/w_1280,c_limit/There-Could-Be-No-More-Perfect-Pikachu-Than-Ryan-Reynolds-gq.jpg?mbid=social_retweet
[2022-01-25 11:17:35,909] {logging_mixin.py:104} INFO - [INFO] fetching: https://cdn.vox-cdn.com/thumbor/XYU8h0-kx4TSzKGPJECNSMIcRq0=/98x0:600x282/1600x900/cdn.vox-cdn.com/uploads/chorus_image/image/51451397/Screen_Shot_2016-10-21_at_10.54.49_AM.0.0.png
[2022-01-25 11:17:38,486] {logging_mixin.py:104} INFO - [INFO] fetching: https://www.anime-planet.com/images/characters/ashs-pikachu-3980.jpg
[2022-01-25 11:17:39,420] {logging_mixin.py:104} INFO - [INFO] fetching: https://images-wixmp-ed30a86b8c4ca887773594c2.wixmp.com/f/8d248591-a877-4e56-894b-ffef8e95e7c3/dcro2ci-caf02fd4-cbc5-4303-bc12-99ab1d5f398f.png/v1/fill/w_1192,h_670,q_70,strp/pikachu__vector_version___pokemon__by_selflessdevotions_dcro2ci-pre.jpg?token=eyJ0eXAiOiJKV1QiLCJhbGciOiJIUzI1NiJ9.eyJzdWIiOiJ1cm46YXBwOjdlMGQxODg5ODIyNjQzNzNhNWYwZDQxNWVhMGQyNmUwIiwiaXNzIjoidXJuOmFwcDo3ZTBkMTg4OTgyMjY0MzczYTVmMGQ0MTVlYTBkMjZlMCIsIm9iaiI6W1t7ImhlaWdodCI6Ijw9MjE2MCIsInBhdGgiOiJcL2ZcLzhkMjQ4NTkxLWE4NzctNGU1Ni04OTRiLWZmZWY4ZTk1ZTdjM1wvZGNybzJjaS1jYWYwMmZkNC1jYmM1LTQzMDMtYmMxMi05OWFiMWQ1ZjM5OGYucG5nIiwid2lkdGgiOiI8PTM4NDAifV1dLCJhdWQiOlsidXJuOnNlcnZpY2U6aW1hZ2Uub3BlcmF0aW9ucyJdfQ.AAHk6P7bTPwVwhu-br34JT_HwvOc2KwcsD_axSPFgh0
[2022-01-25 11:17:40,786] {logging_mixin.py:104} INFO - [INFO] fetching: https://i2.wp.com/nintendosoup.com/wp-content/uploads/2020/04/pokemon-anime-pikachu-wound-apr182020.jpg?resize=1038%2C576&ssl=1
[2022-01-25 11:17:41,351] {logging_mixin.py:104} INFO - [INFO] fetching: http://www.baltana.com/files/wallpapers-14/Pikachu-Best-HD-Wallpaper-37644.jpg
[2022-01-25 11:17:47,595] {logging_mixin.py:104} INFO - [INFO] fetching: https://images.nintendolife.com/ced0b6dd3d27f/1280x720.jpg
[2022-01-25 11:17:48,250] {logging_mixin.py:104} INFO - [INFO] fetching: https://www.gamepur.com/wp-content/uploads/2020/02/Libre-Pikachu.jpg
[2022-01-25 11:17:49,182] {logging_mixin.py:104} INFO - [INFO] fetching: https://www.serishirts.com/27678-43884-tm_thickbox_default/pikachu-shirt-dancing-gangnam-style-brown.jpg
[2022-01-25 11:17:50,734] {logging_mixin.py:104} INFO - [INFO] fetching: https://imgix.bustle.com/rehost/2016/12/13/06bdadd0-8b61-4c30-9141-274a9a003ac1.PNG?w=1200&h=630&q=70&fit=crop&crop=faces&fm=jpg
[2022-01-25 11:17:53,761] {logging_mixin.py:104} INFO - [INFO] fetching: https://s3.amazonaws.com/colorslive/png/245469-K6Q1jWlKURaymZr_.png
[2022-01-25 11:17:57,595] {logging_mixin.py:104} INFO - [INFO] fetching: https://memegenerator.net/img/images/300x300/15262599.jpg
[2022-01-25 11:17:59,730] {logging_mixin.py:104} INFO - [INFO] fetching: https://n4.sdlcdn.com/imgs/h/t/n/Pikachu-Soft-Toy-Pokemon-Go-SDL367898506-1-deb81.jpeg
[2022-01-25 11:18:00,493] {logging_mixin.py:104} INFO - [INFO] fetching: https://wallpapercave.com/wp/SnEsAr8.jpg
[2022-01-25 11:18:01,307] {logging_mixin.py:104} INFO - [INFO] fetching: https://animetos.com/wp-content/uploads/2021/01/img_6063-600x600.jpg
[2022-01-25 11:18:03,674] {logging_mixin.py:104} INFO - [INFO] fetching: http://image-cdn.neatoshop.com/styleimg/32608/none/lightturquoise/default/248318-19.jpg
[2022-01-25 11:18:05,978] {logging_mixin.py:104} INFO - [INFO] fetching: https://static3.gamerantimages.com/wordpress/wp-content/uploads/Pokemon-GO-rare-Pikachu.jpg
[2022-01-25 11:18:08,495] {logging_mixin.py:104} INFO - [INFO] fetching: https://i.ytimg.com/vi/NZnFvDr1yEA/maxresdefault.jpg
[2022-01-25 11:18:09,437] {logging_mixin.py:104} INFO - [INFO] fetching: https://www.pokemoncenter.com/wcsstore/PokemonCatalogAssetStore/images/catalog/products/P5216/701-04151/P5216_701-04151_01.jpg
[2022-01-25 11:18:12,153] {logging_mixin.py:104} INFO - [INFO] fetching: https://otakuusamagazine.com/wp-content/uploads/2018/02/detectivepikachugametrailer.jpg
[2022-01-25 11:18:25,827] {logging_mixin.py:104} INFO - [ERROR]:  ('Connection aborted.', OSError(0, 'Error'))
[2022-01-25 11:18:25,836] {logging_mixin.py:104} INFO - [INFO] fetching: https://picon.ngfiles.com/679000/flash_679617_largest_crop.jpg?f1471312435
[2022-01-25 11:18:35,868] {logging_mixin.py:104} INFO - [ERROR]:  HTTPSConnectionPool(host='picon.ngfiles.com', port=443): Max retries exceeded with url: /679000/flash_679617_largest_crop.jpg?f1471312435 (Caused by NewConnectionError('<urllib3.connection.HTTPSConnection object at 0x7f5cdef82d30>: Failed to establish a new connection: [Errno -3] Temporary failure in name resolution',))
[2022-01-25 11:18:35,869] {logging_mixin.py:104} INFO - [INFO] fetching: https://preview.redd.it/ar2qxjupkp541.jpg?auto=webp&s=169a00bda42a696c6a19e8d332bda34cce40376e
[2022-01-25 11:18:45,919] {logging_mixin.py:104} INFO - [ERROR]:  HTTPSConnectionPool(host='preview.redd.it', port=443): Max retries exceeded with url: /ar2qxjupkp541.jpg?auto=webp&s=169a00bda42a696c6a19e8d332bda34cce40376e (Caused by NewConnectionError('<urllib3.connection.HTTPSConnection object at 0x7f5cdef82438>: Failed to establish a new connection: [Errno -3] Temporary failure in name resolution',))
[2022-01-25 11:18:45,930] {logging_mixin.py:104} INFO - [INFO] fetching: http://i.ytimg.com/vi/XhdipGGS3yM/maxresdefault.jpg
[2022-01-25 11:18:47,027] {logging_mixin.py:104} INFO - [INFO] fetching: https://static3.srcdn.com/wordpress/wp-content/uploads/2019/05/5.-Pokemon-Fusion.jpg
[2022-01-25 11:18:48,920] {logging_mixin.py:104} INFO - [INFO] fetching: https://reelgood.com.au/app/uploads/2019/05/ddp.jpg
[2022-01-25 11:18:51,536] {logging_mixin.py:104} INFO - [INFO] fetching: https://images.wallpapersden.com/image/download/detective-pikachu_64578_3840x2160.jpg
[2022-01-25 11:19:05,147] {logging_mixin.py:104} INFO - [INFO] fetching: https://3.bp.blogspot.com/-xcMfsfJqwQU/T6AOy1ukFUI/AAAAAAAAAI0/x1takxscszA/s1600/Pikaman.png
[2022-01-25 11:19:16,479] {logging_mixin.py:104} INFO - [ERROR]:  ('Connection aborted.', RemoteDisconnected('Remote end closed connection without response',))
[2022-01-25 11:19:16,491] {logging_mixin.py:104} INFO - [INFO] fetching: http://www.baltana.com/files/wallpapers-14/Pikachu-Background-HD-Wallpapers-37641.jpg
[2022-01-25 11:19:21,730] {logging_mixin.py:104} INFO - [INFO] fetching: https://www.pokemoncenter.com/products/images/P5171/710-04138/P5171_710-04138_01.jpg
[2022-01-25 11:19:31,746] {logging_mixin.py:104} INFO - [ERROR]:  HTTPSConnectionPool(host='www.pokemoncenter.com', port=443): Max retries exceeded with url: /products/images/P5171/710-04138/P5171_710-04138_01.jpg (Caused by NewConnectionError('<urllib3.connection.HTTPSConnection object at 0x7f5cdeed10b8>: Failed to establish a new connection: [Errno -3] Temporary failure in name resolution',))
[2022-01-25 11:19:31,747] {logging_mixin.py:104} INFO - [INFO] fetching: https://www.onlinetoys.com.au/19663/pokemon-power-action-pikachu.jpg
[2022-01-25 11:19:34,079] {logging_mixin.py:104} INFO - [INFO] making request for group 300-350 of 1000...
[2022-01-25 11:19:44,139] {taskinstance.py:1455} ERROR - HTTPSConnectionPool(host='api.bing.microsoft.com', port=443): Max retries exceeded with url: /v7.0/images/search/?q=pikachu&offset=300&count=50 (Caused by NewConnectionError('<urllib3.connection.HTTPSConnection object at 0x7f5cdeed15c0>: Failed to establish a new connection: [Errno -3] Temporary failure in name resolution',))
Traceback (most recent call last):
  File "/home/airflow/.local/lib/python3.6/site-packages/urllib3/connection.py", line 160, in _new_conn
    (self._dns_host, self.port), self.timeout, **extra_kw
  File "/home/airflow/.local/lib/python3.6/site-packages/urllib3/util/connection.py", line 61, in create_connection
    for res in socket.getaddrinfo(host, port, family, socket.SOCK_STREAM):
  File "/usr/local/lib/python3.6/socket.py", line 745, in getaddrinfo
    for res in _socket.getaddrinfo(host, port, family, type, proto, flags):
socket.gaierror: [Errno -3] Temporary failure in name resolution

During handling of the above exception, another exception occurred:

Traceback (most recent call last):
  File "/home/airflow/.local/lib/python3.6/site-packages/urllib3/connectionpool.py", line 677, in urlopen
    chunked=chunked,
  File "/home/airflow/.local/lib/python3.6/site-packages/urllib3/connectionpool.py", line 381, in _make_request
    self._validate_conn(conn)
  File "/home/airflow/.local/lib/python3.6/site-packages/urllib3/connectionpool.py", line 978, in _validate_conn
    conn.connect()
  File "/home/airflow/.local/lib/python3.6/site-packages/urllib3/connection.py", line 309, in connect
    conn = self._new_conn()
  File "/home/airflow/.local/lib/python3.6/site-packages/urllib3/connection.py", line 172, in _new_conn
    self, "Failed to establish a new connection: %s" % e
urllib3.exceptions.NewConnectionError: <urllib3.connection.HTTPSConnection object at 0x7f5cdeed15c0>: Failed to establish a new connection: [Errno -3] Temporary failure in name resolution

During handling of the above exception, another exception occurred:

Traceback (most recent call last):
  File "/home/airflow/.local/lib/python3.6/site-packages/requests/adapters.py", line 449, in send
    timeout=timeout
  File "/home/airflow/.local/lib/python3.6/site-packages/urllib3/connectionpool.py", line 727, in urlopen
    method, url, error=e, _pool=self, _stacktrace=sys.exc_info()[2]
  File "/home/airflow/.local/lib/python3.6/site-packages/urllib3/util/retry.py", line 446, in increment
    raise MaxRetryError(_pool, url, error or ResponseError(cause))
urllib3.exceptions.MaxRetryError: HTTPSConnectionPool(host='api.bing.microsoft.com', port=443): Max retries exceeded with url: /v7.0/images/search/?q=pikachu&offset=300&count=50 (Caused by NewConnectionError('<urllib3.connection.HTTPSConnection object at 0x7f5cdeed15c0>: Failed to establish a new connection: [Errno -3] Temporary failure in name resolution',))

During handling of the above exception, another exception occurred:

Traceback (most recent call last):
  File "/home/airflow/.local/lib/python3.6/site-packages/airflow/models/taskinstance.py", line 1112, in _run_raw_task
    self._prepare_and_execute_task_with_callbacks(context, task)
  File "/home/airflow/.local/lib/python3.6/site-packages/airflow/models/taskinstance.py", line 1285, in _prepare_and_execute_task_with_callbacks
    result = self._execute_task(context, task_copy)
  File "/home/airflow/.local/lib/python3.6/site-packages/airflow/models/taskinstance.py", line 1315, in _execute_task
    result = task_copy.execute(context=context)
  File "/home/airflow/.local/lib/python3.6/site-packages/airflow/operators/python.py", line 117, in execute
    return_value = self.execute_callable()
  File "/home/airflow/.local/lib/python3.6/site-packages/airflow/operators/python.py", line 128, in execute_callable
    return self.python_callable(*self.op_args, **self.op_kwargs)
  File "/opt/airflow/dags/bing_image_download.py", line 102, in bing_image_download
    search = requests.get(URL, headers=headers, params=params)
  File "/home/airflow/.local/lib/python3.6/site-packages/requests/api.py", line 76, in get
    return request('get', url, params=params, **kwargs)
  File "/home/airflow/.local/lib/python3.6/site-packages/requests/api.py", line 61, in request
    return session.request(method=method, url=url, **kwargs)
  File "/home/airflow/.local/lib/python3.6/site-packages/requests/sessions.py", line 542, in request
    resp = self.send(prep, **send_kwargs)
  File "/home/airflow/.local/lib/python3.6/site-packages/requests/sessions.py", line 655, in send
    r = adapter.send(request, **kwargs)
  File "/home/airflow/.local/lib/python3.6/site-packages/requests/adapters.py", line 516, in send
    raise ConnectionError(e, request=request)
requests.exceptions.ConnectionError: HTTPSConnectionPool(host='api.bing.microsoft.com', port=443): Max retries exceeded with url: /v7.0/images/search/?q=pikachu&offset=300&count=50 (Caused by NewConnectionError('<urllib3.connection.HTTPSConnection object at 0x7f5cdeed15c0>: Failed to establish a new connection: [Errno -3] Temporary failure in name resolution',))
[2022-01-25 11:19:44,273] {taskinstance.py:1503} INFO - Marking task as FAILED. dag_id=bing_image_download, task_id=bing_image_download, execution_date=20220125T110009, start_date=20220125T110748, end_date=20220125T111944
[2022-01-25 11:19:44,572] {local_task_job.py:146} INFO - Task exited with return code 1
