[2022-01-25 11:17:38,541] {taskinstance.py:851} INFO - Dependencies all met for <TaskInstance: classification.check_data_exist 2022-01-25T11:12:24.583418+00:00 [queued]>
[2022-01-25 11:17:38,633] {taskinstance.py:851} INFO - Dependencies all met for <TaskInstance: classification.check_data_exist 2022-01-25T11:12:24.583418+00:00 [queued]>
[2022-01-25 11:17:38,642] {taskinstance.py:1042} INFO - 
--------------------------------------------------------------------------------
[2022-01-25 11:17:38,644] {taskinstance.py:1043} INFO - Starting attempt 1 of 2
[2022-01-25 11:17:38,644] {taskinstance.py:1044} INFO - 
--------------------------------------------------------------------------------
[2022-01-25 11:17:38,721] {taskinstance.py:1063} INFO - Executing <Task(BranchPythonOperator): check_data_exist> on 2022-01-25T11:12:24.583418+00:00
[2022-01-25 11:17:38,754] {standard_task_runner.py:52} INFO - Started process 32279 to run task
[2022-01-25 11:17:38,790] {standard_task_runner.py:76} INFO - Running: ['airflow', 'tasks', 'run', 'classification', 'check_data_exist', '2022-01-25T11:12:24.583418+00:00', '--job-id', '123', '--pool', 'default_pool', '--raw', '--subdir', 'DAGS_FOLDER/classification.py', '--cfg-path', '/tmp/tmp5ne86s52', '--error-file', '/tmp/tmps1x8qfn1']
[2022-01-25 11:17:38,799] {standard_task_runner.py:77} INFO - Job 123: Subtask check_data_exist
[2022-01-25 11:17:39,053] {logging_mixin.py:104} INFO - Running <TaskInstance: classification.check_data_exist 2022-01-25T11:12:24.583418+00:00 [running]> on host 54a54d544bf0
[2022-01-25 11:17:39,467] {taskinstance.py:1257} INFO - Exporting the following env vars:
AIRFLOW_CTX_DAG_OWNER=airflow
AIRFLOW_CTX_DAG_ID=classification
AIRFLOW_CTX_TASK_ID=check_data_exist
AIRFLOW_CTX_EXECUTION_DATE=2022-01-25T11:12:24.583418+00:00
AIRFLOW_CTX_DAG_RUN_ID=scheduled__2022-01-25T11:12:24.583418+00:00
[2022-01-25 11:17:40,314] {logging_mixin.py:104} INFO - pikachu_0.jpeg
[2022-01-25 11:17:40,323] {logging_mixin.py:104} INFO - pikachu_0.png
[2022-01-25 11:17:40,351] {logging_mixin.py:104} INFO - pikachu_1.jpeg
[2022-01-25 11:17:40,367] {logging_mixin.py:104} INFO - pikachu_1.png
[2022-01-25 11:17:40,373] {logging_mixin.py:104} INFO - pikachu_10.jpeg
[2022-01-25 11:17:40,374] {logging_mixin.py:104} INFO - pikachu_10.png
[2022-01-25 11:17:40,384] {logging_mixin.py:104} INFO - pikachu_100.jpeg
[2022-01-25 11:17:40,399] {logging_mixin.py:104} INFO - pikachu_101.jpeg
[2022-01-25 11:17:40,415] {logging_mixin.py:104} INFO - pikachu_102.jpeg
[2022-01-25 11:17:40,416] {logging_mixin.py:104} INFO - pikachu_103.jpeg
[2022-01-25 11:17:40,431] {logging_mixin.py:104} INFO - pikachu_104.jpeg
[2022-01-25 11:17:40,433] {logging_mixin.py:104} INFO - pikachu_105.jpeg
[2022-01-25 11:17:40,447] {logging_mixin.py:104} INFO - pikachu_106.jpeg
[2022-01-25 11:17:40,448] {logging_mixin.py:104} INFO - pikachu_107.jpeg
[2022-01-25 11:17:40,464] {logging_mixin.py:104} INFO - pikachu_108.jpeg
[2022-01-25 11:17:40,465] {logging_mixin.py:104} INFO - pikachu_109.jpeg
[2022-01-25 11:17:40,480] {logging_mixin.py:104} INFO - pikachu_11.jpeg
[2022-01-25 11:17:40,496] {logging_mixin.py:104} INFO - pikachu_110.jpeg
[2022-01-25 11:17:40,512] {logging_mixin.py:104} INFO - pikachu_111.jpeg
[2022-01-25 11:17:40,528] {logging_mixin.py:104} INFO - pikachu_112.jpeg
[2022-01-25 11:17:40,544] {logging_mixin.py:104} INFO - pikachu_113.jpeg
[2022-01-25 11:17:40,576] {logging_mixin.py:104} INFO - pikachu_114.jpeg
[2022-01-25 11:17:40,592] {logging_mixin.py:104} INFO - pikachu_114.png
[2022-01-25 11:17:40,608] {logging_mixin.py:104} INFO - pikachu_115.jpeg
[2022-01-25 11:17:40,629] {logging_mixin.py:104} INFO - pikachu_116.jpeg
[2022-01-25 11:17:40,645] {logging_mixin.py:104} INFO - pikachu_116.png
[2022-01-25 11:17:40,647] {logging_mixin.py:104} INFO - pikachu_117.jpeg
[2022-01-25 11:17:40,660] {logging_mixin.py:104} INFO - pikachu_118.jpeg
[2022-01-25 11:17:40,695] {logging_mixin.py:104} INFO - pikachu_119.jpeg
[2022-01-25 11:17:40,698] {logging_mixin.py:104} INFO - pikachu_12.jpeg
[2022-01-25 11:17:40,701] {logging_mixin.py:104} INFO - pikachu_120.jpeg
[2022-01-25 11:17:40,728] {logging_mixin.py:104} INFO - pikachu_121.jpeg
[2022-01-25 11:17:40,733] {logging_mixin.py:104} INFO - pikachu_122.jpeg
[2022-01-25 11:17:40,735] {logging_mixin.py:104} INFO - pikachu_123.jpeg
[2022-01-25 11:17:40,736] {logging_mixin.py:104} INFO - pikachu_124.jpeg
[2022-01-25 11:17:40,744] {logging_mixin.py:104} INFO - pikachu_125.jpeg
[2022-01-25 11:17:40,767] {logging_mixin.py:104} INFO - pikachu_126.jpeg
[2022-01-25 11:17:40,783] {logging_mixin.py:104} INFO - pikachu_127.jpeg
[2022-01-25 11:17:40,784] {logging_mixin.py:104} INFO - pikachu_128.jpeg
[2022-01-25 11:17:40,785] {logging_mixin.py:104} INFO - pikachu_129.jpeg
[2022-01-25 11:17:40,786] {logging_mixin.py:104} INFO - pikachu_13.jpeg
[2022-01-25 11:17:40,801] {logging_mixin.py:104} INFO - pikachu_130.jpeg
[2022-01-25 11:17:40,801] {logging_mixin.py:104} INFO - pikachu_131.jpeg
[2022-01-25 11:17:40,802] {logging_mixin.py:104} INFO - pikachu_132.jpeg
[2022-01-25 11:17:40,803] {logging_mixin.py:104} INFO - pikachu_132.png
[2022-01-25 11:17:40,804] {logging_mixin.py:104} INFO - pikachu_133.jpeg
[2022-01-25 11:17:40,811] {logging_mixin.py:104} INFO - pikachu_134.jpeg
[2022-01-25 11:17:40,832] {logging_mixin.py:104} INFO - pikachu_134.png
[2022-01-25 11:17:40,834] {logging_mixin.py:104} INFO - pikachu_135.jpeg
[2022-01-25 11:17:40,834] {logging_mixin.py:104} INFO - pikachu_136.jpeg
[2022-01-25 11:17:40,835] {logging_mixin.py:104} INFO - pikachu_137.jpeg
[2022-01-25 11:17:40,836] {logging_mixin.py:104} INFO - pikachu_137.png
[2022-01-25 11:17:40,836] {logging_mixin.py:104} INFO - pikachu_138.jpeg
[2022-01-25 11:17:40,837] {logging_mixin.py:104} INFO - pikachu_138.png
[2022-01-25 11:17:40,838] {logging_mixin.py:104} INFO - pikachu_139.jpeg
[2022-01-25 11:17:40,848] {logging_mixin.py:104} INFO - pikachu_14.jpeg
[2022-01-25 11:17:40,852] {logging_mixin.py:104} INFO - pikachu_14.png
[2022-01-25 11:17:40,859] {logging_mixin.py:104} INFO - pikachu_140.jpeg
[2022-01-25 11:17:40,869] {logging_mixin.py:104} INFO - pikachu_140.png
[2022-01-25 11:17:40,871] {logging_mixin.py:104} INFO - pikachu_141.jpeg
[2022-01-25 11:17:40,898] {logging_mixin.py:104} INFO - pikachu_141.png
[2022-01-25 11:17:40,910] {logging_mixin.py:104} INFO - pikachu_142.jpeg
[2022-01-25 11:17:40,925] {logging_mixin.py:104} INFO - pikachu_142.png
[2022-01-25 11:17:40,931] {logging_mixin.py:104} INFO - pikachu_143.jpeg
[2022-01-25 11:17:40,932] {logging_mixin.py:104} INFO - pikachu_143.png
[2022-01-25 11:17:40,933] {logging_mixin.py:104} INFO - pikachu_144.jpeg
[2022-01-25 11:17:40,949] {logging_mixin.py:104} INFO - pikachu_144.png
[2022-01-25 11:17:40,958] {logging_mixin.py:104} INFO - pikachu_145.jpeg
[2022-01-25 11:17:40,966] {logging_mixin.py:104} INFO - pikachu_145.png
[2022-01-25 11:17:40,966] {logging_mixin.py:104} INFO - pikachu_146.jpeg
[2022-01-25 11:17:40,967] {logging_mixin.py:104} INFO - pikachu_147.jpeg
[2022-01-25 11:17:40,967] {logging_mixin.py:104} INFO - pikachu_148.jpeg
[2022-01-25 11:17:40,968] {logging_mixin.py:104} INFO - pikachu_149.jpeg
[2022-01-25 11:17:40,968] {logging_mixin.py:104} INFO - pikachu_149.png
[2022-01-25 11:17:40,969] {logging_mixin.py:104} INFO - pikachu_15.jpeg
[2022-01-25 11:17:40,990] {logging_mixin.py:104} INFO - pikachu_15.png
[2022-01-25 11:17:40,998] {logging_mixin.py:104} INFO - pikachu_150.jpeg
[2022-01-25 11:17:41,000] {logging_mixin.py:104} INFO - pikachu_151.jpeg
[2022-01-25 11:17:41,001] {logging_mixin.py:104} INFO - pikachu_152.jpeg
[2022-01-25 11:17:41,014] {logging_mixin.py:104} INFO - pikachu_153.png
[2022-01-25 11:17:41,018] {logging_mixin.py:104} INFO - pikachu_154.jpeg
[2022-01-25 11:17:41,039] {logging_mixin.py:104} INFO - pikachu_155.jpeg
[2022-01-25 11:17:41,044] {logging_mixin.py:104} INFO - pikachu_156.jpeg
[2022-01-25 11:17:41,045] {logging_mixin.py:104} INFO - pikachu_157.jpeg
[2022-01-25 11:17:41,046] {logging_mixin.py:104} INFO - pikachu_158.jpeg
[2022-01-25 11:17:41,046] {logging_mixin.py:104} INFO - pikachu_159.jpeg
[2022-01-25 11:17:41,047] {logging_mixin.py:104} INFO - pikachu_16.jpeg
[2022-01-25 11:17:41,049] {logging_mixin.py:104} INFO - pikachu_16.png
[2022-01-25 11:17:41,061] {logging_mixin.py:104} INFO - pikachu_160.jpeg
[2022-01-25 11:17:41,071] {logging_mixin.py:104} INFO - pikachu_160.png
[2022-01-25 11:17:41,087] {logging_mixin.py:104} INFO - pikachu_161.jpeg
[2022-01-25 11:17:41,103] {logging_mixin.py:104} INFO - pikachu_162.png
[2022-01-25 11:17:41,116] {logging_mixin.py:104} INFO - pikachu_163.jpeg
[2022-01-25 11:17:41,118] {logging_mixin.py:104} INFO - pikachu_164.jpeg
[2022-01-25 11:17:41,128] {logging_mixin.py:104} INFO - pikachu_165.jpeg
[2022-01-25 11:17:41,130] {logging_mixin.py:104} INFO - pikachu_166.jpeg
[2022-01-25 11:17:41,147] {logging_mixin.py:104} INFO - pikachu_167.jpeg
[2022-01-25 11:17:41,156] {logging_mixin.py:104} INFO - pikachu_168.jpeg
[2022-01-25 11:17:41,172] {logging_mixin.py:104} INFO - pikachu_168.png
[2022-01-25 11:17:41,186] {logging_mixin.py:104} INFO - pikachu_169.jpeg
[2022-01-25 11:17:41,189] {logging_mixin.py:104} INFO - pikachu_17.jpeg
[2022-01-25 11:17:41,199] {logging_mixin.py:104} INFO - pikachu_17.png
[2022-01-25 11:17:41,206] {logging_mixin.py:104} INFO - pikachu_170.jpeg
[2022-01-25 11:17:41,214] {logging_mixin.py:104} INFO - pikachu_171.jpeg
[2022-01-25 11:17:41,216] {logging_mixin.py:104} INFO - pikachu_172.jpeg
[2022-01-25 11:17:41,218] {logging_mixin.py:104} INFO - pikachu_173.png
[2022-01-25 11:17:41,220] {logging_mixin.py:104} INFO - pikachu_174.jpeg
[2022-01-25 11:17:41,223] {logging_mixin.py:104} INFO - pikachu_175.jpeg
[2022-01-25 11:17:41,223] {logging_mixin.py:104} INFO - pikachu_176.jpeg
[2022-01-25 11:17:41,227] {logging_mixin.py:104} INFO - pikachu_177.jpeg
[2022-01-25 11:17:41,229] {logging_mixin.py:104} INFO - pikachu_178.jpeg
[2022-01-25 11:17:41,230] {logging_mixin.py:104} INFO - pikachu_179.jpeg
[2022-01-25 11:17:41,231] {logging_mixin.py:104} INFO - pikachu_18.jpeg
[2022-01-25 11:17:41,232] {logging_mixin.py:104} INFO - pikachu_18.png
[2022-01-25 11:17:41,234] {logging_mixin.py:104} INFO - pikachu_180.jpeg
[2022-01-25 11:17:41,234] {logging_mixin.py:104} INFO - pikachu_181.png
[2022-01-25 11:17:41,236] {logging_mixin.py:104} INFO - pikachu_182.jpeg
[2022-01-25 11:17:41,237] {logging_mixin.py:104} INFO - pikachu_183.jpeg
[2022-01-25 11:17:41,240] {logging_mixin.py:104} INFO - pikachu_184.jpeg
[2022-01-25 11:17:41,249] {logging_mixin.py:104} INFO - pikachu_185.jpeg
[2022-01-25 11:17:41,251] {logging_mixin.py:104} INFO - pikachu_186.jpeg
[2022-01-25 11:17:41,253] {logging_mixin.py:104} INFO - pikachu_186.png
[2022-01-25 11:17:41,256] {logging_mixin.py:104} INFO - pikachu_187.jpeg
[2022-01-25 11:17:41,258] {logging_mixin.py:104} INFO - pikachu_188.jpeg
[2022-01-25 11:17:41,259] {logging_mixin.py:104} INFO - pikachu_189.jpeg
[2022-01-25 11:17:41,263] {logging_mixin.py:104} INFO - pikachu_19.jpeg
[2022-01-25 11:17:41,264] {logging_mixin.py:104} INFO - pikachu_19.png
[2022-01-25 11:17:41,265] {logging_mixin.py:104} INFO - pikachu_190.jpeg
[2022-01-25 11:17:41,265] {logging_mixin.py:104} INFO - pikachu_190.png
[2022-01-25 11:17:41,266] {logging_mixin.py:104} INFO - pikachu_191.jpeg
[2022-01-25 11:17:41,269] {logging_mixin.py:104} INFO - pikachu_192.jpeg
[2022-01-25 11:17:41,270] {logging_mixin.py:104} INFO - pikachu_193.jpeg
[2022-01-25 11:17:41,274] {logging_mixin.py:104} INFO - pikachu_194.jpeg
[2022-01-25 11:17:41,274] {logging_mixin.py:104} INFO - pikachu_195.png
[2022-01-25 11:17:41,276] {logging_mixin.py:104} INFO - pikachu_196.jpeg
[2022-01-25 11:17:41,277] {logging_mixin.py:104} INFO - pikachu_197.jpeg
[2022-01-25 11:17:41,279] {logging_mixin.py:104} INFO - pikachu_198.jpeg
[2022-01-25 11:17:41,279] {logging_mixin.py:104} INFO - pikachu_199.jpeg
[2022-01-25 11:17:41,281] {logging_mixin.py:104} INFO - pikachu_2.png
[2022-01-25 11:17:41,283] {logging_mixin.py:104} INFO - pikachu_20.jpeg
[2022-01-25 11:17:41,285] {logging_mixin.py:104} INFO - pikachu_20.png
[2022-01-25 11:17:41,286] {logging_mixin.py:104} INFO - pikachu_200.jpeg
[2022-01-25 11:17:41,287] {logging_mixin.py:104} INFO - pikachu_200.png
[2022-01-25 11:17:41,300] {logging_mixin.py:104} INFO - pikachu_201.jpeg
[2022-01-25 11:17:41,303] {logging_mixin.py:104} INFO - pikachu_201.png
[2022-01-25 11:17:41,309] {logging_mixin.py:104} INFO - pikachu_202.jpeg
[2022-01-25 11:17:41,311] {logging_mixin.py:104} INFO - pikachu_203.jpeg
[2022-01-25 11:17:41,316] {logging_mixin.py:104} INFO - pikachu_204.jpeg
[2022-01-25 11:17:41,317] {logging_mixin.py:104} INFO - pikachu_205.jpeg
[2022-01-25 11:17:41,317] {logging_mixin.py:104} INFO - pikachu_206.jpeg
[2022-01-25 11:17:41,319] {logging_mixin.py:104} INFO - pikachu_207.jpeg
[2022-01-25 11:17:41,322] {logging_mixin.py:104} INFO - pikachu_208.jpeg
[2022-01-25 11:17:41,324] {logging_mixin.py:104} INFO - pikachu_209.jpeg
[2022-01-25 11:17:41,325] {logging_mixin.py:104} INFO - pikachu_21.jpeg
[2022-01-25 11:17:41,326] {logging_mixin.py:104} INFO - pikachu_21.png
[2022-01-25 11:17:41,327] {logging_mixin.py:104} INFO - pikachu_210.jpeg
[2022-01-25 11:17:41,328] {logging_mixin.py:104} INFO - pikachu_211.jpeg
[2022-01-25 11:17:41,331] {logging_mixin.py:104} INFO - pikachu_212.jpeg
[2022-01-25 11:17:41,335] {logging_mixin.py:104} INFO - pikachu_212.png
[2022-01-25 11:17:41,337] {logging_mixin.py:104} INFO - pikachu_213.jpeg
[2022-01-25 11:17:41,338] {logging_mixin.py:104} INFO - pikachu_213.png
[2022-01-25 11:17:41,340] {logging_mixin.py:104} INFO - pikachu_214.jpeg
[2022-01-25 11:17:41,344] {logging_mixin.py:104} INFO - pikachu_215.jpeg
[2022-01-25 11:17:41,345] {logging_mixin.py:104} INFO - pikachu_216.jpeg
[2022-01-25 11:17:41,350] {logging_mixin.py:104} INFO - pikachu_217.jpeg
[2022-01-25 11:17:41,355] {logging_mixin.py:104} INFO - pikachu_218.jpeg
[2022-01-25 11:17:41,357] {logging_mixin.py:104} INFO - pikachu_219.jpeg
[2022-01-25 11:17:41,369] {logging_mixin.py:104} INFO - pikachu_22.jpeg
[2022-01-25 11:17:41,370] {logging_mixin.py:104} INFO - pikachu_220.jpeg
[2022-01-25 11:17:41,386] {logging_mixin.py:104} INFO - pikachu_220.png
[2022-01-25 11:17:41,394] {logging_mixin.py:104} INFO - pikachu_221.jpeg
[2022-01-25 11:17:41,395] {logging_mixin.py:104} INFO - pikachu_222.jpeg
[2022-01-25 11:17:41,403] {logging_mixin.py:104} INFO - pikachu_223.jpeg
[2022-01-25 11:17:41,404] {logging_mixin.py:104} INFO - pikachu_224.jpeg
[2022-01-25 11:17:41,414] {logging_mixin.py:104} INFO - pikachu_225.jpeg
[2022-01-25 11:17:41,423] {logging_mixin.py:104} INFO - pikachu_226.jpeg
[2022-01-25 11:17:41,425] {logging_mixin.py:104} INFO - pikachu_226.png
[2022-01-25 11:17:41,431] {logging_mixin.py:104} INFO - pikachu_227.jpeg
[2022-01-25 11:17:41,432] {logging_mixin.py:104} INFO - pikachu_228.jpeg
[2022-01-25 11:17:41,444] {logging_mixin.py:104} INFO - pikachu_229.jpeg
[2022-01-25 11:17:41,456] {logging_mixin.py:104} INFO - pikachu_23.jpeg
[2022-01-25 11:17:41,464] {logging_mixin.py:104} INFO - pikachu_230.jpeg
[2022-01-25 11:17:41,464] {logging_mixin.py:104} INFO - pikachu_230.png
[2022-01-25 11:17:41,466] {logging_mixin.py:104} INFO - pikachu_231.jpeg
[2022-01-25 11:17:41,468] {logging_mixin.py:104} INFO - pikachu_232.jpeg
[2022-01-25 11:17:41,477] {logging_mixin.py:104} INFO - pikachu_233.jpeg
[2022-01-25 11:17:41,479] {logging_mixin.py:104} INFO - pikachu_234.jpeg
[2022-01-25 11:17:41,480] {logging_mixin.py:104} INFO - pikachu_234.png
[2022-01-25 11:17:41,489] {logging_mixin.py:104} INFO - pikachu_235.jpeg
[2022-01-25 11:17:41,495] {logging_mixin.py:104} INFO - pikachu_236.jpeg
[2022-01-25 11:17:41,495] {logging_mixin.py:104} INFO - pikachu_237.jpeg
[2022-01-25 11:17:41,496] {logging_mixin.py:104} INFO - pikachu_238.jpeg
[2022-01-25 11:17:41,498] {logging_mixin.py:104} INFO - pikachu_239.jpeg
[2022-01-25 11:17:41,498] {logging_mixin.py:104} INFO - pikachu_239.png
[2022-01-25 11:17:41,499] {logging_mixin.py:104} INFO - pikachu_24.jpeg
[2022-01-25 11:17:41,499] {logging_mixin.py:104} INFO - pikachu_240.jpeg
[2022-01-25 11:17:41,500] {logging_mixin.py:104} INFO - pikachu_241.jpeg
[2022-01-25 11:17:41,500] {logging_mixin.py:104} INFO - pikachu_241.png
[2022-01-25 11:17:41,501] {logging_mixin.py:104} INFO - pikachu_242.jpeg
[2022-01-25 11:17:41,502] {logging_mixin.py:104} INFO - pikachu_242.png
[2022-01-25 11:17:41,503] {logging_mixin.py:104} INFO - pikachu_243.jpeg
[2022-01-25 11:17:41,503] {logging_mixin.py:104} INFO - pikachu_243.png
[2022-01-25 11:17:41,504] {logging_mixin.py:104} INFO - pikachu_244.png
[2022-01-25 11:17:41,505] {logging_mixin.py:104} INFO - pikachu_245.jpeg
[2022-01-25 11:17:41,507] {logging_mixin.py:104} INFO - pikachu_246.jpeg
[2022-01-25 11:17:41,507] {logging_mixin.py:104} INFO - pikachu_247.jpeg
[2022-01-25 11:17:41,509] {logging_mixin.py:104} INFO - pikachu_248.jpeg
[2022-01-25 11:17:41,510] {logging_mixin.py:104} INFO - pikachu_248.png
[2022-01-25 11:17:41,511] {logging_mixin.py:104} INFO - pikachu_249.jpeg
[2022-01-25 11:17:41,512] {logging_mixin.py:104} INFO - pikachu_249.png
[2022-01-25 11:17:41,513] {logging_mixin.py:104} INFO - pikachu_25.jpeg
[2022-01-25 11:17:41,514] {logging_mixin.py:104} INFO - pikachu_25.png
[2022-01-25 11:17:41,514] {logging_mixin.py:104} INFO - pikachu_250.jpeg
[2022-01-25 11:17:41,515] {logging_mixin.py:104} INFO - pikachu_251.jpeg
[2022-01-25 11:17:41,515] {logging_mixin.py:104} INFO - pikachu_252.jpeg
[2022-01-25 11:17:41,516] {logging_mixin.py:104} INFO - pikachu_253.jpeg
[2022-01-25 11:17:41,516] {logging_mixin.py:104} INFO - pikachu_254.jpeg
[2022-01-25 11:17:41,517] {logging_mixin.py:104} INFO - pikachu_255.jpeg
[2022-01-25 11:17:41,518] {logging_mixin.py:104} INFO - pikachu_256.jpeg
[2022-01-25 11:17:41,518] {logging_mixin.py:104} INFO - pikachu_257.jpeg
[2022-01-25 11:17:41,519] {logging_mixin.py:104} INFO - pikachu_258.jpeg
[2022-01-25 11:17:41,520] {logging_mixin.py:104} INFO - pikachu_259.jpeg
[2022-01-25 11:17:41,520] {logging_mixin.py:104} INFO - pikachu_259.png
[2022-01-25 11:17:41,524] {logging_mixin.py:104} INFO - pikachu_26.jpeg
[2022-01-25 11:17:41,525] {logging_mixin.py:104} INFO - pikachu_26.png
[2022-01-25 11:17:41,526] {logging_mixin.py:104} INFO - pikachu_260.jpeg
[2022-01-25 11:17:41,526] {logging_mixin.py:104} INFO - pikachu_260.png
[2022-01-25 11:17:41,527] {logging_mixin.py:104} INFO - pikachu_261.jpeg
[2022-01-25 11:17:41,527] {logging_mixin.py:104} INFO - pikachu_262.jpeg
[2022-01-25 11:17:41,528] {logging_mixin.py:104} INFO - pikachu_263.jpeg
[2022-01-25 11:17:41,529] {logging_mixin.py:104} INFO - pikachu_263.png
[2022-01-25 11:17:41,529] {logging_mixin.py:104} INFO - pikachu_264.jpeg
[2022-01-25 11:17:41,533] {logging_mixin.py:104} INFO - pikachu_264.png
[2022-01-25 11:17:41,534] {logging_mixin.py:104} INFO - pikachu_265.jpeg
[2022-01-25 11:17:41,534] {logging_mixin.py:104} INFO - pikachu_266.jpeg
[2022-01-25 11:17:41,535] {logging_mixin.py:104} INFO - pikachu_266.png
[2022-01-25 11:17:41,535] {logging_mixin.py:104} INFO - pikachu_267.jpeg
[2022-01-25 11:17:41,536] {logging_mixin.py:104} INFO - pikachu_268.jpeg
[2022-01-25 11:17:41,536] {logging_mixin.py:104} INFO - pikachu_268.png
[2022-01-25 11:17:41,537] {logging_mixin.py:104} INFO - pikachu_269.jpeg
[2022-01-25 11:17:41,539] {logging_mixin.py:104} INFO - pikachu_269.png
[2022-01-25 11:17:41,539] {logging_mixin.py:104} INFO - pikachu_27.jpeg
[2022-01-25 11:17:41,540] {logging_mixin.py:104} INFO - pikachu_27.png
[2022-01-25 11:17:41,541] {logging_mixin.py:104} INFO - pikachu_270.jpeg
[2022-01-25 11:17:41,543] {logging_mixin.py:104} INFO - pikachu_271.jpeg
[2022-01-25 11:17:41,545] {logging_mixin.py:104} INFO - pikachu_272.jpeg
[2022-01-25 11:17:41,546] {logging_mixin.py:104} INFO - pikachu_273.jpeg
[2022-01-25 11:17:41,547] {logging_mixin.py:104} INFO - pikachu_274.jpeg
[2022-01-25 11:17:41,548] {logging_mixin.py:104} INFO - pikachu_275.jpeg
[2022-01-25 11:17:41,548] {logging_mixin.py:104} INFO - pikachu_276.png
[2022-01-25 11:17:41,549] {logging_mixin.py:104} INFO - pikachu_277.jpeg
[2022-01-25 11:17:41,550] {logging_mixin.py:104} INFO - pikachu_278.jpeg
[2022-01-25 11:17:41,551] {logging_mixin.py:104} INFO - pikachu_279.png
[2022-01-25 11:17:41,552] {logging_mixin.py:104} INFO - pikachu_28.jpeg
[2022-01-25 11:17:41,556] {logging_mixin.py:104} INFO - pikachu_28.png
[2022-01-25 11:17:41,556] {logging_mixin.py:104} INFO - pikachu_280.jpeg
[2022-01-25 11:17:41,557] {logging_mixin.py:104} INFO - pikachu_281.jpeg
[2022-01-25 11:17:41,557] {logging_mixin.py:104} INFO - pikachu_282.jpeg
[2022-01-25 11:17:41,558] {logging_mixin.py:104} INFO - pikachu_283.jpeg
[2022-01-25 11:17:41,559] {logging_mixin.py:104} INFO - pikachu_284.jpeg
[2022-01-25 11:17:41,567] {logging_mixin.py:104} INFO - pikachu_285.png
[2022-01-25 11:17:41,567] {logging_mixin.py:104} INFO - pikachu_286.jpeg
[2022-01-25 11:17:41,568] {logging_mixin.py:104} INFO - pikachu_287.jpeg
[2022-01-25 11:17:41,570] {logging_mixin.py:104} INFO - pikachu_288.jpeg
[2022-01-25 11:17:41,572] {logging_mixin.py:104} INFO - pikachu_289.png
[2022-01-25 11:17:41,573] {logging_mixin.py:104} INFO - pikachu_29.jpeg
[2022-01-25 11:17:41,574] {logging_mixin.py:104} INFO - pikachu_29.png
[2022-01-25 11:17:41,575] {logging_mixin.py:104} INFO - pikachu_290.jpeg
[2022-01-25 11:17:41,575] {logging_mixin.py:104} INFO - pikachu_291.jpeg
[2022-01-25 11:17:41,576] {logging_mixin.py:104} INFO - pikachu_292.png
[2022-01-25 11:17:41,577] {logging_mixin.py:104} INFO - pikachu_293.png
[2022-01-25 11:17:41,578] {logging_mixin.py:104} INFO - pikachu_294.jpeg
[2022-01-25 11:17:41,584] {logging_mixin.py:104} INFO - pikachu_295.jpeg
[2022-01-25 11:17:41,585] {logging_mixin.py:104} INFO - pikachu_296.jpeg
[2022-01-25 11:17:41,585] {logging_mixin.py:104} INFO - pikachu_297.png
[2022-01-25 11:17:41,586] {logging_mixin.py:104} INFO - pikachu_298.jpeg
[2022-01-25 11:17:41,587] {logging_mixin.py:104} INFO - pikachu_299.jpeg
[2022-01-25 11:17:41,588] {logging_mixin.py:104} INFO - pikachu_3.png
[2022-01-25 11:17:41,588] {logging_mixin.py:104} INFO - pikachu_30.jpeg
[2022-01-25 11:17:41,589] {logging_mixin.py:104} INFO - pikachu_30.png
[2022-01-25 11:17:41,589] {logging_mixin.py:104} INFO - pikachu_300.jpeg
[2022-01-25 11:17:41,590] {logging_mixin.py:104} INFO - pikachu_301.jpeg
[2022-01-25 11:17:41,591] {logging_mixin.py:104} INFO - pikachu_302.jpeg
[2022-01-25 11:17:41,591] {logging_mixin.py:104} INFO - pikachu_303.jpeg
[2022-01-25 11:17:41,592] {logging_mixin.py:104} INFO - pikachu_304.jpeg
[2022-01-25 11:17:41,592] {logging_mixin.py:104} INFO - pikachu_305.jpeg
[2022-01-25 11:17:41,593] {logging_mixin.py:104} INFO - pikachu_306.jpeg
[2022-01-25 11:17:41,593] {logging_mixin.py:104} INFO - pikachu_307.jpeg
[2022-01-25 11:17:41,594] {logging_mixin.py:104} INFO - pikachu_308.jpeg
[2022-01-25 11:17:41,594] {logging_mixin.py:104} INFO - pikachu_309.jpeg
[2022-01-25 11:17:41,595] {logging_mixin.py:104} INFO - pikachu_31.jpeg
[2022-01-25 11:17:41,595] {logging_mixin.py:104} INFO - pikachu_310.jpeg
[2022-01-25 11:17:41,596] {logging_mixin.py:104} INFO - pikachu_311.jpeg
[2022-01-25 11:17:41,596] {logging_mixin.py:104} INFO - pikachu_32.jpeg
[2022-01-25 11:17:41,597] {logging_mixin.py:104} INFO - pikachu_32.png
[2022-01-25 11:17:41,597] {logging_mixin.py:104} INFO - pikachu_33.jpeg
[2022-01-25 11:17:41,598] {logging_mixin.py:104} INFO - pikachu_33.png
[2022-01-25 11:17:41,598] {logging_mixin.py:104} INFO - pikachu_34.jpeg
[2022-01-25 11:17:41,599] {logging_mixin.py:104} INFO - pikachu_34.png
[2022-01-25 11:17:41,600] {logging_mixin.py:104} INFO - pikachu_35.jpeg
[2022-01-25 11:17:41,600] {logging_mixin.py:104} INFO - pikachu_35.png
[2022-01-25 11:17:41,601] {logging_mixin.py:104} INFO - pikachu_36.jpeg
[2022-01-25 11:17:41,601] {logging_mixin.py:104} INFO - pikachu_37.jpeg
[2022-01-25 11:17:41,602] {logging_mixin.py:104} INFO - pikachu_38.jpeg
[2022-01-25 11:17:41,603] {logging_mixin.py:104} INFO - pikachu_39.jpeg
[2022-01-25 11:17:41,604] {logging_mixin.py:104} INFO - pikachu_4.jpeg
[2022-01-25 11:17:41,606] {logging_mixin.py:104} INFO - pikachu_4.png
[2022-01-25 11:17:41,606] {logging_mixin.py:104} INFO - pikachu_40.jpeg
[2022-01-25 11:17:41,607] {logging_mixin.py:104} INFO - pikachu_41.jpeg
[2022-01-25 11:17:41,607] {logging_mixin.py:104} INFO - pikachu_42.jpeg
[2022-01-25 11:17:41,608] {logging_mixin.py:104} INFO - pikachu_43.jpeg
[2022-01-25 11:17:41,608] {logging_mixin.py:104} INFO - pikachu_44.jpeg
[2022-01-25 11:17:41,609] {logging_mixin.py:104} INFO - pikachu_45.jpeg
[2022-01-25 11:17:41,610] {logging_mixin.py:104} INFO - pikachu_45.png
[2022-01-25 11:17:41,611] {logging_mixin.py:104} INFO - pikachu_46.jpeg
[2022-01-25 11:17:41,611] {logging_mixin.py:104} INFO - pikachu_47.jpeg
[2022-01-25 11:17:41,612] {logging_mixin.py:104} INFO - pikachu_47.png
[2022-01-25 11:17:41,613] {logging_mixin.py:104} INFO - pikachu_48.jpeg
[2022-01-25 11:17:41,614] {logging_mixin.py:104} INFO - pikachu_48.png
[2022-01-25 11:17:41,614] {logging_mixin.py:104} INFO - pikachu_49.jpeg
[2022-01-25 11:17:41,615] {logging_mixin.py:104} INFO - pikachu_5.jpeg
[2022-01-25 11:17:41,616] {logging_mixin.py:104} INFO - pikachu_5.png
[2022-01-25 11:17:41,617] {logging_mixin.py:104} INFO - pikachu_50.jpeg
[2022-01-25 11:17:41,617] {logging_mixin.py:104} INFO - pikachu_50.png
[2022-01-25 11:17:41,618] {logging_mixin.py:104} INFO - pikachu_51.jpeg
[2022-01-25 11:17:41,619] {logging_mixin.py:104} INFO - pikachu_51.png
[2022-01-25 11:17:41,619] {logging_mixin.py:104} INFO - pikachu_52.jpeg
[2022-01-25 11:17:41,620] {logging_mixin.py:104} INFO - pikachu_52.png
[2022-01-25 11:17:41,622] {logging_mixin.py:104} INFO - pikachu_53.jpeg
[2022-01-25 11:17:41,623] {logging_mixin.py:104} INFO - pikachu_53.png
[2022-01-25 11:17:41,624] {logging_mixin.py:104} INFO - pikachu_54.jpeg
[2022-01-25 11:17:41,625] {logging_mixin.py:104} INFO - pikachu_54.png
[2022-01-25 11:17:41,625] {logging_mixin.py:104} INFO - pikachu_55.jpeg
[2022-01-25 11:17:41,626] {logging_mixin.py:104} INFO - pikachu_55.png
[2022-01-25 11:17:41,627] {logging_mixin.py:104} INFO - pikachu_56.jpeg
[2022-01-25 11:17:41,627] {logging_mixin.py:104} INFO - pikachu_56.png
[2022-01-25 11:17:41,630] {logging_mixin.py:104} INFO - pikachu_57.jpeg
[2022-01-25 11:17:41,630] {logging_mixin.py:104} INFO - pikachu_58.jpeg
[2022-01-25 11:17:41,631] {logging_mixin.py:104} INFO - pikachu_59.jpeg
[2022-01-25 11:17:41,634] {logging_mixin.py:104} INFO - pikachu_59.png
[2022-01-25 11:17:41,634] {logging_mixin.py:104} INFO - pikachu_6.jpeg
[2022-01-25 11:17:41,635] {logging_mixin.py:104} INFO - pikachu_60.jpeg
[2022-01-25 11:17:41,635] {logging_mixin.py:104} INFO - pikachu_60.png
[2022-01-25 11:17:41,636] {logging_mixin.py:104} INFO - pikachu_61.jpeg
[2022-01-25 11:17:41,636] {logging_mixin.py:104} INFO - pikachu_61.png
[2022-01-25 11:17:41,637] {logging_mixin.py:104} INFO - pikachu_62.jpeg
[2022-01-25 11:17:41,637] {logging_mixin.py:104} INFO - pikachu_63.jpeg
[2022-01-25 11:17:41,639] {logging_mixin.py:104} INFO - pikachu_64.jpeg
[2022-01-25 11:17:41,639] {logging_mixin.py:104} INFO - pikachu_65.jpeg
[2022-01-25 11:17:41,640] {logging_mixin.py:104} INFO - pikachu_66.jpeg
[2022-01-25 11:17:41,641] {logging_mixin.py:104} INFO - pikachu_67.jpeg
[2022-01-25 11:17:41,641] {logging_mixin.py:104} INFO - pikachu_68.jpeg
[2022-01-25 11:17:41,642] {logging_mixin.py:104} INFO - pikachu_69.jpeg
[2022-01-25 11:17:41,642] {logging_mixin.py:104} INFO - pikachu_7.png
[2022-01-25 11:17:41,643] {logging_mixin.py:104} INFO - pikachu_70.jpeg
[2022-01-25 11:17:41,644] {logging_mixin.py:104} INFO - pikachu_71.jpeg
[2022-01-25 11:17:41,644] {logging_mixin.py:104} INFO - pikachu_72.jpeg
[2022-01-25 11:17:41,645] {logging_mixin.py:104} INFO - pikachu_72.png
[2022-01-25 11:17:41,646] {logging_mixin.py:104} INFO - pikachu_73.jpeg
[2022-01-25 11:17:41,647] {logging_mixin.py:104} INFO - pikachu_73.png
[2022-01-25 11:17:41,648] {logging_mixin.py:104} INFO - pikachu_74.jpeg
[2022-01-25 11:17:41,649] {logging_mixin.py:104} INFO - pikachu_74.png
[2022-01-25 11:17:41,650] {logging_mixin.py:104} INFO - pikachu_75.jpeg
[2022-01-25 11:17:41,650] {logging_mixin.py:104} INFO - pikachu_76.jpeg
[2022-01-25 11:17:41,651] {logging_mixin.py:104} INFO - pikachu_76.png
[2022-01-25 11:17:41,657] {logging_mixin.py:104} INFO - pikachu_77.jpeg
[2022-01-25 11:17:41,660] {logging_mixin.py:104} INFO - pikachu_77.png
[2022-01-25 11:17:41,661] {logging_mixin.py:104} INFO - pikachu_78.jpeg
[2022-01-25 11:17:41,662] {logging_mixin.py:104} INFO - pikachu_78.png
[2022-01-25 11:17:41,663] {logging_mixin.py:104} INFO - pikachu_79.jpeg
[2022-01-25 11:17:41,664] {logging_mixin.py:104} INFO - pikachu_8.jpeg
[2022-01-25 11:17:41,665] {logging_mixin.py:104} INFO - pikachu_8.png
[2022-01-25 11:17:41,666] {logging_mixin.py:104} INFO - pikachu_80.jpeg
[2022-01-25 11:17:41,666] {logging_mixin.py:104} INFO - pikachu_81.jpeg
[2022-01-25 11:17:41,667] {logging_mixin.py:104} INFO - pikachu_82.jpeg
[2022-01-25 11:17:41,668] {logging_mixin.py:104} INFO - pikachu_83.jpeg
[2022-01-25 11:17:41,668] {logging_mixin.py:104} INFO - pikachu_83.png
[2022-01-25 11:17:41,669] {logging_mixin.py:104} INFO - pikachu_84.jpeg
[2022-01-25 11:17:41,670] {logging_mixin.py:104} INFO - pikachu_84.png
[2022-01-25 11:17:41,670] {logging_mixin.py:104} INFO - pikachu_85.jpeg
[2022-01-25 11:17:41,671] {logging_mixin.py:104} INFO - pikachu_85.png
[2022-01-25 11:17:41,674] {logging_mixin.py:104} INFO - pikachu_86.jpeg
[2022-01-25 11:17:41,675] {logging_mixin.py:104} INFO - pikachu_87.jpeg
[2022-01-25 11:17:41,676] {logging_mixin.py:104} INFO - pikachu_88.jpeg
[2022-01-25 11:17:41,678] {logging_mixin.py:104} INFO - pikachu_89.jpeg
[2022-01-25 11:17:41,679] {logging_mixin.py:104} INFO - pikachu_9.jpeg
[2022-01-25 11:17:41,680] {logging_mixin.py:104} INFO - pikachu_9.png
[2022-01-25 11:17:41,680] {logging_mixin.py:104} INFO - pikachu_90.jpeg
[2022-01-25 11:17:41,681] {logging_mixin.py:104} INFO - pikachu_90.png
[2022-01-25 11:17:41,681] {logging_mixin.py:104} INFO - pikachu_91.jpeg
[2022-01-25 11:17:41,682] {logging_mixin.py:104} INFO - pikachu_91.png
[2022-01-25 11:17:41,682] {logging_mixin.py:104} INFO - pikachu_92.jpeg
[2022-01-25 11:17:41,683] {logging_mixin.py:104} INFO - pikachu_92.png
[2022-01-25 11:17:41,683] {logging_mixin.py:104} INFO - pikachu_93.jpeg
[2022-01-25 11:17:41,685] {logging_mixin.py:104} INFO - pikachu_93.png
[2022-01-25 11:17:41,685] {logging_mixin.py:104} INFO - pikachu_94.jpeg
[2022-01-25 11:17:41,686] {logging_mixin.py:104} INFO - pikachu_94.png
[2022-01-25 11:17:41,687] {logging_mixin.py:104} INFO - pikachu_95.jpeg
[2022-01-25 11:17:41,687] {logging_mixin.py:104} INFO - pikachu_95.png
[2022-01-25 11:17:41,688] {logging_mixin.py:104} INFO - pikachu_96.jpeg
[2022-01-25 11:17:41,689] {logging_mixin.py:104} INFO - pikachu_96.png
[2022-01-25 11:17:41,690] {logging_mixin.py:104} INFO - pikachu_97.jpeg
[2022-01-25 11:17:41,690] {logging_mixin.py:104} INFO - pikachu_97.png
[2022-01-25 11:17:41,691] {logging_mixin.py:104} INFO - pikachu_98.jpeg
[2022-01-25 11:17:41,693] {logging_mixin.py:104} INFO - pikachu_98.png
[2022-01-25 11:17:41,697] {logging_mixin.py:104} INFO - pikachu_99.jpeg
[2022-01-25 11:17:41,698] {logging_mixin.py:104} INFO - --------------ti-----------------------
[2022-01-25 11:17:41,701] {logging_mixin.py:104} INFO - <TaskInstance: classification.check_data_exist 2022-01-25T11:12:24.583418+00:00 [running]>
[2022-01-25 11:17:41,703] {logging_mixin.py:104} INFO - ------------------------------
[2022-01-25 11:17:41,777] {python.py:118} INFO - Done. Returned value was: load_data
[2022-01-25 11:17:41,786] {skipmixin.py:124} INFO - Following branch load_data
[2022-01-25 11:17:41,833] {skipmixin.py:155} INFO - Skipping tasks []
[2022-01-25 11:17:42,058] {taskinstance.py:1166} INFO - Marking task as SUCCESS. dag_id=classification, task_id=check_data_exist, execution_date=20220125T111224, start_date=20220125T111738, end_date=20220125T111742
[2022-01-25 11:17:42,229] {taskinstance.py:1220} INFO - 1 downstream tasks scheduled from follow-on schedule check
[2022-01-25 11:17:42,296] {local_task_job.py:146} INFO - Task exited with return code 0
