[2022-01-26 04:25:54,182] {taskinstance.py:851} INFO - Dependencies all met for <TaskInstance: bing_image_download.bing_image_download 2022-01-26T04:25:49.347279+00:00 [queued]>
[2022-01-26 04:25:54,211] {taskinstance.py:851} INFO - Dependencies all met for <TaskInstance: bing_image_download.bing_image_download 2022-01-26T04:25:49.347279+00:00 [queued]>
[2022-01-26 04:25:54,212] {taskinstance.py:1042} INFO - 
--------------------------------------------------------------------------------
[2022-01-26 04:25:54,212] {taskinstance.py:1043} INFO - Starting attempt 1 of 2
[2022-01-26 04:25:54,213] {taskinstance.py:1044} INFO - 
--------------------------------------------------------------------------------
[2022-01-26 04:25:54,229] {taskinstance.py:1063} INFO - Executing <Task(PythonOperator): bing_image_download> on 2022-01-26T04:25:49.347279+00:00
[2022-01-26 04:25:54,235] {standard_task_runner.py:52} INFO - Started process 46 to run task
[2022-01-26 04:25:54,243] {standard_task_runner.py:76} INFO - Running: ['airflow', 'tasks', 'run', 'bing_image_download', 'bing_image_download', '2022-01-26T04:25:49.347279+00:00', '--job-id', '194', '--pool', 'default_pool', '--raw', '--subdir', 'DAGS_FOLDER/bing_image_download.py', '--cfg-path', '/tmp/tmp3n0ek79s', '--error-file', '/tmp/tmpc9qgnxh6']
[2022-01-26 04:25:54,244] {standard_task_runner.py:77} INFO - Job 194: Subtask bing_image_download
[2022-01-26 04:25:54,304] {logging_mixin.py:104} INFO - Running <TaskInstance: bing_image_download.bing_image_download 2022-01-26T04:25:49.347279+00:00 [running]> on host 115f9a25dda0
[2022-01-26 04:25:54,361] {taskinstance.py:1257} INFO - Exporting the following env vars:
AIRFLOW_CTX_DAG_OWNER=airflow
AIRFLOW_CTX_DAG_ID=bing_image_download
AIRFLOW_CTX_TASK_ID=bing_image_download
AIRFLOW_CTX_EXECUTION_DATE=2022-01-26T04:25:49.347279+00:00
AIRFLOW_CTX_DAG_RUN_ID=manual__2022-01-26T04:25:49.347279+00:00
[2022-01-26 04:25:54,368] {logging_mixin.py:104} INFO - [INFO] searching Bing API for 'pikachu'
[2022-01-26 04:25:55,910] {logging_mixin.py:104} INFO - [INFO] 50 total results for 'pikachu'
[2022-01-26 04:25:55,911] {logging_mixin.py:104} INFO - [INFO] searching Bing API for 'bulbasaur'
[2022-01-26 04:25:56,617] {logging_mixin.py:104} INFO - [INFO] 50 total results for 'bulbasaur'
[2022-01-26 04:25:56,618] {logging_mixin.py:104} INFO - [INFO] searching Bing API for 'charmander'
[2022-01-26 04:25:57,280] {logging_mixin.py:104} INFO - [INFO] 50 total results for 'charmander'
[2022-01-26 04:25:57,281] {python.py:118} INFO - Done. Returned value was: None
[2022-01-26 04:25:57,302] {taskinstance.py:1166} INFO - Marking task as SUCCESS. dag_id=bing_image_download, task_id=bing_image_download, execution_date=20220126T042549, start_date=20220126T042554, end_date=20220126T042557
[2022-01-26 04:25:57,346] {taskinstance.py:1220} INFO - 1 downstream tasks scheduled from follow-on schedule check
[2022-01-26 04:25:57,393] {local_task_job.py:146} INFO - Task exited with return code 0
