[2022-01-25 10:33:13,401] {taskinstance.py:851} INFO - Dependencies all met for <TaskInstance: classification.check_data_exist 2022-01-25T10:33:04.756865+00:00 [queued]>
[2022-01-25 10:33:13,417] {taskinstance.py:851} INFO - Dependencies all met for <TaskInstance: classification.check_data_exist 2022-01-25T10:33:04.756865+00:00 [queued]>
[2022-01-25 10:33:13,417] {taskinstance.py:1042} INFO - 
--------------------------------------------------------------------------------
[2022-01-25 10:33:13,418] {taskinstance.py:1043} INFO - Starting attempt 1 of 2
[2022-01-25 10:33:13,418] {taskinstance.py:1044} INFO - 
--------------------------------------------------------------------------------
[2022-01-25 10:33:13,446] {taskinstance.py:1063} INFO - Executing <Task(BranchPythonOperator): check_data_exist> on 2022-01-25T10:33:04.756865+00:00
[2022-01-25 10:33:13,454] {standard_task_runner.py:52} INFO - Started process 23587 to run task
[2022-01-25 10:33:13,461] {standard_task_runner.py:76} INFO - Running: ['airflow', 'tasks', 'run', 'classification', 'check_data_exist', '2022-01-25T10:33:04.756865+00:00', '--job-id', '79', '--pool', 'default_pool', '--raw', '--subdir', 'DAGS_FOLDER/classification.py', '--cfg-path', '/tmp/tmpw64mai9n', '--error-file', '/tmp/tmp7mwsfndn']
[2022-01-25 10:33:13,467] {standard_task_runner.py:77} INFO - Job 79: Subtask check_data_exist
[2022-01-25 10:33:13,532] {logging_mixin.py:104} INFO - Running <TaskInstance: classification.check_data_exist 2022-01-25T10:33:04.756865+00:00 [running]> on host 2dc98551bc76
[2022-01-25 10:33:13,596] {taskinstance.py:1257} INFO - Exporting the following env vars:
AIRFLOW_CTX_DAG_OWNER=airflow
AIRFLOW_CTX_DAG_ID=classification
AIRFLOW_CTX_TASK_ID=check_data_exist
AIRFLOW_CTX_EXECUTION_DATE=2022-01-25T10:33:04.756865+00:00
AIRFLOW_CTX_DAG_RUN_ID=manual__2022-01-25T10:33:04.756865+00:00
[2022-01-25 10:33:13,829] {logging_mixin.py:104} INFO - pikachu_1000.jpeg
[2022-01-25 10:33:13,829] {logging_mixin.py:104} INFO - pikachu_1001.jpeg
[2022-01-25 10:33:13,830] {logging_mixin.py:104} INFO - pikachu_1002.jpeg
[2022-01-25 10:33:13,830] {logging_mixin.py:104} INFO - pikachu_1003.png
[2022-01-25 10:33:13,831] {logging_mixin.py:104} INFO - pikachu_1004.png
[2022-01-25 10:33:13,831] {logging_mixin.py:104} INFO - pikachu_1006.jpeg
[2022-01-25 10:33:13,832] {logging_mixin.py:104} INFO - pikachu_1007.png
[2022-01-25 10:33:13,832] {logging_mixin.py:104} INFO - pikachu_1008.jpeg
[2022-01-25 10:33:13,833] {logging_mixin.py:104} INFO - pikachu_1009.png
[2022-01-25 10:33:13,833] {logging_mixin.py:104} INFO - pikachu_1010.png
[2022-01-25 10:33:13,834] {logging_mixin.py:104} INFO - pikachu_1011.jpeg
[2022-01-25 10:33:13,834] {logging_mixin.py:104} INFO - pikachu_1012.jpeg
[2022-01-25 10:33:13,834] {logging_mixin.py:104} INFO - pikachu_1013.jpeg
[2022-01-25 10:33:13,835] {logging_mixin.py:104} INFO - pikachu_1014.jpeg
[2022-01-25 10:33:13,835] {logging_mixin.py:104} INFO - pikachu_1015.jpeg
[2022-01-25 10:33:13,836] {logging_mixin.py:104} INFO - pikachu_1016.jpeg
[2022-01-25 10:33:13,836] {logging_mixin.py:104} INFO - pikachu_1017.jpeg
[2022-01-25 10:33:13,837] {logging_mixin.py:104} INFO - pikachu_1018.jpeg
[2022-01-25 10:33:13,837] {logging_mixin.py:104} INFO - pikachu_1020.jpeg
[2022-01-25 10:33:13,838] {logging_mixin.py:104} INFO - pikachu_1021.png
[2022-01-25 10:33:13,838] {logging_mixin.py:104} INFO - pikachu_1022.jpeg
[2022-01-25 10:33:13,839] {logging_mixin.py:104} INFO - pikachu_1023.png
[2022-01-25 10:33:13,841] {logging_mixin.py:104} INFO - pikachu_1024.jpeg
[2022-01-25 10:33:13,841] {logging_mixin.py:104} INFO - pikachu_1025.jpeg
[2022-01-25 10:33:13,843] {logging_mixin.py:104} INFO - pikachu_1026.jpeg
[2022-01-25 10:33:13,854] {logging_mixin.py:104} INFO - pikachu_1027.jpeg
[2022-01-25 10:33:13,880] {logging_mixin.py:104} INFO - pikachu_1028.png
[2022-01-25 10:33:13,891] {logging_mixin.py:104} INFO - pikachu_1029.png
[2022-01-25 10:33:13,913] {logging_mixin.py:104} INFO - pikachu_1030.png
[2022-01-25 10:33:13,923] {logging_mixin.py:104} INFO - pikachu_1031.jpeg
[2022-01-25 10:33:13,939] {logging_mixin.py:104} INFO - pikachu_1032.jpeg
[2022-01-25 10:33:13,959] {logging_mixin.py:104} INFO - pikachu_1033.jpeg
[2022-01-25 10:33:13,976] {logging_mixin.py:104} INFO - pikachu_1034.png
[2022-01-25 10:33:13,977] {logging_mixin.py:104} INFO - pikachu_1035.jpeg
[2022-01-25 10:33:13,978] {logging_mixin.py:104} INFO - pikachu_1036.jpeg
[2022-01-25 10:33:13,978] {logging_mixin.py:104} INFO - pikachu_1037.jpeg
[2022-01-25 10:33:13,979] {logging_mixin.py:104} INFO - pikachu_1038.jpeg
[2022-01-25 10:33:13,983] {logging_mixin.py:104} INFO - pikachu_1040.jpeg
[2022-01-25 10:33:13,988] {logging_mixin.py:104} INFO - pikachu_1041.jpeg
[2022-01-25 10:33:13,995] {logging_mixin.py:104} INFO - pikachu_1042.jpeg
[2022-01-25 10:33:13,996] {logging_mixin.py:104} INFO - pikachu_629.png
[2022-01-25 10:33:13,997] {logging_mixin.py:104} INFO - pikachu_630.jpeg
[2022-01-25 10:33:13,997] {logging_mixin.py:104} INFO - pikachu_631.jpeg
[2022-01-25 10:33:13,999] {logging_mixin.py:104} INFO - pikachu_633.jpeg
[2022-01-25 10:33:13,999] {logging_mixin.py:104} INFO - pikachu_634.jpeg
[2022-01-25 10:33:14,000] {logging_mixin.py:104} INFO - pikachu_635.jpeg
[2022-01-25 10:33:14,000] {logging_mixin.py:104} INFO - pikachu_636.jpeg
[2022-01-25 10:33:14,001] {logging_mixin.py:104} INFO - pikachu_637.jpeg
[2022-01-25 10:33:14,005] {logging_mixin.py:104} INFO - pikachu_638.jpeg
[2022-01-25 10:33:14,006] {logging_mixin.py:104} INFO - pikachu_639.jpeg
[2022-01-25 10:33:14,008] {logging_mixin.py:104} INFO - pikachu_640.jpeg
[2022-01-25 10:33:14,009] {logging_mixin.py:104} INFO - pikachu_641.jpeg
[2022-01-25 10:33:14,010] {logging_mixin.py:104} INFO - pikachu_642.jpeg
[2022-01-25 10:33:14,010] {logging_mixin.py:104} INFO - pikachu_643.jpeg
[2022-01-25 10:33:14,011] {logging_mixin.py:104} INFO - pikachu_644.jpeg
[2022-01-25 10:33:14,011] {logging_mixin.py:104} INFO - pikachu_645.jpeg
[2022-01-25 10:33:14,012] {logging_mixin.py:104} INFO - pikachu_646.jpeg
[2022-01-25 10:33:14,013] {logging_mixin.py:104} INFO - pikachu_647.jpeg
[2022-01-25 10:33:14,014] {logging_mixin.py:104} INFO - pikachu_648.jpeg
[2022-01-25 10:33:14,014] {logging_mixin.py:104} INFO - pikachu_649.jpeg
[2022-01-25 10:33:14,023] {logging_mixin.py:104} INFO - pikachu_650.jpeg
[2022-01-25 10:33:14,023] {logging_mixin.py:104} INFO - pikachu_651.jpeg
[2022-01-25 10:33:14,024] {logging_mixin.py:104} INFO - pikachu_652.png
[2022-01-25 10:33:14,025] {logging_mixin.py:104} INFO - pikachu_653.jpeg
[2022-01-25 10:33:14,025] {logging_mixin.py:104} INFO - pikachu_654.jpeg
[2022-01-25 10:33:14,026] {logging_mixin.py:104} INFO - pikachu_655.jpeg
[2022-01-25 10:33:14,026] {logging_mixin.py:104} INFO - pikachu_657.jpeg
[2022-01-25 10:33:14,027] {logging_mixin.py:104} INFO - pikachu_658.jpeg
[2022-01-25 10:33:14,027] {logging_mixin.py:104} INFO - pikachu_659.png
[2022-01-25 10:33:14,028] {logging_mixin.py:104} INFO - pikachu_660.jpeg
[2022-01-25 10:33:14,029] {logging_mixin.py:104} INFO - pikachu_661.png
[2022-01-25 10:33:14,029] {logging_mixin.py:104} INFO - pikachu_662.png
[2022-01-25 10:33:14,029] {logging_mixin.py:104} INFO - pikachu_663.jpeg
[2022-01-25 10:33:14,030] {logging_mixin.py:104} INFO - pikachu_664.jpeg
[2022-01-25 10:33:14,031] {logging_mixin.py:104} INFO - pikachu_665.jpeg
[2022-01-25 10:33:14,031] {logging_mixin.py:104} INFO - pikachu_666.jpeg
[2022-01-25 10:33:14,031] {logging_mixin.py:104} INFO - pikachu_667.png
[2022-01-25 10:33:14,032] {logging_mixin.py:104} INFO - pikachu_668.jpeg
[2022-01-25 10:33:14,032] {logging_mixin.py:104} INFO - pikachu_669.jpeg
[2022-01-25 10:33:14,033] {logging_mixin.py:104} INFO - pikachu_670.jpeg
[2022-01-25 10:33:14,033] {logging_mixin.py:104} INFO - pikachu_671.jpeg
[2022-01-25 10:33:14,034] {logging_mixin.py:104} INFO - pikachu_672.jpeg
[2022-01-25 10:33:14,034] {logging_mixin.py:104} INFO - pikachu_673.png
[2022-01-25 10:33:14,035] {logging_mixin.py:104} INFO - pikachu_674.jpeg
[2022-01-25 10:33:14,035] {logging_mixin.py:104} INFO - pikachu_675.jpeg
[2022-01-25 10:33:14,036] {logging_mixin.py:104} INFO - pikachu_676.jpeg
[2022-01-25 10:33:14,036] {logging_mixin.py:104} INFO - pikachu_677.jpeg
[2022-01-25 10:33:14,037] {logging_mixin.py:104} INFO - pikachu_678.jpeg
[2022-01-25 10:33:14,038] {logging_mixin.py:104} INFO - pikachu_679.jpeg
[2022-01-25 10:33:14,040] {logging_mixin.py:104} INFO - pikachu_682.jpeg
[2022-01-25 10:33:14,040] {logging_mixin.py:104} INFO - pikachu_683.jpeg
[2022-01-25 10:33:14,041] {logging_mixin.py:104} INFO - pikachu_684.jpeg
[2022-01-25 10:33:14,041] {logging_mixin.py:104} INFO - pikachu_686.jpeg
[2022-01-25 10:33:14,042] {logging_mixin.py:104} INFO - pikachu_688.jpeg
[2022-01-25 10:33:14,042] {logging_mixin.py:104} INFO - pikachu_689.jpeg
[2022-01-25 10:33:14,043] {logging_mixin.py:104} INFO - pikachu_690.jpeg
[2022-01-25 10:33:14,043] {logging_mixin.py:104} INFO - pikachu_691.jpeg
[2022-01-25 10:33:14,043] {logging_mixin.py:104} INFO - pikachu_692.jpeg
[2022-01-25 10:33:14,044] {logging_mixin.py:104} INFO - pikachu_693.jpeg
[2022-01-25 10:33:14,044] {logging_mixin.py:104} INFO - pikachu_694.jpeg
[2022-01-25 10:33:14,045] {logging_mixin.py:104} INFO - pikachu_695.jpeg
[2022-01-25 10:33:14,048] {logging_mixin.py:104} INFO - pikachu_696.jpeg
[2022-01-25 10:33:14,049] {logging_mixin.py:104} INFO - pikachu_697.jpeg
[2022-01-25 10:33:14,052] {logging_mixin.py:104} INFO - pikachu_698.jpeg
[2022-01-25 10:33:14,073] {logging_mixin.py:104} INFO - pikachu_699.jpeg
[2022-01-25 10:33:14,097] {logging_mixin.py:104} INFO - pikachu_700.jpeg
[2022-01-25 10:33:14,103] {logging_mixin.py:104} INFO - pikachu_701.jpeg
[2022-01-25 10:33:14,104] {logging_mixin.py:104} INFO - pikachu_702.jpeg
[2022-01-25 10:33:14,104] {logging_mixin.py:104} INFO - pikachu_703.jpeg
[2022-01-25 10:33:14,105] {logging_mixin.py:104} INFO - pikachu_704.jpeg
[2022-01-25 10:33:14,105] {logging_mixin.py:104} INFO - pikachu_705.jpeg
[2022-01-25 10:33:14,106] {logging_mixin.py:104} INFO - pikachu_706.jpeg
[2022-01-25 10:33:14,106] {logging_mixin.py:104} INFO - pikachu_707.jpeg
[2022-01-25 10:33:14,107] {logging_mixin.py:104} INFO - pikachu_708.jpeg
[2022-01-25 10:33:14,107] {logging_mixin.py:104} INFO - pikachu_709.jpeg
[2022-01-25 10:33:14,108] {logging_mixin.py:104} INFO - pikachu_711.jpeg
[2022-01-25 10:33:14,108] {logging_mixin.py:104} INFO - pikachu_712.jpeg
[2022-01-25 10:33:14,109] {logging_mixin.py:104} INFO - pikachu_713.jpeg
[2022-01-25 10:33:14,120] {logging_mixin.py:104} INFO - pikachu_714.jpeg
[2022-01-25 10:33:14,126] {logging_mixin.py:104} INFO - pikachu_715.png
[2022-01-25 10:33:14,126] {logging_mixin.py:104} INFO - pikachu_716.jpeg
[2022-01-25 10:33:14,127] {logging_mixin.py:104} INFO - pikachu_717.jpeg
[2022-01-25 10:33:14,128] {logging_mixin.py:104} INFO - pikachu_718.jpeg
[2022-01-25 10:33:14,128] {logging_mixin.py:104} INFO - pikachu_719.jpeg
[2022-01-25 10:33:14,129] {logging_mixin.py:104} INFO - pikachu_720.jpeg
[2022-01-25 10:33:14,129] {logging_mixin.py:104} INFO - pikachu_721.jpeg
[2022-01-25 10:33:14,130] {logging_mixin.py:104} INFO - pikachu_722.jpeg
[2022-01-25 10:33:14,130] {logging_mixin.py:104} INFO - pikachu_723.jpeg
[2022-01-25 10:33:14,131] {logging_mixin.py:104} INFO - pikachu_724.png
[2022-01-25 10:33:14,132] {logging_mixin.py:104} INFO - pikachu_725.jpeg
[2022-01-25 10:33:14,134] {logging_mixin.py:104} INFO - pikachu_726.jpeg
[2022-01-25 10:33:14,134] {logging_mixin.py:104} INFO - pikachu_727.jpeg
[2022-01-25 10:33:14,135] {logging_mixin.py:104} INFO - pikachu_728.jpeg
[2022-01-25 10:33:14,135] {logging_mixin.py:104} INFO - pikachu_729.jpeg
[2022-01-25 10:33:14,136] {logging_mixin.py:104} INFO - pikachu_730.jpeg
[2022-01-25 10:33:14,138] {logging_mixin.py:104} INFO - pikachu_731.jpeg
[2022-01-25 10:33:14,139] {logging_mixin.py:104} INFO - pikachu_732.jpeg
[2022-01-25 10:33:14,140] {logging_mixin.py:104} INFO - pikachu_733.jpeg
[2022-01-25 10:33:14,141] {logging_mixin.py:104} INFO - pikachu_734.jpeg
[2022-01-25 10:33:14,141] {logging_mixin.py:104} INFO - pikachu_735.jpeg
[2022-01-25 10:33:14,142] {logging_mixin.py:104} INFO - pikachu_736.jpeg
[2022-01-25 10:33:14,142] {logging_mixin.py:104} INFO - pikachu_737.jpeg
[2022-01-25 10:33:14,143] {logging_mixin.py:104} INFO - pikachu_738.jpeg
[2022-01-25 10:33:14,144] {logging_mixin.py:104} INFO - pikachu_739.jpeg
[2022-01-25 10:33:14,147] {logging_mixin.py:104} INFO - pikachu_740.jpeg
[2022-01-25 10:33:14,148] {logging_mixin.py:104} INFO - pikachu_741.jpeg
[2022-01-25 10:33:14,149] {logging_mixin.py:104} INFO - pikachu_742.jpeg
[2022-01-25 10:33:14,150] {logging_mixin.py:104} INFO - pikachu_743.png
[2022-01-25 10:33:14,150] {logging_mixin.py:104} INFO - pikachu_744.jpeg
[2022-01-25 10:33:14,151] {logging_mixin.py:104} INFO - pikachu_745.jpeg
[2022-01-25 10:33:14,151] {logging_mixin.py:104} INFO - pikachu_746.jpeg
[2022-01-25 10:33:14,152] {logging_mixin.py:104} INFO - pikachu_747.jpeg
[2022-01-25 10:33:14,152] {logging_mixin.py:104} INFO - pikachu_748.jpeg
[2022-01-25 10:33:14,152] {logging_mixin.py:104} INFO - pikachu_749.jpeg
[2022-01-25 10:33:14,153] {logging_mixin.py:104} INFO - pikachu_750.jpeg
[2022-01-25 10:33:14,153] {logging_mixin.py:104} INFO - pikachu_751.jpeg
[2022-01-25 10:33:14,154] {logging_mixin.py:104} INFO - pikachu_752.jpeg
[2022-01-25 10:33:14,154] {logging_mixin.py:104} INFO - pikachu_753.jpeg
[2022-01-25 10:33:14,155] {logging_mixin.py:104} INFO - pikachu_754.png
[2022-01-25 10:33:14,156] {logging_mixin.py:104} INFO - pikachu_755.jpeg
[2022-01-25 10:33:14,156] {logging_mixin.py:104} INFO - pikachu_756.jpeg
[2022-01-25 10:33:14,157] {logging_mixin.py:104} INFO - pikachu_757.jpeg
[2022-01-25 10:33:14,157] {logging_mixin.py:104} INFO - pikachu_758.jpeg
[2022-01-25 10:33:14,158] {logging_mixin.py:104} INFO - pikachu_759.jpeg
[2022-01-25 10:33:14,159] {logging_mixin.py:104} INFO - pikachu_760.jpeg
[2022-01-25 10:33:14,159] {logging_mixin.py:104} INFO - pikachu_761.jpeg
[2022-01-25 10:33:14,160] {logging_mixin.py:104} INFO - pikachu_762.jpeg
[2022-01-25 10:33:14,160] {logging_mixin.py:104} INFO - pikachu_763.png
[2022-01-25 10:33:14,161] {logging_mixin.py:104} INFO - pikachu_764.jpeg
[2022-01-25 10:33:14,161] {logging_mixin.py:104} INFO - pikachu_765.png
[2022-01-25 10:33:14,162] {logging_mixin.py:104} INFO - pikachu_766.jpeg
[2022-01-25 10:33:14,162] {logging_mixin.py:104} INFO - pikachu_767.png
[2022-01-25 10:33:14,163] {logging_mixin.py:104} INFO - pikachu_768.jpeg
[2022-01-25 10:33:14,163] {logging_mixin.py:104} INFO - pikachu_769.jpeg
[2022-01-25 10:33:14,164] {logging_mixin.py:104} INFO - pikachu_771.jpeg
[2022-01-25 10:33:14,164] {logging_mixin.py:104} INFO - pikachu_773.png
[2022-01-25 10:33:14,165] {logging_mixin.py:104} INFO - pikachu_774.jpeg
[2022-01-25 10:33:14,165] {logging_mixin.py:104} INFO - pikachu_776.png
[2022-01-25 10:33:14,166] {logging_mixin.py:104} INFO - pikachu_777.jpeg
[2022-01-25 10:33:14,166] {logging_mixin.py:104} INFO - pikachu_778.jpeg
[2022-01-25 10:33:14,167] {logging_mixin.py:104} INFO - pikachu_779.jpeg
[2022-01-25 10:33:14,167] {logging_mixin.py:104} INFO - pikachu_780.jpeg
[2022-01-25 10:33:14,168] {logging_mixin.py:104} INFO - pikachu_782.jpeg
[2022-01-25 10:33:14,168] {logging_mixin.py:104} INFO - pikachu_783.jpeg
[2022-01-25 10:33:14,169] {logging_mixin.py:104} INFO - pikachu_784.jpeg
[2022-01-25 10:33:14,170] {logging_mixin.py:104} INFO - pikachu_785.jpeg
[2022-01-25 10:33:14,170] {logging_mixin.py:104} INFO - pikachu_786.jpeg
[2022-01-25 10:33:14,171] {logging_mixin.py:104} INFO - pikachu_787.jpeg
[2022-01-25 10:33:14,171] {logging_mixin.py:104} INFO - pikachu_788.jpeg
[2022-01-25 10:33:14,172] {logging_mixin.py:104} INFO - pikachu_789.jpeg
[2022-01-25 10:33:14,172] {logging_mixin.py:104} INFO - pikachu_790.jpeg
[2022-01-25 10:33:14,173] {logging_mixin.py:104} INFO - pikachu_791.jpeg
[2022-01-25 10:33:14,173] {logging_mixin.py:104} INFO - pikachu_792.jpeg
[2022-01-25 10:33:14,174] {logging_mixin.py:104} INFO - pikachu_793.jpeg
[2022-01-25 10:33:14,174] {logging_mixin.py:104} INFO - pikachu_795.jpeg
[2022-01-25 10:33:14,175] {logging_mixin.py:104} INFO - pikachu_796.jpeg
[2022-01-25 10:33:14,175] {logging_mixin.py:104} INFO - pikachu_797.jpeg
[2022-01-25 10:33:14,176] {logging_mixin.py:104} INFO - pikachu_798.jpeg
[2022-01-25 10:33:14,176] {logging_mixin.py:104} INFO - pikachu_799.jpeg
[2022-01-25 10:33:14,177] {logging_mixin.py:104} INFO - pikachu_800.jpeg
[2022-01-25 10:33:14,178] {logging_mixin.py:104} INFO - pikachu_801.png
[2022-01-25 10:33:14,178] {logging_mixin.py:104} INFO - pikachu_802.jpeg
[2022-01-25 10:33:14,181] {logging_mixin.py:104} INFO - pikachu_803.jpeg
[2022-01-25 10:33:14,182] {logging_mixin.py:104} INFO - pikachu_804.jpeg
[2022-01-25 10:33:14,182] {logging_mixin.py:104} INFO - pikachu_805.jpeg
[2022-01-25 10:33:14,183] {logging_mixin.py:104} INFO - pikachu_806.jpeg
[2022-01-25 10:33:14,183] {logging_mixin.py:104} INFO - pikachu_807.png
[2022-01-25 10:33:14,184] {logging_mixin.py:104} INFO - pikachu_808.jpeg
[2022-01-25 10:33:14,184] {logging_mixin.py:104} INFO - pikachu_809.jpeg
[2022-01-25 10:33:14,186] {logging_mixin.py:104} INFO - pikachu_811.jpeg
[2022-01-25 10:33:14,186] {logging_mixin.py:104} INFO - pikachu_812.jpeg
[2022-01-25 10:33:14,187] {logging_mixin.py:104} INFO - pikachu_814.jpeg
[2022-01-25 10:33:14,187] {logging_mixin.py:104} INFO - pikachu_815.jpeg
[2022-01-25 10:33:14,188] {logging_mixin.py:104} INFO - pikachu_816.jpeg
[2022-01-25 10:33:14,188] {logging_mixin.py:104} INFO - pikachu_817.jpeg
[2022-01-25 10:33:14,189] {logging_mixin.py:104} INFO - pikachu_818.png
[2022-01-25 10:33:14,189] {logging_mixin.py:104} INFO - pikachu_819.jpeg
[2022-01-25 10:33:14,192] {logging_mixin.py:104} INFO - pikachu_820.jpeg
[2022-01-25 10:33:14,192] {logging_mixin.py:104} INFO - pikachu_821.jpeg
[2022-01-25 10:33:14,193] {logging_mixin.py:104} INFO - pikachu_822.png
[2022-01-25 10:33:14,193] {logging_mixin.py:104} INFO - pikachu_823.jpeg
[2022-01-25 10:33:14,194] {logging_mixin.py:104} INFO - pikachu_824.jpeg
[2022-01-25 10:33:14,194] {logging_mixin.py:104} INFO - pikachu_825.jpeg
[2022-01-25 10:33:14,195] {logging_mixin.py:104} INFO - pikachu_826.png
[2022-01-25 10:33:14,195] {logging_mixin.py:104} INFO - pikachu_827.jpeg
[2022-01-25 10:33:14,196] {logging_mixin.py:104} INFO - pikachu_828.png
[2022-01-25 10:33:14,196] {logging_mixin.py:104} INFO - pikachu_829.jpeg
[2022-01-25 10:33:14,197] {logging_mixin.py:104} INFO - pikachu_830.png
[2022-01-25 10:33:14,197] {logging_mixin.py:104} INFO - pikachu_831.jpeg
[2022-01-25 10:33:14,198] {logging_mixin.py:104} INFO - pikachu_832.jpeg
[2022-01-25 10:33:14,198] {logging_mixin.py:104} INFO - pikachu_833.jpeg
[2022-01-25 10:33:14,199] {logging_mixin.py:104} INFO - pikachu_834.jpeg
[2022-01-25 10:33:14,199] {logging_mixin.py:104} INFO - pikachu_835.jpeg
[2022-01-25 10:33:14,200] {logging_mixin.py:104} INFO - pikachu_836.jpeg
[2022-01-25 10:33:14,200] {logging_mixin.py:104} INFO - pikachu_837.jpeg
[2022-01-25 10:33:14,201] {logging_mixin.py:104} INFO - pikachu_838.jpeg
[2022-01-25 10:33:14,201] {logging_mixin.py:104} INFO - pikachu_839.jpeg
[2022-01-25 10:33:14,202] {logging_mixin.py:104} INFO - pikachu_840.jpeg
[2022-01-25 10:33:14,202] {logging_mixin.py:104} INFO - pikachu_841.jpeg
[2022-01-25 10:33:14,203] {logging_mixin.py:104} INFO - pikachu_842.jpeg
[2022-01-25 10:33:14,203] {logging_mixin.py:104} INFO - pikachu_843.png
[2022-01-25 10:33:14,204] {logging_mixin.py:104} INFO - pikachu_845.jpeg
[2022-01-25 10:33:14,209] {logging_mixin.py:104} INFO - pikachu_846.jpeg
[2022-01-25 10:33:14,209] {logging_mixin.py:104} INFO - pikachu_847.jpeg
[2022-01-25 10:33:14,210] {logging_mixin.py:104} INFO - pikachu_848.jpeg
[2022-01-25 10:33:14,210] {logging_mixin.py:104} INFO - pikachu_849.png
[2022-01-25 10:33:14,216] {logging_mixin.py:104} INFO - pikachu_850.png
[2022-01-25 10:33:14,217] {logging_mixin.py:104} INFO - pikachu_851.jpeg
[2022-01-25 10:33:14,217] {logging_mixin.py:104} INFO - pikachu_852.jpeg
[2022-01-25 10:33:14,218] {logging_mixin.py:104} INFO - pikachu_853.jpeg
[2022-01-25 10:33:14,218] {logging_mixin.py:104} INFO - pikachu_854.jpeg
[2022-01-25 10:33:14,218] {logging_mixin.py:104} INFO - pikachu_855.jpeg
[2022-01-25 10:33:14,219] {logging_mixin.py:104} INFO - pikachu_856.jpeg
[2022-01-25 10:33:14,219] {logging_mixin.py:104} INFO - pikachu_857.jpeg
[2022-01-25 10:33:14,220] {logging_mixin.py:104} INFO - pikachu_858.jpeg
[2022-01-25 10:33:14,220] {logging_mixin.py:104} INFO - pikachu_859.jpeg
[2022-01-25 10:33:14,221] {logging_mixin.py:104} INFO - pikachu_860.jpeg
[2022-01-25 10:33:14,221] {logging_mixin.py:104} INFO - pikachu_861.jpeg
[2022-01-25 10:33:14,222] {logging_mixin.py:104} INFO - pikachu_862.jpeg
[2022-01-25 10:33:14,222] {logging_mixin.py:104} INFO - pikachu_863.png
[2022-01-25 10:33:14,223] {logging_mixin.py:104} INFO - pikachu_864.jpeg
[2022-01-25 10:33:14,223] {logging_mixin.py:104} INFO - pikachu_865.jpeg
[2022-01-25 10:33:14,228] {logging_mixin.py:104} INFO - pikachu_866.jpeg
[2022-01-25 10:33:14,228] {logging_mixin.py:104} INFO - pikachu_867.jpeg
[2022-01-25 10:33:14,229] {logging_mixin.py:104} INFO - pikachu_868.jpeg
[2022-01-25 10:33:14,229] {logging_mixin.py:104} INFO - pikachu_869.jpeg
[2022-01-25 10:33:14,230] {logging_mixin.py:104} INFO - pikachu_870.jpeg
[2022-01-25 10:33:14,230] {logging_mixin.py:104} INFO - pikachu_871.jpeg
[2022-01-25 10:33:14,231] {logging_mixin.py:104} INFO - pikachu_872.png
[2022-01-25 10:33:14,231] {logging_mixin.py:104} INFO - pikachu_873.jpeg
[2022-01-25 10:33:14,232] {logging_mixin.py:104} INFO - pikachu_874.jpeg
[2022-01-25 10:33:14,232] {logging_mixin.py:104} INFO - pikachu_875.png
[2022-01-25 10:33:14,232] {logging_mixin.py:104} INFO - pikachu_876.jpeg
[2022-01-25 10:33:14,233] {logging_mixin.py:104} INFO - pikachu_877.jpeg
[2022-01-25 10:33:14,233] {logging_mixin.py:104} INFO - pikachu_878.jpeg
[2022-01-25 10:33:14,234] {logging_mixin.py:104} INFO - pikachu_879.jpeg
[2022-01-25 10:33:14,252] {logging_mixin.py:104} INFO - pikachu_880.jpeg
[2022-01-25 10:33:14,253] {logging_mixin.py:104} INFO - pikachu_881.jpeg
[2022-01-25 10:33:14,255] {logging_mixin.py:104} INFO - pikachu_882.jpeg
[2022-01-25 10:33:14,257] {logging_mixin.py:104} INFO - pikachu_883.jpeg
[2022-01-25 10:33:14,265] {logging_mixin.py:104} INFO - pikachu_884.jpeg
[2022-01-25 10:33:14,266] {logging_mixin.py:104} INFO - pikachu_885.jpeg
[2022-01-25 10:33:14,266] {logging_mixin.py:104} INFO - pikachu_886.jpeg
[2022-01-25 10:33:14,284] {logging_mixin.py:104} INFO - pikachu_887.jpeg
[2022-01-25 10:33:14,284] {logging_mixin.py:104} INFO - pikachu_888.jpeg
[2022-01-25 10:33:14,285] {logging_mixin.py:104} INFO - pikachu_889.jpeg
[2022-01-25 10:33:14,286] {logging_mixin.py:104} INFO - pikachu_890.jpeg
[2022-01-25 10:33:14,287] {logging_mixin.py:104} INFO - pikachu_891.jpeg
[2022-01-25 10:33:14,288] {logging_mixin.py:104} INFO - pikachu_892.png
[2022-01-25 10:33:14,288] {logging_mixin.py:104} INFO - pikachu_893.jpeg
[2022-01-25 10:33:14,289] {logging_mixin.py:104} INFO - pikachu_894.jpeg
[2022-01-25 10:33:14,290] {logging_mixin.py:104} INFO - pikachu_895.jpeg
[2022-01-25 10:33:14,293] {logging_mixin.py:104} INFO - pikachu_896.jpeg
[2022-01-25 10:33:14,293] {logging_mixin.py:104} INFO - pikachu_897.jpeg
[2022-01-25 10:33:14,297] {logging_mixin.py:104} INFO - pikachu_898.jpeg
[2022-01-25 10:33:14,299] {logging_mixin.py:104} INFO - pikachu_899.jpeg
[2022-01-25 10:33:14,300] {logging_mixin.py:104} INFO - pikachu_900.jpeg
[2022-01-25 10:33:14,301] {logging_mixin.py:104} INFO - pikachu_901.png
[2022-01-25 10:33:14,303] {logging_mixin.py:104} INFO - pikachu_902.jpeg
[2022-01-25 10:33:14,303] {logging_mixin.py:104} INFO - pikachu_903.jpeg
[2022-01-25 10:33:14,303] {logging_mixin.py:104} INFO - pikachu_904.png
[2022-01-25 10:33:14,304] {logging_mixin.py:104} INFO - pikachu_905.jpeg
[2022-01-25 10:33:14,304] {logging_mixin.py:104} INFO - pikachu_906.jpeg
[2022-01-25 10:33:14,305] {logging_mixin.py:104} INFO - pikachu_907.jpeg
[2022-01-25 10:33:14,305] {logging_mixin.py:104} INFO - pikachu_908.jpeg
[2022-01-25 10:33:14,305] {logging_mixin.py:104} INFO - pikachu_909.png
[2022-01-25 10:33:14,306] {logging_mixin.py:104} INFO - pikachu_910.jpeg
[2022-01-25 10:33:14,306] {logging_mixin.py:104} INFO - pikachu_911.jpeg
[2022-01-25 10:33:14,306] {logging_mixin.py:104} INFO - pikachu_912.jpeg
[2022-01-25 10:33:14,307] {logging_mixin.py:104} INFO - pikachu_913.jpeg
[2022-01-25 10:33:14,307] {logging_mixin.py:104} INFO - pikachu_914.jpeg
[2022-01-25 10:33:14,310] {logging_mixin.py:104} INFO - pikachu_915.png
[2022-01-25 10:33:14,311] {logging_mixin.py:104} INFO - pikachu_917.png
[2022-01-25 10:33:14,311] {logging_mixin.py:104} INFO - pikachu_918.jpeg
[2022-01-25 10:33:14,311] {logging_mixin.py:104} INFO - pikachu_919.jpeg
[2022-01-25 10:33:14,312] {logging_mixin.py:104} INFO - pikachu_920.jpeg
[2022-01-25 10:33:14,312] {logging_mixin.py:104} INFO - pikachu_921.jpeg
[2022-01-25 10:33:14,313] {logging_mixin.py:104} INFO - pikachu_922.png
[2022-01-25 10:33:14,319] {logging_mixin.py:104} INFO - pikachu_923.jpeg
[2022-01-25 10:33:14,319] {logging_mixin.py:104} INFO - pikachu_924.jpeg
[2022-01-25 10:33:14,320] {logging_mixin.py:104} INFO - pikachu_925.jpeg
[2022-01-25 10:33:14,320] {logging_mixin.py:104} INFO - pikachu_926.jpeg
[2022-01-25 10:33:14,320] {logging_mixin.py:104} INFO - pikachu_927.jpeg
[2022-01-25 10:33:14,321] {logging_mixin.py:104} INFO - pikachu_928.jpeg
[2022-01-25 10:33:14,321] {logging_mixin.py:104} INFO - pikachu_930.jpeg
[2022-01-25 10:33:14,325] {logging_mixin.py:104} INFO - pikachu_931.jpeg
[2022-01-25 10:33:14,326] {logging_mixin.py:104} INFO - pikachu_932.png
[2022-01-25 10:33:14,326] {logging_mixin.py:104} INFO - pikachu_934.jpeg
[2022-01-25 10:33:14,327] {logging_mixin.py:104} INFO - pikachu_935.jpeg
[2022-01-25 10:33:14,327] {logging_mixin.py:104} INFO - pikachu_936.jpeg
[2022-01-25 10:33:14,327] {logging_mixin.py:104} INFO - pikachu_937.jpeg
[2022-01-25 10:33:14,328] {logging_mixin.py:104} INFO - pikachu_938.jpeg
[2022-01-25 10:33:14,328] {logging_mixin.py:104} INFO - pikachu_939.jpeg
[2022-01-25 10:33:14,328] {logging_mixin.py:104} INFO - pikachu_940.jpeg
[2022-01-25 10:33:14,329] {logging_mixin.py:104} INFO - pikachu_941.jpeg
[2022-01-25 10:33:14,329] {logging_mixin.py:104} INFO - pikachu_942.jpeg
[2022-01-25 10:33:14,330] {logging_mixin.py:104} INFO - pikachu_943.jpeg
[2022-01-25 10:33:14,331] {logging_mixin.py:104} INFO - pikachu_944.jpeg
[2022-01-25 10:33:14,332] {logging_mixin.py:104} INFO - pikachu_945.jpeg
[2022-01-25 10:33:14,336] {logging_mixin.py:104} INFO - pikachu_946.jpeg
[2022-01-25 10:33:14,336] {logging_mixin.py:104} INFO - pikachu_947.jpeg
[2022-01-25 10:33:14,337] {logging_mixin.py:104} INFO - pikachu_948.jpeg
[2022-01-25 10:33:14,341] {logging_mixin.py:104} INFO - pikachu_949.jpeg
[2022-01-25 10:33:14,342] {logging_mixin.py:104} INFO - pikachu_950.jpeg
[2022-01-25 10:33:14,342] {logging_mixin.py:104} INFO - pikachu_951.png
[2022-01-25 10:33:14,343] {logging_mixin.py:104} INFO - pikachu_952.png
[2022-01-25 10:33:14,343] {logging_mixin.py:104} INFO - pikachu_953.jpeg
[2022-01-25 10:33:14,344] {logging_mixin.py:104} INFO - pikachu_954.jpeg
[2022-01-25 10:33:14,344] {logging_mixin.py:104} INFO - pikachu_955.jpeg
[2022-01-25 10:33:14,344] {logging_mixin.py:104} INFO - pikachu_956.jpeg
[2022-01-25 10:33:14,345] {logging_mixin.py:104} INFO - pikachu_957.jpeg
[2022-01-25 10:33:14,345] {logging_mixin.py:104} INFO - pikachu_958.jpeg
[2022-01-25 10:33:14,346] {logging_mixin.py:104} INFO - pikachu_959.png
[2022-01-25 10:33:14,346] {logging_mixin.py:104} INFO - pikachu_960.jpeg
[2022-01-25 10:33:14,346] {logging_mixin.py:104} INFO - pikachu_961.jpeg
[2022-01-25 10:33:14,347] {logging_mixin.py:104} INFO - pikachu_962.jpeg
[2022-01-25 10:33:14,347] {logging_mixin.py:104} INFO - pikachu_963.jpeg
[2022-01-25 10:33:14,348] {logging_mixin.py:104} INFO - pikachu_964.jpeg
[2022-01-25 10:33:14,349] {logging_mixin.py:104} INFO - pikachu_965.jpeg
[2022-01-25 10:33:14,349] {logging_mixin.py:104} INFO - pikachu_966.png
[2022-01-25 10:33:14,349] {logging_mixin.py:104} INFO - pikachu_967.jpeg
[2022-01-25 10:33:14,350] {logging_mixin.py:104} INFO - pikachu_968.png
[2022-01-25 10:33:14,350] {logging_mixin.py:104} INFO - pikachu_969.jpeg
[2022-01-25 10:33:14,350] {logging_mixin.py:104} INFO - pikachu_970.png
[2022-01-25 10:33:14,352] {logging_mixin.py:104} INFO - pikachu_971.jpeg
[2022-01-25 10:33:14,352] {logging_mixin.py:104} INFO - pikachu_972.jpeg
[2022-01-25 10:33:14,358] {logging_mixin.py:104} INFO - pikachu_973.png
[2022-01-25 10:33:14,359] {logging_mixin.py:104} INFO - pikachu_974.jpeg
[2022-01-25 10:33:14,360] {logging_mixin.py:104} INFO - pikachu_975.jpeg
[2022-01-25 10:33:14,360] {logging_mixin.py:104} INFO - pikachu_976.jpeg
[2022-01-25 10:33:14,361] {logging_mixin.py:104} INFO - pikachu_977.png
[2022-01-25 10:33:14,361] {logging_mixin.py:104} INFO - pikachu_978.jpeg
[2022-01-25 10:33:14,363] {logging_mixin.py:104} INFO - pikachu_979.png
[2022-01-25 10:33:14,364] {logging_mixin.py:104} INFO - pikachu_980.png
[2022-01-25 10:33:14,365] {logging_mixin.py:104} INFO - pikachu_981.png
[2022-01-25 10:33:14,366] {logging_mixin.py:104} INFO - pikachu_982.png
[2022-01-25 10:33:14,366] {logging_mixin.py:104} INFO - pikachu_983.jpeg
[2022-01-25 10:33:14,367] {logging_mixin.py:104} INFO - pikachu_984.png
[2022-01-25 10:33:14,367] {logging_mixin.py:104} INFO - pikachu_985.png
[2022-01-25 10:33:14,367] {logging_mixin.py:104} INFO - pikachu_986.jpeg
[2022-01-25 10:33:14,368] {logging_mixin.py:104} INFO - pikachu_987.png
[2022-01-25 10:33:14,368] {logging_mixin.py:104} INFO - pikachu_988.jpeg
[2022-01-25 10:33:14,369] {logging_mixin.py:104} INFO - pikachu_989.jpeg
[2022-01-25 10:33:14,370] {logging_mixin.py:104} INFO - pikachu_990.jpeg
[2022-01-25 10:33:14,371] {logging_mixin.py:104} INFO - pikachu_991.jpeg
[2022-01-25 10:33:14,372] {logging_mixin.py:104} INFO - pikachu_992.png
[2022-01-25 10:33:14,372] {logging_mixin.py:104} INFO - pikachu_993.jpeg
[2022-01-25 10:33:14,374] {logging_mixin.py:104} INFO - pikachu_994.jpeg
[2022-01-25 10:33:14,376] {logging_mixin.py:104} INFO - pikachu_995.png
[2022-01-25 10:33:14,377] {logging_mixin.py:104} INFO - pikachu_996.jpeg
[2022-01-25 10:33:14,377] {logging_mixin.py:104} INFO - pikachu_997.png
[2022-01-25 10:33:14,378] {logging_mixin.py:104} INFO - pikachu_998.png
[2022-01-25 10:33:14,379] {logging_mixin.py:104} INFO - pikachu_999.jpeg
[2022-01-25 10:33:14,382] {logging_mixin.py:104} INFO - --------------ti-----------------------
[2022-01-25 10:33:14,383] {logging_mixin.py:104} INFO - <TaskInstance: classification.check_data_exist 2022-01-25T10:33:04.756865+00:00 [running]>
[2022-01-25 10:33:14,383] {logging_mixin.py:104} INFO - ------------------------------
[2022-01-25 10:33:14,421] {python.py:118} INFO - Done. Returned value was: load_data
[2022-01-25 10:33:14,421] {skipmixin.py:124} INFO - Following branch load_data
[2022-01-25 10:33:14,437] {skipmixin.py:155} INFO - Skipping tasks []
[2022-01-25 10:33:14,584] {taskinstance.py:1166} INFO - Marking task as SUCCESS. dag_id=classification, task_id=check_data_exist, execution_date=20220125T103304, start_date=20220125T103313, end_date=20220125T103314
[2022-01-25 10:33:14,670] {taskinstance.py:1220} INFO - 1 downstream tasks scheduled from follow-on schedule check
[2022-01-25 10:33:14,705] {local_task_job.py:146} INFO - Task exited with return code 0
