[2022-01-25 09:35:15,254] {taskinstance.py:851} INFO - Dependencies all met for <TaskInstance: classification.check_data_exist 2022-01-25T09:30:08.446333+00:00 [queued]>
[2022-01-25 09:35:15,282] {taskinstance.py:851} INFO - Dependencies all met for <TaskInstance: classification.check_data_exist 2022-01-25T09:30:08.446333+00:00 [queued]>
[2022-01-25 09:35:15,283] {taskinstance.py:1042} INFO - 
--------------------------------------------------------------------------------
[2022-01-25 09:35:15,283] {taskinstance.py:1043} INFO - Starting attempt 1 of 2
[2022-01-25 09:35:15,284] {taskinstance.py:1044} INFO - 
--------------------------------------------------------------------------------
[2022-01-25 09:35:15,302] {taskinstance.py:1063} INFO - Executing <Task(BranchPythonOperator): check_data_exist> on 2022-01-25T09:30:08.446333+00:00
[2022-01-25 09:35:15,309] {standard_task_runner.py:52} INFO - Started process 307 to run task
[2022-01-25 09:35:15,319] {standard_task_runner.py:76} INFO - Running: ['airflow', 'tasks', 'run', 'classification', 'check_data_exist', '2022-01-25T09:30:08.446333+00:00', '--job-id', '19', '--pool', 'default_pool', '--raw', '--subdir', 'DAGS_FOLDER/classification.py', '--cfg-path', '/tmp/tmpumoh28uu', '--error-file', '/tmp/tmph_25azck']
[2022-01-25 09:35:15,339] {standard_task_runner.py:77} INFO - Job 19: Subtask check_data_exist
[2022-01-25 09:35:15,428] {logging_mixin.py:104} INFO - Running <TaskInstance: classification.check_data_exist 2022-01-25T09:30:08.446333+00:00 [running]> on host e28fac53771a
[2022-01-25 09:35:15,503] {taskinstance.py:1257} INFO - Exporting the following env vars:
AIRFLOW_CTX_DAG_OWNER=airflow
AIRFLOW_CTX_DAG_ID=classification
AIRFLOW_CTX_TASK_ID=check_data_exist
AIRFLOW_CTX_EXECUTION_DATE=2022-01-25T09:30:08.446333+00:00
AIRFLOW_CTX_DAG_RUN_ID=scheduled__2022-01-25T09:30:08.446333+00:00
[2022-01-25 09:35:15,662] {logging_mixin.py:104} INFO - pikachu_0.jpeg
[2022-01-25 09:35:15,662] {logging_mixin.py:104} INFO - pikachu_1.png
[2022-01-25 09:35:15,663] {logging_mixin.py:104} INFO - pikachu_10.png
[2022-01-25 09:35:15,663] {logging_mixin.py:104} INFO - pikachu_100.jpeg
[2022-01-25 09:35:15,663] {logging_mixin.py:104} INFO - pikachu_101.jpeg
[2022-01-25 09:35:15,664] {logging_mixin.py:104} INFO - pikachu_103.jpeg
[2022-01-25 09:35:15,665] {logging_mixin.py:104} INFO - pikachu_104.jpeg
[2022-01-25 09:35:15,665] {logging_mixin.py:104} INFO - pikachu_105.jpeg
[2022-01-25 09:35:15,665] {logging_mixin.py:104} INFO - pikachu_106.jpeg
[2022-01-25 09:35:15,666] {logging_mixin.py:104} INFO - pikachu_107.jpeg
[2022-01-25 09:35:15,666] {logging_mixin.py:104} INFO - pikachu_108.jpeg
[2022-01-25 09:35:15,667] {logging_mixin.py:104} INFO - pikachu_109.jpeg
[2022-01-25 09:35:15,667] {logging_mixin.py:104} INFO - pikachu_11.jpeg
[2022-01-25 09:35:15,667] {logging_mixin.py:104} INFO - pikachu_110.jpeg
[2022-01-25 09:35:15,668] {logging_mixin.py:104} INFO - pikachu_111.jpeg
[2022-01-25 09:35:15,668] {logging_mixin.py:104} INFO - pikachu_112.jpeg
[2022-01-25 09:35:15,669] {logging_mixin.py:104} INFO - pikachu_113.jpeg
[2022-01-25 09:35:15,671] {logging_mixin.py:104} INFO - pikachu_114.jpeg
[2022-01-25 09:35:15,679] {logging_mixin.py:104} INFO - pikachu_115.jpeg
[2022-01-25 09:35:15,680] {logging_mixin.py:104} INFO - pikachu_116.jpeg
[2022-01-25 09:35:15,680] {logging_mixin.py:104} INFO - pikachu_117.jpeg
[2022-01-25 09:35:15,684] {logging_mixin.py:104} INFO - pikachu_118.jpeg
[2022-01-25 09:35:15,686] {logging_mixin.py:104} INFO - pikachu_119.jpeg
[2022-01-25 09:35:15,687] {logging_mixin.py:104} INFO - pikachu_12.jpeg
[2022-01-25 09:35:15,687] {logging_mixin.py:104} INFO - pikachu_120.jpeg
[2022-01-25 09:35:15,688] {logging_mixin.py:104} INFO - pikachu_121.jpeg
[2022-01-25 09:35:15,688] {logging_mixin.py:104} INFO - pikachu_123.jpeg
[2022-01-25 09:35:15,689] {logging_mixin.py:104} INFO - pikachu_124.jpeg
[2022-01-25 09:35:15,690] {logging_mixin.py:104} INFO - pikachu_125.jpeg
[2022-01-25 09:35:15,691] {logging_mixin.py:104} INFO - pikachu_126.jpeg
[2022-01-25 09:35:15,691] {logging_mixin.py:104} INFO - pikachu_127.jpeg
[2022-01-25 09:35:15,692] {logging_mixin.py:104} INFO - pikachu_128.jpeg
[2022-01-25 09:35:15,693] {logging_mixin.py:104} INFO - pikachu_129.jpeg
[2022-01-25 09:35:15,693] {logging_mixin.py:104} INFO - pikachu_13.jpeg
[2022-01-25 09:35:15,695] {logging_mixin.py:104} INFO - pikachu_130.jpeg
[2022-01-25 09:35:15,696] {logging_mixin.py:104} INFO - pikachu_131.jpeg
[2022-01-25 09:35:15,699] {logging_mixin.py:104} INFO - pikachu_132.jpeg
[2022-01-25 09:35:15,703] {logging_mixin.py:104} INFO - pikachu_133.png
[2022-01-25 09:35:15,704] {logging_mixin.py:104} INFO - pikachu_135.jpeg
[2022-01-25 09:35:15,704] {logging_mixin.py:104} INFO - pikachu_136.jpeg
[2022-01-25 09:35:15,705] {logging_mixin.py:104} INFO - pikachu_137.jpeg
[2022-01-25 09:35:15,706] {logging_mixin.py:104} INFO - pikachu_138.jpeg
[2022-01-25 09:35:15,707] {logging_mixin.py:104} INFO - pikachu_139.jpeg
[2022-01-25 09:35:15,707] {logging_mixin.py:104} INFO - pikachu_14.jpeg
[2022-01-25 09:35:15,708] {logging_mixin.py:104} INFO - pikachu_140.jpeg
[2022-01-25 09:35:15,709] {logging_mixin.py:104} INFO - pikachu_141.png
[2022-01-25 09:35:15,710] {logging_mixin.py:104} INFO - pikachu_142.jpeg
[2022-01-25 09:35:15,711] {logging_mixin.py:104} INFO - pikachu_143.jpeg
[2022-01-25 09:35:15,715] {logging_mixin.py:104} INFO - pikachu_144.png
[2022-01-25 09:35:15,716] {logging_mixin.py:104} INFO - pikachu_145.jpeg
[2022-01-25 09:35:15,718] {logging_mixin.py:104} INFO - pikachu_146.jpeg
[2022-01-25 09:35:15,719] {logging_mixin.py:104} INFO - pikachu_148.jpeg
[2022-01-25 09:35:15,721] {logging_mixin.py:104} INFO - pikachu_149.jpeg
[2022-01-25 09:35:15,722] {logging_mixin.py:104} INFO - pikachu_15.png
[2022-01-25 09:35:15,722] {logging_mixin.py:104} INFO - pikachu_150.png
[2022-01-25 09:35:15,723] {logging_mixin.py:104} INFO - pikachu_151.jpeg
[2022-01-25 09:35:15,723] {logging_mixin.py:104} INFO - pikachu_153.jpeg
[2022-01-25 09:35:15,724] {logging_mixin.py:104} INFO - pikachu_154.jpeg
[2022-01-25 09:35:15,725] {logging_mixin.py:104} INFO - pikachu_155.jpeg
[2022-01-25 09:35:15,726] {logging_mixin.py:104} INFO - pikachu_156.jpeg
[2022-01-25 09:35:15,727] {logging_mixin.py:104} INFO - pikachu_157.jpeg
[2022-01-25 09:35:15,732] {logging_mixin.py:104} INFO - pikachu_158.jpeg
[2022-01-25 09:35:15,738] {logging_mixin.py:104} INFO - pikachu_159.jpeg
[2022-01-25 09:35:15,749] {logging_mixin.py:104} INFO - pikachu_16.jpeg
[2022-01-25 09:35:15,750] {logging_mixin.py:104} INFO - pikachu_17.png
[2022-01-25 09:35:15,751] {logging_mixin.py:104} INFO - pikachu_18.jpeg
[2022-01-25 09:35:15,752] {logging_mixin.py:104} INFO - pikachu_19.png
[2022-01-25 09:35:15,753] {logging_mixin.py:104} INFO - pikachu_2.png
[2022-01-25 09:35:15,754] {logging_mixin.py:104} INFO - pikachu_20.png
[2022-01-25 09:35:15,754] {logging_mixin.py:104} INFO - pikachu_21.jpeg
[2022-01-25 09:35:15,755] {logging_mixin.py:104} INFO - pikachu_22.jpeg
[2022-01-25 09:35:15,763] {logging_mixin.py:104} INFO - pikachu_23.jpeg
[2022-01-25 09:35:15,765] {logging_mixin.py:104} INFO - pikachu_24.jpeg
[2022-01-25 09:35:15,771] {logging_mixin.py:104} INFO - pikachu_25.png
[2022-01-25 09:35:15,772] {logging_mixin.py:104} INFO - pikachu_26.png
[2022-01-25 09:35:15,772] {logging_mixin.py:104} INFO - pikachu_27.png
[2022-01-25 09:35:15,773] {logging_mixin.py:104} INFO - pikachu_29.jpeg
[2022-01-25 09:35:15,774] {logging_mixin.py:104} INFO - pikachu_3.png
[2022-01-25 09:35:15,775] {logging_mixin.py:104} INFO - pikachu_30.jpeg
[2022-01-25 09:35:15,780] {logging_mixin.py:104} INFO - pikachu_31.jpeg
[2022-01-25 09:35:15,781] {logging_mixin.py:104} INFO - pikachu_32.jpeg
[2022-01-25 09:35:15,782] {logging_mixin.py:104} INFO - pikachu_33.png
[2022-01-25 09:35:15,783] {logging_mixin.py:104} INFO - pikachu_34.jpeg
[2022-01-25 09:35:15,784] {logging_mixin.py:104} INFO - pikachu_35.png
[2022-01-25 09:35:15,787] {logging_mixin.py:104} INFO - pikachu_36.jpeg
[2022-01-25 09:35:15,788] {logging_mixin.py:104} INFO - pikachu_37.jpeg
[2022-01-25 09:35:15,791] {logging_mixin.py:104} INFO - pikachu_38.jpeg
[2022-01-25 09:35:15,797] {logging_mixin.py:104} INFO - pikachu_39.jpeg
[2022-01-25 09:35:15,798] {logging_mixin.py:104} INFO - pikachu_4.png
[2022-01-25 09:35:15,799] {logging_mixin.py:104} INFO - pikachu_40.jpeg
[2022-01-25 09:35:15,800] {logging_mixin.py:104} INFO - pikachu_41.jpeg
[2022-01-25 09:35:15,800] {logging_mixin.py:104} INFO - pikachu_43.jpeg
[2022-01-25 09:35:15,801] {logging_mixin.py:104} INFO - pikachu_44.jpeg
[2022-01-25 09:35:15,802] {logging_mixin.py:104} INFO - pikachu_45.png
[2022-01-25 09:35:15,803] {logging_mixin.py:104} INFO - pikachu_46.jpeg
[2022-01-25 09:35:15,816] {logging_mixin.py:104} INFO - pikachu_47.png
[2022-01-25 09:35:15,818] {logging_mixin.py:104} INFO - pikachu_48.jpeg
[2022-01-25 09:35:15,833] {logging_mixin.py:104} INFO - pikachu_49.jpeg
[2022-01-25 09:35:15,834] {logging_mixin.py:104} INFO - pikachu_5.png
[2022-01-25 09:35:15,836] {logging_mixin.py:104} INFO - pikachu_50.jpeg
[2022-01-25 09:35:15,836] {logging_mixin.py:104} INFO - pikachu_51.jpeg
[2022-01-25 09:35:15,837] {logging_mixin.py:104} INFO - pikachu_52.png
[2022-01-25 09:35:15,846] {logging_mixin.py:104} INFO - pikachu_53.jpeg
[2022-01-25 09:35:15,849] {logging_mixin.py:104} INFO - pikachu_54.jpeg
[2022-01-25 09:35:15,850] {logging_mixin.py:104} INFO - pikachu_55.png
[2022-01-25 09:35:15,851] {logging_mixin.py:104} INFO - pikachu_56.png
[2022-01-25 09:35:15,851] {logging_mixin.py:104} INFO - pikachu_57.jpeg
[2022-01-25 09:35:15,852] {logging_mixin.py:104} INFO - pikachu_58.jpeg
[2022-01-25 09:35:15,852] {logging_mixin.py:104} INFO - pikachu_59.jpeg
[2022-01-25 09:35:15,852] {logging_mixin.py:104} INFO - pikachu_6.jpeg
[2022-01-25 09:35:15,853] {logging_mixin.py:104} INFO - pikachu_60.jpeg
[2022-01-25 09:35:15,859] {logging_mixin.py:104} INFO - pikachu_61.png
[2022-01-25 09:35:15,860] {logging_mixin.py:104} INFO - pikachu_62.jpeg
[2022-01-25 09:35:15,881] {logging_mixin.py:104} INFO - pikachu_63.jpeg
[2022-01-25 09:35:15,885] {logging_mixin.py:104} INFO - pikachu_64.jpeg
[2022-01-25 09:35:15,887] {logging_mixin.py:104} INFO - pikachu_66.jpeg
[2022-01-25 09:35:15,887] {logging_mixin.py:104} INFO - pikachu_67.jpeg
[2022-01-25 09:35:15,892] {logging_mixin.py:104} INFO - pikachu_68.jpeg
[2022-01-25 09:35:15,893] {logging_mixin.py:104} INFO - pikachu_69.jpeg
[2022-01-25 09:35:15,894] {logging_mixin.py:104} INFO - pikachu_7.png
[2022-01-25 09:35:15,894] {logging_mixin.py:104} INFO - pikachu_70.jpeg
[2022-01-25 09:35:15,895] {logging_mixin.py:104} INFO - pikachu_71.jpeg
[2022-01-25 09:35:15,896] {logging_mixin.py:104} INFO - pikachu_72.jpeg
[2022-01-25 09:35:15,898] {logging_mixin.py:104} INFO - pikachu_73.jpeg
[2022-01-25 09:35:15,898] {logging_mixin.py:104} INFO - pikachu_74.png
[2022-01-25 09:35:15,899] {logging_mixin.py:104} INFO - pikachu_75.jpeg
[2022-01-25 09:35:15,899] {logging_mixin.py:104} INFO - pikachu_76.jpeg
[2022-01-25 09:35:15,900] {logging_mixin.py:104} INFO - pikachu_77.jpeg
[2022-01-25 09:35:15,900] {logging_mixin.py:104} INFO - pikachu_78.png
[2022-01-25 09:35:15,901] {logging_mixin.py:104} INFO - pikachu_79.jpeg
[2022-01-25 09:35:15,901] {logging_mixin.py:104} INFO - pikachu_8.png
[2022-01-25 09:35:15,902] {logging_mixin.py:104} INFO - pikachu_80.jpeg
[2022-01-25 09:35:15,902] {logging_mixin.py:104} INFO - pikachu_81.jpeg
[2022-01-25 09:35:15,903] {logging_mixin.py:104} INFO - pikachu_82.jpeg
[2022-01-25 09:35:15,903] {logging_mixin.py:104} INFO - pikachu_83.jpeg
[2022-01-25 09:35:15,903] {logging_mixin.py:104} INFO - pikachu_84.jpeg
[2022-01-25 09:35:15,904] {logging_mixin.py:104} INFO - pikachu_85.png
[2022-01-25 09:35:15,904] {logging_mixin.py:104} INFO - pikachu_87.jpeg
[2022-01-25 09:35:15,906] {logging_mixin.py:104} INFO - pikachu_88.jpeg
[2022-01-25 09:35:15,909] {logging_mixin.py:104} INFO - pikachu_89.jpeg
[2022-01-25 09:35:15,910] {logging_mixin.py:104} INFO - pikachu_9.jpeg
[2022-01-25 09:35:15,911] {logging_mixin.py:104} INFO - pikachu_90.jpeg
[2022-01-25 09:35:15,912] {logging_mixin.py:104} INFO - pikachu_91.jpeg
[2022-01-25 09:35:15,914] {logging_mixin.py:104} INFO - pikachu_92.png
[2022-01-25 09:35:15,915] {logging_mixin.py:104} INFO - pikachu_93.jpeg
[2022-01-25 09:35:15,916] {logging_mixin.py:104} INFO - pikachu_94.png
[2022-01-25 09:35:15,916] {logging_mixin.py:104} INFO - pikachu_96.jpeg
[2022-01-25 09:35:15,917] {logging_mixin.py:104} INFO - pikachu_97.png
[2022-01-25 09:35:15,917] {logging_mixin.py:104} INFO - pikachu_98.png
[2022-01-25 09:35:15,918] {logging_mixin.py:104} INFO - pikachu_99.jpeg
[2022-01-25 09:35:15,919] {logging_mixin.py:104} INFO - --------------ti-----------------------
[2022-01-25 09:35:15,919] {logging_mixin.py:104} INFO - <TaskInstance: classification.check_data_exist 2022-01-25T09:30:08.446333+00:00 [running]>
[2022-01-25 09:35:15,920] {logging_mixin.py:104} INFO - ------------------------------
[2022-01-25 09:35:15,989] {python.py:118} INFO - Done. Returned value was: load_data
[2022-01-25 09:35:15,993] {skipmixin.py:124} INFO - Following branch load_data
[2022-01-25 09:35:16,017] {skipmixin.py:155} INFO - Skipping tasks []
[2022-01-25 09:35:16,165] {taskinstance.py:1166} INFO - Marking task as SUCCESS. dag_id=classification, task_id=check_data_exist, execution_date=20220125T093008, start_date=20220125T093515, end_date=20220125T093516
[2022-01-25 09:35:16,229] {taskinstance.py:1220} INFO - 1 downstream tasks scheduled from follow-on schedule check
[2022-01-25 09:35:16,273] {local_task_job.py:146} INFO - Task exited with return code 0
