[2022-01-25 10:20:56,653] {taskinstance.py:851} INFO - Dependencies all met for <TaskInstance: classification.load_data 2022-01-25T10:20:47.998539+00:00 [queued]>
[2022-01-25 10:20:56,678] {taskinstance.py:851} INFO - Dependencies all met for <TaskInstance: classification.load_data 2022-01-25T10:20:47.998539+00:00 [queued]>
[2022-01-25 10:20:56,678] {taskinstance.py:1042} INFO - 
--------------------------------------------------------------------------------
[2022-01-25 10:20:56,678] {taskinstance.py:1043} INFO - Starting attempt 1 of 2
[2022-01-25 10:20:56,679] {taskinstance.py:1044} INFO - 
--------------------------------------------------------------------------------
[2022-01-25 10:20:56,691] {taskinstance.py:1063} INFO - Executing <Task(PythonOperator): load_data> on 2022-01-25T10:20:47.998539+00:00
[2022-01-25 10:20:56,701] {standard_task_runner.py:52} INFO - Started process 8213 to run task
[2022-01-25 10:20:56,707] {standard_task_runner.py:76} INFO - Running: ['airflow', 'tasks', 'run', 'classification', 'load_data', '2022-01-25T10:20:47.998539+00:00', '--job-id', '58', '--pool', 'default_pool', '--raw', '--subdir', 'DAGS_FOLDER/classification.py', '--cfg-path', '/tmp/tmpf4aozdxc', '--error-file', '/tmp/tmpl7z9oz41']
[2022-01-25 10:20:56,712] {standard_task_runner.py:77} INFO - Job 58: Subtask load_data
[2022-01-25 10:20:56,765] {logging_mixin.py:104} INFO - Running <TaskInstance: classification.load_data 2022-01-25T10:20:47.998539+00:00 [running]> on host 2dc98551bc76
[2022-01-25 10:20:56,840] {taskinstance.py:1257} INFO - Exporting the following env vars:
AIRFLOW_CTX_DAG_OWNER=airflow
AIRFLOW_CTX_DAG_ID=classification
AIRFLOW_CTX_TASK_ID=load_data
AIRFLOW_CTX_EXECUTION_DATE=2022-01-25T10:20:47.998539+00:00
AIRFLOW_CTX_DAG_RUN_ID=manual__2022-01-25T10:20:47.998539+00:00
[2022-01-25 10:21:02,526] {python.py:118} INFO - Done. Returned value was: None
[2022-01-25 10:21:02,542] {taskinstance.py:1166} INFO - Marking task as SUCCESS. dag_id=classification, task_id=load_data, execution_date=20220125T102047, start_date=20220125T102056, end_date=20220125T102102
[2022-01-25 10:21:02,617] {taskinstance.py:1220} INFO - 1 downstream tasks scheduled from follow-on schedule check
[2022-01-25 10:21:02,669] {local_task_job.py:146} INFO - Task exited with return code 0
