[2022-01-26 04:54:04,436] {taskinstance.py:851} INFO - Dependencies all met for <TaskInstance: classification.delete_source_images 2022-01-26T04:50:45.201776+00:00 [queued]>
[2022-01-26 04:54:04,484] {taskinstance.py:851} INFO - Dependencies all met for <TaskInstance: classification.delete_source_images 2022-01-26T04:50:45.201776+00:00 [queued]>
[2022-01-26 04:54:04,485] {taskinstance.py:1042} INFO - 
--------------------------------------------------------------------------------
[2022-01-26 04:54:04,485] {taskinstance.py:1043} INFO - Starting attempt 1 of 2
[2022-01-26 04:54:04,486] {taskinstance.py:1044} INFO - 
--------------------------------------------------------------------------------
[2022-01-26 04:54:04,502] {taskinstance.py:1063} INFO - Executing <Task(PythonOperator): delete_source_images> on 2022-01-26T04:50:45.201776+00:00
[2022-01-26 04:54:04,510] {standard_task_runner.py:52} INFO - Started process 2483 to run task
[2022-01-26 04:54:04,517] {standard_task_runner.py:76} INFO - Running: ['airflow', 'tasks', 'run', 'classification', 'delete_source_images', '2022-01-26T04:50:45.201776+00:00', '--job-id', '212', '--pool', 'default_pool', '--raw', '--subdir', 'DAGS_FOLDER/classification.py', '--cfg-path', '/tmp/tmptj_79u7b', '--error-file', '/tmp/tmp4j5m1aka']
[2022-01-26 04:54:04,522] {standard_task_runner.py:77} INFO - Job 212: Subtask delete_source_images
[2022-01-26 04:54:04,586] {logging_mixin.py:104} INFO - Running <TaskInstance: classification.delete_source_images 2022-01-26T04:50:45.201776+00:00 [running]> on host 115f9a25dda0
[2022-01-26 04:54:04,636] {taskinstance.py:1257} INFO - Exporting the following env vars:
AIRFLOW_CTX_DAG_OWNER=airflow
AIRFLOW_CTX_DAG_ID=classification
AIRFLOW_CTX_TASK_ID=delete_source_images
AIRFLOW_CTX_EXECUTION_DATE=2022-01-26T04:50:45.201776+00:00
AIRFLOW_CTX_DAG_RUN_ID=manual__2022-01-26T04:50:45.201776+00:00
[2022-01-26 04:54:06,141] {python.py:118} INFO - Done. Returned value was: None
[2022-01-26 04:54:06,158] {taskinstance.py:1166} INFO - Marking task as SUCCESS. dag_id=classification, task_id=delete_source_images, execution_date=20220126T045045, start_date=20220126T045404, end_date=20220126T045406
[2022-01-26 04:54:06,206] {taskinstance.py:1220} INFO - 1 downstream tasks scheduled from follow-on schedule check
[2022-01-26 04:54:06,221] {local_task_job.py:146} INFO - Task exited with return code 0
