[2022-01-25 07:12:18,981] {taskinstance.py:851} INFO - Dependencies all met for <TaskInstance: bing_image_download.bing_image_download 2022-01-25T07:06:40.650024+00:00 [queued]>
[2022-01-25 07:12:19,005] {taskinstance.py:851} INFO - Dependencies all met for <TaskInstance: bing_image_download.bing_image_download 2022-01-25T07:06:40.650024+00:00 [queued]>
[2022-01-25 07:12:19,006] {taskinstance.py:1042} INFO - 
--------------------------------------------------------------------------------
[2022-01-25 07:12:19,006] {taskinstance.py:1043} INFO - Starting attempt 1 of 2
[2022-01-25 07:12:19,006] {taskinstance.py:1044} INFO - 
--------------------------------------------------------------------------------
[2022-01-25 07:12:19,019] {taskinstance.py:1063} INFO - Executing <Task(PythonOperator): bing_image_download> on 2022-01-25T07:06:40.650024+00:00
[2022-01-25 07:12:19,026] {standard_task_runner.py:52} INFO - Started process 43 to run task
[2022-01-25 07:12:19,033] {standard_task_runner.py:76} INFO - Running: ['airflow', 'tasks', 'run', 'bing_image_download', 'bing_image_download', '2022-01-25T07:06:40.650024+00:00', '--job-id', '3', '--pool', 'default_pool', '--raw', '--subdir', 'DAGS_FOLDER/bing_image_download.py', '--cfg-path', '/tmp/tmpf6tt4i8n', '--error-file', '/tmp/tmp484d05tl']
[2022-01-25 07:12:19,034] {standard_task_runner.py:77} INFO - Job 3: Subtask bing_image_download
[2022-01-25 07:12:19,090] {logging_mixin.py:104} INFO - Running <TaskInstance: bing_image_download.bing_image_download 2022-01-25T07:06:40.650024+00:00 [running]> on host 18fe9dd8ddab
[2022-01-25 07:12:19,144] {taskinstance.py:1257} INFO - Exporting the following env vars:
AIRFLOW_CTX_DAG_OWNER=airflow
AIRFLOW_CTX_DAG_ID=bing_image_download
AIRFLOW_CTX_TASK_ID=bing_image_download
AIRFLOW_CTX_EXECUTION_DATE=2022-01-25T07:06:40.650024+00:00
AIRFLOW_CTX_DAG_RUN_ID=scheduled__2022-01-25T07:06:40.650024+00:00
[2022-01-25 07:12:19,152] {logging_mixin.py:104} INFO - [INFO] searching Bing API for 'pikachu'
[2022-01-25 07:12:20,903] {logging_mixin.py:104} INFO - [INFO] 1000 total results for 'pikachu'
[2022-01-25 07:12:20,904] {logging_mixin.py:104} INFO - [INFO] making request for group 0-50 of 1000...
[2022-01-25 07:12:21,623] {logging_mixin.py:104} INFO - [INFO] saving images for group 0-50 of 1000...
[2022-01-25 07:12:21,623] {logging_mixin.py:104} INFO - [INFO] fetching: http://vignette3.wikia.nocookie.net/wii/images/7/77/Pikachu_SSB4.jpg/revision/latest?cb=20140210000421
[2022-01-25 07:12:23,892] {logging_mixin.py:104} INFO - [INFO] fetching: https://pngimg.com/uploads/pokemon/pokemon_PNG15.png
[2022-01-25 07:12:26,417] {logging_mixin.py:104} INFO - [INFO] fetching: https://images-wixmp-ed30a86b8c4ca887773594c2.wixmp.com/f/4f6bf5b3-c9b6-44c2-ab80-06e3ea80d511/dca37p4-e992703b-3518-475a-a3bd-bc2831f13e7b.png?token=eyJ0eXAiOiJKV1QiLCJhbGciOiJIUzI1NiJ9.eyJzdWIiOiJ1cm46YXBwOiIsImlzcyI6InVybjphcHA6Iiwib2JqIjpbW3sicGF0aCI6IlwvZlwvNGY2YmY1YjMtYzliNi00NGMyLWFiODAtMDZlM2VhODBkNTExXC9kY2EzN3A0LWU5OTI3MDNiLTM1MTgtNDc1YS1hM2JkLWJjMjgzMWYxM2U3Yi5wbmcifV1dLCJhdWQiOlsidXJuOnNlcnZpY2U6ZmlsZS5kb3dubG9hZCJdfQ.BgM4bC-lqNizie8fhV-EnS5hLNCPn5y8iROlzXNAdk4
[2022-01-25 07:12:27,753] {logging_mixin.py:104} INFO - [INFO] fetching: https://pngimg.com/uploads/pokemon/pokemon_PNG93.png
[2022-01-25 07:12:29,222] {logging_mixin.py:104} INFO - [INFO] fetching: https://3.bp.blogspot.com/-QRBqlfFJt6U/ULpgGND3XFI/AAAAAAAACPs/TUrUig9gj5A/s1600/pikachu.png
[2022-01-25 07:12:30,670] {logging_mixin.py:104} INFO - [INFO] fetching: https://www.nintendoworldreport.com/media/38183/4/1.jpg
[2022-01-25 07:12:32,667] {logging_mixin.py:104} INFO - [INFO] fetching: https://pngimg.com/uploads/pokemon/pokemon_PNG148.png
[2022-01-25 07:12:34,508] {logging_mixin.py:104} INFO - [INFO] fetching: https://ph.portal-pokemon.com/upload/en/HelloPika.png
[2022-01-25 07:12:37,952] {logging_mixin.py:104} INFO - [INFO] fetching: https://mir-s3-cdn-cf.behance.net/project_modules/max_1200/91cc6c40961423.5793b50987cac.jpg
[2022-01-25 07:12:39,610] {logging_mixin.py:104} INFO - [INFO] fetching: https://pngimg.com/uploads/pokemon/pokemon_PNG42.png
[2022-01-25 07:12:40,305] {logging_mixin.py:104} INFO - [INFO] fetching: http://clipartmag.com/image/pikachu-images-for-drawing-29.png
[2022-01-25 07:12:44,746] {logging_mixin.py:104} INFO - [INFO] fetching: https://yt3.ggpht.com/a-/AAuE7mBRlOG3moYW1oLN4L0V6FP-O-3IJrF1NoGjDw=s900-mo-c-c0xffffffff-rj-k-no
[2022-01-25 07:12:45,095] {logging_mixin.py:104} INFO - [INFO] fetching: https://cdn.myminifactory.com/assets/object-assets/5c64403a9c7ad/images/d27029fa-5bce-4731-b8b4-af6be07fe701.jpg
[2022-01-25 07:12:51,041] {logging_mixin.py:104} INFO - [INFO] fetching: https://cdn.vox-cdn.com/thumbor/RGPwZaA8xxwrVd4spVyTGNrxHh0=/99x0:1179x720/1200x800/filters:focal(99x0:1179x720)/cdn.vox-cdn.com/uploads/chorus_image/image/50166993/2016.1_Great_Detective_Pikachu_Birth_of_a_New_Duo__3DS_.0.0.jpg
[2022-01-25 07:12:52,938] {logging_mixin.py:104} INFO - [INFO] fetching: https://mir-s3-cdn-cf.behance.net/project_modules/1400/56f6e170109017.5d71da93da213.png
[2022-01-25 07:12:54,470] {logging_mixin.py:104} INFO - [INFO] fetching: https://pngimg.com/uploads/pokemon/pokemon_PNG9.png
[2022-01-25 07:12:54,678] {logging_mixin.py:104} INFO - [INFO] fetching: https://yt3.ggpht.com/a/AATXAJxtQ_8fLTUGcMTiyJ71r_-B7MdSNej9kUbPfQ=s900-c-k-c0xffffffff-no-rj-mo
[2022-01-25 07:12:55,143] {logging_mixin.py:104} INFO - [INFO] fetching: https://graffitiscuba.com/wp-content/uploads/2018/03/Cartoons10.jpg
[2022-01-25 07:12:56,879] {logging_mixin.py:104} INFO - [INFO] fetching: https://cdn.mos.cms.futurecdn.net/dqW4eWEXeU6J8tBpZTpqy5.jpg
[2022-01-25 07:12:58,157] {logging_mixin.py:104} INFO - [INFO] fetching: https://pngimg.com/uploads/pokemon/pokemon_PNG102.png
[2022-01-25 07:13:00,102] {logging_mixin.py:104} INFO - [INFO] fetching: https://images-wixmp-ed30a86b8c4ca887773594c2.wixmp.com/f/c5bbbf70-cfca-4aeb-892b-6ac8c54fb175/ddbr84t-d0753923-bc99-4919-8bb6-2121149399d7.png/v1/fill/w_956,h_836,strp/pikachu_libre_render_by_vexikku_ddbr84t-pre.png?token=eyJ0eXAiOiJKV1QiLCJhbGciOiJIUzI1NiJ9.eyJzdWIiOiJ1cm46YXBwOjdlMGQxODg5ODIyNjQzNzNhNWYwZDQxNWVhMGQyNmUwIiwiaXNzIjoidXJuOmFwcDo3ZTBkMTg4OTgyMjY0MzczYTVmMGQ0MTVlYTBkMjZlMCIsIm9iaiI6W1t7ImhlaWdodCI6Ijw9MzUwMCIsInBhdGgiOiJcL2ZcL2M1YmJiZjcwLWNmY2EtNGFlYi04OTJiLTZhYzhjNTRmYjE3NVwvZGRicjg0dC1kMDc1MzkyMy1iYzk5LTQ5MTktOGJiNi0yMTIxMTQ5Mzk5ZDcucG5nIiwid2lkdGgiOiI8PTQwMDAifV1dLCJhdWQiOlsidXJuOnNlcnZpY2U6aW1hZ2Uub3BlcmF0aW9ucyJdfQ.SCZGQ24m5GxrmvuwHJ6Em8lOGDWKTpacKjSjkkFMbCs
[2022-01-25 07:13:01,054] {logging_mixin.py:104} INFO - [INFO] fetching: http://img2.wikia.nocookie.net/__cb20110811011944/pokemonfanon/images/8/88/Pikachu_XXV.PNG
[2022-01-25 07:13:04,759] {logging_mixin.py:104} INFO - [INFO] fetching: http://cdn.shopify.com/s/files/1/0284/4907/9395/products/sticker_pikachu.jpg?v=1573513085
[2022-01-25 07:13:05,422] {logging_mixin.py:104} INFO - [INFO] fetching: https://static3.srcdn.com/wordpress/wp-content/uploads/2020/10/Pokemon-Sword-and-Shield-Ash-Ketchum-Pikachu.jpg
[2022-01-25 07:13:06,460] {logging_mixin.py:104} INFO - [INFO] fetching: https://static1.cbrimages.com/wordpress/wp-content/uploads/2019/12/Pikachu-Feature-Image-Cropped.jpg
[2022-01-25 07:13:07,276] {logging_mixin.py:104} INFO - [INFO] fetching: https://preview.redd.it/x2wdfznl7dc31.jpg?auto=webp&s=ac11d594b10cd85ecdce3c3850887649d6ca7da6
[2022-01-25 07:13:08,890] {logging_mixin.py:104} INFO - [INFO] fetching: https://i2.wp.com/metro.co.uk/wp-content/uploads/2016/06/ash_s_pikachu-0.png?quality=90&strip=all&zoom=1&resize=899%2C580&ssl=1
[2022-01-25 07:13:10,595] {logging_mixin.py:104} INFO - [INFO] fetching: https://graphictide.com/images/shop/hover/307_pikachu-candy.png
[2022-01-25 07:13:12,158] {logging_mixin.py:104} INFO - [INFO] fetching: https://images-wixmp-ed30a86b8c4ca887773594c2.wixmp.com/f/25247b92-6844-4fef-8ed8-5055cc35bf58/dd18tmd-d30941e9-a135-4565-ba5f-ac90be835d62.png/v1/fill/w_958,h_834,strp/pikachu_run_render_by_nintega_dario_dd18tmd-pre.png?token=eyJ0eXAiOiJKV1QiLCJhbGciOiJIUzI1NiJ9.eyJzdWIiOiJ1cm46YXBwOjdlMGQxODg5ODIyNjQzNzNhNWYwZDQxNWVhMGQyNmUwIiwiaXNzIjoidXJuOmFwcDo3ZTBkMTg4OTgyMjY0MzczYTVmMGQ0MTVlYTBkMjZlMCIsIm9iaiI6W1t7ImhlaWdodCI6Ijw9MTc1MCIsInBhdGgiOiJcL2ZcLzI1MjQ3YjkyLTY4NDQtNGZlZi04ZWQ4LTUwNTVjYzM1YmY1OFwvZGQxOHRtZC1kMzA5NDFlOS1hMTM1LTQ1NjUtYmE1Zi1hYzkwYmU4MzVkNjIucG5nIiwid2lkdGgiOiI8PTIwMTAifV1dLCJhdWQiOlsidXJuOnNlcnZpY2U6aW1hZ2Uub3BlcmF0aW9ucyJdfQ.pq9b6WZU8vHbWtw8DC3WwZi3p6WYzSD7f0YKTUaru2g
[2022-01-25 07:13:12,851] {logging_mixin.py:104} INFO - [INFO] fetching: http://tonsoffacts.com/wp-content/uploads/2019/11/fp4716-pokemon-pikachu-glow.jpg
[2022-01-25 07:13:15,383] {logging_mixin.py:104} INFO - [INFO-DEL] deleting: /opt/airflow/dags/images/pikachu_29.jpeg
[2022-01-25 07:13:15,385] {logging_mixin.py:104} INFO - [INFO] fetching: http://images4.fanpop.com/image/photos/22200000/Pikachu-pikachu-22265985-1280-1120.jpg
[2022-01-25 07:13:18,227] {logging_mixin.py:104} INFO - [INFO] fetching: https://img.huffingtonpost.com/asset/5a10b3b0180000aa09f6ce35.jpeg?ops=1910_1000
[2022-01-25 07:13:18,900] {logging_mixin.py:104} INFO - [INFO] fetching: https://s3.us-east-1.amazonaws.com/dexerto-assets-production-cbbdf288/uploads/2020/02/16230146/pokemon-community-fat-pikachu-meme.jpg
[2022-01-25 07:13:21,204] {logging_mixin.py:104} INFO - [INFO] fetching: https://animetos.com/wp-content/uploads/2021/03/img_8458-scaled.jpeg
[2022-01-25 07:13:43,262] {logging_mixin.py:104} INFO - [INFO] fetching: https://cdn.weasyl.com/~tsaoshin/submissions/1351357/26480474c4f1b1f6b42aa02c67540a21a3daa4cf4da375229ccf723d56d1377d/tsaoshin-025-pikachu.png
[2022-01-25 07:13:43,716] {logging_mixin.py:104} INFO - [INFO] fetching: http://1.bp.blogspot.com/-abBmZroOWLE/VI1OaUQRSVI/AAAAAAAAHag/BUaUVdHh1Ak/s1600/Pikachu_Vector.png
[2022-01-25 07:13:44,271] {logging_mixin.py:104} INFO - [INFO] fetching: https://yt3.ggpht.com/a/AATXAJwmhNbZwsDbo_tXP-d9wB7tSqNpV56GFvSjhQ=s900-c-k-c0xffffffff-no-rj-mo
[2022-01-25 07:13:44,586] {logging_mixin.py:104} INFO - [INFO] fetching: https://www.onlinetoys.com.au/19664/pokemon-power-action-pikachu.jpg
[2022-01-25 07:13:47,078] {logging_mixin.py:104} INFO - [INFO] fetching: https://yt3.ggpht.com/a/AATXAJw9Y95jJiDSFXIG6GWfIZKdHbgfovkOcj66BA=s900-c-k-c0xffffffff-no-rj-mo
[2022-01-25 07:13:47,473] {logging_mixin.py:104} INFO - [INFO] fetching: https://img2.cgtrader.com/items/670200/bb4720355b/pikachu-3d-model-low-poly-obj-c4d-stl-ztl-mtl.png
[2022-01-25 07:13:48,155] {logging_mixin.py:104} INFO - [INFO] fetching: https://cdn.gamer-network.net/2018/usgamer/Detective-Pikachu-Header-03.jpg/EG11/thumbnail/1920x1080/format/jpg/quality/75/detective-pikachu-pokemon-next-generation-switch-impressions.jpg
[2022-01-25 07:13:48,696] {logging_mixin.py:104} INFO - [INFO] fetching: https://img2.cgtrader.com/items/768075/a6212ac1a3/pokemon-pikachu-3d-model-low-poly-rigged.jpg
[2022-01-25 07:13:48,917] {logging_mixin.py:104} INFO - [INFO] fetching: https://preview.redd.it/r3r5fzcibmh21.jpg?auto=webp&s=fb5f20934cc89940c787d04a9a324b7fbed1cb34
[2022-01-25 07:13:50,462] {logging_mixin.py:104} INFO - [INFO] fetching: https://soyummy.com/wp-content/uploads/2018/11/pikachu.jpg
[2022-01-25 07:13:51,715] {logging_mixin.py:104} INFO - [INFO-DEL] deleting: /opt/airflow/dags/images/pikachu_43.jpeg
[2022-01-25 07:13:51,718] {logging_mixin.py:104} INFO - [INFO] fetching: https://static2.thegamerimages.com/wordpress/wp-content/uploads/2019/05/Detective-Pikachu-4.jpg
[2022-01-25 07:13:52,027] {logging_mixin.py:104} INFO - [INFO] fetching: http://www.baltana.com/files/wallpapers-14/Pikachu-Widescreen-Wallpapers-37659.jpg
[2022-01-25 07:13:55,907] {logging_mixin.py:104} INFO - [INFO] fetching: https://vignette3.wikia.nocookie.net/pokemon/images/6/64/Spikey_Eared_Pichu.jpg/revision/latest/scale-to-width-down/2000?cb=20130129204810
[2022-01-25 07:13:59,221] {logging_mixin.py:104} INFO - [INFO] fetching: https://s3.us-east-1.amazonaws.com/dexerto-assets-production-cbbdf288/uploads/2020/08/26080403/ashs-pikachu-on-verge-of-evolving-pokemon-journeys-23-years-franchise-icon.jpg
[2022-01-25 07:14:02,291] {logging_mixin.py:104} INFO - [INFO] fetching: http://oyster.ignimgs.com/mediawiki/apis.ign.com/pokken-tournament/b/b0/Detail-pikachu.png
[2022-01-25 07:14:03,175] {logging_mixin.py:104} INFO - [INFO] fetching: https://brokenpanda.net/wp-content/uploads/1588943949_865_Pikachu-HD-Wallpapers-2020.jpg
[2022-01-25 07:14:07,072] {logging_mixin.py:104} INFO - [INFO] making request for group 50-100 of 1000...
[2022-01-25 07:14:08,484] {logging_mixin.py:104} INFO - [INFO] saving images for group 50-100 of 1000...
[2022-01-25 07:14:08,485] {logging_mixin.py:104} INFO - [INFO] fetching: https://yt3.ggpht.com/a/AATXAJznnOKPTmacMoV1l7l43kb4YaukGZH9ZSfeSw=s900-c-k-c0xffffffff-no-rj-mo
[2022-01-25 07:14:08,922] {logging_mixin.py:104} INFO - [INFO] fetching: https://images-wixmp-ed30a86b8c4ca887773594c2.wixmp.com/f/93abed28-db9e-4018-aee8-6c817a5863b9/dbsqkhl-bc627623-0eed-4727-a573-b7f6cd48d992.png/v1/fill/w_800,h_855,strp/king_pikachu_by_kraus_illustration_dbsqkhl-fullview.png?token=eyJ0eXAiOiJKV1QiLCJhbGciOiJIUzI1NiJ9.eyJzdWIiOiJ1cm46YXBwOjdlMGQxODg5ODIyNjQzNzNhNWYwZDQxNWVhMGQyNmUwIiwiaXNzIjoidXJuOmFwcDo3ZTBkMTg4OTgyMjY0MzczYTVmMGQ0MTVlYTBkMjZlMCIsIm9iaiI6W1t7ImhlaWdodCI6Ijw9ODU1IiwicGF0aCI6IlwvZlwvOTNhYmVkMjgtZGI5ZS00MDE4LWFlZTgtNmM4MTdhNTg2M2I5XC9kYnNxa2hsLWJjNjI3NjIzLTBlZWQtNDcyNy1hNTczLWI3ZjZjZDQ4ZDk5Mi5wbmciLCJ3aWR0aCI6Ijw9ODAwIn1dXSwiYXVkIjpbInVybjpzZXJ2aWNlOmltYWdlLm9wZXJhdGlvbnMiXX0.RBhJ-Eni5Fc_r-5ZBrMSXC8Z0aJvE6PrRT6HPGQehGM
[2022-01-25 07:14:09,276] {logging_mixin.py:104} INFO - [INFO] fetching: https://getwallpapers.com/wallpaper/full/4/9/a/400572.jpg
[2022-01-25 07:14:18,125] {logging_mixin.py:104} INFO - [INFO] fetching: https://s3.us-east-1.amazonaws.com/dexerto-assets-production-cbbdf288/uploads/2020/08/26080403/ashs-pikachu-on-verge-of-evolving-pokemon-journeys-23-years-franchise-icon.jpg
[2022-01-25 07:14:21,114] {logging_mixin.py:104} INFO - [INFO] fetching: https://static0.thegamerimages.com/wordpress/wp-content/uploads/2020/02/pikachu-featured.jpg
[2022-01-25 07:14:22,647] {logging_mixin.py:104} INFO - [INFO] fetching: https://c.shld.net/rpx/i/s/i/spin/10032562/prod_12349903012??hei=64&wid=64&qlt=50
[2022-01-25 07:14:24,020] {logging_mixin.py:104} INFO - [INFO] fetching: https://wallpapercave.com/wp/wp6346994.png
[2022-01-25 07:14:25,491] {logging_mixin.py:104} INFO - [INFO] fetching: https://webgames.host/uploads/2018/03/pikachu-bros.png
[2022-01-25 07:14:38,053] {logging_mixin.py:104} INFO - [INFO] fetching: http://www.baltana.com/files/wallpapers-16/Pokemon-Detective-Pikachu-Background-Wallpaper-39818.jpg
[2022-01-25 07:14:41,888] {logging_mixin.py:104} INFO - [INFO] fetching: https://preview.redd.it/r3r5fzcibmh21.jpg?auto=webp&s=fb5f20934cc89940c787d04a9a324b7fbed1cb34
[2022-01-25 07:14:42,543] {logging_mixin.py:104} INFO - [INFO] fetching: https://whirli-production-images.s3.eu-west-2.amazonaws.com/products/yZYb57lPl7/yb9jP0AWgj_pokemon-pikachu-medium.jpg
[2022-01-25 07:14:43,875] {logging_mixin.py:104} INFO - [INFO] fetching: https://megamousearts.com/wp-content/uploads/2020/05/Anime-Pikachu.jpg
[2022-01-25 07:14:44,758] {logging_mixin.py:104} INFO - [INFO-DEL] deleting: /opt/airflow/dags/images/pikachu_61.jpeg
[2022-01-25 07:14:44,760] {logging_mixin.py:104} INFO - [INFO] fetching: https://www.pinclipart.com/picdir/middle/522-5225314_transparent-detective-pikachu-png-clipart.png
[2022-01-25 07:15:04,480] {logging_mixin.py:104} INFO - [INFO] fetching: https://i.etsystatic.com/8557472/r/il/1009f9/1677348229/il_fullxfull.1677348229_ogtm.jpg
[2022-01-25 07:15:05,794] {logging_mixin.py:104} INFO - [INFO] fetching: https://yt3.ggpht.com/a/AATXAJy5TUeCGX8BPUjyMlQh0S1vFu9-PQFNlxk2xQ=s900-c-k-c0xffffffff-no-rj-mo
[2022-01-25 07:15:06,136] {logging_mixin.py:104} INFO - [INFO] fetching: https://vignette3.wikia.nocookie.net/pokemon/images/6/64/Spikey_Eared_Pichu.jpg/revision/latest/scale-to-width-down/2000?cb=20130129204810
[2022-01-25 07:15:08,576] {logging_mixin.py:104} INFO - [INFO] fetching: https://assets1.ignimgs.com/2016/10/28/503eaea31a316jpeg-f9b106.jpg?width=1280
[2022-01-25 07:15:08,942] {logging_mixin.py:104} INFO - [INFO] fetching: https://yt3.ggpht.com/a/AATXAJxWSkYcdzgaCCCeLyKiozmRwjzPpGyIH3dNHMM=s900-c-k-c0xffffffff-no-rj-mo
[2022-01-25 07:15:09,250] {logging_mixin.py:104} INFO - [INFO] fetching: https://media.gq.com/photos/5cd448e6b41d094fd2cd74af/16:9/w_2560%2Cc_limit/There-Could-Be-No-More-Perfect-Pikachu-Than-Ryan-Reynolds-gq-1.jpg
[2022-01-25 07:15:09,910] {logging_mixin.py:104} INFO - [INFO] fetching: https://www.kolpaper.com/wp-content/uploads/2020/04/Pikachu-Wallpaper-5.jpg
[2022-01-25 07:15:14,665] {logging_mixin.py:104} INFO - [INFO] fetching: https://static2.srcdn.com/wordpress/wp-content/uploads/2019/05/Detective-Pikachu-Pokemon-Red.jpg
[2022-01-25 07:15:15,594] {logging_mixin.py:104} INFO - [INFO] fetching: https://images.nintendolife.com/43ece59eb41ff/1280x720.jpg
[2022-01-25 07:15:16,014] {logging_mixin.py:104} INFO - [INFO] fetching: https://wallpapers.moviemania.io/phone/movie/447404/e255b7/pokemon-detective-pikachu-phone-wallpaper.jpg?w=1536&h=2732
[2022-01-25 07:15:21,758] {logging_mixin.py:104} INFO - [INFO] fetching: https://s1.thcdn.com/productimg/1600/1600/11793129-3294591567198503.jpg
[2022-01-25 07:15:24,654] {logging_mixin.py:104} INFO - [INFO] fetching: https://static0.therichestimages.com/wordpress/wp-content/uploads/2017/12/Sad-Pikachu.jpg
[2022-01-25 07:15:25,168] {logging_mixin.py:104} INFO - [INFO] fetching: https://lh3.googleusercontent.com/-pjv4YgoL5UI/XyvtmAe7IAI/AAAAAAAAAyg/yw8CdJezZS8u3FPhLCORyjmOhb2HosoKACLcBGAsYHQ/s1600/1596714392572854-14.png
[2022-01-25 07:15:25,808] {logging_mixin.py:104} INFO - [INFO] fetching: https://vignette.wikia.nocookie.net/obfcbt-wiki/images/2/21/Pikachucartoonbeatboxbattles.png/revision/latest?cb=20200527170448
[2022-01-25 07:15:28,069] {logging_mixin.py:104} INFO - [INFO] fetching: https://yt3.ggpht.com/a/AATXAJxXqH2hsb8JD_w9heeO3WIPHYgrBS0hiZYOVQ=s900-c-k-c0xffffffff-no-rj-mo
[2022-01-25 07:15:28,402] {logging_mixin.py:104} INFO - [INFO] fetching: https://media.pocketmonsters.net/imageboard/31/14561285150091.jpg
[2022-01-25 07:15:31,686] {logging_mixin.py:104} INFO - [INFO] fetching: https://img1.cgtrader.com/items/2603799/0f31abff97/pikachu-avatar-3d-model-stl.jpg
[2022-01-25 07:15:32,374] {logging_mixin.py:104} INFO - [INFO] fetching: http://img4.wikia.nocookie.net/__cb20130114020548/projectcrusade/images/7/77/Pikachu.png
[2022-01-25 07:15:33,999] {logging_mixin.py:104} INFO - [INFO] fetching: https://i.kinja-img.com/gawker-media/image/upload/s--7N2i0AxA--/c_fill,fl_progressive,g_center,h_900,q_80,w_1600/gvi8m4p95orhorwg0bpv.jpg
[2022-01-25 07:15:34,669] {logging_mixin.py:104} INFO - [INFO] fetching: http://www.baltana.com/files/wallpapers-16/Pokemon-Detective-Pikachu-Movie-Desktop-Wallpaper-39833.jpg
[2022-01-25 07:15:37,388] {logging_mixin.py:104} INFO - [INFO] fetching: https://static1.thegamerimages.com/wordpress/wp-content/uploads/2019/06/Shiny-Pikachu.jpg
[2022-01-25 07:15:38,975] {logging_mixin.py:104} INFO - [INFO] fetching: http://i.ytimg.com/vi/o4juhokUSDc/maxresdefault.jpg
[2022-01-25 07:15:39,198] {logging_mixin.py:104} INFO - [INFO] fetching: https://static1.thegamerimages.com/wordpress/wp-content/uploads/2018/05/New-Pikachu-Evolution-Cover-Image.jpg
[2022-01-25 07:15:40,627] {logging_mixin.py:104} INFO - [INFO] fetching: https://img2.cgtrader.com/items/2663418/5d0149e95e/pikachu-3d-model-obj-stl-blend-dae.jpg
[2022-01-25 07:15:40,954] {logging_mixin.py:104} INFO - [INFO] fetching: https://webgames.host/uploads/2018/09/super-pikachu.png
[2022-01-25 07:15:53,859] {logging_mixin.py:104} INFO - [INFO] fetching: https://cdn4.dualshockers.com/wp-content/uploads/2013/08/pokemon-pikachu-hd.jpg
[2022-01-25 07:15:55,935] {logging_mixin.py:104} INFO - [INFO] fetching: https://static0.thegamerimages.com/wordpress/wp-content/uploads/2020/10/0-Pikachu-Comics.jpg
[2022-01-25 07:15:57,381] {logging_mixin.py:104} INFO - [INFO] fetching: https://yt3.ggpht.com/a-/AAuE7mA4QFZvuGbW5z7QHDyL7KACDGvO_ukJ4IEBKw=s900-mo-c-c0xffffffff-rj-k-no
[2022-01-25 07:15:57,742] {logging_mixin.py:104} INFO - [INFO] fetching: https://animetos.com/wp-content/uploads/2021/01/img_6054-scaled.jpg
[2022-01-25 07:16:20,666] {logging_mixin.py:104} INFO - [INFO] fetching: https://hdwallsbox.com/wallpapers/l/1080x1920/65/pokemon-pikachu-1080x1920-64096.jpg
[2022-01-25 07:16:21,816] {logging_mixin.py:104} INFO - [INFO-DEL] deleting: /opt/airflow/dags/images/pikachu_92.jpeg
[2022-01-25 07:16:21,818] {logging_mixin.py:104} INFO - [INFO] fetching: https://appliquedesignz.com/image/cache/data/Pokemon_Pikachu_Applique_Design_590_0-1200x1200.jpg
[2022-01-25 07:16:23,232] {logging_mixin.py:104} INFO - [INFO-DEL] deleting: /opt/airflow/dags/images/pikachu_93.jpeg
[2022-01-25 07:16:23,239] {logging_mixin.py:104} INFO - [INFO] fetching: https://heavy.com/wp-content/uploads/2017/08/screen-shot-2017-08-09-at-9-59-40-am-e1502287216960.png
[2022-01-25 07:16:24,991] {logging_mixin.py:104} INFO - [INFO] fetching: https://webstockreview.net/images/pikachu-clipart-pikachu-tail-10.png
[2022-01-25 07:16:26,561] {logging_mixin.py:104} INFO - [INFO] fetching: https://i.pinimg.com/736x/69/b4/86/69b4861c06c48e990fd225d75a8c4b73--pokemon.jpg
[2022-01-25 07:16:28,484] {logging_mixin.py:104} INFO - [INFO] fetching: https://pngimg.com/uploads/pokemon/pokemon_PNG103.png
[2022-01-25 07:16:30,394] {logging_mixin.py:104} INFO - [INFO] fetching: https://www.pngall.com/wp-content/uploads/5/Pokemon-Pikachu-PNG-Picture.png
[2022-01-25 07:16:32,332] {logging_mixin.py:104} INFO - [INFO] fetching: https://d3ieicw58ybon5.cloudfront.net/ex/1200.630/20.119.632.332/u/69bd8a787a374c94830d9f9c87ead74d.jpg
[2022-01-25 07:16:33,632] {logging_mixin.py:104} INFO - [INFO] making request for group 100-150 of 1000...
[2022-01-25 07:16:34,950] {logging_mixin.py:104} INFO - [INFO] saving images for group 100-150 of 1000...
[2022-01-25 07:16:34,955] {logging_mixin.py:104} INFO - [INFO] fetching: https://media.gq.com/photos/5cd448e6b41d094fd2cd74af/16:9/w_2560%2Cc_limit/There-Could-Be-No-More-Perfect-Pikachu-Than-Ryan-Reynolds-gq-1.jpg
[2022-01-25 07:16:35,714] {logging_mixin.py:104} INFO - [INFO] fetching: https://i.neoseeker.com/n/7/pika.jpg
[2022-01-25 07:16:40,820] {logging_mixin.py:104} INFO - [INFO] fetching: https://d1lss44hh2trtw.cloudfront.net/assets/article/2019/05/28/detective-pikachu-coffee_feature.jpg
[2022-01-25 07:16:41,152] {logging_mixin.py:104} INFO - [INFO] fetching: https://media.nichegamer.com/wp-content/uploads/2018/01/12144503/detective-pikachu-01-12-18-2-1200x1330.jpg
[2022-01-25 07:16:41,343] {logging_mixin.py:104} INFO - [INFO-DEL] deleting: /opt/airflow/dags/images/pikachu_103.jpeg
[2022-01-25 07:16:41,345] {logging_mixin.py:104} INFO - [INFO] fetching: https://www.gamepur.com/files/images/tldr/2017/07/How-To-Catch-Ashs-Hat-Pikachu-Feature.jpg
[2022-01-25 07:16:43,492] {logging_mixin.py:104} INFO - [INFO] fetching: https://www.pokemoncenter.com/products/images/P6480/701-06560/P6480_701-06560_01.jpg
[2022-01-25 07:16:45,590] {logging_mixin.py:104} INFO - [INFO] fetching: https://nintendoeverything.com/wp-content/uploads/sites/1/nggallery/detective-pikachu-art/detective-pikachu-7.jpg
[2022-01-25 07:17:01,009] {logging_mixin.py:104} INFO - [INFO] fetching: https://imgix.ranker.com/user_node_img/50090/1001785516/original/pika-pika-photo-u2?fit=crop&fm=pjpg&q=60&w=650&dpr=2
[2022-01-25 07:17:02,005] {logging_mixin.py:104} INFO - [INFO] fetching: https://static1.srcdn.com/wordpress/wp-content/uploads/2019/05/Pokemon-Detective-Pikachu-Sequel.jpg
[2022-01-25 07:17:03,183] {logging_mixin.py:104} INFO - [INFO] fetching: https://www.pokemoncenter.com/products/images/P4537/701-03482/P4537_701-03482_01.jpg
[2022-01-25 07:17:04,250] {logging_mixin.py:104} INFO - [INFO] fetching: https://vamers.com/wp-content/uploads/2019/05/Vamers-Entertainment-Watch-Detective-Pikachu-online-for-free-Main-Banner.jpg
[2022-01-25 07:17:04,677] {logging_mixin.py:104} INFO - [INFO] fetching: https://lh3.googleusercontent.com/-pjv4YgoL5UI/XyvtmAe7IAI/AAAAAAAAAyg/yw8CdJezZS8u3FPhLCORyjmOhb2HosoKACLcBGAsYHQ/s1600/1596714392572854-14.png
[2022-01-25 07:17:05,274] {logging_mixin.py:104} INFO - [INFO] fetching: https://wallpapercave.com/wp/wp5526652.jpg
[2022-01-25 07:17:07,041] {logging_mixin.py:104} INFO - [INFO] fetching: https://s2.megabrandsmedia.com/products/megabloks-50434ac1376b0135b061beb317f36f5b-1493649325-fjn61-19745.jpg
[2022-01-25 07:17:07,786] {logging_mixin.py:104} INFO - [INFO] fetching: https://assets.teenvogue.com/photos/5b4e3ee0ac39084f51205a07/16:9/w_1280,c_limit/pikachu-bangs-fb.jpg?mbid=social_retweet
[2022-01-25 07:17:08,924] {logging_mixin.py:104} INFO - [INFO] fetching: https://static3.gamerantimages.com/wordpress/wp-content/uploads/2021/01/SpecialPikachuHeader.jpg
[2022-01-25 07:17:09,547] {logging_mixin.py:104} INFO - [INFO] fetching: https://media.pocketmonsters.net/imageboard/31/14561285400034.jpg
[2022-01-25 07:17:11,500] {logging_mixin.py:104} INFO - [INFO] fetching: http://www.eventmascots.co.uk/wp-content/uploads/2016/09/pokemon.png
[2022-01-25 07:17:44,076] {logging_mixin.py:104} INFO - [ERROR]:  HTTPConnectionPool(host='www.eventmascots.co.uk', port=80): Read timed out. (read timeout=30)
[2022-01-25 07:17:44,077] {logging_mixin.py:104} INFO - [INFO] fetching: https://static1.thegamerimages.com/wordpress/wp-content/uploads/2020/03/Pokemon-Lets-Go-Eevee-and-Pikachu-Dressed-With-Nice-Bows.jpg
[2022-01-25 07:17:45,752] {logging_mixin.py:104} INFO - [INFO] fetching: https://img1.cgtrader.com/items/2363834/9e80c00060/pocky-pikachu-pokemon-stl-3d-model-stl.jpg
[2022-01-25 07:17:48,817] {logging_mixin.py:104} INFO - [INFO] fetching: https://static1.gamerantimages.com/wordpress/wp-content/uploads/2020/08/pikachu-viral-song.jpg
[2022-01-25 07:17:50,416] {logging_mixin.py:104} INFO - [INFO] fetching: https://assets.vg247.com/current/2016/01/detective_pikachu.jpg
[2022-01-25 07:17:51,464] {logging_mixin.py:104} INFO - [INFO] fetching: http://media.pocketmonsters.net/imageboard/31/15228538780096.jpg
[2022-01-25 07:17:54,604] {logging_mixin.py:104} INFO - [INFO] fetching: https://static2.srcdn.com/wordpress/wp-content/uploads/2019/05/Pokemon-Detective-Pikachu-Post-credits-scene.jpg
[2022-01-25 07:17:55,127] {logging_mixin.py:104} INFO - [INFO] fetching: https://imgix.ranker.com/user_node_img/50090/1001785514/original/i-will-electrocute_-you-photo-u1?fit=crop&fm=pjpg&q=60&w=650&dpr=2
[2022-01-25 07:18:05,136] {logging_mixin.py:104} INFO - [ERROR]:  HTTPSConnectionPool(host='imgix.ranker.com', port=443): Max retries exceeded with url: /user_node_img/50090/1001785514/original/i-will-electrocute_-you-photo-u1?fit=crop&fm=pjpg&q=60&w=650&dpr=2 (Caused by NewConnectionError('<urllib3.connection.HTTPSConnection object at 0x7f6cd7e4f2e8>: Failed to establish a new connection: [Errno -3] Temporary failure in name resolution',))
[2022-01-25 07:18:05,136] {logging_mixin.py:104} INFO - [INFO] fetching: http://pinataboy.com/wp-content/uploads/2017/05/0E7CABEB-1F30-4E6C-B586-2CEBDA4C5AD8.jpg
[2022-01-25 07:18:06,061] {logging_mixin.py:104} INFO - [INFO-DEL] deleting: /opt/airflow/dags/images/pikachu_123.jpeg
[2022-01-25 07:18:06,065] {logging_mixin.py:104} INFO - [INFO] fetching: https://wallpapertag.com/wallpaper/middle/3/e/0/421412-most-popular-pokemon-pikachu-wallpapers-1990x1440-for-mac.jpg
[2022-01-25 07:18:08,009] {logging_mixin.py:104} INFO - [INFO] fetching: https://s2.megabrandsmedia.com/2018/07/18/16/40/33/r/1000x750/B4BGYOKfXw1531946433.jpeg
[2022-01-25 07:18:08,703] {logging_mixin.py:104} INFO - [INFO] fetching: https://img2.cgtrader.com/items/1936395/2792841c74/pikachu-3d-model-stl.jpg
[2022-01-25 07:18:10,099] {logging_mixin.py:104} INFO - [INFO] fetching: https://screenvisionmedia.com/wp-content/uploads/2019/04/pokemon-detective-pikachu.jpg
[2022-01-25 07:18:12,736] {logging_mixin.py:104} INFO - [INFO] fetching: https://www.pokemoncenter.com/products/images/P7133/108309/P7133_108309_01.jpg
[2022-01-25 07:18:22,745] {logging_mixin.py:104} INFO - [ERROR]:  HTTPSConnectionPool(host='www.pokemoncenter.com', port=443): Max retries exceeded with url: /products/images/P7133/108309/P7133_108309_01.jpg (Caused by NewConnectionError('<urllib3.connection.HTTPSConnection object at 0x7f6cd7e4f6a0>: Failed to establish a new connection: [Errno -3] Temporary failure in name resolution',))
[2022-01-25 07:18:22,745] {logging_mixin.py:104} INFO - [INFO] fetching: https://i.kinja-img.com/gawker-media/image/upload/s--zxpIWDK6--/c_fill,fl_progressive,g_center,h_900,q_80,w_1600/r3lapixycmqowiraveb1.jpg
[2022-01-25 07:18:38,363] {logging_mixin.py:104} INFO - [INFO-DEL] deleting: /opt/airflow/dags/images/pikachu_128.jpeg
[2022-01-25 07:18:38,372] {logging_mixin.py:104} INFO - [INFO] fetching: https://i2.wp.com/sotaku.com/wp-content/uploads/2018/05/Pika.jpg?fit=2503%2C1306&ssl=1
[2022-01-25 07:18:42,156] {logging_mixin.py:104} INFO - [INFO] fetching: https://static2.thegamerimages.com/wordpress/wp-content/uploads/2020/03/pikachu-libre.jpg
[2022-01-25 07:18:44,435] {logging_mixin.py:104} INFO - [INFO] fetching: https://pngeditz.com/wp-content/uploads/2019/06/pikachuu-png.png
[2022-01-25 07:18:54,452] {logging_mixin.py:104} INFO - [ERROR]:  HTTPSConnectionPool(host='pngeditz.com', port=443): Max retries exceeded with url: /wp-content/uploads/2019/06/pikachuu-png.png (Caused by NewConnectionError('<urllib3.connection.HTTPSConnection object at 0x7f6cd7e96fd0>: Failed to establish a new connection: [Errno -3] Temporary failure in name resolution',))
[2022-01-25 07:18:54,453] {logging_mixin.py:104} INFO - [INFO] fetching: https://imgix.bustle.com/rehost/2016/9/14/3bddb9fb-8417-42bd-ad68-483047679620.png?w=1200&h=630&q=70&fit=crop&crop=faces&fm=jpg
[2022-01-25 07:18:56,728] {logging_mixin.py:104} INFO - [INFO] fetching: https://i.ytimg.com/vi/0z51tiRkqN8/maxresdefault.jpg
[2022-01-25 07:19:06,742] {logging_mixin.py:104} INFO - [ERROR]:  HTTPSConnectionPool(host='i.ytimg.com', port=443): Max retries exceeded with url: /vi/0z51tiRkqN8/maxresdefault.jpg (Caused by NewConnectionError('<urllib3.connection.HTTPSConnection object at 0x7f6cd7e96b38>: Failed to establish a new connection: [Errno -3] Temporary failure in name resolution',))
[2022-01-25 07:19:06,743] {logging_mixin.py:104} INFO - [INFO] fetching: http://2.bp.blogspot.com/-EHYbTpQLsmM/TyVRPH5RMGI/AAAAAAAAAb0/M7hnCPo5i20/w1200-h630-p-k-no-nu/pikachu.jpg
[2022-01-25 07:19:07,858] {logging_mixin.py:104} INFO - [INFO] fetching: https://images.nintendolife.com/news/2018/05/we_nearly_had_a_terrifying_second_pikachu_evolution_with_horns_and_fangs/1280x720.jpg
[2022-01-25 07:19:08,253] {logging_mixin.py:104} INFO - [INFO] fetching: https://img2.cgtrader.com/items/2397682/ff1d56ce8d/pikachu-pokemon-3d-model-stl.jpg
[2022-01-25 07:19:08,548] {logging_mixin.py:104} INFO - [INFO] fetching: https://1.bp.blogspot.com/-w4nzY4co0ZM/TifSkIheO8I/AAAAAAAAAJg/gkhTNP32ZQM/s1600/cute_pikachu_picture.jpg
[2022-01-25 07:19:18,561] {logging_mixin.py:104} INFO - [ERROR]:  HTTPSConnectionPool(host='1.bp.blogspot.com', port=443): Max retries exceeded with url: /-w4nzY4co0ZM/TifSkIheO8I/AAAAAAAAAJg/gkhTNP32ZQM/s1600/cute_pikachu_picture.jpg (Caused by NewConnectionError('<urllib3.connection.HTTPSConnection object at 0x7f6cd7e96710>: Failed to establish a new connection: [Errno -3] Temporary failure in name resolution',))
[2022-01-25 07:19:18,562] {logging_mixin.py:104} INFO - [INFO] fetching: https://cdna.artstation.com/p/assets/images/images/011/013/148/large/bayram-baglayan-img-20180524-181437-904.jpg?1527428430
[2022-01-25 07:19:19,074] {logging_mixin.py:104} INFO - [INFO] fetching: https://picon.ngfiles.com/701000/flash_701437_largest_crop.png?f1601049528
[2022-01-25 07:19:23,226] {logging_mixin.py:104} INFO - [INFO] fetching: http://www.zastavki.com/pictures/640x480/2014/Cartoons____Pokemon_Pikachu_059581_29.jpg
[2022-01-25 07:19:24,436] {logging_mixin.py:104} INFO - [ERROR]:  HTTPSConnectionPool(host='www.zastavki.com', port=443): Max retries exceeded with url: /pictures/640x480/2014/Cartoons____Pokemon_Pikachu_059581_29.jpg (Caused by SSLError(SSLError(1, '[SSL: CERTIFICATE_VERIFY_FAILED] certificate verify failed (_ssl.c:852)'),))
[2022-01-25 07:19:24,439] {logging_mixin.py:104} INFO - [INFO] fetching: https://external-preview.redd.it/BzrkFNZBvqovaRR-Kplr4lVm3QCNQ13RZDf35R_bTws.jpg?auto=webp&s=b79c39364d2875b27c2b1f14deb1e9ce57f63756
[2022-01-25 07:19:34,451] {logging_mixin.py:104} INFO - [ERROR]:  HTTPSConnectionPool(host='external-preview.redd.it', port=443): Max retries exceeded with url: /BzrkFNZBvqovaRR-Kplr4lVm3QCNQ13RZDf35R_bTws.jpg?auto=webp&s=b79c39364d2875b27c2b1f14deb1e9ce57f63756 (Caused by NewConnectionError('<urllib3.connection.HTTPSConnection object at 0x7f6cd7e96a58>: Failed to establish a new connection: [Errno -3] Temporary failure in name resolution',))
[2022-01-25 07:19:34,451] {logging_mixin.py:104} INFO - [INFO] fetching: http://i.ytimg.com/vi/SHzl08jICtE/maxresdefault.jpg
[2022-01-25 07:19:34,834] {logging_mixin.py:104} INFO - [INFO] fetching: https://media.sketchfab.com/models/ac60f6f686c14be6a1a636646afb5302/thumbnails/9e77d8ef114a4894a799047fc67ca152/4f892941ad124776884379bb684ead26.jpeg
[2022-01-25 07:19:35,211] {logging_mixin.py:104} INFO - [INFO] fetching: https://s3.getstickerpack.com/storage/uploads/sticker-pack/pikachu/4.png?a15620715062e25ce71b7dd3da72c25c&d=200x200
[2022-01-25 07:19:37,484] {logging_mixin.py:104} INFO - [INFO] fetching: https://www.freegame.games/wp-content/uploads/thumbs/gamemonetize/P/pokemon-pikachu.jpg
[2022-01-25 07:19:41,874] {logging_mixin.py:104} INFO - [INFO] fetching: https://d3ieicw58ybon5.cloudfront.net/ex/1200.630/20.119.632.332/u/69bd8a787a374c94830d9f9c87ead74d.jpg
[2022-01-25 07:19:42,123] {logging_mixin.py:104} INFO - [INFO] making request for group 150-200 of 1000...
[2022-01-25 07:19:44,252] {local_task_job.py:77} ERROR - Received SIGTERM. Terminating subprocesses
[2022-01-25 07:19:44,286] {process_utils.py:100} INFO - Sending Signals.SIGTERM to GPID 43
