[2022-01-25 10:29:36,333] {taskinstance.py:851} INFO - Dependencies all met for <TaskInstance: classification.check_data_exist 2022-01-25T10:29:28.085292+00:00 [queued]>
[2022-01-25 10:29:36,349] {taskinstance.py:851} INFO - Dependencies all met for <TaskInstance: classification.check_data_exist 2022-01-25T10:29:28.085292+00:00 [queued]>
[2022-01-25 10:29:36,350] {taskinstance.py:1042} INFO - 
--------------------------------------------------------------------------------
[2022-01-25 10:29:36,350] {taskinstance.py:1043} INFO - Starting attempt 1 of 2
[2022-01-25 10:29:36,351] {taskinstance.py:1044} INFO - 
--------------------------------------------------------------------------------
[2022-01-25 10:29:36,379] {taskinstance.py:1063} INFO - Executing <Task(BranchPythonOperator): check_data_exist> on 2022-01-25T10:29:28.085292+00:00
[2022-01-25 10:29:36,385] {standard_task_runner.py:52} INFO - Started process 17582 to run task
[2022-01-25 10:29:36,390] {standard_task_runner.py:76} INFO - Running: ['airflow', 'tasks', 'run', 'classification', 'check_data_exist', '2022-01-25T10:29:28.085292+00:00', '--job-id', '73', '--pool', 'default_pool', '--raw', '--subdir', 'DAGS_FOLDER/classification.py', '--cfg-path', '/tmp/tmpwmff6asj', '--error-file', '/tmp/tmp23kfyf2g']
[2022-01-25 10:29:36,396] {standard_task_runner.py:77} INFO - Job 73: Subtask check_data_exist
[2022-01-25 10:29:36,452] {logging_mixin.py:104} INFO - Running <TaskInstance: classification.check_data_exist 2022-01-25T10:29:28.085292+00:00 [running]> on host 2dc98551bc76
[2022-01-25 10:29:36,501] {taskinstance.py:1257} INFO - Exporting the following env vars:
AIRFLOW_CTX_DAG_OWNER=airflow
AIRFLOW_CTX_DAG_ID=classification
AIRFLOW_CTX_TASK_ID=check_data_exist
AIRFLOW_CTX_EXECUTION_DATE=2022-01-25T10:29:28.085292+00:00
AIRFLOW_CTX_DAG_RUN_ID=manual__2022-01-25T10:29:28.085292+00:00
[2022-01-25 10:29:36,626] {logging_mixin.py:104} INFO - pikachu_629.png
[2022-01-25 10:29:36,627] {logging_mixin.py:104} INFO - pikachu_630.jpeg
[2022-01-25 10:29:36,627] {logging_mixin.py:104} INFO - pikachu_631.jpeg
[2022-01-25 10:29:36,627] {logging_mixin.py:104} INFO - pikachu_633.jpeg
[2022-01-25 10:29:36,628] {logging_mixin.py:104} INFO - pikachu_634.jpeg
[2022-01-25 10:29:36,628] {logging_mixin.py:104} INFO - pikachu_635.jpeg
[2022-01-25 10:29:36,628] {logging_mixin.py:104} INFO - pikachu_636.jpeg
[2022-01-25 10:29:36,629] {logging_mixin.py:104} INFO - pikachu_637.jpeg
[2022-01-25 10:29:36,629] {logging_mixin.py:104} INFO - pikachu_638.jpeg
[2022-01-25 10:29:36,629] {logging_mixin.py:104} INFO - pikachu_639.jpeg
[2022-01-25 10:29:36,630] {logging_mixin.py:104} INFO - pikachu_640.jpeg
[2022-01-25 10:29:36,630] {logging_mixin.py:104} INFO - pikachu_641.jpeg
[2022-01-25 10:29:36,630] {logging_mixin.py:104} INFO - pikachu_642.jpeg
[2022-01-25 10:29:36,631] {logging_mixin.py:104} INFO - pikachu_643.jpeg
[2022-01-25 10:29:36,631] {logging_mixin.py:104} INFO - pikachu_644.jpeg
[2022-01-25 10:29:36,631] {logging_mixin.py:104} INFO - pikachu_645.jpeg
[2022-01-25 10:29:36,632] {logging_mixin.py:104} INFO - pikachu_646.jpeg
[2022-01-25 10:29:36,632] {logging_mixin.py:104} INFO - pikachu_647.jpeg
[2022-01-25 10:29:36,633] {logging_mixin.py:104} INFO - pikachu_648.jpeg
[2022-01-25 10:29:36,633] {logging_mixin.py:104} INFO - pikachu_649.jpeg
[2022-01-25 10:29:36,634] {logging_mixin.py:104} INFO - pikachu_650.jpeg
[2022-01-25 10:29:36,634] {logging_mixin.py:104} INFO - pikachu_651.jpeg
[2022-01-25 10:29:36,634] {logging_mixin.py:104} INFO - pikachu_652.png
[2022-01-25 10:29:36,635] {logging_mixin.py:104} INFO - pikachu_653.jpeg
[2022-01-25 10:29:36,635] {logging_mixin.py:104} INFO - pikachu_654.jpeg
[2022-01-25 10:29:36,636] {logging_mixin.py:104} INFO - pikachu_655.jpeg
[2022-01-25 10:29:36,636] {logging_mixin.py:104} INFO - pikachu_657.jpeg
[2022-01-25 10:29:36,636] {logging_mixin.py:104} INFO - pikachu_658.jpeg
[2022-01-25 10:29:36,637] {logging_mixin.py:104} INFO - pikachu_659.png
[2022-01-25 10:29:36,637] {logging_mixin.py:104} INFO - pikachu_660.jpeg
[2022-01-25 10:29:36,638] {logging_mixin.py:104} INFO - pikachu_661.png
[2022-01-25 10:29:36,638] {logging_mixin.py:104} INFO - pikachu_662.png
[2022-01-25 10:29:36,638] {logging_mixin.py:104} INFO - pikachu_663.jpeg
[2022-01-25 10:29:36,639] {logging_mixin.py:104} INFO - pikachu_664.jpeg
[2022-01-25 10:29:36,639] {logging_mixin.py:104} INFO - pikachu_665.jpeg
[2022-01-25 10:29:36,639] {logging_mixin.py:104} INFO - pikachu_666.jpeg
[2022-01-25 10:29:36,640] {logging_mixin.py:104} INFO - pikachu_667.png
[2022-01-25 10:29:36,640] {logging_mixin.py:104} INFO - pikachu_668.jpeg
[2022-01-25 10:29:36,641] {logging_mixin.py:104} INFO - pikachu_669.jpeg
[2022-01-25 10:29:36,641] {logging_mixin.py:104} INFO - pikachu_670.jpeg
[2022-01-25 10:29:36,641] {logging_mixin.py:104} INFO - pikachu_671.jpeg
[2022-01-25 10:29:36,641] {logging_mixin.py:104} INFO - pikachu_672.jpeg
[2022-01-25 10:29:36,642] {logging_mixin.py:104} INFO - pikachu_673.png
[2022-01-25 10:29:36,642] {logging_mixin.py:104} INFO - pikachu_674.jpeg
[2022-01-25 10:29:36,643] {logging_mixin.py:104} INFO - pikachu_675.jpeg
[2022-01-25 10:29:36,643] {logging_mixin.py:104} INFO - pikachu_676.jpeg
[2022-01-25 10:29:36,643] {logging_mixin.py:104} INFO - pikachu_677.jpeg
[2022-01-25 10:29:36,644] {logging_mixin.py:104} INFO - pikachu_678.jpeg
[2022-01-25 10:29:36,644] {logging_mixin.py:104} INFO - pikachu_679.jpeg
[2022-01-25 10:29:36,644] {logging_mixin.py:104} INFO - pikachu_682.jpeg
[2022-01-25 10:29:36,644] {logging_mixin.py:104} INFO - pikachu_683.jpeg
[2022-01-25 10:29:36,645] {logging_mixin.py:104} INFO - pikachu_684.jpeg
[2022-01-25 10:29:36,645] {logging_mixin.py:104} INFO - pikachu_686.jpeg
[2022-01-25 10:29:36,645] {logging_mixin.py:104} INFO - pikachu_688.jpeg
[2022-01-25 10:29:36,645] {logging_mixin.py:104} INFO - pikachu_689.jpeg
[2022-01-25 10:29:36,645] {logging_mixin.py:104} INFO - pikachu_690.jpeg
[2022-01-25 10:29:36,646] {logging_mixin.py:104} INFO - pikachu_691.jpeg
[2022-01-25 10:29:36,646] {logging_mixin.py:104} INFO - pikachu_692.jpeg
[2022-01-25 10:29:36,646] {logging_mixin.py:104} INFO - pikachu_693.jpeg
[2022-01-25 10:29:36,646] {logging_mixin.py:104} INFO - pikachu_694.jpeg
[2022-01-25 10:29:36,646] {logging_mixin.py:104} INFO - pikachu_695.jpeg
[2022-01-25 10:29:36,647] {logging_mixin.py:104} INFO - pikachu_696.jpeg
[2022-01-25 10:29:36,647] {logging_mixin.py:104} INFO - pikachu_697.jpeg
[2022-01-25 10:29:36,647] {logging_mixin.py:104} INFO - pikachu_698.jpeg
[2022-01-25 10:29:36,647] {logging_mixin.py:104} INFO - pikachu_699.jpeg
[2022-01-25 10:29:36,648] {logging_mixin.py:104} INFO - pikachu_700.jpeg
[2022-01-25 10:29:36,648] {logging_mixin.py:104} INFO - pikachu_701.jpeg
[2022-01-25 10:29:36,648] {logging_mixin.py:104} INFO - pikachu_702.jpeg
[2022-01-25 10:29:36,648] {logging_mixin.py:104} INFO - pikachu_703.jpeg
[2022-01-25 10:29:36,648] {logging_mixin.py:104} INFO - pikachu_704.jpeg
[2022-01-25 10:29:36,649] {logging_mixin.py:104} INFO - pikachu_705.jpeg
[2022-01-25 10:29:36,649] {logging_mixin.py:104} INFO - pikachu_706.jpeg
[2022-01-25 10:29:36,649] {logging_mixin.py:104} INFO - pikachu_707.jpeg
[2022-01-25 10:29:36,650] {logging_mixin.py:104} INFO - pikachu_708.jpeg
[2022-01-25 10:29:36,650] {logging_mixin.py:104} INFO - pikachu_709.jpeg
[2022-01-25 10:29:36,650] {logging_mixin.py:104} INFO - pikachu_711.jpeg
[2022-01-25 10:29:36,650] {logging_mixin.py:104} INFO - pikachu_712.jpeg
[2022-01-25 10:29:36,651] {logging_mixin.py:104} INFO - pikachu_713.jpeg
[2022-01-25 10:29:36,651] {logging_mixin.py:104} INFO - pikachu_714.jpeg
[2022-01-25 10:29:36,651] {logging_mixin.py:104} INFO - pikachu_715.png
[2022-01-25 10:29:36,651] {logging_mixin.py:104} INFO - pikachu_716.jpeg
[2022-01-25 10:29:36,651] {logging_mixin.py:104} INFO - pikachu_717.jpeg
[2022-01-25 10:29:36,652] {logging_mixin.py:104} INFO - pikachu_718.jpeg
[2022-01-25 10:29:36,652] {logging_mixin.py:104} INFO - pikachu_719.jpeg
[2022-01-25 10:29:36,652] {logging_mixin.py:104} INFO - pikachu_720.jpeg
[2022-01-25 10:29:36,652] {logging_mixin.py:104} INFO - pikachu_721.jpeg
[2022-01-25 10:29:36,653] {logging_mixin.py:104} INFO - pikachu_722.jpeg
[2022-01-25 10:29:36,653] {logging_mixin.py:104} INFO - pikachu_723.jpeg
[2022-01-25 10:29:36,653] {logging_mixin.py:104} INFO - pikachu_724.png
[2022-01-25 10:29:36,654] {logging_mixin.py:104} INFO - pikachu_725.jpeg
[2022-01-25 10:29:36,654] {logging_mixin.py:104} INFO - pikachu_726.jpeg
[2022-01-25 10:29:36,654] {logging_mixin.py:104} INFO - pikachu_727.jpeg
[2022-01-25 10:29:36,654] {logging_mixin.py:104} INFO - pikachu_728.jpeg
[2022-01-25 10:29:36,654] {logging_mixin.py:104} INFO - pikachu_729.jpeg
[2022-01-25 10:29:36,655] {logging_mixin.py:104} INFO - pikachu_730.jpeg
[2022-01-25 10:29:36,655] {logging_mixin.py:104} INFO - pikachu_731.jpeg
[2022-01-25 10:29:36,655] {logging_mixin.py:104} INFO - pikachu_732.jpeg
[2022-01-25 10:29:36,655] {logging_mixin.py:104} INFO - pikachu_733.jpeg
[2022-01-25 10:29:36,656] {logging_mixin.py:104} INFO - pikachu_734.jpeg
[2022-01-25 10:29:36,656] {logging_mixin.py:104} INFO - pikachu_735.jpeg
[2022-01-25 10:29:36,656] {logging_mixin.py:104} INFO - pikachu_736.jpeg
[2022-01-25 10:29:36,656] {logging_mixin.py:104} INFO - pikachu_737.jpeg
[2022-01-25 10:29:36,656] {logging_mixin.py:104} INFO - pikachu_738.jpeg
[2022-01-25 10:29:36,657] {logging_mixin.py:104} INFO - pikachu_739.jpeg
[2022-01-25 10:29:36,657] {logging_mixin.py:104} INFO - pikachu_740.jpeg
[2022-01-25 10:29:36,657] {logging_mixin.py:104} INFO - pikachu_741.jpeg
[2022-01-25 10:29:36,657] {logging_mixin.py:104} INFO - pikachu_742.jpeg
[2022-01-25 10:29:36,657] {logging_mixin.py:104} INFO - pikachu_743.png
[2022-01-25 10:29:36,658] {logging_mixin.py:104} INFO - pikachu_744.jpeg
[2022-01-25 10:29:36,658] {logging_mixin.py:104} INFO - pikachu_745.jpeg
[2022-01-25 10:29:36,658] {logging_mixin.py:104} INFO - pikachu_746.jpeg
[2022-01-25 10:29:36,658] {logging_mixin.py:104} INFO - pikachu_747.jpeg
[2022-01-25 10:29:36,659] {logging_mixin.py:104} INFO - pikachu_748.jpeg
[2022-01-25 10:29:36,659] {logging_mixin.py:104} INFO - pikachu_749.jpeg
[2022-01-25 10:29:36,659] {logging_mixin.py:104} INFO - pikachu_750.jpeg
[2022-01-25 10:29:36,659] {logging_mixin.py:104} INFO - pikachu_751.jpeg
[2022-01-25 10:29:36,660] {logging_mixin.py:104} INFO - pikachu_752.jpeg
[2022-01-25 10:29:36,660] {logging_mixin.py:104} INFO - pikachu_753.jpeg
[2022-01-25 10:29:36,660] {logging_mixin.py:104} INFO - pikachu_754.png
[2022-01-25 10:29:36,660] {logging_mixin.py:104} INFO - pikachu_755.jpeg
[2022-01-25 10:29:36,660] {logging_mixin.py:104} INFO - pikachu_756.jpeg
[2022-01-25 10:29:36,661] {logging_mixin.py:104} INFO - pikachu_757.jpeg
[2022-01-25 10:29:36,661] {logging_mixin.py:104} INFO - pikachu_758.jpeg
[2022-01-25 10:29:36,661] {logging_mixin.py:104} INFO - pikachu_759.jpeg
[2022-01-25 10:29:36,661] {logging_mixin.py:104} INFO - pikachu_760.jpeg
[2022-01-25 10:29:36,661] {logging_mixin.py:104} INFO - pikachu_761.jpeg
[2022-01-25 10:29:36,662] {logging_mixin.py:104} INFO - pikachu_762.jpeg
[2022-01-25 10:29:36,662] {logging_mixin.py:104} INFO - pikachu_763.png
[2022-01-25 10:29:36,662] {logging_mixin.py:104} INFO - pikachu_764.jpeg
[2022-01-25 10:29:36,662] {logging_mixin.py:104} INFO - pikachu_765.png
[2022-01-25 10:29:36,663] {logging_mixin.py:104} INFO - pikachu_766.jpeg
[2022-01-25 10:29:36,663] {logging_mixin.py:104} INFO - pikachu_767.png
[2022-01-25 10:29:36,663] {logging_mixin.py:104} INFO - pikachu_768.jpeg
[2022-01-25 10:29:36,663] {logging_mixin.py:104} INFO - pikachu_769.jpeg
[2022-01-25 10:29:36,663] {logging_mixin.py:104} INFO - pikachu_771.jpeg
[2022-01-25 10:29:36,664] {logging_mixin.py:104} INFO - pikachu_773.png
[2022-01-25 10:29:36,664] {logging_mixin.py:104} INFO - pikachu_774.jpeg
[2022-01-25 10:29:36,664] {logging_mixin.py:104} INFO - pikachu_776.png
[2022-01-25 10:29:36,664] {logging_mixin.py:104} INFO - pikachu_777.jpeg
[2022-01-25 10:29:36,665] {logging_mixin.py:104} INFO - pikachu_778.jpeg
[2022-01-25 10:29:36,665] {logging_mixin.py:104} INFO - pikachu_779.jpeg
[2022-01-25 10:29:36,665] {logging_mixin.py:104} INFO - pikachu_780.jpeg
[2022-01-25 10:29:36,665] {logging_mixin.py:104} INFO - pikachu_782.jpeg
[2022-01-25 10:29:36,665] {logging_mixin.py:104} INFO - pikachu_783.jpeg
[2022-01-25 10:29:36,666] {logging_mixin.py:104} INFO - pikachu_784.jpeg
[2022-01-25 10:29:36,666] {logging_mixin.py:104} INFO - pikachu_785.jpeg
[2022-01-25 10:29:36,666] {logging_mixin.py:104} INFO - pikachu_786.jpeg
[2022-01-25 10:29:36,666] {logging_mixin.py:104} INFO - pikachu_787.jpeg
[2022-01-25 10:29:36,666] {logging_mixin.py:104} INFO - pikachu_788.jpeg
[2022-01-25 10:29:36,667] {logging_mixin.py:104} INFO - pikachu_789.jpeg
[2022-01-25 10:29:36,667] {logging_mixin.py:104} INFO - pikachu_790.jpeg
[2022-01-25 10:29:36,667] {logging_mixin.py:104} INFO - pikachu_791.jpeg
[2022-01-25 10:29:36,667] {logging_mixin.py:104} INFO - pikachu_792.jpeg
[2022-01-25 10:29:36,668] {logging_mixin.py:104} INFO - pikachu_793.jpeg
[2022-01-25 10:29:36,668] {logging_mixin.py:104} INFO - pikachu_795.jpeg
[2022-01-25 10:29:36,668] {logging_mixin.py:104} INFO - pikachu_796.jpeg
[2022-01-25 10:29:36,668] {logging_mixin.py:104} INFO - pikachu_797.jpeg
[2022-01-25 10:29:36,668] {logging_mixin.py:104} INFO - pikachu_798.jpeg
[2022-01-25 10:29:36,669] {logging_mixin.py:104} INFO - pikachu_799.jpeg
[2022-01-25 10:29:36,669] {logging_mixin.py:104} INFO - pikachu_800.jpeg
[2022-01-25 10:29:36,669] {logging_mixin.py:104} INFO - pikachu_801.png
[2022-01-25 10:29:36,669] {logging_mixin.py:104} INFO - pikachu_802.jpeg
[2022-01-25 10:29:36,670] {logging_mixin.py:104} INFO - pikachu_803.jpeg
[2022-01-25 10:29:36,670] {logging_mixin.py:104} INFO - pikachu_804.jpeg
[2022-01-25 10:29:36,670] {logging_mixin.py:104} INFO - pikachu_805.jpeg
[2022-01-25 10:29:36,671] {logging_mixin.py:104} INFO - pikachu_806.jpeg
[2022-01-25 10:29:36,671] {logging_mixin.py:104} INFO - pikachu_807.png
[2022-01-25 10:29:36,671] {logging_mixin.py:104} INFO - pikachu_808.jpeg
[2022-01-25 10:29:36,671] {logging_mixin.py:104} INFO - pikachu_809.jpeg
[2022-01-25 10:29:36,672] {logging_mixin.py:104} INFO - pikachu_811.jpeg
[2022-01-25 10:29:36,672] {logging_mixin.py:104} INFO - pikachu_812.jpeg
[2022-01-25 10:29:36,672] {logging_mixin.py:104} INFO - pikachu_814.jpeg
[2022-01-25 10:29:36,672] {logging_mixin.py:104} INFO - pikachu_815.jpeg
[2022-01-25 10:29:36,673] {logging_mixin.py:104} INFO - pikachu_816.jpeg
[2022-01-25 10:29:36,673] {logging_mixin.py:104} INFO - pikachu_817.jpeg
[2022-01-25 10:29:36,673] {logging_mixin.py:104} INFO - pikachu_818.png
[2022-01-25 10:29:36,673] {logging_mixin.py:104} INFO - pikachu_819.jpeg
[2022-01-25 10:29:36,674] {logging_mixin.py:104} INFO - pikachu_820.jpeg
[2022-01-25 10:29:36,674] {logging_mixin.py:104} INFO - pikachu_821.jpeg
[2022-01-25 10:29:36,674] {logging_mixin.py:104} INFO - pikachu_822.png
[2022-01-25 10:29:36,675] {logging_mixin.py:104} INFO - pikachu_823.jpeg
[2022-01-25 10:29:36,675] {logging_mixin.py:104} INFO - pikachu_824.jpeg
[2022-01-25 10:29:36,675] {logging_mixin.py:104} INFO - pikachu_825.jpeg
[2022-01-25 10:29:36,675] {logging_mixin.py:104} INFO - pikachu_826.png
[2022-01-25 10:29:36,676] {logging_mixin.py:104} INFO - pikachu_827.jpeg
[2022-01-25 10:29:36,676] {logging_mixin.py:104} INFO - pikachu_828.png
[2022-01-25 10:29:36,676] {logging_mixin.py:104} INFO - pikachu_829.jpeg
[2022-01-25 10:29:36,676] {logging_mixin.py:104} INFO - pikachu_830.png
[2022-01-25 10:29:36,677] {logging_mixin.py:104} INFO - pikachu_831.jpeg
[2022-01-25 10:29:36,677] {logging_mixin.py:104} INFO - pikachu_832.jpeg
[2022-01-25 10:29:36,678] {logging_mixin.py:104} INFO - pikachu_833.jpeg
[2022-01-25 10:29:36,678] {logging_mixin.py:104} INFO - pikachu_834.jpeg
[2022-01-25 10:29:36,678] {logging_mixin.py:104} INFO - pikachu_835.jpeg
[2022-01-25 10:29:36,678] {logging_mixin.py:104} INFO - pikachu_836.jpeg
[2022-01-25 10:29:36,679] {logging_mixin.py:104} INFO - pikachu_837.jpeg
[2022-01-25 10:29:36,679] {logging_mixin.py:104} INFO - pikachu_838.jpeg
[2022-01-25 10:29:36,679] {logging_mixin.py:104} INFO - pikachu_839.jpeg
[2022-01-25 10:29:36,680] {logging_mixin.py:104} INFO - pikachu_840.jpeg
[2022-01-25 10:29:36,680] {logging_mixin.py:104} INFO - pikachu_841.jpeg
[2022-01-25 10:29:36,680] {logging_mixin.py:104} INFO - pikachu_842.jpeg
[2022-01-25 10:29:36,680] {logging_mixin.py:104} INFO - pikachu_843.png
[2022-01-25 10:29:36,681] {logging_mixin.py:104} INFO - pikachu_845.jpeg
[2022-01-25 10:29:36,681] {logging_mixin.py:104} INFO - pikachu_846.jpeg
[2022-01-25 10:29:36,681] {logging_mixin.py:104} INFO - pikachu_847.jpeg
[2022-01-25 10:29:36,682] {logging_mixin.py:104} INFO - pikachu_848.jpeg
[2022-01-25 10:29:36,682] {logging_mixin.py:104} INFO - pikachu_849.png
[2022-01-25 10:29:36,682] {logging_mixin.py:104} INFO - pikachu_850.png
[2022-01-25 10:29:36,682] {logging_mixin.py:104} INFO - pikachu_851.jpeg
[2022-01-25 10:29:36,683] {logging_mixin.py:104} INFO - pikachu_852.jpeg
[2022-01-25 10:29:36,683] {logging_mixin.py:104} INFO - pikachu_853.jpeg
[2022-01-25 10:29:36,683] {logging_mixin.py:104} INFO - pikachu_854.jpeg
[2022-01-25 10:29:36,683] {logging_mixin.py:104} INFO - pikachu_855.jpeg
[2022-01-25 10:29:36,684] {logging_mixin.py:104} INFO - pikachu_856.jpeg
[2022-01-25 10:29:36,684] {logging_mixin.py:104} INFO - pikachu_857.jpeg
[2022-01-25 10:29:36,684] {logging_mixin.py:104} INFO - pikachu_858.jpeg
[2022-01-25 10:29:36,684] {logging_mixin.py:104} INFO - pikachu_859.jpeg
[2022-01-25 10:29:36,685] {logging_mixin.py:104} INFO - pikachu_860.jpeg
[2022-01-25 10:29:36,685] {logging_mixin.py:104} INFO - pikachu_861.jpeg
[2022-01-25 10:29:36,685] {logging_mixin.py:104} INFO - pikachu_862.jpeg
[2022-01-25 10:29:36,685] {logging_mixin.py:104} INFO - pikachu_863.png
[2022-01-25 10:29:36,686] {logging_mixin.py:104} INFO - pikachu_864.jpeg
[2022-01-25 10:29:36,686] {logging_mixin.py:104} INFO - pikachu_865.jpeg
[2022-01-25 10:29:36,686] {logging_mixin.py:104} INFO - pikachu_866.jpeg
[2022-01-25 10:29:36,686] {logging_mixin.py:104} INFO - pikachu_867.jpeg
[2022-01-25 10:29:36,687] {logging_mixin.py:104} INFO - pikachu_868.jpeg
[2022-01-25 10:29:36,687] {logging_mixin.py:104} INFO - pikachu_869.jpeg
[2022-01-25 10:29:36,687] {logging_mixin.py:104} INFO - pikachu_870.jpeg
[2022-01-25 10:29:36,687] {logging_mixin.py:104} INFO - pikachu_871.jpeg
[2022-01-25 10:29:36,688] {logging_mixin.py:104} INFO - pikachu_872.png
[2022-01-25 10:29:36,688] {logging_mixin.py:104} INFO - pikachu_873.jpeg
[2022-01-25 10:29:36,688] {logging_mixin.py:104} INFO - pikachu_874.jpeg
[2022-01-25 10:29:36,688] {logging_mixin.py:104} INFO - pikachu_875.png
[2022-01-25 10:29:36,689] {logging_mixin.py:104} INFO - pikachu_876.jpeg
[2022-01-25 10:29:36,689] {logging_mixin.py:104} INFO - pikachu_877.jpeg
[2022-01-25 10:29:36,689] {logging_mixin.py:104} INFO - pikachu_878.jpeg
[2022-01-25 10:29:36,690] {logging_mixin.py:104} INFO - pikachu_879.jpeg
[2022-01-25 10:29:36,690] {logging_mixin.py:104} INFO - pikachu_880.jpeg
[2022-01-25 10:29:36,690] {logging_mixin.py:104} INFO - pikachu_881.jpeg
[2022-01-25 10:29:36,690] {logging_mixin.py:104} INFO - pikachu_882.jpeg
[2022-01-25 10:29:36,691] {logging_mixin.py:104} INFO - pikachu_883.jpeg
[2022-01-25 10:29:36,691] {logging_mixin.py:104} INFO - pikachu_884.jpeg
[2022-01-25 10:29:36,691] {logging_mixin.py:104} INFO - pikachu_885.jpeg
[2022-01-25 10:29:36,691] {logging_mixin.py:104} INFO - pikachu_886.jpeg
[2022-01-25 10:29:36,692] {logging_mixin.py:104} INFO - pikachu_887.jpeg
[2022-01-25 10:29:36,692] {logging_mixin.py:104} INFO - pikachu_888.jpeg
[2022-01-25 10:29:36,692] {logging_mixin.py:104} INFO - pikachu_889.jpeg
[2022-01-25 10:29:36,692] {logging_mixin.py:104} INFO - pikachu_890.jpeg
[2022-01-25 10:29:36,693] {logging_mixin.py:104} INFO - pikachu_891.jpeg
[2022-01-25 10:29:36,693] {logging_mixin.py:104} INFO - pikachu_892.png
[2022-01-25 10:29:36,693] {logging_mixin.py:104} INFO - pikachu_893.jpeg
[2022-01-25 10:29:36,694] {logging_mixin.py:104} INFO - pikachu_894.jpeg
[2022-01-25 10:29:36,694] {logging_mixin.py:104} INFO - pikachu_895.jpeg
[2022-01-25 10:29:36,694] {logging_mixin.py:104} INFO - pikachu_896.jpeg
[2022-01-25 10:29:36,694] {logging_mixin.py:104} INFO - pikachu_897.jpeg
[2022-01-25 10:29:36,695] {logging_mixin.py:104} INFO - pikachu_898.jpeg
[2022-01-25 10:29:36,695] {logging_mixin.py:104} INFO - pikachu_899.jpeg
[2022-01-25 10:29:36,695] {logging_mixin.py:104} INFO - pikachu_900.jpeg
[2022-01-25 10:29:36,695] {logging_mixin.py:104} INFO - pikachu_901.png
[2022-01-25 10:29:36,696] {logging_mixin.py:104} INFO - pikachu_902.jpeg
[2022-01-25 10:29:36,696] {logging_mixin.py:104} INFO - pikachu_903.jpeg
[2022-01-25 10:29:36,696] {logging_mixin.py:104} INFO - pikachu_904.png
[2022-01-25 10:29:36,697] {logging_mixin.py:104} INFO - pikachu_905.jpeg
[2022-01-25 10:29:36,697] {logging_mixin.py:104} INFO - pikachu_906.jpeg
[2022-01-25 10:29:36,698] {logging_mixin.py:104} INFO - pikachu_907.jpeg
[2022-01-25 10:29:36,698] {logging_mixin.py:104} INFO - pikachu_908.jpeg
[2022-01-25 10:29:36,699] {logging_mixin.py:104} INFO - pikachu_909.png
[2022-01-25 10:29:36,699] {logging_mixin.py:104} INFO - pikachu_910.jpeg
[2022-01-25 10:29:36,699] {logging_mixin.py:104} INFO - pikachu_911.jpeg
[2022-01-25 10:29:36,700] {logging_mixin.py:104} INFO - pikachu_912.jpeg
[2022-01-25 10:29:36,700] {logging_mixin.py:104} INFO - pikachu_913.jpeg
[2022-01-25 10:29:36,700] {logging_mixin.py:104} INFO - pikachu_914.jpeg
[2022-01-25 10:29:36,701] {logging_mixin.py:104} INFO - pikachu_915.png
[2022-01-25 10:29:36,701] {logging_mixin.py:104} INFO - pikachu_917.png
[2022-01-25 10:29:36,701] {logging_mixin.py:104} INFO - pikachu_918.jpeg
[2022-01-25 10:29:36,702] {logging_mixin.py:104} INFO - pikachu_919.jpeg
[2022-01-25 10:29:36,702] {logging_mixin.py:104} INFO - pikachu_920.jpeg
[2022-01-25 10:29:36,703] {logging_mixin.py:104} INFO - pikachu_921.jpeg
[2022-01-25 10:29:36,703] {logging_mixin.py:104} INFO - pikachu_922.png
[2022-01-25 10:29:36,703] {logging_mixin.py:104} INFO - pikachu_923.jpeg
[2022-01-25 10:29:36,704] {logging_mixin.py:104} INFO - pikachu_924.jpeg
[2022-01-25 10:29:36,704] {logging_mixin.py:104} INFO - pikachu_925.jpeg
[2022-01-25 10:29:36,704] {logging_mixin.py:104} INFO - pikachu_926.jpeg
[2022-01-25 10:29:36,704] {logging_mixin.py:104} INFO - pikachu_927.jpeg
[2022-01-25 10:29:36,705] {logging_mixin.py:104} INFO - pikachu_928.jpeg
[2022-01-25 10:29:36,705] {logging_mixin.py:104} INFO - pikachu_930.jpeg
[2022-01-25 10:29:36,705] {logging_mixin.py:104} INFO - pikachu_931.jpeg
[2022-01-25 10:29:36,706] {logging_mixin.py:104} INFO - pikachu_932.png
[2022-01-25 10:29:36,706] {logging_mixin.py:104} INFO - pikachu_934.jpeg
[2022-01-25 10:29:36,706] {logging_mixin.py:104} INFO - pikachu_935.jpeg
[2022-01-25 10:29:36,706] {logging_mixin.py:104} INFO - pikachu_936.jpeg
[2022-01-25 10:29:36,707] {logging_mixin.py:104} INFO - pikachu_937.jpeg
[2022-01-25 10:29:36,707] {logging_mixin.py:104} INFO - --------------ti-----------------------
[2022-01-25 10:29:36,707] {logging_mixin.py:104} INFO - <TaskInstance: classification.check_data_exist 2022-01-25T10:29:28.085292+00:00 [running]>
[2022-01-25 10:29:36,708] {logging_mixin.py:104} INFO - ------------------------------
[2022-01-25 10:29:36,726] {python.py:118} INFO - Done. Returned value was: load_data
[2022-01-25 10:29:36,727] {skipmixin.py:124} INFO - Following branch load_data
[2022-01-25 10:29:36,736] {skipmixin.py:155} INFO - Skipping tasks []
[2022-01-25 10:29:36,811] {taskinstance.py:1166} INFO - Marking task as SUCCESS. dag_id=classification, task_id=check_data_exist, execution_date=20220125T102928, start_date=20220125T102936, end_date=20220125T102936
[2022-01-25 10:29:36,864] {taskinstance.py:1220} INFO - 1 downstream tasks scheduled from follow-on schedule check
[2022-01-25 10:29:36,881] {local_task_job.py:146} INFO - Task exited with return code 0
