[2022-01-26 04:38:02,235] {taskinstance.py:851} INFO - Dependencies all met for <TaskInstance: classification.apply_model 2022-01-26T04:36:43.594035+00:00 [queued]>
[2022-01-26 04:38:02,262] {taskinstance.py:851} INFO - Dependencies all met for <TaskInstance: classification.apply_model 2022-01-26T04:36:43.594035+00:00 [queued]>
[2022-01-26 04:38:02,262] {taskinstance.py:1042} INFO - 
--------------------------------------------------------------------------------
[2022-01-26 04:38:02,263] {taskinstance.py:1043} INFO - Starting attempt 1 of 2
[2022-01-26 04:38:02,263] {taskinstance.py:1044} INFO - 
--------------------------------------------------------------------------------
[2022-01-26 04:38:02,281] {taskinstance.py:1063} INFO - Executing <Task(PythonOperator): apply_model> on 2022-01-26T04:36:43.594035+00:00
[2022-01-26 04:38:02,290] {standard_task_runner.py:52} INFO - Started process 86 to run task
[2022-01-26 04:38:02,298] {standard_task_runner.py:76} INFO - Running: ['airflow', 'tasks', 'run', 'classification', 'apply_model', '2022-01-26T04:36:43.594035+00:00', '--job-id', '202', '--pool', 'default_pool', '--raw', '--subdir', 'DAGS_FOLDER/classification.py', '--cfg-path', '/tmp/tmpy_yrv0o5', '--error-file', '/tmp/tmp89ceks5k']
[2022-01-26 04:38:02,305] {standard_task_runner.py:77} INFO - Job 202: Subtask apply_model
[2022-01-26 04:38:02,488] {logging_mixin.py:104} INFO - Running <TaskInstance: classification.apply_model 2022-01-26T04:36:43.594035+00:00 [running]> on host 115f9a25dda0
[2022-01-26 04:38:02,710] {taskinstance.py:1257} INFO - Exporting the following env vars:
AIRFLOW_CTX_DAG_OWNER=airflow
AIRFLOW_CTX_DAG_ID=classification
AIRFLOW_CTX_TASK_ID=apply_model
AIRFLOW_CTX_EXECUTION_DATE=2022-01-26T04:36:43.594035+00:00
AIRFLOW_CTX_DAG_RUN_ID=manual__2022-01-26T04:36:43.594035+00:00
[2022-01-26 04:38:20,668] {logging_mixin.py:104} WARNING - /usr/local/lib/python3.6/site-packages/PIL/Image.py:976 UserWarning: Palette images with Transparency expressed in bytes should be converted to RGBA images
[2022-01-26 04:38:24,013] {python.py:118} INFO - Done. Returned value was: None
[2022-01-26 04:38:24,038] {taskinstance.py:1166} INFO - Marking task as SUCCESS. dag_id=classification, task_id=apply_model, execution_date=20220126T043643, start_date=20220126T043802, end_date=20220126T043824
[2022-01-26 04:38:24,115] {taskinstance.py:1220} INFO - 1 downstream tasks scheduled from follow-on schedule check
[2022-01-26 04:38:24,150] {local_task_job.py:146} INFO - Task exited with return code 0
