[2021-12-24 11:43:35,314] {taskinstance.py:851} INFO - Dependencies all met for <TaskInstance: classification.check_data_exist 2021-12-24T11:37:50.453196+00:00 [queued]>
[2021-12-24 11:43:35,479] {taskinstance.py:851} INFO - Dependencies all met for <TaskInstance: classification.check_data_exist 2021-12-24T11:37:50.453196+00:00 [queued]>
[2021-12-24 11:43:35,488] {taskinstance.py:1042} INFO - 
--------------------------------------------------------------------------------
[2021-12-24 11:43:35,489] {taskinstance.py:1043} INFO - Starting attempt 1 of 2
[2021-12-24 11:43:35,492] {taskinstance.py:1044} INFO - 
--------------------------------------------------------------------------------
[2021-12-24 11:43:35,678] {taskinstance.py:1063} INFO - Executing <Task(BranchPythonOperator): check_data_exist> on 2021-12-24T11:37:50.453196+00:00
[2021-12-24 11:43:35,954] {standard_task_runner.py:52} INFO - Started process 50 to run task
[2021-12-24 11:43:36,367] {standard_task_runner.py:76} INFO - Running: ['airflow', 'tasks', 'run', 'classification', 'check_data_exist', '2021-12-24T11:37:50.453196+00:00', '--job-id', '153', '--pool', 'default_pool', '--raw', '--subdir', 'DAGS_FOLDER/classification.py', '--cfg-path', '/tmp/tmpagjpsarc', '--error-file', '/tmp/tmppcl7zpw1']
[2021-12-24 11:43:36,784] {standard_task_runner.py:77} INFO - Job 153: Subtask check_data_exist
[2021-12-24 11:43:38,658] {logging_mixin.py:104} INFO - Running <TaskInstance: classification.check_data_exist 2021-12-24T11:37:50.453196+00:00 [running]> on host 0d76f33c6135
[2021-12-24 11:43:39,437] {taskinstance.py:1257} INFO - Exporting the following env vars:
AIRFLOW_CTX_DAG_OWNER=airflow
AIRFLOW_CTX_DAG_ID=classification
AIRFLOW_CTX_TASK_ID=check_data_exist
AIRFLOW_CTX_EXECUTION_DATE=2021-12-24T11:37:50.453196+00:00
AIRFLOW_CTX_DAG_RUN_ID=scheduled__2021-12-24T11:37:50.453196+00:00
[2021-12-24 11:43:40,022] {logging_mixin.py:104} INFO - pikachu_0.jpeg
[2021-12-24 11:43:40,058] {logging_mixin.py:104} INFO - pikachu_1.png
[2021-12-24 11:43:40,069] {logging_mixin.py:104} INFO - pikachu_10.png
[2021-12-24 11:43:40,082] {logging_mixin.py:104} INFO - pikachu_11.jpeg
[2021-12-24 11:43:40,086] {logging_mixin.py:104} INFO - pikachu_12.jpeg
[2021-12-24 11:43:40,089] {logging_mixin.py:104} INFO - pikachu_13.png
[2021-12-24 11:43:40,108] {logging_mixin.py:104} INFO - pikachu_14.png
[2021-12-24 11:43:40,115] {logging_mixin.py:104} INFO - pikachu_15.jpeg
[2021-12-24 11:43:40,117] {logging_mixin.py:104} INFO - pikachu_16.jpeg
[2021-12-24 11:43:40,119] {logging_mixin.py:104} INFO - pikachu_17.jpeg
[2021-12-24 11:43:40,119] {logging_mixin.py:104} INFO - pikachu_18.jpeg
[2021-12-24 11:43:40,120] {logging_mixin.py:104} INFO - pikachu_19.jpeg
[2021-12-24 11:43:40,121] {logging_mixin.py:104} INFO - pikachu_2.jpeg
[2021-12-24 11:43:40,123] {logging_mixin.py:104} INFO - pikachu_20.png
[2021-12-24 11:43:40,128] {logging_mixin.py:104} INFO - pikachu_21.jpeg
[2021-12-24 11:43:40,129] {logging_mixin.py:104} INFO - pikachu_22.jpeg
[2021-12-24 11:43:40,131] {logging_mixin.py:104} INFO - pikachu_3.png
[2021-12-24 11:43:40,132] {logging_mixin.py:104} INFO - pikachu_4.png
[2021-12-24 11:43:40,133] {logging_mixin.py:104} INFO - pikachu_5.jpeg
[2021-12-24 11:43:40,138] {logging_mixin.py:104} INFO - pikachu_6.jpeg
[2021-12-24 11:43:40,139] {logging_mixin.py:104} INFO - pikachu_7.png
[2021-12-24 11:43:40,139] {logging_mixin.py:104} INFO - pikachu_8.jpeg
[2021-12-24 11:43:40,143] {logging_mixin.py:104} INFO - pikachu_9.jpeg
[2021-12-24 11:43:40,144] {logging_mixin.py:104} INFO - --------------ti-----------------------
[2021-12-24 11:43:40,144] {logging_mixin.py:104} INFO - <TaskInstance: classification.check_data_exist 2021-12-24T11:37:50.453196+00:00 [running]>
[2021-12-24 11:43:40,145] {logging_mixin.py:104} INFO - ------------------------------
[2021-12-24 11:43:40,391] {python.py:118} INFO - Done. Returned value was: load_data
[2021-12-24 11:43:40,395] {skipmixin.py:124} INFO - Following branch load_data
[2021-12-24 11:43:40,530] {skipmixin.py:155} INFO - Skipping tasks []
[2021-12-24 11:43:40,792] {taskinstance.py:1166} INFO - Marking task as SUCCESS. dag_id=classification, task_id=check_data_exist, execution_date=20211224T113750, start_date=20211224T114335, end_date=20211224T114340
[2021-12-24 11:43:41,053] {taskinstance.py:1220} INFO - 1 downstream tasks scheduled from follow-on schedule check
[2021-12-24 11:43:41,171] {local_task_job.py:146} INFO - Task exited with return code 0
