[2022-01-25 09:56:25,092] {taskinstance.py:851} INFO - Dependencies all met for <TaskInstance: classification.delete_source_images 2022-01-25T09:46:10.257136+00:00 [queued]>
[2022-01-25 09:56:25,191] {taskinstance.py:851} INFO - Dependencies all met for <TaskInstance: classification.delete_source_images 2022-01-25T09:46:10.257136+00:00 [queued]>
[2022-01-25 09:56:25,192] {taskinstance.py:1042} INFO - 
--------------------------------------------------------------------------------
[2022-01-25 09:56:25,192] {taskinstance.py:1043} INFO - Starting attempt 1 of 2
[2022-01-25 09:56:25,193] {taskinstance.py:1044} INFO - 
--------------------------------------------------------------------------------
[2022-01-25 09:56:25,334] {taskinstance.py:1063} INFO - Executing <Task(PythonOperator): delete_source_images> on 2022-01-25T09:46:10.257136+00:00
[2022-01-25 09:56:25,344] {standard_task_runner.py:52} INFO - Started process 3411 to run task
[2022-01-25 09:56:25,358] {standard_task_runner.py:76} INFO - Running: ['airflow', 'tasks', 'run', 'classification', 'delete_source_images', '2022-01-25T09:46:10.257136+00:00', '--job-id', '36', '--pool', 'default_pool', '--raw', '--subdir', 'DAGS_FOLDER/classification.py', '--cfg-path', '/tmp/tmpgxllclrk', '--error-file', '/tmp/tmps_fhcena']
[2022-01-25 09:56:25,369] {standard_task_runner.py:77} INFO - Job 36: Subtask delete_source_images
[2022-01-25 09:56:25,562] {logging_mixin.py:104} INFO - Running <TaskInstance: classification.delete_source_images 2022-01-25T09:46:10.257136+00:00 [running]> on host 2dc98551bc76
[2022-01-25 09:56:25,658] {taskinstance.py:1257} INFO - Exporting the following env vars:
AIRFLOW_CTX_DAG_OWNER=airflow
AIRFLOW_CTX_DAG_ID=classification
AIRFLOW_CTX_TASK_ID=delete_source_images
AIRFLOW_CTX_EXECUTION_DATE=2022-01-25T09:46:10.257136+00:00
AIRFLOW_CTX_DAG_RUN_ID=scheduled__2022-01-25T09:46:10.257136+00:00
[2022-01-25 09:56:28,962] {python.py:118} INFO - Done. Returned value was: None
[2022-01-25 09:56:29,006] {taskinstance.py:1166} INFO - Marking task as SUCCESS. dag_id=classification, task_id=delete_source_images, execution_date=20220125T094610, start_date=20220125T095625, end_date=20220125T095629
[2022-01-25 09:56:29,090] {taskinstance.py:1220} INFO - 1 downstream tasks scheduled from follow-on schedule check
[2022-01-25 09:56:29,105] {local_task_job.py:146} INFO - Task exited with return code 0
