[2022-01-25 15:36:45,875] {taskinstance.py:851} INFO - Dependencies all met for <TaskInstance: classification.save_result 2022-01-25T15:34:35.147728+00:00 [queued]>
[2022-01-25 15:36:45,895] {taskinstance.py:851} INFO - Dependencies all met for <TaskInstance: classification.save_result 2022-01-25T15:34:35.147728+00:00 [queued]>
[2022-01-25 15:36:45,895] {taskinstance.py:1042} INFO - 
--------------------------------------------------------------------------------
[2022-01-25 15:36:45,896] {taskinstance.py:1043} INFO - Starting attempt 1 of 2
[2022-01-25 15:36:45,896] {taskinstance.py:1044} INFO - 
--------------------------------------------------------------------------------
[2022-01-25 15:36:45,922] {taskinstance.py:1063} INFO - Executing <Task(PythonOperator): save_result> on 2022-01-25T15:34:35.147728+00:00
[2022-01-25 15:36:45,931] {standard_task_runner.py:52} INFO - Started process 4768 to run task
[2022-01-25 15:36:45,939] {standard_task_runner.py:76} INFO - Running: ['airflow', 'tasks', 'run', 'classification', 'save_result', '2022-01-25T15:34:35.147728+00:00', '--job-id', '189', '--pool', 'default_pool', '--raw', '--subdir', 'DAGS_FOLDER/classification.py', '--cfg-path', '/tmp/tmpf4clq52z', '--error-file', '/tmp/tmpbjzlnwn9']
[2022-01-25 15:36:45,946] {standard_task_runner.py:77} INFO - Job 189: Subtask save_result
[2022-01-25 15:36:46,015] {logging_mixin.py:104} INFO - Running <TaskInstance: classification.save_result 2022-01-25T15:34:35.147728+00:00 [running]> on host 42ecca77b6ba
[2022-01-25 15:36:46,076] {taskinstance.py:1257} INFO - Exporting the following env vars:
AIRFLOW_CTX_DAG_OWNER=airflow
AIRFLOW_CTX_DAG_ID=classification
AIRFLOW_CTX_TASK_ID=save_result
AIRFLOW_CTX_EXECUTION_DATE=2022-01-25T15:34:35.147728+00:00
AIRFLOW_CTX_DAG_RUN_ID=manual__2022-01-25T15:34:35.147728+00:00
[2022-01-25 15:36:46,303] {logging_mixin.py:104} INFO - hello
[2022-01-25 15:36:48,765] {python.py:118} INFO - Done. Returned value was: None
[2022-01-25 15:36:48,792] {taskinstance.py:1166} INFO - Marking task as SUCCESS. dag_id=classification, task_id=save_result, execution_date=20220125T153435, start_date=20220125T153645, end_date=20220125T153648
[2022-01-25 15:36:48,859] {taskinstance.py:1220} INFO - 1 downstream tasks scheduled from follow-on schedule check
[2022-01-25 15:36:48,889] {local_task_job.py:146} INFO - Task exited with return code 0
