[2022-01-25 11:17:55,394] {taskinstance.py:851} INFO - Dependencies all met for <TaskInstance: classification.load_data 2022-01-25T11:12:24.583418+00:00 [queued]>
[2022-01-25 11:17:55,437] {taskinstance.py:851} INFO - Dependencies all met for <TaskInstance: classification.load_data 2022-01-25T11:12:24.583418+00:00 [queued]>
[2022-01-25 11:17:55,438] {taskinstance.py:1042} INFO - 
--------------------------------------------------------------------------------
[2022-01-25 11:17:55,445] {taskinstance.py:1043} INFO - Starting attempt 1 of 2
[2022-01-25 11:17:55,454] {taskinstance.py:1044} INFO - 
--------------------------------------------------------------------------------
[2022-01-25 11:17:55,542] {taskinstance.py:1063} INFO - Executing <Task(PythonOperator): load_data> on 2022-01-25T11:12:24.583418+00:00
[2022-01-25 11:17:55,568] {standard_task_runner.py:52} INFO - Started process 32561 to run task
[2022-01-25 11:17:55,603] {standard_task_runner.py:76} INFO - Running: ['airflow', 'tasks', 'run', 'classification', 'load_data', '2022-01-25T11:12:24.583418+00:00', '--job-id', '124', '--pool', 'default_pool', '--raw', '--subdir', 'DAGS_FOLDER/classification.py', '--cfg-path', '/tmp/tmp3301bct_', '--error-file', '/tmp/tmpfl7w0oxm']
[2022-01-25 11:17:55,646] {standard_task_runner.py:77} INFO - Job 124: Subtask load_data
[2022-01-25 11:17:55,856] {logging_mixin.py:104} INFO - Running <TaskInstance: classification.load_data 2022-01-25T11:12:24.583418+00:00 [running]> on host 54a54d544bf0
[2022-01-25 11:17:56,079] {taskinstance.py:1257} INFO - Exporting the following env vars:
AIRFLOW_CTX_DAG_OWNER=airflow
AIRFLOW_CTX_DAG_ID=classification
AIRFLOW_CTX_TASK_ID=load_data
AIRFLOW_CTX_EXECUTION_DATE=2022-01-25T11:12:24.583418+00:00
AIRFLOW_CTX_DAG_RUN_ID=scheduled__2022-01-25T11:12:24.583418+00:00
[2022-01-25 11:19:32,091] {python.py:118} INFO - Done. Returned value was: None
[2022-01-25 11:19:32,205] {taskinstance.py:1166} INFO - Marking task as SUCCESS. dag_id=classification, task_id=load_data, execution_date=20220125T111224, start_date=20220125T111755, end_date=20220125T111932
[2022-01-25 11:19:32,358] {taskinstance.py:1220} INFO - 1 downstream tasks scheduled from follow-on schedule check
[2022-01-25 11:19:32,449] {local_task_job.py:146} INFO - Task exited with return code 0
