[2022-01-25 11:12:47,574] {taskinstance.py:851} INFO - Dependencies all met for <TaskInstance: classification.load_data 2022-01-25T11:07:24.583418+00:00 [queued]>
[2022-01-25 11:12:47,643] {taskinstance.py:851} INFO - Dependencies all met for <TaskInstance: classification.load_data 2022-01-25T11:07:24.583418+00:00 [queued]>
[2022-01-25 11:12:47,646] {taskinstance.py:1042} INFO - 
--------------------------------------------------------------------------------
[2022-01-25 11:12:47,654] {taskinstance.py:1043} INFO - Starting attempt 1 of 2
[2022-01-25 11:12:47,662] {taskinstance.py:1044} INFO - 
--------------------------------------------------------------------------------
[2022-01-25 11:12:47,766] {taskinstance.py:1063} INFO - Executing <Task(PythonOperator): load_data> on 2022-01-25T11:07:24.583418+00:00
[2022-01-25 11:12:47,776] {standard_task_runner.py:52} INFO - Started process 24711 to run task
[2022-01-25 11:12:47,802] {standard_task_runner.py:76} INFO - Running: ['airflow', 'tasks', 'run', 'classification', 'load_data', '2022-01-25T11:07:24.583418+00:00', '--job-id', '120', '--pool', 'default_pool', '--raw', '--subdir', 'DAGS_FOLDER/classification.py', '--cfg-path', '/tmp/tmpwxoh30db', '--error-file', '/tmp/tmpc_y7ppb_']
[2022-01-25 11:12:47,869] {standard_task_runner.py:77} INFO - Job 120: Subtask load_data
[2022-01-25 11:12:48,191] {logging_mixin.py:104} INFO - Running <TaskInstance: classification.load_data 2022-01-25T11:07:24.583418+00:00 [running]> on host 54a54d544bf0
[2022-01-25 11:12:48,412] {taskinstance.py:1257} INFO - Exporting the following env vars:
AIRFLOW_CTX_DAG_OWNER=airflow
AIRFLOW_CTX_DAG_ID=classification
AIRFLOW_CTX_TASK_ID=load_data
AIRFLOW_CTX_EXECUTION_DATE=2022-01-25T11:07:24.583418+00:00
AIRFLOW_CTX_DAG_RUN_ID=scheduled__2022-01-25T11:07:24.583418+00:00
[2022-01-25 11:13:25,243] {python.py:118} INFO - Done. Returned value was: None
[2022-01-25 11:13:25,265] {taskinstance.py:1166} INFO - Marking task as SUCCESS. dag_id=classification, task_id=load_data, execution_date=20220125T110724, start_date=20220125T111247, end_date=20220125T111325
[2022-01-25 11:13:25,357] {taskinstance.py:1220} INFO - 1 downstream tasks scheduled from follow-on schedule check
[2022-01-25 11:13:25,375] {local_task_job.py:146} INFO - Task exited with return code 0
