[2022-01-25 14:50:14,526] {taskinstance.py:851} INFO - Dependencies all met for <TaskInstance: classification.apply_model 2022-01-25T14:49:53.660687+00:00 [queued]>
[2022-01-25 14:50:14,542] {taskinstance.py:851} INFO - Dependencies all met for <TaskInstance: classification.apply_model 2022-01-25T14:49:53.660687+00:00 [queued]>
[2022-01-25 14:50:14,542] {taskinstance.py:1042} INFO - 
--------------------------------------------------------------------------------
[2022-01-25 14:50:14,543] {taskinstance.py:1043} INFO - Starting attempt 1 of 2
[2022-01-25 14:50:14,543] {taskinstance.py:1044} INFO - 
--------------------------------------------------------------------------------
[2022-01-25 14:50:14,561] {taskinstance.py:1063} INFO - Executing <Task(PythonOperator): apply_model> on 2022-01-25T14:49:53.660687+00:00
[2022-01-25 14:50:14,568] {standard_task_runner.py:52} INFO - Started process 2398 to run task
[2022-01-25 14:50:14,574] {standard_task_runner.py:76} INFO - Running: ['airflow', 'tasks', 'run', 'classification', 'apply_model', '2022-01-25T14:49:53.660687+00:00', '--job-id', '179', '--pool', 'default_pool', '--raw', '--subdir', 'DAGS_FOLDER/classification.py', '--cfg-path', '/tmp/tmp72t98om1', '--error-file', '/tmp/tmpgk6tkih1']
[2022-01-25 14:50:14,580] {standard_task_runner.py:77} INFO - Job 179: Subtask apply_model
[2022-01-25 14:50:14,636] {logging_mixin.py:104} INFO - Running <TaskInstance: classification.apply_model 2022-01-25T14:49:53.660687+00:00 [running]> on host 42ecca77b6ba
[2022-01-25 14:50:14,688] {taskinstance.py:1257} INFO - Exporting the following env vars:
AIRFLOW_CTX_DAG_OWNER=airflow
AIRFLOW_CTX_DAG_ID=classification
AIRFLOW_CTX_TASK_ID=apply_model
AIRFLOW_CTX_EXECUTION_DATE=2022-01-25T14:49:53.660687+00:00
AIRFLOW_CTX_DAG_RUN_ID=manual__2022-01-25T14:49:53.660687+00:00
[2022-01-25 14:50:21,828] {python.py:118} INFO - Done. Returned value was: None
[2022-01-25 14:50:21,878] {taskinstance.py:1166} INFO - Marking task as SUCCESS. dag_id=classification, task_id=apply_model, execution_date=20220125T144953, start_date=20220125T145014, end_date=20220125T145021
[2022-01-25 14:50:21,928] {taskinstance.py:1220} INFO - 1 downstream tasks scheduled from follow-on schedule check
[2022-01-25 14:50:21,959] {local_task_job.py:146} INFO - Task exited with return code 0
