[2022-01-25 10:37:04,833] {taskinstance.py:851} INFO - Dependencies all met for <TaskInstance: classification.check_data_exist 2022-01-25T10:36:56.507517+00:00 [queued]>
[2022-01-25 10:37:04,866] {taskinstance.py:851} INFO - Dependencies all met for <TaskInstance: classification.check_data_exist 2022-01-25T10:36:56.507517+00:00 [queued]>
[2022-01-25 10:37:04,867] {taskinstance.py:1042} INFO - 
--------------------------------------------------------------------------------
[2022-01-25 10:37:04,868] {taskinstance.py:1043} INFO - Starting attempt 1 of 2
[2022-01-25 10:37:04,868] {taskinstance.py:1044} INFO - 
--------------------------------------------------------------------------------
[2022-01-25 10:37:04,888] {taskinstance.py:1063} INFO - Executing <Task(BranchPythonOperator): check_data_exist> on 2022-01-25T10:36:56.507517+00:00
[2022-01-25 10:37:04,895] {standard_task_runner.py:52} INFO - Started process 42 to run task
[2022-01-25 10:37:04,903] {standard_task_runner.py:76} INFO - Running: ['airflow', 'tasks', 'run', 'classification', 'check_data_exist', '2022-01-25T10:36:56.507517+00:00', '--job-id', '84', '--pool', 'default_pool', '--raw', '--subdir', 'DAGS_FOLDER/classification.py', '--cfg-path', '/tmp/tmpsrp8t4v3', '--error-file', '/tmp/tmprfxgl892']
[2022-01-25 10:37:04,909] {standard_task_runner.py:77} INFO - Job 84: Subtask check_data_exist
[2022-01-25 10:37:04,980] {logging_mixin.py:104} INFO - Running <TaskInstance: classification.check_data_exist 2022-01-25T10:36:56.507517+00:00 [running]> on host 327d6291ad28
[2022-01-25 10:37:05,047] {taskinstance.py:1257} INFO - Exporting the following env vars:
AIRFLOW_CTX_DAG_OWNER=airflow
AIRFLOW_CTX_DAG_ID=classification
AIRFLOW_CTX_TASK_ID=check_data_exist
AIRFLOW_CTX_EXECUTION_DATE=2022-01-25T10:36:56.507517+00:00
AIRFLOW_CTX_DAG_RUN_ID=manual__2022-01-25T10:36:56.507517+00:00
[2022-01-25 10:37:05,334] {logging_mixin.py:104} INFO - pikachu_1000.jpeg
[2022-01-25 10:37:05,335] {logging_mixin.py:104} INFO - pikachu_1001.jpeg
[2022-01-25 10:37:05,335] {logging_mixin.py:104} INFO - pikachu_1002.jpeg
[2022-01-25 10:37:05,337] {logging_mixin.py:104} INFO - pikachu_1003.png
[2022-01-25 10:37:05,338] {logging_mixin.py:104} INFO - pikachu_1004.png
[2022-01-25 10:37:05,339] {logging_mixin.py:104} INFO - pikachu_1006.jpeg
[2022-01-25 10:37:05,339] {logging_mixin.py:104} INFO - pikachu_1007.png
[2022-01-25 10:37:05,340] {logging_mixin.py:104} INFO - pikachu_1008.jpeg
[2022-01-25 10:37:05,340] {logging_mixin.py:104} INFO - pikachu_1009.png
[2022-01-25 10:37:05,341] {logging_mixin.py:104} INFO - pikachu_1010.png
[2022-01-25 10:37:05,341] {logging_mixin.py:104} INFO - pikachu_1011.jpeg
[2022-01-25 10:37:05,342] {logging_mixin.py:104} INFO - pikachu_1012.jpeg
[2022-01-25 10:37:05,342] {logging_mixin.py:104} INFO - pikachu_1013.jpeg
[2022-01-25 10:37:05,343] {logging_mixin.py:104} INFO - pikachu_1014.jpeg
[2022-01-25 10:37:05,343] {logging_mixin.py:104} INFO - pikachu_1015.jpeg
[2022-01-25 10:37:05,344] {logging_mixin.py:104} INFO - pikachu_1016.jpeg
[2022-01-25 10:37:05,344] {logging_mixin.py:104} INFO - pikachu_1017.jpeg
[2022-01-25 10:37:05,345] {logging_mixin.py:104} INFO - pikachu_1018.jpeg
[2022-01-25 10:37:05,347] {logging_mixin.py:104} INFO - pikachu_1020.jpeg
[2022-01-25 10:37:05,347] {logging_mixin.py:104} INFO - pikachu_1021.png
[2022-01-25 10:37:05,348] {logging_mixin.py:104} INFO - pikachu_1022.jpeg
[2022-01-25 10:37:05,348] {logging_mixin.py:104} INFO - pikachu_1023.png
[2022-01-25 10:37:05,349] {logging_mixin.py:104} INFO - pikachu_1024.jpeg
[2022-01-25 10:37:05,349] {logging_mixin.py:104} INFO - pikachu_1025.jpeg
[2022-01-25 10:37:05,350] {logging_mixin.py:104} INFO - pikachu_1026.jpeg
[2022-01-25 10:37:05,350] {logging_mixin.py:104} INFO - pikachu_1027.jpeg
[2022-01-25 10:37:05,351] {logging_mixin.py:104} INFO - pikachu_1028.png
[2022-01-25 10:37:05,351] {logging_mixin.py:104} INFO - pikachu_1029.png
[2022-01-25 10:37:05,352] {logging_mixin.py:104} INFO - pikachu_1030.png
[2022-01-25 10:37:05,352] {logging_mixin.py:104} INFO - pikachu_1031.jpeg
[2022-01-25 10:37:05,353] {logging_mixin.py:104} INFO - pikachu_1032.jpeg
[2022-01-25 10:37:05,355] {logging_mixin.py:104} INFO - pikachu_1033.jpeg
[2022-01-25 10:37:05,356] {logging_mixin.py:104} INFO - pikachu_1034.png
[2022-01-25 10:37:05,357] {logging_mixin.py:104} INFO - pikachu_1035.jpeg
[2022-01-25 10:37:05,358] {logging_mixin.py:104} INFO - pikachu_1036.jpeg
[2022-01-25 10:37:05,359] {logging_mixin.py:104} INFO - pikachu_1037.jpeg
[2022-01-25 10:37:05,359] {logging_mixin.py:104} INFO - pikachu_1038.jpeg
[2022-01-25 10:37:05,360] {logging_mixin.py:104} INFO - pikachu_1040.jpeg
[2022-01-25 10:37:05,362] {logging_mixin.py:104} INFO - pikachu_1041.jpeg
[2022-01-25 10:37:05,362] {logging_mixin.py:104} INFO - pikachu_1042.jpeg
[2022-01-25 10:37:05,363] {logging_mixin.py:104} INFO - pikachu_1043.jpeg
[2022-01-25 10:37:05,364] {logging_mixin.py:104} INFO - pikachu_1044.jpeg
[2022-01-25 10:37:05,365] {logging_mixin.py:104} INFO - pikachu_1045.jpeg
[2022-01-25 10:37:05,366] {logging_mixin.py:104} INFO - pikachu_1046.jpeg
[2022-01-25 10:37:05,366] {logging_mixin.py:104} INFO - pikachu_1047.jpeg
[2022-01-25 10:37:05,367] {logging_mixin.py:104} INFO - pikachu_1048.jpeg
[2022-01-25 10:37:05,367] {logging_mixin.py:104} INFO - pikachu_1049.png
[2022-01-25 10:37:05,368] {logging_mixin.py:104} INFO - pikachu_1050.jpeg
[2022-01-25 10:37:05,368] {logging_mixin.py:104} INFO - pikachu_1051.jpeg
[2022-01-25 10:37:05,370] {logging_mixin.py:104} INFO - pikachu_1052.jpeg
[2022-01-25 10:37:05,370] {logging_mixin.py:104} INFO - pikachu_1053.jpeg
[2022-01-25 10:37:05,371] {logging_mixin.py:104} INFO - pikachu_1054.jpeg
[2022-01-25 10:37:05,371] {logging_mixin.py:104} INFO - pikachu_1055.png
[2022-01-25 10:37:05,372] {logging_mixin.py:104} INFO - pikachu_1056.jpeg
[2022-01-25 10:37:05,373] {logging_mixin.py:104} INFO - pikachu_1057.jpeg
[2022-01-25 10:37:05,373] {logging_mixin.py:104} INFO - pikachu_1058.jpeg
[2022-01-25 10:37:05,374] {logging_mixin.py:104} INFO - pikachu_1059.jpeg
[2022-01-25 10:37:05,374] {logging_mixin.py:104} INFO - pikachu_1060.jpeg
[2022-01-25 10:37:05,375] {logging_mixin.py:104} INFO - pikachu_1062.jpeg
[2022-01-25 10:37:05,375] {logging_mixin.py:104} INFO - pikachu_1063.jpeg
[2022-01-25 10:37:05,376] {logging_mixin.py:104} INFO - pikachu_1064.png
[2022-01-25 10:37:05,377] {logging_mixin.py:104} INFO - pikachu_1065.jpeg
[2022-01-25 10:37:05,377] {logging_mixin.py:104} INFO - pikachu_1066.jpeg
[2022-01-25 10:37:05,378] {logging_mixin.py:104} INFO - pikachu_1068.jpeg
[2022-01-25 10:37:05,378] {logging_mixin.py:104} INFO - pikachu_1069.png
[2022-01-25 10:37:05,379] {logging_mixin.py:104} INFO - pikachu_1070.jpeg
[2022-01-25 10:37:05,380] {logging_mixin.py:104} INFO - pikachu_1071.jpeg
[2022-01-25 10:37:05,380] {logging_mixin.py:104} INFO - pikachu_1072.png
[2022-01-25 10:37:05,381] {logging_mixin.py:104} INFO - pikachu_1073.png
[2022-01-25 10:37:05,381] {logging_mixin.py:104} INFO - pikachu_1074.png
[2022-01-25 10:37:05,382] {logging_mixin.py:104} INFO - pikachu_1075.png
[2022-01-25 10:37:05,383] {logging_mixin.py:104} INFO - pikachu_1076.jpeg
[2022-01-25 10:37:05,383] {logging_mixin.py:104} INFO - pikachu_1077.jpeg
[2022-01-25 10:37:05,384] {logging_mixin.py:104} INFO - pikachu_1078.jpeg
[2022-01-25 10:37:05,384] {logging_mixin.py:104} INFO - pikachu_1079.jpeg
[2022-01-25 10:37:05,386] {logging_mixin.py:104} INFO - pikachu_1080.jpeg
[2022-01-25 10:37:05,387] {logging_mixin.py:104} INFO - pikachu_1081.jpeg
[2022-01-25 10:37:05,387] {logging_mixin.py:104} INFO - pikachu_1082.jpeg
[2022-01-25 10:37:05,388] {logging_mixin.py:104} INFO - pikachu_1083.jpeg
[2022-01-25 10:37:05,389] {logging_mixin.py:104} INFO - pikachu_1084.jpeg
[2022-01-25 10:37:05,389] {logging_mixin.py:104} INFO - pikachu_1086.jpeg
[2022-01-25 10:37:05,390] {logging_mixin.py:104} INFO - pikachu_1087.jpeg
[2022-01-25 10:37:05,390] {logging_mixin.py:104} INFO - pikachu_1088.jpeg
[2022-01-25 10:37:05,391] {logging_mixin.py:104} INFO - pikachu_1089.jpeg
[2022-01-25 10:37:05,392] {logging_mixin.py:104} INFO - pikachu_1090.jpeg
[2022-01-25 10:37:05,393] {logging_mixin.py:104} INFO - pikachu_1091.jpeg
[2022-01-25 10:37:05,393] {logging_mixin.py:104} INFO - pikachu_1092.jpeg
[2022-01-25 10:37:05,393] {logging_mixin.py:104} INFO - pikachu_1093.jpeg
[2022-01-25 10:37:05,397] {logging_mixin.py:104} INFO - pikachu_1094.jpeg
[2022-01-25 10:37:05,402] {logging_mixin.py:104} INFO - pikachu_1095.jpeg
[2022-01-25 10:37:05,404] {logging_mixin.py:104} INFO - pikachu_1096.jpeg
[2022-01-25 10:37:05,405] {logging_mixin.py:104} INFO - pikachu_1097.jpeg
[2022-01-25 10:37:05,406] {logging_mixin.py:104} INFO - pikachu_1098.jpeg
[2022-01-25 10:37:05,407] {logging_mixin.py:104} INFO - pikachu_1099.jpeg
[2022-01-25 10:37:05,408] {logging_mixin.py:104} INFO - pikachu_1100.jpeg
[2022-01-25 10:37:05,409] {logging_mixin.py:104} INFO - pikachu_1102.jpeg
[2022-01-25 10:37:05,410] {logging_mixin.py:104} INFO - pikachu_1103.jpeg
[2022-01-25 10:37:05,410] {logging_mixin.py:104} INFO - pikachu_1104.jpeg
[2022-01-25 10:37:05,411] {logging_mixin.py:104} INFO - pikachu_1105.jpeg
[2022-01-25 10:37:05,411] {logging_mixin.py:104} INFO - pikachu_629.png
[2022-01-25 10:37:05,412] {logging_mixin.py:104} INFO - pikachu_630.jpeg
[2022-01-25 10:37:05,413] {logging_mixin.py:104} INFO - pikachu_631.jpeg
[2022-01-25 10:37:05,413] {logging_mixin.py:104} INFO - pikachu_633.jpeg
[2022-01-25 10:37:05,414] {logging_mixin.py:104} INFO - pikachu_634.jpeg
[2022-01-25 10:37:05,414] {logging_mixin.py:104} INFO - pikachu_635.jpeg
[2022-01-25 10:37:05,415] {logging_mixin.py:104} INFO - pikachu_636.jpeg
[2022-01-25 10:37:05,415] {logging_mixin.py:104} INFO - pikachu_637.jpeg
[2022-01-25 10:37:05,416] {logging_mixin.py:104} INFO - pikachu_638.jpeg
[2022-01-25 10:37:05,416] {logging_mixin.py:104} INFO - pikachu_639.jpeg
[2022-01-25 10:37:05,417] {logging_mixin.py:104} INFO - pikachu_640.jpeg
[2022-01-25 10:37:05,417] {logging_mixin.py:104} INFO - pikachu_641.jpeg
[2022-01-25 10:37:05,418] {logging_mixin.py:104} INFO - pikachu_642.jpeg
[2022-01-25 10:37:05,418] {logging_mixin.py:104} INFO - pikachu_643.jpeg
[2022-01-25 10:37:05,419] {logging_mixin.py:104} INFO - pikachu_644.jpeg
[2022-01-25 10:37:05,419] {logging_mixin.py:104} INFO - pikachu_645.jpeg
[2022-01-25 10:37:05,420] {logging_mixin.py:104} INFO - pikachu_646.jpeg
[2022-01-25 10:37:05,420] {logging_mixin.py:104} INFO - pikachu_647.jpeg
[2022-01-25 10:37:05,421] {logging_mixin.py:104} INFO - pikachu_648.jpeg
[2022-01-25 10:37:05,421] {logging_mixin.py:104} INFO - pikachu_649.jpeg
[2022-01-25 10:37:05,422] {logging_mixin.py:104} INFO - pikachu_650.jpeg
[2022-01-25 10:37:05,423] {logging_mixin.py:104} INFO - pikachu_651.jpeg
[2022-01-25 10:37:05,423] {logging_mixin.py:104} INFO - pikachu_652.png
[2022-01-25 10:37:05,424] {logging_mixin.py:104} INFO - pikachu_653.jpeg
[2022-01-25 10:37:05,424] {logging_mixin.py:104} INFO - pikachu_654.jpeg
[2022-01-25 10:37:05,425] {logging_mixin.py:104} INFO - pikachu_655.jpeg
[2022-01-25 10:37:05,425] {logging_mixin.py:104} INFO - pikachu_657.jpeg
[2022-01-25 10:37:05,425] {logging_mixin.py:104} INFO - pikachu_658.jpeg
[2022-01-25 10:37:05,426] {logging_mixin.py:104} INFO - pikachu_659.png
[2022-01-25 10:37:05,426] {logging_mixin.py:104} INFO - pikachu_660.jpeg
[2022-01-25 10:37:05,427] {logging_mixin.py:104} INFO - pikachu_661.png
[2022-01-25 10:37:05,427] {logging_mixin.py:104} INFO - pikachu_662.png
[2022-01-25 10:37:05,428] {logging_mixin.py:104} INFO - pikachu_663.jpeg
[2022-01-25 10:37:05,430] {logging_mixin.py:104} INFO - pikachu_664.jpeg
[2022-01-25 10:37:05,431] {logging_mixin.py:104} INFO - pikachu_665.jpeg
[2022-01-25 10:37:05,432] {logging_mixin.py:104} INFO - pikachu_666.jpeg
[2022-01-25 10:37:05,432] {logging_mixin.py:104} INFO - pikachu_667.png
[2022-01-25 10:37:05,433] {logging_mixin.py:104} INFO - pikachu_668.jpeg
[2022-01-25 10:37:05,433] {logging_mixin.py:104} INFO - pikachu_669.jpeg
[2022-01-25 10:37:05,434] {logging_mixin.py:104} INFO - pikachu_670.jpeg
[2022-01-25 10:37:05,434] {logging_mixin.py:104} INFO - pikachu_671.jpeg
[2022-01-25 10:37:05,434] {logging_mixin.py:104} INFO - pikachu_672.jpeg
[2022-01-25 10:37:05,435] {logging_mixin.py:104} INFO - pikachu_673.png
[2022-01-25 10:37:05,435] {logging_mixin.py:104} INFO - pikachu_674.jpeg
[2022-01-25 10:37:05,436] {logging_mixin.py:104} INFO - pikachu_675.jpeg
[2022-01-25 10:37:05,436] {logging_mixin.py:104} INFO - pikachu_676.jpeg
[2022-01-25 10:37:05,437] {logging_mixin.py:104} INFO - pikachu_677.jpeg
[2022-01-25 10:37:05,437] {logging_mixin.py:104} INFO - pikachu_678.jpeg
[2022-01-25 10:37:05,438] {logging_mixin.py:104} INFO - pikachu_679.jpeg
[2022-01-25 10:37:05,439] {logging_mixin.py:104} INFO - pikachu_682.jpeg
[2022-01-25 10:37:05,439] {logging_mixin.py:104} INFO - pikachu_683.jpeg
[2022-01-25 10:37:05,440] {logging_mixin.py:104} INFO - pikachu_684.jpeg
[2022-01-25 10:37:05,440] {logging_mixin.py:104} INFO - pikachu_686.jpeg
[2022-01-25 10:37:05,441] {logging_mixin.py:104} INFO - pikachu_688.jpeg
[2022-01-25 10:37:05,442] {logging_mixin.py:104} INFO - pikachu_689.jpeg
[2022-01-25 10:37:05,443] {logging_mixin.py:104} INFO - pikachu_690.jpeg
[2022-01-25 10:37:05,443] {logging_mixin.py:104} INFO - pikachu_691.jpeg
[2022-01-25 10:37:05,444] {logging_mixin.py:104} INFO - pikachu_692.jpeg
[2022-01-25 10:37:05,444] {logging_mixin.py:104} INFO - pikachu_693.jpeg
[2022-01-25 10:37:05,445] {logging_mixin.py:104} INFO - pikachu_694.jpeg
[2022-01-25 10:37:05,445] {logging_mixin.py:104} INFO - pikachu_695.jpeg
[2022-01-25 10:37:05,446] {logging_mixin.py:104} INFO - pikachu_696.jpeg
[2022-01-25 10:37:05,446] {logging_mixin.py:104} INFO - pikachu_697.jpeg
[2022-01-25 10:37:05,447] {logging_mixin.py:104} INFO - pikachu_698.jpeg
[2022-01-25 10:37:05,447] {logging_mixin.py:104} INFO - pikachu_699.jpeg
[2022-01-25 10:37:05,448] {logging_mixin.py:104} INFO - pikachu_700.jpeg
[2022-01-25 10:37:05,448] {logging_mixin.py:104} INFO - pikachu_701.jpeg
[2022-01-25 10:37:05,449] {logging_mixin.py:104} INFO - pikachu_702.jpeg
[2022-01-25 10:37:05,449] {logging_mixin.py:104} INFO - pikachu_703.jpeg
[2022-01-25 10:37:05,450] {logging_mixin.py:104} INFO - pikachu_704.jpeg
[2022-01-25 10:37:05,450] {logging_mixin.py:104} INFO - pikachu_705.jpeg
[2022-01-25 10:37:05,451] {logging_mixin.py:104} INFO - pikachu_706.jpeg
[2022-01-25 10:37:05,451] {logging_mixin.py:104} INFO - pikachu_707.jpeg
[2022-01-25 10:37:05,452] {logging_mixin.py:104} INFO - pikachu_708.jpeg
[2022-01-25 10:37:05,453] {logging_mixin.py:104} INFO - pikachu_709.jpeg
[2022-01-25 10:37:05,453] {logging_mixin.py:104} INFO - pikachu_711.jpeg
[2022-01-25 10:37:05,454] {logging_mixin.py:104} INFO - pikachu_712.jpeg
[2022-01-25 10:37:05,454] {logging_mixin.py:104} INFO - pikachu_713.jpeg
[2022-01-25 10:37:05,455] {logging_mixin.py:104} INFO - pikachu_714.jpeg
[2022-01-25 10:37:05,455] {logging_mixin.py:104} INFO - pikachu_715.png
[2022-01-25 10:37:05,456] {logging_mixin.py:104} INFO - pikachu_716.jpeg
[2022-01-25 10:37:05,456] {logging_mixin.py:104} INFO - pikachu_717.jpeg
[2022-01-25 10:37:05,457] {logging_mixin.py:104} INFO - pikachu_718.jpeg
[2022-01-25 10:37:05,457] {logging_mixin.py:104} INFO - pikachu_719.jpeg
[2022-01-25 10:37:05,458] {logging_mixin.py:104} INFO - pikachu_720.jpeg
[2022-01-25 10:37:05,458] {logging_mixin.py:104} INFO - pikachu_721.jpeg
[2022-01-25 10:37:05,459] {logging_mixin.py:104} INFO - pikachu_722.jpeg
[2022-01-25 10:37:05,459] {logging_mixin.py:104} INFO - pikachu_723.jpeg
[2022-01-25 10:37:05,460] {logging_mixin.py:104} INFO - pikachu_724.png
[2022-01-25 10:37:05,461] {logging_mixin.py:104} INFO - pikachu_725.jpeg
[2022-01-25 10:37:05,461] {logging_mixin.py:104} INFO - pikachu_726.jpeg
[2022-01-25 10:37:05,463] {logging_mixin.py:104} INFO - pikachu_727.jpeg
[2022-01-25 10:37:05,467] {logging_mixin.py:104} INFO - pikachu_728.jpeg
[2022-01-25 10:37:05,468] {logging_mixin.py:104} INFO - pikachu_729.jpeg
[2022-01-25 10:37:05,468] {logging_mixin.py:104} INFO - pikachu_730.jpeg
[2022-01-25 10:37:05,472] {logging_mixin.py:104} INFO - pikachu_731.jpeg
[2022-01-25 10:37:05,472] {logging_mixin.py:104} INFO - pikachu_732.jpeg
[2022-01-25 10:37:05,473] {logging_mixin.py:104} INFO - pikachu_733.jpeg
[2022-01-25 10:37:05,475] {logging_mixin.py:104} INFO - pikachu_734.jpeg
[2022-01-25 10:37:05,475] {logging_mixin.py:104} INFO - pikachu_735.jpeg
[2022-01-25 10:37:05,476] {logging_mixin.py:104} INFO - pikachu_736.jpeg
[2022-01-25 10:37:05,478] {logging_mixin.py:104} INFO - pikachu_737.jpeg
[2022-01-25 10:37:05,480] {logging_mixin.py:104} INFO - pikachu_738.jpeg
[2022-01-25 10:37:05,481] {logging_mixin.py:104} INFO - pikachu_739.jpeg
[2022-01-25 10:37:05,483] {logging_mixin.py:104} INFO - pikachu_740.jpeg
[2022-01-25 10:37:05,483] {logging_mixin.py:104} INFO - pikachu_741.jpeg
[2022-01-25 10:37:05,489] {logging_mixin.py:104} INFO - pikachu_742.jpeg
[2022-01-25 10:37:05,496] {logging_mixin.py:104} INFO - pikachu_743.png
[2022-01-25 10:37:05,498] {logging_mixin.py:104} INFO - pikachu_744.jpeg
[2022-01-25 10:37:05,500] {logging_mixin.py:104} INFO - pikachu_745.jpeg
[2022-01-25 10:37:05,506] {logging_mixin.py:104} INFO - pikachu_746.jpeg
[2022-01-25 10:37:05,520] {logging_mixin.py:104} INFO - pikachu_747.jpeg
[2022-01-25 10:37:05,522] {logging_mixin.py:104} INFO - pikachu_748.jpeg
[2022-01-25 10:37:05,538] {logging_mixin.py:104} INFO - pikachu_749.jpeg
[2022-01-25 10:37:05,542] {logging_mixin.py:104} INFO - pikachu_750.jpeg
[2022-01-25 10:37:05,554] {logging_mixin.py:104} INFO - pikachu_751.jpeg
[2022-01-25 10:37:05,556] {logging_mixin.py:104} INFO - pikachu_752.jpeg
[2022-01-25 10:37:05,564] {logging_mixin.py:104} INFO - pikachu_753.jpeg
[2022-01-25 10:37:05,571] {logging_mixin.py:104} INFO - pikachu_754.png
[2022-01-25 10:37:05,573] {logging_mixin.py:104} INFO - pikachu_755.jpeg
[2022-01-25 10:37:05,587] {logging_mixin.py:104} INFO - pikachu_756.jpeg
[2022-01-25 10:37:05,597] {logging_mixin.py:104} INFO - pikachu_757.jpeg
[2022-01-25 10:37:05,598] {logging_mixin.py:104} INFO - pikachu_758.jpeg
[2022-01-25 10:37:05,599] {logging_mixin.py:104} INFO - pikachu_759.jpeg
[2022-01-25 10:37:05,599] {logging_mixin.py:104} INFO - pikachu_760.jpeg
[2022-01-25 10:37:05,600] {logging_mixin.py:104} INFO - pikachu_761.jpeg
[2022-01-25 10:37:05,600] {logging_mixin.py:104} INFO - pikachu_762.jpeg
[2022-01-25 10:37:05,617] {logging_mixin.py:104} INFO - pikachu_763.png
[2022-01-25 10:37:05,661] {logging_mixin.py:104} INFO - pikachu_764.jpeg
[2022-01-25 10:37:05,664] {logging_mixin.py:104} INFO - pikachu_765.png
[2022-01-25 10:37:05,666] {logging_mixin.py:104} INFO - pikachu_766.jpeg
[2022-01-25 10:37:05,668] {logging_mixin.py:104} INFO - pikachu_767.png
[2022-01-25 10:37:05,687] {logging_mixin.py:104} INFO - pikachu_768.jpeg
[2022-01-25 10:37:05,695] {logging_mixin.py:104} INFO - pikachu_769.jpeg
[2022-01-25 10:37:05,703] {logging_mixin.py:104} INFO - pikachu_771.jpeg
[2022-01-25 10:37:05,720] {logging_mixin.py:104} INFO - pikachu_773.png
[2022-01-25 10:37:05,733] {logging_mixin.py:104} INFO - pikachu_774.jpeg
[2022-01-25 10:37:05,736] {logging_mixin.py:104} INFO - pikachu_776.png
[2022-01-25 10:37:05,737] {logging_mixin.py:104} INFO - pikachu_777.jpeg
[2022-01-25 10:37:05,740] {logging_mixin.py:104} INFO - pikachu_778.jpeg
[2022-01-25 10:37:05,743] {logging_mixin.py:104} INFO - pikachu_779.jpeg
[2022-01-25 10:37:05,752] {logging_mixin.py:104} INFO - pikachu_780.jpeg
[2022-01-25 10:37:05,759] {logging_mixin.py:104} INFO - pikachu_782.jpeg
[2022-01-25 10:37:05,767] {logging_mixin.py:104} INFO - pikachu_783.jpeg
[2022-01-25 10:37:05,768] {logging_mixin.py:104} INFO - pikachu_784.jpeg
[2022-01-25 10:37:05,770] {logging_mixin.py:104} INFO - pikachu_785.jpeg
[2022-01-25 10:37:05,771] {logging_mixin.py:104} INFO - pikachu_786.jpeg
[2022-01-25 10:37:05,773] {logging_mixin.py:104} INFO - pikachu_787.jpeg
[2022-01-25 10:37:05,780] {logging_mixin.py:104} INFO - pikachu_788.jpeg
[2022-01-25 10:37:05,794] {logging_mixin.py:104} INFO - pikachu_789.jpeg
[2022-01-25 10:37:05,795] {logging_mixin.py:104} INFO - pikachu_790.jpeg
[2022-01-25 10:37:05,813] {logging_mixin.py:104} INFO - pikachu_791.jpeg
[2022-01-25 10:37:05,819] {logging_mixin.py:104} INFO - pikachu_792.jpeg
[2022-01-25 10:37:05,839] {logging_mixin.py:104} INFO - pikachu_793.jpeg
[2022-01-25 10:37:05,854] {logging_mixin.py:104} INFO - pikachu_795.jpeg
[2022-01-25 10:37:05,859] {logging_mixin.py:104} INFO - pikachu_796.jpeg
[2022-01-25 10:37:05,860] {logging_mixin.py:104} INFO - pikachu_797.jpeg
[2022-01-25 10:37:05,870] {logging_mixin.py:104} INFO - pikachu_798.jpeg
[2022-01-25 10:37:05,870] {logging_mixin.py:104} INFO - pikachu_799.jpeg
[2022-01-25 10:37:05,871] {logging_mixin.py:104} INFO - pikachu_800.jpeg
[2022-01-25 10:37:05,876] {logging_mixin.py:104} INFO - pikachu_801.png
[2022-01-25 10:37:05,879] {logging_mixin.py:104} INFO - pikachu_802.jpeg
[2022-01-25 10:37:05,879] {logging_mixin.py:104} INFO - pikachu_803.jpeg
[2022-01-25 10:37:05,880] {logging_mixin.py:104} INFO - pikachu_804.jpeg
[2022-01-25 10:37:05,880] {logging_mixin.py:104} INFO - pikachu_805.jpeg
[2022-01-25 10:37:05,881] {logging_mixin.py:104} INFO - pikachu_806.jpeg
[2022-01-25 10:37:05,887] {logging_mixin.py:104} INFO - pikachu_807.png
[2022-01-25 10:37:05,893] {logging_mixin.py:104} INFO - pikachu_808.jpeg
[2022-01-25 10:37:05,931] {logging_mixin.py:104} INFO - pikachu_809.jpeg
[2022-01-25 10:37:05,932] {logging_mixin.py:104} INFO - pikachu_811.jpeg
[2022-01-25 10:37:05,932] {logging_mixin.py:104} INFO - pikachu_812.jpeg
[2022-01-25 10:37:05,933] {logging_mixin.py:104} INFO - pikachu_814.jpeg
[2022-01-25 10:37:05,933] {logging_mixin.py:104} INFO - pikachu_815.jpeg
[2022-01-25 10:37:05,934] {logging_mixin.py:104} INFO - pikachu_816.jpeg
[2022-01-25 10:37:05,934] {logging_mixin.py:104} INFO - pikachu_817.jpeg
[2022-01-25 10:37:05,941] {logging_mixin.py:104} INFO - pikachu_818.png
[2022-01-25 10:37:05,941] {logging_mixin.py:104} INFO - pikachu_819.jpeg
[2022-01-25 10:37:05,942] {logging_mixin.py:104} INFO - pikachu_820.jpeg
[2022-01-25 10:37:05,942] {logging_mixin.py:104} INFO - pikachu_821.jpeg
[2022-01-25 10:37:05,943] {logging_mixin.py:104} INFO - pikachu_822.png
[2022-01-25 10:37:05,943] {logging_mixin.py:104} INFO - pikachu_823.jpeg
[2022-01-25 10:37:05,944] {logging_mixin.py:104} INFO - pikachu_824.jpeg
[2022-01-25 10:37:05,945] {logging_mixin.py:104} INFO - pikachu_825.jpeg
[2022-01-25 10:37:05,946] {logging_mixin.py:104} INFO - pikachu_826.png
[2022-01-25 10:37:05,946] {logging_mixin.py:104} INFO - pikachu_827.jpeg
[2022-01-25 10:37:05,947] {logging_mixin.py:104} INFO - pikachu_828.png
[2022-01-25 10:37:05,947] {logging_mixin.py:104} INFO - pikachu_829.jpeg
[2022-01-25 10:37:05,947] {logging_mixin.py:104} INFO - pikachu_830.png
[2022-01-25 10:37:05,948] {logging_mixin.py:104} INFO - pikachu_831.jpeg
[2022-01-25 10:37:05,948] {logging_mixin.py:104} INFO - pikachu_832.jpeg
[2022-01-25 10:37:05,949] {logging_mixin.py:104} INFO - pikachu_833.jpeg
[2022-01-25 10:37:05,949] {logging_mixin.py:104} INFO - pikachu_834.jpeg
[2022-01-25 10:37:05,950] {logging_mixin.py:104} INFO - pikachu_835.jpeg
[2022-01-25 10:37:05,950] {logging_mixin.py:104} INFO - pikachu_836.jpeg
[2022-01-25 10:37:05,950] {logging_mixin.py:104} INFO - pikachu_837.jpeg
[2022-01-25 10:37:05,951] {logging_mixin.py:104} INFO - pikachu_838.jpeg
[2022-01-25 10:37:05,951] {logging_mixin.py:104} INFO - pikachu_839.jpeg
[2022-01-25 10:37:05,952] {logging_mixin.py:104} INFO - pikachu_840.jpeg
[2022-01-25 10:37:05,952] {logging_mixin.py:104} INFO - pikachu_841.jpeg
[2022-01-25 10:37:05,953] {logging_mixin.py:104} INFO - pikachu_842.jpeg
[2022-01-25 10:37:05,953] {logging_mixin.py:104} INFO - pikachu_843.png
[2022-01-25 10:37:05,954] {logging_mixin.py:104} INFO - pikachu_845.jpeg
[2022-01-25 10:37:05,954] {logging_mixin.py:104} INFO - pikachu_846.jpeg
[2022-01-25 10:37:05,955] {logging_mixin.py:104} INFO - pikachu_847.jpeg
[2022-01-25 10:37:05,955] {logging_mixin.py:104} INFO - pikachu_848.jpeg
[2022-01-25 10:37:05,955] {logging_mixin.py:104} INFO - pikachu_849.png
[2022-01-25 10:37:05,956] {logging_mixin.py:104} INFO - pikachu_850.png
[2022-01-25 10:37:05,956] {logging_mixin.py:104} INFO - pikachu_851.jpeg
[2022-01-25 10:37:05,957] {logging_mixin.py:104} INFO - pikachu_852.jpeg
[2022-01-25 10:37:05,957] {logging_mixin.py:104} INFO - pikachu_853.jpeg
[2022-01-25 10:37:05,958] {logging_mixin.py:104} INFO - pikachu_854.jpeg
[2022-01-25 10:37:05,959] {logging_mixin.py:104} INFO - pikachu_855.jpeg
[2022-01-25 10:37:05,959] {logging_mixin.py:104} INFO - pikachu_856.jpeg
[2022-01-25 10:37:05,959] {logging_mixin.py:104} INFO - pikachu_857.jpeg
[2022-01-25 10:37:05,960] {logging_mixin.py:104} INFO - pikachu_858.jpeg
[2022-01-25 10:37:05,960] {logging_mixin.py:104} INFO - pikachu_859.jpeg
[2022-01-25 10:37:05,961] {logging_mixin.py:104} INFO - pikachu_860.jpeg
[2022-01-25 10:37:05,961] {logging_mixin.py:104} INFO - pikachu_861.jpeg
[2022-01-25 10:37:05,962] {logging_mixin.py:104} INFO - pikachu_862.jpeg
[2022-01-25 10:37:05,962] {logging_mixin.py:104} INFO - pikachu_863.png
[2022-01-25 10:37:05,962] {logging_mixin.py:104} INFO - pikachu_864.jpeg
[2022-01-25 10:37:05,965] {logging_mixin.py:104} INFO - pikachu_865.jpeg
[2022-01-25 10:37:05,967] {logging_mixin.py:104} INFO - pikachu_866.jpeg
[2022-01-25 10:37:05,973] {logging_mixin.py:104} INFO - pikachu_867.jpeg
[2022-01-25 10:37:05,976] {logging_mixin.py:104} INFO - pikachu_868.jpeg
[2022-01-25 10:37:05,977] {logging_mixin.py:104} INFO - pikachu_869.jpeg
[2022-01-25 10:37:05,978] {logging_mixin.py:104} INFO - pikachu_870.jpeg
[2022-01-25 10:37:05,980] {logging_mixin.py:104} INFO - pikachu_871.jpeg
[2022-01-25 10:37:05,982] {logging_mixin.py:104} INFO - pikachu_872.png
[2022-01-25 10:37:05,983] {logging_mixin.py:104} INFO - pikachu_873.jpeg
[2022-01-25 10:37:05,986] {logging_mixin.py:104} INFO - pikachu_874.jpeg
[2022-01-25 10:37:05,987] {logging_mixin.py:104} INFO - pikachu_875.png
[2022-01-25 10:37:05,988] {logging_mixin.py:104} INFO - pikachu_876.jpeg
[2022-01-25 10:37:05,992] {logging_mixin.py:104} INFO - pikachu_877.jpeg
[2022-01-25 10:37:05,993] {logging_mixin.py:104} INFO - pikachu_878.jpeg
[2022-01-25 10:37:05,993] {logging_mixin.py:104} INFO - pikachu_879.jpeg
[2022-01-25 10:37:05,994] {logging_mixin.py:104} INFO - pikachu_880.jpeg
[2022-01-25 10:37:05,996] {logging_mixin.py:104} INFO - pikachu_881.jpeg
[2022-01-25 10:37:05,998] {logging_mixin.py:104} INFO - pikachu_882.jpeg
[2022-01-25 10:37:05,999] {logging_mixin.py:104} INFO - pikachu_883.jpeg
[2022-01-25 10:37:06,000] {logging_mixin.py:104} INFO - pikachu_884.jpeg
[2022-01-25 10:37:06,001] {logging_mixin.py:104} INFO - pikachu_885.jpeg
[2022-01-25 10:37:06,004] {logging_mixin.py:104} INFO - pikachu_886.jpeg
[2022-01-25 10:37:06,006] {logging_mixin.py:104} INFO - pikachu_887.jpeg
[2022-01-25 10:37:06,008] {logging_mixin.py:104} INFO - pikachu_888.jpeg
[2022-01-25 10:37:06,010] {logging_mixin.py:104} INFO - pikachu_889.jpeg
[2022-01-25 10:37:06,010] {logging_mixin.py:104} INFO - pikachu_890.jpeg
[2022-01-25 10:37:06,013] {logging_mixin.py:104} INFO - pikachu_891.jpeg
[2022-01-25 10:37:06,014] {logging_mixin.py:104} INFO - pikachu_892.png
[2022-01-25 10:37:06,016] {logging_mixin.py:104} INFO - pikachu_893.jpeg
[2022-01-25 10:37:06,018] {logging_mixin.py:104} INFO - pikachu_894.jpeg
[2022-01-25 10:37:06,022] {logging_mixin.py:104} INFO - pikachu_895.jpeg
[2022-01-25 10:37:06,025] {logging_mixin.py:104} INFO - pikachu_896.jpeg
[2022-01-25 10:37:06,026] {logging_mixin.py:104} INFO - pikachu_897.jpeg
[2022-01-25 10:37:06,027] {logging_mixin.py:104} INFO - pikachu_898.jpeg
[2022-01-25 10:37:06,028] {logging_mixin.py:104} INFO - pikachu_899.jpeg
[2022-01-25 10:37:06,030] {logging_mixin.py:104} INFO - pikachu_900.jpeg
[2022-01-25 10:37:06,031] {logging_mixin.py:104} INFO - pikachu_901.png
[2022-01-25 10:37:06,034] {logging_mixin.py:104} INFO - pikachu_902.jpeg
[2022-01-25 10:37:06,034] {logging_mixin.py:104} INFO - pikachu_903.jpeg
[2022-01-25 10:37:06,039] {logging_mixin.py:104} INFO - pikachu_904.png
[2022-01-25 10:37:06,040] {logging_mixin.py:104} INFO - pikachu_905.jpeg
[2022-01-25 10:37:06,040] {logging_mixin.py:104} INFO - pikachu_906.jpeg
[2022-01-25 10:37:06,040] {logging_mixin.py:104} INFO - pikachu_907.jpeg
[2022-01-25 10:37:06,041] {logging_mixin.py:104} INFO - pikachu_908.jpeg
[2022-01-25 10:37:06,041] {logging_mixin.py:104} INFO - pikachu_909.png
[2022-01-25 10:37:06,041] {logging_mixin.py:104} INFO - pikachu_910.jpeg
[2022-01-25 10:37:06,042] {logging_mixin.py:104} INFO - pikachu_911.jpeg
[2022-01-25 10:37:06,043] {logging_mixin.py:104} INFO - pikachu_912.jpeg
[2022-01-25 10:37:06,044] {logging_mixin.py:104} INFO - pikachu_913.jpeg
[2022-01-25 10:37:06,045] {logging_mixin.py:104} INFO - pikachu_914.jpeg
[2022-01-25 10:37:06,045] {logging_mixin.py:104} INFO - pikachu_915.png
[2022-01-25 10:37:06,046] {logging_mixin.py:104} INFO - pikachu_917.png
[2022-01-25 10:37:06,047] {logging_mixin.py:104} INFO - pikachu_918.jpeg
[2022-01-25 10:37:06,047] {logging_mixin.py:104} INFO - pikachu_919.jpeg
[2022-01-25 10:37:06,047] {logging_mixin.py:104} INFO - pikachu_920.jpeg
[2022-01-25 10:37:06,048] {logging_mixin.py:104} INFO - pikachu_921.jpeg
[2022-01-25 10:37:06,048] {logging_mixin.py:104} INFO - pikachu_922.png
[2022-01-25 10:37:06,049] {logging_mixin.py:104} INFO - pikachu_923.jpeg
[2022-01-25 10:37:06,050] {logging_mixin.py:104} INFO - pikachu_924.jpeg
[2022-01-25 10:37:06,050] {logging_mixin.py:104} INFO - pikachu_925.jpeg
[2022-01-25 10:37:06,051] {logging_mixin.py:104} INFO - pikachu_926.jpeg
[2022-01-25 10:37:06,051] {logging_mixin.py:104} INFO - pikachu_927.jpeg
[2022-01-25 10:37:06,052] {logging_mixin.py:104} INFO - pikachu_928.jpeg
[2022-01-25 10:37:06,055] {logging_mixin.py:104} INFO - pikachu_930.jpeg
[2022-01-25 10:37:06,056] {logging_mixin.py:104} INFO - pikachu_931.jpeg
[2022-01-25 10:37:06,056] {logging_mixin.py:104} INFO - pikachu_932.png
[2022-01-25 10:37:06,057] {logging_mixin.py:104} INFO - pikachu_934.jpeg
[2022-01-25 10:37:06,057] {logging_mixin.py:104} INFO - pikachu_935.jpeg
[2022-01-25 10:37:06,058] {logging_mixin.py:104} INFO - pikachu_936.jpeg
[2022-01-25 10:37:06,058] {logging_mixin.py:104} INFO - pikachu_937.jpeg
[2022-01-25 10:37:06,059] {logging_mixin.py:104} INFO - pikachu_938.jpeg
[2022-01-25 10:37:06,059] {logging_mixin.py:104} INFO - pikachu_939.jpeg
[2022-01-25 10:37:06,060] {logging_mixin.py:104} INFO - pikachu_940.jpeg
[2022-01-25 10:37:06,060] {logging_mixin.py:104} INFO - pikachu_941.jpeg
[2022-01-25 10:37:06,061] {logging_mixin.py:104} INFO - pikachu_942.jpeg
[2022-01-25 10:37:06,061] {logging_mixin.py:104} INFO - pikachu_943.jpeg
[2022-01-25 10:37:06,062] {logging_mixin.py:104} INFO - pikachu_944.jpeg
[2022-01-25 10:37:06,062] {logging_mixin.py:104} INFO - pikachu_945.jpeg
[2022-01-25 10:37:06,063] {logging_mixin.py:104} INFO - pikachu_946.jpeg
[2022-01-25 10:37:06,063] {logging_mixin.py:104} INFO - pikachu_947.jpeg
[2022-01-25 10:37:06,064] {logging_mixin.py:104} INFO - pikachu_948.jpeg
[2022-01-25 10:37:06,064] {logging_mixin.py:104} INFO - pikachu_949.jpeg
[2022-01-25 10:37:06,065] {logging_mixin.py:104} INFO - pikachu_950.jpeg
[2022-01-25 10:37:06,065] {logging_mixin.py:104} INFO - pikachu_951.png
[2022-01-25 10:37:06,066] {logging_mixin.py:104} INFO - pikachu_952.png
[2022-01-25 10:37:06,066] {logging_mixin.py:104} INFO - pikachu_953.jpeg
[2022-01-25 10:37:06,067] {logging_mixin.py:104} INFO - pikachu_954.jpeg
[2022-01-25 10:37:06,068] {logging_mixin.py:104} INFO - pikachu_955.jpeg
[2022-01-25 10:37:06,070] {logging_mixin.py:104} INFO - pikachu_956.jpeg
[2022-01-25 10:37:06,070] {logging_mixin.py:104} INFO - pikachu_957.jpeg
[2022-01-25 10:37:06,071] {logging_mixin.py:104} INFO - pikachu_958.jpeg
[2022-01-25 10:37:06,072] {logging_mixin.py:104} INFO - pikachu_959.png
[2022-01-25 10:37:06,072] {logging_mixin.py:104} INFO - pikachu_960.jpeg
[2022-01-25 10:37:06,072] {logging_mixin.py:104} INFO - pikachu_961.jpeg
[2022-01-25 10:37:06,073] {logging_mixin.py:104} INFO - pikachu_962.jpeg
[2022-01-25 10:37:06,074] {logging_mixin.py:104} INFO - pikachu_963.jpeg
[2022-01-25 10:37:06,074] {logging_mixin.py:104} INFO - pikachu_964.jpeg
[2022-01-25 10:37:06,075] {logging_mixin.py:104} INFO - pikachu_965.jpeg
[2022-01-25 10:37:06,075] {logging_mixin.py:104} INFO - pikachu_966.png
[2022-01-25 10:37:06,075] {logging_mixin.py:104} INFO - pikachu_967.jpeg
[2022-01-25 10:37:06,076] {logging_mixin.py:104} INFO - pikachu_968.png
[2022-01-25 10:37:06,077] {logging_mixin.py:104} INFO - pikachu_969.jpeg
[2022-01-25 10:37:06,077] {logging_mixin.py:104} INFO - pikachu_970.png
[2022-01-25 10:37:06,078] {logging_mixin.py:104} INFO - pikachu_971.jpeg
[2022-01-25 10:37:06,078] {logging_mixin.py:104} INFO - pikachu_972.jpeg
[2022-01-25 10:37:06,079] {logging_mixin.py:104} INFO - pikachu_973.png
[2022-01-25 10:37:06,079] {logging_mixin.py:104} INFO - pikachu_974.jpeg
[2022-01-25 10:37:06,080] {logging_mixin.py:104} INFO - pikachu_975.jpeg
[2022-01-25 10:37:06,081] {logging_mixin.py:104} INFO - pikachu_976.jpeg
[2022-01-25 10:37:06,081] {logging_mixin.py:104} INFO - pikachu_977.png
[2022-01-25 10:37:06,082] {logging_mixin.py:104} INFO - pikachu_978.jpeg
[2022-01-25 10:37:06,083] {logging_mixin.py:104} INFO - pikachu_979.png
[2022-01-25 10:37:06,084] {logging_mixin.py:104} INFO - pikachu_980.png
[2022-01-25 10:37:06,085] {logging_mixin.py:104} INFO - pikachu_981.png
[2022-01-25 10:37:06,085] {logging_mixin.py:104} INFO - pikachu_982.png
[2022-01-25 10:37:06,088] {logging_mixin.py:104} INFO - pikachu_983.jpeg
[2022-01-25 10:37:06,089] {logging_mixin.py:104} INFO - pikachu_984.png
[2022-01-25 10:37:06,089] {logging_mixin.py:104} INFO - pikachu_985.png
[2022-01-25 10:37:06,090] {logging_mixin.py:104} INFO - pikachu_986.jpeg
[2022-01-25 10:37:06,090] {logging_mixin.py:104} INFO - pikachu_987.png
[2022-01-25 10:37:06,090] {logging_mixin.py:104} INFO - pikachu_988.jpeg
[2022-01-25 10:37:06,091] {logging_mixin.py:104} INFO - pikachu_989.jpeg
[2022-01-25 10:37:06,091] {logging_mixin.py:104} INFO - pikachu_990.jpeg
[2022-01-25 10:37:06,092] {logging_mixin.py:104} INFO - pikachu_991.jpeg
[2022-01-25 10:37:06,092] {logging_mixin.py:104} INFO - pikachu_992.png
[2022-01-25 10:37:06,093] {logging_mixin.py:104} INFO - pikachu_993.jpeg
[2022-01-25 10:37:06,093] {logging_mixin.py:104} INFO - pikachu_994.jpeg
[2022-01-25 10:37:06,094] {logging_mixin.py:104} INFO - pikachu_995.png
[2022-01-25 10:37:06,094] {logging_mixin.py:104} INFO - pikachu_996.jpeg
[2022-01-25 10:37:06,094] {logging_mixin.py:104} INFO - pikachu_997.png
[2022-01-25 10:37:06,095] {logging_mixin.py:104} INFO - pikachu_998.png
[2022-01-25 10:37:06,095] {logging_mixin.py:104} INFO - pikachu_999.jpeg
[2022-01-25 10:37:06,096] {logging_mixin.py:104} INFO - --------------ti-----------------------
[2022-01-25 10:37:06,097] {logging_mixin.py:104} INFO - <TaskInstance: classification.check_data_exist 2022-01-25T10:36:56.507517+00:00 [running]>
[2022-01-25 10:37:06,097] {logging_mixin.py:104} INFO - ------------------------------
[2022-01-25 10:37:06,141] {python.py:118} INFO - Done. Returned value was: load_data
[2022-01-25 10:37:06,145] {skipmixin.py:124} INFO - Following branch load_data
[2022-01-25 10:37:06,163] {skipmixin.py:155} INFO - Skipping tasks []
[2022-01-25 10:37:06,271] {taskinstance.py:1166} INFO - Marking task as SUCCESS. dag_id=classification, task_id=check_data_exist, execution_date=20220125T103656, start_date=20220125T103704, end_date=20220125T103706
[2022-01-25 10:37:06,349] {taskinstance.py:1220} INFO - 1 downstream tasks scheduled from follow-on schedule check
[2022-01-25 10:37:06,392] {local_task_job.py:146} INFO - Task exited with return code 0
