[2022-01-25 10:45:54,017] {taskinstance.py:851} INFO - Dependencies all met for <TaskInstance: bing_image_download.bing_image_download 2022-01-25T10:38:11.536980+00:00 [queued]>
[2022-01-25 10:45:54,040] {taskinstance.py:851} INFO - Dependencies all met for <TaskInstance: bing_image_download.bing_image_download 2022-01-25T10:38:11.536980+00:00 [queued]>
[2022-01-25 10:45:54,040] {taskinstance.py:1042} INFO - 
--------------------------------------------------------------------------------
[2022-01-25 10:45:54,041] {taskinstance.py:1043} INFO - Starting attempt 2 of 2
[2022-01-25 10:45:54,041] {taskinstance.py:1044} INFO - 
--------------------------------------------------------------------------------
[2022-01-25 10:45:54,057] {taskinstance.py:1063} INFO - Executing <Task(PythonOperator): bing_image_download> on 2022-01-25T10:38:11.536980+00:00
[2022-01-25 10:45:54,066] {standard_task_runner.py:52} INFO - Started process 4884 to run task
[2022-01-25 10:45:54,072] {standard_task_runner.py:76} INFO - Running: ['airflow', 'tasks', 'run', 'bing_image_download', 'bing_image_download', '2022-01-25T10:38:11.536980+00:00', '--job-id', '93', '--pool', 'default_pool', '--raw', '--subdir', 'DAGS_FOLDER/bing_image_download.py', '--cfg-path', '/tmp/tmpcblj7jyf', '--error-file', '/tmp/tmpvveh0smn']
[2022-01-25 10:45:54,072] {standard_task_runner.py:77} INFO - Job 93: Subtask bing_image_download
[2022-01-25 10:45:54,132] {logging_mixin.py:104} INFO - Running <TaskInstance: bing_image_download.bing_image_download 2022-01-25T10:38:11.536980+00:00 [running]> on host 327d6291ad28
[2022-01-25 10:45:54,182] {taskinstance.py:1257} INFO - Exporting the following env vars:
AIRFLOW_CTX_DAG_OWNER=airflow
AIRFLOW_CTX_DAG_ID=bing_image_download
AIRFLOW_CTX_TASK_ID=bing_image_download
AIRFLOW_CTX_EXECUTION_DATE=2022-01-25T10:38:11.536980+00:00
AIRFLOW_CTX_DAG_RUN_ID=scheduled__2022-01-25T10:38:11.536980+00:00
[2022-01-25 10:45:54,187] {logging_mixin.py:104} INFO - [INFO] searching Bing API for 'pikachu'
[2022-01-25 10:45:55,860] {logging_mixin.py:104} INFO - [INFO] 1000 total results for 'pikachu'
[2022-01-25 10:45:55,861] {logging_mixin.py:104} INFO - [INFO] making request for group 0-50 of 1000...
[2022-01-25 10:45:56,660] {logging_mixin.py:104} INFO - [INFO] saving images for group 0-50 of 1000...
[2022-01-25 10:45:56,661] {logging_mixin.py:104} INFO - [INFO] fetching: http://vignette3.wikia.nocookie.net/wii/images/7/77/Pikachu_SSB4.jpg/revision/latest?cb=20140210000421
[2022-01-25 10:45:58,744] {logging_mixin.py:104} INFO - [INFO] fetching: https://pngimg.com/uploads/pokemon/pokemon_PNG102.png
[2022-01-25 10:45:59,137] {local_task_job.py:188} WARNING - State of this instance has been externally set to None. Terminating instance.
[2022-01-25 10:45:59,147] {process_utils.py:100} INFO - Sending Signals.SIGTERM to GPID 4884
[2022-01-25 10:45:59,151] {taskinstance.py:1239} ERROR - Received SIGTERM. Terminating subprocesses.
[2022-01-25 10:45:59,152] {logging_mixin.py:104} INFO - [ERROR]:  Task received SIGTERM signal
[2022-01-25 10:45:59,152] {logging_mixin.py:104} INFO - [INFO] fetching: https://pngimg.com/uploads/pokemon/pokemon_PNG16.png
[2022-01-25 10:45:59,494] {logging_mixin.py:104} INFO - [INFO] fetching: http://img4.wikia.nocookie.net/__cb20130114020548/projectcrusade/images/7/77/Pikachu.png
[2022-01-25 10:46:00,721] {logging_mixin.py:104} INFO - [INFO] fetching: https://pngimg.com/uploads/pokemon/pokemon_PNG93.png
[2022-01-25 10:46:01,000] {logging_mixin.py:104} INFO - [INFO] fetching: https://pngimg.com/uploads/pokemon/pokemon_PNG42.png
[2022-01-25 10:46:01,605] {logging_mixin.py:104} INFO - [INFO] fetching: https://pngimg.com/uploads/pokemon/pokemon_PNG104.png
[2022-01-25 10:46:01,974] {logging_mixin.py:104} INFO - [INFO] fetching: http://2.bp.blogspot.com/-EHYbTpQLsmM/TyVRPH5RMGI/AAAAAAAAAb0/M7hnCPo5i20/w1200-h630-p-k-no-nu/pikachu.jpg
[2022-01-25 10:46:02,350] {logging_mixin.py:104} INFO - [INFO] fetching: https://img2.cgtrader.com/items/768075/a6212ac1a3/pokemon-pikachu-3d-model-low-poly-rigged.jpg
[2022-01-25 10:46:02,810] {logging_mixin.py:104} INFO - [INFO] fetching: http://clipartmag.com/image/pikachu-images-for-drawing-29.png
[2022-01-25 10:46:06,016] {logging_mixin.py:104} INFO - [INFO] fetching: https://images-wixmp-ed30a86b8c4ca887773594c2.wixmp.com/f/25247b92-6844-4fef-8ed8-5055cc35bf58/dd18tmd-d30941e9-a135-4565-ba5f-ac90be835d62.png/v1/fill/w_958,h_834,strp/pikachu_run_render_by_nintega_dario_dd18tmd-pre.png?token=eyJ0eXAiOiJKV1QiLCJhbGciOiJIUzI1NiJ9.eyJzdWIiOiJ1cm46YXBwOjdlMGQxODg5ODIyNjQzNzNhNWYwZDQxNWVhMGQyNmUwIiwiaXNzIjoidXJuOmFwcDo3ZTBkMTg4OTgyMjY0MzczYTVmMGQ0MTVlYTBkMjZlMCIsIm9iaiI6W1t7ImhlaWdodCI6Ijw9MTc1MCIsInBhdGgiOiJcL2ZcLzI1MjQ3YjkyLTY4NDQtNGZlZi04ZWQ4LTUwNTVjYzM1YmY1OFwvZGQxOHRtZC1kMzA5NDFlOS1hMTM1LTQ1NjUtYmE1Zi1hYzkwYmU4MzVkNjIucG5nIiwid2lkdGgiOiI8PTIwMTAifV1dLCJhdWQiOlsidXJuOnNlcnZpY2U6aW1hZ2Uub3BlcmF0aW9ucyJdfQ.pq9b6WZU8vHbWtw8DC3WwZi3p6WYzSD7f0YKTUaru2g
[2022-01-25 10:46:08,144] {logging_mixin.py:104} INFO - [INFO] fetching: https://pngimg.com/uploads/pokemon/pokemon_PNG148.png
[2022-01-25 10:46:08,976] {logging_mixin.py:104} INFO - [INFO] fetching: https://images.coplusk.net/project_images/171187/image/full_2014-04-08-200747-Pikachu.jpg
[2022-01-25 10:46:10,461] {logging_mixin.py:104} INFO - [INFO] fetching: https://superawesomevectors.com/wp-content/uploads/2017/05/pikachu-pokemon-vector-thumb.jpg
[2022-01-25 10:46:11,543] {logging_mixin.py:104} INFO - [INFO-DEL] deleting: /opt/airflow/dags/images/pikachu_12.jpeg
[2022-01-25 10:46:11,550] {logging_mixin.py:104} INFO - [INFO] fetching: https://clipground.com/images/cute-pikachu-png-7.jpg
[2022-01-25 10:46:28,753] {logging_mixin.py:104} INFO - [INFO-DEL] deleting: /opt/airflow/dags/images/pikachu_13.jpeg
[2022-01-25 10:46:28,756] {logging_mixin.py:104} INFO - [INFO] fetching: https://c.shld.net/rpx/i/s/i/spin/10032562/prod_12349903012??hei=64&wid=64&qlt=50
[2022-01-25 10:46:30,277] {logging_mixin.py:104} INFO - [INFO] fetching: https://whirli-production-images.s3.eu-west-2.amazonaws.com/products/Lr/LrcCPnZmqYVehvSs10IyF0eZrvHX6VUt1AUj8Z1M.jpg
[2022-01-25 10:46:31,597] {logging_mixin.py:104} INFO - [INFO] fetching: https://gamepress.gg/pokemongo/sites/pokemongo/files/2020-06/600px-025Pikachu-Libre.png
[2022-01-25 10:46:31,847] {logging_mixin.py:104} INFO - [INFO] fetching: https://www.pngall.com/wp-content/uploads/5/Pokemon-Pikachu-PNG-Picture.png
[2022-01-25 10:46:33,007] {local_task_job.py:77} ERROR - Received SIGTERM. Terminating subprocesses
[2022-01-25 10:46:33,010] {process_utils.py:100} INFO - Sending Signals.SIGTERM to GPID 4884
[2022-01-25 10:46:33,012] {taskinstance.py:1239} ERROR - Received SIGTERM. Terminating subprocesses.
[2022-01-25 10:46:33,021] {logging_mixin.py:104} INFO - [ERROR]:  Task received SIGTERM signal
[2022-01-25 10:46:33,023] {logging_mixin.py:104} INFO - [INFO] fetching: https://webstockreview.net/images/pikachu-clipart-pikachu-tail-10.png
