[2021-12-24 12:01:30,076] {taskinstance.py:851} INFO - Dependencies all met for <TaskInstance: classification.check_data_exist 2021-12-24T11:56:24.100575+00:00 [queued]>
[2021-12-24 12:01:30,114] {taskinstance.py:851} INFO - Dependencies all met for <TaskInstance: classification.check_data_exist 2021-12-24T11:56:24.100575+00:00 [queued]>
[2021-12-24 12:01:30,115] {taskinstance.py:1042} INFO - 
--------------------------------------------------------------------------------
[2021-12-24 12:01:30,115] {taskinstance.py:1043} INFO - Starting attempt 1 of 2
[2021-12-24 12:01:30,115] {taskinstance.py:1044} INFO - 
--------------------------------------------------------------------------------
[2021-12-24 12:01:30,132] {taskinstance.py:1063} INFO - Executing <Task(BranchPythonOperator): check_data_exist> on 2021-12-24T11:56:24.100575+00:00
[2021-12-24 12:01:30,142] {standard_task_runner.py:52} INFO - Started process 2075 to run task
[2021-12-24 12:01:30,150] {standard_task_runner.py:76} INFO - Running: ['airflow', 'tasks', 'run', 'classification', 'check_data_exist', '2021-12-24T11:56:24.100575+00:00', '--job-id', '171', '--pool', 'default_pool', '--raw', '--subdir', 'DAGS_FOLDER/classification.py', '--cfg-path', '/tmp/tmpgz22v8op', '--error-file', '/tmp/tmpwhnv3ojv']
[2021-12-24 12:01:30,159] {standard_task_runner.py:77} INFO - Job 171: Subtask check_data_exist
[2021-12-24 12:01:30,232] {logging_mixin.py:104} INFO - Running <TaskInstance: classification.check_data_exist 2021-12-24T11:56:24.100575+00:00 [running]> on host 0d76f33c6135
[2021-12-24 12:01:30,298] {taskinstance.py:1257} INFO - Exporting the following env vars:
AIRFLOW_CTX_DAG_OWNER=airflow
AIRFLOW_CTX_DAG_ID=classification
AIRFLOW_CTX_TASK_ID=check_data_exist
AIRFLOW_CTX_EXECUTION_DATE=2021-12-24T11:56:24.100575+00:00
AIRFLOW_CTX_DAG_RUN_ID=scheduled__2021-12-24T11:56:24.100575+00:00
[2021-12-24 12:01:30,325] {python.py:118} INFO - Done. Returned value was: end
[2021-12-24 12:01:30,326] {skipmixin.py:124} INFO - Following branch end
[2021-12-24 12:01:30,338] {skipmixin.py:155} INFO - Skipping tasks ['load_data']
[2021-12-24 12:01:30,431] {taskinstance.py:1166} INFO - Marking task as SUCCESS. dag_id=classification, task_id=check_data_exist, execution_date=20211224T115624, start_date=20211224T120130, end_date=20211224T120130
[2021-12-24 12:01:30,503] {taskinstance.py:1220} INFO - 0 downstream tasks scheduled from follow-on schedule check
[2021-12-24 12:01:30,521] {local_task_job.py:146} INFO - Task exited with return code 0
