[2022-01-26 04:37:32,415] {taskinstance.py:851} INFO - Dependencies all met for <TaskInstance: classification.load_data 2022-01-26T04:36:43.594035+00:00 [queued]>
[2022-01-26 04:37:32,442] {taskinstance.py:851} INFO - Dependencies all met for <TaskInstance: classification.load_data 2022-01-26T04:36:43.594035+00:00 [queued]>
[2022-01-26 04:37:32,443] {taskinstance.py:1042} INFO - 
--------------------------------------------------------------------------------
[2022-01-26 04:37:32,444] {taskinstance.py:1043} INFO - Starting attempt 1 of 2
[2022-01-26 04:37:32,445] {taskinstance.py:1044} INFO - 
--------------------------------------------------------------------------------
[2022-01-26 04:37:32,457] {taskinstance.py:1063} INFO - Executing <Task(PythonOperator): load_data> on 2022-01-26T04:36:43.594035+00:00
[2022-01-26 04:37:32,464] {standard_task_runner.py:52} INFO - Started process 84 to run task
[2022-01-26 04:37:32,470] {standard_task_runner.py:76} INFO - Running: ['airflow', 'tasks', 'run', 'classification', 'load_data', '2022-01-26T04:36:43.594035+00:00', '--job-id', '201', '--pool', 'default_pool', '--raw', '--subdir', 'DAGS_FOLDER/classification.py', '--cfg-path', '/tmp/tmpxtg_g09c', '--error-file', '/tmp/tmpmp_18gym']
[2022-01-26 04:37:32,477] {standard_task_runner.py:77} INFO - Job 201: Subtask load_data
[2022-01-26 04:37:32,532] {logging_mixin.py:104} INFO - Running <TaskInstance: classification.load_data 2022-01-26T04:36:43.594035+00:00 [running]> on host 115f9a25dda0
[2022-01-26 04:37:32,583] {taskinstance.py:1257} INFO - Exporting the following env vars:
AIRFLOW_CTX_DAG_OWNER=airflow
AIRFLOW_CTX_DAG_ID=classification
AIRFLOW_CTX_TASK_ID=load_data
AIRFLOW_CTX_EXECUTION_DATE=2022-01-26T04:36:43.594035+00:00
AIRFLOW_CTX_DAG_RUN_ID=manual__2022-01-26T04:36:43.594035+00:00
[2022-01-26 04:37:57,041] {python.py:118} INFO - Done. Returned value was: None
[2022-01-26 04:37:57,080] {taskinstance.py:1166} INFO - Marking task as SUCCESS. dag_id=classification, task_id=load_data, execution_date=20220126T043643, start_date=20220126T043732, end_date=20220126T043757
[2022-01-26 04:37:57,154] {taskinstance.py:1220} INFO - 1 downstream tasks scheduled from follow-on schedule check
[2022-01-26 04:37:57,198] {local_task_job.py:146} INFO - Task exited with return code 0
