[2021-12-24 11:14:55,808] {taskinstance.py:851} INFO - Dependencies all met for <TaskInstance: classification.delete_source_images 2021-12-24T11:06:07.235593+00:00 [queued]>
[2021-12-24 11:14:55,982] {taskinstance.py:851} INFO - Dependencies all met for <TaskInstance: classification.delete_source_images 2021-12-24T11:06:07.235593+00:00 [queued]>
[2021-12-24 11:14:55,984] {taskinstance.py:1042} INFO - 
--------------------------------------------------------------------------------
[2021-12-24 11:14:55,985] {taskinstance.py:1043} INFO - Starting attempt 1 of 2
[2021-12-24 11:14:55,986] {taskinstance.py:1044} INFO - 
--------------------------------------------------------------------------------
[2021-12-24 11:14:56,096] {taskinstance.py:1063} INFO - Executing <Task(PythonOperator): delete_source_images> on 2021-12-24T11:06:07.235593+00:00
[2021-12-24 11:14:56,182] {standard_task_runner.py:52} INFO - Started process 199 to run task
[2021-12-24 11:14:56,252] {standard_task_runner.py:76} INFO - Running: ['airflow', 'tasks', 'run', 'classification', 'delete_source_images', '2021-12-24T11:06:07.235593+00:00', '--job-id', '147', '--pool', 'default_pool', '--raw', '--subdir', 'DAGS_FOLDER/classification.py', '--cfg-path', '/tmp/tmpf5m7cj2t', '--error-file', '/tmp/tmpth06j5r3']
[2021-12-24 11:14:56,328] {standard_task_runner.py:77} INFO - Job 147: Subtask delete_source_images
[2021-12-24 11:14:57,213] {logging_mixin.py:104} INFO - Running <TaskInstance: classification.delete_source_images 2021-12-24T11:06:07.235593+00:00 [running]> on host 89d4e2d4fc9f
[2021-12-24 11:14:57,498] {taskinstance.py:1257} INFO - Exporting the following env vars:
AIRFLOW_CTX_DAG_OWNER=airflow
AIRFLOW_CTX_DAG_ID=classification
AIRFLOW_CTX_TASK_ID=delete_source_images
AIRFLOW_CTX_EXECUTION_DATE=2021-12-24T11:06:07.235593+00:00
AIRFLOW_CTX_DAG_RUN_ID=scheduled__2021-12-24T11:06:07.235593+00:00
[2021-12-24 11:14:58,624] {python.py:118} INFO - Done. Returned value was: None
[2021-12-24 11:14:58,781] {taskinstance.py:1166} INFO - Marking task as SUCCESS. dag_id=classification, task_id=delete_source_images, execution_date=20211224T110607, start_date=20211224T111455, end_date=20211224T111458
[2021-12-24 11:14:59,159] {taskinstance.py:1220} INFO - 1 downstream tasks scheduled from follow-on schedule check
[2021-12-24 11:14:59,292] {local_task_job.py:146} INFO - Task exited with return code 0
