[2022-01-25 14:12:17,177] {taskinstance.py:851} INFO - Dependencies all met for <TaskInstance: classification.check_data_exist 2022-01-25T14:12:10.613433+00:00 [queued]>
[2022-01-25 14:12:17,195] {taskinstance.py:851} INFO - Dependencies all met for <TaskInstance: classification.check_data_exist 2022-01-25T14:12:10.613433+00:00 [queued]>
[2022-01-25 14:12:17,195] {taskinstance.py:1042} INFO - 
--------------------------------------------------------------------------------
[2022-01-25 14:12:17,196] {taskinstance.py:1043} INFO - Starting attempt 1 of 2
[2022-01-25 14:12:17,196] {taskinstance.py:1044} INFO - 
--------------------------------------------------------------------------------
[2022-01-25 14:12:17,216] {taskinstance.py:1063} INFO - Executing <Task(BranchPythonOperator): check_data_exist> on 2022-01-25T14:12:10.613433+00:00
[2022-01-25 14:12:17,226] {standard_task_runner.py:52} INFO - Started process 63 to run task
[2022-01-25 14:12:17,234] {standard_task_runner.py:76} INFO - Running: ['airflow', 'tasks', 'run', 'classification', 'check_data_exist', '2022-01-25T14:12:10.613433+00:00', '--job-id', '167', '--pool', 'default_pool', '--raw', '--subdir', 'DAGS_FOLDER/classification.py', '--cfg-path', '/tmp/tmpe6_we8vl', '--error-file', '/tmp/tmpy1lzz3r8']
[2022-01-25 14:12:17,241] {standard_task_runner.py:77} INFO - Job 167: Subtask check_data_exist
[2022-01-25 14:12:17,304] {logging_mixin.py:104} INFO - Running <TaskInstance: classification.check_data_exist 2022-01-25T14:12:10.613433+00:00 [running]> on host 42ecca77b6ba
[2022-01-25 14:12:17,354] {taskinstance.py:1257} INFO - Exporting the following env vars:
AIRFLOW_CTX_DAG_OWNER=airflow
AIRFLOW_CTX_DAG_ID=classification
AIRFLOW_CTX_TASK_ID=check_data_exist
AIRFLOW_CTX_EXECUTION_DATE=2022-01-25T14:12:10.613433+00:00
AIRFLOW_CTX_DAG_RUN_ID=manual__2022-01-25T14:12:10.613433+00:00
[2022-01-25 14:12:17,448] {logging_mixin.py:104} INFO - bulbasaur_0.jpeg
[2022-01-25 14:12:17,448] {logging_mixin.py:104} INFO - bulbasaur_1.jpeg
[2022-01-25 14:12:17,449] {logging_mixin.py:104} INFO - bulbasaur_10.jpeg
[2022-01-25 14:12:17,450] {logging_mixin.py:104} INFO - bulbasaur_11.jpeg
[2022-01-25 14:12:17,451] {logging_mixin.py:104} INFO - bulbasaur_12.png
[2022-01-25 14:12:17,454] {logging_mixin.py:104} INFO - bulbasaur_13.png
[2022-01-25 14:12:17,455] {logging_mixin.py:104} INFO - bulbasaur_14.png
[2022-01-25 14:12:17,455] {logging_mixin.py:104} INFO - bulbasaur_15.jpeg
[2022-01-25 14:12:17,456] {logging_mixin.py:104} INFO - bulbasaur_16.png
[2022-01-25 14:12:17,456] {logging_mixin.py:104} INFO - bulbasaur_17.jpeg
[2022-01-25 14:12:17,457] {logging_mixin.py:104} INFO - bulbasaur_18.png
[2022-01-25 14:12:17,457] {logging_mixin.py:104} INFO - bulbasaur_19.png
[2022-01-25 14:12:17,458] {logging_mixin.py:104} INFO - bulbasaur_2.png
[2022-01-25 14:12:17,460] {logging_mixin.py:104} INFO - bulbasaur_20.png
[2022-01-25 14:12:17,470] {logging_mixin.py:104} INFO - bulbasaur_21.png
[2022-01-25 14:12:17,597] {logging_mixin.py:104} INFO - bulbasaur_22.jpeg
[2022-01-25 14:12:17,619] {logging_mixin.py:104} INFO - bulbasaur_23.png
[2022-01-25 14:12:17,635] {logging_mixin.py:104} INFO - bulbasaur_24.jpeg
[2022-01-25 14:12:17,671] {logging_mixin.py:104} INFO - bulbasaur_25.jpeg
[2022-01-25 14:12:17,675] {logging_mixin.py:104} INFO - bulbasaur_26.jpeg
[2022-01-25 14:12:17,677] {logging_mixin.py:104} INFO - bulbasaur_27.png
[2022-01-25 14:12:17,679] {logging_mixin.py:104} INFO - bulbasaur_28.png
[2022-01-25 14:12:17,696] {logging_mixin.py:104} INFO - bulbasaur_29.jpeg
[2022-01-25 14:12:17,697] {logging_mixin.py:104} INFO - bulbasaur_3.png
[2022-01-25 14:12:17,706] {logging_mixin.py:104} INFO - bulbasaur_30.jpeg
[2022-01-25 14:12:17,712] {logging_mixin.py:104} INFO - bulbasaur_31.jpeg
[2022-01-25 14:12:17,712] {logging_mixin.py:104} INFO - bulbasaur_32.png
[2022-01-25 14:12:17,713] {logging_mixin.py:104} INFO - bulbasaur_33.jpeg
[2022-01-25 14:12:17,714] {logging_mixin.py:104} INFO - bulbasaur_34.png
[2022-01-25 14:12:17,715] {logging_mixin.py:104} INFO - bulbasaur_35.png
[2022-01-25 14:12:17,715] {logging_mixin.py:104} INFO - bulbasaur_36.jpeg
[2022-01-25 14:12:17,716] {logging_mixin.py:104} INFO - bulbasaur_37.png
[2022-01-25 14:12:17,717] {logging_mixin.py:104} INFO - bulbasaur_38.jpeg
[2022-01-25 14:12:17,722] {logging_mixin.py:104} INFO - bulbasaur_39.jpeg
[2022-01-25 14:12:17,730] {logging_mixin.py:104} INFO - bulbasaur_4.png
[2022-01-25 14:12:17,738] {logging_mixin.py:104} INFO - bulbasaur_40.png
[2022-01-25 14:12:17,739] {logging_mixin.py:104} INFO - bulbasaur_41.png
[2022-01-25 14:12:17,752] {logging_mixin.py:104} INFO - bulbasaur_42.jpeg
[2022-01-25 14:12:17,753] {logging_mixin.py:104} INFO - bulbasaur_43.png
[2022-01-25 14:12:17,754] {logging_mixin.py:104} INFO - bulbasaur_44.jpeg
[2022-01-25 14:12:17,755] {logging_mixin.py:104} INFO - bulbasaur_45.png
[2022-01-25 14:12:17,757] {logging_mixin.py:104} INFO - bulbasaur_46.png
[2022-01-25 14:12:17,763] {logging_mixin.py:104} INFO - bulbasaur_47.jpeg
[2022-01-25 14:12:17,764] {logging_mixin.py:104} INFO - bulbasaur_48.png
[2022-01-25 14:12:17,765] {logging_mixin.py:104} INFO - bulbasaur_49.png
[2022-01-25 14:12:17,771] {logging_mixin.py:104} INFO - bulbasaur_5.jpeg
[2022-01-25 14:12:17,777] {logging_mixin.py:104} INFO - bulbasaur_50.png
[2022-01-25 14:12:17,786] {logging_mixin.py:104} INFO - bulbasaur_51.png
[2022-01-25 14:12:17,795] {logging_mixin.py:104} INFO - bulbasaur_52.jpeg
[2022-01-25 14:12:17,806] {logging_mixin.py:104} INFO - bulbasaur_53.png
[2022-01-25 14:12:17,807] {logging_mixin.py:104} INFO - bulbasaur_54.png
[2022-01-25 14:12:17,810] {logging_mixin.py:104} INFO - bulbasaur_55.png
[2022-01-25 14:12:17,811] {logging_mixin.py:104} INFO - bulbasaur_56.png
[2022-01-25 14:12:17,814] {logging_mixin.py:104} INFO - bulbasaur_6.jpeg
[2022-01-25 14:12:17,815] {logging_mixin.py:104} INFO - bulbasaur_7.jpeg
[2022-01-25 14:12:17,825] {logging_mixin.py:104} INFO - bulbasaur_8.png
[2022-01-25 14:12:17,826] {logging_mixin.py:104} INFO - bulbasaur_9.png
[2022-01-25 14:12:17,827] {logging_mixin.py:104} INFO - pikachu_0.jpeg
[2022-01-25 14:12:17,830] {logging_mixin.py:104} INFO - pikachu_0.png
[2022-01-25 14:12:17,831] {logging_mixin.py:104} INFO - pikachu_1.jpeg
[2022-01-25 14:12:17,833] {logging_mixin.py:104} INFO - pikachu_1.png
[2022-01-25 14:12:17,835] {logging_mixin.py:104} INFO - pikachu_10.png
[2022-01-25 14:12:17,836] {logging_mixin.py:104} INFO - pikachu_11.jpeg
[2022-01-25 14:12:17,836] {logging_mixin.py:104} INFO - pikachu_12.png
[2022-01-25 14:12:17,837] {logging_mixin.py:104} INFO - pikachu_13.jpeg
[2022-01-25 14:12:17,838] {logging_mixin.py:104} INFO - pikachu_14.jpeg
[2022-01-25 14:12:17,838] {logging_mixin.py:104} INFO - pikachu_15.jpeg
[2022-01-25 14:12:17,839] {logging_mixin.py:104} INFO - pikachu_16.png
[2022-01-25 14:12:17,840] {logging_mixin.py:104} INFO - pikachu_17.jpeg
[2022-01-25 14:12:17,840] {logging_mixin.py:104} INFO - pikachu_18.png
[2022-01-25 14:12:17,841] {logging_mixin.py:104} INFO - pikachu_19.jpeg
[2022-01-25 14:12:17,842] {logging_mixin.py:104} INFO - pikachu_2.jpeg
[2022-01-25 14:12:17,843] {logging_mixin.py:104} INFO - pikachu_2.png
[2022-01-25 14:12:17,844] {logging_mixin.py:104} INFO - pikachu_20.jpeg
[2022-01-25 14:12:17,845] {logging_mixin.py:104} INFO - pikachu_21.jpeg
[2022-01-25 14:12:17,845] {logging_mixin.py:104} INFO - pikachu_22.jpeg
[2022-01-25 14:12:17,846] {logging_mixin.py:104} INFO - pikachu_23.jpeg
[2022-01-25 14:12:17,846] {logging_mixin.py:104} INFO - pikachu_24.png
[2022-01-25 14:12:17,847] {logging_mixin.py:104} INFO - pikachu_25.jpeg
[2022-01-25 14:12:17,847] {logging_mixin.py:104} INFO - pikachu_26.png
[2022-01-25 14:12:17,848] {logging_mixin.py:104} INFO - pikachu_27.png
[2022-01-25 14:12:17,849] {logging_mixin.py:104} INFO - pikachu_28.jpeg
[2022-01-25 14:12:17,849] {logging_mixin.py:104} INFO - pikachu_29.jpeg
[2022-01-25 14:12:17,850] {logging_mixin.py:104} INFO - pikachu_3.png
[2022-01-25 14:12:17,851] {logging_mixin.py:104} INFO - pikachu_30.jpeg
[2022-01-25 14:12:17,859] {logging_mixin.py:104} INFO - pikachu_31.jpeg
[2022-01-25 14:12:17,860] {logging_mixin.py:104} INFO - pikachu_32.jpeg
[2022-01-25 14:12:17,860] {logging_mixin.py:104} INFO - pikachu_33.jpeg
[2022-01-25 14:12:17,862] {logging_mixin.py:104} INFO - pikachu_34.jpeg
[2022-01-25 14:12:17,863] {logging_mixin.py:104} INFO - pikachu_35.jpeg
[2022-01-25 14:12:17,864] {logging_mixin.py:104} INFO - pikachu_36.jpeg
[2022-01-25 14:12:17,864] {logging_mixin.py:104} INFO - pikachu_37.jpeg
[2022-01-25 14:12:17,865] {logging_mixin.py:104} INFO - pikachu_38.jpeg
[2022-01-25 14:12:17,866] {logging_mixin.py:104} INFO - pikachu_39.png
[2022-01-25 14:12:17,866] {logging_mixin.py:104} INFO - pikachu_4.png
[2022-01-25 14:12:17,867] {logging_mixin.py:104} INFO - pikachu_40.jpeg
[2022-01-25 14:12:17,868] {logging_mixin.py:104} INFO - pikachu_41.jpeg
[2022-01-25 14:12:17,869] {logging_mixin.py:104} INFO - pikachu_42.jpeg
[2022-01-25 14:12:17,869] {logging_mixin.py:104} INFO - pikachu_43.png
[2022-01-25 14:12:17,870] {logging_mixin.py:104} INFO - pikachu_44.jpeg
[2022-01-25 14:12:17,871] {logging_mixin.py:104} INFO - pikachu_45.jpeg
[2022-01-25 14:12:17,873] {logging_mixin.py:104} INFO - pikachu_46.png
[2022-01-25 14:12:17,874] {logging_mixin.py:104} INFO - pikachu_47.jpeg
[2022-01-25 14:12:17,875] {logging_mixin.py:104} INFO - pikachu_48.jpeg
[2022-01-25 14:12:17,875] {logging_mixin.py:104} INFO - pikachu_49.png
[2022-01-25 14:12:17,876] {logging_mixin.py:104} INFO - pikachu_5.png
[2022-01-25 14:12:17,877] {logging_mixin.py:104} INFO - pikachu_50.png
[2022-01-25 14:12:17,879] {logging_mixin.py:104} INFO - pikachu_51.jpeg
[2022-01-25 14:12:17,880] {logging_mixin.py:104} INFO - pikachu_52.jpeg
[2022-01-25 14:12:17,881] {logging_mixin.py:104} INFO - pikachu_53.jpeg
[2022-01-25 14:12:17,881] {logging_mixin.py:104} INFO - pikachu_54.jpeg
[2022-01-25 14:12:17,883] {logging_mixin.py:104} INFO - pikachu_55.png
[2022-01-25 14:12:17,884] {logging_mixin.py:104} INFO - pikachu_56.png
[2022-01-25 14:12:17,884] {logging_mixin.py:104} INFO - pikachu_57.jpeg
[2022-01-25 14:12:17,885] {logging_mixin.py:104} INFO - pikachu_58.jpeg
[2022-01-25 14:12:17,886] {logging_mixin.py:104} INFO - pikachu_59.jpeg
[2022-01-25 14:12:17,887] {logging_mixin.py:104} INFO - pikachu_6.jpeg
[2022-01-25 14:12:17,888] {logging_mixin.py:104} INFO - pikachu_60.jpeg
[2022-01-25 14:12:17,889] {logging_mixin.py:104} INFO - pikachu_61.png
[2022-01-25 14:12:17,890] {logging_mixin.py:104} INFO - pikachu_62.png
[2022-01-25 14:12:17,891] {logging_mixin.py:104} INFO - pikachu_63.jpeg
[2022-01-25 14:12:17,893] {logging_mixin.py:104} INFO - pikachu_64.jpeg
[2022-01-25 14:12:17,894] {logging_mixin.py:104} INFO - pikachu_65.jpeg
[2022-01-25 14:12:17,897] {logging_mixin.py:104} INFO - pikachu_66.jpeg
[2022-01-25 14:12:17,899] {logging_mixin.py:104} INFO - pikachu_67.png
[2022-01-25 14:12:17,905] {logging_mixin.py:104} INFO - pikachu_68.jpeg
[2022-01-25 14:12:17,912] {logging_mixin.py:104} INFO - pikachu_69.jpeg
[2022-01-25 14:12:17,914] {logging_mixin.py:104} INFO - pikachu_7.jpeg
[2022-01-25 14:12:17,916] {logging_mixin.py:104} INFO - pikachu_7.png
[2022-01-25 14:12:17,918] {logging_mixin.py:104} INFO - pikachu_70.jpeg
[2022-01-25 14:12:17,919] {logging_mixin.py:104} INFO - pikachu_71.jpeg
[2022-01-25 14:12:17,925] {logging_mixin.py:104} INFO - pikachu_72.png
[2022-01-25 14:12:17,931] {logging_mixin.py:104} INFO - pikachu_73.jpeg
[2022-01-25 14:12:17,934] {logging_mixin.py:104} INFO - pikachu_74.jpeg
[2022-01-25 14:12:17,936] {logging_mixin.py:104} INFO - pikachu_75.jpeg
[2022-01-25 14:12:17,939] {logging_mixin.py:104} INFO - pikachu_76.png
[2022-01-25 14:12:17,944] {logging_mixin.py:104} INFO - pikachu_77.jpeg
[2022-01-25 14:12:17,945] {logging_mixin.py:104} INFO - pikachu_78.png
[2022-01-25 14:12:17,949] {logging_mixin.py:104} INFO - pikachu_79.jpeg
[2022-01-25 14:12:17,952] {logging_mixin.py:104} INFO - pikachu_8.jpeg
[2022-01-25 14:12:17,955] {logging_mixin.py:104} INFO - pikachu_80.jpeg
[2022-01-25 14:12:17,956] {logging_mixin.py:104} INFO - pikachu_81.jpeg
[2022-01-25 14:12:17,961] {logging_mixin.py:104} INFO - pikachu_82.jpeg
[2022-01-25 14:12:17,964] {logging_mixin.py:104} INFO - pikachu_83.jpeg
[2022-01-25 14:12:17,965] {logging_mixin.py:104} INFO - pikachu_84.jpeg
[2022-01-25 14:12:17,965] {logging_mixin.py:104} INFO - pikachu_85.jpeg
[2022-01-25 14:12:17,966] {logging_mixin.py:104} INFO - pikachu_86.jpeg
[2022-01-25 14:12:17,966] {logging_mixin.py:104} INFO - pikachu_87.jpeg
[2022-01-25 14:12:17,967] {logging_mixin.py:104} INFO - pikachu_88.jpeg
[2022-01-25 14:12:17,967] {logging_mixin.py:104} INFO - pikachu_89.jpeg
[2022-01-25 14:12:17,968] {logging_mixin.py:104} INFO - pikachu_9.png
[2022-01-25 14:12:17,968] {logging_mixin.py:104} INFO - pikachu_90.jpeg
[2022-01-25 14:12:17,969] {logging_mixin.py:104} INFO - pikachu_91.png
[2022-01-25 14:12:17,970] {logging_mixin.py:104} INFO - pikachu_92.jpeg
[2022-01-25 14:12:17,971] {logging_mixin.py:104} INFO - pikachu_94.jpeg
[2022-01-25 14:12:17,972] {logging_mixin.py:104} INFO - pikachu_95.jpeg
[2022-01-25 14:12:17,973] {logging_mixin.py:104} INFO - pikachu_96.jpeg
[2022-01-25 14:12:17,973] {logging_mixin.py:104} INFO - pikachu_97.jpeg
[2022-01-25 14:12:17,974] {logging_mixin.py:104} INFO - pikachu_98.jpeg
[2022-01-25 14:12:17,975] {logging_mixin.py:104} INFO - --------------ti-----------------------
[2022-01-25 14:12:17,975] {logging_mixin.py:104} INFO - <TaskInstance: classification.check_data_exist 2022-01-25T14:12:10.613433+00:00 [running]>
[2022-01-25 14:12:17,976] {logging_mixin.py:104} INFO - ------------------------------
[2022-01-25 14:12:18,003] {python.py:118} INFO - Done. Returned value was: load_data
[2022-01-25 14:12:18,005] {skipmixin.py:124} INFO - Following branch load_data
[2022-01-25 14:12:18,016] {skipmixin.py:155} INFO - Skipping tasks []
[2022-01-25 14:12:18,149] {taskinstance.py:1166} INFO - Marking task as SUCCESS. dag_id=classification, task_id=check_data_exist, execution_date=20220125T141210, start_date=20220125T141217, end_date=20220125T141218
[2022-01-25 14:12:18,326] {taskinstance.py:1220} INFO - 1 downstream tasks scheduled from follow-on schedule check
[2022-01-25 14:12:18,394] {local_task_job.py:146} INFO - Task exited with return code 0
