[2022-01-25 11:37:33,137] {taskinstance.py:851} INFO - Dependencies all met for <TaskInstance: classification.check_data_exist 2022-01-25T11:32:24.583418+00:00 [queued]>
[2022-01-25 11:37:33,223] {taskinstance.py:851} INFO - Dependencies all met for <TaskInstance: classification.check_data_exist 2022-01-25T11:32:24.583418+00:00 [queued]>
[2022-01-25 11:37:33,226] {taskinstance.py:1042} INFO - 
--------------------------------------------------------------------------------
[2022-01-25 11:37:33,231] {taskinstance.py:1043} INFO - Starting attempt 1 of 2
[2022-01-25 11:37:33,232] {taskinstance.py:1044} INFO - 
--------------------------------------------------------------------------------
[2022-01-25 11:37:33,333] {taskinstance.py:1063} INFO - Executing <Task(BranchPythonOperator): check_data_exist> on 2022-01-25T11:32:24.583418+00:00
[2022-01-25 11:37:33,355] {standard_task_runner.py:52} INFO - Started process 8380 to run task
[2022-01-25 11:37:33,379] {standard_task_runner.py:76} INFO - Running: ['airflow', 'tasks', 'run', 'classification', 'check_data_exist', '2022-01-25T11:32:24.583418+00:00', '--job-id', '142', '--pool', 'default_pool', '--raw', '--subdir', 'DAGS_FOLDER/classification.py', '--cfg-path', '/tmp/tmpv6l3xbh8', '--error-file', '/tmp/tmpc6vja8zk']
[2022-01-25 11:37:33,395] {standard_task_runner.py:77} INFO - Job 142: Subtask check_data_exist
[2022-01-25 11:37:33,629] {logging_mixin.py:104} INFO - Running <TaskInstance: classification.check_data_exist 2022-01-25T11:32:24.583418+00:00 [running]> on host 54a54d544bf0
[2022-01-25 11:37:33,840] {taskinstance.py:1257} INFO - Exporting the following env vars:
AIRFLOW_CTX_DAG_OWNER=airflow
AIRFLOW_CTX_DAG_ID=classification
AIRFLOW_CTX_TASK_ID=check_data_exist
AIRFLOW_CTX_EXECUTION_DATE=2022-01-25T11:32:24.583418+00:00
AIRFLOW_CTX_DAG_RUN_ID=scheduled__2022-01-25T11:32:24.583418+00:00
[2022-01-25 11:37:34,726] {logging_mixin.py:104} INFO - pikachu_0.jpeg
[2022-01-25 11:37:34,729] {logging_mixin.py:104} INFO - pikachu_0.png
[2022-01-25 11:37:34,731] {logging_mixin.py:104} INFO - pikachu_1.jpeg
[2022-01-25 11:37:34,732] {logging_mixin.py:104} INFO - pikachu_1.png
[2022-01-25 11:37:34,732] {logging_mixin.py:104} INFO - pikachu_10.jpeg
[2022-01-25 11:37:34,733] {logging_mixin.py:104} INFO - pikachu_10.png
[2022-01-25 11:37:34,734] {logging_mixin.py:104} INFO - pikachu_100.jpeg
[2022-01-25 11:37:34,734] {logging_mixin.py:104} INFO - pikachu_101.jpeg
[2022-01-25 11:37:34,738] {logging_mixin.py:104} INFO - pikachu_102.jpeg
[2022-01-25 11:37:34,740] {logging_mixin.py:104} INFO - pikachu_103.jpeg
[2022-01-25 11:37:34,744] {logging_mixin.py:104} INFO - pikachu_103.png
[2022-01-25 11:37:34,745] {logging_mixin.py:104} INFO - pikachu_104.jpeg
[2022-01-25 11:37:34,747] {logging_mixin.py:104} INFO - pikachu_105.jpeg
[2022-01-25 11:37:34,749] {logging_mixin.py:104} INFO - pikachu_106.jpeg
[2022-01-25 11:37:34,751] {logging_mixin.py:104} INFO - pikachu_107.jpeg
[2022-01-25 11:37:34,755] {logging_mixin.py:104} INFO - pikachu_108.jpeg
[2022-01-25 11:37:34,759] {logging_mixin.py:104} INFO - pikachu_109.jpeg
[2022-01-25 11:37:34,765] {logging_mixin.py:104} INFO - pikachu_11.jpeg
[2022-01-25 11:37:34,767] {logging_mixin.py:104} INFO - pikachu_110.jpeg
[2022-01-25 11:37:34,767] {logging_mixin.py:104} INFO - pikachu_111.jpeg
[2022-01-25 11:37:34,768] {logging_mixin.py:104} INFO - pikachu_112.jpeg
[2022-01-25 11:37:34,770] {logging_mixin.py:104} INFO - pikachu_113.jpeg
[2022-01-25 11:37:34,772] {logging_mixin.py:104} INFO - pikachu_114.jpeg
[2022-01-25 11:37:34,773] {logging_mixin.py:104} INFO - pikachu_114.png
[2022-01-25 11:37:34,774] {logging_mixin.py:104} INFO - pikachu_115.jpeg
[2022-01-25 11:37:34,775] {logging_mixin.py:104} INFO - pikachu_116.jpeg
[2022-01-25 11:37:34,776] {logging_mixin.py:104} INFO - pikachu_116.png
[2022-01-25 11:37:34,787] {logging_mixin.py:104} INFO - pikachu_117.jpeg
[2022-01-25 11:37:34,788] {logging_mixin.py:104} INFO - pikachu_118.jpeg
[2022-01-25 11:37:34,791] {logging_mixin.py:104} INFO - pikachu_119.jpeg
[2022-01-25 11:37:34,794] {logging_mixin.py:104} INFO - pikachu_12.jpeg
[2022-01-25 11:37:34,798] {logging_mixin.py:104} INFO - pikachu_120.jpeg
[2022-01-25 11:37:34,807] {logging_mixin.py:104} INFO - pikachu_120.png
[2022-01-25 11:37:34,817] {logging_mixin.py:104} INFO - pikachu_121.jpeg
[2022-01-25 11:37:34,820] {logging_mixin.py:104} INFO - pikachu_122.jpeg
[2022-01-25 11:37:34,823] {logging_mixin.py:104} INFO - pikachu_123.jpeg
[2022-01-25 11:37:34,826] {logging_mixin.py:104} INFO - pikachu_123.png
[2022-01-25 11:37:34,827] {logging_mixin.py:104} INFO - pikachu_124.jpeg
[2022-01-25 11:37:34,838] {logging_mixin.py:104} INFO - pikachu_125.jpeg
[2022-01-25 11:37:34,856] {logging_mixin.py:104} INFO - pikachu_125.png
[2022-01-25 11:37:34,871] {logging_mixin.py:104} INFO - pikachu_126.jpeg
[2022-01-25 11:37:34,872] {logging_mixin.py:104} INFO - pikachu_127.jpeg
[2022-01-25 11:37:34,876] {logging_mixin.py:104} INFO - pikachu_128.jpeg
[2022-01-25 11:37:34,877] {logging_mixin.py:104} INFO - pikachu_129.jpeg
[2022-01-25 11:37:34,878] {logging_mixin.py:104} INFO - pikachu_13.jpeg
[2022-01-25 11:37:34,881] {logging_mixin.py:104} INFO - pikachu_130.jpeg
[2022-01-25 11:37:34,883] {logging_mixin.py:104} INFO - pikachu_131.jpeg
[2022-01-25 11:37:34,892] {logging_mixin.py:104} INFO - pikachu_132.jpeg
[2022-01-25 11:37:34,894] {logging_mixin.py:104} INFO - pikachu_132.png
[2022-01-25 11:37:34,897] {logging_mixin.py:104} INFO - pikachu_133.jpeg
[2022-01-25 11:37:34,902] {logging_mixin.py:104} INFO - pikachu_134.jpeg
[2022-01-25 11:37:34,903] {logging_mixin.py:104} INFO - pikachu_134.png
[2022-01-25 11:37:34,910] {logging_mixin.py:104} INFO - pikachu_135.jpeg
[2022-01-25 11:37:34,912] {logging_mixin.py:104} INFO - pikachu_135.png
[2022-01-25 11:37:34,915] {logging_mixin.py:104} INFO - pikachu_136.jpeg
[2022-01-25 11:37:34,917] {logging_mixin.py:104} INFO - pikachu_137.jpeg
[2022-01-25 11:37:34,918] {logging_mixin.py:104} INFO - pikachu_137.png
[2022-01-25 11:37:34,922] {logging_mixin.py:104} INFO - pikachu_138.jpeg
[2022-01-25 11:37:34,934] {logging_mixin.py:104} INFO - pikachu_138.png
[2022-01-25 11:37:34,941] {logging_mixin.py:104} INFO - pikachu_139.jpeg
[2022-01-25 11:37:34,956] {logging_mixin.py:104} INFO - pikachu_14.jpeg
[2022-01-25 11:37:34,961] {logging_mixin.py:104} INFO - pikachu_14.png
[2022-01-25 11:37:34,962] {logging_mixin.py:104} INFO - pikachu_140.jpeg
[2022-01-25 11:37:34,963] {logging_mixin.py:104} INFO - pikachu_140.png
[2022-01-25 11:37:34,965] {logging_mixin.py:104} INFO - pikachu_141.jpeg
[2022-01-25 11:37:34,966] {logging_mixin.py:104} INFO - pikachu_141.png
[2022-01-25 11:37:34,967] {logging_mixin.py:104} INFO - pikachu_142.jpeg
[2022-01-25 11:37:34,970] {logging_mixin.py:104} INFO - pikachu_142.png
[2022-01-25 11:37:34,975] {logging_mixin.py:104} INFO - pikachu_143.jpeg
[2022-01-25 11:37:34,976] {logging_mixin.py:104} INFO - pikachu_143.png
[2022-01-25 11:37:34,980] {logging_mixin.py:104} INFO - pikachu_144.jpeg
[2022-01-25 11:37:34,982] {logging_mixin.py:104} INFO - pikachu_144.png
[2022-01-25 11:37:34,985] {logging_mixin.py:104} INFO - pikachu_145.jpeg
[2022-01-25 11:37:34,988] {logging_mixin.py:104} INFO - pikachu_145.png
[2022-01-25 11:37:34,993] {logging_mixin.py:104} INFO - pikachu_146.jpeg
[2022-01-25 11:37:34,994] {logging_mixin.py:104} INFO - pikachu_146.png
[2022-01-25 11:37:34,995] {logging_mixin.py:104} INFO - pikachu_147.jpeg
[2022-01-25 11:37:34,996] {logging_mixin.py:104} INFO - pikachu_147.png
[2022-01-25 11:37:34,998] {logging_mixin.py:104} INFO - pikachu_148.jpeg
[2022-01-25 11:37:34,999] {logging_mixin.py:104} INFO - pikachu_149.jpeg
[2022-01-25 11:37:35,002] {logging_mixin.py:104} INFO - pikachu_149.png
[2022-01-25 11:37:35,003] {logging_mixin.py:104} INFO - pikachu_15.jpeg
[2022-01-25 11:37:35,007] {logging_mixin.py:104} INFO - pikachu_15.png
[2022-01-25 11:37:35,009] {logging_mixin.py:104} INFO - pikachu_150.jpeg
[2022-01-25 11:37:35,016] {logging_mixin.py:104} INFO - pikachu_150.png
[2022-01-25 11:37:35,021] {logging_mixin.py:104} INFO - pikachu_151.jpeg
[2022-01-25 11:37:35,028] {logging_mixin.py:104} INFO - pikachu_152.jpeg
[2022-01-25 11:37:35,034] {logging_mixin.py:104} INFO - pikachu_153.jpeg
[2022-01-25 11:37:35,040] {logging_mixin.py:104} INFO - pikachu_153.png
[2022-01-25 11:37:35,041] {logging_mixin.py:104} INFO - pikachu_154.jpeg
[2022-01-25 11:37:35,043] {logging_mixin.py:104} INFO - pikachu_155.jpeg
[2022-01-25 11:37:35,051] {logging_mixin.py:104} INFO - pikachu_156.jpeg
[2022-01-25 11:37:35,057] {logging_mixin.py:104} INFO - pikachu_157.jpeg
[2022-01-25 11:37:35,062] {logging_mixin.py:104} INFO - pikachu_158.jpeg
[2022-01-25 11:37:35,066] {logging_mixin.py:104} INFO - pikachu_159.jpeg
[2022-01-25 11:37:35,073] {logging_mixin.py:104} INFO - pikachu_159.png
[2022-01-25 11:37:35,080] {logging_mixin.py:104} INFO - pikachu_16.jpeg
[2022-01-25 11:37:35,087] {logging_mixin.py:104} INFO - pikachu_16.png
[2022-01-25 11:37:35,088] {logging_mixin.py:104} INFO - pikachu_160.jpeg
[2022-01-25 11:37:35,089] {logging_mixin.py:104} INFO - pikachu_160.png
[2022-01-25 11:37:35,090] {logging_mixin.py:104} INFO - pikachu_161.jpeg
[2022-01-25 11:37:35,091] {logging_mixin.py:104} INFO - pikachu_162.jpeg
[2022-01-25 11:37:35,091] {logging_mixin.py:104} INFO - pikachu_162.png
[2022-01-25 11:37:35,092] {logging_mixin.py:104} INFO - pikachu_163.jpeg
[2022-01-25 11:37:35,092] {logging_mixin.py:104} INFO - pikachu_163.png
[2022-01-25 11:37:35,093] {logging_mixin.py:104} INFO - pikachu_164.jpeg
[2022-01-25 11:37:35,094] {logging_mixin.py:104} INFO - pikachu_165.jpeg
[2022-01-25 11:37:35,098] {logging_mixin.py:104} INFO - pikachu_166.jpeg
[2022-01-25 11:37:35,106] {logging_mixin.py:104} INFO - pikachu_167.jpeg
[2022-01-25 11:37:35,107] {logging_mixin.py:104} INFO - pikachu_168.jpeg
[2022-01-25 11:37:35,108] {logging_mixin.py:104} INFO - pikachu_168.png
[2022-01-25 11:37:35,110] {logging_mixin.py:104} INFO - pikachu_169.jpeg
[2022-01-25 11:37:35,111] {logging_mixin.py:104} INFO - pikachu_169.png
[2022-01-25 11:37:35,113] {logging_mixin.py:104} INFO - pikachu_17.jpeg
[2022-01-25 11:37:35,116] {logging_mixin.py:104} INFO - pikachu_17.png
[2022-01-25 11:37:35,117] {logging_mixin.py:104} INFO - pikachu_170.jpeg
[2022-01-25 11:37:35,119] {logging_mixin.py:104} INFO - pikachu_171.jpeg
[2022-01-25 11:37:35,120] {logging_mixin.py:104} INFO - pikachu_172.jpeg
[2022-01-25 11:37:35,128] {logging_mixin.py:104} INFO - pikachu_173.jpeg
[2022-01-25 11:37:35,128] {logging_mixin.py:104} INFO - pikachu_173.png
[2022-01-25 11:37:35,129] {logging_mixin.py:104} INFO - pikachu_174.jpeg
[2022-01-25 11:37:35,130] {logging_mixin.py:104} INFO - pikachu_175.jpeg
[2022-01-25 11:37:35,133] {logging_mixin.py:104} INFO - pikachu_176.jpeg
[2022-01-25 11:37:35,136] {logging_mixin.py:104} INFO - pikachu_177.jpeg
[2022-01-25 11:37:35,137] {logging_mixin.py:104} INFO - pikachu_178.jpeg
[2022-01-25 11:37:35,173] {logging_mixin.py:104} INFO - pikachu_179.jpeg
[2022-01-25 11:37:35,174] {logging_mixin.py:104} INFO - pikachu_18.jpeg
[2022-01-25 11:37:35,176] {logging_mixin.py:104} INFO - pikachu_18.png
[2022-01-25 11:37:35,177] {logging_mixin.py:104} INFO - pikachu_180.jpeg
[2022-01-25 11:37:35,188] {logging_mixin.py:104} INFO - pikachu_181.png
[2022-01-25 11:37:35,192] {logging_mixin.py:104} INFO - pikachu_182.jpeg
[2022-01-25 11:37:35,193] {logging_mixin.py:104} INFO - pikachu_183.jpeg
[2022-01-25 11:37:35,193] {logging_mixin.py:104} INFO - pikachu_184.jpeg
[2022-01-25 11:37:35,194] {logging_mixin.py:104} INFO - pikachu_185.jpeg
[2022-01-25 11:37:35,195] {logging_mixin.py:104} INFO - pikachu_185.png
[2022-01-25 11:37:35,197] {logging_mixin.py:104} INFO - pikachu_186.jpeg
[2022-01-25 11:37:35,198] {logging_mixin.py:104} INFO - pikachu_186.png
[2022-01-25 11:37:35,200] {logging_mixin.py:104} INFO - pikachu_187.jpeg
[2022-01-25 11:37:35,201] {logging_mixin.py:104} INFO - pikachu_188.jpeg
[2022-01-25 11:37:35,202] {logging_mixin.py:104} INFO - pikachu_189.jpeg
[2022-01-25 11:37:35,205] {logging_mixin.py:104} INFO - pikachu_19.jpeg
[2022-01-25 11:37:35,207] {logging_mixin.py:104} INFO - pikachu_19.png
[2022-01-25 11:37:35,210] {logging_mixin.py:104} INFO - pikachu_190.jpeg
[2022-01-25 11:37:35,212] {logging_mixin.py:104} INFO - pikachu_190.png
[2022-01-25 11:37:35,217] {logging_mixin.py:104} INFO - pikachu_191.jpeg
[2022-01-25 11:37:35,220] {logging_mixin.py:104} INFO - pikachu_192.jpeg
[2022-01-25 11:37:35,222] {logging_mixin.py:104} INFO - pikachu_193.jpeg
[2022-01-25 11:37:35,223] {logging_mixin.py:104} INFO - pikachu_194.jpeg
[2022-01-25 11:37:35,225] {logging_mixin.py:104} INFO - pikachu_195.png
[2022-01-25 11:37:35,227] {logging_mixin.py:104} INFO - pikachu_196.jpeg
[2022-01-25 11:37:35,228] {logging_mixin.py:104} INFO - pikachu_196.png
[2022-01-25 11:37:35,228] {logging_mixin.py:104} INFO - pikachu_197.jpeg
[2022-01-25 11:37:35,230] {logging_mixin.py:104} INFO - pikachu_198.jpeg
[2022-01-25 11:37:35,230] {logging_mixin.py:104} INFO - pikachu_199.jpeg
[2022-01-25 11:37:35,231] {logging_mixin.py:104} INFO - pikachu_2.png
[2022-01-25 11:37:35,234] {logging_mixin.py:104} INFO - pikachu_20.jpeg
[2022-01-25 11:37:35,237] {logging_mixin.py:104} INFO - pikachu_20.png
[2022-01-25 11:37:35,238] {logging_mixin.py:104} INFO - pikachu_200.jpeg
[2022-01-25 11:37:35,240] {logging_mixin.py:104} INFO - pikachu_200.png
[2022-01-25 11:37:35,242] {logging_mixin.py:104} INFO - pikachu_201.jpeg
[2022-01-25 11:37:35,243] {logging_mixin.py:104} INFO - pikachu_201.png
[2022-01-25 11:37:35,243] {logging_mixin.py:104} INFO - pikachu_202.jpeg
[2022-01-25 11:37:35,245] {logging_mixin.py:104} INFO - pikachu_203.jpeg
[2022-01-25 11:37:35,246] {logging_mixin.py:104} INFO - pikachu_204.jpeg
[2022-01-25 11:37:35,247] {logging_mixin.py:104} INFO - pikachu_205.jpeg
[2022-01-25 11:37:35,248] {logging_mixin.py:104} INFO - pikachu_206.jpeg
[2022-01-25 11:37:35,250] {logging_mixin.py:104} INFO - pikachu_207.jpeg
[2022-01-25 11:37:35,252] {logging_mixin.py:104} INFO - pikachu_208.jpeg
[2022-01-25 11:37:35,256] {logging_mixin.py:104} INFO - pikachu_209.jpeg
[2022-01-25 11:37:35,257] {logging_mixin.py:104} INFO - pikachu_21.jpeg
[2022-01-25 11:37:35,270] {logging_mixin.py:104} INFO - pikachu_21.png
[2022-01-25 11:37:35,271] {logging_mixin.py:104} INFO - pikachu_210.jpeg
[2022-01-25 11:37:35,273] {logging_mixin.py:104} INFO - pikachu_211.jpeg
[2022-01-25 11:37:35,274] {logging_mixin.py:104} INFO - pikachu_211.png
[2022-01-25 11:37:35,274] {logging_mixin.py:104} INFO - pikachu_212.jpeg
[2022-01-25 11:37:35,275] {logging_mixin.py:104} INFO - pikachu_212.png
[2022-01-25 11:37:35,276] {logging_mixin.py:104} INFO - pikachu_213.jpeg
[2022-01-25 11:37:35,277] {logging_mixin.py:104} INFO - pikachu_213.png
[2022-01-25 11:37:35,283] {logging_mixin.py:104} INFO - pikachu_214.jpeg
[2022-01-25 11:37:35,285] {logging_mixin.py:104} INFO - pikachu_215.jpeg
[2022-01-25 11:37:35,286] {logging_mixin.py:104} INFO - pikachu_215.png
[2022-01-25 11:37:35,290] {logging_mixin.py:104} INFO - pikachu_216.jpeg
[2022-01-25 11:37:35,291] {logging_mixin.py:104} INFO - pikachu_216.png
[2022-01-25 11:37:35,292] {logging_mixin.py:104} INFO - pikachu_217.jpeg
[2022-01-25 11:37:35,293] {logging_mixin.py:104} INFO - pikachu_217.png
[2022-01-25 11:37:35,295] {logging_mixin.py:104} INFO - pikachu_218.jpeg
[2022-01-25 11:37:35,296] {logging_mixin.py:104} INFO - pikachu_219.jpeg
[2022-01-25 11:37:35,298] {logging_mixin.py:104} INFO - pikachu_219.png
[2022-01-25 11:37:35,298] {logging_mixin.py:104} INFO - pikachu_22.jpeg
[2022-01-25 11:37:35,301] {logging_mixin.py:104} INFO - pikachu_220.jpeg
[2022-01-25 11:37:35,302] {logging_mixin.py:104} INFO - pikachu_220.png
[2022-01-25 11:37:35,305] {logging_mixin.py:104} INFO - pikachu_221.jpeg
[2022-01-25 11:37:35,306] {logging_mixin.py:104} INFO - pikachu_222.jpeg
[2022-01-25 11:37:35,307] {logging_mixin.py:104} INFO - pikachu_223.jpeg
[2022-01-25 11:37:35,308] {logging_mixin.py:104} INFO - pikachu_224.jpeg
[2022-01-25 11:37:35,310] {logging_mixin.py:104} INFO - pikachu_225.jpeg
[2022-01-25 11:37:35,311] {logging_mixin.py:104} INFO - pikachu_226.jpeg
[2022-01-25 11:37:35,312] {logging_mixin.py:104} INFO - pikachu_226.png
[2022-01-25 11:37:35,313] {logging_mixin.py:104} INFO - pikachu_227.jpeg
[2022-01-25 11:37:35,314] {logging_mixin.py:104} INFO - pikachu_227.png
[2022-01-25 11:37:35,316] {logging_mixin.py:104} INFO - pikachu_228.jpeg
[2022-01-25 11:37:35,318] {logging_mixin.py:104} INFO - pikachu_228.png
[2022-01-25 11:37:35,318] {logging_mixin.py:104} INFO - pikachu_229.jpeg
[2022-01-25 11:37:35,320] {logging_mixin.py:104} INFO - pikachu_229.png
[2022-01-25 11:37:35,323] {logging_mixin.py:104} INFO - pikachu_23.jpeg
[2022-01-25 11:37:35,324] {logging_mixin.py:104} INFO - pikachu_230.jpeg
[2022-01-25 11:37:35,325] {logging_mixin.py:104} INFO - pikachu_230.png
[2022-01-25 11:37:35,325] {logging_mixin.py:104} INFO - pikachu_231.jpeg
[2022-01-25 11:37:35,326] {logging_mixin.py:104} INFO - pikachu_232.jpeg
[2022-01-25 11:37:35,327] {logging_mixin.py:104} INFO - pikachu_233.jpeg
[2022-01-25 11:37:35,327] {logging_mixin.py:104} INFO - pikachu_234.jpeg
[2022-01-25 11:37:35,328] {logging_mixin.py:104} INFO - pikachu_234.png
[2022-01-25 11:37:35,328] {logging_mixin.py:104} INFO - pikachu_235.jpeg
[2022-01-25 11:37:35,329] {logging_mixin.py:104} INFO - pikachu_235.png
[2022-01-25 11:37:35,330] {logging_mixin.py:104} INFO - pikachu_236.jpeg
[2022-01-25 11:37:35,330] {logging_mixin.py:104} INFO - pikachu_237.jpeg
[2022-01-25 11:37:35,331] {logging_mixin.py:104} INFO - pikachu_238.jpeg
[2022-01-25 11:37:35,331] {logging_mixin.py:104} INFO - pikachu_239.jpeg
[2022-01-25 11:37:35,331] {logging_mixin.py:104} INFO - pikachu_239.png
[2022-01-25 11:37:35,332] {logging_mixin.py:104} INFO - pikachu_24.jpeg
[2022-01-25 11:37:35,333] {logging_mixin.py:104} INFO - pikachu_240.jpeg
[2022-01-25 11:37:35,334] {logging_mixin.py:104} INFO - pikachu_241.jpeg
[2022-01-25 11:37:35,337] {logging_mixin.py:104} INFO - pikachu_241.png
[2022-01-25 11:37:35,338] {logging_mixin.py:104} INFO - pikachu_242.jpeg
[2022-01-25 11:37:35,339] {logging_mixin.py:104} INFO - pikachu_242.png
[2022-01-25 11:37:35,340] {logging_mixin.py:104} INFO - pikachu_243.jpeg
[2022-01-25 11:37:35,341] {logging_mixin.py:104} INFO - pikachu_243.png
[2022-01-25 11:37:35,341] {logging_mixin.py:104} INFO - pikachu_244.jpeg
[2022-01-25 11:37:35,342] {logging_mixin.py:104} INFO - pikachu_244.png
[2022-01-25 11:37:35,342] {logging_mixin.py:104} INFO - pikachu_245.jpeg
[2022-01-25 11:37:35,343] {logging_mixin.py:104} INFO - pikachu_246.jpeg
[2022-01-25 11:37:35,344] {logging_mixin.py:104} INFO - pikachu_247.jpeg
[2022-01-25 11:37:35,344] {logging_mixin.py:104} INFO - pikachu_248.jpeg
[2022-01-25 11:37:35,344] {logging_mixin.py:104} INFO - pikachu_248.png
[2022-01-25 11:37:35,345] {logging_mixin.py:104} INFO - pikachu_249.jpeg
[2022-01-25 11:37:35,346] {logging_mixin.py:104} INFO - pikachu_249.png
[2022-01-25 11:37:35,346] {logging_mixin.py:104} INFO - pikachu_25.jpeg
[2022-01-25 11:37:35,347] {logging_mixin.py:104} INFO - pikachu_25.png
[2022-01-25 11:37:35,347] {logging_mixin.py:104} INFO - pikachu_250.jpeg
[2022-01-25 11:37:35,348] {logging_mixin.py:104} INFO - pikachu_251.jpeg
[2022-01-25 11:37:35,349] {logging_mixin.py:104} INFO - pikachu_252.jpeg
[2022-01-25 11:37:35,349] {logging_mixin.py:104} INFO - pikachu_253.jpeg
[2022-01-25 11:37:35,350] {logging_mixin.py:104} INFO - pikachu_254.jpeg
[2022-01-25 11:37:35,350] {logging_mixin.py:104} INFO - pikachu_255.jpeg
[2022-01-25 11:37:35,350] {logging_mixin.py:104} INFO - pikachu_256.jpeg
[2022-01-25 11:37:35,351] {logging_mixin.py:104} INFO - pikachu_257.jpeg
[2022-01-25 11:37:35,353] {logging_mixin.py:104} INFO - pikachu_258.jpeg
[2022-01-25 11:37:35,354] {logging_mixin.py:104} INFO - pikachu_259.jpeg
[2022-01-25 11:37:35,356] {logging_mixin.py:104} INFO - pikachu_259.png
[2022-01-25 11:37:35,356] {logging_mixin.py:104} INFO - pikachu_26.jpeg
[2022-01-25 11:37:35,357] {logging_mixin.py:104} INFO - pikachu_26.png
[2022-01-25 11:37:35,357] {logging_mixin.py:104} INFO - pikachu_260.jpeg
[2022-01-25 11:37:35,358] {logging_mixin.py:104} INFO - pikachu_260.png
[2022-01-25 11:37:35,358] {logging_mixin.py:104} INFO - pikachu_261.jpeg
[2022-01-25 11:37:35,359] {logging_mixin.py:104} INFO - pikachu_262.jpeg
[2022-01-25 11:37:35,359] {logging_mixin.py:104} INFO - pikachu_263.jpeg
[2022-01-25 11:37:35,360] {logging_mixin.py:104} INFO - pikachu_263.png
[2022-01-25 11:37:35,361] {logging_mixin.py:104} INFO - pikachu_264.jpeg
[2022-01-25 11:37:35,361] {logging_mixin.py:104} INFO - pikachu_264.png
[2022-01-25 11:37:35,362] {logging_mixin.py:104} INFO - pikachu_265.jpeg
[2022-01-25 11:37:35,362] {logging_mixin.py:104} INFO - pikachu_266.jpeg
[2022-01-25 11:37:35,362] {logging_mixin.py:104} INFO - pikachu_266.png
[2022-01-25 11:37:35,363] {logging_mixin.py:104} INFO - pikachu_267.jpeg
[2022-01-25 11:37:35,364] {logging_mixin.py:104} INFO - pikachu_268.jpeg
[2022-01-25 11:37:35,365] {logging_mixin.py:104} INFO - pikachu_268.png
[2022-01-25 11:37:35,365] {logging_mixin.py:104} INFO - pikachu_269.jpeg
[2022-01-25 11:37:35,366] {logging_mixin.py:104} INFO - pikachu_269.png
[2022-01-25 11:37:35,366] {logging_mixin.py:104} INFO - pikachu_27.jpeg
[2022-01-25 11:37:35,367] {logging_mixin.py:104} INFO - pikachu_27.png
[2022-01-25 11:37:35,368] {logging_mixin.py:104} INFO - pikachu_270.jpeg
[2022-01-25 11:37:35,369] {logging_mixin.py:104} INFO - pikachu_271.jpeg
[2022-01-25 11:37:35,371] {logging_mixin.py:104} INFO - pikachu_271.png
[2022-01-25 11:37:35,373] {logging_mixin.py:104} INFO - pikachu_272.jpeg
[2022-01-25 11:37:35,374] {logging_mixin.py:104} INFO - pikachu_273.jpeg
[2022-01-25 11:37:35,375] {logging_mixin.py:104} INFO - pikachu_274.jpeg
[2022-01-25 11:37:35,375] {logging_mixin.py:104} INFO - pikachu_275.jpeg
[2022-01-25 11:37:35,376] {logging_mixin.py:104} INFO - pikachu_276.jpeg
[2022-01-25 11:37:35,376] {logging_mixin.py:104} INFO - pikachu_276.png
[2022-01-25 11:37:35,377] {logging_mixin.py:104} INFO - pikachu_277.jpeg
[2022-01-25 11:37:35,378] {logging_mixin.py:104} INFO - pikachu_277.png
[2022-01-25 11:37:35,378] {logging_mixin.py:104} INFO - pikachu_278.jpeg
[2022-01-25 11:37:35,379] {logging_mixin.py:104} INFO - pikachu_278.png
[2022-01-25 11:37:35,379] {logging_mixin.py:104} INFO - pikachu_279.jpeg
[2022-01-25 11:37:35,380] {logging_mixin.py:104} INFO - pikachu_279.png
[2022-01-25 11:37:35,381] {logging_mixin.py:104} INFO - pikachu_28.jpeg
[2022-01-25 11:37:35,381] {logging_mixin.py:104} INFO - pikachu_28.png
[2022-01-25 11:37:35,382] {logging_mixin.py:104} INFO - pikachu_280.jpeg
[2022-01-25 11:37:35,382] {logging_mixin.py:104} INFO - pikachu_281.jpeg
[2022-01-25 11:37:35,383] {logging_mixin.py:104} INFO - pikachu_282.jpeg
[2022-01-25 11:37:35,384] {logging_mixin.py:104} INFO - pikachu_283.jpeg
[2022-01-25 11:37:35,384] {logging_mixin.py:104} INFO - pikachu_284.jpeg
[2022-01-25 11:37:35,385] {logging_mixin.py:104} INFO - pikachu_285.jpeg
[2022-01-25 11:37:35,386] {logging_mixin.py:104} INFO - pikachu_285.png
[2022-01-25 11:37:35,386] {logging_mixin.py:104} INFO - pikachu_286.jpeg
[2022-01-25 11:37:35,387] {logging_mixin.py:104} INFO - pikachu_287.jpeg
[2022-01-25 11:37:35,388] {logging_mixin.py:104} INFO - pikachu_287.png
[2022-01-25 11:37:35,388] {logging_mixin.py:104} INFO - pikachu_288.jpeg
[2022-01-25 11:37:35,389] {logging_mixin.py:104} INFO - pikachu_289.jpeg
[2022-01-25 11:37:35,391] {logging_mixin.py:104} INFO - pikachu_289.png
[2022-01-25 11:37:35,392] {logging_mixin.py:104} INFO - pikachu_29.jpeg
[2022-01-25 11:37:35,393] {logging_mixin.py:104} INFO - pikachu_29.png
[2022-01-25 11:37:35,394] {logging_mixin.py:104} INFO - pikachu_290.jpeg
[2022-01-25 11:37:35,395] {logging_mixin.py:104} INFO - pikachu_291.jpeg
[2022-01-25 11:37:35,396] {logging_mixin.py:104} INFO - pikachu_292.jpeg
[2022-01-25 11:37:35,397] {logging_mixin.py:104} INFO - pikachu_292.png
[2022-01-25 11:37:35,398] {logging_mixin.py:104} INFO - pikachu_293.jpeg
[2022-01-25 11:37:35,398] {logging_mixin.py:104} INFO - pikachu_293.png
[2022-01-25 11:37:35,399] {logging_mixin.py:104} INFO - pikachu_294.jpeg
[2022-01-25 11:37:35,399] {logging_mixin.py:104} INFO - pikachu_295.jpeg
[2022-01-25 11:37:35,400] {logging_mixin.py:104} INFO - pikachu_296.jpeg
[2022-01-25 11:37:35,401] {logging_mixin.py:104} INFO - pikachu_297.jpeg
[2022-01-25 11:37:35,401] {logging_mixin.py:104} INFO - pikachu_297.png
[2022-01-25 11:37:35,402] {logging_mixin.py:104} INFO - pikachu_298.jpeg
[2022-01-25 11:37:35,402] {logging_mixin.py:104} INFO - pikachu_299.jpeg
[2022-01-25 11:37:35,403] {logging_mixin.py:104} INFO - pikachu_3.png
[2022-01-25 11:37:35,404] {logging_mixin.py:104} INFO - pikachu_30.jpeg
[2022-01-25 11:37:35,404] {logging_mixin.py:104} INFO - pikachu_30.png
[2022-01-25 11:37:35,404] {logging_mixin.py:104} INFO - pikachu_300.jpeg
[2022-01-25 11:37:35,405] {logging_mixin.py:104} INFO - pikachu_301.jpeg
[2022-01-25 11:37:35,406] {logging_mixin.py:104} INFO - pikachu_302.jpeg
[2022-01-25 11:37:35,406] {logging_mixin.py:104} INFO - pikachu_302.png
[2022-01-25 11:37:35,407] {logging_mixin.py:104} INFO - pikachu_303.jpeg
[2022-01-25 11:37:35,408] {logging_mixin.py:104} INFO - pikachu_304.jpeg
[2022-01-25 11:37:35,409] {logging_mixin.py:104} INFO - pikachu_305.jpeg
[2022-01-25 11:37:35,410] {logging_mixin.py:104} INFO - pikachu_306.jpeg
[2022-01-25 11:37:35,412] {logging_mixin.py:104} INFO - pikachu_307.jpeg
[2022-01-25 11:37:35,412] {logging_mixin.py:104} INFO - pikachu_308.jpeg
[2022-01-25 11:37:35,413] {logging_mixin.py:104} INFO - pikachu_309.jpeg
[2022-01-25 11:37:35,413] {logging_mixin.py:104} INFO - pikachu_31.jpeg
[2022-01-25 11:37:35,414] {logging_mixin.py:104} INFO - pikachu_310.jpeg
[2022-01-25 11:37:35,415] {logging_mixin.py:104} INFO - pikachu_311.jpeg
[2022-01-25 11:37:35,415] {logging_mixin.py:104} INFO - pikachu_312.jpeg
[2022-01-25 11:37:35,416] {logging_mixin.py:104} INFO - pikachu_312.png
[2022-01-25 11:37:35,416] {logging_mixin.py:104} INFO - pikachu_313.jpeg
[2022-01-25 11:37:35,417] {logging_mixin.py:104} INFO - pikachu_314.jpeg
[2022-01-25 11:37:35,418] {logging_mixin.py:104} INFO - pikachu_315.jpeg
[2022-01-25 11:37:35,418] {logging_mixin.py:104} INFO - pikachu_316.jpeg
[2022-01-25 11:37:35,419] {logging_mixin.py:104} INFO - pikachu_316.png
[2022-01-25 11:37:35,419] {logging_mixin.py:104} INFO - pikachu_317.jpeg
[2022-01-25 11:37:35,420] {logging_mixin.py:104} INFO - pikachu_318.jpeg
[2022-01-25 11:37:35,420] {logging_mixin.py:104} INFO - pikachu_319.jpeg
[2022-01-25 11:37:35,421] {logging_mixin.py:104} INFO - pikachu_32.jpeg
[2022-01-25 11:37:35,422] {logging_mixin.py:104} INFO - pikachu_32.png
[2022-01-25 11:37:35,423] {logging_mixin.py:104} INFO - pikachu_320.jpeg
[2022-01-25 11:37:35,423] {logging_mixin.py:104} INFO - pikachu_321.jpeg
[2022-01-25 11:37:35,424] {logging_mixin.py:104} INFO - pikachu_322.jpeg
[2022-01-25 11:37:35,424] {logging_mixin.py:104} INFO - pikachu_323.jpeg
[2022-01-25 11:37:35,425] {logging_mixin.py:104} INFO - pikachu_323.png
[2022-01-25 11:37:35,426] {logging_mixin.py:104} INFO - pikachu_324.jpeg
[2022-01-25 11:37:35,427] {logging_mixin.py:104} INFO - pikachu_324.png
[2022-01-25 11:37:35,427] {logging_mixin.py:104} INFO - pikachu_325.jpeg
[2022-01-25 11:37:35,428] {logging_mixin.py:104} INFO - pikachu_326.jpeg
[2022-01-25 11:37:35,429] {logging_mixin.py:104} INFO - pikachu_327.jpeg
[2022-01-25 11:37:35,429] {logging_mixin.py:104} INFO - pikachu_327.png
[2022-01-25 11:37:35,431] {logging_mixin.py:104} INFO - pikachu_328.jpeg
[2022-01-25 11:37:35,431] {logging_mixin.py:104} INFO - pikachu_329.jpeg
[2022-01-25 11:37:35,432] {logging_mixin.py:104} INFO - pikachu_33.jpeg
[2022-01-25 11:37:35,432] {logging_mixin.py:104} INFO - pikachu_33.png
[2022-01-25 11:37:35,433] {logging_mixin.py:104} INFO - pikachu_330.jpeg
[2022-01-25 11:37:35,434] {logging_mixin.py:104} INFO - pikachu_331.jpeg
[2022-01-25 11:37:35,434] {logging_mixin.py:104} INFO - pikachu_332.jpeg
[2022-01-25 11:37:35,435] {logging_mixin.py:104} INFO - pikachu_333.jpeg
[2022-01-25 11:37:35,435] {logging_mixin.py:104} INFO - pikachu_333.png
[2022-01-25 11:37:35,436] {logging_mixin.py:104} INFO - pikachu_334.jpeg
[2022-01-25 11:37:35,437] {logging_mixin.py:104} INFO - pikachu_335.jpeg
[2022-01-25 11:37:35,438] {logging_mixin.py:104} INFO - pikachu_336.jpeg
[2022-01-25 11:37:35,438] {logging_mixin.py:104} INFO - pikachu_337.jpeg
[2022-01-25 11:37:35,439] {logging_mixin.py:104} INFO - pikachu_338.jpeg
[2022-01-25 11:37:35,439] {logging_mixin.py:104} INFO - pikachu_339.jpeg
[2022-01-25 11:37:35,439] {logging_mixin.py:104} INFO - pikachu_34.jpeg
[2022-01-25 11:37:35,440] {logging_mixin.py:104} INFO - pikachu_34.png
[2022-01-25 11:37:35,441] {logging_mixin.py:104} INFO - pikachu_340.jpeg
[2022-01-25 11:37:35,441] {logging_mixin.py:104} INFO - pikachu_340.png
[2022-01-25 11:37:35,442] {logging_mixin.py:104} INFO - pikachu_341.jpeg
[2022-01-25 11:37:35,442] {logging_mixin.py:104} INFO - pikachu_342.jpeg
[2022-01-25 11:37:35,443] {logging_mixin.py:104} INFO - pikachu_343.jpeg
[2022-01-25 11:37:35,443] {logging_mixin.py:104} INFO - pikachu_344.jpeg
[2022-01-25 11:37:35,444] {logging_mixin.py:104} INFO - pikachu_345.jpeg
[2022-01-25 11:37:35,445] {logging_mixin.py:104} INFO - pikachu_346.jpeg
[2022-01-25 11:37:35,446] {logging_mixin.py:104} INFO - pikachu_347.jpeg
[2022-01-25 11:37:35,446] {logging_mixin.py:104} INFO - pikachu_348.jpeg
[2022-01-25 11:37:35,447] {logging_mixin.py:104} INFO - pikachu_349.jpeg
[2022-01-25 11:37:35,447] {logging_mixin.py:104} INFO - pikachu_35.jpeg
[2022-01-25 11:37:35,448] {logging_mixin.py:104} INFO - pikachu_35.png
[2022-01-25 11:37:35,449] {logging_mixin.py:104} INFO - pikachu_350.jpeg
[2022-01-25 11:37:35,449] {logging_mixin.py:104} INFO - pikachu_351.jpeg
[2022-01-25 11:37:35,450] {logging_mixin.py:104} INFO - pikachu_352.jpeg
[2022-01-25 11:37:35,451] {logging_mixin.py:104} INFO - pikachu_353.jpeg
[2022-01-25 11:37:35,452] {logging_mixin.py:104} INFO - pikachu_354.jpeg
[2022-01-25 11:37:35,452] {logging_mixin.py:104} INFO - pikachu_355.jpeg
[2022-01-25 11:37:35,453] {logging_mixin.py:104} INFO - pikachu_356.jpeg
[2022-01-25 11:37:35,454] {logging_mixin.py:104} INFO - pikachu_357.jpeg
[2022-01-25 11:37:35,454] {logging_mixin.py:104} INFO - pikachu_358.jpeg
[2022-01-25 11:37:35,455] {logging_mixin.py:104} INFO - pikachu_359.jpeg
[2022-01-25 11:37:35,455] {logging_mixin.py:104} INFO - pikachu_36.jpeg
[2022-01-25 11:37:35,456] {logging_mixin.py:104} INFO - pikachu_360.jpeg
[2022-01-25 11:37:35,457] {logging_mixin.py:104} INFO - pikachu_361.jpeg
[2022-01-25 11:37:35,457] {logging_mixin.py:104} INFO - pikachu_362.jpeg
[2022-01-25 11:37:35,458] {logging_mixin.py:104} INFO - pikachu_362.png
[2022-01-25 11:37:35,458] {logging_mixin.py:104} INFO - pikachu_363.jpeg
[2022-01-25 11:37:35,459] {logging_mixin.py:104} INFO - pikachu_363.png
[2022-01-25 11:37:35,460] {logging_mixin.py:104} INFO - pikachu_364.jpeg
[2022-01-25 11:37:35,461] {logging_mixin.py:104} INFO - pikachu_365.jpeg
[2022-01-25 11:37:35,461] {logging_mixin.py:104} INFO - pikachu_365.png
[2022-01-25 11:37:35,462] {logging_mixin.py:104} INFO - pikachu_366.jpeg
[2022-01-25 11:37:35,462] {logging_mixin.py:104} INFO - pikachu_366.png
[2022-01-25 11:37:35,463] {logging_mixin.py:104} INFO - pikachu_367.jpeg
[2022-01-25 11:37:35,463] {logging_mixin.py:104} INFO - pikachu_368.jpeg
[2022-01-25 11:37:35,464] {logging_mixin.py:104} INFO - pikachu_369.jpeg
[2022-01-25 11:37:35,464] {logging_mixin.py:104} INFO - pikachu_37.jpeg
[2022-01-25 11:37:35,465] {logging_mixin.py:104} INFO - pikachu_370.jpeg
[2022-01-25 11:37:35,466] {logging_mixin.py:104} INFO - pikachu_371.jpeg
[2022-01-25 11:37:35,466] {logging_mixin.py:104} INFO - pikachu_372.jpeg
[2022-01-25 11:37:35,467] {logging_mixin.py:104} INFO - pikachu_373.jpeg
[2022-01-25 11:37:35,468] {logging_mixin.py:104} INFO - pikachu_373.png
[2022-01-25 11:37:35,469] {logging_mixin.py:104} INFO - pikachu_374.jpeg
[2022-01-25 11:37:35,470] {logging_mixin.py:104} INFO - pikachu_374.png
[2022-01-25 11:37:35,470] {logging_mixin.py:104} INFO - pikachu_375.jpeg
[2022-01-25 11:37:35,471] {logging_mixin.py:104} INFO - pikachu_376.jpeg
[2022-01-25 11:37:35,472] {logging_mixin.py:104} INFO - pikachu_377.jpeg
[2022-01-25 11:37:35,472] {logging_mixin.py:104} INFO - pikachu_378.jpeg
[2022-01-25 11:37:35,473] {logging_mixin.py:104} INFO - pikachu_379.jpeg
[2022-01-25 11:37:35,473] {logging_mixin.py:104} INFO - pikachu_38.jpeg
[2022-01-25 11:37:35,474] {logging_mixin.py:104} INFO - pikachu_380.jpeg
[2022-01-25 11:37:35,475] {logging_mixin.py:104} INFO - pikachu_381.jpeg
[2022-01-25 11:37:35,475] {logging_mixin.py:104} INFO - pikachu_382.jpeg
[2022-01-25 11:37:35,476] {logging_mixin.py:104} INFO - pikachu_383.jpeg
[2022-01-25 11:37:35,476] {logging_mixin.py:104} INFO - pikachu_384.jpeg
[2022-01-25 11:37:35,477] {logging_mixin.py:104} INFO - pikachu_385.jpeg
[2022-01-25 11:37:35,478] {logging_mixin.py:104} INFO - pikachu_386.jpeg
[2022-01-25 11:37:35,479] {logging_mixin.py:104} INFO - pikachu_387.jpeg
[2022-01-25 11:37:35,480] {logging_mixin.py:104} INFO - pikachu_388.jpeg
[2022-01-25 11:37:35,481] {logging_mixin.py:104} INFO - pikachu_389.jpeg
[2022-01-25 11:37:35,482] {logging_mixin.py:104} INFO - pikachu_389.png
[2022-01-25 11:37:35,483] {logging_mixin.py:104} INFO - pikachu_39.jpeg
[2022-01-25 11:37:35,484] {logging_mixin.py:104} INFO - pikachu_390.jpeg
[2022-01-25 11:37:35,485] {logging_mixin.py:104} INFO - pikachu_391.jpeg
[2022-01-25 11:37:35,486] {logging_mixin.py:104} INFO - pikachu_391.png
[2022-01-25 11:37:35,487] {logging_mixin.py:104} INFO - pikachu_392.jpeg
[2022-01-25 11:37:35,487] {logging_mixin.py:104} INFO - pikachu_393.jpeg
[2022-01-25 11:37:35,488] {logging_mixin.py:104} INFO - pikachu_394.jpeg
[2022-01-25 11:37:35,488] {logging_mixin.py:104} INFO - pikachu_395.jpeg
[2022-01-25 11:37:35,489] {logging_mixin.py:104} INFO - pikachu_396.jpeg
[2022-01-25 11:37:35,489] {logging_mixin.py:104} INFO - pikachu_397.jpeg
[2022-01-25 11:37:35,490] {logging_mixin.py:104} INFO - pikachu_398.jpeg
[2022-01-25 11:37:35,491] {logging_mixin.py:104} INFO - pikachu_399.jpeg
[2022-01-25 11:37:35,492] {logging_mixin.py:104} INFO - pikachu_4.jpeg
[2022-01-25 11:37:35,492] {logging_mixin.py:104} INFO - pikachu_4.png
[2022-01-25 11:37:35,493] {logging_mixin.py:104} INFO - pikachu_40.jpeg
[2022-01-25 11:37:35,493] {logging_mixin.py:104} INFO - pikachu_400.jpeg
[2022-01-25 11:37:35,494] {logging_mixin.py:104} INFO - pikachu_401.jpeg
[2022-01-25 11:37:35,495] {logging_mixin.py:104} INFO - pikachu_402.jpeg
[2022-01-25 11:37:35,496] {logging_mixin.py:104} INFO - pikachu_403.jpeg
[2022-01-25 11:37:35,496] {logging_mixin.py:104} INFO - pikachu_404.jpeg
[2022-01-25 11:37:35,497] {logging_mixin.py:104} INFO - pikachu_405.jpeg
[2022-01-25 11:37:35,497] {logging_mixin.py:104} INFO - pikachu_406.jpeg
[2022-01-25 11:37:35,498] {logging_mixin.py:104} INFO - pikachu_407.jpeg
[2022-01-25 11:37:35,498] {logging_mixin.py:104} INFO - pikachu_408.jpeg
[2022-01-25 11:37:35,499] {logging_mixin.py:104} INFO - pikachu_409.jpeg
[2022-01-25 11:37:35,499] {logging_mixin.py:104} INFO - pikachu_41.jpeg
[2022-01-25 11:37:35,500] {logging_mixin.py:104} INFO - pikachu_410.jpeg
[2022-01-25 11:37:35,501] {logging_mixin.py:104} INFO - pikachu_410.png
[2022-01-25 11:37:35,501] {logging_mixin.py:104} INFO - pikachu_411.jpeg
[2022-01-25 11:37:35,502] {logging_mixin.py:104} INFO - pikachu_412.jpeg
[2022-01-25 11:37:35,502] {logging_mixin.py:104} INFO - pikachu_412.png
[2022-01-25 11:37:35,503] {logging_mixin.py:104} INFO - pikachu_413.jpeg
[2022-01-25 11:37:35,504] {logging_mixin.py:104} INFO - pikachu_414.jpeg
[2022-01-25 11:37:35,504] {logging_mixin.py:104} INFO - pikachu_415.jpeg
[2022-01-25 11:37:35,505] {logging_mixin.py:104} INFO - pikachu_416.jpeg
[2022-01-25 11:37:35,505] {logging_mixin.py:104} INFO - pikachu_42.jpeg
[2022-01-25 11:37:35,506] {logging_mixin.py:104} INFO - pikachu_43.jpeg
[2022-01-25 11:37:35,506] {logging_mixin.py:104} INFO - pikachu_44.jpeg
[2022-01-25 11:37:35,507] {logging_mixin.py:104} INFO - pikachu_45.jpeg
[2022-01-25 11:37:35,508] {logging_mixin.py:104} INFO - pikachu_45.png
[2022-01-25 11:37:35,509] {logging_mixin.py:104} INFO - pikachu_46.jpeg
[2022-01-25 11:37:35,513] {logging_mixin.py:104} INFO - pikachu_47.jpeg
[2022-01-25 11:37:35,513] {logging_mixin.py:104} INFO - pikachu_47.png
[2022-01-25 11:37:35,514] {logging_mixin.py:104} INFO - pikachu_48.jpeg
[2022-01-25 11:37:35,516] {logging_mixin.py:104} INFO - pikachu_48.png
[2022-01-25 11:37:35,517] {logging_mixin.py:104} INFO - pikachu_49.jpeg
[2022-01-25 11:37:35,518] {logging_mixin.py:104} INFO - pikachu_5.jpeg
[2022-01-25 11:37:35,518] {logging_mixin.py:104} INFO - pikachu_5.png
[2022-01-25 11:37:35,520] {logging_mixin.py:104} INFO - pikachu_50.jpeg
[2022-01-25 11:37:35,522] {logging_mixin.py:104} INFO - pikachu_50.png
[2022-01-25 11:37:35,524] {logging_mixin.py:104} INFO - pikachu_51.jpeg
[2022-01-25 11:37:35,525] {logging_mixin.py:104} INFO - pikachu_51.png
[2022-01-25 11:37:35,529] {logging_mixin.py:104} INFO - pikachu_52.jpeg
[2022-01-25 11:37:35,530] {logging_mixin.py:104} INFO - pikachu_52.png
[2022-01-25 11:37:35,531] {logging_mixin.py:104} INFO - pikachu_53.jpeg
[2022-01-25 11:37:35,531] {logging_mixin.py:104} INFO - pikachu_53.png
[2022-01-25 11:37:35,539] {logging_mixin.py:104} INFO - pikachu_54.jpeg
[2022-01-25 11:37:35,540] {logging_mixin.py:104} INFO - pikachu_54.png
[2022-01-25 11:37:35,541] {logging_mixin.py:104} INFO - pikachu_55.jpeg
[2022-01-25 11:37:35,543] {logging_mixin.py:104} INFO - pikachu_55.png
[2022-01-25 11:37:35,545] {logging_mixin.py:104} INFO - pikachu_56.jpeg
[2022-01-25 11:37:35,546] {logging_mixin.py:104} INFO - pikachu_56.png
[2022-01-25 11:37:35,546] {logging_mixin.py:104} INFO - pikachu_57.jpeg
[2022-01-25 11:37:35,547] {logging_mixin.py:104} INFO - pikachu_58.jpeg
[2022-01-25 11:37:35,548] {logging_mixin.py:104} INFO - pikachu_59.jpeg
[2022-01-25 11:37:35,548] {logging_mixin.py:104} INFO - pikachu_59.png
[2022-01-25 11:37:35,549] {logging_mixin.py:104} INFO - pikachu_6.jpeg
[2022-01-25 11:37:35,549] {logging_mixin.py:104} INFO - pikachu_60.jpeg
[2022-01-25 11:37:35,550] {logging_mixin.py:104} INFO - pikachu_60.png
[2022-01-25 11:37:35,551] {logging_mixin.py:104} INFO - pikachu_61.jpeg
[2022-01-25 11:37:35,551] {logging_mixin.py:104} INFO - pikachu_61.png
[2022-01-25 11:37:35,552] {logging_mixin.py:104} INFO - pikachu_62.jpeg
[2022-01-25 11:37:35,554] {logging_mixin.py:104} INFO - pikachu_63.jpeg
[2022-01-25 11:37:35,555] {logging_mixin.py:104} INFO - pikachu_64.jpeg
[2022-01-25 11:37:35,556] {logging_mixin.py:104} INFO - pikachu_65.jpeg
[2022-01-25 11:37:35,557] {logging_mixin.py:104} INFO - pikachu_66.jpeg
[2022-01-25 11:37:35,559] {logging_mixin.py:104} INFO - pikachu_67.jpeg
[2022-01-25 11:37:35,561] {logging_mixin.py:104} INFO - pikachu_68.jpeg
[2022-01-25 11:37:35,562] {logging_mixin.py:104} INFO - pikachu_69.jpeg
[2022-01-25 11:37:35,562] {logging_mixin.py:104} INFO - pikachu_7.png
[2022-01-25 11:37:35,563] {logging_mixin.py:104} INFO - pikachu_70.jpeg
[2022-01-25 11:37:35,566] {logging_mixin.py:104} INFO - pikachu_71.jpeg
[2022-01-25 11:37:35,573] {logging_mixin.py:104} INFO - pikachu_72.jpeg
[2022-01-25 11:37:35,573] {logging_mixin.py:104} INFO - pikachu_72.png
[2022-01-25 11:37:35,575] {logging_mixin.py:104} INFO - pikachu_73.jpeg
[2022-01-25 11:37:35,576] {logging_mixin.py:104} INFO - pikachu_73.png
[2022-01-25 11:37:35,576] {logging_mixin.py:104} INFO - pikachu_74.jpeg
[2022-01-25 11:37:35,577] {logging_mixin.py:104} INFO - pikachu_74.png
[2022-01-25 11:37:35,577] {logging_mixin.py:104} INFO - pikachu_75.jpeg
[2022-01-25 11:37:35,579] {logging_mixin.py:104} INFO - pikachu_76.jpeg
[2022-01-25 11:37:35,580] {logging_mixin.py:104} INFO - pikachu_76.png
[2022-01-25 11:37:35,580] {logging_mixin.py:104} INFO - pikachu_77.jpeg
[2022-01-25 11:37:35,581] {logging_mixin.py:104} INFO - pikachu_77.png
[2022-01-25 11:37:35,583] {logging_mixin.py:104} INFO - pikachu_78.jpeg
[2022-01-25 11:37:35,584] {logging_mixin.py:104} INFO - pikachu_78.png
[2022-01-25 11:37:35,587] {logging_mixin.py:104} INFO - pikachu_79.jpeg
[2022-01-25 11:37:35,589] {logging_mixin.py:104} INFO - pikachu_8.jpeg
[2022-01-25 11:37:35,590] {logging_mixin.py:104} INFO - pikachu_8.png
[2022-01-25 11:37:35,592] {logging_mixin.py:104} INFO - pikachu_80.jpeg
[2022-01-25 11:37:35,593] {logging_mixin.py:104} INFO - pikachu_81.jpeg
[2022-01-25 11:37:35,593] {logging_mixin.py:104} INFO - pikachu_82.jpeg
[2022-01-25 11:37:35,594] {logging_mixin.py:104} INFO - pikachu_83.jpeg
[2022-01-25 11:37:35,595] {logging_mixin.py:104} INFO - pikachu_83.png
[2022-01-25 11:37:35,596] {logging_mixin.py:104} INFO - pikachu_84.jpeg
[2022-01-25 11:37:35,596] {logging_mixin.py:104} INFO - pikachu_84.png
[2022-01-25 11:37:35,597] {logging_mixin.py:104} INFO - pikachu_85.jpeg
[2022-01-25 11:37:35,598] {logging_mixin.py:104} INFO - pikachu_85.png
[2022-01-25 11:37:35,599] {logging_mixin.py:104} INFO - pikachu_86.jpeg
[2022-01-25 11:37:35,601] {logging_mixin.py:104} INFO - pikachu_87.jpeg
[2022-01-25 11:37:35,604] {logging_mixin.py:104} INFO - pikachu_88.jpeg
[2022-01-25 11:37:35,605] {logging_mixin.py:104} INFO - pikachu_89.jpeg
[2022-01-25 11:37:35,605] {logging_mixin.py:104} INFO - pikachu_9.jpeg
[2022-01-25 11:37:35,606] {logging_mixin.py:104} INFO - pikachu_9.png
[2022-01-25 11:37:35,608] {logging_mixin.py:104} INFO - pikachu_90.jpeg
[2022-01-25 11:37:35,609] {logging_mixin.py:104} INFO - pikachu_90.png
[2022-01-25 11:37:35,609] {logging_mixin.py:104} INFO - pikachu_91.jpeg
[2022-01-25 11:37:35,610] {logging_mixin.py:104} INFO - pikachu_91.png
[2022-01-25 11:37:35,611] {logging_mixin.py:104} INFO - pikachu_92.jpeg
[2022-01-25 11:37:35,611] {logging_mixin.py:104} INFO - pikachu_92.png
[2022-01-25 11:37:35,612] {logging_mixin.py:104} INFO - pikachu_93.jpeg
[2022-01-25 11:37:35,613] {logging_mixin.py:104} INFO - pikachu_93.png
[2022-01-25 11:37:35,613] {logging_mixin.py:104} INFO - pikachu_94.jpeg
[2022-01-25 11:37:35,614] {logging_mixin.py:104} INFO - pikachu_94.png
[2022-01-25 11:37:35,614] {logging_mixin.py:104} INFO - pikachu_95.jpeg
[2022-01-25 11:37:35,615] {logging_mixin.py:104} INFO - pikachu_95.png
[2022-01-25 11:37:35,616] {logging_mixin.py:104} INFO - pikachu_96.jpeg
[2022-01-25 11:37:35,616] {logging_mixin.py:104} INFO - pikachu_96.png
[2022-01-25 11:37:35,618] {logging_mixin.py:104} INFO - pikachu_97.jpeg
[2022-01-25 11:37:35,621] {logging_mixin.py:104} INFO - pikachu_97.png
[2022-01-25 11:37:35,623] {logging_mixin.py:104} INFO - pikachu_98.jpeg
[2022-01-25 11:37:35,624] {logging_mixin.py:104} INFO - pikachu_98.png
[2022-01-25 11:37:35,624] {logging_mixin.py:104} INFO - pikachu_99.jpeg
[2022-01-25 11:37:35,626] {logging_mixin.py:104} INFO - --------------ti-----------------------
[2022-01-25 11:37:35,628] {logging_mixin.py:104} INFO - <TaskInstance: classification.check_data_exist 2022-01-25T11:32:24.583418+00:00 [running]>
[2022-01-25 11:37:35,630] {logging_mixin.py:104} INFO - ------------------------------
[2022-01-25 11:37:35,687] {python.py:118} INFO - Done. Returned value was: load_data
[2022-01-25 11:37:35,688] {skipmixin.py:124} INFO - Following branch load_data
[2022-01-25 11:37:35,709] {skipmixin.py:155} INFO - Skipping tasks []
[2022-01-25 11:37:35,866] {taskinstance.py:1166} INFO - Marking task as SUCCESS. dag_id=classification, task_id=check_data_exist, execution_date=20220125T113224, start_date=20220125T113733, end_date=20220125T113735
[2022-01-25 11:37:35,975] {taskinstance.py:1220} INFO - 1 downstream tasks scheduled from follow-on schedule check
[2022-01-25 11:37:36,003] {local_task_job.py:146} INFO - Task exited with return code 0
