[2022-01-25 10:25:03,185] {taskinstance.py:851} INFO - Dependencies all met for <TaskInstance: classification.load_data 2022-01-25T10:24:53.957718+00:00 [queued]>
[2022-01-25 10:25:03,207] {taskinstance.py:851} INFO - Dependencies all met for <TaskInstance: classification.load_data 2022-01-25T10:24:53.957718+00:00 [queued]>
[2022-01-25 10:25:03,207] {taskinstance.py:1042} INFO - 
--------------------------------------------------------------------------------
[2022-01-25 10:25:03,208] {taskinstance.py:1043} INFO - Starting attempt 1 of 2
[2022-01-25 10:25:03,208] {taskinstance.py:1044} INFO - 
--------------------------------------------------------------------------------
[2022-01-25 10:25:03,221] {taskinstance.py:1063} INFO - Executing <Task(PythonOperator): load_data> on 2022-01-25T10:24:53.957718+00:00
[2022-01-25 10:25:03,228] {standard_task_runner.py:52} INFO - Started process 11126 to run task
[2022-01-25 10:25:03,234] {standard_task_runner.py:76} INFO - Running: ['airflow', 'tasks', 'run', 'classification', 'load_data', '2022-01-25T10:24:53.957718+00:00', '--job-id', '66', '--pool', 'default_pool', '--raw', '--subdir', 'DAGS_FOLDER/classification.py', '--cfg-path', '/tmp/tmpuz35pete', '--error-file', '/tmp/tmpd4zu7zvm']
[2022-01-25 10:25:03,239] {standard_task_runner.py:77} INFO - Job 66: Subtask load_data
[2022-01-25 10:25:03,290] {logging_mixin.py:104} INFO - Running <TaskInstance: classification.load_data 2022-01-25T10:24:53.957718+00:00 [running]> on host 2dc98551bc76
[2022-01-25 10:25:03,340] {taskinstance.py:1257} INFO - Exporting the following env vars:
AIRFLOW_CTX_DAG_OWNER=airflow
AIRFLOW_CTX_DAG_ID=classification
AIRFLOW_CTX_TASK_ID=load_data
AIRFLOW_CTX_EXECUTION_DATE=2022-01-25T10:24:53.957718+00:00
AIRFLOW_CTX_DAG_RUN_ID=manual__2022-01-25T10:24:53.957718+00:00
[2022-01-25 10:25:14,681] {python.py:118} INFO - Done. Returned value was: None
[2022-01-25 10:25:14,697] {taskinstance.py:1166} INFO - Marking task as SUCCESS. dag_id=classification, task_id=load_data, execution_date=20220125T102453, start_date=20220125T102503, end_date=20220125T102514
[2022-01-25 10:25:14,735] {taskinstance.py:1220} INFO - 1 downstream tasks scheduled from follow-on schedule check
[2022-01-25 10:25:14,775] {local_task_job.py:146} INFO - Task exited with return code 0
