[2022-01-25 11:07:29,385] {taskinstance.py:851} INFO - Dependencies all met for <TaskInstance: classification.check_data_exist 2022-01-25T11:02:24.583418+00:00 [queued]>
[2022-01-25 11:07:29,399] {taskinstance.py:851} INFO - Dependencies all met for <TaskInstance: classification.check_data_exist 2022-01-25T11:02:24.583418+00:00 [queued]>
[2022-01-25 11:07:29,400] {taskinstance.py:1042} INFO - 
--------------------------------------------------------------------------------
[2022-01-25 11:07:29,400] {taskinstance.py:1043} INFO - Starting attempt 1 of 2
[2022-01-25 11:07:29,401] {taskinstance.py:1044} INFO - 
--------------------------------------------------------------------------------
[2022-01-25 11:07:29,417] {taskinstance.py:1063} INFO - Executing <Task(BranchPythonOperator): check_data_exist> on 2022-01-25T11:02:24.583418+00:00
[2022-01-25 11:07:29,424] {standard_task_runner.py:52} INFO - Started process 16828 to run task
[2022-01-25 11:07:29,429] {standard_task_runner.py:76} INFO - Running: ['airflow', 'tasks', 'run', 'classification', 'check_data_exist', '2022-01-25T11:02:24.583418+00:00', '--job-id', '113', '--pool', 'default_pool', '--raw', '--subdir', 'DAGS_FOLDER/classification.py', '--cfg-path', '/tmp/tmp9mok8utx', '--error-file', '/tmp/tmpm3g9a8lp']
[2022-01-25 11:07:29,434] {standard_task_runner.py:77} INFO - Job 113: Subtask check_data_exist
[2022-01-25 11:07:29,485] {logging_mixin.py:104} INFO - Running <TaskInstance: classification.check_data_exist 2022-01-25T11:02:24.583418+00:00 [running]> on host 54a54d544bf0
[2022-01-25 11:07:29,530] {taskinstance.py:1257} INFO - Exporting the following env vars:
AIRFLOW_CTX_DAG_OWNER=airflow
AIRFLOW_CTX_DAG_ID=classification
AIRFLOW_CTX_TASK_ID=check_data_exist
AIRFLOW_CTX_EXECUTION_DATE=2022-01-25T11:02:24.583418+00:00
AIRFLOW_CTX_DAG_RUN_ID=scheduled__2022-01-25T11:02:24.583418+00:00
[2022-01-25 11:07:29,615] {logging_mixin.py:104} INFO - pikachu_0.jpeg
[2022-01-25 11:07:29,616] {logging_mixin.py:104} INFO - pikachu_0.png
[2022-01-25 11:07:29,617] {logging_mixin.py:104} INFO - pikachu_1.jpeg
[2022-01-25 11:07:29,617] {logging_mixin.py:104} INFO - pikachu_1.png
[2022-01-25 11:07:29,618] {logging_mixin.py:104} INFO - pikachu_10.jpeg
[2022-01-25 11:07:29,618] {logging_mixin.py:104} INFO - pikachu_10.png
[2022-01-25 11:07:29,619] {logging_mixin.py:104} INFO - pikachu_100.jpeg
[2022-01-25 11:07:29,619] {logging_mixin.py:104} INFO - pikachu_101.jpeg
[2022-01-25 11:07:29,620] {logging_mixin.py:104} INFO - pikachu_102.jpeg
[2022-01-25 11:07:29,620] {logging_mixin.py:104} INFO - pikachu_103.jpeg
[2022-01-25 11:07:29,621] {logging_mixin.py:104} INFO - pikachu_104.jpeg
[2022-01-25 11:07:29,621] {logging_mixin.py:104} INFO - pikachu_105.jpeg
[2022-01-25 11:07:29,621] {logging_mixin.py:104} INFO - pikachu_106.jpeg
[2022-01-25 11:07:29,622] {logging_mixin.py:104} INFO - pikachu_107.jpeg
[2022-01-25 11:07:29,622] {logging_mixin.py:104} INFO - pikachu_108.jpeg
[2022-01-25 11:07:29,623] {logging_mixin.py:104} INFO - pikachu_109.jpeg
[2022-01-25 11:07:29,623] {logging_mixin.py:104} INFO - pikachu_11.jpeg
[2022-01-25 11:07:29,623] {logging_mixin.py:104} INFO - pikachu_110.jpeg
[2022-01-25 11:07:29,624] {logging_mixin.py:104} INFO - pikachu_111.jpeg
[2022-01-25 11:07:29,624] {logging_mixin.py:104} INFO - pikachu_112.jpeg
[2022-01-25 11:07:29,624] {logging_mixin.py:104} INFO - pikachu_113.jpeg
[2022-01-25 11:07:29,624] {logging_mixin.py:104} INFO - pikachu_114.jpeg
[2022-01-25 11:07:29,625] {logging_mixin.py:104} INFO - pikachu_115.jpeg
[2022-01-25 11:07:29,625] {logging_mixin.py:104} INFO - pikachu_116.jpeg
[2022-01-25 11:07:29,625] {logging_mixin.py:104} INFO - pikachu_117.jpeg
[2022-01-25 11:07:29,625] {logging_mixin.py:104} INFO - pikachu_118.jpeg
[2022-01-25 11:07:29,626] {logging_mixin.py:104} INFO - pikachu_119.jpeg
[2022-01-25 11:07:29,626] {logging_mixin.py:104} INFO - pikachu_12.jpeg
[2022-01-25 11:07:29,626] {logging_mixin.py:104} INFO - pikachu_120.jpeg
[2022-01-25 11:07:29,626] {logging_mixin.py:104} INFO - pikachu_122.jpeg
[2022-01-25 11:07:29,627] {logging_mixin.py:104} INFO - pikachu_123.jpeg
[2022-01-25 11:07:29,627] {logging_mixin.py:104} INFO - pikachu_124.jpeg
[2022-01-25 11:07:29,627] {logging_mixin.py:104} INFO - pikachu_125.jpeg
[2022-01-25 11:07:29,627] {logging_mixin.py:104} INFO - pikachu_126.jpeg
[2022-01-25 11:07:29,628] {logging_mixin.py:104} INFO - pikachu_127.jpeg
[2022-01-25 11:07:29,628] {logging_mixin.py:104} INFO - pikachu_128.jpeg
[2022-01-25 11:07:29,628] {logging_mixin.py:104} INFO - pikachu_129.jpeg
[2022-01-25 11:07:29,628] {logging_mixin.py:104} INFO - pikachu_13.jpeg
[2022-01-25 11:07:29,629] {logging_mixin.py:104} INFO - pikachu_130.jpeg
[2022-01-25 11:07:29,629] {logging_mixin.py:104} INFO - pikachu_131.jpeg
[2022-01-25 11:07:29,629] {logging_mixin.py:104} INFO - pikachu_132.png
[2022-01-25 11:07:29,629] {logging_mixin.py:104} INFO - pikachu_134.jpeg
[2022-01-25 11:07:29,629] {logging_mixin.py:104} INFO - pikachu_135.jpeg
[2022-01-25 11:07:29,630] {logging_mixin.py:104} INFO - pikachu_136.jpeg
[2022-01-25 11:07:29,630] {logging_mixin.py:104} INFO - pikachu_137.jpeg
[2022-01-25 11:07:29,630] {logging_mixin.py:104} INFO - pikachu_137.png
[2022-01-25 11:07:29,631] {logging_mixin.py:104} INFO - pikachu_138.jpeg
[2022-01-25 11:07:29,631] {logging_mixin.py:104} INFO - pikachu_138.png
[2022-01-25 11:07:29,631] {logging_mixin.py:104} INFO - pikachu_139.jpeg
[2022-01-25 11:07:29,631] {logging_mixin.py:104} INFO - pikachu_14.jpeg
[2022-01-25 11:07:29,632] {logging_mixin.py:104} INFO - pikachu_14.png
[2022-01-25 11:07:29,632] {logging_mixin.py:104} INFO - pikachu_140.jpeg
[2022-01-25 11:07:29,632] {logging_mixin.py:104} INFO - pikachu_141.png
[2022-01-25 11:07:29,632] {logging_mixin.py:104} INFO - pikachu_142.jpeg
[2022-01-25 11:07:29,633] {logging_mixin.py:104} INFO - pikachu_143.jpeg
[2022-01-25 11:07:29,633] {logging_mixin.py:104} INFO - pikachu_144.png
[2022-01-25 11:07:29,633] {logging_mixin.py:104} INFO - pikachu_15.jpeg
[2022-01-25 11:07:29,633] {logging_mixin.py:104} INFO - pikachu_15.png
[2022-01-25 11:07:29,634] {logging_mixin.py:104} INFO - pikachu_16.jpeg
[2022-01-25 11:07:29,634] {logging_mixin.py:104} INFO - pikachu_16.png
[2022-01-25 11:07:29,634] {logging_mixin.py:104} INFO - pikachu_17.jpeg
[2022-01-25 11:07:29,634] {logging_mixin.py:104} INFO - pikachu_17.png
[2022-01-25 11:07:29,635] {logging_mixin.py:104} INFO - pikachu_18.jpeg
[2022-01-25 11:07:29,635] {logging_mixin.py:104} INFO - pikachu_18.png
[2022-01-25 11:07:29,635] {logging_mixin.py:104} INFO - pikachu_19.jpeg
[2022-01-25 11:07:29,635] {logging_mixin.py:104} INFO - pikachu_19.png
[2022-01-25 11:07:29,636] {logging_mixin.py:104} INFO - pikachu_2.png
[2022-01-25 11:07:29,636] {logging_mixin.py:104} INFO - pikachu_20.png
[2022-01-25 11:07:29,637] {logging_mixin.py:104} INFO - pikachu_21.jpeg
[2022-01-25 11:07:29,637] {logging_mixin.py:104} INFO - pikachu_21.png
[2022-01-25 11:07:29,637] {logging_mixin.py:104} INFO - pikachu_22.jpeg
[2022-01-25 11:07:29,637] {logging_mixin.py:104} INFO - pikachu_23.jpeg
[2022-01-25 11:07:29,638] {logging_mixin.py:104} INFO - pikachu_24.jpeg
[2022-01-25 11:07:29,638] {logging_mixin.py:104} INFO - pikachu_25.jpeg
[2022-01-25 11:07:29,638] {logging_mixin.py:104} INFO - pikachu_25.png
[2022-01-25 11:07:29,638] {logging_mixin.py:104} INFO - pikachu_26.png
[2022-01-25 11:07:29,639] {logging_mixin.py:104} INFO - pikachu_27.png
[2022-01-25 11:07:29,639] {logging_mixin.py:104} INFO - pikachu_28.png
[2022-01-25 11:07:29,639] {logging_mixin.py:104} INFO - pikachu_29.jpeg
[2022-01-25 11:07:29,639] {logging_mixin.py:104} INFO - pikachu_29.png
[2022-01-25 11:07:29,640] {logging_mixin.py:104} INFO - pikachu_3.png
[2022-01-25 11:07:29,640] {logging_mixin.py:104} INFO - pikachu_30.jpeg
[2022-01-25 11:07:29,640] {logging_mixin.py:104} INFO - pikachu_31.jpeg
[2022-01-25 11:07:29,640] {logging_mixin.py:104} INFO - pikachu_32.jpeg
[2022-01-25 11:07:29,641] {logging_mixin.py:104} INFO - pikachu_32.png
[2022-01-25 11:07:29,641] {logging_mixin.py:104} INFO - pikachu_33.jpeg
[2022-01-25 11:07:29,641] {logging_mixin.py:104} INFO - pikachu_33.png
[2022-01-25 11:07:29,641] {logging_mixin.py:104} INFO - pikachu_34.jpeg
[2022-01-25 11:07:29,642] {logging_mixin.py:104} INFO - pikachu_34.png
[2022-01-25 11:07:29,642] {logging_mixin.py:104} INFO - pikachu_35.jpeg
[2022-01-25 11:07:29,642] {logging_mixin.py:104} INFO - pikachu_35.png
[2022-01-25 11:07:29,642] {logging_mixin.py:104} INFO - pikachu_36.jpeg
[2022-01-25 11:07:29,643] {logging_mixin.py:104} INFO - pikachu_37.jpeg
[2022-01-25 11:07:29,643] {logging_mixin.py:104} INFO - pikachu_38.jpeg
[2022-01-25 11:07:29,643] {logging_mixin.py:104} INFO - pikachu_39.jpeg
[2022-01-25 11:07:29,643] {logging_mixin.py:104} INFO - pikachu_4.jpeg
[2022-01-25 11:07:29,644] {logging_mixin.py:104} INFO - pikachu_4.png
[2022-01-25 11:07:29,644] {logging_mixin.py:104} INFO - pikachu_40.jpeg
[2022-01-25 11:07:29,644] {logging_mixin.py:104} INFO - pikachu_41.jpeg
[2022-01-25 11:07:29,644] {logging_mixin.py:104} INFO - pikachu_42.jpeg
[2022-01-25 11:07:29,645] {logging_mixin.py:104} INFO - pikachu_43.jpeg
[2022-01-25 11:07:29,645] {logging_mixin.py:104} INFO - pikachu_44.jpeg
[2022-01-25 11:07:29,645] {logging_mixin.py:104} INFO - pikachu_45.jpeg
[2022-01-25 11:07:29,645] {logging_mixin.py:104} INFO - pikachu_45.png
[2022-01-25 11:07:29,646] {logging_mixin.py:104} INFO - pikachu_46.jpeg
[2022-01-25 11:07:29,646] {logging_mixin.py:104} INFO - pikachu_47.jpeg
[2022-01-25 11:07:29,646] {logging_mixin.py:104} INFO - pikachu_47.png
[2022-01-25 11:07:29,646] {logging_mixin.py:104} INFO - pikachu_48.jpeg
[2022-01-25 11:07:29,647] {logging_mixin.py:104} INFO - pikachu_48.png
[2022-01-25 11:07:29,647] {logging_mixin.py:104} INFO - pikachu_49.jpeg
[2022-01-25 11:07:29,647] {logging_mixin.py:104} INFO - pikachu_5.jpeg
[2022-01-25 11:07:29,647] {logging_mixin.py:104} INFO - pikachu_5.png
[2022-01-25 11:07:29,647] {logging_mixin.py:104} INFO - pikachu_50.jpeg
[2022-01-25 11:07:29,648] {logging_mixin.py:104} INFO - pikachu_51.jpeg
[2022-01-25 11:07:29,648] {logging_mixin.py:104} INFO - pikachu_51.png
[2022-01-25 11:07:29,648] {logging_mixin.py:104} INFO - pikachu_52.jpeg
[2022-01-25 11:07:29,648] {logging_mixin.py:104} INFO - pikachu_52.png
[2022-01-25 11:07:29,649] {logging_mixin.py:104} INFO - pikachu_53.jpeg
[2022-01-25 11:07:29,649] {logging_mixin.py:104} INFO - pikachu_54.jpeg
[2022-01-25 11:07:29,649] {logging_mixin.py:104} INFO - pikachu_54.png
[2022-01-25 11:07:29,650] {logging_mixin.py:104} INFO - pikachu_55.png
[2022-01-25 11:07:29,650] {logging_mixin.py:104} INFO - pikachu_56.jpeg
[2022-01-25 11:07:29,650] {logging_mixin.py:104} INFO - pikachu_56.png
[2022-01-25 11:07:29,650] {logging_mixin.py:104} INFO - pikachu_57.jpeg
[2022-01-25 11:07:29,651] {logging_mixin.py:104} INFO - pikachu_58.jpeg
[2022-01-25 11:07:29,651] {logging_mixin.py:104} INFO - pikachu_59.jpeg
[2022-01-25 11:07:29,651] {logging_mixin.py:104} INFO - pikachu_6.jpeg
[2022-01-25 11:07:29,652] {logging_mixin.py:104} INFO - pikachu_60.jpeg
[2022-01-25 11:07:29,652] {logging_mixin.py:104} INFO - pikachu_60.png
[2022-01-25 11:07:29,652] {logging_mixin.py:104} INFO - pikachu_61.jpeg
[2022-01-25 11:07:29,652] {logging_mixin.py:104} INFO - pikachu_61.png
[2022-01-25 11:07:29,652] {logging_mixin.py:104} INFO - pikachu_62.jpeg
[2022-01-25 11:07:29,653] {logging_mixin.py:104} INFO - pikachu_63.jpeg
[2022-01-25 11:07:29,653] {logging_mixin.py:104} INFO - pikachu_64.jpeg
[2022-01-25 11:07:29,653] {logging_mixin.py:104} INFO - pikachu_65.jpeg
[2022-01-25 11:07:29,653] {logging_mixin.py:104} INFO - pikachu_66.jpeg
[2022-01-25 11:07:29,654] {logging_mixin.py:104} INFO - pikachu_67.jpeg
[2022-01-25 11:07:29,654] {logging_mixin.py:104} INFO - pikachu_68.jpeg
[2022-01-25 11:07:29,654] {logging_mixin.py:104} INFO - pikachu_69.jpeg
[2022-01-25 11:07:29,654] {logging_mixin.py:104} INFO - pikachu_7.png
[2022-01-25 11:07:29,655] {logging_mixin.py:104} INFO - pikachu_70.jpeg
[2022-01-25 11:07:29,655] {logging_mixin.py:104} INFO - pikachu_71.jpeg
[2022-01-25 11:07:29,655] {logging_mixin.py:104} INFO - pikachu_72.jpeg
[2022-01-25 11:07:29,655] {logging_mixin.py:104} INFO - pikachu_73.jpeg
[2022-01-25 11:07:29,656] {logging_mixin.py:104} INFO - pikachu_73.png
[2022-01-25 11:07:29,656] {logging_mixin.py:104} INFO - pikachu_74.jpeg
[2022-01-25 11:07:29,656] {logging_mixin.py:104} INFO - pikachu_74.png
[2022-01-25 11:07:29,656] {logging_mixin.py:104} INFO - pikachu_75.jpeg
[2022-01-25 11:07:29,657] {logging_mixin.py:104} INFO - pikachu_76.jpeg
[2022-01-25 11:07:29,657] {logging_mixin.py:104} INFO - pikachu_77.jpeg
[2022-01-25 11:07:29,657] {logging_mixin.py:104} INFO - pikachu_77.png
[2022-01-25 11:07:29,657] {logging_mixin.py:104} INFO - pikachu_78.jpeg
[2022-01-25 11:07:29,658] {logging_mixin.py:104} INFO - pikachu_78.png
[2022-01-25 11:07:29,658] {logging_mixin.py:104} INFO - pikachu_79.jpeg
[2022-01-25 11:07:29,658] {logging_mixin.py:104} INFO - pikachu_8.jpeg
[2022-01-25 11:07:29,658] {logging_mixin.py:104} INFO - pikachu_8.png
[2022-01-25 11:07:29,659] {logging_mixin.py:104} INFO - pikachu_80.jpeg
[2022-01-25 11:07:29,659] {logging_mixin.py:104} INFO - pikachu_81.jpeg
[2022-01-25 11:07:29,659] {logging_mixin.py:104} INFO - pikachu_82.jpeg
[2022-01-25 11:07:29,660] {logging_mixin.py:104} INFO - pikachu_83.jpeg
[2022-01-25 11:07:29,660] {logging_mixin.py:104} INFO - pikachu_84.jpeg
[2022-01-25 11:07:29,660] {logging_mixin.py:104} INFO - pikachu_84.png
[2022-01-25 11:07:29,660] {logging_mixin.py:104} INFO - pikachu_85.png
[2022-01-25 11:07:29,661] {logging_mixin.py:104} INFO - pikachu_86.jpeg
[2022-01-25 11:07:29,661] {logging_mixin.py:104} INFO - pikachu_87.jpeg
[2022-01-25 11:07:29,661] {logging_mixin.py:104} INFO - pikachu_88.jpeg
[2022-01-25 11:07:29,661] {logging_mixin.py:104} INFO - pikachu_89.jpeg
[2022-01-25 11:07:29,662] {logging_mixin.py:104} INFO - pikachu_9.jpeg
[2022-01-25 11:07:29,662] {logging_mixin.py:104} INFO - pikachu_9.png
[2022-01-25 11:07:29,662] {logging_mixin.py:104} INFO - pikachu_90.jpeg
[2022-01-25 11:07:29,662] {logging_mixin.py:104} INFO - pikachu_91.jpeg
[2022-01-25 11:07:29,663] {logging_mixin.py:104} INFO - pikachu_91.png
[2022-01-25 11:07:29,663] {logging_mixin.py:104} INFO - pikachu_92.jpeg
[2022-01-25 11:07:29,663] {logging_mixin.py:104} INFO - pikachu_92.png
[2022-01-25 11:07:29,663] {logging_mixin.py:104} INFO - pikachu_93.jpeg
[2022-01-25 11:07:29,664] {logging_mixin.py:104} INFO - pikachu_93.png
[2022-01-25 11:07:29,664] {logging_mixin.py:104} INFO - pikachu_94.png
[2022-01-25 11:07:29,664] {logging_mixin.py:104} INFO - pikachu_95.jpeg
[2022-01-25 11:07:29,664] {logging_mixin.py:104} INFO - pikachu_96.jpeg
[2022-01-25 11:07:29,664] {logging_mixin.py:104} INFO - pikachu_96.png
[2022-01-25 11:07:29,665] {logging_mixin.py:104} INFO - pikachu_97.png
[2022-01-25 11:07:29,665] {logging_mixin.py:104} INFO - pikachu_98.jpeg
[2022-01-25 11:07:29,665] {logging_mixin.py:104} INFO - pikachu_98.png
[2022-01-25 11:07:29,665] {logging_mixin.py:104} INFO - pikachu_99.jpeg
[2022-01-25 11:07:29,666] {logging_mixin.py:104} INFO - --------------ti-----------------------
[2022-01-25 11:07:29,666] {logging_mixin.py:104} INFO - <TaskInstance: classification.check_data_exist 2022-01-25T11:02:24.583418+00:00 [running]>
[2022-01-25 11:07:29,666] {logging_mixin.py:104} INFO - ------------------------------
[2022-01-25 11:07:29,684] {python.py:118} INFO - Done. Returned value was: load_data
[2022-01-25 11:07:29,685] {skipmixin.py:124} INFO - Following branch load_data
[2022-01-25 11:07:29,693] {skipmixin.py:155} INFO - Skipping tasks []
[2022-01-25 11:07:29,746] {taskinstance.py:1166} INFO - Marking task as SUCCESS. dag_id=classification, task_id=check_data_exist, execution_date=20220125T110224, start_date=20220125T110729, end_date=20220125T110729
[2022-01-25 11:07:29,801] {taskinstance.py:1220} INFO - 1 downstream tasks scheduled from follow-on schedule check
[2022-01-25 11:07:29,841] {local_task_job.py:146} INFO - Task exited with return code 0
