[2022-01-26 04:28:30,006] {taskinstance.py:851} INFO - Dependencies all met for <TaskInstance: bing_image_download.bing_image_download 2022-01-26T04:28:22.359113+00:00 [queued]>
[2022-01-26 04:28:30,045] {taskinstance.py:851} INFO - Dependencies all met for <TaskInstance: bing_image_download.bing_image_download 2022-01-26T04:28:22.359113+00:00 [queued]>
[2022-01-26 04:28:30,047] {taskinstance.py:1042} INFO - 
--------------------------------------------------------------------------------
[2022-01-26 04:28:30,048] {taskinstance.py:1043} INFO - Starting attempt 1 of 2
[2022-01-26 04:28:30,050] {taskinstance.py:1044} INFO - 
--------------------------------------------------------------------------------
[2022-01-26 04:28:30,082] {taskinstance.py:1063} INFO - Executing <Task(PythonOperator): bing_image_download> on 2022-01-26T04:28:22.359113+00:00
[2022-01-26 04:28:30,089] {standard_task_runner.py:52} INFO - Started process 56 to run task
[2022-01-26 04:28:30,100] {standard_task_runner.py:76} INFO - Running: ['airflow', 'tasks', 'run', 'bing_image_download', 'bing_image_download', '2022-01-26T04:28:22.359113+00:00', '--job-id', '196', '--pool', 'default_pool', '--raw', '--subdir', 'DAGS_FOLDER/bing_image_download.py', '--cfg-path', '/tmp/tmpg61rp6m4', '--error-file', '/tmp/tmpvuma3ijv']
[2022-01-26 04:28:30,101] {standard_task_runner.py:77} INFO - Job 196: Subtask bing_image_download
[2022-01-26 04:28:30,264] {logging_mixin.py:104} INFO - Running <TaskInstance: bing_image_download.bing_image_download 2022-01-26T04:28:22.359113+00:00 [running]> on host 115f9a25dda0
[2022-01-26 04:28:30,346] {taskinstance.py:1257} INFO - Exporting the following env vars:
AIRFLOW_CTX_DAG_OWNER=airflow
AIRFLOW_CTX_DAG_ID=bing_image_download
AIRFLOW_CTX_TASK_ID=bing_image_download
AIRFLOW_CTX_EXECUTION_DATE=2022-01-26T04:28:22.359113+00:00
AIRFLOW_CTX_DAG_RUN_ID=manual__2022-01-26T04:28:22.359113+00:00
[2022-01-26 04:28:30,356] {logging_mixin.py:104} INFO - [INFO] searching Bing API for 'pikachu'
[2022-01-26 04:28:32,066] {logging_mixin.py:104} INFO - [INFO] 50 total results for 'pikachu'
[2022-01-26 04:28:32,067] {logging_mixin.py:104} INFO - [INFO] searching Bing API for 'bulbasaur'
[2022-01-26 04:28:32,718] {logging_mixin.py:104} INFO - [INFO] 50 total results for 'bulbasaur'
[2022-01-26 04:28:32,718] {logging_mixin.py:104} INFO - [INFO] searching Bing API for 'charmander'
[2022-01-26 04:28:33,355] {logging_mixin.py:104} INFO - [INFO] 50 total results for 'charmander'
[2022-01-26 04:28:33,356] {python.py:118} INFO - Done. Returned value was: None
[2022-01-26 04:28:33,373] {taskinstance.py:1166} INFO - Marking task as SUCCESS. dag_id=bing_image_download, task_id=bing_image_download, execution_date=20220126T042822, start_date=20220126T042830, end_date=20220126T042833
[2022-01-26 04:28:33,416] {taskinstance.py:1220} INFO - 1 downstream tasks scheduled from follow-on schedule check
[2022-01-26 04:28:33,444] {local_task_job.py:146} INFO - Task exited with return code 0
