[2021-12-24 11:58:07,835] {taskinstance.py:851} INFO - Dependencies all met for <TaskInstance: classification.save_result 2021-12-24T11:51:24.100575+00:00 [queued]>
[2021-12-24 11:58:07,875] {taskinstance.py:851} INFO - Dependencies all met for <TaskInstance: classification.save_result 2021-12-24T11:51:24.100575+00:00 [queued]>
[2021-12-24 11:58:07,876] {taskinstance.py:1042} INFO - 
--------------------------------------------------------------------------------
[2021-12-24 11:58:07,877] {taskinstance.py:1043} INFO - Starting attempt 1 of 2
[2021-12-24 11:58:07,877] {taskinstance.py:1044} INFO - 
--------------------------------------------------------------------------------
[2021-12-24 11:58:07,901] {taskinstance.py:1063} INFO - Executing <Task(PythonOperator): save_result> on 2021-12-24T11:51:24.100575+00:00
[2021-12-24 11:58:07,925] {standard_task_runner.py:52} INFO - Started process 1911 to run task
[2021-12-24 11:58:07,946] {standard_task_runner.py:76} INFO - Running: ['airflow', 'tasks', 'run', 'classification', 'save_result', '2021-12-24T11:51:24.100575+00:00', '--job-id', '169', '--pool', 'default_pool', '--raw', '--subdir', 'DAGS_FOLDER/classification.py', '--cfg-path', '/tmp/tmpt96r9uoa', '--error-file', '/tmp/tmpliaeqwkw']
[2021-12-24 11:58:07,964] {standard_task_runner.py:77} INFO - Job 169: Subtask save_result
[2021-12-24 11:58:08,145] {logging_mixin.py:104} INFO - Running <TaskInstance: classification.save_result 2021-12-24T11:51:24.100575+00:00 [running]> on host 0d76f33c6135
[2021-12-24 11:58:08,314] {taskinstance.py:1257} INFO - Exporting the following env vars:
AIRFLOW_CTX_DAG_OWNER=airflow
AIRFLOW_CTX_DAG_ID=classification
AIRFLOW_CTX_TASK_ID=save_result
AIRFLOW_CTX_EXECUTION_DATE=2021-12-24T11:51:24.100575+00:00
AIRFLOW_CTX_DAG_RUN_ID=scheduled__2021-12-24T11:51:24.100575+00:00
[2021-12-24 11:58:09,487] {logging_mixin.py:104} INFO - hello
[2021-12-24 11:59:00,791] {python.py:118} INFO - Done. Returned value was: None
[2021-12-24 11:59:00,920] {taskinstance.py:1166} INFO - Marking task as SUCCESS. dag_id=classification, task_id=save_result, execution_date=20211224T115124, start_date=20211224T115807, end_date=20211224T115900
[2021-12-24 11:59:01,235] {taskinstance.py:1220} INFO - 1 downstream tasks scheduled from follow-on schedule check
[2021-12-24 11:59:01,328] {local_task_job.py:146} INFO - Task exited with return code 0
