[2022-01-25 10:36:58,873] {taskinstance.py:851} INFO - Dependencies all met for <TaskInstance: classification.check_data_exist 2022-01-25T10:31:48.750564+00:00 [queued]>
[2022-01-25 10:36:58,943] {taskinstance.py:851} INFO - Dependencies all met for <TaskInstance: classification.check_data_exist 2022-01-25T10:31:48.750564+00:00 [queued]>
[2022-01-25 10:36:58,944] {taskinstance.py:1042} INFO - 
--------------------------------------------------------------------------------
[2022-01-25 10:36:58,944] {taskinstance.py:1043} INFO - Starting attempt 1 of 2
[2022-01-25 10:36:58,945] {taskinstance.py:1044} INFO - 
--------------------------------------------------------------------------------
[2022-01-25 10:36:58,961] {taskinstance.py:1063} INFO - Executing <Task(BranchPythonOperator): check_data_exist> on 2022-01-25T10:31:48.750564+00:00
[2022-01-25 10:36:58,972] {standard_task_runner.py:52} INFO - Started process 40 to run task
[2022-01-25 10:36:58,981] {standard_task_runner.py:76} INFO - Running: ['airflow', 'tasks', 'run', 'classification', 'check_data_exist', '2022-01-25T10:31:48.750564+00:00', '--job-id', '83', '--pool', 'default_pool', '--raw', '--subdir', 'DAGS_FOLDER/classification.py', '--cfg-path', '/tmp/tmpzxnwzj_7', '--error-file', '/tmp/tmpzwae2ngo']
[2022-01-25 10:36:58,989] {standard_task_runner.py:77} INFO - Job 83: Subtask check_data_exist
[2022-01-25 10:36:59,085] {logging_mixin.py:104} INFO - Running <TaskInstance: classification.check_data_exist 2022-01-25T10:31:48.750564+00:00 [running]> on host 327d6291ad28
[2022-01-25 10:36:59,183] {taskinstance.py:1257} INFO - Exporting the following env vars:
AIRFLOW_CTX_DAG_OWNER=airflow
AIRFLOW_CTX_DAG_ID=classification
AIRFLOW_CTX_TASK_ID=check_data_exist
AIRFLOW_CTX_EXECUTION_DATE=2022-01-25T10:31:48.750564+00:00
AIRFLOW_CTX_DAG_RUN_ID=scheduled__2022-01-25T10:31:48.750564+00:00
[2022-01-25 10:36:59,669] {logging_mixin.py:104} INFO - pikachu_1000.jpeg
[2022-01-25 10:36:59,673] {logging_mixin.py:104} INFO - pikachu_1001.jpeg
[2022-01-25 10:36:59,674] {logging_mixin.py:104} INFO - pikachu_1002.jpeg
[2022-01-25 10:36:59,681] {logging_mixin.py:104} INFO - pikachu_1003.png
[2022-01-25 10:36:59,686] {logging_mixin.py:104} INFO - pikachu_1004.png
[2022-01-25 10:36:59,690] {logging_mixin.py:104} INFO - pikachu_1006.jpeg
[2022-01-25 10:36:59,702] {logging_mixin.py:104} INFO - pikachu_1007.png
[2022-01-25 10:36:59,704] {logging_mixin.py:104} INFO - pikachu_1008.jpeg
[2022-01-25 10:36:59,705] {logging_mixin.py:104} INFO - pikachu_1009.png
[2022-01-25 10:36:59,706] {logging_mixin.py:104} INFO - pikachu_1010.png
[2022-01-25 10:36:59,706] {logging_mixin.py:104} INFO - pikachu_1011.jpeg
[2022-01-25 10:36:59,707] {logging_mixin.py:104} INFO - pikachu_1012.jpeg
[2022-01-25 10:36:59,709] {logging_mixin.py:104} INFO - pikachu_1013.jpeg
[2022-01-25 10:36:59,709] {logging_mixin.py:104} INFO - pikachu_1014.jpeg
[2022-01-25 10:36:59,710] {logging_mixin.py:104} INFO - pikachu_1015.jpeg
[2022-01-25 10:36:59,710] {logging_mixin.py:104} INFO - pikachu_1016.jpeg
[2022-01-25 10:36:59,710] {logging_mixin.py:104} INFO - pikachu_1017.jpeg
[2022-01-25 10:36:59,711] {logging_mixin.py:104} INFO - pikachu_1018.jpeg
[2022-01-25 10:36:59,711] {logging_mixin.py:104} INFO - pikachu_1020.jpeg
[2022-01-25 10:36:59,712] {logging_mixin.py:104} INFO - pikachu_1021.png
[2022-01-25 10:36:59,712] {logging_mixin.py:104} INFO - pikachu_1022.jpeg
[2022-01-25 10:36:59,713] {logging_mixin.py:104} INFO - pikachu_1023.png
[2022-01-25 10:36:59,713] {logging_mixin.py:104} INFO - pikachu_1024.jpeg
[2022-01-25 10:36:59,714] {logging_mixin.py:104} INFO - pikachu_1025.jpeg
[2022-01-25 10:36:59,714] {logging_mixin.py:104} INFO - pikachu_1026.jpeg
[2022-01-25 10:36:59,715] {logging_mixin.py:104} INFO - pikachu_1027.jpeg
[2022-01-25 10:36:59,716] {logging_mixin.py:104} INFO - pikachu_1028.png
[2022-01-25 10:36:59,717] {logging_mixin.py:104} INFO - pikachu_1029.png
[2022-01-25 10:36:59,718] {logging_mixin.py:104} INFO - pikachu_1030.png
[2022-01-25 10:36:59,718] {logging_mixin.py:104} INFO - pikachu_1031.jpeg
[2022-01-25 10:36:59,719] {logging_mixin.py:104} INFO - pikachu_1032.jpeg
[2022-01-25 10:36:59,719] {logging_mixin.py:104} INFO - pikachu_1033.jpeg
[2022-01-25 10:36:59,720] {logging_mixin.py:104} INFO - pikachu_1034.png
[2022-01-25 10:36:59,721] {logging_mixin.py:104} INFO - pikachu_1035.jpeg
[2022-01-25 10:36:59,722] {logging_mixin.py:104} INFO - pikachu_1036.jpeg
[2022-01-25 10:36:59,723] {logging_mixin.py:104} INFO - pikachu_1037.jpeg
[2022-01-25 10:36:59,724] {logging_mixin.py:104} INFO - pikachu_1038.jpeg
[2022-01-25 10:36:59,724] {logging_mixin.py:104} INFO - pikachu_1040.jpeg
[2022-01-25 10:36:59,725] {logging_mixin.py:104} INFO - pikachu_1041.jpeg
[2022-01-25 10:36:59,725] {logging_mixin.py:104} INFO - pikachu_1042.jpeg
[2022-01-25 10:36:59,726] {logging_mixin.py:104} INFO - pikachu_1043.jpeg
[2022-01-25 10:36:59,726] {logging_mixin.py:104} INFO - pikachu_1044.jpeg
[2022-01-25 10:36:59,726] {logging_mixin.py:104} INFO - pikachu_1045.jpeg
[2022-01-25 10:36:59,727] {logging_mixin.py:104} INFO - pikachu_1046.jpeg
[2022-01-25 10:36:59,727] {logging_mixin.py:104} INFO - pikachu_1047.jpeg
[2022-01-25 10:36:59,728] {logging_mixin.py:104} INFO - pikachu_1048.jpeg
[2022-01-25 10:36:59,728] {logging_mixin.py:104} INFO - pikachu_1049.png
[2022-01-25 10:36:59,729] {logging_mixin.py:104} INFO - pikachu_1050.jpeg
[2022-01-25 10:36:59,730] {logging_mixin.py:104} INFO - pikachu_1051.jpeg
[2022-01-25 10:36:59,730] {logging_mixin.py:104} INFO - pikachu_1052.jpeg
[2022-01-25 10:36:59,731] {logging_mixin.py:104} INFO - pikachu_1053.jpeg
[2022-01-25 10:36:59,731] {logging_mixin.py:104} INFO - pikachu_1054.jpeg
[2022-01-25 10:36:59,732] {logging_mixin.py:104} INFO - pikachu_1055.png
[2022-01-25 10:36:59,733] {logging_mixin.py:104} INFO - pikachu_1056.jpeg
[2022-01-25 10:36:59,733] {logging_mixin.py:104} INFO - pikachu_1057.jpeg
[2022-01-25 10:36:59,734] {logging_mixin.py:104} INFO - pikachu_1058.jpeg
[2022-01-25 10:36:59,734] {logging_mixin.py:104} INFO - pikachu_1059.jpeg
[2022-01-25 10:36:59,735] {logging_mixin.py:104} INFO - pikachu_1060.jpeg
[2022-01-25 10:36:59,735] {logging_mixin.py:104} INFO - pikachu_1062.jpeg
[2022-01-25 10:36:59,736] {logging_mixin.py:104} INFO - pikachu_1063.jpeg
[2022-01-25 10:36:59,736] {logging_mixin.py:104} INFO - pikachu_1064.png
[2022-01-25 10:36:59,737] {logging_mixin.py:104} INFO - pikachu_1065.jpeg
[2022-01-25 10:36:59,739] {logging_mixin.py:104} INFO - pikachu_1066.jpeg
[2022-01-25 10:36:59,740] {logging_mixin.py:104} INFO - pikachu_1068.jpeg
[2022-01-25 10:36:59,744] {logging_mixin.py:104} INFO - pikachu_1069.png
[2022-01-25 10:36:59,753] {logging_mixin.py:104} INFO - pikachu_1070.jpeg
[2022-01-25 10:36:59,758] {logging_mixin.py:104} INFO - pikachu_1071.jpeg
[2022-01-25 10:36:59,759] {logging_mixin.py:104} INFO - pikachu_1072.png
[2022-01-25 10:36:59,760] {logging_mixin.py:104} INFO - pikachu_1073.png
[2022-01-25 10:36:59,761] {logging_mixin.py:104} INFO - pikachu_1074.png
[2022-01-25 10:36:59,761] {logging_mixin.py:104} INFO - pikachu_1075.png
[2022-01-25 10:36:59,761] {logging_mixin.py:104} INFO - pikachu_1076.jpeg
[2022-01-25 10:36:59,762] {logging_mixin.py:104} INFO - pikachu_1077.jpeg
[2022-01-25 10:36:59,762] {logging_mixin.py:104} INFO - pikachu_1078.jpeg
[2022-01-25 10:36:59,763] {logging_mixin.py:104} INFO - pikachu_1079.jpeg
[2022-01-25 10:36:59,765] {logging_mixin.py:104} INFO - pikachu_1080.jpeg
[2022-01-25 10:36:59,769] {logging_mixin.py:104} INFO - pikachu_1081.jpeg
[2022-01-25 10:36:59,770] {logging_mixin.py:104} INFO - pikachu_1082.jpeg
[2022-01-25 10:36:59,772] {logging_mixin.py:104} INFO - pikachu_1083.jpeg
[2022-01-25 10:36:59,774] {logging_mixin.py:104} INFO - pikachu_1084.jpeg
[2022-01-25 10:36:59,775] {logging_mixin.py:104} INFO - pikachu_1086.jpeg
[2022-01-25 10:36:59,775] {logging_mixin.py:104} INFO - pikachu_1087.jpeg
[2022-01-25 10:36:59,775] {logging_mixin.py:104} INFO - pikachu_1088.jpeg
[2022-01-25 10:36:59,776] {logging_mixin.py:104} INFO - pikachu_1089.jpeg
[2022-01-25 10:36:59,776] {logging_mixin.py:104} INFO - pikachu_1090.jpeg
[2022-01-25 10:36:59,777] {logging_mixin.py:104} INFO - pikachu_1091.jpeg
[2022-01-25 10:36:59,778] {logging_mixin.py:104} INFO - pikachu_1092.jpeg
[2022-01-25 10:36:59,778] {logging_mixin.py:104} INFO - pikachu_1093.jpeg
[2022-01-25 10:36:59,779] {logging_mixin.py:104} INFO - pikachu_1094.jpeg
[2022-01-25 10:36:59,779] {logging_mixin.py:104} INFO - pikachu_1095.jpeg
[2022-01-25 10:36:59,781] {logging_mixin.py:104} INFO - pikachu_1096.jpeg
[2022-01-25 10:36:59,782] {logging_mixin.py:104} INFO - pikachu_1097.jpeg
[2022-01-25 10:36:59,783] {logging_mixin.py:104} INFO - pikachu_1098.jpeg
[2022-01-25 10:36:59,784] {logging_mixin.py:104} INFO - pikachu_1099.jpeg
[2022-01-25 10:36:59,785] {logging_mixin.py:104} INFO - pikachu_1100.jpeg
[2022-01-25 10:36:59,785] {logging_mixin.py:104} INFO - pikachu_1102.jpeg
[2022-01-25 10:36:59,785] {logging_mixin.py:104} INFO - pikachu_1103.jpeg
[2022-01-25 10:36:59,786] {logging_mixin.py:104} INFO - pikachu_1104.jpeg
[2022-01-25 10:36:59,786] {logging_mixin.py:104} INFO - pikachu_1105.jpeg
[2022-01-25 10:36:59,787] {logging_mixin.py:104} INFO - pikachu_629.png
[2022-01-25 10:36:59,789] {logging_mixin.py:104} INFO - pikachu_630.jpeg
[2022-01-25 10:36:59,790] {logging_mixin.py:104} INFO - pikachu_631.jpeg
[2022-01-25 10:36:59,790] {logging_mixin.py:104} INFO - pikachu_633.jpeg
[2022-01-25 10:36:59,791] {logging_mixin.py:104} INFO - pikachu_634.jpeg
[2022-01-25 10:36:59,791] {logging_mixin.py:104} INFO - pikachu_635.jpeg
[2022-01-25 10:36:59,792] {logging_mixin.py:104} INFO - pikachu_636.jpeg
[2022-01-25 10:36:59,792] {logging_mixin.py:104} INFO - pikachu_637.jpeg
[2022-01-25 10:36:59,793] {logging_mixin.py:104} INFO - pikachu_638.jpeg
[2022-01-25 10:36:59,793] {logging_mixin.py:104} INFO - pikachu_639.jpeg
[2022-01-25 10:36:59,794] {logging_mixin.py:104} INFO - pikachu_640.jpeg
[2022-01-25 10:36:59,794] {logging_mixin.py:104} INFO - pikachu_641.jpeg
[2022-01-25 10:36:59,795] {logging_mixin.py:104} INFO - pikachu_642.jpeg
[2022-01-25 10:36:59,796] {logging_mixin.py:104} INFO - pikachu_643.jpeg
[2022-01-25 10:36:59,797] {logging_mixin.py:104} INFO - pikachu_644.jpeg
[2022-01-25 10:36:59,797] {logging_mixin.py:104} INFO - pikachu_645.jpeg
[2022-01-25 10:36:59,797] {logging_mixin.py:104} INFO - pikachu_646.jpeg
[2022-01-25 10:36:59,798] {logging_mixin.py:104} INFO - pikachu_647.jpeg
[2022-01-25 10:36:59,798] {logging_mixin.py:104} INFO - pikachu_648.jpeg
[2022-01-25 10:36:59,799] {logging_mixin.py:104} INFO - pikachu_649.jpeg
[2022-01-25 10:36:59,799] {logging_mixin.py:104} INFO - pikachu_650.jpeg
[2022-01-25 10:36:59,800] {logging_mixin.py:104} INFO - pikachu_651.jpeg
[2022-01-25 10:36:59,800] {logging_mixin.py:104} INFO - pikachu_652.png
[2022-01-25 10:36:59,801] {logging_mixin.py:104} INFO - pikachu_653.jpeg
[2022-01-25 10:36:59,801] {logging_mixin.py:104} INFO - pikachu_654.jpeg
[2022-01-25 10:36:59,803] {logging_mixin.py:104} INFO - pikachu_655.jpeg
[2022-01-25 10:36:59,805] {logging_mixin.py:104} INFO - pikachu_657.jpeg
[2022-01-25 10:36:59,807] {logging_mixin.py:104} INFO - pikachu_658.jpeg
[2022-01-25 10:36:59,819] {logging_mixin.py:104} INFO - pikachu_659.png
[2022-01-25 10:36:59,823] {logging_mixin.py:104} INFO - pikachu_660.jpeg
[2022-01-25 10:36:59,825] {logging_mixin.py:104} INFO - pikachu_661.png
[2022-01-25 10:36:59,826] {logging_mixin.py:104} INFO - pikachu_662.png
[2022-01-25 10:36:59,826] {logging_mixin.py:104} INFO - pikachu_663.jpeg
[2022-01-25 10:36:59,827] {logging_mixin.py:104} INFO - pikachu_664.jpeg
[2022-01-25 10:36:59,828] {logging_mixin.py:104} INFO - pikachu_665.jpeg
[2022-01-25 10:36:59,828] {logging_mixin.py:104} INFO - pikachu_666.jpeg
[2022-01-25 10:36:59,829] {logging_mixin.py:104} INFO - pikachu_667.png
[2022-01-25 10:36:59,830] {logging_mixin.py:104} INFO - pikachu_668.jpeg
[2022-01-25 10:36:59,830] {logging_mixin.py:104} INFO - pikachu_669.jpeg
[2022-01-25 10:36:59,835] {logging_mixin.py:104} INFO - pikachu_670.jpeg
[2022-01-25 10:36:59,837] {logging_mixin.py:104} INFO - pikachu_671.jpeg
[2022-01-25 10:36:59,843] {logging_mixin.py:104} INFO - pikachu_672.jpeg
[2022-01-25 10:36:59,844] {logging_mixin.py:104} INFO - pikachu_673.png
[2022-01-25 10:36:59,846] {logging_mixin.py:104} INFO - pikachu_674.jpeg
[2022-01-25 10:36:59,847] {logging_mixin.py:104} INFO - pikachu_675.jpeg
[2022-01-25 10:36:59,848] {logging_mixin.py:104} INFO - pikachu_676.jpeg
[2022-01-25 10:36:59,848] {logging_mixin.py:104} INFO - pikachu_677.jpeg
[2022-01-25 10:36:59,849] {logging_mixin.py:104} INFO - pikachu_678.jpeg
[2022-01-25 10:36:59,849] {logging_mixin.py:104} INFO - pikachu_679.jpeg
[2022-01-25 10:36:59,850] {logging_mixin.py:104} INFO - pikachu_682.jpeg
[2022-01-25 10:36:59,850] {logging_mixin.py:104} INFO - pikachu_683.jpeg
[2022-01-25 10:36:59,851] {logging_mixin.py:104} INFO - pikachu_684.jpeg
[2022-01-25 10:36:59,851] {logging_mixin.py:104} INFO - pikachu_686.jpeg
[2022-01-25 10:36:59,852] {logging_mixin.py:104} INFO - pikachu_688.jpeg
[2022-01-25 10:36:59,852] {logging_mixin.py:104} INFO - pikachu_689.jpeg
[2022-01-25 10:36:59,855] {logging_mixin.py:104} INFO - pikachu_690.jpeg
[2022-01-25 10:36:59,856] {logging_mixin.py:104} INFO - pikachu_691.jpeg
[2022-01-25 10:36:59,859] {logging_mixin.py:104} INFO - pikachu_692.jpeg
[2022-01-25 10:36:59,859] {logging_mixin.py:104} INFO - pikachu_693.jpeg
[2022-01-25 10:36:59,861] {logging_mixin.py:104} INFO - pikachu_694.jpeg
[2022-01-25 10:36:59,861] {logging_mixin.py:104} INFO - pikachu_695.jpeg
[2022-01-25 10:36:59,862] {logging_mixin.py:104} INFO - pikachu_696.jpeg
[2022-01-25 10:36:59,862] {logging_mixin.py:104} INFO - pikachu_697.jpeg
[2022-01-25 10:36:59,863] {logging_mixin.py:104} INFO - pikachu_698.jpeg
[2022-01-25 10:36:59,863] {logging_mixin.py:104} INFO - pikachu_699.jpeg
[2022-01-25 10:36:59,863] {logging_mixin.py:104} INFO - pikachu_700.jpeg
[2022-01-25 10:36:59,864] {logging_mixin.py:104} INFO - pikachu_701.jpeg
[2022-01-25 10:36:59,864] {logging_mixin.py:104} INFO - pikachu_702.jpeg
[2022-01-25 10:36:59,865] {logging_mixin.py:104} INFO - pikachu_703.jpeg
[2022-01-25 10:36:59,865] {logging_mixin.py:104} INFO - pikachu_704.jpeg
[2022-01-25 10:36:59,866] {logging_mixin.py:104} INFO - pikachu_705.jpeg
[2022-01-25 10:36:59,866] {logging_mixin.py:104} INFO - pikachu_706.jpeg
[2022-01-25 10:36:59,867] {logging_mixin.py:104} INFO - pikachu_707.jpeg
[2022-01-25 10:36:59,867] {logging_mixin.py:104} INFO - pikachu_708.jpeg
[2022-01-25 10:36:59,869] {logging_mixin.py:104} INFO - pikachu_709.jpeg
[2022-01-25 10:36:59,869] {logging_mixin.py:104} INFO - pikachu_711.jpeg
[2022-01-25 10:36:59,870] {logging_mixin.py:104} INFO - pikachu_712.jpeg
[2022-01-25 10:36:59,870] {logging_mixin.py:104} INFO - pikachu_713.jpeg
[2022-01-25 10:36:59,874] {logging_mixin.py:104} INFO - pikachu_714.jpeg
[2022-01-25 10:36:59,875] {logging_mixin.py:104} INFO - pikachu_715.png
[2022-01-25 10:36:59,876] {logging_mixin.py:104} INFO - pikachu_716.jpeg
[2022-01-25 10:36:59,876] {logging_mixin.py:104} INFO - pikachu_717.jpeg
[2022-01-25 10:36:59,877] {logging_mixin.py:104} INFO - pikachu_718.jpeg
[2022-01-25 10:36:59,877] {logging_mixin.py:104} INFO - pikachu_719.jpeg
[2022-01-25 10:36:59,877] {logging_mixin.py:104} INFO - pikachu_720.jpeg
[2022-01-25 10:36:59,878] {logging_mixin.py:104} INFO - pikachu_721.jpeg
[2022-01-25 10:36:59,878] {logging_mixin.py:104} INFO - pikachu_722.jpeg
[2022-01-25 10:36:59,879] {logging_mixin.py:104} INFO - pikachu_723.jpeg
[2022-01-25 10:36:59,879] {logging_mixin.py:104} INFO - pikachu_724.png
[2022-01-25 10:36:59,880] {logging_mixin.py:104} INFO - pikachu_725.jpeg
[2022-01-25 10:36:59,880] {logging_mixin.py:104} INFO - pikachu_726.jpeg
[2022-01-25 10:36:59,881] {logging_mixin.py:104} INFO - pikachu_727.jpeg
[2022-01-25 10:36:59,881] {logging_mixin.py:104} INFO - pikachu_728.jpeg
[2022-01-25 10:36:59,882] {logging_mixin.py:104} INFO - pikachu_729.jpeg
[2022-01-25 10:36:59,882] {logging_mixin.py:104} INFO - pikachu_730.jpeg
[2022-01-25 10:36:59,883] {logging_mixin.py:104} INFO - pikachu_731.jpeg
[2022-01-25 10:36:59,883] {logging_mixin.py:104} INFO - pikachu_732.jpeg
[2022-01-25 10:36:59,884] {logging_mixin.py:104} INFO - pikachu_733.jpeg
[2022-01-25 10:36:59,884] {logging_mixin.py:104} INFO - pikachu_734.jpeg
[2022-01-25 10:36:59,885] {logging_mixin.py:104} INFO - pikachu_735.jpeg
[2022-01-25 10:36:59,885] {logging_mixin.py:104} INFO - pikachu_736.jpeg
[2022-01-25 10:36:59,885] {logging_mixin.py:104} INFO - pikachu_737.jpeg
[2022-01-25 10:36:59,886] {logging_mixin.py:104} INFO - pikachu_738.jpeg
[2022-01-25 10:36:59,886] {logging_mixin.py:104} INFO - pikachu_739.jpeg
[2022-01-25 10:36:59,887] {logging_mixin.py:104} INFO - pikachu_740.jpeg
[2022-01-25 10:36:59,888] {logging_mixin.py:104} INFO - pikachu_741.jpeg
[2022-01-25 10:36:59,893] {logging_mixin.py:104} INFO - pikachu_742.jpeg
[2022-01-25 10:36:59,894] {logging_mixin.py:104} INFO - pikachu_743.png
[2022-01-25 10:36:59,895] {logging_mixin.py:104} INFO - pikachu_744.jpeg
[2022-01-25 10:36:59,895] {logging_mixin.py:104} INFO - pikachu_745.jpeg
[2022-01-25 10:36:59,896] {logging_mixin.py:104} INFO - pikachu_746.jpeg
[2022-01-25 10:36:59,897] {logging_mixin.py:104} INFO - pikachu_747.jpeg
[2022-01-25 10:36:59,897] {logging_mixin.py:104} INFO - pikachu_748.jpeg
[2022-01-25 10:36:59,898] {logging_mixin.py:104} INFO - pikachu_749.jpeg
[2022-01-25 10:36:59,898] {logging_mixin.py:104} INFO - pikachu_750.jpeg
[2022-01-25 10:36:59,899] {logging_mixin.py:104} INFO - pikachu_751.jpeg
[2022-01-25 10:36:59,899] {logging_mixin.py:104} INFO - pikachu_752.jpeg
[2022-01-25 10:36:59,900] {logging_mixin.py:104} INFO - pikachu_753.jpeg
[2022-01-25 10:36:59,900] {logging_mixin.py:104} INFO - pikachu_754.png
[2022-01-25 10:36:59,901] {logging_mixin.py:104} INFO - pikachu_755.jpeg
[2022-01-25 10:36:59,901] {logging_mixin.py:104} INFO - pikachu_756.jpeg
[2022-01-25 10:36:59,902] {logging_mixin.py:104} INFO - pikachu_757.jpeg
[2022-01-25 10:36:59,902] {logging_mixin.py:104} INFO - pikachu_758.jpeg
[2022-01-25 10:36:59,903] {logging_mixin.py:104} INFO - pikachu_759.jpeg
[2022-01-25 10:36:59,903] {logging_mixin.py:104} INFO - pikachu_760.jpeg
[2022-01-25 10:36:59,907] {logging_mixin.py:104} INFO - pikachu_761.jpeg
[2022-01-25 10:36:59,907] {logging_mixin.py:104} INFO - pikachu_762.jpeg
[2022-01-25 10:36:59,907] {logging_mixin.py:104} INFO - pikachu_763.png
[2022-01-25 10:36:59,908] {logging_mixin.py:104} INFO - pikachu_764.jpeg
[2022-01-25 10:36:59,908] {logging_mixin.py:104} INFO - pikachu_765.png
[2022-01-25 10:36:59,909] {logging_mixin.py:104} INFO - pikachu_766.jpeg
[2022-01-25 10:36:59,910] {logging_mixin.py:104} INFO - pikachu_767.png
[2022-01-25 10:36:59,911] {logging_mixin.py:104} INFO - pikachu_768.jpeg
[2022-01-25 10:36:59,912] {logging_mixin.py:104} INFO - pikachu_769.jpeg
[2022-01-25 10:36:59,912] {logging_mixin.py:104} INFO - pikachu_771.jpeg
[2022-01-25 10:36:59,913] {logging_mixin.py:104} INFO - pikachu_773.png
[2022-01-25 10:36:59,913] {logging_mixin.py:104} INFO - pikachu_774.jpeg
[2022-01-25 10:36:59,914] {logging_mixin.py:104} INFO - pikachu_776.png
[2022-01-25 10:36:59,914] {logging_mixin.py:104} INFO - pikachu_777.jpeg
[2022-01-25 10:36:59,915] {logging_mixin.py:104} INFO - pikachu_778.jpeg
[2022-01-25 10:36:59,915] {logging_mixin.py:104} INFO - pikachu_779.jpeg
[2022-01-25 10:36:59,916] {logging_mixin.py:104} INFO - pikachu_780.jpeg
[2022-01-25 10:36:59,916] {logging_mixin.py:104} INFO - pikachu_782.jpeg
[2022-01-25 10:36:59,917] {logging_mixin.py:104} INFO - pikachu_783.jpeg
[2022-01-25 10:36:59,917] {logging_mixin.py:104} INFO - pikachu_784.jpeg
[2022-01-25 10:36:59,918] {logging_mixin.py:104} INFO - pikachu_785.jpeg
[2022-01-25 10:36:59,918] {logging_mixin.py:104} INFO - pikachu_786.jpeg
[2022-01-25 10:36:59,919] {logging_mixin.py:104} INFO - pikachu_787.jpeg
[2022-01-25 10:36:59,919] {logging_mixin.py:104} INFO - pikachu_788.jpeg
[2022-01-25 10:36:59,920] {logging_mixin.py:104} INFO - pikachu_789.jpeg
[2022-01-25 10:36:59,921] {logging_mixin.py:104} INFO - pikachu_790.jpeg
[2022-01-25 10:36:59,922] {logging_mixin.py:104} INFO - pikachu_791.jpeg
[2022-01-25 10:36:59,922] {logging_mixin.py:104} INFO - pikachu_792.jpeg
[2022-01-25 10:36:59,924] {logging_mixin.py:104} INFO - pikachu_793.jpeg
[2022-01-25 10:36:59,926] {logging_mixin.py:104} INFO - pikachu_795.jpeg
[2022-01-25 10:36:59,926] {logging_mixin.py:104} INFO - pikachu_796.jpeg
[2022-01-25 10:36:59,927] {logging_mixin.py:104} INFO - pikachu_797.jpeg
[2022-01-25 10:36:59,927] {logging_mixin.py:104} INFO - pikachu_798.jpeg
[2022-01-25 10:36:59,928] {logging_mixin.py:104} INFO - pikachu_799.jpeg
[2022-01-25 10:36:59,928] {logging_mixin.py:104} INFO - pikachu_800.jpeg
[2022-01-25 10:36:59,929] {logging_mixin.py:104} INFO - pikachu_801.png
[2022-01-25 10:36:59,929] {logging_mixin.py:104} INFO - pikachu_802.jpeg
[2022-01-25 10:36:59,930] {logging_mixin.py:104} INFO - pikachu_803.jpeg
[2022-01-25 10:36:59,930] {logging_mixin.py:104} INFO - pikachu_804.jpeg
[2022-01-25 10:36:59,930] {logging_mixin.py:104} INFO - pikachu_805.jpeg
[2022-01-25 10:36:59,931] {logging_mixin.py:104} INFO - pikachu_806.jpeg
[2022-01-25 10:36:59,932] {logging_mixin.py:104} INFO - pikachu_807.png
[2022-01-25 10:36:59,932] {logging_mixin.py:104} INFO - pikachu_808.jpeg
[2022-01-25 10:36:59,933] {logging_mixin.py:104} INFO - pikachu_809.jpeg
[2022-01-25 10:36:59,933] {logging_mixin.py:104} INFO - pikachu_811.jpeg
[2022-01-25 10:36:59,934] {logging_mixin.py:104} INFO - pikachu_812.jpeg
[2022-01-25 10:36:59,934] {logging_mixin.py:104} INFO - pikachu_814.jpeg
[2022-01-25 10:36:59,935] {logging_mixin.py:104} INFO - pikachu_815.jpeg
[2022-01-25 10:36:59,935] {logging_mixin.py:104} INFO - pikachu_816.jpeg
[2022-01-25 10:36:59,935] {logging_mixin.py:104} INFO - pikachu_817.jpeg
[2022-01-25 10:36:59,936] {logging_mixin.py:104} INFO - pikachu_818.png
[2022-01-25 10:36:59,937] {logging_mixin.py:104} INFO - pikachu_819.jpeg
[2022-01-25 10:36:59,937] {logging_mixin.py:104} INFO - pikachu_820.jpeg
[2022-01-25 10:36:59,938] {logging_mixin.py:104} INFO - pikachu_821.jpeg
[2022-01-25 10:36:59,939] {logging_mixin.py:104} INFO - pikachu_822.png
[2022-01-25 10:36:59,939] {logging_mixin.py:104} INFO - pikachu_823.jpeg
[2022-01-25 10:36:59,940] {logging_mixin.py:104} INFO - pikachu_824.jpeg
[2022-01-25 10:36:59,941] {logging_mixin.py:104} INFO - pikachu_825.jpeg
[2022-01-25 10:36:59,941] {logging_mixin.py:104} INFO - pikachu_826.png
[2022-01-25 10:36:59,943] {logging_mixin.py:104} INFO - pikachu_827.jpeg
[2022-01-25 10:36:59,946] {logging_mixin.py:104} INFO - pikachu_828.png
[2022-01-25 10:36:59,947] {logging_mixin.py:104} INFO - pikachu_829.jpeg
[2022-01-25 10:36:59,949] {logging_mixin.py:104} INFO - pikachu_830.png
[2022-01-25 10:36:59,951] {logging_mixin.py:104} INFO - pikachu_831.jpeg
[2022-01-25 10:36:59,953] {logging_mixin.py:104} INFO - pikachu_832.jpeg
[2022-01-25 10:36:59,956] {logging_mixin.py:104} INFO - pikachu_833.jpeg
[2022-01-25 10:36:59,958] {logging_mixin.py:104} INFO - pikachu_834.jpeg
[2022-01-25 10:36:59,960] {logging_mixin.py:104} INFO - pikachu_835.jpeg
[2022-01-25 10:36:59,963] {logging_mixin.py:104} INFO - pikachu_836.jpeg
[2022-01-25 10:36:59,964] {logging_mixin.py:104} INFO - pikachu_837.jpeg
[2022-01-25 10:36:59,965] {logging_mixin.py:104} INFO - pikachu_838.jpeg
[2022-01-25 10:36:59,968] {logging_mixin.py:104} INFO - pikachu_839.jpeg
[2022-01-25 10:36:59,971] {logging_mixin.py:104} INFO - pikachu_840.jpeg
[2022-01-25 10:36:59,972] {logging_mixin.py:104} INFO - pikachu_841.jpeg
[2022-01-25 10:36:59,974] {logging_mixin.py:104} INFO - pikachu_842.jpeg
[2022-01-25 10:36:59,975] {logging_mixin.py:104} INFO - pikachu_843.png
[2022-01-25 10:36:59,975] {logging_mixin.py:104} INFO - pikachu_845.jpeg
[2022-01-25 10:36:59,977] {logging_mixin.py:104} INFO - pikachu_846.jpeg
[2022-01-25 10:36:59,979] {logging_mixin.py:104} INFO - pikachu_847.jpeg
[2022-01-25 10:36:59,979] {logging_mixin.py:104} INFO - pikachu_848.jpeg
[2022-01-25 10:36:59,980] {logging_mixin.py:104} INFO - pikachu_849.png
[2022-01-25 10:36:59,981] {logging_mixin.py:104} INFO - pikachu_850.png
[2022-01-25 10:36:59,981] {logging_mixin.py:104} INFO - pikachu_851.jpeg
[2022-01-25 10:36:59,988] {logging_mixin.py:104} INFO - pikachu_852.jpeg
[2022-01-25 10:36:59,989] {logging_mixin.py:104} INFO - pikachu_853.jpeg
[2022-01-25 10:36:59,990] {logging_mixin.py:104} INFO - pikachu_854.jpeg
[2022-01-25 10:36:59,993] {logging_mixin.py:104} INFO - pikachu_855.jpeg
[2022-01-25 10:37:00,010] {logging_mixin.py:104} INFO - pikachu_856.jpeg
[2022-01-25 10:37:00,031] {logging_mixin.py:104} INFO - pikachu_857.jpeg
[2022-01-25 10:37:00,044] {logging_mixin.py:104} INFO - pikachu_858.jpeg
[2022-01-25 10:37:00,044] {logging_mixin.py:104} INFO - pikachu_859.jpeg
[2022-01-25 10:37:00,045] {logging_mixin.py:104} INFO - pikachu_860.jpeg
[2022-01-25 10:37:00,045] {logging_mixin.py:104} INFO - pikachu_861.jpeg
[2022-01-25 10:37:00,046] {logging_mixin.py:104} INFO - pikachu_862.jpeg
[2022-01-25 10:37:00,046] {logging_mixin.py:104} INFO - pikachu_863.png
[2022-01-25 10:37:00,047] {logging_mixin.py:104} INFO - pikachu_864.jpeg
[2022-01-25 10:37:00,047] {logging_mixin.py:104} INFO - pikachu_865.jpeg
[2022-01-25 10:37:00,047] {logging_mixin.py:104} INFO - pikachu_866.jpeg
[2022-01-25 10:37:00,048] {logging_mixin.py:104} INFO - pikachu_867.jpeg
[2022-01-25 10:37:00,050] {logging_mixin.py:104} INFO - pikachu_868.jpeg
[2022-01-25 10:37:00,060] {logging_mixin.py:104} INFO - pikachu_869.jpeg
[2022-01-25 10:37:00,060] {logging_mixin.py:104} INFO - pikachu_870.jpeg
[2022-01-25 10:37:00,061] {logging_mixin.py:104} INFO - pikachu_871.jpeg
[2022-01-25 10:37:00,061] {logging_mixin.py:104} INFO - pikachu_872.png
[2022-01-25 10:37:00,062] {logging_mixin.py:104} INFO - pikachu_873.jpeg
[2022-01-25 10:37:00,062] {logging_mixin.py:104} INFO - pikachu_874.jpeg
[2022-01-25 10:37:00,062] {logging_mixin.py:104} INFO - pikachu_875.png
[2022-01-25 10:37:00,064] {logging_mixin.py:104} INFO - pikachu_876.jpeg
[2022-01-25 10:37:00,072] {logging_mixin.py:104} INFO - pikachu_877.jpeg
[2022-01-25 10:37:00,076] {logging_mixin.py:104} INFO - pikachu_878.jpeg
[2022-01-25 10:37:00,079] {logging_mixin.py:104} INFO - pikachu_879.jpeg
[2022-01-25 10:37:00,080] {logging_mixin.py:104} INFO - pikachu_880.jpeg
[2022-01-25 10:37:00,081] {logging_mixin.py:104} INFO - pikachu_881.jpeg
[2022-01-25 10:37:00,082] {logging_mixin.py:104} INFO - pikachu_882.jpeg
[2022-01-25 10:37:00,082] {logging_mixin.py:104} INFO - pikachu_883.jpeg
[2022-01-25 10:37:00,083] {logging_mixin.py:104} INFO - pikachu_884.jpeg
[2022-01-25 10:37:00,083] {logging_mixin.py:104} INFO - pikachu_885.jpeg
[2022-01-25 10:37:00,084] {logging_mixin.py:104} INFO - pikachu_886.jpeg
[2022-01-25 10:37:00,084] {logging_mixin.py:104} INFO - pikachu_887.jpeg
[2022-01-25 10:37:00,085] {logging_mixin.py:104} INFO - pikachu_888.jpeg
[2022-01-25 10:37:00,085] {logging_mixin.py:104} INFO - pikachu_889.jpeg
[2022-01-25 10:37:00,086] {logging_mixin.py:104} INFO - pikachu_890.jpeg
[2022-01-25 10:37:00,086] {logging_mixin.py:104} INFO - pikachu_891.jpeg
[2022-01-25 10:37:00,087] {logging_mixin.py:104} INFO - pikachu_892.png
[2022-01-25 10:37:00,088] {logging_mixin.py:104} INFO - pikachu_893.jpeg
[2022-01-25 10:37:00,089] {logging_mixin.py:104} INFO - pikachu_894.jpeg
[2022-01-25 10:37:00,089] {logging_mixin.py:104} INFO - pikachu_895.jpeg
[2022-01-25 10:37:00,090] {logging_mixin.py:104} INFO - pikachu_896.jpeg
[2022-01-25 10:37:00,090] {logging_mixin.py:104} INFO - pikachu_897.jpeg
[2022-01-25 10:37:00,091] {logging_mixin.py:104} INFO - pikachu_898.jpeg
[2022-01-25 10:37:00,091] {logging_mixin.py:104} INFO - pikachu_899.jpeg
[2022-01-25 10:37:00,092] {logging_mixin.py:104} INFO - pikachu_900.jpeg
[2022-01-25 10:37:00,093] {logging_mixin.py:104} INFO - pikachu_901.png
[2022-01-25 10:37:00,094] {logging_mixin.py:104} INFO - pikachu_902.jpeg
[2022-01-25 10:37:00,094] {logging_mixin.py:104} INFO - pikachu_903.jpeg
[2022-01-25 10:37:00,095] {logging_mixin.py:104} INFO - pikachu_904.png
[2022-01-25 10:37:00,095] {logging_mixin.py:104} INFO - pikachu_905.jpeg
[2022-01-25 10:37:00,095] {logging_mixin.py:104} INFO - pikachu_906.jpeg
[2022-01-25 10:37:00,096] {logging_mixin.py:104} INFO - pikachu_907.jpeg
[2022-01-25 10:37:00,097] {logging_mixin.py:104} INFO - pikachu_908.jpeg
[2022-01-25 10:37:00,097] {logging_mixin.py:104} INFO - pikachu_909.png
[2022-01-25 10:37:00,098] {logging_mixin.py:104} INFO - pikachu_910.jpeg
[2022-01-25 10:37:00,098] {logging_mixin.py:104} INFO - pikachu_911.jpeg
[2022-01-25 10:37:00,099] {logging_mixin.py:104} INFO - pikachu_912.jpeg
[2022-01-25 10:37:00,100] {logging_mixin.py:104} INFO - pikachu_913.jpeg
[2022-01-25 10:37:00,101] {logging_mixin.py:104} INFO - pikachu_914.jpeg
[2022-01-25 10:37:00,101] {logging_mixin.py:104} INFO - pikachu_915.png
[2022-01-25 10:37:00,101] {logging_mixin.py:104} INFO - pikachu_917.png
[2022-01-25 10:37:00,102] {logging_mixin.py:104} INFO - pikachu_918.jpeg
[2022-01-25 10:37:00,102] {logging_mixin.py:104} INFO - pikachu_919.jpeg
[2022-01-25 10:37:00,103] {logging_mixin.py:104} INFO - pikachu_920.jpeg
[2022-01-25 10:37:00,103] {logging_mixin.py:104} INFO - pikachu_921.jpeg
[2022-01-25 10:37:00,103] {logging_mixin.py:104} INFO - pikachu_922.png
[2022-01-25 10:37:00,105] {logging_mixin.py:104} INFO - pikachu_923.jpeg
[2022-01-25 10:37:00,106] {logging_mixin.py:104} INFO - pikachu_924.jpeg
[2022-01-25 10:37:00,106] {logging_mixin.py:104} INFO - pikachu_925.jpeg
[2022-01-25 10:37:00,106] {logging_mixin.py:104} INFO - pikachu_926.jpeg
[2022-01-25 10:37:00,108] {logging_mixin.py:104} INFO - pikachu_927.jpeg
[2022-01-25 10:37:00,108] {logging_mixin.py:104} INFO - pikachu_928.jpeg
[2022-01-25 10:37:00,109] {logging_mixin.py:104} INFO - pikachu_930.jpeg
[2022-01-25 10:37:00,109] {logging_mixin.py:104} INFO - pikachu_931.jpeg
[2022-01-25 10:37:00,110] {logging_mixin.py:104} INFO - pikachu_932.png
[2022-01-25 10:37:00,110] {logging_mixin.py:104} INFO - pikachu_934.jpeg
[2022-01-25 10:37:00,111] {logging_mixin.py:104} INFO - pikachu_935.jpeg
[2022-01-25 10:37:00,111] {logging_mixin.py:104} INFO - pikachu_936.jpeg
[2022-01-25 10:37:00,111] {logging_mixin.py:104} INFO - pikachu_937.jpeg
[2022-01-25 10:37:00,112] {logging_mixin.py:104} INFO - pikachu_938.jpeg
[2022-01-25 10:37:00,113] {logging_mixin.py:104} INFO - pikachu_939.jpeg
[2022-01-25 10:37:00,113] {logging_mixin.py:104} INFO - pikachu_940.jpeg
[2022-01-25 10:37:00,114] {logging_mixin.py:104} INFO - pikachu_941.jpeg
[2022-01-25 10:37:00,120] {logging_mixin.py:104} INFO - pikachu_942.jpeg
[2022-01-25 10:37:00,121] {logging_mixin.py:104} INFO - pikachu_943.jpeg
[2022-01-25 10:37:00,122] {logging_mixin.py:104} INFO - pikachu_944.jpeg
[2022-01-25 10:37:00,123] {logging_mixin.py:104} INFO - pikachu_945.jpeg
[2022-01-25 10:37:00,123] {logging_mixin.py:104} INFO - pikachu_946.jpeg
[2022-01-25 10:37:00,124] {logging_mixin.py:104} INFO - pikachu_947.jpeg
[2022-01-25 10:37:00,124] {logging_mixin.py:104} INFO - pikachu_948.jpeg
[2022-01-25 10:37:00,125] {logging_mixin.py:104} INFO - pikachu_949.jpeg
[2022-01-25 10:37:00,125] {logging_mixin.py:104} INFO - pikachu_950.jpeg
[2022-01-25 10:37:00,125] {logging_mixin.py:104} INFO - pikachu_951.png
[2022-01-25 10:37:00,126] {logging_mixin.py:104} INFO - pikachu_952.png
[2022-01-25 10:37:00,126] {logging_mixin.py:104} INFO - pikachu_953.jpeg
[2022-01-25 10:37:00,126] {logging_mixin.py:104} INFO - pikachu_954.jpeg
[2022-01-25 10:37:00,127] {logging_mixin.py:104} INFO - pikachu_955.jpeg
[2022-01-25 10:37:00,138] {logging_mixin.py:104} INFO - pikachu_956.jpeg
[2022-01-25 10:37:00,139] {logging_mixin.py:104} INFO - pikachu_957.jpeg
[2022-01-25 10:37:00,139] {logging_mixin.py:104} INFO - pikachu_958.jpeg
[2022-01-25 10:37:00,139] {logging_mixin.py:104} INFO - pikachu_959.png
[2022-01-25 10:37:00,140] {logging_mixin.py:104} INFO - pikachu_960.jpeg
[2022-01-25 10:37:00,140] {logging_mixin.py:104} INFO - pikachu_961.jpeg
[2022-01-25 10:37:00,141] {logging_mixin.py:104} INFO - pikachu_962.jpeg
[2022-01-25 10:37:00,141] {logging_mixin.py:104} INFO - pikachu_963.jpeg
[2022-01-25 10:37:00,143] {logging_mixin.py:104} INFO - pikachu_964.jpeg
[2022-01-25 10:37:00,143] {logging_mixin.py:104} INFO - pikachu_965.jpeg
[2022-01-25 10:37:00,144] {logging_mixin.py:104} INFO - pikachu_966.png
[2022-01-25 10:37:00,145] {logging_mixin.py:104} INFO - pikachu_967.jpeg
[2022-01-25 10:37:00,146] {logging_mixin.py:104} INFO - pikachu_968.png
[2022-01-25 10:37:00,146] {logging_mixin.py:104} INFO - pikachu_969.jpeg
[2022-01-25 10:37:00,147] {logging_mixin.py:104} INFO - pikachu_970.png
[2022-01-25 10:37:00,147] {logging_mixin.py:104} INFO - pikachu_971.jpeg
[2022-01-25 10:37:00,147] {logging_mixin.py:104} INFO - pikachu_972.jpeg
[2022-01-25 10:37:00,148] {logging_mixin.py:104} INFO - pikachu_973.png
[2022-01-25 10:37:00,148] {logging_mixin.py:104} INFO - pikachu_974.jpeg
[2022-01-25 10:37:00,149] {logging_mixin.py:104} INFO - pikachu_975.jpeg
[2022-01-25 10:37:00,149] {logging_mixin.py:104} INFO - pikachu_976.jpeg
[2022-01-25 10:37:00,150] {logging_mixin.py:104} INFO - pikachu_977.png
[2022-01-25 10:37:00,151] {logging_mixin.py:104} INFO - pikachu_978.jpeg
[2022-01-25 10:37:00,152] {logging_mixin.py:104} INFO - pikachu_979.png
[2022-01-25 10:37:00,152] {logging_mixin.py:104} INFO - pikachu_980.png
[2022-01-25 10:37:00,152] {logging_mixin.py:104} INFO - pikachu_981.png
[2022-01-25 10:37:00,153] {logging_mixin.py:104} INFO - pikachu_982.png
[2022-01-25 10:37:00,153] {logging_mixin.py:104} INFO - pikachu_983.jpeg
[2022-01-25 10:37:00,154] {logging_mixin.py:104} INFO - pikachu_984.png
[2022-01-25 10:37:00,155] {logging_mixin.py:104} INFO - pikachu_985.png
[2022-01-25 10:37:00,155] {logging_mixin.py:104} INFO - pikachu_986.jpeg
[2022-01-25 10:37:00,156] {logging_mixin.py:104} INFO - pikachu_987.png
[2022-01-25 10:37:00,156] {logging_mixin.py:104} INFO - pikachu_988.jpeg
[2022-01-25 10:37:00,157] {logging_mixin.py:104} INFO - pikachu_989.jpeg
[2022-01-25 10:37:00,157] {logging_mixin.py:104} INFO - pikachu_990.jpeg
[2022-01-25 10:37:00,158] {logging_mixin.py:104} INFO - pikachu_991.jpeg
[2022-01-25 10:37:00,158] {logging_mixin.py:104} INFO - pikachu_992.png
[2022-01-25 10:37:00,159] {logging_mixin.py:104} INFO - pikachu_993.jpeg
[2022-01-25 10:37:00,159] {logging_mixin.py:104} INFO - pikachu_994.jpeg
[2022-01-25 10:37:00,160] {logging_mixin.py:104} INFO - pikachu_995.png
[2022-01-25 10:37:00,160] {logging_mixin.py:104} INFO - pikachu_996.jpeg
[2022-01-25 10:37:00,161] {logging_mixin.py:104} INFO - pikachu_997.png
[2022-01-25 10:37:00,161] {logging_mixin.py:104} INFO - pikachu_998.png
[2022-01-25 10:37:00,162] {logging_mixin.py:104} INFO - pikachu_999.jpeg
[2022-01-25 10:37:00,162] {logging_mixin.py:104} INFO - --------------ti-----------------------
[2022-01-25 10:37:00,163] {logging_mixin.py:104} INFO - <TaskInstance: classification.check_data_exist 2022-01-25T10:31:48.750564+00:00 [running]>
[2022-01-25 10:37:00,163] {logging_mixin.py:104} INFO - ------------------------------
[2022-01-25 10:37:00,217] {python.py:118} INFO - Done. Returned value was: load_data
[2022-01-25 10:37:00,218] {skipmixin.py:124} INFO - Following branch load_data
[2022-01-25 10:37:00,230] {skipmixin.py:155} INFO - Skipping tasks []
[2022-01-25 10:37:00,323] {taskinstance.py:1166} INFO - Marking task as SUCCESS. dag_id=classification, task_id=check_data_exist, execution_date=20220125T103148, start_date=20220125T103658, end_date=20220125T103700
[2022-01-25 10:37:00,393] {taskinstance.py:1220} INFO - 1 downstream tasks scheduled from follow-on schedule check
[2022-01-25 10:37:00,440] {local_task_job.py:146} INFO - Task exited with return code 0
