[2022-01-25 10:16:14,523] {taskinstance.py:851} INFO - Dependencies all met for <TaskInstance: classification.check_data_exist 2022-01-25T10:11:10.257136+00:00 [queued]>
[2022-01-25 10:16:14,539] {taskinstance.py:851} INFO - Dependencies all met for <TaskInstance: classification.check_data_exist 2022-01-25T10:11:10.257136+00:00 [queued]>
[2022-01-25 10:16:14,539] {taskinstance.py:1042} INFO - 
--------------------------------------------------------------------------------
[2022-01-25 10:16:14,540] {taskinstance.py:1043} INFO - Starting attempt 1 of 2
[2022-01-25 10:16:14,540] {taskinstance.py:1044} INFO - 
--------------------------------------------------------------------------------
[2022-01-25 10:16:14,556] {taskinstance.py:1063} INFO - Executing <Task(BranchPythonOperator): check_data_exist> on 2022-01-25T10:11:10.257136+00:00
[2022-01-25 10:16:14,563] {standard_task_runner.py:52} INFO - Started process 6651 to run task
[2022-01-25 10:16:14,568] {standard_task_runner.py:76} INFO - Running: ['airflow', 'tasks', 'run', 'classification', 'check_data_exist', '2022-01-25T10:11:10.257136+00:00', '--job-id', '52', '--pool', 'default_pool', '--raw', '--subdir', 'DAGS_FOLDER/classification.py', '--cfg-path', '/tmp/tmp8u7x8x5r', '--error-file', '/tmp/tmpa6wuzeak']
[2022-01-25 10:16:14,573] {standard_task_runner.py:77} INFO - Job 52: Subtask check_data_exist
[2022-01-25 10:16:14,626] {logging_mixin.py:104} INFO - Running <TaskInstance: classification.check_data_exist 2022-01-25T10:11:10.257136+00:00 [running]> on host 2dc98551bc76
[2022-01-25 10:16:14,673] {taskinstance.py:1257} INFO - Exporting the following env vars:
AIRFLOW_CTX_DAG_OWNER=airflow
AIRFLOW_CTX_DAG_ID=classification
AIRFLOW_CTX_TASK_ID=check_data_exist
AIRFLOW_CTX_EXECUTION_DATE=2022-01-25T10:11:10.257136+00:00
AIRFLOW_CTX_DAG_RUN_ID=scheduled__2022-01-25T10:11:10.257136+00:00
[2022-01-25 10:16:14,748] {logging_mixin.py:104} INFO - pikachu_450.jpeg
[2022-01-25 10:16:14,748] {logging_mixin.py:104} INFO - pikachu_451.jpeg
[2022-01-25 10:16:14,749] {logging_mixin.py:104} INFO - pikachu_452.jpeg
[2022-01-25 10:16:14,749] {logging_mixin.py:104} INFO - pikachu_453.png
[2022-01-25 10:16:14,750] {logging_mixin.py:104} INFO - pikachu_454.jpeg
[2022-01-25 10:16:14,750] {logging_mixin.py:104} INFO - pikachu_455.jpeg
[2022-01-25 10:16:14,751] {logging_mixin.py:104} INFO - pikachu_456.jpeg
[2022-01-25 10:16:14,751] {logging_mixin.py:104} INFO - pikachu_457.jpeg
[2022-01-25 10:16:14,752] {logging_mixin.py:104} INFO - pikachu_458.png
[2022-01-25 10:16:14,752] {logging_mixin.py:104} INFO - pikachu_459.jpeg
[2022-01-25 10:16:14,752] {logging_mixin.py:104} INFO - pikachu_460.jpeg
[2022-01-25 10:16:14,753] {logging_mixin.py:104} INFO - pikachu_461.jpeg
[2022-01-25 10:16:14,753] {logging_mixin.py:104} INFO - pikachu_463.jpeg
[2022-01-25 10:16:14,753] {logging_mixin.py:104} INFO - pikachu_464.jpeg
[2022-01-25 10:16:14,754] {logging_mixin.py:104} INFO - pikachu_465.jpeg
[2022-01-25 10:16:14,754] {logging_mixin.py:104} INFO - pikachu_466.jpeg
[2022-01-25 10:16:14,754] {logging_mixin.py:104} INFO - pikachu_467.jpeg
[2022-01-25 10:16:14,755] {logging_mixin.py:104} INFO - pikachu_468.jpeg
[2022-01-25 10:16:14,755] {logging_mixin.py:104} INFO - pikachu_469.jpeg
[2022-01-25 10:16:14,755] {logging_mixin.py:104} INFO - pikachu_470.jpeg
[2022-01-25 10:16:14,756] {logging_mixin.py:104} INFO - pikachu_472.png
[2022-01-25 10:16:14,756] {logging_mixin.py:104} INFO - pikachu_473.jpeg
[2022-01-25 10:16:14,756] {logging_mixin.py:104} INFO - pikachu_474.jpeg
[2022-01-25 10:16:14,757] {logging_mixin.py:104} INFO - pikachu_475.jpeg
[2022-01-25 10:16:14,757] {logging_mixin.py:104} INFO - pikachu_476.jpeg
[2022-01-25 10:16:14,757] {logging_mixin.py:104} INFO - pikachu_477.jpeg
[2022-01-25 10:16:14,758] {logging_mixin.py:104} INFO - pikachu_478.jpeg
[2022-01-25 10:16:14,758] {logging_mixin.py:104} INFO - pikachu_479.jpeg
[2022-01-25 10:16:14,758] {logging_mixin.py:104} INFO - pikachu_480.jpeg
[2022-01-25 10:16:14,759] {logging_mixin.py:104} INFO - pikachu_481.jpeg
[2022-01-25 10:16:14,759] {logging_mixin.py:104} INFO - pikachu_482.jpeg
[2022-01-25 10:16:14,759] {logging_mixin.py:104} INFO - pikachu_483.jpeg
[2022-01-25 10:16:14,760] {logging_mixin.py:104} INFO - pikachu_484.jpeg
[2022-01-25 10:16:14,760] {logging_mixin.py:104} INFO - pikachu_485.jpeg
[2022-01-25 10:16:14,760] {logging_mixin.py:104} INFO - pikachu_486.png
[2022-01-25 10:16:14,761] {logging_mixin.py:104} INFO - pikachu_487.jpeg
[2022-01-25 10:16:14,761] {logging_mixin.py:104} INFO - pikachu_488.png
[2022-01-25 10:16:14,761] {logging_mixin.py:104} INFO - pikachu_489.jpeg
[2022-01-25 10:16:14,762] {logging_mixin.py:104} INFO - pikachu_490.jpeg
[2022-01-25 10:16:14,762] {logging_mixin.py:104} INFO - pikachu_491.jpeg
[2022-01-25 10:16:14,762] {logging_mixin.py:104} INFO - pikachu_492.jpeg
[2022-01-25 10:16:14,762] {logging_mixin.py:104} INFO - pikachu_493.jpeg
[2022-01-25 10:16:14,763] {logging_mixin.py:104} INFO - pikachu_494.jpeg
[2022-01-25 10:16:14,763] {logging_mixin.py:104} INFO - pikachu_495.jpeg
[2022-01-25 10:16:14,763] {logging_mixin.py:104} INFO - pikachu_496.jpeg
[2022-01-25 10:16:14,763] {logging_mixin.py:104} INFO - pikachu_497.jpeg
[2022-01-25 10:16:14,764] {logging_mixin.py:104} INFO - pikachu_498.jpeg
[2022-01-25 10:16:14,764] {logging_mixin.py:104} INFO - pikachu_499.jpeg
[2022-01-25 10:16:14,764] {logging_mixin.py:104} INFO - pikachu_500.jpeg
[2022-01-25 10:16:14,764] {logging_mixin.py:104} INFO - pikachu_501.jpeg
[2022-01-25 10:16:14,765] {logging_mixin.py:104} INFO - pikachu_502.png
[2022-01-25 10:16:14,765] {logging_mixin.py:104} INFO - pikachu_503.jpeg
[2022-01-25 10:16:14,765] {logging_mixin.py:104} INFO - pikachu_504.jpeg
[2022-01-25 10:16:14,765] {logging_mixin.py:104} INFO - pikachu_506.jpeg
[2022-01-25 10:16:14,766] {logging_mixin.py:104} INFO - pikachu_507.jpeg
[2022-01-25 10:16:14,766] {logging_mixin.py:104} INFO - pikachu_508.jpeg
[2022-01-25 10:16:14,766] {logging_mixin.py:104} INFO - pikachu_509.jpeg
[2022-01-25 10:16:14,766] {logging_mixin.py:104} INFO - pikachu_510.jpeg
[2022-01-25 10:16:14,767] {logging_mixin.py:104} INFO - pikachu_511.jpeg
[2022-01-25 10:16:14,767] {logging_mixin.py:104} INFO - pikachu_512.jpeg
[2022-01-25 10:16:14,767] {logging_mixin.py:104} INFO - pikachu_514.jpeg
[2022-01-25 10:16:14,767] {logging_mixin.py:104} INFO - pikachu_515.jpeg
[2022-01-25 10:16:14,768] {logging_mixin.py:104} INFO - pikachu_516.jpeg
[2022-01-25 10:16:14,768] {logging_mixin.py:104} INFO - pikachu_517.jpeg
[2022-01-25 10:16:14,768] {logging_mixin.py:104} INFO - pikachu_518.jpeg
[2022-01-25 10:16:14,769] {logging_mixin.py:104} INFO - pikachu_519.jpeg
[2022-01-25 10:16:14,769] {logging_mixin.py:104} INFO - pikachu_520.jpeg
[2022-01-25 10:16:14,769] {logging_mixin.py:104} INFO - pikachu_521.jpeg
[2022-01-25 10:16:14,769] {logging_mixin.py:104} INFO - pikachu_522.jpeg
[2022-01-25 10:16:14,770] {logging_mixin.py:104} INFO - pikachu_523.jpeg
[2022-01-25 10:16:14,770] {logging_mixin.py:104} INFO - pikachu_524.jpeg
[2022-01-25 10:16:14,770] {logging_mixin.py:104} INFO - pikachu_525.png
[2022-01-25 10:16:14,770] {logging_mixin.py:104} INFO - pikachu_526.png
[2022-01-25 10:16:14,771] {logging_mixin.py:104} INFO - pikachu_527.jpeg
[2022-01-25 10:16:14,771] {logging_mixin.py:104} INFO - pikachu_528.png
[2022-01-25 10:16:14,771] {logging_mixin.py:104} INFO - pikachu_529.png
[2022-01-25 10:16:14,771] {logging_mixin.py:104} INFO - pikachu_530.jpeg
[2022-01-25 10:16:14,772] {logging_mixin.py:104} INFO - pikachu_531.png
[2022-01-25 10:16:14,772] {logging_mixin.py:104} INFO - pikachu_532.png
[2022-01-25 10:16:14,772] {logging_mixin.py:104} INFO - pikachu_533.jpeg
[2022-01-25 10:16:14,772] {logging_mixin.py:104} INFO - pikachu_534.jpeg
[2022-01-25 10:16:14,773] {logging_mixin.py:104} INFO - pikachu_535.jpeg
[2022-01-25 10:16:14,773] {logging_mixin.py:104} INFO - pikachu_536.jpeg
[2022-01-25 10:16:14,773] {logging_mixin.py:104} INFO - pikachu_537.jpeg
[2022-01-25 10:16:14,773] {logging_mixin.py:104} INFO - pikachu_538.jpeg
[2022-01-25 10:16:14,774] {logging_mixin.py:104} INFO - pikachu_540.jpeg
[2022-01-25 10:16:14,774] {logging_mixin.py:104} INFO - pikachu_541.jpeg
[2022-01-25 10:16:14,774] {logging_mixin.py:104} INFO - pikachu_542.png
[2022-01-25 10:16:14,774] {logging_mixin.py:104} INFO - pikachu_543.jpeg
[2022-01-25 10:16:14,775] {logging_mixin.py:104} INFO - pikachu_544.jpeg
[2022-01-25 10:16:14,775] {logging_mixin.py:104} INFO - pikachu_545.jpeg
[2022-01-25 10:16:14,775] {logging_mixin.py:104} INFO - pikachu_546.jpeg
[2022-01-25 10:16:14,775] {logging_mixin.py:104} INFO - pikachu_547.jpeg
[2022-01-25 10:16:14,776] {logging_mixin.py:104} INFO - pikachu_548.jpeg
[2022-01-25 10:16:14,776] {logging_mixin.py:104} INFO - pikachu_549.jpeg
[2022-01-25 10:16:14,776] {logging_mixin.py:104} INFO - pikachu_550.jpeg
[2022-01-25 10:16:14,776] {logging_mixin.py:104} INFO - pikachu_551.png
[2022-01-25 10:16:14,777] {logging_mixin.py:104} INFO - pikachu_552.jpeg
[2022-01-25 10:16:14,777] {logging_mixin.py:104} INFO - pikachu_553.jpeg
[2022-01-25 10:16:14,777] {logging_mixin.py:104} INFO - pikachu_554.jpeg
[2022-01-25 10:16:14,778] {logging_mixin.py:104} INFO - pikachu_555.jpeg
[2022-01-25 10:16:14,778] {logging_mixin.py:104} INFO - pikachu_556.jpeg
[2022-01-25 10:16:14,779] {logging_mixin.py:104} INFO - pikachu_557.jpeg
[2022-01-25 10:16:14,780] {logging_mixin.py:104} INFO - pikachu_558.png
[2022-01-25 10:16:14,780] {logging_mixin.py:104} INFO - pikachu_559.jpeg
[2022-01-25 10:16:14,781] {logging_mixin.py:104} INFO - pikachu_560.jpeg
[2022-01-25 10:16:14,782] {logging_mixin.py:104} INFO - pikachu_561.jpeg
[2022-01-25 10:16:14,782] {logging_mixin.py:104} INFO - pikachu_562.jpeg
[2022-01-25 10:16:14,783] {logging_mixin.py:104} INFO - pikachu_563.jpeg
[2022-01-25 10:16:14,783] {logging_mixin.py:104} INFO - pikachu_564.png
[2022-01-25 10:16:14,783] {logging_mixin.py:104} INFO - pikachu_565.jpeg
[2022-01-25 10:16:14,784] {logging_mixin.py:104} INFO - pikachu_566.jpeg
[2022-01-25 10:16:14,784] {logging_mixin.py:104} INFO - pikachu_568.jpeg
[2022-01-25 10:16:14,785] {logging_mixin.py:104} INFO - pikachu_569.jpeg
[2022-01-25 10:16:14,785] {logging_mixin.py:104} INFO - pikachu_570.jpeg
[2022-01-25 10:16:14,786] {logging_mixin.py:104} INFO - pikachu_571.png
[2022-01-25 10:16:14,786] {logging_mixin.py:104} INFO - pikachu_572.jpeg
[2022-01-25 10:16:14,787] {logging_mixin.py:104} INFO - pikachu_573.jpeg
[2022-01-25 10:16:14,787] {logging_mixin.py:104} INFO - pikachu_574.png
[2022-01-25 10:16:14,788] {logging_mixin.py:104} INFO - pikachu_575.jpeg
[2022-01-25 10:16:14,788] {logging_mixin.py:104} INFO - pikachu_576.jpeg
[2022-01-25 10:16:14,788] {logging_mixin.py:104} INFO - pikachu_577.jpeg
[2022-01-25 10:16:14,789] {logging_mixin.py:104} INFO - pikachu_578.jpeg
[2022-01-25 10:16:14,789] {logging_mixin.py:104} INFO - pikachu_579.jpeg
[2022-01-25 10:16:14,790] {logging_mixin.py:104} INFO - pikachu_580.jpeg
[2022-01-25 10:16:14,791] {logging_mixin.py:104} INFO - pikachu_581.jpeg
[2022-01-25 10:16:14,791] {logging_mixin.py:104} INFO - pikachu_582.jpeg
[2022-01-25 10:16:14,792] {logging_mixin.py:104} INFO - pikachu_583.jpeg
[2022-01-25 10:16:14,792] {logging_mixin.py:104} INFO - pikachu_584.jpeg
[2022-01-25 10:16:14,793] {logging_mixin.py:104} INFO - pikachu_585.jpeg
[2022-01-25 10:16:14,793] {logging_mixin.py:104} INFO - pikachu_586.jpeg
[2022-01-25 10:16:14,794] {logging_mixin.py:104} INFO - pikachu_587.jpeg
[2022-01-25 10:16:14,794] {logging_mixin.py:104} INFO - pikachu_588.jpeg
[2022-01-25 10:16:14,795] {logging_mixin.py:104} INFO - pikachu_589.jpeg
[2022-01-25 10:16:14,795] {logging_mixin.py:104} INFO - pikachu_590.jpeg
[2022-01-25 10:16:14,795] {logging_mixin.py:104} INFO - pikachu_591.jpeg
[2022-01-25 10:16:14,796] {logging_mixin.py:104} INFO - pikachu_592.jpeg
[2022-01-25 10:16:14,797] {logging_mixin.py:104} INFO - pikachu_593.jpeg
[2022-01-25 10:16:14,797] {logging_mixin.py:104} INFO - pikachu_594.jpeg
[2022-01-25 10:16:14,798] {logging_mixin.py:104} INFO - pikachu_595.jpeg
[2022-01-25 10:16:14,798] {logging_mixin.py:104} INFO - pikachu_596.jpeg
[2022-01-25 10:16:14,799] {logging_mixin.py:104} INFO - pikachu_597.jpeg
[2022-01-25 10:16:14,799] {logging_mixin.py:104} INFO - pikachu_598.jpeg
[2022-01-25 10:16:14,800] {logging_mixin.py:104} INFO - pikachu_599.jpeg
[2022-01-25 10:16:14,800] {logging_mixin.py:104} INFO - pikachu_600.jpeg
[2022-01-25 10:16:14,801] {logging_mixin.py:104} INFO - pikachu_601.jpeg
[2022-01-25 10:16:14,801] {logging_mixin.py:104} INFO - pikachu_602.jpeg
[2022-01-25 10:16:14,801] {logging_mixin.py:104} INFO - pikachu_603.jpeg
[2022-01-25 10:16:14,802] {logging_mixin.py:104} INFO - pikachu_604.jpeg
[2022-01-25 10:16:14,802] {logging_mixin.py:104} INFO - pikachu_605.jpeg
[2022-01-25 10:16:14,803] {logging_mixin.py:104} INFO - pikachu_606.jpeg
[2022-01-25 10:16:14,803] {logging_mixin.py:104} INFO - pikachu_607.png
[2022-01-25 10:16:14,804] {logging_mixin.py:104} INFO - pikachu_608.jpeg
[2022-01-25 10:16:14,804] {logging_mixin.py:104} INFO - pikachu_609.png
[2022-01-25 10:16:14,805] {logging_mixin.py:104} INFO - pikachu_610.jpeg
[2022-01-25 10:16:14,805] {logging_mixin.py:104} INFO - pikachu_611.jpeg
[2022-01-25 10:16:14,806] {logging_mixin.py:104} INFO - pikachu_612.jpeg
[2022-01-25 10:16:14,806] {logging_mixin.py:104} INFO - pikachu_613.png
[2022-01-25 10:16:14,807] {logging_mixin.py:104} INFO - pikachu_615.jpeg
[2022-01-25 10:16:14,807] {logging_mixin.py:104} INFO - pikachu_616.png
[2022-01-25 10:16:14,808] {logging_mixin.py:104} INFO - pikachu_618.jpeg
[2022-01-25 10:16:14,808] {logging_mixin.py:104} INFO - pikachu_619.jpeg
[2022-01-25 10:16:14,808] {logging_mixin.py:104} INFO - pikachu_620.jpeg
[2022-01-25 10:16:14,809] {logging_mixin.py:104} INFO - pikachu_621.jpeg
[2022-01-25 10:16:14,809] {logging_mixin.py:104} INFO - pikachu_622.jpeg
[2022-01-25 10:16:14,810] {logging_mixin.py:104} INFO - pikachu_623.jpeg
[2022-01-25 10:16:14,810] {logging_mixin.py:104} INFO - pikachu_624.jpeg
[2022-01-25 10:16:14,811] {logging_mixin.py:104} INFO - pikachu_625.jpeg
[2022-01-25 10:16:14,811] {logging_mixin.py:104} INFO - pikachu_626.jpeg
[2022-01-25 10:16:14,812] {logging_mixin.py:104} INFO - pikachu_627.jpeg
[2022-01-25 10:16:14,812] {logging_mixin.py:104} INFO - pikachu_628.png
[2022-01-25 10:16:14,813] {logging_mixin.py:104} INFO - --------------ti-----------------------
[2022-01-25 10:16:14,813] {logging_mixin.py:104} INFO - <TaskInstance: classification.check_data_exist 2022-01-25T10:11:10.257136+00:00 [running]>
[2022-01-25 10:16:14,814] {logging_mixin.py:104} INFO - ------------------------------
[2022-01-25 10:16:14,842] {python.py:118} INFO - Done. Returned value was: load_data
[2022-01-25 10:16:14,842] {skipmixin.py:124} INFO - Following branch load_data
[2022-01-25 10:16:14,854] {skipmixin.py:155} INFO - Skipping tasks []
[2022-01-25 10:16:14,913] {taskinstance.py:1166} INFO - Marking task as SUCCESS. dag_id=classification, task_id=check_data_exist, execution_date=20220125T101110, start_date=20220125T101614, end_date=20220125T101614
[2022-01-25 10:16:14,970] {taskinstance.py:1220} INFO - 1 downstream tasks scheduled from follow-on schedule check
[2022-01-25 10:16:15,019] {local_task_job.py:146} INFO - Task exited with return code 0
