[2022-01-26 04:39:04,951] {taskinstance.py:851} INFO - Dependencies all met for <TaskInstance: classification.delete_source_images 2022-01-26T04:36:43.594035+00:00 [queued]>
[2022-01-26 04:39:04,974] {taskinstance.py:851} INFO - Dependencies all met for <TaskInstance: classification.delete_source_images 2022-01-26T04:36:43.594035+00:00 [queued]>
[2022-01-26 04:39:04,974] {taskinstance.py:1042} INFO - 
--------------------------------------------------------------------------------
[2022-01-26 04:39:04,974] {taskinstance.py:1043} INFO - Starting attempt 1 of 2
[2022-01-26 04:39:04,975] {taskinstance.py:1044} INFO - 
--------------------------------------------------------------------------------
[2022-01-26 04:39:04,986] {taskinstance.py:1063} INFO - Executing <Task(PythonOperator): delete_source_images> on 2022-01-26T04:36:43.594035+00:00
[2022-01-26 04:39:04,994] {standard_task_runner.py:52} INFO - Started process 767 to run task
[2022-01-26 04:39:05,004] {standard_task_runner.py:76} INFO - Running: ['airflow', 'tasks', 'run', 'classification', 'delete_source_images', '2022-01-26T04:36:43.594035+00:00', '--job-id', '204', '--pool', 'default_pool', '--raw', '--subdir', 'DAGS_FOLDER/classification.py', '--cfg-path', '/tmp/tmpp7enjo00', '--error-file', '/tmp/tmp47z0yneg']
[2022-01-26 04:39:05,014] {standard_task_runner.py:77} INFO - Job 204: Subtask delete_source_images
[2022-01-26 04:39:05,181] {logging_mixin.py:104} INFO - Running <TaskInstance: classification.delete_source_images 2022-01-26T04:36:43.594035+00:00 [running]> on host 115f9a25dda0
[2022-01-26 04:39:05,387] {taskinstance.py:1257} INFO - Exporting the following env vars:
AIRFLOW_CTX_DAG_OWNER=airflow
AIRFLOW_CTX_DAG_ID=classification
AIRFLOW_CTX_TASK_ID=delete_source_images
AIRFLOW_CTX_EXECUTION_DATE=2022-01-26T04:36:43.594035+00:00
AIRFLOW_CTX_DAG_RUN_ID=manual__2022-01-26T04:36:43.594035+00:00
[2022-01-26 04:39:06,295] {python.py:118} INFO - Done. Returned value was: None
[2022-01-26 04:39:06,314] {taskinstance.py:1166} INFO - Marking task as SUCCESS. dag_id=classification, task_id=delete_source_images, execution_date=20220126T043643, start_date=20220126T043904, end_date=20220126T043906
[2022-01-26 04:39:06,375] {taskinstance.py:1220} INFO - 1 downstream tasks scheduled from follow-on schedule check
[2022-01-26 04:39:06,395] {local_task_job.py:146} INFO - Task exited with return code 0
