[2022-01-25 10:37:07,433] {taskinstance.py:851} INFO - Dependencies all met for <TaskInstance: classification.load_data 2022-01-25T10:31:48.750564+00:00 [queued]>
[2022-01-25 10:37:07,457] {taskinstance.py:851} INFO - Dependencies all met for <TaskInstance: classification.load_data 2022-01-25T10:31:48.750564+00:00 [queued]>
[2022-01-25 10:37:07,457] {taskinstance.py:1042} INFO - 
--------------------------------------------------------------------------------
[2022-01-25 10:37:07,458] {taskinstance.py:1043} INFO - Starting attempt 1 of 2
[2022-01-25 10:37:07,458] {taskinstance.py:1044} INFO - 
--------------------------------------------------------------------------------
[2022-01-25 10:37:07,471] {taskinstance.py:1063} INFO - Executing <Task(PythonOperator): load_data> on 2022-01-25T10:31:48.750564+00:00
[2022-01-25 10:37:07,478] {standard_task_runner.py:52} INFO - Started process 44 to run task
[2022-01-25 10:37:07,483] {standard_task_runner.py:76} INFO - Running: ['airflow', 'tasks', 'run', 'classification', 'load_data', '2022-01-25T10:31:48.750564+00:00', '--job-id', '85', '--pool', 'default_pool', '--raw', '--subdir', 'DAGS_FOLDER/classification.py', '--cfg-path', '/tmp/tmp5b3ld62g', '--error-file', '/tmp/tmpk9f064ch']
[2022-01-25 10:37:07,488] {standard_task_runner.py:77} INFO - Job 85: Subtask load_data
[2022-01-25 10:37:07,541] {logging_mixin.py:104} INFO - Running <TaskInstance: classification.load_data 2022-01-25T10:31:48.750564+00:00 [running]> on host 327d6291ad28
[2022-01-25 10:37:07,589] {taskinstance.py:1257} INFO - Exporting the following env vars:
AIRFLOW_CTX_DAG_OWNER=airflow
AIRFLOW_CTX_DAG_ID=classification
AIRFLOW_CTX_TASK_ID=load_data
AIRFLOW_CTX_EXECUTION_DATE=2022-01-25T10:31:48.750564+00:00
AIRFLOW_CTX_DAG_RUN_ID=scheduled__2022-01-25T10:31:48.750564+00:00
[2022-01-25 10:37:53,879] {python.py:118} INFO - Done. Returned value was: None
[2022-01-25 10:37:53,940] {taskinstance.py:1166} INFO - Marking task as SUCCESS. dag_id=classification, task_id=load_data, execution_date=20220125T103148, start_date=20220125T103707, end_date=20220125T103753
[2022-01-25 10:37:54,024] {taskinstance.py:1220} INFO - 1 downstream tasks scheduled from follow-on schedule check
[2022-01-25 10:37:54,074] {local_task_job.py:146} INFO - Task exited with return code 0
