[2022-01-26 04:30:03,306] {taskinstance.py:851} INFO - Dependencies all met for <TaskInstance: bing_image_download.bing_image_download 2022-01-26T04:29:57.059940+00:00 [queued]>
[2022-01-26 04:30:03,332] {taskinstance.py:851} INFO - Dependencies all met for <TaskInstance: bing_image_download.bing_image_download 2022-01-26T04:29:57.059940+00:00 [queued]>
[2022-01-26 04:30:03,333] {taskinstance.py:1042} INFO - 
--------------------------------------------------------------------------------
[2022-01-26 04:30:03,333] {taskinstance.py:1043} INFO - Starting attempt 1 of 2
[2022-01-26 04:30:03,333] {taskinstance.py:1044} INFO - 
--------------------------------------------------------------------------------
[2022-01-26 04:30:03,347] {taskinstance.py:1063} INFO - Executing <Task(PythonOperator): bing_image_download> on 2022-01-26T04:29:57.059940+00:00
[2022-01-26 04:30:03,355] {standard_task_runner.py:52} INFO - Started process 61 to run task
[2022-01-26 04:30:03,365] {standard_task_runner.py:76} INFO - Running: ['airflow', 'tasks', 'run', 'bing_image_download', 'bing_image_download', '2022-01-26T04:29:57.059940+00:00', '--job-id', '197', '--pool', 'default_pool', '--raw', '--subdir', 'DAGS_FOLDER/bing_image_download.py', '--cfg-path', '/tmp/tmpd6213si0', '--error-file', '/tmp/tmpt2b86mff']
[2022-01-26 04:30:03,366] {standard_task_runner.py:77} INFO - Job 197: Subtask bing_image_download
[2022-01-26 04:30:03,424] {logging_mixin.py:104} INFO - Running <TaskInstance: bing_image_download.bing_image_download 2022-01-26T04:29:57.059940+00:00 [running]> on host 115f9a25dda0
[2022-01-26 04:30:03,482] {taskinstance.py:1257} INFO - Exporting the following env vars:
AIRFLOW_CTX_DAG_OWNER=airflow
AIRFLOW_CTX_DAG_ID=bing_image_download
AIRFLOW_CTX_TASK_ID=bing_image_download
AIRFLOW_CTX_EXECUTION_DATE=2022-01-26T04:29:57.059940+00:00
AIRFLOW_CTX_DAG_RUN_ID=manual__2022-01-26T04:29:57.059940+00:00
[2022-01-26 04:30:03,490] {logging_mixin.py:104} INFO - [INFO] searching Bing API for 'pikachu'
[2022-01-26 04:30:05,046] {logging_mixin.py:104} INFO - [INFO] 50 total results for 'pikachu'
[2022-01-26 04:30:05,048] {logging_mixin.py:104} INFO - [INFO] searching Bing API for 'bulbasaur'
[2022-01-26 04:30:05,860] {logging_mixin.py:104} INFO - [INFO] 50 total results for 'bulbasaur'
[2022-01-26 04:30:05,861] {logging_mixin.py:104} INFO - [INFO] searching Bing API for 'charmander'
[2022-01-26 04:30:06,523] {logging_mixin.py:104} INFO - [INFO] 50 total results for 'charmander'
[2022-01-26 04:30:06,524] {python.py:118} INFO - Done. Returned value was: None
[2022-01-26 04:30:06,566] {taskinstance.py:1166} INFO - Marking task as SUCCESS. dag_id=bing_image_download, task_id=bing_image_download, execution_date=20220126T042957, start_date=20220126T043003, end_date=20220126T043006
[2022-01-26 04:30:06,660] {taskinstance.py:1220} INFO - 1 downstream tasks scheduled from follow-on schedule check
[2022-01-26 04:30:06,680] {local_task_job.py:146} INFO - Task exited with return code 0
