[2022-01-25 09:30:22,870] {taskinstance.py:851} INFO - Dependencies all met for <TaskInstance: classification.check_data_exist 2022-01-25T09:25:08.446333+00:00 [queued]>
[2022-01-25 09:30:22,895] {taskinstance.py:851} INFO - Dependencies all met for <TaskInstance: classification.check_data_exist 2022-01-25T09:25:08.446333+00:00 [queued]>
[2022-01-25 09:30:22,895] {taskinstance.py:1042} INFO - 
--------------------------------------------------------------------------------
[2022-01-25 09:30:22,895] {taskinstance.py:1043} INFO - Starting attempt 1 of 2
[2022-01-25 09:30:22,896] {taskinstance.py:1044} INFO - 
--------------------------------------------------------------------------------
[2022-01-25 09:30:22,909] {taskinstance.py:1063} INFO - Executing <Task(BranchPythonOperator): check_data_exist> on 2022-01-25T09:25:08.446333+00:00
[2022-01-25 09:30:22,915] {standard_task_runner.py:52} INFO - Started process 44 to run task
[2022-01-25 09:30:22,920] {standard_task_runner.py:76} INFO - Running: ['airflow', 'tasks', 'run', 'classification', 'check_data_exist', '2022-01-25T09:25:08.446333+00:00', '--job-id', '13', '--pool', 'default_pool', '--raw', '--subdir', 'DAGS_FOLDER/classification.py', '--cfg-path', '/tmp/tmpejwl_x0o', '--error-file', '/tmp/tmp9_rqlpaa']
[2022-01-25 09:30:22,926] {standard_task_runner.py:77} INFO - Job 13: Subtask check_data_exist
[2022-01-25 09:30:22,974] {logging_mixin.py:104} INFO - Running <TaskInstance: classification.check_data_exist 2022-01-25T09:25:08.446333+00:00 [running]> on host e28fac53771a
[2022-01-25 09:30:23,016] {taskinstance.py:1257} INFO - Exporting the following env vars:
AIRFLOW_CTX_DAG_OWNER=airflow
AIRFLOW_CTX_DAG_ID=classification
AIRFLOW_CTX_TASK_ID=check_data_exist
AIRFLOW_CTX_EXECUTION_DATE=2022-01-25T09:25:08.446333+00:00
AIRFLOW_CTX_DAG_RUN_ID=scheduled__2022-01-25T09:25:08.446333+00:00
[2022-01-25 09:30:23,047] {logging_mixin.py:104} INFO - pikachu_0.jpeg
[2022-01-25 09:30:23,048] {logging_mixin.py:104} INFO - pikachu_1.png
[2022-01-25 09:30:23,048] {logging_mixin.py:104} INFO - pikachu_10.png
[2022-01-25 09:30:23,048] {logging_mixin.py:104} INFO - pikachu_11.jpeg
[2022-01-25 09:30:23,049] {logging_mixin.py:104} INFO - pikachu_12.jpeg
[2022-01-25 09:30:23,049] {logging_mixin.py:104} INFO - pikachu_13.jpeg
[2022-01-25 09:30:23,049] {logging_mixin.py:104} INFO - pikachu_14.jpeg
[2022-01-25 09:30:23,049] {logging_mixin.py:104} INFO - pikachu_15.png
[2022-01-25 09:30:23,050] {logging_mixin.py:104} INFO - pikachu_16.jpeg
[2022-01-25 09:30:23,050] {logging_mixin.py:104} INFO - pikachu_17.png
[2022-01-25 09:30:23,050] {logging_mixin.py:104} INFO - pikachu_18.jpeg
[2022-01-25 09:30:23,051] {logging_mixin.py:104} INFO - pikachu_19.png
[2022-01-25 09:30:23,051] {logging_mixin.py:104} INFO - pikachu_2.png
[2022-01-25 09:30:23,051] {logging_mixin.py:104} INFO - pikachu_20.png
[2022-01-25 09:30:23,051] {logging_mixin.py:104} INFO - pikachu_21.jpeg
[2022-01-25 09:30:23,052] {logging_mixin.py:104} INFO - pikachu_22.jpeg
[2022-01-25 09:30:23,052] {logging_mixin.py:104} INFO - pikachu_23.jpeg
[2022-01-25 09:30:23,052] {logging_mixin.py:104} INFO - pikachu_24.jpeg
[2022-01-25 09:30:23,052] {logging_mixin.py:104} INFO - pikachu_25.png
[2022-01-25 09:30:23,052] {logging_mixin.py:104} INFO - pikachu_3.png
[2022-01-25 09:30:23,053] {logging_mixin.py:104} INFO - pikachu_4.png
[2022-01-25 09:30:23,053] {logging_mixin.py:104} INFO - pikachu_5.png
[2022-01-25 09:30:23,053] {logging_mixin.py:104} INFO - pikachu_6.jpeg
[2022-01-25 09:30:23,053] {logging_mixin.py:104} INFO - pikachu_7.png
[2022-01-25 09:30:23,053] {logging_mixin.py:104} INFO - pikachu_8.png
[2022-01-25 09:30:23,054] {logging_mixin.py:104} INFO - pikachu_9.jpeg
[2022-01-25 09:30:23,054] {logging_mixin.py:104} INFO - --------------ti-----------------------
[2022-01-25 09:30:23,054] {logging_mixin.py:104} INFO - <TaskInstance: classification.check_data_exist 2022-01-25T09:25:08.446333+00:00 [running]>
[2022-01-25 09:30:23,054] {logging_mixin.py:104} INFO - ------------------------------
[2022-01-25 09:30:23,069] {python.py:118} INFO - Done. Returned value was: load_data
[2022-01-25 09:30:23,070] {skipmixin.py:124} INFO - Following branch load_data
[2022-01-25 09:30:23,078] {skipmixin.py:155} INFO - Skipping tasks []
[2022-01-25 09:30:23,128] {taskinstance.py:1166} INFO - Marking task as SUCCESS. dag_id=classification, task_id=check_data_exist, execution_date=20220125T092508, start_date=20220125T093022, end_date=20220125T093023
[2022-01-25 09:30:23,168] {taskinstance.py:1220} INFO - 1 downstream tasks scheduled from follow-on schedule check
[2022-01-25 09:30:23,211] {local_task_job.py:146} INFO - Task exited with return code 0
