[2021-12-24 11:14:01,283] {taskinstance.py:851} INFO - Dependencies all met for <TaskInstance: classification.save_result 2021-12-24T11:06:07.235593+00:00 [queued]>
[2021-12-24 11:14:01,332] {taskinstance.py:851} INFO - Dependencies all met for <TaskInstance: classification.save_result 2021-12-24T11:06:07.235593+00:00 [queued]>
[2021-12-24 11:14:01,333] {taskinstance.py:1042} INFO - 
--------------------------------------------------------------------------------
[2021-12-24 11:14:01,334] {taskinstance.py:1043} INFO - Starting attempt 1 of 2
[2021-12-24 11:14:01,334] {taskinstance.py:1044} INFO - 
--------------------------------------------------------------------------------
[2021-12-24 11:14:01,387] {taskinstance.py:1063} INFO - Executing <Task(PythonOperator): save_result> on 2021-12-24T11:06:07.235593+00:00
[2021-12-24 11:14:01,402] {standard_task_runner.py:52} INFO - Started process 167 to run task
[2021-12-24 11:14:01,415] {standard_task_runner.py:76} INFO - Running: ['airflow', 'tasks', 'run', 'classification', 'save_result', '2021-12-24T11:06:07.235593+00:00', '--job-id', '146', '--pool', 'default_pool', '--raw', '--subdir', 'DAGS_FOLDER/classification.py', '--cfg-path', '/tmp/tmpqr83e3hh', '--error-file', '/tmp/tmp0vk2dg2g']
[2021-12-24 11:14:01,430] {standard_task_runner.py:77} INFO - Job 146: Subtask save_result
[2021-12-24 11:14:01,653] {logging_mixin.py:104} INFO - Running <TaskInstance: classification.save_result 2021-12-24T11:06:07.235593+00:00 [running]> on host 89d4e2d4fc9f
[2021-12-24 11:14:01,777] {taskinstance.py:1257} INFO - Exporting the following env vars:
AIRFLOW_CTX_DAG_OWNER=airflow
AIRFLOW_CTX_DAG_ID=classification
AIRFLOW_CTX_TASK_ID=save_result
AIRFLOW_CTX_EXECUTION_DATE=2021-12-24T11:06:07.235593+00:00
AIRFLOW_CTX_DAG_RUN_ID=scheduled__2021-12-24T11:06:07.235593+00:00
[2021-12-24 11:14:05,515] {logging_mixin.py:104} INFO - hello
[2021-12-24 11:14:31,556] {python.py:118} INFO - Done. Returned value was: None
[2021-12-24 11:14:31,711] {taskinstance.py:1166} INFO - Marking task as SUCCESS. dag_id=classification, task_id=save_result, execution_date=20211224T110607, start_date=20211224T111401, end_date=20211224T111431
[2021-12-24 11:14:32,048] {taskinstance.py:1220} INFO - 1 downstream tasks scheduled from follow-on schedule check
[2021-12-24 11:14:32,158] {local_task_job.py:146} INFO - Task exited with return code 0
