[2022-01-25 14:11:49,502] {taskinstance.py:851} INFO - Dependencies all met for <TaskInstance: bing_image_download.bing_image_download 2022-01-25T14:01:42.891211+00:00 [queued]>
[2022-01-25 14:11:49,522] {taskinstance.py:851} INFO - Dependencies all met for <TaskInstance: bing_image_download.bing_image_download 2022-01-25T14:01:42.891211+00:00 [queued]>
[2022-01-25 14:11:49,523] {taskinstance.py:1042} INFO - 
--------------------------------------------------------------------------------
[2022-01-25 14:11:49,523] {taskinstance.py:1043} INFO - Starting attempt 2 of 2
[2022-01-25 14:11:49,524] {taskinstance.py:1044} INFO - 
--------------------------------------------------------------------------------
[2022-01-25 14:11:49,543] {taskinstance.py:1063} INFO - Executing <Task(PythonOperator): bing_image_download> on 2022-01-25T14:01:42.891211+00:00
[2022-01-25 14:11:49,549] {standard_task_runner.py:52} INFO - Started process 61 to run task
[2022-01-25 14:11:49,557] {standard_task_runner.py:76} INFO - Running: ['airflow', 'tasks', 'run', 'bing_image_download', 'bing_image_download', '2022-01-25T14:01:42.891211+00:00', '--job-id', '166', '--pool', 'default_pool', '--raw', '--subdir', 'DAGS_FOLDER/bing_image_download.py', '--cfg-path', '/tmp/tmp2zxpgqnu', '--error-file', '/tmp/tmpo_k_y_n8']
[2022-01-25 14:11:49,558] {standard_task_runner.py:77} INFO - Job 166: Subtask bing_image_download
[2022-01-25 14:11:49,626] {logging_mixin.py:104} INFO - Running <TaskInstance: bing_image_download.bing_image_download 2022-01-25T14:01:42.891211+00:00 [running]> on host 42ecca77b6ba
[2022-01-25 14:11:49,676] {taskinstance.py:1257} INFO - Exporting the following env vars:
AIRFLOW_CTX_DAG_OWNER=airflow
AIRFLOW_CTX_DAG_ID=bing_image_download
AIRFLOW_CTX_TASK_ID=bing_image_download
AIRFLOW_CTX_EXECUTION_DATE=2022-01-25T14:01:42.891211+00:00
AIRFLOW_CTX_DAG_RUN_ID=manual__2022-01-25T14:01:42.891211+00:00
[2022-01-25 14:11:49,684] {logging_mixin.py:104} INFO - [INFO] searching Bing API for 'pikachu'
[2022-01-25 14:11:50,978] {logging_mixin.py:104} INFO - [INFO] 100 total results for 'pikachu'
[2022-01-25 14:11:50,979] {logging_mixin.py:104} INFO - [INFO] making request for group 0-10 of 100...
[2022-01-25 14:11:51,607] {logging_mixin.py:104} INFO - [INFO] saving images for group 0-10 of 100...
[2022-01-25 14:11:51,608] {logging_mixin.py:104} INFO - [INFO] fetching: http://vignette3.wikia.nocookie.net/wii/images/7/77/Pikachu_SSB4.jpg/revision/latest?cb=20140210000421
[2022-01-25 14:11:54,274] {logging_mixin.py:104} INFO - [INFO] fetching: https://pngimg.com/uploads/pokemon/pokemon_PNG15.png
[2022-01-25 14:11:55,460] {logging_mixin.py:104} INFO - [INFO] fetching: https://images-wixmp-ed30a86b8c4ca887773594c2.wixmp.com/f/4f6bf5b3-c9b6-44c2-ab80-06e3ea80d511/dca37p4-e992703b-3518-475a-a3bd-bc2831f13e7b.png?token=eyJ0eXAiOiJKV1QiLCJhbGciOiJIUzI1NiJ9.eyJzdWIiOiJ1cm46YXBwOiIsImlzcyI6InVybjphcHA6Iiwib2JqIjpbW3sicGF0aCI6IlwvZlwvNGY2YmY1YjMtYzliNi00NGMyLWFiODAtMDZlM2VhODBkNTExXC9kY2EzN3A0LWU5OTI3MDNiLTM1MTgtNDc1YS1hM2JkLWJjMjgzMWYxM2U3Yi5wbmcifV1dLCJhdWQiOlsidXJuOnNlcnZpY2U6ZmlsZS5kb3dubG9hZCJdfQ.BgM4bC-lqNizie8fhV-EnS5hLNCPn5y8iROlzXNAdk4
[2022-01-25 14:11:57,515] {logging_mixin.py:104} INFO - [INFO] fetching: https://3.bp.blogspot.com/-QRBqlfFJt6U/ULpgGND3XFI/AAAAAAAACPs/TUrUig9gj5A/s1600/pikachu.png
[2022-01-25 14:11:58,816] {logging_mixin.py:104} INFO - [INFO] fetching: https://pngimg.com/uploads/pokemon/pokemon_PNG93.png
[2022-01-25 14:11:59,033] {logging_mixin.py:104} INFO - [INFO] fetching: https://pngimg.com/uploads/pokemon/pokemon_PNG148.png
[2022-01-25 14:11:59,384] {logging_mixin.py:104} INFO - [INFO] fetching: https://www.nintendoworldreport.com/media/38183/4/1.jpg
[2022-01-25 14:12:02,211] {logging_mixin.py:104} INFO - [INFO] fetching: https://ph.portal-pokemon.com/upload/en/HelloPika.png
[2022-01-25 14:12:05,378] {logging_mixin.py:104} INFO - [INFO] fetching: https://mir-s3-cdn-cf.behance.net/project_modules/max_1200/91cc6c40961423.5793b50987cac.jpg
[2022-01-25 14:12:06,645] {logging_mixin.py:104} INFO - [INFO] fetching: https://pngimg.com/uploads/pokemon/pokemon_PNG42.png
[2022-01-25 14:12:07,108] {logging_mixin.py:104} INFO - [INFO] making request for group 10-20 of 100...
[2022-01-25 14:12:08,748] {logging_mixin.py:104} INFO - [INFO] saving images for group 10-20 of 100...
[2022-01-25 14:12:08,748] {logging_mixin.py:104} INFO - [INFO] fetching: https://ph.portal-pokemon.com/upload/en/HelloPika.png
[2022-01-25 14:12:10,469] {logging_mixin.py:104} INFO - [INFO] fetching: https://cdn.myminifactory.com/assets/object-assets/5c64403a9c7ad/images/d27029fa-5bce-4731-b8b4-af6be07fe701.jpg
[2022-01-25 14:12:22,471] {logging_mixin.py:104} INFO - [INFO] fetching: http://clipartmag.com/image/pikachu-images-for-drawing-29.png
[2022-01-25 14:12:25,248] {logging_mixin.py:104} INFO - [INFO] fetching: https://yt3.ggpht.com/a-/AAuE7mBRlOG3moYW1oLN4L0V6FP-O-3IJrF1NoGjDw=s900-mo-c-c0xffffffff-rj-k-no
[2022-01-25 14:12:25,759] {logging_mixin.py:104} INFO - [INFO] fetching: https://yt3.ggpht.com/a/AATXAJxtQ_8fLTUGcMTiyJ71r_-B7MdSNej9kUbPfQ=s900-c-k-c0xffffffff-no-rj-mo
[2022-01-25 14:12:26,504] {logging_mixin.py:104} INFO - [INFO] fetching: https://cdn.vox-cdn.com/thumbor/RGPwZaA8xxwrVd4spVyTGNrxHh0=/99x0:1179x720/1200x800/filters:focal(99x0:1179x720)/cdn.vox-cdn.com/uploads/chorus_image/image/50166993/2016.1_Great_Detective_Pikachu_Birth_of_a_New_Duo__3DS_.0.0.jpg
[2022-01-25 14:12:30,280] {logging_mixin.py:104} INFO - [INFO] fetching: https://mir-s3-cdn-cf.behance.net/project_modules/1400/56f6e170109017.5d71da93da213.png
[2022-01-25 14:12:31,435] {logging_mixin.py:104} INFO - [INFO] fetching: https://img1.cgtrader.com/items/2419585/aef1cf6064/pikachu-pokemon-3d-printing-3d-model-obj-stl-blend.jpg
[2022-01-25 14:12:33,171] {logging_mixin.py:104} INFO - [INFO] fetching: https://images-wixmp-ed30a86b8c4ca887773594c2.wixmp.com/f/c5bbbf70-cfca-4aeb-892b-6ac8c54fb175/ddbr84t-d0753923-bc99-4919-8bb6-2121149399d7.png/v1/fill/w_956,h_836,strp/pikachu_libre_render_by_vexikku_ddbr84t-pre.png?token=eyJ0eXAiOiJKV1QiLCJhbGciOiJIUzI1NiJ9.eyJzdWIiOiJ1cm46YXBwOjdlMGQxODg5ODIyNjQzNzNhNWYwZDQxNWVhMGQyNmUwIiwiaXNzIjoidXJuOmFwcDo3ZTBkMTg4OTgyMjY0MzczYTVmMGQ0MTVlYTBkMjZlMCIsIm9iaiI6W1t7ImhlaWdodCI6Ijw9MzUwMCIsInBhdGgiOiJcL2ZcL2M1YmJiZjcwLWNmY2EtNGFlYi04OTJiLTZhYzhjNTRmYjE3NVwvZGRicjg0dC1kMDc1MzkyMy1iYzk5LTQ5MTktOGJiNi0yMTIxMTQ5Mzk5ZDcucG5nIiwid2lkdGgiOiI8PTQwMDAifV1dLCJhdWQiOlsidXJuOnNlcnZpY2U6aW1hZ2Uub3BlcmF0aW9ucyJdfQ.SCZGQ24m5GxrmvuwHJ6Em8lOGDWKTpacKjSjkkFMbCs
[2022-01-25 14:12:37,221] {logging_mixin.py:104} INFO - [INFO] fetching: https://cdn.mos.cms.futurecdn.net/dqW4eWEXeU6J8tBpZTpqy5.jpg
[2022-01-25 14:12:39,320] {logging_mixin.py:104} INFO - [INFO] making request for group 20-30 of 100...
[2022-01-25 14:12:40,704] {logging_mixin.py:104} INFO - [INFO] saving images for group 20-30 of 100...
[2022-01-25 14:12:40,705] {logging_mixin.py:104} INFO - [INFO] fetching: https://yt3.ggpht.com/a/AATXAJxtQ_8fLTUGcMTiyJ71r_-B7MdSNej9kUbPfQ=s900-c-k-c0xffffffff-no-rj-mo
[2022-01-25 14:12:41,314] {logging_mixin.py:104} INFO - [INFO] fetching: https://cdn.myminifactory.com/assets/object-assets/5c64403a9c7ad/images/d27029fa-5bce-4731-b8b4-af6be07fe701.jpg
[2022-01-25 14:12:58,239] {logging_mixin.py:104} INFO - [INFO] fetching: https://cdn.vox-cdn.com/thumbor/RGPwZaA8xxwrVd4spVyTGNrxHh0=/99x0:1179x720/1200x800/filters:focal(99x0:1179x720)/cdn.vox-cdn.com/uploads/chorus_image/image/50166993/2016.1_Great_Detective_Pikachu_Birth_of_a_New_Duo__3DS_.0.0.jpg
[2022-01-25 14:13:00,892] {logging_mixin.py:104} INFO - [INFO] fetching: https://cdn.mos.cms.futurecdn.net/dqW4eWEXeU6J8tBpZTpqy5.jpg
[2022-01-25 14:13:02,988] {logging_mixin.py:104} INFO - [INFO] fetching: https://images-wixmp-ed30a86b8c4ca887773594c2.wixmp.com/f/c5bbbf70-cfca-4aeb-892b-6ac8c54fb175/ddbr84t-d0753923-bc99-4919-8bb6-2121149399d7.png/v1/fill/w_956,h_836,strp/pikachu_libre_render_by_vexikku_ddbr84t-pre.png?token=eyJ0eXAiOiJKV1QiLCJhbGciOiJIUzI1NiJ9.eyJzdWIiOiJ1cm46YXBwOjdlMGQxODg5ODIyNjQzNzNhNWYwZDQxNWVhMGQyNmUwIiwiaXNzIjoidXJuOmFwcDo3ZTBkMTg4OTgyMjY0MzczYTVmMGQ0MTVlYTBkMjZlMCIsIm9iaiI6W1t7ImhlaWdodCI6Ijw9MzUwMCIsInBhdGgiOiJcL2ZcL2M1YmJiZjcwLWNmY2EtNGFlYi04OTJiLTZhYzhjNTRmYjE3NVwvZGRicjg0dC1kMDc1MzkyMy1iYzk5LTQ5MTktOGJiNi0yMTIxMTQ5Mzk5ZDcucG5nIiwid2lkdGgiOiI8PTQwMDAifV1dLCJhdWQiOlsidXJuOnNlcnZpY2U6aW1hZ2Uub3BlcmF0aW9ucyJdfQ.SCZGQ24m5GxrmvuwHJ6Em8lOGDWKTpacKjSjkkFMbCs
[2022-01-25 14:13:04,508] {logging_mixin.py:104} INFO - [INFO] fetching: https://s3.us-east-1.amazonaws.com/dexerto-assets-production-cbbdf288/uploads/2020/02/16230146/pokemon-community-fat-pikachu-meme.jpg
[2022-01-25 14:13:07,834] {logging_mixin.py:104} INFO - [INFO] fetching: https://pngimg.com/uploads/pokemon/pokemon_PNG102.png
[2022-01-25 14:13:08,588] {logging_mixin.py:104} INFO - [INFO] fetching: https://graphictide.com/images/shop/hover/307_pikachu-candy.png
[2022-01-25 14:13:10,706] {logging_mixin.py:104} INFO - [INFO] fetching: http://images4.fanpop.com/image/photos/22200000/Pikachu-pikachu-22265985-1280-1120.jpg
[2022-01-25 14:13:18,580] {logging_mixin.py:104} INFO - [INFO] fetching: https://static1.cbrimages.com/wordpress/wp-content/uploads/2019/12/Pikachu-Feature-Image-Cropped.jpg
[2022-01-25 14:13:20,100] {logging_mixin.py:104} INFO - [INFO] making request for group 30-40 of 100...
[2022-01-25 14:13:22,437] {logging_mixin.py:104} INFO - [INFO] saving images for group 30-40 of 100...
[2022-01-25 14:13:22,443] {logging_mixin.py:104} INFO - [INFO] fetching: https://preview.redd.it/utp2tm8uie441.jpg?auto=webp&s=e1856d5b2219ac5e2af19580be7f636cf64f9504
[2022-01-25 14:13:24,708] {logging_mixin.py:104} INFO - [INFO] fetching: https://images.nintendolife.com/4f14a50f60357/pikachu.original.jpg
[2022-01-25 14:13:25,015] {logging_mixin.py:104} INFO - [INFO] fetching: https://stealthoptional.com/wp-content/uploads/2020/09/Detective-Pikachu-2-release-date-trailer-news.jpg
[2022-01-25 14:13:27,056] {logging_mixin.py:104} INFO - [INFO] fetching: https://wallpapercave.com/wp/wp6346994.png
[2022-01-25 14:13:27,481] {logging_mixin.py:104} INFO - [INFO] fetching: http://www.baltana.com/file/37537/700x394/16:9/pikachu-hq-background-wallpaper-37654_1935821118.png
[2022-01-25 14:13:37,299] {logging_mixin.py:104} INFO - [INFO] fetching: https://graffitiscuba.com/wp-content/uploads/2018/03/Cartoons10.jpg
[2022-01-25 14:13:41,564] {logging_mixin.py:104} INFO - [INFO] fetching: https://static2.thegamerimages.com/wordpress/wp-content/uploads/2019/05/Detective-Pikachu-4.jpg
[2022-01-25 14:13:43,804] {logging_mixin.py:104} INFO - [INFO] fetching: https://art.ngfiles.com/thumbnails/1081000/1081226_full.png?f1575914006
[2022-01-25 14:13:47,506] {logging_mixin.py:104} INFO - [INFO] fetching: https://s01.sgp1.cdn.digitaloceanspaces.com/article/119298-tqvoskxurz-1557394806.jpg
[2022-01-25 14:13:48,050] {logging_mixin.py:104} INFO - [INFO] fetching: https://art.ngfiles.com/thumbnails/788000/788269_full.png?f1547671168
[2022-01-25 14:13:50,005] {logging_mixin.py:104} INFO - [INFO] making request for group 40-50 of 100...
[2022-01-25 14:13:51,587] {logging_mixin.py:104} INFO - [INFO] saving images for group 40-50 of 100...
[2022-01-25 14:13:51,588] {logging_mixin.py:104} INFO - [INFO] fetching: https://www.starpng.com/public/uploads/preview/yellow-pikachu-face-tranaparent-png-image-101577092029pdlkipc9qy.jpg
[2022-01-25 14:13:53,580] {logging_mixin.py:104} INFO - [INFO] fetching: https://www.simplemost.com/wp-content/uploads/2016/09/519.png
[2022-01-25 14:13:55,677] {logging_mixin.py:104} INFO - [INFO] fetching: https://art.ngfiles.com/thumbnails/779000/779516_full.png?f1551419072
[2022-01-25 14:13:57,729] {logging_mixin.py:104} INFO - [INFO] fetching: http://cdn.shopify.com/s/files/1/0284/4907/9395/products/sticker_pikachu.jpg?v=1573513085
[2022-01-25 14:13:58,741] {logging_mixin.py:104} INFO - [INFO] fetching: https://assets1.ignimgs.com/2016/10/28/503eaea31a316jpeg-f9b106.jpg?width=1280
[2022-01-25 14:13:59,954] {logging_mixin.py:104} INFO - [INFO] fetching: https://static0.thegamerimages.com/wordpress/wp-content/uploads/2019/07/Detective-Pikachu.jpg
[2022-01-25 14:14:00,860] {logging_mixin.py:104} INFO - [INFO] fetching: https://media.pocketmonsters.net/imageboard/31/14561285150091.jpg
[2022-01-25 14:14:03,934] {logging_mixin.py:104} INFO - [INFO] fetching: https://i.somethingawful.com/u/petey/comedygoldmine/2009a/july/pikachu/Depressing_Drawers_.png
[2022-01-25 14:14:05,119] {logging_mixin.py:104} INFO - [INFO] fetching: http://www.baltana.com/files/wallpapers-14/Pikachu-Background-HD-Wallpapers-37641.jpg
[2022-01-25 14:14:11,500] {logging_mixin.py:104} INFO - [INFO] fetching: http://www.baltana.com/files/wallpapers-14/Pikachu-Widescreen-Wallpapers-37659.jpg
[2022-01-25 14:14:17,199] {logging_mixin.py:104} INFO - [INFO] making request for group 50-60 of 100...
[2022-01-25 14:14:18,741] {logging_mixin.py:104} INFO - [INFO] saving images for group 50-60 of 100...
[2022-01-25 14:14:18,752] {logging_mixin.py:104} INFO - [INFO] fetching: https://images-wixmp-ed30a86b8c4ca887773594c2.wixmp.com/f/93abed28-db9e-4018-aee8-6c817a5863b9/dbsqkhl-bc627623-0eed-4727-a573-b7f6cd48d992.png/v1/fill/w_800,h_855,strp/king_pikachu_by_kraus_illustration_dbsqkhl-fullview.png?token=eyJ0eXAiOiJKV1QiLCJhbGciOiJIUzI1NiJ9.eyJzdWIiOiJ1cm46YXBwOjdlMGQxODg5ODIyNjQzNzNhNWYwZDQxNWVhMGQyNmUwIiwiaXNzIjoidXJuOmFwcDo3ZTBkMTg4OTgyMjY0MzczYTVmMGQ0MTVlYTBkMjZlMCIsIm9iaiI6W1t7ImhlaWdodCI6Ijw9ODU1IiwicGF0aCI6IlwvZlwvOTNhYmVkMjgtZGI5ZS00MDE4LWFlZTgtNmM4MTdhNTg2M2I5XC9kYnNxa2hsLWJjNjI3NjIzLTBlZWQtNDcyNy1hNTczLWI3ZjZjZDQ4ZDk5Mi5wbmciLCJ3aWR0aCI6Ijw9ODAwIn1dXSwiYXVkIjpbInVybjpzZXJ2aWNlOmltYWdlLm9wZXJhdGlvbnMiXX0.RBhJ-Eni5Fc_r-5ZBrMSXC8Z0aJvE6PrRT6HPGQehGM
[2022-01-25 14:14:20,096] {logging_mixin.py:104} INFO - [INFO] fetching: https://getwallpapers.com/wallpaper/full/4/9/a/400572.jpg
[2022-01-25 14:14:24,985] {logging_mixin.py:104} INFO - [INFO] fetching: https://s3.us-east-1.amazonaws.com/dexerto-assets-production-cbbdf288/uploads/2020/08/26080403/ashs-pikachu-on-verge-of-evolving-pokemon-journeys-23-years-franchise-icon.jpg
[2022-01-25 14:14:30,569] {logging_mixin.py:104} INFO - [INFO] fetching: https://static0.thegamerimages.com/wordpress/wp-content/uploads/2020/02/pikachu-featured.jpg
[2022-01-25 14:14:32,151] {logging_mixin.py:104} INFO - [INFO] fetching: https://c.shld.net/rpx/i/s/i/spin/10032562/prod_12349903012??hei=64&wid=64&qlt=50
[2022-01-25 14:14:35,935] {logging_mixin.py:104} INFO - [INFO] fetching: https://webgames.host/uploads/2018/03/pikachu-bros.png
[2022-01-25 14:14:41,173] {logging_mixin.py:104} INFO - [INFO] fetching: https://wallpapercave.com/wp/wp6346994.png
[2022-01-25 14:14:41,417] {logging_mixin.py:104} INFO - [INFO] fetching: https://preview.redd.it/r3r5fzcibmh21.jpg?auto=webp&s=fb5f20934cc89940c787d04a9a324b7fbed1cb34
[2022-01-25 14:14:42,821] {logging_mixin.py:104} INFO - [INFO] fetching: http://www.baltana.com/files/wallpapers-16/Pokemon-Detective-Pikachu-Background-Wallpaper-39818.jpg
[2022-01-25 14:14:47,151] {logging_mixin.py:104} INFO - [INFO] fetching: https://whirli-production-images.s3.eu-west-2.amazonaws.com/products/yZYb57lPl7/yb9jP0AWgj_pokemon-pikachu-medium.jpg
[2022-01-25 14:14:48,432] {logging_mixin.py:104} INFO - [INFO] making request for group 60-70 of 100...
[2022-01-25 14:14:49,784] {logging_mixin.py:104} INFO - [INFO] saving images for group 60-70 of 100...
[2022-01-25 14:14:49,785] {logging_mixin.py:104} INFO - [INFO] fetching: https://c.shld.net/rpx/i/s/i/spin/10032562/prod_12349903012??hei=64&wid=64&qlt=50
[2022-01-25 14:14:50,481] {logging_mixin.py:104} INFO - [INFO] fetching: https://wallpapercave.com/wp/wp6346994.png
[2022-01-25 14:14:50,671] {logging_mixin.py:104} INFO - [INFO] fetching: https://www.pinclipart.com/picdir/middle/522-5225314_transparent-detective-pikachu-png-clipart.png
[2022-01-25 14:15:15,339] {logging_mixin.py:104} INFO - [INFO] fetching: https://yt3.ggpht.com/a/AATXAJy5TUeCGX8BPUjyMlQh0S1vFu9-PQFNlxk2xQ=s900-c-k-c0xffffffff-no-rj-mo
[2022-01-25 14:15:15,799] {logging_mixin.py:104} INFO - [INFO] fetching: https://yt3.ggpht.com/a/AATXAJznnOKPTmacMoV1l7l43kb4YaukGZH9ZSfeSw=s900-c-k-c0xffffffff-no-rj-mo
[2022-01-25 14:15:16,333] {logging_mixin.py:104} INFO - [INFO] fetching: https://i.etsystatic.com/8557472/r/il/1009f9/1677348229/il_fullxfull.1677348229_ogtm.jpg
[2022-01-25 14:15:18,256] {logging_mixin.py:104} INFO - [INFO] fetching: https://whirli-production-images.s3.eu-west-2.amazonaws.com/products/yZYb57lPl7/yb9jP0AWgj_pokemon-pikachu-medium.jpg
[2022-01-25 14:15:20,356] {logging_mixin.py:104} INFO - [INFO] fetching: https://images-wixmp-ed30a86b8c4ca887773594c2.wixmp.com/f/93abed28-db9e-4018-aee8-6c817a5863b9/dbsqkhl-bc627623-0eed-4727-a573-b7f6cd48d992.png/v1/fill/w_800,h_855,strp/king_pikachu_by_kraus_illustration_dbsqkhl-fullview.png?token=eyJ0eXAiOiJKV1QiLCJhbGciOiJIUzI1NiJ9.eyJzdWIiOiJ1cm46YXBwOjdlMGQxODg5ODIyNjQzNzNhNWYwZDQxNWVhMGQyNmUwIiwiaXNzIjoidXJuOmFwcDo3ZTBkMTg4OTgyMjY0MzczYTVmMGQ0MTVlYTBkMjZlMCIsIm9iaiI6W1t7ImhlaWdodCI6Ijw9ODU1IiwicGF0aCI6IlwvZlwvOTNhYmVkMjgtZGI5ZS00MDE4LWFlZTgtNmM4MTdhNTg2M2I5XC9kYnNxa2hsLWJjNjI3NjIzLTBlZWQtNDcyNy1hNTczLWI3ZjZjZDQ4ZDk5Mi5wbmciLCJ3aWR0aCI6Ijw9ODAwIn1dXSwiYXVkIjpbInVybjpzZXJ2aWNlOmltYWdlLm9wZXJhdGlvbnMiXX0.RBhJ-Eni5Fc_r-5ZBrMSXC8Z0aJvE6PrRT6HPGQehGM
[2022-01-25 14:15:20,954] {logging_mixin.py:104} INFO - [INFO] fetching: https://yt3.ggpht.com/a/AATXAJxWSkYcdzgaCCCeLyKiozmRwjzPpGyIH3dNHMM=s900-c-k-c0xffffffff-no-rj-mo
[2022-01-25 14:15:21,305] {logging_mixin.py:104} INFO - [INFO] fetching: https://static2.srcdn.com/wordpress/wp-content/uploads/2019/05/Detective-Pikachu-Pokemon-Red.jpg
[2022-01-25 14:15:21,766] {logging_mixin.py:104} INFO - [INFO] making request for group 70-80 of 100...
[2022-01-25 14:15:23,127] {logging_mixin.py:104} INFO - [INFO] saving images for group 70-80 of 100...
[2022-01-25 14:15:23,128] {logging_mixin.py:104} INFO - [INFO] fetching: https://c.shld.net/rpx/i/s/i/spin/10032562/prod_12349903012??hei=64&wid=64&qlt=50
[2022-01-25 14:15:24,372] {logging_mixin.py:104} INFO - [INFO] fetching: https://wallpapercave.com/wp/wp6346994.png
[2022-01-25 14:15:24,841] {logging_mixin.py:104} INFO - [INFO] fetching: https://yt3.ggpht.com/a/AATXAJznnOKPTmacMoV1l7l43kb4YaukGZH9ZSfeSw=s900-c-k-c0xffffffff-no-rj-mo
[2022-01-25 14:15:26,081] {logging_mixin.py:104} INFO - [INFO] fetching: https://s1.thcdn.com/productimg/1600/1600/11793129-3294591567198503.jpg
[2022-01-25 14:15:26,922] {logging_mixin.py:104} INFO - [INFO] fetching: https://images.nintendolife.com/43ece59eb41ff/1280x720.jpg
[2022-01-25 14:15:27,251] {logging_mixin.py:104} INFO - [INFO] fetching: https://yt3.ggpht.com/a/AATXAJxWSkYcdzgaCCCeLyKiozmRwjzPpGyIH3dNHMM=s900-c-k-c0xffffffff-no-rj-mo
[2022-01-25 14:15:27,649] {logging_mixin.py:104} INFO - [INFO] fetching: https://www.denofgeek.com/wp-content/uploads/2018/01/pikachu_0.jpg?fit=1280%2C720
[2022-01-25 14:15:27,996] {logging_mixin.py:104} INFO - [INFO] fetching: https://media.pocketmonsters.net/imageboard/31/14561285150091.jpg
[2022-01-25 14:15:30,245] {logging_mixin.py:104} INFO - [INFO] fetching: https://static2.srcdn.com/wordpress/wp-content/uploads/2019/05/Detective-Pikachu-Pokemon-Red.jpg
[2022-01-25 14:15:30,692] {logging_mixin.py:104} INFO - [INFO] fetching: http://www.baltana.com/files/wallpapers-16/Pokemon-Detective-Pikachu-Movie-Desktop-Wallpaper-39833.jpg
[2022-01-25 14:15:33,870] {logging_mixin.py:104} INFO - [INFO] making request for group 80-90 of 100...
[2022-01-25 14:15:35,425] {logging_mixin.py:104} INFO - [INFO] saving images for group 80-90 of 100...
[2022-01-25 14:15:35,446] {logging_mixin.py:104} INFO - [INFO] fetching: https://yt3.ggpht.com/a/AATXAJznnOKPTmacMoV1l7l43kb4YaukGZH9ZSfeSw=s900-c-k-c0xffffffff-no-rj-mo
[2022-01-25 14:15:36,709] {logging_mixin.py:104} INFO - [INFO] fetching: https://www.denofgeek.com/wp-content/uploads/2018/01/pikachu_0.jpg?fit=1280%2C720
[2022-01-25 14:15:37,048] {logging_mixin.py:104} INFO - [INFO] fetching: https://media.gq.com/photos/5cd448e6b41d094fd2cd74af/16:9/w_2560%2Cc_limit/There-Could-Be-No-More-Perfect-Pikachu-Than-Ryan-Reynolds-gq-1.jpg
[2022-01-25 14:15:39,449] {logging_mixin.py:104} INFO - [INFO] fetching: http://www.baltana.com/files/wallpapers-16/Pokemon-Detective-Pikachu-Movie-Desktop-Wallpaper-39833.jpg
[2022-01-25 14:15:42,516] {logging_mixin.py:104} INFO - [INFO] fetching: https://images.nintendolife.com/43ece59eb41ff/1280x720.jpg
[2022-01-25 14:15:43,276] {logging_mixin.py:104} INFO - [INFO] fetching: https://wallpapers.moviemania.io/phone/movie/447404/e255b7/pokemon-detective-pikachu-phone-wallpaper.jpg?w=1536&h=2732
[2022-01-25 14:15:47,348] {logging_mixin.py:104} INFO - [INFO] fetching: https://i.kinja-img.com/gawker-media/image/upload/s--7N2i0AxA--/c_fill,fl_progressive,g_center,h_900,q_80,w_1600/gvi8m4p95orhorwg0bpv.jpg
[2022-01-25 14:15:48,472] {logging_mixin.py:104} INFO - [INFO] fetching: https://d1lss44hh2trtw.cloudfront.net/assets/article/2019/05/28/detective-pikachu-coffee_feature.jpg
[2022-01-25 14:15:49,396] {logging_mixin.py:104} INFO - [INFO] fetching: https://static2.srcdn.com/wordpress/wp-content/uploads/2019/05/Detective-Pikachu-Pokemon-Red.jpg
[2022-01-25 14:15:50,252] {logging_mixin.py:104} INFO - [INFO] fetching: https://media.pocketmonsters.net/imageboard/31/14561285150091.jpg
[2022-01-25 14:15:51,936] {logging_mixin.py:104} INFO - [INFO] making request for group 90-100 of 100...
[2022-01-25 14:15:53,437] {logging_mixin.py:104} INFO - [INFO] saving images for group 90-100 of 100...
[2022-01-25 14:15:53,439] {logging_mixin.py:104} INFO - [INFO] fetching: https://media.gq.com/photos/5cd448e6b41d094fd2cd74af/16:9/w_2560%2Cc_limit/There-Could-Be-No-More-Perfect-Pikachu-Than-Ryan-Reynolds-gq-1.jpg
[2022-01-25 14:15:55,651] {logging_mixin.py:104} INFO - [INFO] fetching: https://wallpapers.moviemania.io/phone/movie/447404/e255b7/pokemon-detective-pikachu-phone-wallpaper.jpg?w=1536&h=2732
[2022-01-25 14:15:58,200] {logging_mixin.py:104} INFO - [INFO] fetching: https://d1lss44hh2trtw.cloudfront.net/assets/article/2019/05/28/detective-pikachu-coffee_feature.jpg
[2022-01-25 14:15:58,552] {logging_mixin.py:104} INFO - [INFO] fetching: https://static1.srcdn.com/wordpress/wp-content/uploads/2019/05/Pokemon-Detective-Pikachu-Sequel.jpg
[2022-01-25 14:15:59,441] {logging_mixin.py:104} INFO - [INFO] fetching: https://assets1.ignimgs.com/2016/10/28/503eaea31a316jpeg-f9b106.jpg?width=1280
[2022-01-25 14:15:59,996] {logging_mixin.py:104} INFO - [INFO] fetching: https://s2.megabrandsmedia.com/products/megabloks-50434ac1376b0135b061beb317f36f5b-1493649325-fjn61-19745.jpg
[2022-01-25 14:16:01,034] {logging_mixin.py:104} INFO - [INFO] fetching: https://i.neoseeker.com/n/7/pika.jpg
[2022-01-25 14:16:02,529] {logging_mixin.py:104} INFO - [INFO] fetching: https://static3.gamerantimages.com/wordpress/wp-content/uploads/2021/01/SpecialPikachuHeader.jpg
[2022-01-25 14:16:02,861] {logging_mixin.py:104} INFO - [INFO] fetching: https://www.pokemoncenter.com/products/images/P4537/701-03482/P4537_701-03482_01.jpg
[2022-01-25 14:16:04,477] {logging_mixin.py:104} INFO - [INFO] fetching: https://static2.srcdn.com/wordpress/wp-content/uploads/2019/05/Detective-Pikachu-Pokemon-Red.jpg
[2022-01-25 14:16:05,063] {logging_mixin.py:104} INFO - **************************************************
[2022-01-25 14:16:05,064] {logging_mixin.py:104} INFO - [END] Images Donwloaded for pikachu
[2022-01-25 14:16:05,064] {logging_mixin.py:104} INFO - **************************************************
[2022-01-25 14:16:05,065] {logging_mixin.py:104} INFO - [INFO] searching Bing API for 'bulbasaur'
[2022-01-25 14:16:06,461] {logging_mixin.py:104} INFO - [INFO] 100 total results for 'bulbasaur'
[2022-01-25 14:16:06,461] {logging_mixin.py:104} INFO - [INFO] making request for group 0-10 of 100...
[2022-01-25 14:16:07,202] {logging_mixin.py:104} INFO - [INFO] saving images for group 0-10 of 100...
[2022-01-25 14:16:07,203] {logging_mixin.py:104} INFO - [INFO] fetching: https://usercontent2.hubstatic.com/13805615_f1024.jpg
[2022-01-25 14:16:08,938] {logging_mixin.py:104} INFO - [INFO] fetching: https://i0.wp.com/twinfinite.net/wp-content/uploads/2019/11/bulbasaur.jpg?fit=1920%2C1080&ssl=1
[2022-01-25 14:16:09,270] {logging_mixin.py:104} INFO - [INFO] fetching: http://1.bp.blogspot.com/-ue0RUlm6K98/VNzsqJEcm3I/AAAAAAAAAPw/BHqUvaJgExA/s1600/bulbasaur.png
[2022-01-25 14:16:09,833] {logging_mixin.py:104} INFO - [INFO] fetching: https://orig00.deviantart.net/19fb/f/2011/252/f/0/bulbasaur_by_trdaz-d49cmfx.png
[2022-01-25 14:16:12,045] {logging_mixin.py:104} INFO - [INFO] fetching: http://th06.deviantart.net/fs70/PRE/f/2011/163/5/d/bulbasaur__old__by_blastertwo-d3ir8m6.png
[2022-01-25 14:16:13,960] {logging_mixin.py:104} INFO - [INFO] fetching: https://external-preview.redd.it/qvkIfEpcZahP1Lcu4eZzfqhhACaHjLHloe_cTTCm1es.jpg?auto=webp&s=b8e42af529efdbfa09846b3cd8ec4c0e159951aa
[2022-01-25 14:16:14,241] {logging_mixin.py:104} INFO - [INFO] fetching: https://pm1.narvii.com/5779/46d8f871ac05c4baaece618ea801f3d17af2e9c1_hq.jpg
[2022-01-25 14:16:14,662] {logging_mixin.py:104} INFO - [INFO] fetching: https://images.wallpapersden.com/image/download/bulbasaur-pokemon-detective-pikachu-movie_64877_2932x2932.jpg
[2022-01-25 14:16:18,664] {logging_mixin.py:104} INFO - [INFO] fetching: http://www.pngmart.com/files/11/Bulbasaur-PNG-Clipart.png
[2022-01-25 14:16:30,548] {logging_mixin.py:104} INFO - [INFO] fetching: https://1.bp.blogspot.com/-v53kQK3CPRk/VMw9FEHqvdI/AAAAAAAAAc0/K6z6oiwyYvg/s1600/Screenshot_2015-01-30-20-15-45.png
[2022-01-25 14:16:30,942] {logging_mixin.py:104} INFO - [INFO] making request for group 10-20 of 100...
[2022-01-25 14:16:32,101] {logging_mixin.py:104} INFO - [INFO] saving images for group 10-20 of 100...
[2022-01-25 14:16:32,101] {logging_mixin.py:104} INFO - [INFO] fetching: https://pm1.narvii.com/5779/46d8f871ac05c4baaece618ea801f3d17af2e9c1_hq.jpg
[2022-01-25 14:16:32,341] {logging_mixin.py:104} INFO - [INFO] fetching: https://images-wixmp-ed30a86b8c4ca887773594c2.wixmp.com/f/1f6e6960-47bd-455f-9411-6d98b2bb5d26/dd49wrr-c20af9ba-e18e-4c59-8558-b5705acf6f24.png/v1/fill/w_818,h_976,q_70,strp/bulbasaur_doodle_by_otakuap_dd49wrr-pre.jpg?token=eyJ0eXAiOiJKV1QiLCJhbGciOiJIUzI1NiJ9.eyJzdWIiOiJ1cm46YXBwOjdlMGQxODg5ODIyNjQzNzNhNWYwZDQxNWVhMGQyNmUwIiwiaXNzIjoidXJuOmFwcDo3ZTBkMTg4OTgyMjY0MzczYTVmMGQ0MTVlYTBkMjZlMCIsIm9iaiI6W1t7ImhlaWdodCI6Ijw9MTExMyIsInBhdGgiOiJcL2ZcLzFmNmU2OTYwLTQ3YmQtNDU1Zi05NDExLTZkOThiMmJiNWQyNlwvZGQ0OXdyci1jMjBhZjliYS1lMThlLTRjNTktODU1OC1iNTcwNWFjZjZmMjQucG5nIiwid2lkdGgiOiI8PTkzMyJ9XV0sImF1ZCI6WyJ1cm46c2VydmljZTppbWFnZS5vcGVyYXRpb25zIl19.NIpnOKTJEPVkyxnzQKbnHaxCjs7nf3l4zxidFz2TYlo
[2022-01-25 14:16:32,622] {logging_mixin.py:104} INFO - [INFO] fetching: https://pre00.deviantart.net/a8a2/th/pre/f/2012/323/d/5/pokedex_challenge_001_bulbasaur_by_blue_diamond_shadow-d5ksvr6.png
[2022-01-25 14:16:34,551] {logging_mixin.py:104} INFO - [INFO] fetching: http://pre15.deviantart.net/ef88/th/pre/f/2012/327/2/0/bulbasaur_by_ezmeag98-d5lz0kp.png
[2022-01-25 14:16:35,799] {logging_mixin.py:104} INFO - [INFO] fetching: http://www.pngmart.com/files/11/Pokemon-Bulbasaur-PNG-File.png
[2022-01-25 14:16:50,854] {logging_mixin.py:104} INFO - [INFO] fetching: https://yt3.ggpht.com/a/AGF-l7-quN6vKZthSZ_zja1lFMQN3l-PNsuUioUhjA=s900-c-k-c0xffffffff-no-rj-mo
[2022-01-25 14:16:51,096] {logging_mixin.py:104} INFO - [INFO] fetching: http://www.pngmart.com/files/11/Pokemon-Bulbasaur-PNG-Transparent-Image.png
[2022-01-25 14:17:00,917] {logging_mixin.py:104} INFO - [INFO] fetching: http://clipartmag.com/image/pokemon-bulbasaur-drawing-8.jpg
[2022-01-25 14:17:03,190] {logging_mixin.py:104} INFO - [INFO] fetching: https://e7.pngegg.com/pngimages/72/948/png-clipart-bulbasaur-pokemon-diamond-and-pearl-pokemon-go-pokedex-ivysaur-bulbasaur-pixel-vertebrate-grass.png
[2022-01-25 14:17:05,111] {logging_mixin.py:104} INFO - [INFO] fetching: https://pre00.deviantart.net/7a9f/th/pre/i/2012/139/b/6/cute_bulbasaur_by_sirena93-d50bum8.png
[2022-01-25 14:17:06,839] {logging_mixin.py:104} INFO - [INFO] making request for group 20-30 of 100...
[2022-01-25 14:17:08,312] {logging_mixin.py:104} INFO - [INFO] saving images for group 20-30 of 100...
[2022-01-25 14:17:08,312] {logging_mixin.py:104} INFO - [INFO] fetching: http://www.pngmart.com/files/11/Pokemon-Bulbasaur-PNG-Transparent-Image.png
[2022-01-25 14:17:15,774] {logging_mixin.py:104} INFO - [INFO] fetching: https://orig00.deviantart.net/7453/f/2017/365/2/7/bulbasaur_by_moliin-dbyfd4k.png
[2022-01-25 14:17:20,382] {logging_mixin.py:104} INFO - [INFO] fetching: https://wallsdesk.com/wp-content/uploads/2017/01/Bulbasaur-Wallpaper-.jpg
[2022-01-25 14:17:22,923] {logging_mixin.py:104} INFO - [INFO] fetching: https://pre00.deviantart.net/7a9f/th/pre/i/2012/139/b/6/cute_bulbasaur_by_sirena93-d50bum8.png
[2022-01-25 14:17:24,629] {logging_mixin.py:104} INFO - [INFO] fetching: https://images.wallpapersden.com/image/download/bulbasaur-pokemon-detective-pikachu-movie_64877_2932x2932.jpg
[2022-01-25 14:17:28,456] {logging_mixin.py:104} INFO - [INFO] fetching: https://orig00.deviantart.net/cfe7/f/2016/205/4/2/bulbasar_starter_by_albinotiger21-dab9mpa.jpg
[2022-01-25 14:17:29,906] {logging_mixin.py:104} INFO - [INFO] fetching: https://comicvine1.cbsistatic.com/uploads/original/11138/111385676/7043967-0133166748-tumbl.jpg
[2022-01-25 14:17:32,696] {logging_mixin.py:104} INFO - [INFO] fetching: https://img00.deviantart.net/9ce5/i/2012/205/7/9/001_bulbasaur_by_pikaaly-d58fe80.png
[2022-01-25 14:17:35,285] {logging_mixin.py:104} INFO - [INFO] fetching: https://pre00.deviantart.net/3315/th/pre/i/2018/027/5/c/bulbasaur_fanart_by_gryffindordos-dc1dvn6.png
[2022-01-25 14:17:38,091] {logging_mixin.py:104} INFO - [INFO] fetching: https://www.nicepng.com/png/detail/280-2800064_fisherman-cartoon-download-pokemon-bulbasaur.png
[2022-01-25 14:17:58,465] {logging_mixin.py:104} INFO - [INFO] making request for group 30-40 of 100...
[2022-01-25 14:17:59,936] {logging_mixin.py:104} INFO - [INFO] saving images for group 30-40 of 100...
[2022-01-25 14:17:59,937] {logging_mixin.py:104} INFO - [INFO] fetching: https://orig00.deviantart.net/cfe7/f/2016/205/4/2/bulbasar_starter_by_albinotiger21-dab9mpa.jpg
[2022-01-25 14:18:02,653] {logging_mixin.py:104} INFO - [INFO] fetching: https://comicvine1.cbsistatic.com/uploads/original/11138/111385676/7043967-0133166748-tumbl.jpg
[2022-01-25 14:18:05,315] {logging_mixin.py:104} INFO - [INFO] fetching: https://pre00.deviantart.net/979b/th/pre/i/2016/110/2/c/pokemon__001___bulbasaur_by_decibeldisorder3-d98jref.png
[2022-01-25 14:18:08,376] {logging_mixin.py:104} INFO - [INFO] fetching: https://i.redd.it/4meqwbvaakpz.png
[2022-01-25 14:18:10,497] {logging_mixin.py:104} INFO - [INFO] fetching: https://www.nicepng.com/png/detail/280-2800064_fisherman-cartoon-download-pokemon-bulbasaur.png
[2022-01-25 14:18:42,527] {logging_mixin.py:104} INFO - [INFO] fetching: https://img00.deviantart.net/f8fb/i/2016/115/8/9/bulbasaur_by_frost_z-d9yqawl.png
[2022-01-25 14:18:46,193] {logging_mixin.py:104} INFO - [INFO] fetching: https://pre00.deviantart.net/3c8a/th/pre/i/2016/323/e/c/cute_bulbasaur_by_eli150693-daoxgbh.jpg
[2022-01-25 14:18:48,997] {logging_mixin.py:104} INFO - [INFO] fetching: http://clipartmag.com/image/pokemon-bulbasaur-drawing-26.jpg
[2022-01-25 14:18:52,570] {logging_mixin.py:104} INFO - [INFO] fetching: https://cdn.weasyl.com/~hatchlingbyheart/submissions/1644538/e575f1d20d3700149b309de67d4ab490b5d52a4f2dafe0635931bfc43d52285e/hatchlingbyheart-pudgymon-bulbasaur.png
[2022-01-25 14:18:53,237] {logging_mixin.py:104} INFO - [INFO] fetching: https://i.pinimg.com/originals/4c/e6/99/4ce69923b1650ec24855af126a95d2dd.jpg
[2022-01-25 14:18:56,341] {logging_mixin.py:104} INFO - [INFO] making request for group 40-50 of 100...
[2022-01-25 14:18:58,000] {logging_mixin.py:104} INFO - [INFO] saving images for group 40-50 of 100...
[2022-01-25 14:18:58,001] {logging_mixin.py:104} INFO - [INFO] fetching: https://orig00.deviantart.net/19fb/f/2011/252/f/0/bulbasaur_by_trdaz-d49cmfx.png
[2022-01-25 14:19:00,072] {logging_mixin.py:104} INFO - [INFO] fetching: https://images.wallpapersden.com/image/download/bulbasaur-pokemon-detective-pikachu-movie_64877_2932x2932.jpg
[2022-01-25 14:19:03,844] {logging_mixin.py:104} INFO - [INFO] fetching: https://yt3.ggpht.com/a/AATXAJwcnl_E1Vl7vcUPyhKx2tYTdGDpLsHJzHAIBg=s900-c-k-c0xffffffff-no-rj-mo
[2022-01-25 14:19:04,945] {logging_mixin.py:104} INFO - [INFO] fetching: https://www.ecured.cu/images/f/f0/Bulbasaur_01.jpeg
[2022-01-25 14:19:07,286] {logging_mixin.py:104} INFO - [INFO] fetching: https://static.zerochan.net/Bulbasaur.full.2329170.png
[2022-01-25 14:19:09,679] {logging_mixin.py:104} INFO - [INFO] fetching: https://pm1.narvii.com/6304/9b6d46547b812c0a352aaf2e0c006728b4f3a654_hq.jpg
[2022-01-25 14:19:11,224] {logging_mixin.py:104} INFO - [INFO] fetching: https://art.ngfiles.com/images/238000/238864_mabelma_bulbasaur.png?f1362537587
[2022-01-25 14:19:14,668] {logging_mixin.py:104} INFO - [INFO] fetching: https://64.media.tumblr.com/33d90b62d5dcceb74b5db5e9f395014b/4d50179fcb3c000b-ca/s1280x1920/fe934dd4b1e8c73d990c5b9db7116f3878e2af8c.jpg
[2022-01-25 14:19:15,016] {logging_mixin.py:104} INFO - [INFO] fetching: https://brokenpanda.net/wp-content/uploads/1588735220_807_Bulbasaur-HD-Wallpapers-2020.jpg
[2022-01-25 14:19:16,398] {logging_mixin.py:104} INFO - [INFO] fetching: https://pre00.deviantart.net/bfea/th/pre/f/2016/064/f/e/vector__271___bulbasaur__2_by_dashiesparkle-d9axmb6.png
[2022-01-25 14:19:19,097] {logging_mixin.py:104} INFO - [INFO] making request for group 50-60 of 100...
[2022-01-25 14:19:20,328] {logging_mixin.py:104} INFO - [INFO] saving images for group 50-60 of 100...
[2022-01-25 14:19:20,328] {logging_mixin.py:104} INFO - [INFO] fetching: https://cdn.weasyl.com/~hatchlingbyheart/submissions/1644538/e575f1d20d3700149b309de67d4ab490b5d52a4f2dafe0635931bfc43d52285e/hatchlingbyheart-pudgymon-bulbasaur.png
[2022-01-25 14:19:20,635] {logging_mixin.py:104} INFO - [INFO] fetching: https://images.wallpapersden.com/image/download/bulbasaur-pokemon-detective-pikachu-movie_64877_3534x5000.jpg
[2022-01-25 14:19:25,049] {logging_mixin.py:104} INFO - [INFO] fetching: https://cdn.weasyl.com/~nela/submissions/1380759/ceb1e9b0c1ca28ee611fa1f22b77f52e1093c3b7fc7ce20dd00d6d9db38d2099/nela-bulbasaur.png
[2022-01-25 14:19:25,937] {logging_mixin.py:104} INFO - [INFO] fetching: https://www.buildabear.co.uk/on/demandware.static/-/Sites-buildabear-master/default/dw55b4fe34/25448_25681_25626_25574x.jpg
[2022-01-25 14:19:32,196] {logging_mixin.py:104} INFO - [INFO] fetching: https://pre00.deviantart.net/26c5/th/pre/f/2014/179/7/2/shiny_bulbasaur_by_kasanelover-d7odqfr.png
[2022-01-25 14:19:33,996] {logging_mixin.py:104} INFO - [INFO] fetching: https://memestatic.fjcdn.com/pictures/Bulbasaur_e8368c_6820186.jpg
[2022-01-25 14:19:35,756] {logging_mixin.py:104} INFO - [INFO-DEL] deleting: /opt/airflow/dags/images/bulbasaur_55.jpeg
[2022-01-25 14:19:35,758] {logging_mixin.py:104} INFO - [INFO] fetching: https://vignette.wikia.nocookie.net/pokemon/images/8/85/Shiny_Bulbasaur_Artwork_(Side).png/revision/latest?cb=20160128142808
[2022-01-25 14:19:38,109] {logging_mixin.py:104} INFO - [INFO] fetching: https://images-wixmp-ed30a86b8c4ca887773594c2.wixmp.com/f/253b45b6-52fd-46bd-9ab9-96266a7c086d/dblcoa8-b0427bcf-2047-4099-ad1b-4140ae67865e.png?token=eyJ0eXAiOiJKV1QiLCJhbGciOiJIUzI1NiJ9.eyJzdWIiOiJ1cm46YXBwOiIsImlzcyI6InVybjphcHA6Iiwib2JqIjpbW3sicGF0aCI6IlwvZlwvMjUzYjQ1YjYtNTJmZC00NmJkLTlhYjktOTYyNjZhN2MwODZkXC9kYmxjb2E4LWIwNDI3YmNmLTIwNDctNDA5OS1hZDFiLTQxNDBhZTY3ODY1ZS5wbmcifV1dLCJhdWQiOlsidXJuOnNlcnZpY2U6ZmlsZS5kb3dubG9hZCJdfQ.qHxvK3LqhAecFViw2uiCfRksUI6YCVKvno4gu9Xze-Y
[2022-01-25 14:19:38,662] {logging_mixin.py:104} INFO - [INFO] fetching: https://pre00.deviantart.net/fb74/th/pre/i/2010/235/7/a/sweet_bulbasaur_by_freak_sider.png
[2022-01-25 14:19:40,515] {logging_mixin.py:104} INFO - [INFO] fetching: https://64.media.tumblr.com/d654d4797df37d2ad6fc8ba275277bfa/e4670bffbb7131bd-1b/s640x960/79b4dc452a4c585ec23a3bdee045569a4f78c246.png
[2022-01-25 14:19:41,002] {logging_mixin.py:104} INFO - [INFO] making request for group 60-70 of 100...
[2022-01-25 14:19:42,165] {logging_mixin.py:104} INFO - [INFO] saving images for group 60-70 of 100...
[2022-01-25 14:19:42,165] {logging_mixin.py:104} INFO - [INFO] fetching: https://memestatic.fjcdn.com/pictures/Bulbasaur_e8368c_6820186.jpg
[2022-01-25 14:19:43,755] {logging_mixin.py:104} INFO - [INFO-DEL] deleting: /opt/airflow/dags/images/bulbasaur_60.jpeg
[2022-01-25 14:19:43,758] {logging_mixin.py:104} INFO - [INFO] fetching: https://64.media.tumblr.com/d654d4797df37d2ad6fc8ba275277bfa/e4670bffbb7131bd-1b/s640x960/79b4dc452a4c585ec23a3bdee045569a4f78c246.png
[2022-01-25 14:19:44,186] {logging_mixin.py:104} INFO - [INFO] fetching: https://pre00.deviantart.net/fb74/th/pre/i/2010/235/7/a/sweet_bulbasaur_by_freak_sider.png
[2022-01-25 14:19:46,927] {logging_mixin.py:104} INFO - [INFO] fetching: https://www.buildabear.co.uk/on/demandware.static/-/Sites-buildabear-master/default/dw55b4fe34/25448_25681_25626_25574x.jpg
[2022-01-25 14:19:49,544] {logging_mixin.py:104} INFO - [INFO] fetching: https://orig00.deviantart.net/a498/f/2012/279/c/e/bulbasaur_tracing_by_royalnight-d5gy5y8.jpg
[2022-01-25 14:19:51,712] {logging_mixin.py:104} INFO - [INFO] fetching: https://previewsworld.com/SiteImage/FBCatalogImage/STL118603.jpg
[2022-01-25 14:19:56,292] {logging_mixin.py:104} INFO - [INFO] fetching: https://66.media.tumblr.com/225e36dcd01b473189edacf0003cc4ea/tumblr_p0anxvLVom1svq6hoo1_1280.jpg
[2022-01-25 14:19:57,397] {logging_mixin.py:104} INFO - [INFO] fetching: https://orig00.deviantart.net/3066/f/2016/216/c/7/c7648dd74073a77e6d8df18828851a7c-dacn162.png
[2022-01-25 14:19:59,450] {logging_mixin.py:104} INFO - [INFO] fetching: https://preview.redd.it/ygmlw84h1qe11.jpg?auto=webp&s=68e6b896c3670e917d8baad8fc72059c71e90025
[2022-01-25 14:20:00,927] {logging_mixin.py:104} INFO - [INFO] fetching: http://everypokemonepisodereviewed.com/wp-content/uploads/2018/11/Bulbasaur-Vine-Whip.png
[2022-01-25 14:20:20,644] {logging_mixin.py:104} INFO - [INFO] making request for group 70-80 of 100...
[2022-01-25 14:20:22,046] {logging_mixin.py:104} INFO - [INFO] saving images for group 70-80 of 100...
[2022-01-25 14:20:22,047] {logging_mixin.py:104} INFO - [INFO] fetching: http://everypokemonepisodereviewed.com/wp-content/uploads/2018/11/Bulbasaur-Vine-Whip.png
[2022-01-25 14:20:43,041] {logging_mixin.py:104} INFO - [INFO] fetching: https://memestatic.fjcdn.com/pictures/Bulbasaur_e8368c_6820186.jpg
[2022-01-25 14:20:44,577] {logging_mixin.py:104} INFO - [INFO-DEL] deleting: /opt/airflow/dags/images/bulbasaur_71.jpeg
[2022-01-25 14:20:44,579] {logging_mixin.py:104} INFO - [INFO] fetching: https://pre00.deviantart.net/fb74/th/pre/i/2010/235/7/a/sweet_bulbasaur_by_freak_sider.png
[2022-01-25 14:20:46,588] {logging_mixin.py:104} INFO - [INFO] fetching: https://orig00.deviantart.net/3066/f/2016/216/c/7/c7648dd74073a77e6d8df18828851a7c-dacn162.png
[2022-01-25 14:20:48,771] {logging_mixin.py:104} INFO - [INFO] fetching: https://66.media.tumblr.com/225e36dcd01b473189edacf0003cc4ea/tumblr_p0anxvLVom1svq6hoo1_1280.jpg
[2022-01-25 14:20:49,122] {logging_mixin.py:104} INFO - [INFO] fetching: https://64.media.tumblr.com/d654d4797df37d2ad6fc8ba275277bfa/e4670bffbb7131bd-1b/s640x960/79b4dc452a4c585ec23a3bdee045569a4f78c246.png
[2022-01-25 14:20:49,577] {logging_mixin.py:104} INFO - [INFO] fetching: https://i.pinimg.com/originals/6b/be/56/6bbe5648445acd9b1c0e82f58597d305.jpg
[2022-01-25 14:20:52,423] {logging_mixin.py:104} INFO - [INFO] fetching: https://preview.redd.it/ygmlw84h1qe11.jpg?auto=webp&s=68e6b896c3670e917d8baad8fc72059c71e90025
[2022-01-25 14:20:52,859] {logging_mixin.py:104} INFO - [INFO] fetching: https://i.pinimg.com/originals/fa/9e/01/fa9e01b3231836dfddbdc029f512aaa6.jpg
[2022-01-25 14:20:53,568] {logging_mixin.py:104} INFO - [INFO] fetching: https://images.hdqwalls.com/download/bulbasaur-pokemon-dt-1600x1200.jpg
[2022-01-25 14:20:58,997] {logging_mixin.py:104} INFO - [INFO] making request for group 80-90 of 100...
[2022-01-25 14:21:00,444] {logging_mixin.py:104} INFO - [INFO] saving images for group 80-90 of 100...
[2022-01-25 14:21:00,450] {logging_mixin.py:104} INFO - [INFO] fetching: https://vignette.wikia.nocookie.net/starter-squad/images/1/17/Bulbasaur_500px.png/revision/latest/scale-to-width-down/350?cb=20190928020844
[2022-01-25 14:21:03,122] {logging_mixin.py:104} INFO - [INFO] fetching: https://dtkp6g0samjql.cloudfront.net/uploads/photo/file/20123616/ffb854b4-5b4c-433f-9122-fdb6db8acec9.jpg
[2022-01-25 14:21:05,151] {logging_mixin.py:104} INFO - [INFO] fetching: https://preview.redd.it/v9yn1ernkib11.png?auto=webp&s=396b2a981a2c4635f370ba7ca4b0150a969984b0
[2022-01-25 14:21:05,802] {logging_mixin.py:104} INFO - [INFO] fetching: http://4.bp.blogspot.com/_NVQwmjNvEPs/SBUxl2Gp3oI/AAAAAAAAAYQ/vzqZC7pLv2U/s400/Bulbasaur2.jpg
[2022-01-25 14:21:06,676] {logging_mixin.py:104} INFO - [INFO] fetching: http://queenmobs.com/wp-content/uploads/2015/04/bulbasaur.png
[2022-01-25 14:21:10,505] {logging_mixin.py:104} INFO - [INFO] fetching: https://orig00.deviantart.net/7453/f/2017/365/2/7/bulbasaur_by_moliin-dbyfd4k.png
[2022-01-25 14:21:15,409] {logging_mixin.py:104} INFO - [INFO] fetching: https://orig00.deviantart.net/20ca/f/2012/136/d/e/bulbasaur_vector_by_atomicazure-d500wjc.gif
[2022-01-25 14:21:17,258] {logging_mixin.py:104} INFO - [INFO-DEL] deleting: /opt/airflow/dags/images/bulbasaur_86.gif
[2022-01-25 14:21:17,263] {logging_mixin.py:104} INFO - [INFO] fetching: https://img00.deviantart.net/bc0a/i/2015/221/4/6/bulbasaur_by_magicalzombie-d94wx7j.png
[2022-01-25 14:21:20,422] {logging_mixin.py:104} INFO - [INFO] fetching: https://s2.megabrandsmedia.com/2020/06/02/15/19/39/jiiwL5fjv31591125579.jpeg
[2022-01-25 14:21:21,755] {logging_mixin.py:104} INFO - [INFO] fetching: http://cdn.wallpaperhi.com/1680x1050/20130606/pokemon%20bulbasaur%20pikachu%20squirtle%20bulbs%20charmander_www.wallpaperhi.com_73.jpg
[2022-01-25 14:21:26,924] {logging_mixin.py:104} INFO - [INFO] making request for group 90-100 of 100...
[2022-01-25 14:21:28,505] {logging_mixin.py:104} INFO - [INFO] saving images for group 90-100 of 100...
[2022-01-25 14:21:28,506] {logging_mixin.py:104} INFO - [INFO] fetching: https://posterspy.com/wp-content/uploads/2018/10/Bulbasaur.png
[2022-01-25 14:21:31,264] {logging_mixin.py:104} INFO - [INFO] fetching: https://yt3.ggpht.com/a/AATXAJwcnl_E1Vl7vcUPyhKx2tYTdGDpLsHJzHAIBg=s900-c-k-c0xffffffff-no-rj-mo
[2022-01-25 14:21:31,549] {logging_mixin.py:104} INFO - [INFO] fetching: https://66.media.tumblr.com/225e36dcd01b473189edacf0003cc4ea/tumblr_p0anxvLVom1svq6hoo1_1280.jpg
[2022-01-25 14:21:32,378] {logging_mixin.py:104} INFO - [INFO] fetching: https://i.pinimg.com/originals/fa/9e/01/fa9e01b3231836dfddbdc029f512aaa6.jpg
[2022-01-25 14:21:34,184] {logging_mixin.py:104} INFO - [INFO] fetching: http://img.game.co.uk/ml2/7/6/9/0/769025_gen_a.png
[2022-01-25 14:21:36,812] {logging_mixin.py:104} INFO - [INFO] fetching: https://www.funkohouse.com/wp-content/uploads/2019/02/bulbasaur-final-1.jpg
[2022-01-25 14:21:38,964] {logging_mixin.py:104} INFO - [INFO-DEL] deleting: /opt/airflow/dags/images/bulbasaur_95.jpeg
[2022-01-25 14:21:38,966] {logging_mixin.py:104} INFO - [INFO] fetching: https://img00.deviantart.net/df8f/i/2009/220/1/c/_bulbasaur_001__by_pokechibiartist98.jpg
[2022-01-25 14:21:41,057] {logging_mixin.py:104} INFO - [INFO] fetching: https://dthezntil550i.cloudfront.net/1i/latest/1i2101071326419610002088753/1280_960/0f018ae6-415c-40fb-841c-ff66b4988b37.png
[2022-01-25 14:21:42,521] {logging_mixin.py:104} INFO - [INFO] fetching: https://images.wallpapersden.com/image/download/bulbasaur-pokemon-detective-pikachu-movie_a2ltbGyUmZqaraWkpJRmZW1lrWZuZ2U.jpg
[2022-01-25 14:21:44,140] {logging_mixin.py:104} INFO - [INFO] fetching: http://static.minitokyo.net/downloads/28/11/145578.jpg
[2022-01-25 14:21:46,853] {logging_mixin.py:104} INFO - **************************************************
[2022-01-25 14:21:46,853] {logging_mixin.py:104} INFO - [END] Images Donwloaded for bulbasaur
[2022-01-25 14:21:46,854] {logging_mixin.py:104} INFO - **************************************************
[2022-01-25 14:21:46,855] {logging_mixin.py:104} INFO - [INFO] searching Bing API for 'charmander'
[2022-01-25 14:21:48,383] {logging_mixin.py:104} INFO - [INFO] 100 total results for 'charmander'
[2022-01-25 14:21:48,388] {logging_mixin.py:104} INFO - [INFO] making request for group 0-10 of 100...
[2022-01-25 14:21:49,099] {logging_mixin.py:104} INFO - [INFO] saving images for group 0-10 of 100...
[2022-01-25 14:21:49,100] {logging_mixin.py:104} INFO - [INFO] fetching: https://yt3.ggpht.com/a/AATXAJz4dpjuj_YfWAndj0GLW_5VMTH9OJcpWfIcAf7y=s900-c-k-c0xffffffff-no-rj-mo
[2022-01-25 14:21:49,592] {logging_mixin.py:104} INFO - [INFO] fetching: https://mimi-panda.com/wp-content/uploads/2020/09/Charmander.jpg
[2022-01-25 14:21:52,327] {logging_mixin.py:104} INFO - [INFO] fetching: https://pre11.deviantart.net/a42a/th/pre/f/2012/323/9/a/pokedex_challenge_004_charmander_by_blue_diamond_shadow-d5lctpa.png
[2022-01-25 14:21:54,316] {logging_mixin.py:104} INFO - [INFO] fetching: http://getwallpapers.com/wallpaper/full/e/d/0/1499086-charmander-background-1536x2048-large-resolution.jpg
[2022-01-25 14:21:57,649] {logging_mixin.py:104} INFO - [INFO] fetching: https://pm1.narvii.com/5704/7ba07007419db2ff764bc257e2faf6a155693313_hq.jpg
[2022-01-25 14:21:57,881] {logging_mixin.py:104} INFO - [INFO] fetching: https://yt3.ggpht.com/a/AATXAJxPF5CNZpy0PcWr2jKDl3I9m-wAuygY6gap=s900-c-k-c0xffffffff-no-rj-mo
[2022-01-25 14:21:58,244] {logging_mixin.py:104} INFO - [INFO] fetching: https://www.ssbwiki.com/images/thumb/f/f5/Charmander-Origin.png/1200px-Charmander-Origin.png
[2022-01-25 14:22:05,924] {logging_mixin.py:104} INFO - [INFO] fetching: https://www.pinclipart.com/picdir/middle/558-5587474_user-drawings-wiki-fandom-pokemon-charmander-clipart.png
[2022-01-25 14:22:18,857] {logging_mixin.py:104} INFO - [INFO] fetching: https://yt3.ggpht.com/a/AATXAJwY3XtnK5Al8untQvBGOqvD-OmYujVShzQajQ=s900-c-k-c0xffffffff-no-rj-mo
[2022-01-25 14:22:19,952] {logging_mixin.py:104} INFO - [INFO] fetching: https://vignette.wikia.nocookie.net/pokemon-hangout/images/5/56/Charmander.png/revision/latest?cb=20180109203806
[2022-01-25 14:22:21,435] {logging_mixin.py:104} INFO - [INFO] making request for group 10-20 of 100...
[2022-01-25 14:22:22,713] {logging_mixin.py:104} INFO - [INFO] saving images for group 10-20 of 100...
[2022-01-25 14:22:22,718] {logging_mixin.py:104} INFO - [INFO] fetching: https://yt3.ggpht.com/a/AATXAJwH2DkF_gnCJRuPRWZfUY_G2lOft2MOST1veA=s900-c-k-c0xffffffff-no-rj-mo
[2022-01-25 14:22:23,721] {logging_mixin.py:104} INFO - [INFO] fetching: https://pm1.narvii.com/5704/7ba07007419db2ff764bc257e2faf6a155693313_hq.jpg
[2022-01-25 14:22:23,886] {logging_mixin.py:104} INFO - [INFO] fetching: http://getwallpapers.com/wallpaper/full/e/d/0/1499086-charmander-background-1536x2048-large-resolution.jpg
[2022-01-25 14:22:27,458] {logging_mixin.py:104} INFO - [INFO] fetching: https://yt3.ggpht.com/a/AATXAJxPF5CNZpy0PcWr2jKDl3I9m-wAuygY6gap=s900-c-k-c0xffffffff-no-rj-mo
[2022-01-25 14:22:27,887] {logging_mixin.py:104} INFO - [INFO] fetching: http://pre09.deviantart.net/3c64/th/pre/f/2012/092/2/4/004_charmander_by_scope66-d4usrtn.png
[2022-01-25 14:22:30,733] {logging_mixin.py:104} INFO - [INFO] fetching: https://yt3.ggpht.com/a/AATXAJwZeHpNIBk12_tYCBhQKWYWfBe4nfdvb5WMdUTj=s900-c-k-c0xffffffff-no-rj-mo
[2022-01-25 14:22:31,075] {logging_mixin.py:104} INFO - [INFO] fetching: https://yt3.ggpht.com/a/AATXAJxOATMJQHk67QAPMfg8OKNiIKftrk7mAcUdQ4R7=s900-c-k-c0xffffffff-no-rj-mo
[2022-01-25 14:22:32,067] {logging_mixin.py:104} INFO - [INFO] fetching: https://images-wixmp-ed30a86b8c4ca887773594c2.wixmp.com/f/f5ab561c-405b-4649-86b2-096272709cb7/d77spyp-2e085fa7-1984-45bf-bb06-488cfef31aa7.png/v1/fill/w_800,h_800,strp/pokemon_004___charmander_by_illustrationoverdose_d77spyp-fullview.png?token=eyJ0eXAiOiJKV1QiLCJhbGciOiJIUzI1NiJ9.eyJzdWIiOiJ1cm46YXBwOjdlMGQxODg5ODIyNjQzNzNhNWYwZDQxNWVhMGQyNmUwIiwiaXNzIjoidXJuOmFwcDo3ZTBkMTg4OTgyMjY0MzczYTVmMGQ0MTVlYTBkMjZlMCIsIm9iaiI6W1t7ImhlaWdodCI6Ijw9ODAwIiwicGF0aCI6IlwvZlwvZjVhYjU2MWMtNDA1Yi00NjQ5LTg2YjItMDk2MjcyNzA5Y2I3XC9kNzdzcHlwLTJlMDg1ZmE3LTE5ODQtNDViZi1iYjA2LTQ4OGNmZWYzMWFhNy5wbmciLCJ3aWR0aCI6Ijw9ODAwIn1dXSwiYXVkIjpbInVybjpzZXJ2aWNlOmltYWdlLm9wZXJhdGlvbnMiXX0.6HBSeJauhTNmoFweyn53Ox867RGUDxrLn3pY-n8Nmh8
[2022-01-25 14:22:33,230] {logging_mixin.py:104} INFO - [INFO] fetching: https://yt3.ggpht.com/a/AATXAJwY3XtnK5Al8untQvBGOqvD-OmYujVShzQajQ=s900-c-k-c0xffffffff-no-rj-mo
[2022-01-25 14:22:33,992] {logging_mixin.py:104} INFO - [INFO] fetching: https://pre00.deviantart.net/4a96/th/pre/f/2016/073/c/e/004___charmander_by_pr0xis0ul-d9p4f0l.png
[2022-01-25 14:22:38,117] {logging_mixin.py:104} INFO - [INFO] making request for group 20-30 of 100...
[2022-01-25 14:22:39,900] {logging_mixin.py:104} INFO - [INFO] saving images for group 20-30 of 100...
[2022-01-25 14:22:39,902] {logging_mixin.py:104} INFO - [INFO] fetching: https://yt3.ggpht.com/a/AATXAJxOATMJQHk67QAPMfg8OKNiIKftrk7mAcUdQ4R7=s900-c-k-c0xffffffff-no-rj-mo
[2022-01-25 14:22:41,106] {logging_mixin.py:104} INFO - [INFO] fetching: https://yt3.ggpht.com/a/AATXAJwZeHpNIBk12_tYCBhQKWYWfBe4nfdvb5WMdUTj=s900-c-k-c0xffffffff-no-rj-mo
[2022-01-25 14:22:42,200] {logging_mixin.py:104} INFO - [INFO] fetching: https://yt3.ggpht.com/a/AATXAJwY3XtnK5Al8untQvBGOqvD-OmYujVShzQajQ=s900-c-k-c0xffffffff-no-rj-mo
[2022-01-25 14:22:42,929] {logging_mixin.py:104} INFO - [INFO] fetching: https://images-wixmp-ed30a86b8c4ca887773594c2.wixmp.com/f/f5ab561c-405b-4649-86b2-096272709cb7/d77spyp-2e085fa7-1984-45bf-bb06-488cfef31aa7.png/v1/fill/w_800,h_800,strp/pokemon_004___charmander_by_illustrationoverdose_d77spyp-fullview.png?token=eyJ0eXAiOiJKV1QiLCJhbGciOiJIUzI1NiJ9.eyJzdWIiOiJ1cm46YXBwOjdlMGQxODg5ODIyNjQzNzNhNWYwZDQxNWVhMGQyNmUwIiwiaXNzIjoidXJuOmFwcDo3ZTBkMTg4OTgyMjY0MzczYTVmMGQ0MTVlYTBkMjZlMCIsIm9iaiI6W1t7ImhlaWdodCI6Ijw9ODAwIiwicGF0aCI6IlwvZlwvZjVhYjU2MWMtNDA1Yi00NjQ5LTg2YjItMDk2MjcyNzA5Y2I3XC9kNzdzcHlwLTJlMDg1ZmE3LTE5ODQtNDViZi1iYjA2LTQ4OGNmZWYzMWFhNy5wbmciLCJ3aWR0aCI6Ijw9ODAwIn1dXSwiYXVkIjpbInVybjpzZXJ2aWNlOmltYWdlLm9wZXJhdGlvbnMiXX0.6HBSeJauhTNmoFweyn53Ox867RGUDxrLn3pY-n8Nmh8
[2022-01-25 14:22:43,757] {logging_mixin.py:104} INFO - [INFO] fetching: https://pre00.deviantart.net/f1a7/th/pre/i/2011/336/3/8/charmander_by_songokukai-d4hyibi.png
[2022-01-25 14:22:48,232] {logging_mixin.py:104} INFO - [INFO] fetching: http://www.game-art-hq.com/wp-content/uploads/2016/09/Charmander-used-Scratch-Pokemon-Gen-I-Tribute-on-Game-Art-HQ.com-by-CrazyInfin8.png
[2022-01-25 14:22:55,413] {logging_mixin.py:104} INFO - [INFO] fetching: https://pre00.deviantart.net/6c1e/th/pre/i/2010/046/5/7/charmander_by_beagleboy4ever.jpg
[2022-01-25 14:22:59,713] {logging_mixin.py:104} INFO - [INFO] fetching: https://pm1.narvii.com/5730/45946c5145272773b1df5138bbeb18ea8537873f_hq.jpg
[2022-01-25 14:23:01,509] {logging_mixin.py:104} INFO - [INFO] fetching: https://i.etsystatic.com/19205616/r/il/cabe9b/3043539289/il_fullxfull.3043539289_6mix.jpg
[2022-01-25 14:23:04,087] {logging_mixin.py:104} INFO - [INFO] fetching: https://www.pngitem.com/pimgs/m/117-1172406_pokemon-charmander-free-png-image-pokemon-charmander-png.png
[2022-01-25 14:23:56,683] {logging_mixin.py:104} INFO - [INFO] making request for group 30-40 of 100...
[2022-01-25 14:23:58,180] {logging_mixin.py:104} INFO - [INFO] saving images for group 30-40 of 100...
[2022-01-25 14:23:58,180] {logging_mixin.py:104} INFO - [INFO] fetching: https://yt3.ggpht.com/a/AATXAJwY3XtnK5Al8untQvBGOqvD-OmYujVShzQajQ=s900-c-k-c0xffffffff-no-rj-mo
[2022-01-25 14:23:58,693] {logging_mixin.py:104} INFO - [INFO] fetching: http://www.game-art-hq.com/wp-content/uploads/2016/09/Charmander-used-Scratch-Pokemon-Gen-I-Tribute-on-Game-Art-HQ.com-by-CrazyInfin8.png
[2022-01-25 14:24:03,017] {logging_mixin.py:104} INFO - [INFO] fetching: https://pre00.deviantart.net/8bea/th/pre/i/2017/314/2/6/charmander_not_scared_by_cansin13art-dbtc2p3.png
[2022-01-25 14:24:05,556] {logging_mixin.py:104} INFO - [INFO] fetching: https://yt3.ggpht.com/a/AATXAJzH7CfD0ZvNuFsoB29fsjzUm1d1tKaORxwj5w=s900-c-k-c0xffffffff-no-rj-mo
[2022-01-25 14:24:06,688] {logging_mixin.py:104} INFO - [INFO] fetching: http://pm1.narvii.com/5706/e075272a01e262320eb46904855de1d0fb8e0a07_hq.jpg
[2022-01-25 14:24:08,862] {logging_mixin.py:104} INFO - [INFO] fetching: https://pre00.deviantart.net/d1cb/th/pre/i/2011/230/8/c/hi_res_charmander_by_elektro_omega-d47088d.png
[2022-01-25 14:24:12,470] {logging_mixin.py:104} INFO - [INFO] fetching: https://orig00.deviantart.net/8b15/f/2010/114/6/e/awesome_face_charmander_by_ultimatekirbyfan_da.jpg
[2022-01-25 14:24:14,993] {logging_mixin.py:104} INFO - [INFO] fetching: https://static3.thegamerimages.com/wordpress/wp-content/uploads/2020/07/pokemon-charmander.jpg
[2022-01-25 14:24:16,537] {logging_mixin.py:104} INFO - [INFO] fetching: https://vignette.wikia.nocookie.net/leonhartimvu/images/c/c8/Shiny_Charmander.png/revision/latest?cb=20131018072757
[2022-01-25 14:24:20,135] {logging_mixin.py:104} INFO - [INFO] fetching: https://va.ib.metapix.net/files/screen/565/565952_DancingChar_manderpic_alt.png
[2022-01-25 14:24:24,877] {logging_mixin.py:104} INFO - [INFO] making request for group 40-50 of 100...
[2022-01-25 14:24:26,175] {logging_mixin.py:104} INFO - [INFO] saving images for group 40-50 of 100...
[2022-01-25 14:24:26,176] {logging_mixin.py:104} INFO - [INFO] fetching: https://orig00.deviantart.net/8b15/f/2010/114/6/e/awesome_face_charmander_by_ultimatekirbyfan_da.jpg
[2022-01-25 14:24:28,596] {logging_mixin.py:104} INFO - [INFO] fetching: https://orig00.deviantart.net/6239/f/2017/078/4/7/charmander__004_wallpaper__2048_x_2732_pixels__by_birde_3-db2wfoo.png
[2022-01-25 14:24:36,137] {logging_mixin.py:104} INFO - [INFO] fetching: https://pre00.deviantart.net/8bea/th/pre/i/2017/314/2/6/charmander_not_scared_by_cansin13art-dbtc2p3.png
[2022-01-25 14:24:38,558] {logging_mixin.py:104} INFO - [INFO] fetching: https://www.clipartkey.com/mpngs/m/87-874256_transparent-charmander-png-charmander.png
[2022-01-25 14:24:52,787] {logging_mixin.py:104} INFO - [INFO] fetching: https://vignette.wikia.nocookie.net/leonhartimvu/images/c/c8/Shiny_Charmander.png/revision/latest?cb=20131018072757
[2022-01-25 14:24:56,013] {logging_mixin.py:104} INFO - [INFO] fetching: https://va.ib.metapix.net/files/screen/565/565952_DancingChar_manderpic_alt.png
[2022-01-25 14:25:00,606] {logging_mixin.py:104} INFO - [INFO] fetching: https://i.pinimg.com/736x/3a/70/68/3a7068314e48772f4a3a6e2c6d393797.jpg
[2022-01-25 14:25:03,016] {logging_mixin.py:104} INFO - [INFO] fetching: http://pokemon-overdose.com/wp-content/uploads/004-640x640.png
[2022-01-25 14:25:04,881] {logging_mixin.py:104} INFO - [INFO] fetching: https://cdn.weasyl.com/~hierrotatsu/submissions/629413/7094a2caa54de14f687c9a7d1d82b7bea1a191f0698c8ac51cf00e24198de942/hierrotatsu-charmander.png?download
[2022-01-25 14:25:06,565] {logging_mixin.py:104} INFO - [INFO] fetching: https://img00.deviantart.net/fbaa/i/2012/213/2/1/charmander_can_have_a_weak_stomach_____by_wonder_waffle-d59hvkm.png
[2022-01-25 14:25:09,266] {logging_mixin.py:104} INFO - [INFO] making request for group 50-60 of 100...
[2022-01-25 14:25:10,812] {logging_mixin.py:104} INFO - [INFO] saving images for group 50-60 of 100...
[2022-01-25 14:25:10,815] {logging_mixin.py:104} INFO - [INFO] fetching: http://getwallpapers.com/wallpaper/full/e/d/0/1499086-charmander-background-1536x2048-large-resolution.jpg
[2022-01-25 14:25:13,802] {logging_mixin.py:104} INFO - [INFO] fetching: https://4.bp.blogspot.com/-19YlRq3V-PY/UTQP28YHH3I/AAAAAAAACAQ/JsRs1mstf-E/w800/charmander_render_by_stealth14-d464vel.png
[2022-01-25 14:25:15,326] {logging_mixin.py:104} INFO - [INFO] fetching: https://www.netclipart.com/pp/m/73-737618_pokemon-charmander-wallpaper-iphone.png
[2022-01-25 14:25:52,153] {logging_mixin.py:104} INFO - [INFO] fetching: https://pre00.deviantart.net/883e/th/pre/i/2015/110/b/f/charmander_by_johnabelcher-d6q8atd.jpg
[2022-01-25 14:25:54,832] {logging_mixin.py:104} INFO - [INFO] fetching: https://orig00.deviantart.net/d652/f/2010/348/4/4/charmander_by_invaderugli-d34v0j9.png
[2022-01-25 14:25:57,157] {logging_mixin.py:104} INFO - [INFO] fetching: https://vignette.wikia.nocookie.net/leonhartimvu/images/b/bb/Shiny_Charmander_OS2.png/revision/latest/scale-to-width-down/170?cb=20131018072758
[2022-01-25 14:25:58,823] {logging_mixin.py:104} INFO - [INFO] fetching: https://i.ytimg.com/vi/df2efqqN7JI/maxresdefault.jpg
[2022-01-25 14:26:00,117] {logging_mixin.py:104} INFO - [INFO] fetching: https://www.pngkey.com/png/detail/150-1500510_squirtle-pokemon-png-by-megbeth-royalty-free-stock.png
[2022-01-25 14:26:01,091] {logging_mixin.py:104} INFO - [ERROR]:  HTTPSConnectionPool(host='www.pngkey.com', port=443): Max retries exceeded with url: /png/detail/150-1500510_squirtle-pokemon-png-by-megbeth-royalty-free-stock.png (Caused by SSLError(SSLError(1, '[SSL: CERTIFICATE_VERIFY_FAILED] certificate verify failed (_ssl.c:852)'),))
[2022-01-25 14:26:01,093] {logging_mixin.py:104} INFO - [INFO] fetching: https://images-wixmp-ed30a86b8c4ca887773594c2.wixmp.com/intermediary/f/85b553e1-68c2-41dc-91e0-3be3c7a0bfc1/dcvsfue-f3ad2d7d-d201-4dc1-aca3-185778f2fe63.png
[2022-01-25 14:26:02,741] {logging_mixin.py:104} INFO - [INFO] fetching: https://i.pinimg.com/originals/95/00/0f/95000fee8c2f84cf5ac3cfab4aaea52c.png
[2022-01-25 14:26:12,756] {logging_mixin.py:104} INFO - [ERROR]:  HTTPSConnectionPool(host='i.pinimg.com', port=443): Max retries exceeded with url: /originals/95/00/0f/95000fee8c2f84cf5ac3cfab4aaea52c.png (Caused by NewConnectionError('<urllib3.connection.HTTPSConnection object at 0x7fa296e90cf8>: Failed to establish a new connection: [Errno -3] Temporary failure in name resolution',))
[2022-01-25 14:26:12,758] {logging_mixin.py:104} INFO - [INFO] making request for group 60-70 of 100...
[2022-01-25 14:26:22,770] {taskinstance.py:1455} ERROR - HTTPSConnectionPool(host='api.bing.microsoft.com', port=443): Max retries exceeded with url: /v7.0/images/search/?q=charmander&offset=60&count=10 (Caused by NewConnectionError('<urllib3.connection.HTTPSConnection object at 0x7fa296e90f28>: Failed to establish a new connection: [Errno -3] Temporary failure in name resolution',))
Traceback (most recent call last):
  File "/home/airflow/.local/lib/python3.6/site-packages/urllib3/connection.py", line 160, in _new_conn
    (self._dns_host, self.port), self.timeout, **extra_kw
  File "/home/airflow/.local/lib/python3.6/site-packages/urllib3/util/connection.py", line 61, in create_connection
    for res in socket.getaddrinfo(host, port, family, socket.SOCK_STREAM):
  File "/usr/local/lib/python3.6/socket.py", line 745, in getaddrinfo
    for res in _socket.getaddrinfo(host, port, family, type, proto, flags):
socket.gaierror: [Errno -3] Temporary failure in name resolution

During handling of the above exception, another exception occurred:

Traceback (most recent call last):
  File "/home/airflow/.local/lib/python3.6/site-packages/urllib3/connectionpool.py", line 677, in urlopen
    chunked=chunked,
  File "/home/airflow/.local/lib/python3.6/site-packages/urllib3/connectionpool.py", line 381, in _make_request
    self._validate_conn(conn)
  File "/home/airflow/.local/lib/python3.6/site-packages/urllib3/connectionpool.py", line 978, in _validate_conn
    conn.connect()
  File "/home/airflow/.local/lib/python3.6/site-packages/urllib3/connection.py", line 309, in connect
    conn = self._new_conn()
  File "/home/airflow/.local/lib/python3.6/site-packages/urllib3/connection.py", line 172, in _new_conn
    self, "Failed to establish a new connection: %s" % e
urllib3.exceptions.NewConnectionError: <urllib3.connection.HTTPSConnection object at 0x7fa296e90f28>: Failed to establish a new connection: [Errno -3] Temporary failure in name resolution

During handling of the above exception, another exception occurred:

Traceback (most recent call last):
  File "/home/airflow/.local/lib/python3.6/site-packages/requests/adapters.py", line 449, in send
    timeout=timeout
  File "/home/airflow/.local/lib/python3.6/site-packages/urllib3/connectionpool.py", line 727, in urlopen
    method, url, error=e, _pool=self, _stacktrace=sys.exc_info()[2]
  File "/home/airflow/.local/lib/python3.6/site-packages/urllib3/util/retry.py", line 446, in increment
    raise MaxRetryError(_pool, url, error or ResponseError(cause))
urllib3.exceptions.MaxRetryError: HTTPSConnectionPool(host='api.bing.microsoft.com', port=443): Max retries exceeded with url: /v7.0/images/search/?q=charmander&offset=60&count=10 (Caused by NewConnectionError('<urllib3.connection.HTTPSConnection object at 0x7fa296e90f28>: Failed to establish a new connection: [Errno -3] Temporary failure in name resolution',))

During handling of the above exception, another exception occurred:

Traceback (most recent call last):
  File "/home/airflow/.local/lib/python3.6/site-packages/airflow/models/taskinstance.py", line 1112, in _run_raw_task
    self._prepare_and_execute_task_with_callbacks(context, task)
  File "/home/airflow/.local/lib/python3.6/site-packages/airflow/models/taskinstance.py", line 1285, in _prepare_and_execute_task_with_callbacks
    result = self._execute_task(context, task_copy)
  File "/home/airflow/.local/lib/python3.6/site-packages/airflow/models/taskinstance.py", line 1315, in _execute_task
    result = task_copy.execute(context=context)
  File "/home/airflow/.local/lib/python3.6/site-packages/airflow/operators/python.py", line 117, in execute
    return_value = self.execute_callable()
  File "/home/airflow/.local/lib/python3.6/site-packages/airflow/operators/python.py", line 128, in execute_callable
    return self.python_callable(*self.op_args, **self.op_kwargs)
  File "/opt/airflow/dags/bing_image_download.py", line 102, in bing_image_download
    search = requests.get(URL, headers=headers, params=params)
  File "/home/airflow/.local/lib/python3.6/site-packages/requests/api.py", line 76, in get
    return request('get', url, params=params, **kwargs)
  File "/home/airflow/.local/lib/python3.6/site-packages/requests/api.py", line 61, in request
    return session.request(method=method, url=url, **kwargs)
  File "/home/airflow/.local/lib/python3.6/site-packages/requests/sessions.py", line 542, in request
    resp = self.send(prep, **send_kwargs)
  File "/home/airflow/.local/lib/python3.6/site-packages/requests/sessions.py", line 655, in send
    r = adapter.send(request, **kwargs)
  File "/home/airflow/.local/lib/python3.6/site-packages/requests/adapters.py", line 516, in send
    raise ConnectionError(e, request=request)
requests.exceptions.ConnectionError: HTTPSConnectionPool(host='api.bing.microsoft.com', port=443): Max retries exceeded with url: /v7.0/images/search/?q=charmander&offset=60&count=10 (Caused by NewConnectionError('<urllib3.connection.HTTPSConnection object at 0x7fa296e90f28>: Failed to establish a new connection: [Errno -3] Temporary failure in name resolution',))
[2022-01-25 14:26:22,783] {taskinstance.py:1503} INFO - Marking task as FAILED. dag_id=bing_image_download, task_id=bing_image_download, execution_date=20220125T140142, start_date=20220125T141149, end_date=20220125T142622
[2022-01-25 14:26:22,867] {local_task_job.py:146} INFO - Task exited with return code 1
