[2022-01-25 10:58:18,657] {taskinstance.py:851} INFO - Dependencies all met for <TaskInstance: classification.load_data 2022-01-25T10:57:57.756095+00:00 [queued]>
[2022-01-25 10:58:18,696] {taskinstance.py:851} INFO - Dependencies all met for <TaskInstance: classification.load_data 2022-01-25T10:57:57.756095+00:00 [queued]>
[2022-01-25 10:58:18,697] {taskinstance.py:1042} INFO - 
--------------------------------------------------------------------------------
[2022-01-25 10:58:18,699] {taskinstance.py:1043} INFO - Starting attempt 1 of 2
[2022-01-25 10:58:18,701] {taskinstance.py:1044} INFO - 
--------------------------------------------------------------------------------
[2022-01-25 10:58:18,761] {taskinstance.py:1063} INFO - Executing <Task(PythonOperator): load_data> on 2022-01-25T10:57:57.756095+00:00
[2022-01-25 10:58:18,771] {standard_task_runner.py:52} INFO - Started process 65 to run task
[2022-01-25 10:58:18,843] {standard_task_runner.py:76} INFO - Running: ['airflow', 'tasks', 'run', 'classification', 'load_data', '2022-01-25T10:57:57.756095+00:00', '--job-id', '102', '--pool', 'default_pool', '--raw', '--subdir', 'DAGS_FOLDER/classification.py', '--cfg-path', '/tmp/tmp4jyi0z30', '--error-file', '/tmp/tmpg_kr8sxm']
[2022-01-25 10:58:18,872] {standard_task_runner.py:77} INFO - Job 102: Subtask load_data
[2022-01-25 10:58:19,100] {logging_mixin.py:104} INFO - Running <TaskInstance: classification.load_data 2022-01-25T10:57:57.756095+00:00 [running]> on host 54a54d544bf0
[2022-01-25 10:58:19,329] {taskinstance.py:1257} INFO - Exporting the following env vars:
AIRFLOW_CTX_DAG_OWNER=airflow
AIRFLOW_CTX_DAG_ID=classification
AIRFLOW_CTX_TASK_ID=load_data
AIRFLOW_CTX_EXECUTION_DATE=2022-01-25T10:57:57.756095+00:00
AIRFLOW_CTX_DAG_RUN_ID=manual__2022-01-25T10:57:57.756095+00:00
[2022-01-25 10:58:47,985] {python.py:118} INFO - Done. Returned value was: None
[2022-01-25 10:58:48,009] {taskinstance.py:1166} INFO - Marking task as SUCCESS. dag_id=classification, task_id=load_data, execution_date=20220125T105757, start_date=20220125T105818, end_date=20220125T105848
[2022-01-25 10:58:48,063] {taskinstance.py:1220} INFO - 1 downstream tasks scheduled from follow-on schedule check
[2022-01-25 10:58:48,110] {local_task_job.py:146} INFO - Task exited with return code 0
