[2022-01-25 13:45:35,704] {taskinstance.py:851} INFO - Dependencies all met for <TaskInstance: classification.check_data_exist 2022-01-24T00:00:00+00:00 [queued]>
[2022-01-25 13:45:35,719] {taskinstance.py:851} INFO - Dependencies all met for <TaskInstance: classification.check_data_exist 2022-01-24T00:00:00+00:00 [queued]>
[2022-01-25 13:45:35,720] {taskinstance.py:1042} INFO - 
--------------------------------------------------------------------------------
[2022-01-25 13:45:35,720] {taskinstance.py:1043} INFO - Starting attempt 1 of 2
[2022-01-25 13:45:35,721] {taskinstance.py:1044} INFO - 
--------------------------------------------------------------------------------
[2022-01-25 13:45:35,740] {taskinstance.py:1063} INFO - Executing <Task(BranchPythonOperator): check_data_exist> on 2022-01-24T00:00:00+00:00
[2022-01-25 13:45:35,746] {standard_task_runner.py:52} INFO - Started process 125 to run task
[2022-01-25 13:45:35,752] {standard_task_runner.py:76} INFO - Running: ['airflow', 'tasks', 'run', 'classification', 'check_data_exist', '2022-01-24T00:00:00+00:00', '--job-id', '156', '--pool', 'default_pool', '--raw', '--subdir', 'DAGS_FOLDER/classification.py', '--cfg-path', '/tmp/tmpt4v4xz91', '--error-file', '/tmp/tmpjlsy6hvl']
[2022-01-25 13:45:35,757] {standard_task_runner.py:77} INFO - Job 156: Subtask check_data_exist
[2022-01-25 13:45:35,817] {logging_mixin.py:104} INFO - Running <TaskInstance: classification.check_data_exist 2022-01-24T00:00:00+00:00 [running]> on host 05cddda723d4
[2022-01-25 13:45:35,865] {taskinstance.py:1257} INFO - Exporting the following env vars:
AIRFLOW_CTX_DAG_OWNER=airflow
AIRFLOW_CTX_DAG_ID=classification
AIRFLOW_CTX_TASK_ID=check_data_exist
AIRFLOW_CTX_EXECUTION_DATE=2022-01-24T00:00:00+00:00
AIRFLOW_CTX_DAG_RUN_ID=scheduled__2022-01-24T00:00:00+00:00
[2022-01-25 13:45:35,925] {logging_mixin.py:104} INFO - bulbasaur_0.jpeg
[2022-01-25 13:45:35,926] {logging_mixin.py:104} INFO - bulbasaur_1.png
[2022-01-25 13:45:35,927] {logging_mixin.py:104} INFO - bulbasaur_10.jpeg
[2022-01-25 13:45:35,927] {logging_mixin.py:104} INFO - bulbasaur_11.png
[2022-01-25 13:45:35,927] {logging_mixin.py:104} INFO - bulbasaur_12.png
[2022-01-25 13:45:35,928] {logging_mixin.py:104} INFO - bulbasaur_13.png
[2022-01-25 13:45:35,928] {logging_mixin.py:104} INFO - bulbasaur_14.jpeg
[2022-01-25 13:45:35,929] {logging_mixin.py:104} INFO - bulbasaur_15.jpeg
[2022-01-25 13:45:35,929] {logging_mixin.py:104} INFO - bulbasaur_16.png
[2022-01-25 13:45:35,930] {logging_mixin.py:104} INFO - bulbasaur_17.png
[2022-01-25 13:45:35,930] {logging_mixin.py:104} INFO - bulbasaur_18.png
[2022-01-25 13:45:35,935] {logging_mixin.py:104} INFO - bulbasaur_2.png
[2022-01-25 13:45:35,936] {logging_mixin.py:104} INFO - bulbasaur_3.png
[2022-01-25 13:45:35,937] {logging_mixin.py:104} INFO - bulbasaur_4.png
[2022-01-25 13:45:35,938] {logging_mixin.py:104} INFO - bulbasaur_5.jpeg
[2022-01-25 13:45:35,938] {logging_mixin.py:104} INFO - bulbasaur_6.png
[2022-01-25 13:45:35,939] {logging_mixin.py:104} INFO - bulbasaur_7.png
[2022-01-25 13:45:35,939] {logging_mixin.py:104} INFO - bulbasaur_8.jpeg
[2022-01-25 13:45:35,940] {logging_mixin.py:104} INFO - bulbasaur_9.png
[2022-01-25 13:45:35,940] {logging_mixin.py:104} INFO - pikachu_0.jpeg
[2022-01-25 13:45:35,941] {logging_mixin.py:104} INFO - pikachu_1.png
[2022-01-25 13:45:35,941] {logging_mixin.py:104} INFO - pikachu_10.png
[2022-01-25 13:45:35,941] {logging_mixin.py:104} INFO - pikachu_11.jpeg
[2022-01-25 13:45:35,942] {logging_mixin.py:104} INFO - pikachu_12.png
[2022-01-25 13:45:35,942] {logging_mixin.py:104} INFO - pikachu_13.jpeg
[2022-01-25 13:45:35,943] {logging_mixin.py:104} INFO - pikachu_14.jpeg
[2022-01-25 13:45:35,943] {logging_mixin.py:104} INFO - pikachu_14.png
[2022-01-25 13:45:35,944] {logging_mixin.py:104} INFO - pikachu_15.jpeg
[2022-01-25 13:45:35,944] {logging_mixin.py:104} INFO - pikachu_16.jpeg
[2022-01-25 13:45:35,945] {logging_mixin.py:104} INFO - pikachu_16.png
[2022-01-25 13:45:35,945] {logging_mixin.py:104} INFO - pikachu_17.jpeg
[2022-01-25 13:45:35,946] {logging_mixin.py:104} INFO - pikachu_17.png
[2022-01-25 13:45:35,946] {logging_mixin.py:104} INFO - pikachu_18.jpeg
[2022-01-25 13:45:35,947] {logging_mixin.py:104} INFO - pikachu_18.png
[2022-01-25 13:45:35,947] {logging_mixin.py:104} INFO - pikachu_19.jpeg
[2022-01-25 13:45:35,948] {logging_mixin.py:104} INFO - pikachu_2.png
[2022-01-25 13:45:35,948] {logging_mixin.py:104} INFO - pikachu_20.jpeg
[2022-01-25 13:45:35,949] {logging_mixin.py:104} INFO - pikachu_21.jpeg
[2022-01-25 13:45:35,949] {logging_mixin.py:104} INFO - pikachu_22.jpeg
[2022-01-25 13:45:35,950] {logging_mixin.py:104} INFO - pikachu_23.jpeg
[2022-01-25 13:45:35,950] {logging_mixin.py:104} INFO - pikachu_23.png
[2022-01-25 13:45:35,951] {logging_mixin.py:104} INFO - pikachu_24.jpeg
[2022-01-25 13:45:35,951] {logging_mixin.py:104} INFO - pikachu_24.png
[2022-01-25 13:45:35,952] {logging_mixin.py:104} INFO - pikachu_25.jpeg
[2022-01-25 13:45:35,952] {logging_mixin.py:104} INFO - pikachu_26.jpeg
[2022-01-25 13:45:35,953] {logging_mixin.py:104} INFO - pikachu_27.jpeg
[2022-01-25 13:45:35,953] {logging_mixin.py:104} INFO - pikachu_28.jpeg
[2022-01-25 13:45:35,953] {logging_mixin.py:104} INFO - pikachu_29.jpeg
[2022-01-25 13:45:35,954] {logging_mixin.py:104} INFO - pikachu_29.png
[2022-01-25 13:45:35,954] {logging_mixin.py:104} INFO - pikachu_3.png
[2022-01-25 13:45:35,955] {logging_mixin.py:104} INFO - pikachu_30.jpeg
[2022-01-25 13:45:35,955] {logging_mixin.py:104} INFO - pikachu_31.jpeg
[2022-01-25 13:45:35,955] {logging_mixin.py:104} INFO - pikachu_32.jpeg
[2022-01-25 13:45:35,956] {logging_mixin.py:104} INFO - pikachu_33.jpeg
[2022-01-25 13:45:35,956] {logging_mixin.py:104} INFO - pikachu_34.jpeg
[2022-01-25 13:45:35,957] {logging_mixin.py:104} INFO - pikachu_35.jpeg
[2022-01-25 13:45:35,957] {logging_mixin.py:104} INFO - pikachu_36.jpeg
[2022-01-25 13:45:35,957] {logging_mixin.py:104} INFO - pikachu_37.jpeg
[2022-01-25 13:45:35,958] {logging_mixin.py:104} INFO - pikachu_38.jpeg
[2022-01-25 13:45:35,958] {logging_mixin.py:104} INFO - pikachu_38.png
[2022-01-25 13:45:35,959] {logging_mixin.py:104} INFO - pikachu_39.jpeg
[2022-01-25 13:45:35,959] {logging_mixin.py:104} INFO - pikachu_39.png
[2022-01-25 13:45:35,959] {logging_mixin.py:104} INFO - pikachu_4.png
[2022-01-25 13:45:35,960] {logging_mixin.py:104} INFO - pikachu_40.jpeg
[2022-01-25 13:45:35,960] {logging_mixin.py:104} INFO - pikachu_41.png
[2022-01-25 13:45:35,961] {logging_mixin.py:104} INFO - pikachu_42.jpeg
[2022-01-25 13:45:35,961] {logging_mixin.py:104} INFO - pikachu_43.jpeg
[2022-01-25 13:45:35,962] {logging_mixin.py:104} INFO - pikachu_44.jpeg
[2022-01-25 13:45:35,962] {logging_mixin.py:104} INFO - pikachu_45.jpeg
[2022-01-25 13:45:35,962] {logging_mixin.py:104} INFO - pikachu_46.jpeg
[2022-01-25 13:45:35,963] {logging_mixin.py:104} INFO - pikachu_46.png
[2022-01-25 13:45:35,963] {logging_mixin.py:104} INFO - pikachu_47.jpeg
[2022-01-25 13:45:35,964] {logging_mixin.py:104} INFO - pikachu_48.jpeg
[2022-01-25 13:45:35,964] {logging_mixin.py:104} INFO - pikachu_49.png
[2022-01-25 13:45:35,965] {logging_mixin.py:104} INFO - pikachu_5.png
[2022-01-25 13:45:35,966] {logging_mixin.py:104} INFO - pikachu_50.png
[2022-01-25 13:45:35,966] {logging_mixin.py:104} INFO - pikachu_51.jpeg
[2022-01-25 13:45:35,967] {logging_mixin.py:104} INFO - pikachu_52.jpeg
[2022-01-25 13:45:35,967] {logging_mixin.py:104} INFO - pikachu_53.jpeg
[2022-01-25 13:45:35,968] {logging_mixin.py:104} INFO - pikachu_54.jpeg
[2022-01-25 13:45:35,968] {logging_mixin.py:104} INFO - pikachu_54.png
[2022-01-25 13:45:35,969] {logging_mixin.py:104} INFO - pikachu_55.png
[2022-01-25 13:45:35,969] {logging_mixin.py:104} INFO - pikachu_56.jpeg
[2022-01-25 13:45:35,970] {logging_mixin.py:104} INFO - pikachu_56.png
[2022-01-25 13:45:35,970] {logging_mixin.py:104} INFO - pikachu_57.jpeg
[2022-01-25 13:45:35,970] {logging_mixin.py:104} INFO - pikachu_58.jpeg
[2022-01-25 13:45:35,971] {logging_mixin.py:104} INFO - pikachu_59.jpeg
[2022-01-25 13:45:35,971] {logging_mixin.py:104} INFO - pikachu_59.png
[2022-01-25 13:45:35,972] {logging_mixin.py:104} INFO - pikachu_6.jpeg
[2022-01-25 13:45:35,972] {logging_mixin.py:104} INFO - pikachu_6.png
[2022-01-25 13:45:35,973] {logging_mixin.py:104} INFO - pikachu_60.jpeg
[2022-01-25 13:45:35,973] {logging_mixin.py:104} INFO - pikachu_61.png
[2022-01-25 13:45:35,974] {logging_mixin.py:104} INFO - pikachu_62.png
[2022-01-25 13:45:35,974] {logging_mixin.py:104} INFO - pikachu_63.jpeg
[2022-01-25 13:45:35,975] {logging_mixin.py:104} INFO - pikachu_64.jpeg
[2022-01-25 13:45:35,975] {logging_mixin.py:104} INFO - pikachu_65.jpeg
[2022-01-25 13:45:35,976] {logging_mixin.py:104} INFO - pikachu_66.jpeg
[2022-01-25 13:45:35,976] {logging_mixin.py:104} INFO - pikachu_67.png
[2022-01-25 13:45:35,976] {logging_mixin.py:104} INFO - pikachu_68.jpeg
[2022-01-25 13:45:35,977] {logging_mixin.py:104} INFO - pikachu_69.jpeg
[2022-01-25 13:45:35,977] {logging_mixin.py:104} INFO - pikachu_7.jpeg
[2022-01-25 13:45:35,977] {logging_mixin.py:104} INFO - pikachu_7.png
[2022-01-25 13:45:35,978] {logging_mixin.py:104} INFO - pikachu_70.jpeg
[2022-01-25 13:45:35,978] {logging_mixin.py:104} INFO - pikachu_71.png
[2022-01-25 13:45:35,978] {logging_mixin.py:104} INFO - pikachu_72.jpeg
[2022-01-25 13:45:35,979] {logging_mixin.py:104} INFO - pikachu_73.jpeg
[2022-01-25 13:45:35,979] {logging_mixin.py:104} INFO - pikachu_74.jpeg
[2022-01-25 13:45:35,980] {logging_mixin.py:104} INFO - pikachu_75.jpeg
[2022-01-25 13:45:35,980] {logging_mixin.py:104} INFO - pikachu_76.jpeg
[2022-01-25 13:45:35,980] {logging_mixin.py:104} INFO - pikachu_77.jpeg
[2022-01-25 13:45:35,981] {logging_mixin.py:104} INFO - pikachu_78.jpeg
[2022-01-25 13:45:35,982] {logging_mixin.py:104} INFO - pikachu_79.jpeg
[2022-01-25 13:45:35,982] {logging_mixin.py:104} INFO - pikachu_8.jpeg
[2022-01-25 13:45:35,983] {logging_mixin.py:104} INFO - pikachu_80.jpeg
[2022-01-25 13:45:35,983] {logging_mixin.py:104} INFO - pikachu_81.jpeg
[2022-01-25 13:45:35,983] {logging_mixin.py:104} INFO - pikachu_82.jpeg
[2022-01-25 13:45:35,984] {logging_mixin.py:104} INFO - pikachu_83.jpeg
[2022-01-25 13:45:35,984] {logging_mixin.py:104} INFO - pikachu_84.jpeg
[2022-01-25 13:45:35,985] {logging_mixin.py:104} INFO - pikachu_85.jpeg
[2022-01-25 13:45:35,985] {logging_mixin.py:104} INFO - pikachu_86.jpeg
[2022-01-25 13:45:35,985] {logging_mixin.py:104} INFO - pikachu_87.jpeg
[2022-01-25 13:45:35,986] {logging_mixin.py:104} INFO - pikachu_88.jpeg
[2022-01-25 13:45:35,986] {logging_mixin.py:104} INFO - pikachu_89.jpeg
[2022-01-25 13:45:35,987] {logging_mixin.py:104} INFO - pikachu_9.png
[2022-01-25 13:45:35,987] {logging_mixin.py:104} INFO - pikachu_90.jpeg
[2022-01-25 13:45:35,988] {logging_mixin.py:104} INFO - pikachu_91.jpeg
[2022-01-25 13:45:35,988] {logging_mixin.py:104} INFO - pikachu_92.jpeg
[2022-01-25 13:45:35,989] {logging_mixin.py:104} INFO - pikachu_93.jpeg
[2022-01-25 13:45:35,989] {logging_mixin.py:104} INFO - pikachu_94.jpeg
[2022-01-25 13:45:35,989] {logging_mixin.py:104} INFO - pikachu_95.jpeg
[2022-01-25 13:45:35,990] {logging_mixin.py:104} INFO - pikachu_96.jpeg
[2022-01-25 13:45:35,990] {logging_mixin.py:104} INFO - pikachu_97.jpeg
[2022-01-25 13:45:35,990] {logging_mixin.py:104} INFO - pikachu_98.jpeg
[2022-01-25 13:45:35,991] {logging_mixin.py:104} INFO - pikachu_99.jpeg
[2022-01-25 13:45:35,991] {logging_mixin.py:104} INFO - --------------ti-----------------------
[2022-01-25 13:45:35,992] {logging_mixin.py:104} INFO - <TaskInstance: classification.check_data_exist 2022-01-24T00:00:00+00:00 [running]>
[2022-01-25 13:45:35,992] {logging_mixin.py:104} INFO - ------------------------------
[2022-01-25 13:45:36,050] {python.py:118} INFO - Done. Returned value was: load_data
[2022-01-25 13:45:36,051] {skipmixin.py:124} INFO - Following branch load_data
[2022-01-25 13:45:36,069] {skipmixin.py:155} INFO - Skipping tasks []
[2022-01-25 13:45:36,162] {taskinstance.py:1166} INFO - Marking task as SUCCESS. dag_id=classification, task_id=check_data_exist, execution_date=20220124T000000, start_date=20220125T134535, end_date=20220125T134536
[2022-01-25 13:45:36,231] {taskinstance.py:1220} INFO - 1 downstream tasks scheduled from follow-on schedule check
[2022-01-25 13:45:36,284] {local_task_job.py:146} INFO - Task exited with return code 0
