[2022-01-25 10:01:40,761] {taskinstance.py:851} INFO - Dependencies all met for <TaskInstance: classification.apply_model 2022-01-25T09:56:10.257136+00:00 [queued]>
[2022-01-25 10:01:40,781] {taskinstance.py:851} INFO - Dependencies all met for <TaskInstance: classification.apply_model 2022-01-25T09:56:10.257136+00:00 [queued]>
[2022-01-25 10:01:40,782] {taskinstance.py:1042} INFO - 
--------------------------------------------------------------------------------
[2022-01-25 10:01:40,783] {taskinstance.py:1043} INFO - Starting attempt 1 of 2
[2022-01-25 10:01:40,783] {taskinstance.py:1044} INFO - 
--------------------------------------------------------------------------------
[2022-01-25 10:01:40,809] {taskinstance.py:1063} INFO - Executing <Task(PythonOperator): apply_model> on 2022-01-25T09:56:10.257136+00:00
[2022-01-25 10:01:40,819] {standard_task_runner.py:52} INFO - Started process 3426 to run task
[2022-01-25 10:01:40,825] {standard_task_runner.py:76} INFO - Running: ['airflow', 'tasks', 'run', 'classification', 'apply_model', '2022-01-25T09:56:10.257136+00:00', '--job-id', '41', '--pool', 'default_pool', '--raw', '--subdir', 'DAGS_FOLDER/classification.py', '--cfg-path', '/tmp/tmpflvlgi3x', '--error-file', '/tmp/tmpluufx1y3']
[2022-01-25 10:01:40,836] {standard_task_runner.py:77} INFO - Job 41: Subtask apply_model
[2022-01-25 10:01:40,906] {logging_mixin.py:104} INFO - Running <TaskInstance: classification.apply_model 2022-01-25T09:56:10.257136+00:00 [running]> on host 2dc98551bc76
[2022-01-25 10:01:40,974] {taskinstance.py:1257} INFO - Exporting the following env vars:
AIRFLOW_CTX_DAG_OWNER=airflow
AIRFLOW_CTX_DAG_ID=classification
AIRFLOW_CTX_TASK_ID=apply_model
AIRFLOW_CTX_EXECUTION_DATE=2022-01-25T09:56:10.257136+00:00
AIRFLOW_CTX_DAG_RUN_ID=scheduled__2022-01-25T09:56:10.257136+00:00
[2022-01-25 10:02:05,236] {python.py:118} INFO - Done. Returned value was: None
[2022-01-25 10:02:05,252] {taskinstance.py:1166} INFO - Marking task as SUCCESS. dag_id=classification, task_id=apply_model, execution_date=20220125T095610, start_date=20220125T100140, end_date=20220125T100205
[2022-01-25 10:02:05,290] {taskinstance.py:1220} INFO - 1 downstream tasks scheduled from follow-on schedule check
[2022-01-25 10:02:05,328] {local_task_job.py:146} INFO - Task exited with return code 0
