[2022-01-26 04:43:39,067] {taskinstance.py:851} INFO - Dependencies all met for <TaskInstance: classification.check_data_exist 2022-01-26T04:43:33.274920+00:00 [queued]>
[2022-01-26 04:43:39,091] {taskinstance.py:851} INFO - Dependencies all met for <TaskInstance: classification.check_data_exist 2022-01-26T04:43:33.274920+00:00 [queued]>
[2022-01-26 04:43:39,092] {taskinstance.py:1042} INFO - 
--------------------------------------------------------------------------------
[2022-01-26 04:43:39,092] {taskinstance.py:1043} INFO - Starting attempt 1 of 2
[2022-01-26 04:43:39,093] {taskinstance.py:1044} INFO - 
--------------------------------------------------------------------------------
[2022-01-26 04:43:39,104] {taskinstance.py:1063} INFO - Executing <Task(BranchPythonOperator): check_data_exist> on 2022-01-26T04:43:33.274920+00:00
[2022-01-26 04:43:39,110] {standard_task_runner.py:52} INFO - Started process 769 to run task
[2022-01-26 04:43:39,117] {standard_task_runner.py:76} INFO - Running: ['airflow', 'tasks', 'run', 'classification', 'check_data_exist', '2022-01-26T04:43:33.274920+00:00', '--job-id', '205', '--pool', 'default_pool', '--raw', '--subdir', 'DAGS_FOLDER/classification.py', '--cfg-path', '/tmp/tmp5k2nf0pd', '--error-file', '/tmp/tmp86okczll']
[2022-01-26 04:43:39,123] {standard_task_runner.py:77} INFO - Job 205: Subtask check_data_exist
[2022-01-26 04:43:39,179] {logging_mixin.py:104} INFO - Running <TaskInstance: classification.check_data_exist 2022-01-26T04:43:33.274920+00:00 [running]> on host 115f9a25dda0
[2022-01-26 04:43:39,228] {taskinstance.py:1257} INFO - Exporting the following env vars:
AIRFLOW_CTX_DAG_OWNER=airflow
AIRFLOW_CTX_DAG_ID=classification
AIRFLOW_CTX_TASK_ID=check_data_exist
AIRFLOW_CTX_EXECUTION_DATE=2022-01-26T04:43:33.274920+00:00
AIRFLOW_CTX_DAG_RUN_ID=manual__2022-01-26T04:43:33.274920+00:00
[2022-01-26 04:43:39,247] {python.py:118} INFO - Done. Returned value was: end
[2022-01-26 04:43:39,248] {skipmixin.py:124} INFO - Following branch end
[2022-01-26 04:43:39,258] {skipmixin.py:155} INFO - Skipping tasks ['load_data']
[2022-01-26 04:43:39,315] {taskinstance.py:1166} INFO - Marking task as SUCCESS. dag_id=classification, task_id=check_data_exist, execution_date=20220126T044333, start_date=20220126T044339, end_date=20220126T044339
[2022-01-26 04:43:39,371] {taskinstance.py:1220} INFO - 0 downstream tasks scheduled from follow-on schedule check
[2022-01-26 04:43:39,407] {local_task_job.py:146} INFO - Task exited with return code 0
