[2021-12-24 11:59:10,281] {taskinstance.py:851} INFO - Dependencies all met for <TaskInstance: classification.delete_source_images 2021-12-24T11:51:24.100575+00:00 [queued]>
[2021-12-24 11:59:10,327] {taskinstance.py:851} INFO - Dependencies all met for <TaskInstance: classification.delete_source_images 2021-12-24T11:51:24.100575+00:00 [queued]>
[2021-12-24 11:59:10,328] {taskinstance.py:1042} INFO - 
--------------------------------------------------------------------------------
[2021-12-24 11:59:10,329] {taskinstance.py:1043} INFO - Starting attempt 1 of 2
[2021-12-24 11:59:10,330] {taskinstance.py:1044} INFO - 
--------------------------------------------------------------------------------
[2021-12-24 11:59:10,354] {taskinstance.py:1063} INFO - Executing <Task(PythonOperator): delete_source_images> on 2021-12-24T11:51:24.100575+00:00
[2021-12-24 11:59:10,370] {standard_task_runner.py:52} INFO - Started process 2073 to run task
[2021-12-24 11:59:10,380] {standard_task_runner.py:76} INFO - Running: ['airflow', 'tasks', 'run', 'classification', 'delete_source_images', '2021-12-24T11:51:24.100575+00:00', '--job-id', '170', '--pool', 'default_pool', '--raw', '--subdir', 'DAGS_FOLDER/classification.py', '--cfg-path', '/tmp/tmpun6yoez_', '--error-file', '/tmp/tmp1kkoy07m']
[2021-12-24 11:59:10,398] {standard_task_runner.py:77} INFO - Job 170: Subtask delete_source_images
[2021-12-24 11:59:10,582] {logging_mixin.py:104} INFO - Running <TaskInstance: classification.delete_source_images 2021-12-24T11:51:24.100575+00:00 [running]> on host 0d76f33c6135
[2021-12-24 11:59:10,814] {taskinstance.py:1257} INFO - Exporting the following env vars:
AIRFLOW_CTX_DAG_OWNER=airflow
AIRFLOW_CTX_DAG_ID=classification
AIRFLOW_CTX_TASK_ID=delete_source_images
AIRFLOW_CTX_EXECUTION_DATE=2021-12-24T11:51:24.100575+00:00
AIRFLOW_CTX_DAG_RUN_ID=scheduled__2021-12-24T11:51:24.100575+00:00
[2021-12-24 11:59:12,770] {python.py:118} INFO - Done. Returned value was: None
[2021-12-24 11:59:12,814] {taskinstance.py:1166} INFO - Marking task as SUCCESS. dag_id=classification, task_id=delete_source_images, execution_date=20211224T115124, start_date=20211224T115910, end_date=20211224T115912
[2021-12-24 11:59:12,972] {taskinstance.py:1220} INFO - 1 downstream tasks scheduled from follow-on schedule check
[2021-12-24 11:59:13,048] {local_task_job.py:146} INFO - Task exited with return code 0
