[2021-12-24 11:55:52,349] {taskinstance.py:851} INFO - Dependencies all met for <TaskInstance: classification.check_data_exist 2021-12-24T11:47:50.453196+00:00 [queued]>
[2021-12-24 11:55:52,516] {taskinstance.py:851} INFO - Dependencies all met for <TaskInstance: classification.check_data_exist 2021-12-24T11:47:50.453196+00:00 [queued]>
[2021-12-24 11:55:52,527] {taskinstance.py:1042} INFO - 
--------------------------------------------------------------------------------
[2021-12-24 11:55:52,561] {taskinstance.py:1043} INFO - Starting attempt 1 of 2
[2021-12-24 11:55:52,562] {taskinstance.py:1044} INFO - 
--------------------------------------------------------------------------------
[2021-12-24 11:55:52,614] {taskinstance.py:1063} INFO - Executing <Task(BranchPythonOperator): check_data_exist> on 2021-12-24T11:47:50.453196+00:00
[2021-12-24 11:55:52,656] {standard_task_runner.py:52} INFO - Started process 1330 to run task
[2021-12-24 11:55:52,691] {standard_task_runner.py:76} INFO - Running: ['airflow', 'tasks', 'run', 'classification', 'check_data_exist', '2021-12-24T11:47:50.453196+00:00', '--job-id', '164', '--pool', 'default_pool', '--raw', '--subdir', 'DAGS_FOLDER/classification.py', '--cfg-path', '/tmp/tmpw8r57kp8', '--error-file', '/tmp/tmpf_it66vw']
[2021-12-24 11:55:52,738] {standard_task_runner.py:77} INFO - Job 164: Subtask check_data_exist
[2021-12-24 11:55:53,002] {logging_mixin.py:104} INFO - Running <TaskInstance: classification.check_data_exist 2021-12-24T11:47:50.453196+00:00 [running]> on host 0d76f33c6135
[2021-12-24 11:55:53,456] {taskinstance.py:1257} INFO - Exporting the following env vars:
AIRFLOW_CTX_DAG_OWNER=airflow
AIRFLOW_CTX_DAG_ID=classification
AIRFLOW_CTX_TASK_ID=check_data_exist
AIRFLOW_CTX_EXECUTION_DATE=2021-12-24T11:47:50.453196+00:00
AIRFLOW_CTX_DAG_RUN_ID=scheduled__2021-12-24T11:47:50.453196+00:00
[2021-12-24 11:55:54,263] {logging_mixin.py:104} INFO - pikachu_106.jpeg
[2021-12-24 11:55:54,265] {logging_mixin.py:104} INFO - pikachu_108.jpeg
[2021-12-24 11:55:54,276] {logging_mixin.py:104} INFO - pikachu_109.jpeg
[2021-12-24 11:55:54,276] {logging_mixin.py:104} INFO - pikachu_11.jpeg
[2021-12-24 11:55:54,277] {logging_mixin.py:104} INFO - pikachu_110.jpeg
[2021-12-24 11:55:54,278] {logging_mixin.py:104} INFO - pikachu_111.jpeg
[2021-12-24 11:55:54,283] {logging_mixin.py:104} INFO - pikachu_112.jpeg
[2021-12-24 11:55:54,292] {logging_mixin.py:104} INFO - pikachu_113.jpeg
[2021-12-24 11:55:54,293] {logging_mixin.py:104} INFO - pikachu_114.jpeg
[2021-12-24 11:55:54,294] {logging_mixin.py:104} INFO - pikachu_115.jpeg
[2021-12-24 11:55:54,301] {logging_mixin.py:104} INFO - pikachu_116.png
[2021-12-24 11:55:54,301] {logging_mixin.py:104} INFO - pikachu_117.jpeg
[2021-12-24 11:55:54,302] {logging_mixin.py:104} INFO - pikachu_118.png
[2021-12-24 11:55:54,308] {logging_mixin.py:104} INFO - pikachu_119.jpeg
[2021-12-24 11:55:54,309] {logging_mixin.py:104} INFO - pikachu_12.jpeg
[2021-12-24 11:55:54,309] {logging_mixin.py:104} INFO - pikachu_120.jpeg
[2021-12-24 11:55:54,310] {logging_mixin.py:104} INFO - pikachu_121.jpeg
[2021-12-24 11:55:54,311] {logging_mixin.py:104} INFO - pikachu_122.jpeg
[2021-12-24 11:55:54,311] {logging_mixin.py:104} INFO - pikachu_123.jpeg
[2021-12-24 11:55:54,312] {logging_mixin.py:104} INFO - pikachu_124.jpeg
[2021-12-24 11:55:54,317] {logging_mixin.py:104} INFO - pikachu_125.jpeg
[2021-12-24 11:55:54,317] {logging_mixin.py:104} INFO - pikachu_126.jpeg
[2021-12-24 11:55:54,318] {logging_mixin.py:104} INFO - pikachu_127.jpeg
[2021-12-24 11:55:54,324] {logging_mixin.py:104} INFO - pikachu_128.jpeg
[2021-12-24 11:55:54,325] {logging_mixin.py:104} INFO - pikachu_129.jpeg
[2021-12-24 11:55:54,325] {logging_mixin.py:104} INFO - pikachu_13.png
[2021-12-24 11:55:54,326] {logging_mixin.py:104} INFO - pikachu_130.jpeg
[2021-12-24 11:55:54,327] {logging_mixin.py:104} INFO - pikachu_131.jpeg
[2021-12-24 11:55:54,327] {logging_mixin.py:104} INFO - pikachu_132.jpeg
[2021-12-24 11:55:54,328] {logging_mixin.py:104} INFO - pikachu_133.jpeg
[2021-12-24 11:55:54,329] {logging_mixin.py:104} INFO - pikachu_134.jpeg
[2021-12-24 11:55:54,330] {logging_mixin.py:104} INFO - pikachu_135.jpeg
[2021-12-24 11:55:54,333] {logging_mixin.py:104} INFO - pikachu_136.jpeg
[2021-12-24 11:55:54,334] {logging_mixin.py:104} INFO - pikachu_137.jpeg
[2021-12-24 11:55:54,334] {logging_mixin.py:104} INFO - pikachu_138.jpeg
[2021-12-24 11:55:54,335] {logging_mixin.py:104} INFO - pikachu_139.png
[2021-12-24 11:55:54,336] {logging_mixin.py:104} INFO - pikachu_14.png
[2021-12-24 11:55:54,336] {logging_mixin.py:104} INFO - pikachu_140.jpeg
[2021-12-24 11:55:54,337] {logging_mixin.py:104} INFO - pikachu_141.jpeg
[2021-12-24 11:55:54,337] {logging_mixin.py:104} INFO - pikachu_142.jpeg
[2021-12-24 11:55:54,338] {logging_mixin.py:104} INFO - pikachu_143.jpeg
[2021-12-24 11:55:54,339] {logging_mixin.py:104} INFO - pikachu_144.png
[2021-12-24 11:55:54,339] {logging_mixin.py:104} INFO - pikachu_145.jpeg
[2021-12-24 11:55:54,340] {logging_mixin.py:104} INFO - pikachu_146.jpeg
[2021-12-24 11:55:54,341] {logging_mixin.py:104} INFO - pikachu_147.png
[2021-12-24 11:55:54,347] {logging_mixin.py:104} INFO - pikachu_149.png
[2021-12-24 11:55:54,351] {logging_mixin.py:104} INFO - pikachu_15.jpeg
[2021-12-24 11:55:54,352] {logging_mixin.py:104} INFO - pikachu_151.jpeg
[2021-12-24 11:55:54,353] {logging_mixin.py:104} INFO - pikachu_152.png
[2021-12-24 11:55:54,354] {logging_mixin.py:104} INFO - pikachu_153.png
[2021-12-24 11:55:54,354] {logging_mixin.py:104} INFO - pikachu_154.jpeg
[2021-12-24 11:55:54,355] {logging_mixin.py:104} INFO - pikachu_155.jpeg
[2021-12-24 11:55:54,356] {logging_mixin.py:104} INFO - pikachu_156.jpeg
[2021-12-24 11:55:54,357] {logging_mixin.py:104} INFO - pikachu_157.jpeg
[2021-12-24 11:55:54,363] {logging_mixin.py:104} INFO - pikachu_158.jpeg
[2021-12-24 11:55:54,367] {logging_mixin.py:104} INFO - pikachu_159.jpeg
[2021-12-24 11:55:54,368] {logging_mixin.py:104} INFO - pikachu_16.jpeg
[2021-12-24 11:55:54,370] {logging_mixin.py:104} INFO - pikachu_160.jpeg
[2021-12-24 11:55:54,371] {logging_mixin.py:104} INFO - pikachu_161.jpeg
[2021-12-24 11:55:54,371] {logging_mixin.py:104} INFO - pikachu_162.jpeg
[2021-12-24 11:55:54,372] {logging_mixin.py:104} INFO - pikachu_163.jpeg
[2021-12-24 11:55:54,375] {logging_mixin.py:104} INFO - pikachu_164.jpeg
[2021-12-24 11:55:54,383] {logging_mixin.py:104} INFO - pikachu_165.jpeg
[2021-12-24 11:55:54,384] {logging_mixin.py:104} INFO - pikachu_166.jpeg
[2021-12-24 11:55:54,385] {logging_mixin.py:104} INFO - pikachu_167.jpeg
[2021-12-24 11:55:54,386] {logging_mixin.py:104} INFO - pikachu_169.jpeg
[2021-12-24 11:55:54,386] {logging_mixin.py:104} INFO - pikachu_17.jpeg
[2021-12-24 11:55:54,387] {logging_mixin.py:104} INFO - pikachu_170.jpeg
[2021-12-24 11:55:54,388] {logging_mixin.py:104} INFO - pikachu_171.jpeg
[2021-12-24 11:55:54,388] {logging_mixin.py:104} INFO - pikachu_172.jpeg
[2021-12-24 11:55:54,389] {logging_mixin.py:104} INFO - pikachu_173.jpeg
[2021-12-24 11:55:54,390] {logging_mixin.py:104} INFO - pikachu_174.jpeg
[2021-12-24 11:55:54,391] {logging_mixin.py:104} INFO - pikachu_175.jpeg
[2021-12-24 11:55:54,392] {logging_mixin.py:104} INFO - pikachu_176.jpeg
[2021-12-24 11:55:54,393] {logging_mixin.py:104} INFO - pikachu_177.jpeg
[2021-12-24 11:55:54,399] {logging_mixin.py:104} INFO - pikachu_178.jpeg
[2021-12-24 11:55:54,400] {logging_mixin.py:104} INFO - pikachu_179.jpeg
[2021-12-24 11:55:54,401] {logging_mixin.py:104} INFO - pikachu_18.jpeg
[2021-12-24 11:55:54,401] {logging_mixin.py:104} INFO - pikachu_181.jpeg
[2021-12-24 11:55:54,402] {logging_mixin.py:104} INFO - pikachu_182.jpeg
[2021-12-24 11:55:54,403] {logging_mixin.py:104} INFO - pikachu_183.jpeg
[2021-12-24 11:55:54,403] {logging_mixin.py:104} INFO - pikachu_184.jpeg
[2021-12-24 11:55:54,404] {logging_mixin.py:104} INFO - pikachu_185.jpeg
[2021-12-24 11:55:54,404] {logging_mixin.py:104} INFO - pikachu_186.jpeg
[2021-12-24 11:55:54,405] {logging_mixin.py:104} INFO - pikachu_187.jpeg
[2021-12-24 11:55:54,406] {logging_mixin.py:104} INFO - pikachu_188.jpeg
[2021-12-24 11:55:54,406] {logging_mixin.py:104} INFO - pikachu_189.jpeg
[2021-12-24 11:55:54,407] {logging_mixin.py:104} INFO - pikachu_19.jpeg
[2021-12-24 11:55:54,408] {logging_mixin.py:104} INFO - pikachu_190.jpeg
[2021-12-24 11:55:54,408] {logging_mixin.py:104} INFO - pikachu_191.jpeg
[2021-12-24 11:55:54,409] {logging_mixin.py:104} INFO - pikachu_192.jpeg
[2021-12-24 11:55:54,410] {logging_mixin.py:104} INFO - pikachu_193.jpeg
[2021-12-24 11:55:54,417] {logging_mixin.py:104} INFO - pikachu_194.jpeg
[2021-12-24 11:55:54,417] {logging_mixin.py:104} INFO - pikachu_195.jpeg
[2021-12-24 11:55:54,418] {logging_mixin.py:104} INFO - pikachu_196.jpeg
[2021-12-24 11:55:54,419] {logging_mixin.py:104} INFO - pikachu_197.jpeg
[2021-12-24 11:55:54,420] {logging_mixin.py:104} INFO - pikachu_198.png
[2021-12-24 11:55:54,421] {logging_mixin.py:104} INFO - pikachu_199.png
[2021-12-24 11:55:54,421] {logging_mixin.py:104} INFO - pikachu_2.jpeg
[2021-12-24 11:55:54,422] {logging_mixin.py:104} INFO - pikachu_20.png
[2021-12-24 11:55:54,422] {logging_mixin.py:104} INFO - pikachu_200.jpeg
[2021-12-24 11:55:54,423] {logging_mixin.py:104} INFO - pikachu_201.jpeg
[2021-12-24 11:55:54,424] {logging_mixin.py:104} INFO - pikachu_202.jpeg
[2021-12-24 11:55:54,425] {logging_mixin.py:104} INFO - pikachu_203.jpeg
[2021-12-24 11:55:54,433] {logging_mixin.py:104} INFO - pikachu_204.jpeg
[2021-12-24 11:55:54,435] {logging_mixin.py:104} INFO - pikachu_205.jpeg
[2021-12-24 11:55:54,449] {logging_mixin.py:104} INFO - pikachu_206.png
[2021-12-24 11:55:54,450] {logging_mixin.py:104} INFO - pikachu_207.jpeg
[2021-12-24 11:55:54,451] {logging_mixin.py:104} INFO - pikachu_208.jpeg
[2021-12-24 11:55:54,452] {logging_mixin.py:104} INFO - pikachu_209.jpeg
[2021-12-24 11:55:54,452] {logging_mixin.py:104} INFO - pikachu_21.jpeg
[2021-12-24 11:55:54,453] {logging_mixin.py:104} INFO - pikachu_210.jpeg
[2021-12-24 11:55:54,453] {logging_mixin.py:104} INFO - pikachu_211.jpeg
[2021-12-24 11:55:54,454] {logging_mixin.py:104} INFO - pikachu_212.jpeg
[2021-12-24 11:55:54,455] {logging_mixin.py:104} INFO - pikachu_213.jpeg
[2021-12-24 11:55:54,456] {logging_mixin.py:104} INFO - pikachu_213.png
[2021-12-24 11:55:54,456] {logging_mixin.py:104} INFO - pikachu_214.jpeg
[2021-12-24 11:55:54,457] {logging_mixin.py:104} INFO - pikachu_214.png
[2021-12-24 11:55:54,457] {logging_mixin.py:104} INFO - pikachu_215.jpeg
[2021-12-24 11:55:54,458] {logging_mixin.py:104} INFO - pikachu_216.jpeg
[2021-12-24 11:55:54,458] {logging_mixin.py:104} INFO - pikachu_217.jpeg
[2021-12-24 11:55:54,461] {logging_mixin.py:104} INFO - pikachu_218.jpeg
[2021-12-24 11:55:54,462] {logging_mixin.py:104} INFO - pikachu_219.jpeg
[2021-12-24 11:55:54,462] {logging_mixin.py:104} INFO - pikachu_22.jpeg
[2021-12-24 11:55:54,467] {logging_mixin.py:104} INFO - pikachu_220.jpeg
[2021-12-24 11:55:54,471] {logging_mixin.py:104} INFO - pikachu_221.jpeg
[2021-12-24 11:55:54,472] {logging_mixin.py:104} INFO - pikachu_222.jpeg
[2021-12-24 11:55:54,473] {logging_mixin.py:104} INFO - pikachu_223.jpeg
[2021-12-24 11:55:54,474] {logging_mixin.py:104} INFO - pikachu_224.jpeg
[2021-12-24 11:55:54,475] {logging_mixin.py:104} INFO - pikachu_225.jpeg
[2021-12-24 11:55:54,475] {logging_mixin.py:104} INFO - pikachu_226.jpeg
[2021-12-24 11:55:54,476] {logging_mixin.py:104} INFO - pikachu_227.jpeg
[2021-12-24 11:55:54,477] {logging_mixin.py:104} INFO - pikachu_228.jpeg
[2021-12-24 11:55:54,477] {logging_mixin.py:104} INFO - pikachu_229.jpeg
[2021-12-24 11:55:54,478] {logging_mixin.py:104} INFO - pikachu_23.jpeg
[2021-12-24 11:55:54,479] {logging_mixin.py:104} INFO - pikachu_230.jpeg
[2021-12-24 11:55:54,487] {logging_mixin.py:104} INFO - pikachu_231.jpeg
[2021-12-24 11:55:54,488] {logging_mixin.py:104} INFO - pikachu_232.jpeg
[2021-12-24 11:55:54,488] {logging_mixin.py:104} INFO - pikachu_232.png
[2021-12-24 11:55:54,489] {logging_mixin.py:104} INFO - pikachu_233.jpeg
[2021-12-24 11:55:54,490] {logging_mixin.py:104} INFO - pikachu_233.png
[2021-12-24 11:55:54,490] {logging_mixin.py:104} INFO - pikachu_234.jpeg
[2021-12-24 11:55:54,491] {logging_mixin.py:104} INFO - pikachu_235.jpeg
[2021-12-24 11:55:54,492] {logging_mixin.py:104} INFO - pikachu_236.jpeg
[2021-12-24 11:55:54,492] {logging_mixin.py:104} INFO - pikachu_237.jpeg
[2021-12-24 11:55:54,493] {logging_mixin.py:104} INFO - pikachu_238.jpeg
[2021-12-24 11:55:54,493] {logging_mixin.py:104} INFO - pikachu_239.jpeg
[2021-12-24 11:55:54,494] {logging_mixin.py:104} INFO - pikachu_24.jpeg
[2021-12-24 11:55:54,495] {logging_mixin.py:104} INFO - pikachu_240.jpeg
[2021-12-24 11:55:54,500] {logging_mixin.py:104} INFO - pikachu_241.jpeg
[2021-12-24 11:55:54,501] {logging_mixin.py:104} INFO - pikachu_241.png
[2021-12-24 11:55:54,502] {logging_mixin.py:104} INFO - pikachu_242.png
[2021-12-24 11:55:54,502] {logging_mixin.py:104} INFO - pikachu_243.jpeg
[2021-12-24 11:55:54,503] {logging_mixin.py:104} INFO - pikachu_243.png
[2021-12-24 11:55:54,504] {logging_mixin.py:104} INFO - pikachu_244.jpeg
[2021-12-24 11:55:54,504] {logging_mixin.py:104} INFO - pikachu_245.jpeg
[2021-12-24 11:55:54,505] {logging_mixin.py:104} INFO - pikachu_245.png
[2021-12-24 11:55:54,506] {logging_mixin.py:104} INFO - pikachu_246.jpeg
[2021-12-24 11:55:54,506] {logging_mixin.py:104} INFO - pikachu_246.png
[2021-12-24 11:55:54,507] {logging_mixin.py:104} INFO - pikachu_247.jpeg
[2021-12-24 11:55:54,507] {logging_mixin.py:104} INFO - pikachu_248.jpeg
[2021-12-24 11:55:54,508] {logging_mixin.py:104} INFO - pikachu_249.jpeg
[2021-12-24 11:55:54,509] {logging_mixin.py:104} INFO - pikachu_25.png
[2021-12-24 11:55:54,516] {logging_mixin.py:104} INFO - pikachu_250.jpeg
[2021-12-24 11:55:54,516] {logging_mixin.py:104} INFO - pikachu_251.jpeg
[2021-12-24 11:55:54,517] {logging_mixin.py:104} INFO - pikachu_252.jpeg
[2021-12-24 11:55:54,518] {logging_mixin.py:104} INFO - pikachu_253.jpeg
[2021-12-24 11:55:54,519] {logging_mixin.py:104} INFO - pikachu_254.jpeg
[2021-12-24 11:55:54,519] {logging_mixin.py:104} INFO - pikachu_255.jpeg
[2021-12-24 11:55:54,520] {logging_mixin.py:104} INFO - pikachu_256.jpeg
[2021-12-24 11:55:54,521] {logging_mixin.py:104} INFO - pikachu_257.jpeg
[2021-12-24 11:55:54,521] {logging_mixin.py:104} INFO - pikachu_258.jpeg
[2021-12-24 11:55:54,522] {logging_mixin.py:104} INFO - pikachu_259.jpeg
[2021-12-24 11:55:54,523] {logging_mixin.py:104} INFO - pikachu_26.jpeg
[2021-12-24 11:55:54,523] {logging_mixin.py:104} INFO - pikachu_260.jpeg
[2021-12-24 11:55:54,524] {logging_mixin.py:104} INFO - pikachu_261.jpeg
[2021-12-24 11:55:54,525] {logging_mixin.py:104} INFO - pikachu_262.jpeg
[2021-12-24 11:55:54,525] {logging_mixin.py:104} INFO - pikachu_263.jpeg
[2021-12-24 11:55:54,526] {logging_mixin.py:104} INFO - pikachu_264.jpeg
[2021-12-24 11:55:54,527] {logging_mixin.py:104} INFO - pikachu_265.jpeg
[2021-12-24 11:55:54,527] {logging_mixin.py:104} INFO - pikachu_266.jpeg
[2021-12-24 11:55:54,528] {logging_mixin.py:104} INFO - pikachu_267.jpeg
[2021-12-24 11:55:54,530] {logging_mixin.py:104} INFO - pikachu_268.jpeg
[2021-12-24 11:55:54,533] {logging_mixin.py:104} INFO - pikachu_269.jpeg
[2021-12-24 11:55:54,534] {logging_mixin.py:104} INFO - pikachu_27.jpeg
[2021-12-24 11:55:54,535] {logging_mixin.py:104} INFO - pikachu_270.jpeg
[2021-12-24 11:55:54,536] {logging_mixin.py:104} INFO - pikachu_270.png
[2021-12-24 11:55:54,536] {logging_mixin.py:104} INFO - pikachu_271.jpeg
[2021-12-24 11:55:54,537] {logging_mixin.py:104} INFO - pikachu_271.png
[2021-12-24 11:55:54,537] {logging_mixin.py:104} INFO - pikachu_272.jpeg
[2021-12-24 11:55:54,538] {logging_mixin.py:104} INFO - pikachu_273.jpeg
[2021-12-24 11:55:54,538] {logging_mixin.py:104} INFO - pikachu_274.jpeg
[2021-12-24 11:55:54,539] {logging_mixin.py:104} INFO - pikachu_275.jpeg
[2021-12-24 11:55:54,539] {logging_mixin.py:104} INFO - pikachu_276.jpeg
[2021-12-24 11:55:54,540] {logging_mixin.py:104} INFO - pikachu_278.jpeg
[2021-12-24 11:55:54,541] {logging_mixin.py:104} INFO - pikachu_279.jpeg
[2021-12-24 11:55:54,541] {logging_mixin.py:104} INFO - pikachu_28.jpeg
[2021-12-24 11:55:54,542] {logging_mixin.py:104} INFO - pikachu_280.jpeg
[2021-12-24 11:55:54,542] {logging_mixin.py:104} INFO - pikachu_281.jpeg
[2021-12-24 11:55:54,543] {logging_mixin.py:104} INFO - pikachu_282.jpeg
[2021-12-24 11:55:54,543] {logging_mixin.py:104} INFO - pikachu_282.png
[2021-12-24 11:55:54,544] {logging_mixin.py:104} INFO - pikachu_283.jpeg
[2021-12-24 11:55:54,545] {logging_mixin.py:104} INFO - pikachu_283.png
[2021-12-24 11:55:54,545] {logging_mixin.py:104} INFO - pikachu_284.jpeg
[2021-12-24 11:55:54,546] {logging_mixin.py:104} INFO - pikachu_284.png
[2021-12-24 11:55:54,546] {logging_mixin.py:104} INFO - pikachu_285.jpeg
[2021-12-24 11:55:54,547] {logging_mixin.py:104} INFO - pikachu_285.png
[2021-12-24 11:55:54,548] {logging_mixin.py:104} INFO - pikachu_286.jpeg
[2021-12-24 11:55:54,549] {logging_mixin.py:104} INFO - pikachu_287.jpeg
[2021-12-24 11:55:54,551] {logging_mixin.py:104} INFO - pikachu_288.jpeg
[2021-12-24 11:55:54,551] {logging_mixin.py:104} INFO - pikachu_289.jpeg
[2021-12-24 11:55:54,552] {logging_mixin.py:104} INFO - pikachu_29.jpeg
[2021-12-24 11:55:54,553] {logging_mixin.py:104} INFO - pikachu_290.jpeg
[2021-12-24 11:55:54,553] {logging_mixin.py:104} INFO - pikachu_291.jpeg
[2021-12-24 11:55:54,554] {logging_mixin.py:104} INFO - pikachu_292.jpeg
[2021-12-24 11:55:54,555] {logging_mixin.py:104} INFO - pikachu_3.png
[2021-12-24 11:55:54,555] {logging_mixin.py:104} INFO - pikachu_30.jpeg
[2021-12-24 11:55:54,556] {logging_mixin.py:104} INFO - pikachu_31.png
[2021-12-24 11:55:54,556] {logging_mixin.py:104} INFO - pikachu_32.jpeg
[2021-12-24 11:55:54,559] {logging_mixin.py:104} INFO - pikachu_33.png
[2021-12-24 11:55:54,560] {logging_mixin.py:104} INFO - pikachu_34.jpeg
[2021-12-24 11:55:54,560] {logging_mixin.py:104} INFO - pikachu_35.png
[2021-12-24 11:55:54,561] {logging_mixin.py:104} INFO - pikachu_36.jpeg
[2021-12-24 11:55:54,562] {logging_mixin.py:104} INFO - pikachu_37.png
[2021-12-24 11:55:54,562] {logging_mixin.py:104} INFO - pikachu_38.jpeg
[2021-12-24 11:55:54,563] {logging_mixin.py:104} INFO - pikachu_39.jpeg
[2021-12-24 11:55:54,567] {logging_mixin.py:104} INFO - pikachu_4.png
[2021-12-24 11:55:54,567] {logging_mixin.py:104} INFO - pikachu_40.png
[2021-12-24 11:55:54,568] {logging_mixin.py:104} INFO - pikachu_41.png
[2021-12-24 11:55:54,569] {logging_mixin.py:104} INFO - pikachu_42.jpeg
[2021-12-24 11:55:54,569] {logging_mixin.py:104} INFO - pikachu_43.jpeg
[2021-12-24 11:55:54,571] {logging_mixin.py:104} INFO - pikachu_44.jpeg
[2021-12-24 11:55:54,571] {logging_mixin.py:104} INFO - pikachu_45.png
[2021-12-24 11:55:54,572] {logging_mixin.py:104} INFO - pikachu_46.jpeg
[2021-12-24 11:55:54,573] {logging_mixin.py:104} INFO - pikachu_48.jpeg
[2021-12-24 11:55:54,573] {logging_mixin.py:104} INFO - pikachu_49.jpeg
[2021-12-24 11:55:54,577] {logging_mixin.py:104} INFO - pikachu_5.jpeg
[2021-12-24 11:55:54,578] {logging_mixin.py:104} INFO - pikachu_50.jpeg
[2021-12-24 11:55:54,579] {logging_mixin.py:104} INFO - pikachu_51.png
[2021-12-24 11:55:54,584] {logging_mixin.py:104} INFO - pikachu_52.jpeg
[2021-12-24 11:55:54,585] {logging_mixin.py:104} INFO - pikachu_53.jpeg
[2021-12-24 11:55:54,586] {logging_mixin.py:104} INFO - pikachu_54.png
[2021-12-24 11:55:54,587] {logging_mixin.py:104} INFO - pikachu_55.jpeg
[2021-12-24 11:55:54,587] {logging_mixin.py:104} INFO - pikachu_56.jpeg
[2021-12-24 11:55:54,588] {logging_mixin.py:104} INFO - pikachu_57.jpeg
[2021-12-24 11:55:54,589] {logging_mixin.py:104} INFO - pikachu_58.jpeg
[2021-12-24 11:55:54,589] {logging_mixin.py:104} INFO - pikachu_59.jpeg
[2021-12-24 11:55:54,590] {logging_mixin.py:104} INFO - pikachu_6.jpeg
[2021-12-24 11:55:54,591] {logging_mixin.py:104} INFO - pikachu_60.jpeg
[2021-12-24 11:55:54,592] {logging_mixin.py:104} INFO - pikachu_62.jpeg
[2021-12-24 11:55:54,593] {logging_mixin.py:104} INFO - pikachu_63.jpeg
[2021-12-24 11:55:54,593] {logging_mixin.py:104} INFO - pikachu_64.jpeg
[2021-12-24 11:55:54,594] {logging_mixin.py:104} INFO - pikachu_65.png
[2021-12-24 11:55:54,596] {logging_mixin.py:104} INFO - pikachu_66.jpeg
[2021-12-24 11:55:54,597] {logging_mixin.py:104} INFO - pikachu_67.jpeg
[2021-12-24 11:55:54,599] {logging_mixin.py:104} INFO - pikachu_68.jpeg
[2021-12-24 11:55:54,601] {logging_mixin.py:104} INFO - pikachu_69.jpeg
[2021-12-24 11:55:54,602] {logging_mixin.py:104} INFO - pikachu_7.png
[2021-12-24 11:55:54,603] {logging_mixin.py:104} INFO - pikachu_70.jpeg
[2021-12-24 11:55:54,604] {logging_mixin.py:104} INFO - pikachu_71.jpeg
[2021-12-24 11:55:54,604] {logging_mixin.py:104} INFO - pikachu_72.jpeg
[2021-12-24 11:55:54,605] {logging_mixin.py:104} INFO - pikachu_73.jpeg
[2021-12-24 11:55:54,606] {logging_mixin.py:104} INFO - pikachu_74.png
[2021-12-24 11:55:54,607] {logging_mixin.py:104} INFO - pikachu_75.jpeg
[2021-12-24 11:55:54,608] {logging_mixin.py:104} INFO - pikachu_76.jpeg
[2021-12-24 11:55:54,608] {logging_mixin.py:104} INFO - pikachu_77.jpeg
[2021-12-24 11:55:54,609] {logging_mixin.py:104} INFO - pikachu_78.png
[2021-12-24 11:55:54,609] {logging_mixin.py:104} INFO - pikachu_8.jpeg
[2021-12-24 11:55:54,610] {logging_mixin.py:104} INFO - pikachu_80.jpeg
[2021-12-24 11:55:54,610] {logging_mixin.py:104} INFO - pikachu_81.jpeg
[2021-12-24 11:55:54,611] {logging_mixin.py:104} INFO - pikachu_82.jpeg
[2021-12-24 11:55:54,612] {logging_mixin.py:104} INFO - pikachu_83.jpeg
[2021-12-24 11:55:54,612] {logging_mixin.py:104} INFO - pikachu_84.jpeg
[2021-12-24 11:55:54,613] {logging_mixin.py:104} INFO - pikachu_85.jpeg
[2021-12-24 11:55:54,613] {logging_mixin.py:104} INFO - pikachu_87.jpeg
[2021-12-24 11:55:54,614] {logging_mixin.py:104} INFO - pikachu_89.jpeg
[2021-12-24 11:55:54,617] {logging_mixin.py:104} INFO - pikachu_9.jpeg
[2021-12-24 11:55:54,617] {logging_mixin.py:104} INFO - pikachu_90.png
[2021-12-24 11:55:54,618] {logging_mixin.py:104} INFO - pikachu_91.jpeg
[2021-12-24 11:55:54,619] {logging_mixin.py:104} INFO - pikachu_92.jpeg
[2021-12-24 11:55:54,619] {logging_mixin.py:104} INFO - pikachu_93.png
[2021-12-24 11:55:54,620] {logging_mixin.py:104} INFO - pikachu_94.png
[2021-12-24 11:55:54,621] {logging_mixin.py:104} INFO - pikachu_95.jpeg
[2021-12-24 11:55:54,622] {logging_mixin.py:104} INFO - pikachu_96.jpeg
[2021-12-24 11:55:54,622] {logging_mixin.py:104} INFO - pikachu_97.jpeg
[2021-12-24 11:55:54,623] {logging_mixin.py:104} INFO - pikachu_98.jpeg
[2021-12-24 11:55:54,623] {logging_mixin.py:104} INFO - pikachu_99.jpeg
[2021-12-24 11:55:54,624] {logging_mixin.py:104} INFO - --------------ti-----------------------
[2021-12-24 11:55:54,625] {logging_mixin.py:104} INFO - <TaskInstance: classification.check_data_exist 2021-12-24T11:47:50.453196+00:00 [running]>
[2021-12-24 11:55:54,626] {logging_mixin.py:104} INFO - ------------------------------
[2021-12-24 11:55:54,735] {python.py:118} INFO - Done. Returned value was: load_data
[2021-12-24 11:55:54,736] {skipmixin.py:124} INFO - Following branch load_data
[2021-12-24 11:55:54,757] {skipmixin.py:155} INFO - Skipping tasks []
[2021-12-24 11:55:54,905] {taskinstance.py:1166} INFO - Marking task as SUCCESS. dag_id=classification, task_id=check_data_exist, execution_date=20211224T114750, start_date=20211224T115552, end_date=20211224T115554
[2021-12-24 11:55:55,009] {taskinstance.py:1220} INFO - 1 downstream tasks scheduled from follow-on schedule check
[2021-12-24 11:55:55,053] {local_task_job.py:146} INFO - Task exited with return code 0
