[2022-01-25 14:49:57,941] {taskinstance.py:851} INFO - Dependencies all met for <TaskInstance: classification.check_data_exist 2022-01-25T14:49:53.660687+00:00 [queued]>
[2022-01-25 14:49:57,955] {taskinstance.py:851} INFO - Dependencies all met for <TaskInstance: classification.check_data_exist 2022-01-25T14:49:53.660687+00:00 [queued]>
[2022-01-25 14:49:57,956] {taskinstance.py:1042} INFO - 
--------------------------------------------------------------------------------
[2022-01-25 14:49:57,956] {taskinstance.py:1043} INFO - Starting attempt 1 of 2
[2022-01-25 14:49:57,957] {taskinstance.py:1044} INFO - 
--------------------------------------------------------------------------------
[2022-01-25 14:49:57,976] {taskinstance.py:1063} INFO - Executing <Task(BranchPythonOperator): check_data_exist> on 2022-01-25T14:49:53.660687+00:00
[2022-01-25 14:49:57,985] {standard_task_runner.py:52} INFO - Started process 2394 to run task
[2022-01-25 14:49:57,992] {standard_task_runner.py:76} INFO - Running: ['airflow', 'tasks', 'run', 'classification', 'check_data_exist', '2022-01-25T14:49:53.660687+00:00', '--job-id', '177', '--pool', 'default_pool', '--raw', '--subdir', 'DAGS_FOLDER/classification.py', '--cfg-path', '/tmp/tmp9nplycnz', '--error-file', '/tmp/tmp0yh86adi']
[2022-01-25 14:49:57,997] {standard_task_runner.py:77} INFO - Job 177: Subtask check_data_exist
[2022-01-25 14:49:58,060] {logging_mixin.py:104} INFO - Running <TaskInstance: classification.check_data_exist 2022-01-25T14:49:53.660687+00:00 [running]> on host 42ecca77b6ba
[2022-01-25 14:49:58,116] {taskinstance.py:1257} INFO - Exporting the following env vars:
AIRFLOW_CTX_DAG_OWNER=airflow
AIRFLOW_CTX_DAG_ID=classification
AIRFLOW_CTX_TASK_ID=check_data_exist
AIRFLOW_CTX_EXECUTION_DATE=2022-01-25T14:49:53.660687+00:00
AIRFLOW_CTX_DAG_RUN_ID=manual__2022-01-25T14:49:53.660687+00:00
[2022-01-25 14:49:58,163] {logging_mixin.py:104} INFO - charmander_12.jpeg
[2022-01-25 14:49:58,164] {logging_mixin.py:104} INFO - charmander_13.jpeg
[2022-01-25 14:49:58,164] {logging_mixin.py:104} INFO - charmander_14.png
[2022-01-25 14:49:58,165] {logging_mixin.py:104} INFO - charmander_15.jpeg
[2022-01-25 14:49:58,165] {logging_mixin.py:104} INFO - charmander_16.jpeg
[2022-01-25 14:49:58,166] {logging_mixin.py:104} INFO - charmander_17.png
[2022-01-25 14:49:58,166] {logging_mixin.py:104} INFO - charmander_18.jpeg
[2022-01-25 14:49:58,167] {logging_mixin.py:104} INFO - charmander_19.png
[2022-01-25 14:49:58,167] {logging_mixin.py:104} INFO - charmander_20.jpeg
[2022-01-25 14:49:58,167] {logging_mixin.py:104} INFO - charmander_21.jpeg
[2022-01-25 14:49:58,167] {logging_mixin.py:104} INFO - charmander_22.jpeg
[2022-01-25 14:49:58,168] {logging_mixin.py:104} INFO - charmander_23.png
[2022-01-25 14:49:58,168] {logging_mixin.py:104} INFO - charmander_24.png
[2022-01-25 14:49:58,168] {logging_mixin.py:104} INFO - charmander_25.png
[2022-01-25 14:49:58,169] {logging_mixin.py:104} INFO - charmander_26.jpeg
[2022-01-25 14:49:58,169] {logging_mixin.py:104} INFO - charmander_27.jpeg
[2022-01-25 14:49:58,169] {logging_mixin.py:104} INFO - charmander_28.jpeg
[2022-01-25 14:49:58,170] {logging_mixin.py:104} INFO - charmander_29.png
[2022-01-25 14:49:58,170] {logging_mixin.py:104} INFO - charmander_30.jpeg
[2022-01-25 14:49:58,170] {logging_mixin.py:104} INFO - charmander_31.png
[2022-01-25 14:49:58,171] {logging_mixin.py:104} INFO - charmander_32.png
[2022-01-25 14:49:58,171] {logging_mixin.py:104} INFO - charmander_33.jpeg
[2022-01-25 14:49:58,171] {logging_mixin.py:104} INFO - charmander_34.jpeg
[2022-01-25 14:49:58,172] {logging_mixin.py:104} INFO - charmander_35.png
[2022-01-25 14:49:58,172] {logging_mixin.py:104} INFO - charmander_36.jpeg
[2022-01-25 14:49:58,172] {logging_mixin.py:104} INFO - charmander_37.jpeg
[2022-01-25 14:49:58,173] {logging_mixin.py:104} INFO - charmander_38.png
[2022-01-25 14:49:58,173] {logging_mixin.py:104} INFO - charmander_39.png
[2022-01-25 14:49:58,173] {logging_mixin.py:104} INFO - charmander_40.jpeg
[2022-01-25 14:49:58,174] {logging_mixin.py:104} INFO - charmander_41.png
[2022-01-25 14:49:58,174] {logging_mixin.py:104} INFO - charmander_42.png
[2022-01-25 14:49:58,175] {logging_mixin.py:104} INFO - charmander_43.png
[2022-01-25 14:49:58,175] {logging_mixin.py:104} INFO - charmander_44.png
[2022-01-25 14:49:58,175] {logging_mixin.py:104} INFO - charmander_45.png
[2022-01-25 14:49:58,176] {logging_mixin.py:104} INFO - charmander_46.jpeg
[2022-01-25 14:49:58,176] {logging_mixin.py:104} INFO - charmander_47.png
[2022-01-25 14:49:58,176] {logging_mixin.py:104} INFO - charmander_48.png
[2022-01-25 14:49:58,177] {logging_mixin.py:104} INFO - charmander_49.png
[2022-01-25 14:49:58,177] {logging_mixin.py:104} INFO - charmander_50.jpeg
[2022-01-25 14:49:58,177] {logging_mixin.py:104} INFO - charmander_51.png
[2022-01-25 14:49:58,178] {logging_mixin.py:104} INFO - charmander_52.png
[2022-01-25 14:49:58,178] {logging_mixin.py:104} INFO - charmander_53.jpeg
[2022-01-25 14:49:58,178] {logging_mixin.py:104} INFO - charmander_54.png
[2022-01-25 14:49:58,179] {logging_mixin.py:104} INFO - charmander_55.png
[2022-01-25 14:49:58,179] {logging_mixin.py:104} INFO - charmander_56.jpeg
[2022-01-25 14:49:58,179] {logging_mixin.py:104} INFO - charmander_57.png
[2022-01-25 14:49:58,180] {logging_mixin.py:104} INFO - --------------ti-----------------------
[2022-01-25 14:49:58,180] {logging_mixin.py:104} INFO - <TaskInstance: classification.check_data_exist 2022-01-25T14:49:53.660687+00:00 [running]>
[2022-01-25 14:49:58,181] {logging_mixin.py:104} INFO - ------------------------------
[2022-01-25 14:49:58,203] {python.py:118} INFO - Done. Returned value was: load_data
[2022-01-25 14:49:58,204] {skipmixin.py:124} INFO - Following branch load_data
[2022-01-25 14:49:58,215] {skipmixin.py:155} INFO - Skipping tasks []
[2022-01-25 14:49:58,278] {taskinstance.py:1166} INFO - Marking task as SUCCESS. dag_id=classification, task_id=check_data_exist, execution_date=20220125T144953, start_date=20220125T144957, end_date=20220125T144958
[2022-01-25 14:49:58,332] {taskinstance.py:1220} INFO - 1 downstream tasks scheduled from follow-on schedule check
[2022-01-25 14:49:58,362] {local_task_job.py:146} INFO - Task exited with return code 0
