[2022-01-26 04:44:16,480] {taskinstance.py:851} INFO - Dependencies all met for <TaskInstance: bing_image_download.bing_image_download 2022-01-26T04:33:01.905773+00:00 [queued]>
[2022-01-26 04:44:16,499] {taskinstance.py:851} INFO - Dependencies all met for <TaskInstance: bing_image_download.bing_image_download 2022-01-26T04:33:01.905773+00:00 [queued]>
[2022-01-26 04:44:16,499] {taskinstance.py:1042} INFO - 
--------------------------------------------------------------------------------
[2022-01-26 04:44:16,499] {taskinstance.py:1043} INFO - Starting attempt 2 of 2
[2022-01-26 04:44:16,500] {taskinstance.py:1044} INFO - 
--------------------------------------------------------------------------------
[2022-01-26 04:44:16,513] {taskinstance.py:1063} INFO - Executing <Task(PythonOperator): bing_image_download> on 2022-01-26T04:33:01.905773+00:00
[2022-01-26 04:44:16,518] {standard_task_runner.py:52} INFO - Started process 774 to run task
[2022-01-26 04:44:16,526] {standard_task_runner.py:76} INFO - Running: ['airflow', 'tasks', 'run', 'bing_image_download', 'bing_image_download', '2022-01-26T04:33:01.905773+00:00', '--job-id', '206', '--pool', 'default_pool', '--raw', '--subdir', 'DAGS_FOLDER/bing_image_download.py', '--cfg-path', '/tmp/tmp5v0t8kpr', '--error-file', '/tmp/tmpqffa175p']
[2022-01-26 04:44:16,527] {standard_task_runner.py:77} INFO - Job 206: Subtask bing_image_download
[2022-01-26 04:44:16,580] {logging_mixin.py:104} INFO - Running <TaskInstance: bing_image_download.bing_image_download 2022-01-26T04:33:01.905773+00:00 [running]> on host 115f9a25dda0
[2022-01-26 04:44:16,620] {taskinstance.py:1257} INFO - Exporting the following env vars:
AIRFLOW_CTX_DAG_OWNER=airflow
AIRFLOW_CTX_DAG_ID=bing_image_download
AIRFLOW_CTX_TASK_ID=bing_image_download
AIRFLOW_CTX_EXECUTION_DATE=2022-01-26T04:33:01.905773+00:00
AIRFLOW_CTX_DAG_RUN_ID=manual__2022-01-26T04:33:01.905773+00:00
[2022-01-26 04:44:16,626] {logging_mixin.py:104} INFO - [INFO] searching Bing API for 'pikachu'
[2022-01-26 04:44:18,468] {logging_mixin.py:104} INFO - [INFO] 50 total results for 'pikachu'
[2022-01-26 04:44:18,469] {logging_mixin.py:104} INFO - [INFO] making request for group 0-5 of 50...
[2022-01-26 04:44:19,165] {logging_mixin.py:104} INFO - [INFO] saving images for group 0-5 of 50...
[2022-01-26 04:44:19,165] {logging_mixin.py:104} INFO - [INFO] fetching: http://vignette3.wikia.nocookie.net/wii/images/7/77/Pikachu_SSB4.jpg/revision/latest?cb=20140210000421
[2022-01-26 04:44:21,078] {logging_mixin.py:104} INFO - [INFO] fetching: https://pngimg.com/uploads/pokemon/pokemon_PNG15.png
[2022-01-26 04:44:21,661] {logging_mixin.py:104} INFO - [INFO] fetching: https://images-wixmp-ed30a86b8c4ca887773594c2.wixmp.com/f/4f6bf5b3-c9b6-44c2-ab80-06e3ea80d511/dca37p4-e992703b-3518-475a-a3bd-bc2831f13e7b.png?token=eyJ0eXAiOiJKV1QiLCJhbGciOiJIUzI1NiJ9.eyJzdWIiOiJ1cm46YXBwOiIsImlzcyI6InVybjphcHA6Iiwib2JqIjpbW3sicGF0aCI6IlwvZlwvNGY2YmY1YjMtYzliNi00NGMyLWFiODAtMDZlM2VhODBkNTExXC9kY2EzN3A0LWU5OTI3MDNiLTM1MTgtNDc1YS1hM2JkLWJjMjgzMWYxM2U3Yi5wbmcifV1dLCJhdWQiOlsidXJuOnNlcnZpY2U6ZmlsZS5kb3dubG9hZCJdfQ.BgM4bC-lqNizie8fhV-EnS5hLNCPn5y8iROlzXNAdk4
[2022-01-26 04:44:23,259] {logging_mixin.py:104} INFO - [INFO] fetching: https://pngimg.com/uploads/pokemon/pokemon_PNG93.png
[2022-01-26 04:44:23,545] {logging_mixin.py:104} INFO - [INFO] fetching: https://pngimg.com/uploads/pokemon/pokemon_PNG148.png
[2022-01-26 04:44:24,108] {logging_mixin.py:104} INFO - [INFO] making request for group 5-10 of 50...
[2022-01-26 04:44:24,900] {logging_mixin.py:104} INFO - [INFO] saving images for group 5-10 of 50...
[2022-01-26 04:44:24,901] {logging_mixin.py:104} INFO - [INFO] fetching: https://pngimg.com/uploads/pokemon/pokemon_PNG148.png
[2022-01-26 04:44:25,745] {logging_mixin.py:104} INFO - [INFO] fetching: https://3.bp.blogspot.com/-QRBqlfFJt6U/ULpgGND3XFI/AAAAAAAACPs/TUrUig9gj5A/s1600/pikachu.png
[2022-01-26 04:44:27,138] {logging_mixin.py:104} INFO - [INFO] fetching: https://www.nintendoworldreport.com/media/38183/4/1.jpg
[2022-01-26 04:44:30,205] {logging_mixin.py:104} INFO - [INFO] fetching: https://pngimg.com/uploads/pokemon/pokemon_PNG42.png
[2022-01-26 04:44:30,622] {logging_mixin.py:104} INFO - [INFO] fetching: https://mir-s3-cdn-cf.behance.net/project_modules/max_1200/91cc6c40961423.5793b50987cac.jpg
[2022-01-26 04:44:32,203] {logging_mixin.py:104} INFO - [INFO] making request for group 10-15 of 50...
[2022-01-26 04:44:33,661] {logging_mixin.py:104} INFO - [INFO] saving images for group 10-15 of 50...
[2022-01-26 04:44:33,662] {logging_mixin.py:104} INFO - [INFO] fetching: https://ph.portal-pokemon.com/upload/en/HelloPika.png
[2022-01-26 04:44:35,689] {logging_mixin.py:104} INFO - [INFO] fetching: https://cdn.myminifactory.com/assets/object-assets/5c64403a9c7ad/images/d27029fa-5bce-4731-b8b4-af6be07fe701.jpg
[2022-01-26 04:44:44,542] {logging_mixin.py:104} INFO - [INFO] fetching: http://clipartmag.com/image/pikachu-images-for-drawing-29.png
[2022-01-26 04:44:45,812] {logging_mixin.py:104} INFO - [INFO] fetching: https://yt3.ggpht.com/a-/AAuE7mBRlOG3moYW1oLN4L0V6FP-O-3IJrF1NoGjDw=s900-mo-c-c0xffffffff-rj-k-no
[2022-01-26 04:44:46,399] {logging_mixin.py:104} INFO - [INFO] fetching: https://mir-s3-cdn-cf.behance.net/project_modules/1400/56f6e170109017.5d71da93da213.png
[2022-01-26 04:44:47,970] {logging_mixin.py:104} INFO - [INFO] making request for group 15-20 of 50...
[2022-01-26 04:44:48,769] {logging_mixin.py:104} INFO - [INFO] saving images for group 15-20 of 50...
[2022-01-26 04:44:48,783] {logging_mixin.py:104} INFO - [INFO] fetching: https://www.dailydot.com/wp-content/uploads/2018/11/pokemon-detective-pikachu-trailer.jpg
[2022-01-26 04:44:49,393] {logging_mixin.py:104} INFO - [INFO] fetching: https://superawesomevectors.com/wp-content/uploads/2017/05/pikachu-pokemon-vector-thumb.jpg
[2022-01-26 04:44:50,477] {logging_mixin.py:104} INFO - [INFO-DEL] deleting: /opt/airflow/dags/images/pikachu_16.jpeg
[2022-01-26 04:44:50,480] {logging_mixin.py:104} INFO - [INFO] fetching: https://external-preview.redd.it/8jjR1PmiimFGdb3IcjiCL3BhP03z4B4dn0Y5MiHeW_M.jpg?auto=webp&s=d7eaea146b35c57a6baaa92699530b0cabce4c27
[2022-01-26 04:44:51,459] {logging_mixin.py:104} INFO - [INFO] fetching: https://3.bp.blogspot.com/-QRBqlfFJt6U/ULpgGND3XFI/AAAAAAAACPs/TUrUig9gj5A/s1600/pikachu.png
[2022-01-26 04:44:52,661] {logging_mixin.py:104} INFO - [INFO] fetching: https://www.serishirts.com/27678-43884-tm_thickbox_default/pikachu-shirt-dancing-gangnam-style-brown.jpg
[2022-01-26 04:44:53,955] {logging_mixin.py:104} INFO - [INFO] making request for group 20-25 of 50...
[2022-01-26 04:44:54,732] {logging_mixin.py:104} INFO - [INFO] saving images for group 20-25 of 50...
[2022-01-26 04:44:54,736] {logging_mixin.py:104} INFO - [INFO] fetching: https://www.serishirts.com/27678-43884-tm_thickbox_default/pikachu-shirt-dancing-gangnam-style-brown.jpg
[2022-01-26 04:44:56,143] {logging_mixin.py:104} INFO - [INFO] fetching: http://cdn.shopify.com/s/files/1/1433/5988/products/Pika_grande.jpg?v=1482223575
[2022-01-26 04:44:56,401] {logging_mixin.py:104} INFO - [INFO] fetching: https://img1.cgtrader.com/items/2419585/aef1cf6064/pikachu-pokemon-3d-printing-3d-model-obj-stl-blend.jpg
[2022-01-26 04:44:57,082] {logging_mixin.py:104} INFO - [INFO] fetching: http://www.baltana.com/files/wallpapers-16/Pokemon-Detective-Pikachu-Background-Wallpaper-39818.jpg
[2022-01-26 04:45:00,391] {logging_mixin.py:104} INFO - [INFO] fetching: https://static1.cbrimages.com/wordpress/wp-content/uploads/2020/03/Ryan-Reynolds-In-Detective-Pikachu.jpg
[2022-01-26 04:45:00,583] {logging_mixin.py:104} INFO - [INFO] making request for group 25-30 of 50...
[2022-01-26 04:45:01,224] {logging_mixin.py:104} INFO - [INFO] saving images for group 25-30 of 50...
[2022-01-26 04:45:01,225] {logging_mixin.py:104} INFO - [INFO] fetching: https://s3.us-east-1.amazonaws.com/dexerto-assets-production-cbbdf288/uploads/2020/02/16230146/pokemon-community-fat-pikachu-meme.jpg
[2022-01-26 04:45:03,589] {logging_mixin.py:104} INFO - [INFO] fetching: https://cdn.mos.cms.futurecdn.net/dqW4eWEXeU6J8tBpZTpqy5.jpg
[2022-01-26 04:45:04,869] {logging_mixin.py:104} INFO - [INFO] fetching: http://cdn.shopify.com/s/files/1/0284/4907/9395/products/sticker_pikachu.jpg?v=1573513085
[2022-01-26 04:45:05,424] {logging_mixin.py:104} INFO - [INFO] fetching: https://static1.cbrimages.com/wordpress/wp-content/uploads/2019/12/Pikachu-Feature-Image-Cropped.jpg
[2022-01-26 04:45:05,853] {logging_mixin.py:104} INFO - [INFO] fetching: https://graphictide.com/images/shop/hover/307_pikachu-candy.png
[2022-01-26 04:45:07,220] {logging_mixin.py:104} INFO - [INFO] making request for group 30-35 of 50...
[2022-01-26 04:45:08,642] {logging_mixin.py:104} INFO - [INFO] saving images for group 30-35 of 50...
[2022-01-26 04:45:08,642] {logging_mixin.py:104} INFO - [INFO] fetching: https://static1.cbrimages.com/wordpress/wp-content/uploads/2019/12/Pikachu-Feature-Image-Cropped.jpg
[2022-01-26 04:45:08,848] {logging_mixin.py:104} INFO - [INFO] fetching: http://cdn.shopify.com/s/files/1/0284/4907/9395/products/sticker_pikachu.jpg?v=1573513085
[2022-01-26 04:45:09,447] {logging_mixin.py:104} INFO - [INFO] fetching: https://s3.us-east-1.amazonaws.com/dexerto-assets-production-cbbdf288/uploads/2020/02/16230146/pokemon-community-fat-pikachu-meme.jpg
[2022-01-26 04:45:11,668] {logging_mixin.py:104} INFO - [INFO] fetching: https://img.huffingtonpost.com/asset/5a10b3b0180000aa09f6ce35.jpeg?ops=1910_1000
[2022-01-26 04:45:12,089] {logging_mixin.py:104} INFO - [INFO] fetching: https://animetos.com/wp-content/uploads/2021/03/img_8458-scaled.jpeg
[2022-01-26 04:45:14,656] {logging_mixin.py:104} INFO - [INFO] making request for group 35-40 of 50...
[2022-01-26 04:45:15,311] {logging_mixin.py:104} INFO - [INFO] saving images for group 35-40 of 50...
[2022-01-26 04:45:15,311] {logging_mixin.py:104} INFO - [INFO] fetching: https://reliccastle.com/data/avatars/o/0/519.jpg?1497908869
[2022-01-26 04:45:17,246] {logging_mixin.py:104} INFO - [INFO] fetching: https://ph.portal-pokemon.com/upload/en/HelloPika.png
[2022-01-26 04:45:19,845] {logging_mixin.py:104} INFO - [INFO] fetching: https://images.nintendolife.com/4f14a50f60357/pikachu.original.jpg
[2022-01-26 04:45:20,155] {logging_mixin.py:104} INFO - [INFO] fetching: https://www.pinclipart.com/picdir/middle/522-5225314_transparent-detective-pikachu-png-clipart.png
[2022-01-26 04:45:38,902] {logging_mixin.py:104} INFO - [INFO] fetching: https://i.ytimg.com/vi/qvvDjWWSBxQ/maxresdefault.jpg
[2022-01-26 04:45:40,848] {logging_mixin.py:104} INFO - [INFO] making request for group 40-45 of 50...
[2022-01-26 04:45:42,932] {logging_mixin.py:104} INFO - [INFO] saving images for group 40-45 of 50...
[2022-01-26 04:45:42,934] {logging_mixin.py:104} INFO - [INFO] fetching: https://s3.us-east-1.amazonaws.com/dexerto-assets-production-cbbdf288/uploads/2020/02/16230146/pokemon-community-fat-pikachu-meme.jpg
[2022-01-26 04:45:46,334] {logging_mixin.py:104} INFO - [INFO] fetching: https://cdn.weasyl.com/~tsaoshin/submissions/1351357/26480474c4f1b1f6b42aa02c67540a21a3daa4cf4da375229ccf723d56d1377d/tsaoshin-025-pikachu.png
[2022-01-26 04:45:47,277] {logging_mixin.py:104} INFO - [INFO] fetching: https://www.onlinetoys.com.au/19664/pokemon-power-action-pikachu.jpg
[2022-01-26 04:45:49,180] {logging_mixin.py:104} INFO - [INFO] fetching: https://whirli-production-images.s3.eu-west-2.amazonaws.com/products/yZYb57lPl7/yb9jP0AWgj_pokemon-pikachu-medium.jpg
[2022-01-26 04:45:51,269] {logging_mixin.py:104} INFO - [INFO] fetching: https://getwallpapers.com/wallpaper/full/4/9/a/400572.jpg
[2022-01-26 04:45:53,398] {logging_mixin.py:104} INFO - [INFO] making request for group 45-50 of 50...
[2022-01-26 04:45:54,663] {logging_mixin.py:104} INFO - [INFO] saving images for group 45-50 of 50...
[2022-01-26 04:45:54,667] {logging_mixin.py:104} INFO - [INFO] fetching: https://c.shld.net/rpx/i/s/i/spin/10032562/prod_12349903012??hei=64&wid=64&qlt=50
[2022-01-26 04:45:56,263] {logging_mixin.py:104} INFO - [INFO] fetching: https://www.onlinetoys.com.au/19664/pokemon-power-action-pikachu.jpg
[2022-01-26 04:45:57,075] {logging_mixin.py:104} INFO - [INFO] fetching: https://whirli-production-images.s3.eu-west-2.amazonaws.com/products/yZYb57lPl7/yb9jP0AWgj_pokemon-pikachu-medium.jpg
[2022-01-26 04:45:58,870] {logging_mixin.py:104} INFO - [INFO] fetching: https://webgames.host/uploads/2018/03/pikachu-bros.png
[2022-01-26 04:46:03,561] {logging_mixin.py:104} INFO - [INFO] fetching: https://images-wixmp-ed30a86b8c4ca887773594c2.wixmp.com/f/93abed28-db9e-4018-aee8-6c817a5863b9/dbsqkhl-bc627623-0eed-4727-a573-b7f6cd48d992.png/v1/fill/w_800,h_855,strp/king_pikachu_by_kraus_illustration_dbsqkhl-fullview.png?token=eyJ0eXAiOiJKV1QiLCJhbGciOiJIUzI1NiJ9.eyJzdWIiOiJ1cm46YXBwOjdlMGQxODg5ODIyNjQzNzNhNWYwZDQxNWVhMGQyNmUwIiwiaXNzIjoidXJuOmFwcDo3ZTBkMTg4OTgyMjY0MzczYTVmMGQ0MTVlYTBkMjZlMCIsIm9iaiI6W1t7ImhlaWdodCI6Ijw9ODU1IiwicGF0aCI6IlwvZlwvOTNhYmVkMjgtZGI5ZS00MDE4LWFlZTgtNmM4MTdhNTg2M2I5XC9kYnNxa2hsLWJjNjI3NjIzLTBlZWQtNDcyNy1hNTczLWI3ZjZjZDQ4ZDk5Mi5wbmciLCJ3aWR0aCI6Ijw9ODAwIn1dXSwiYXVkIjpbInVybjpzZXJ2aWNlOmltYWdlLm9wZXJhdGlvbnMiXX0.RBhJ-Eni5Fc_r-5ZBrMSXC8Z0aJvE6PrRT6HPGQehGM
[2022-01-26 04:46:04,687] {logging_mixin.py:104} INFO - **************************************************
[2022-01-26 04:46:04,689] {logging_mixin.py:104} INFO - [END] Images Donwloaded for pikachu
[2022-01-26 04:46:04,692] {logging_mixin.py:104} INFO - **************************************************
[2022-01-26 04:46:04,694] {logging_mixin.py:104} INFO - [INFO] searching Bing API for 'bulbasaur'
[2022-01-26 04:46:05,932] {logging_mixin.py:104} INFO - [INFO] 50 total results for 'bulbasaur'
[2022-01-26 04:46:05,934] {logging_mixin.py:104} INFO - [INFO] making request for group 0-5 of 50...
[2022-01-26 04:46:06,669] {logging_mixin.py:104} INFO - [INFO] saving images for group 0-5 of 50...
[2022-01-26 04:46:06,683] {logging_mixin.py:104} INFO - [INFO] fetching: https://pm1.narvii.com/5779/46d8f871ac05c4baaece618ea801f3d17af2e9c1_hq.jpg
[2022-01-26 04:46:07,236] {logging_mixin.py:104} INFO - [INFO] fetching: http://www.pngmart.com/files/11/Bulbasaur-PNG-File.png
[2022-01-26 04:46:11,513] {logging_mixin.py:104} INFO - [INFO] fetching: https://vignette.wikia.nocookie.net/movieunleashers/images/e/e4/Bulba.png/revision/latest?cb=20190811043406
[2022-01-26 04:46:14,433] {logging_mixin.py:104} INFO - [INFO] fetching: http://www.pngmart.com/files/11/Pokemon-Bulbasaur-PNG-Transparent-Image.png
[2022-01-26 04:46:16,588] {logging_mixin.py:104} INFO - [INFO] fetching: https://usercontent2.hubstatic.com/13805615_f1024.jpg
[2022-01-26 04:46:18,743] {logging_mixin.py:104} INFO - [INFO] making request for group 5-10 of 50...
[2022-01-26 04:46:19,746] {logging_mixin.py:104} INFO - [INFO] saving images for group 5-10 of 50...
[2022-01-26 04:46:19,747] {logging_mixin.py:104} INFO - [INFO] fetching: https://external-preview.redd.it/qvkIfEpcZahP1Lcu4eZzfqhhACaHjLHloe_cTTCm1es.jpg?auto=webp&s=b8e42af529efdbfa09846b3cd8ec4c0e159951aa
[2022-01-26 04:46:20,265] {logging_mixin.py:104} INFO - [INFO] fetching: https://orig00.deviantart.net/19fb/f/2011/252/f/0/bulbasaur_by_trdaz-d49cmfx.png
[2022-01-26 04:46:21,787] {logging_mixin.py:104} INFO - [INFO] fetching: https://www.giantbomb.com/a/uploads/original/0/6087/2437009-001---bulbasaur.png
[2022-01-26 04:46:24,017] {logging_mixin.py:104} INFO - [INFO] fetching: https://images-wixmp-ed30a86b8c4ca887773594c2.wixmp.com/f/1f6e6960-47bd-455f-9411-6d98b2bb5d26/dd49wrr-c20af9ba-e18e-4c59-8558-b5705acf6f24.png/v1/fill/w_818,h_976,q_70,strp/bulbasaur_doodle_by_otakuap_dd49wrr-pre.jpg?token=eyJ0eXAiOiJKV1QiLCJhbGciOiJIUzI1NiJ9.eyJzdWIiOiJ1cm46YXBwOjdlMGQxODg5ODIyNjQzNzNhNWYwZDQxNWVhMGQyNmUwIiwiaXNzIjoidXJuOmFwcDo3ZTBkMTg4OTgyMjY0MzczYTVmMGQ0MTVlYTBkMjZlMCIsIm9iaiI6W1t7ImhlaWdodCI6Ijw9MTExMyIsInBhdGgiOiJcL2ZcLzFmNmU2OTYwLTQ3YmQtNDU1Zi05NDExLTZkOThiMmJiNWQyNlwvZGQ0OXdyci1jMjBhZjliYS1lMThlLTRjNTktODU1OC1iNTcwNWFjZjZmMjQucG5nIiwid2lkdGgiOiI8PTkzMyJ9XV0sImF1ZCI6WyJ1cm46c2VydmljZTppbWFnZS5vcGVyYXRpb25zIl19.NIpnOKTJEPVkyxnzQKbnHaxCjs7nf3l4zxidFz2TYlo
[2022-01-26 04:46:24,402] {logging_mixin.py:104} INFO - [INFO] fetching: https://images-wixmp-ed30a86b8c4ca887773594c2.wixmp.com/f/f484215b-4e9a-42b5-9feb-77c3dec3a385/d98undu-63fe57ba-9d8e-44cd-9615-5cfb50d9cdd7.png/v1/fill/w_863,h_926,strp/vector__254___bulbasaur_by_dashiesparkle_d98undu-pre.png?token=eyJ0eXAiOiJKV1QiLCJhbGciOiJIUzI1NiJ9.eyJzdWIiOiJ1cm46YXBwOiIsImlzcyI6InVybjphcHA6Iiwib2JqIjpbW3siaGVpZ2h0IjoiPD01MDAwIiwicGF0aCI6IlwvZlwvZjQ4NDIxNWItNGU5YS00MmI1LTlmZWItNzdjM2RlYzNhMzg1XC9kOTh1bmR1LTYzZmU1N2JhLTlkOGUtNDRjZC05NjE1LTVjZmI1MGQ5Y2RkNy5wbmciLCJ3aWR0aCI6Ijw9NDY2MSJ9XV0sImF1ZCI6WyJ1cm46c2VydmljZTppbWFnZS5vcGVyYXRpb25zIl19.e8rOUxw96kJPk2JdEOC2wCY2a8_yKxcc3x2CFPucJm8
[2022-01-26 04:46:24,684] {logging_mixin.py:104} INFO - [INFO] making request for group 10-15 of 50...
[2022-01-26 04:46:25,395] {logging_mixin.py:104} INFO - [INFO] saving images for group 10-15 of 50...
[2022-01-26 04:46:25,398] {logging_mixin.py:104} INFO - [INFO] fetching: https://pm1.narvii.com/5779/46d8f871ac05c4baaece618ea801f3d17af2e9c1_hq.jpg
[2022-01-26 04:46:25,697] {logging_mixin.py:104} INFO - [INFO] fetching: https://images-wixmp-ed30a86b8c4ca887773594c2.wixmp.com/f/1f6e6960-47bd-455f-9411-6d98b2bb5d26/dd49wrr-c20af9ba-e18e-4c59-8558-b5705acf6f24.png/v1/fill/w_818,h_976,q_70,strp/bulbasaur_doodle_by_otakuap_dd49wrr-pre.jpg?token=eyJ0eXAiOiJKV1QiLCJhbGciOiJIUzI1NiJ9.eyJzdWIiOiJ1cm46YXBwOjdlMGQxODg5ODIyNjQzNzNhNWYwZDQxNWVhMGQyNmUwIiwiaXNzIjoidXJuOmFwcDo3ZTBkMTg4OTgyMjY0MzczYTVmMGQ0MTVlYTBkMjZlMCIsIm9iaiI6W1t7ImhlaWdodCI6Ijw9MTExMyIsInBhdGgiOiJcL2ZcLzFmNmU2OTYwLTQ3YmQtNDU1Zi05NDExLTZkOThiMmJiNWQyNlwvZGQ0OXdyci1jMjBhZjliYS1lMThlLTRjNTktODU1OC1iNTcwNWFjZjZmMjQucG5nIiwid2lkdGgiOiI8PTkzMyJ9XV0sImF1ZCI6WyJ1cm46c2VydmljZTppbWFnZS5vcGVyYXRpb25zIl19.NIpnOKTJEPVkyxnzQKbnHaxCjs7nf3l4zxidFz2TYlo
[2022-01-26 04:46:26,087] {logging_mixin.py:104} INFO - [INFO] fetching: https://pre00.deviantart.net/a8a2/th/pre/f/2012/323/d/5/pokedex_challenge_001_bulbasaur_by_blue_diamond_shadow-d5ksvr6.png
[2022-01-26 04:46:27,756] {logging_mixin.py:104} INFO - [INFO] fetching: http://pre15.deviantart.net/ef88/th/pre/f/2012/327/2/0/bulbasaur_by_ezmeag98-d5lz0kp.png
[2022-01-26 04:46:29,364] {logging_mixin.py:104} INFO - [INFO] fetching: http://www.pngmart.com/files/11/Pokemon-Bulbasaur-PNG-File.png
[2022-01-26 04:46:31,518] {logging_mixin.py:104} INFO - [INFO] making request for group 15-20 of 50...
[2022-01-26 04:46:32,750] {logging_mixin.py:104} INFO - [INFO] saving images for group 15-20 of 50...
[2022-01-26 04:46:32,752] {logging_mixin.py:104} INFO - [INFO] fetching: https://yt3.ggpht.com/a/AGF-l7-quN6vKZthSZ_zja1lFMQN3l-PNsuUioUhjA=s900-c-k-c0xffffffff-no-rj-mo
[2022-01-26 04:46:33,106] {logging_mixin.py:104} INFO - [INFO] fetching: http://clipartmag.com/image/pokemon-bulbasaur-drawing-8.jpg
[2022-01-26 04:46:34,673] {logging_mixin.py:104} INFO - [INFO] fetching: http://www.pngmart.com/files/11/Pokemon-Bulbasaur-PNG-Transparent-Image.png
[2022-01-26 04:46:36,659] {logging_mixin.py:104} INFO - [INFO] fetching: http://pre15.deviantart.net/ef88/th/pre/f/2012/327/2/0/bulbasaur_by_ezmeag98-d5lz0kp.png
[2022-01-26 04:46:37,908] {logging_mixin.py:104} INFO - [INFO] fetching: https://pre00.deviantart.net/7a9f/th/pre/i/2012/139/b/6/cute_bulbasaur_by_sirena93-d50bum8.png
[2022-01-26 04:46:39,337] {logging_mixin.py:104} INFO - [INFO] making request for group 20-25 of 50...
[2022-01-26 04:46:40,010] {logging_mixin.py:104} INFO - [INFO] saving images for group 20-25 of 50...
[2022-01-26 04:46:40,011] {logging_mixin.py:104} INFO - [INFO] fetching: http://www.pngmart.com/files/11/Pokemon-Bulbasaur-PNG-Transparent-Image.png
[2022-01-26 04:46:41,932] {logging_mixin.py:104} INFO - [INFO] fetching: https://orig00.deviantart.net/7453/f/2017/365/2/7/bulbasaur_by_moliin-dbyfd4k.png
[2022-01-26 04:46:48,204] {logging_mixin.py:104} INFO - [INFO] fetching: https://wallsdesk.com/wp-content/uploads/2017/01/Bulbasaur-Wallpaper-.jpg
[2022-01-26 04:46:51,101] {logging_mixin.py:104} INFO - [INFO] fetching: https://pre00.deviantart.net/7a9f/th/pre/i/2012/139/b/6/cute_bulbasaur_by_sirena93-d50bum8.png
[2022-01-26 04:46:52,931] {logging_mixin.py:104} INFO - [INFO] fetching: https://images.wallpapersden.com/image/download/bulbasaur-pokemon-detective-pikachu-movie_64877_2932x2932.jpg
[2022-01-26 04:47:00,631] {logging_mixin.py:104} INFO - [INFO] making request for group 25-30 of 50...
[2022-01-26 04:47:01,580] {logging_mixin.py:104} INFO - [INFO] saving images for group 25-30 of 50...
[2022-01-26 04:47:01,585] {logging_mixin.py:104} INFO - [INFO] fetching: https://pre00.deviantart.net/7a9f/th/pre/i/2012/139/b/6/cute_bulbasaur_by_sirena93-d50bum8.png
[2022-01-26 04:47:03,405] {logging_mixin.py:104} INFO - [INFO] fetching: https://images.wallpapersden.com/image/download/bulbasaur-pokemon-detective-pikachu-movie_64877_2932x2932.jpg
[2022-01-26 04:47:10,248] {logging_mixin.py:104} INFO - [INFO] fetching: https://orig00.deviantart.net/7453/f/2017/365/2/7/bulbasaur_by_moliin-dbyfd4k.png
[2022-01-26 04:47:15,574] {logging_mixin.py:104} INFO - [INFO] fetching: https://orig00.deviantart.net/cfe7/f/2016/205/4/2/bulbasar_starter_by_albinotiger21-dab9mpa.jpg
[2022-01-26 04:47:17,158] {logging_mixin.py:104} INFO - [INFO] fetching: https://img00.deviantart.net/9ce5/i/2012/205/7/9/001_bulbasaur_by_pikaaly-d58fe80.png
[2022-01-26 04:47:19,037] {logging_mixin.py:104} INFO - [INFO] making request for group 30-35 of 50...
[2022-01-26 04:47:19,909] {logging_mixin.py:104} INFO - [INFO] saving images for group 30-35 of 50...
[2022-01-26 04:47:19,910] {logging_mixin.py:104} INFO - [INFO] fetching: https://i.pinimg.com/originals/fb/0d/ed/fb0ded4a0dfdc1f92516b71134696a80.jpg
[2022-01-26 04:47:21,167] {logging_mixin.py:104} INFO - [INFO] fetching: https://www.nicepng.com/png/detail/280-2800064_fisherman-cartoon-download-pokemon-bulbasaur.png
[2022-01-26 04:47:24,563] {logging_mixin.py:104} INFO - [INFO] fetching: https://pre00.deviantart.net/979b/th/pre/i/2016/110/2/c/pokemon__001___bulbasaur_by_decibeldisorder3-d98jref.png
[2022-01-26 04:47:26,620] {logging_mixin.py:104} INFO - [INFO] fetching: https://images-wixmp-ed30a86b8c4ca887773594c2.wixmp.com/f/41310a66-a09b-4827-95a7-bfbc3306ef1c/d5zv8tt-4c52186c-8204-4cc5-a164-ee4e8402e532.png/v1/fill/w_857,h_933,strp/bulbasaur_vector_by_chelagirl_d5zv8tt-pre.png?token=eyJ0eXAiOiJKV1QiLCJhbGciOiJIUzI1NiJ9.eyJzdWIiOiJ1cm46YXBwOjdlMGQxODg5ODIyNjQzNzNhNWYwZDQxNWVhMGQyNmUwIiwiaXNzIjoidXJuOmFwcDo3ZTBkMTg4OTgyMjY0MzczYTVmMGQ0MTVlYTBkMjZlMCIsIm9iaiI6W1t7ImhlaWdodCI6Ijw9NjQwMSIsInBhdGgiOiJcL2ZcLzQxMzEwYTY2LWEwOWItNDgyNy05NWE3LWJmYmMzMzA2ZWYxY1wvZDV6djh0dC00YzUyMTg2Yy04MjA0LTRjYzUtYTE2NC1lZTRlODQwMmU1MzIucG5nIiwid2lkdGgiOiI8PTU4NzgifV1dLCJhdWQiOlsidXJuOnNlcnZpY2U6aW1hZ2Uub3BlcmF0aW9ucyJdfQ.aHcaci9Ro6tS2wmm9P3IqTLzrARybYTLZEI_zrbPcGE
[2022-01-26 04:47:26,987] {logging_mixin.py:104} INFO - [INFO] fetching: https://posterspy.com/wp-content/uploads/2018/10/Bulbasaur.png
[2022-01-26 04:47:29,518] {logging_mixin.py:104} INFO - [INFO] making request for group 35-40 of 50...
[2022-01-26 04:47:30,254] {logging_mixin.py:104} INFO - [INFO] saving images for group 35-40 of 50...
[2022-01-26 04:47:30,255] {logging_mixin.py:104} INFO - [INFO] fetching: https://comicvine1.cbsistatic.com/uploads/original/11138/111385676/7043967-0133166748-tumbl.jpg
[2022-01-26 04:47:31,010] {logging_mixin.py:104} INFO - [ERROR]:  HTTPSConnectionPool(host='comicvine1.cbsistatic.com', port=443): Max retries exceeded with url: /uploads/original/11138/111385676/7043967-0133166748-tumbl.jpg (Caused by SSLError(SSLError(1, '[SSL: CERTIFICATE_VERIFY_FAILED] certificate verify failed (_ssl.c:852)'),))
[2022-01-26 04:47:31,020] {logging_mixin.py:104} INFO - [INFO] fetching: https://pre00.deviantart.net/3c8a/th/pre/i/2016/323/e/c/cute_bulbasaur_by_eli150693-daoxgbh.jpg
[2022-01-26 04:47:32,683] {logging_mixin.py:104} INFO - [INFO] fetching: https://img00.deviantart.net/f8fb/i/2016/115/8/9/bulbasaur_by_frost_z-d9yqawl.png
[2022-01-26 04:47:34,811] {logging_mixin.py:104} INFO - [INFO] fetching: https://i.redd.it/4meqwbvaakpz.png
[2022-01-26 04:47:37,011] {logging_mixin.py:104} INFO - [INFO] fetching: https://cdn.weasyl.com/~nela/submissions/1380759/ceb1e9b0c1ca28ee611fa1f22b77f52e1093c3b7fc7ce20dd00d6d9db38d2099/nela-bulbasaur.png
[2022-01-26 04:47:37,846] {logging_mixin.py:104} INFO - [INFO] making request for group 40-45 of 50...
[2022-01-26 04:47:39,145] {logging_mixin.py:104} INFO - [INFO] saving images for group 40-45 of 50...
[2022-01-26 04:47:39,169] {logging_mixin.py:104} INFO - [INFO] fetching: http://www.pngmart.com/files/11/Pokemon-Bulbasaur-PNG-HD.png
[2022-01-26 04:47:41,446] {logging_mixin.py:104} INFO - [INFO] fetching: https://www.anime-star.com/u_file/2012/photo/d3770f58eb.jpg
[2022-01-26 04:47:44,415] {logging_mixin.py:104} INFO - [INFO] fetching: https://i.pinimg.com/originals/4c/e6/99/4ce69923b1650ec24855af126a95d2dd.jpg
[2022-01-26 04:47:45,722] {logging_mixin.py:104} INFO - [INFO] fetching: https://images-wixmp-ed30a86b8c4ca887773594c2.wixmp.com/f/a2aec6c3-7af4-4a02-a62b-5c576815d6cf/dciey53-833f9e7a-0624-4a06-8e35-14be530f6ae4.png/v1/fill/w_600,h_1333,strp/bulbasaur_tf_by_dadoboom_dciey53-pre.png?token=eyJ0eXAiOiJKV1QiLCJhbGciOiJIUzI1NiJ9.eyJzdWIiOiJ1cm46YXBwOjdlMGQxODg5ODIyNjQzNzNhNWYwZDQxNWVhMGQyNmUwIiwiaXNzIjoidXJuOmFwcDo3ZTBkMTg4OTgyMjY0MzczYTVmMGQ0MTVlYTBkMjZlMCIsIm9iaiI6W1t7ImhlaWdodCI6Ijw9MjI3NSIsInBhdGgiOiJcL2ZcL2EyYWVjNmMzLTdhZjQtNGEwMi1hNjJiLTVjNTc2ODE1ZDZjZlwvZGNpZXk1My04MzNmOWU3YS0wNjI0LTRhMDYtOGUzNS0xNGJlNTMwZjZhZTQucG5nIiwid2lkdGgiOiI8PTEwMjQifV1dLCJhdWQiOlsidXJuOnNlcnZpY2U6aW1hZ2Uub3BlcmF0aW9ucyJdfQ.79zpP8P_6QwEekWo8YJxGgk4iWT-sbUiM93-7TXeg-Y
[2022-01-26 04:47:47,455] {logging_mixin.py:104} INFO - [INFO] fetching: https://art.ngfiles.com/images/580000/580113_tristantait_bulbasaur.png?f1515800658
[2022-01-26 04:47:50,950] {logging_mixin.py:104} INFO - [INFO] making request for group 45-50 of 50...
[2022-01-26 04:47:52,386] {logging_mixin.py:104} INFO - [INFO] saving images for group 45-50 of 50...
[2022-01-26 04:47:52,391] {logging_mixin.py:104} INFO - [INFO] fetching: https://wallsdesk.com/wp-content/uploads/2017/01/Bulbasaur-Wallpapers.jpg
[2022-01-26 04:47:55,201] {logging_mixin.py:104} INFO - [INFO] fetching: https://cdn.weasyl.com/~hatchlingbyheart/submissions/1644538/e575f1d20d3700149b309de67d4ab490b5d52a4f2dafe0635931bfc43d52285e/hatchlingbyheart-pudgymon-bulbasaur.png
[2022-01-26 04:47:56,014] {logging_mixin.py:104} INFO - [INFO] fetching: https://cdn.weasyl.com/~nela/submissions/1380759/ceb1e9b0c1ca28ee611fa1f22b77f52e1093c3b7fc7ce20dd00d6d9db38d2099/nela-bulbasaur.png
[2022-01-26 04:47:56,901] {logging_mixin.py:104} INFO - [INFO] fetching: https://i.redd.it/4meqwbvaakpz.png
[2022-01-26 04:47:58,727] {logging_mixin.py:104} INFO - [INFO] fetching: https://pre00.deviantart.net/26c5/th/pre/f/2014/179/7/2/shiny_bulbasaur_by_kasanelover-d7odqfr.png
[2022-01-26 04:48:00,200] {logging_mixin.py:104} INFO - **************************************************
[2022-01-26 04:48:00,201] {logging_mixin.py:104} INFO - [END] Images Donwloaded for bulbasaur
[2022-01-26 04:48:00,201] {logging_mixin.py:104} INFO - **************************************************
[2022-01-26 04:48:00,201] {logging_mixin.py:104} INFO - [INFO] searching Bing API for 'charmander'
[2022-01-26 04:48:00,828] {logging_mixin.py:104} INFO - [INFO] 50 total results for 'charmander'
[2022-01-26 04:48:00,829] {logging_mixin.py:104} INFO - [INFO] making request for group 0-5 of 50...
[2022-01-26 04:48:01,762] {logging_mixin.py:104} INFO - [INFO] saving images for group 0-5 of 50...
[2022-01-26 04:48:01,767] {logging_mixin.py:104} INFO - [INFO] fetching: https://yt3.ggpht.com/a/AATXAJz4dpjuj_YfWAndj0GLW_5VMTH9OJcpWfIcAf7y=s900-c-k-c0xffffffff-no-rj-mo
[2022-01-26 04:48:02,420] {logging_mixin.py:104} INFO - [INFO] fetching: https://mimi-panda.com/wp-content/uploads/2020/09/Charmander.jpg
[2022-01-26 04:48:06,207] {logging_mixin.py:104} INFO - [INFO] fetching: https://pre11.deviantart.net/a42a/th/pre/f/2012/323/9/a/pokedex_challenge_004_charmander_by_blue_diamond_shadow-d5lctpa.png
[2022-01-26 04:48:09,775] {logging_mixin.py:104} INFO - [INFO] fetching: http://getwallpapers.com/wallpaper/full/e/d/0/1499086-charmander-background-1536x2048-large-resolution.jpg
[2022-01-26 04:48:12,192] {logging_mixin.py:104} INFO - [INFO] fetching: https://pm1.narvii.com/5704/7ba07007419db2ff764bc257e2faf6a155693313_hq.jpg
[2022-01-26 04:48:12,715] {logging_mixin.py:104} INFO - [INFO] making request for group 5-10 of 50...
[2022-01-26 04:48:13,745] {logging_mixin.py:104} INFO - [INFO] saving images for group 5-10 of 50...
[2022-01-26 04:48:13,747] {logging_mixin.py:104} INFO - [INFO] fetching: https://mimi-panda.com/wp-content/uploads/2020/09/Charmander.jpg
[2022-01-26 04:48:16,007] {logging_mixin.py:104} INFO - [INFO] fetching: http://getwallpapers.com/wallpaper/full/e/d/0/1499086-charmander-background-1536x2048-large-resolution.jpg
[2022-01-26 04:48:18,297] {logging_mixin.py:104} INFO - [INFO] fetching: https://pm1.narvii.com/5704/7ba07007419db2ff764bc257e2faf6a155693313_hq.jpg
[2022-01-26 04:48:18,526] {logging_mixin.py:104} INFO - [INFO] fetching: https://www.pinclipart.com/picdir/middle/558-5587474_user-drawings-wiki-fandom-pokemon-charmander-clipart.png
[2022-01-26 04:48:24,203] {logging_mixin.py:104} INFO - [INFO] fetching: https://yt3.ggpht.com/a/AATXAJxPF5CNZpy0PcWr2jKDl3I9m-wAuygY6gap=s900-c-k-c0xffffffff-no-rj-mo
[2022-01-26 04:48:24,561] {logging_mixin.py:104} INFO - [INFO] making request for group 10-15 of 50...
[2022-01-26 04:48:25,451] {logging_mixin.py:104} INFO - [INFO] saving images for group 10-15 of 50...
[2022-01-26 04:48:25,453] {logging_mixin.py:104} INFO - [INFO] fetching: https://yt3.ggpht.com/a/AATXAJxPF5CNZpy0PcWr2jKDl3I9m-wAuygY6gap=s900-c-k-c0xffffffff-no-rj-mo
[2022-01-26 04:48:26,146] {logging_mixin.py:104} INFO - [INFO] fetching: https://pm1.narvii.com/5704/7ba07007419db2ff764bc257e2faf6a155693313_hq.jpg
[2022-01-26 04:48:26,406] {logging_mixin.py:104} INFO - [INFO] fetching: https://yt3.ggpht.com/a/AATXAJwZeHpNIBk12_tYCBhQKWYWfBe4nfdvb5WMdUTj=s900-c-k-c0xffffffff-no-rj-mo
[2022-01-26 04:48:26,904] {logging_mixin.py:104} INFO - [INFO] fetching: http://getwallpapers.com/wallpaper/full/e/d/0/1499086-charmander-background-1536x2048-large-resolution.jpg
[2022-01-26 04:48:29,324] {logging_mixin.py:104} INFO - [INFO] fetching: https://yt3.ggpht.com/a/AATXAJxOATMJQHk67QAPMfg8OKNiIKftrk7mAcUdQ4R7=s900-c-k-c0xffffffff-no-rj-mo
[2022-01-26 04:48:30,443] {logging_mixin.py:104} INFO - [INFO] making request for group 15-20 of 50...
[2022-01-26 04:48:31,468] {logging_mixin.py:104} INFO - [INFO] saving images for group 15-20 of 50...
[2022-01-26 04:48:31,469] {logging_mixin.py:104} INFO - [INFO] fetching: http://pre09.deviantart.net/3c64/th/pre/f/2012/092/2/4/004_charmander_by_scope66-d4usrtn.png
[2022-01-26 04:48:32,884] {logging_mixin.py:104} INFO - [INFO] fetching: https://yt3.ggpht.com/a/AATXAJxPF5CNZpy0PcWr2jKDl3I9m-wAuygY6gap=s900-c-k-c0xffffffff-no-rj-mo
[2022-01-26 04:48:33,180] {logging_mixin.py:104} INFO - [INFO] fetching: https://yt3.ggpht.com/a/AATXAJxOATMJQHk67QAPMfg8OKNiIKftrk7mAcUdQ4R7=s900-c-k-c0xffffffff-no-rj-mo
[2022-01-26 04:48:33,454] {logging_mixin.py:104} INFO - [INFO] fetching: https://yt3.ggpht.com/a/AATXAJwZeHpNIBk12_tYCBhQKWYWfBe4nfdvb5WMdUTj=s900-c-k-c0xffffffff-no-rj-mo
[2022-01-26 04:48:33,780] {logging_mixin.py:104} INFO - [INFO] fetching: https://yt3.ggpht.com/a/AATXAJwY3XtnK5Al8untQvBGOqvD-OmYujVShzQajQ=s900-c-k-c0xffffffff-no-rj-mo
[2022-01-26 04:48:34,667] {logging_mixin.py:104} INFO - [INFO] making request for group 20-25 of 50...
[2022-01-26 04:48:35,587] {logging_mixin.py:104} INFO - [INFO] saving images for group 20-25 of 50...
[2022-01-26 04:48:35,587] {logging_mixin.py:104} INFO - [INFO] fetching: https://yt3.ggpht.com/a/AATXAJxOATMJQHk67QAPMfg8OKNiIKftrk7mAcUdQ4R7=s900-c-k-c0xffffffff-no-rj-mo
[2022-01-26 04:48:36,025] {logging_mixin.py:104} INFO - [INFO] fetching: https://yt3.ggpht.com/a/AATXAJwZeHpNIBk12_tYCBhQKWYWfBe4nfdvb5WMdUTj=s900-c-k-c0xffffffff-no-rj-mo
[2022-01-26 04:48:36,504] {logging_mixin.py:104} INFO - [INFO] fetching: https://yt3.ggpht.com/a/AATXAJwY3XtnK5Al8untQvBGOqvD-OmYujVShzQajQ=s900-c-k-c0xffffffff-no-rj-mo
[2022-01-26 04:48:36,831] {logging_mixin.py:104} INFO - [INFO] fetching: https://images-wixmp-ed30a86b8c4ca887773594c2.wixmp.com/f/f5ab561c-405b-4649-86b2-096272709cb7/d77spyp-2e085fa7-1984-45bf-bb06-488cfef31aa7.png/v1/fill/w_800,h_800,strp/pokemon_004___charmander_by_illustrationoverdose_d77spyp-fullview.png?token=eyJ0eXAiOiJKV1QiLCJhbGciOiJIUzI1NiJ9.eyJzdWIiOiJ1cm46YXBwOjdlMGQxODg5ODIyNjQzNzNhNWYwZDQxNWVhMGQyNmUwIiwiaXNzIjoidXJuOmFwcDo3ZTBkMTg4OTgyMjY0MzczYTVmMGQ0MTVlYTBkMjZlMCIsIm9iaiI6W1t7ImhlaWdodCI6Ijw9ODAwIiwicGF0aCI6IlwvZlwvZjVhYjU2MWMtNDA1Yi00NjQ5LTg2YjItMDk2MjcyNzA5Y2I3XC9kNzdzcHlwLTJlMDg1ZmE3LTE5ODQtNDViZi1iYjA2LTQ4OGNmZWYzMWFhNy5wbmciLCJ3aWR0aCI6Ijw9ODAwIn1dXSwiYXVkIjpbInVybjpzZXJ2aWNlOmltYWdlLm9wZXJhdGlvbnMiXX0.6HBSeJauhTNmoFweyn53Ox867RGUDxrLn3pY-n8Nmh8
[2022-01-26 04:48:38,300] {logging_mixin.py:104} INFO - [INFO] fetching: https://pre00.deviantart.net/f1a7/th/pre/i/2011/336/3/8/charmander_by_songokukai-d4hyibi.png
[2022-01-26 04:48:40,308] {logging_mixin.py:104} INFO - [INFO] making request for group 25-30 of 50...
[2022-01-26 04:48:41,268] {logging_mixin.py:104} INFO - [INFO] saving images for group 25-30 of 50...
[2022-01-26 04:48:41,269] {logging_mixin.py:104} INFO - [INFO] fetching: http://pokevolver.com/pix/pokemon/charmander.png
[2022-01-26 04:48:43,080] {logging_mixin.py:104} INFO - [INFO] fetching: https://yt3.ggpht.com/a/AATXAJwZeHpNIBk12_tYCBhQKWYWfBe4nfdvb5WMdUTj=s900-c-k-c0xffffffff-no-rj-mo
[2022-01-26 04:48:43,375] {logging_mixin.py:104} INFO - [INFO] fetching: https://www.pinclipart.com/picdir/middle/423-4233481_pokemon-sticker-charmander-png-clipart.png
[2022-01-26 04:48:46,188] {logging_mixin.py:104} INFO - [INFO] fetching: http://fc02.deviantart.net/fs70/f/2011/308/6/2/charmander___full_size_by_triinket-d4f2lo1.png
[2022-01-26 04:48:48,282] {logging_mixin.py:104} INFO - [INFO] fetching: http://cdn.shopify.com/s/files/1/0823/4903/products/SG2535_1200x1200.jpg?v=1530897054
[2022-01-26 04:48:48,552] {logging_mixin.py:104} INFO - [INFO] making request for group 30-35 of 50...
[2022-01-26 04:48:49,225] {logging_mixin.py:104} INFO - [INFO] saving images for group 30-35 of 50...
[2022-01-26 04:48:49,229] {logging_mixin.py:104} INFO - [INFO] fetching: https://yt3.ggpht.com/a/AATXAJwY3XtnK5Al8untQvBGOqvD-OmYujVShzQajQ=s900-c-k-c0xffffffff-no-rj-mo
[2022-01-26 04:48:49,600] {logging_mixin.py:104} INFO - [INFO] fetching: http://www.game-art-hq.com/wp-content/uploads/2016/09/Charmander-used-Scratch-Pokemon-Gen-I-Tribute-on-Game-Art-HQ.com-by-CrazyInfin8.png
[2022-01-26 04:48:54,926] {logging_mixin.py:104} INFO - [INFO] fetching: https://pre00.deviantart.net/8bea/th/pre/i/2017/314/2/6/charmander_not_scared_by_cansin13art-dbtc2p3.png
[2022-01-26 04:48:56,767] {logging_mixin.py:104} INFO - [INFO] fetching: https://yt3.ggpht.com/a/AATXAJzH7CfD0ZvNuFsoB29fsjzUm1d1tKaORxwj5w=s900-c-k-c0xffffffff-no-rj-mo
[2022-01-26 04:48:57,151] {logging_mixin.py:104} INFO - [INFO] fetching: http://pm1.narvii.com/5706/e075272a01e262320eb46904855de1d0fb8e0a07_hq.jpg
[2022-01-26 04:48:57,331] {logging_mixin.py:104} INFO - [INFO] making request for group 35-40 of 50...
[2022-01-26 04:48:58,057] {logging_mixin.py:104} INFO - [INFO] saving images for group 35-40 of 50...
[2022-01-26 04:48:58,058] {logging_mixin.py:104} INFO - [INFO] fetching: https://yt3.ggpht.com/a/AATXAJzH7CfD0ZvNuFsoB29fsjzUm1d1tKaORxwj5w=s900-c-k-c0xffffffff-no-rj-mo
[2022-01-26 04:48:58,375] {logging_mixin.py:104} INFO - [INFO] fetching: https://pre00.deviantart.net/d1cb/th/pre/i/2011/230/8/c/hi_res_charmander_by_elektro_omega-d47088d.png
[2022-01-26 04:49:00,080] {logging_mixin.py:104} INFO - [INFO] fetching: https://pre00.deviantart.net/8bea/th/pre/i/2017/314/2/6/charmander_not_scared_by_cansin13art-dbtc2p3.png
[2022-01-26 04:49:01,984] {logging_mixin.py:104} INFO - [INFO] fetching: https://orig00.deviantart.net/8b15/f/2010/114/6/e/awesome_face_charmander_by_ultimatekirbyfan_da.jpg
[2022-01-26 04:49:03,752] {logging_mixin.py:104} INFO - [INFO] fetching: https://va.ib.metapix.net/files/screen/565/565952_DancingChar_manderpic_alt.png
[2022-01-26 04:49:08,035] {logging_mixin.py:104} INFO - [INFO] making request for group 40-45 of 50...
[2022-01-26 04:49:09,218] {logging_mixin.py:104} INFO - [INFO] saving images for group 40-45 of 50...
[2022-01-26 04:49:09,223] {logging_mixin.py:104} INFO - [INFO] fetching: https://orig00.deviantart.net/8b15/f/2010/114/6/e/awesome_face_charmander_by_ultimatekirbyfan_da.jpg
[2022-01-26 04:49:10,692] {logging_mixin.py:104} INFO - [INFO] fetching: https://pre00.deviantart.net/8bea/th/pre/i/2017/314/2/6/charmander_not_scared_by_cansin13art-dbtc2p3.png
[2022-01-26 04:49:12,157] {logging_mixin.py:104} INFO - [INFO] fetching: https://orig00.deviantart.net/6239/f/2017/078/4/7/charmander__004_wallpaper__2048_x_2732_pixels__by_birde_3-db2wfoo.png
[2022-01-26 04:49:17,945] {logging_mixin.py:104} INFO - [INFO] fetching: https://vignette.wikia.nocookie.net/leonhartimvu/images/c/c8/Shiny_Charmander.png/revision/latest?cb=20131018072757
[2022-01-26 04:49:20,722] {logging_mixin.py:104} INFO - [INFO] fetching: https://va.ib.metapix.net/files/screen/565/565952_DancingChar_manderpic_alt.png
[2022-01-26 04:49:24,323] {logging_mixin.py:104} INFO - [INFO] making request for group 45-50 of 50...
[2022-01-26 04:49:25,205] {logging_mixin.py:104} INFO - [INFO] saving images for group 45-50 of 50...
[2022-01-26 04:49:25,237] {logging_mixin.py:104} INFO - [INFO] fetching: https://orig00.deviantart.net/9908/f/2017/322/b/d/charmander_fam___collab__by_itsdraconix-dbu4i7d.png
[2022-01-26 04:49:28,282] {logging_mixin.py:104} INFO - [INFO] fetching: https://pre00.deviantart.net/a441/th/pre/f/2013/299/c/a/derp_charmander_by_lamegin-d6rybci.png
[2022-01-26 04:49:30,418] {logging_mixin.py:104} INFO - [INFO] fetching: http://pa1.narvii.com/6492/e737e477365a1e543b20585989913fd8d2a43802_00.gif
[2022-01-26 04:49:31,469] {logging_mixin.py:104} INFO - [INFO] fetching: https://www.pngitem.com/pimgs/m/117-1172406_pokemon-charmander-free-png-image-pokemon-charmander-png.png
[2022-01-26 04:49:39,345] {logging_mixin.py:104} INFO - [INFO] fetching: https://i0.wp.com/twinfinite.net/wp-content/uploads/2020/01/Screen-Shot-2020-01-17-at-8.44.38-AM.jpg?fit=1674%2C976&ssl=1
[2022-01-26 04:49:39,917] {logging_mixin.py:104} INFO - **************************************************
[2022-01-26 04:49:39,918] {logging_mixin.py:104} INFO - [END] Images Donwloaded for charmander
[2022-01-26 04:49:39,918] {logging_mixin.py:104} INFO - **************************************************
[2022-01-26 04:49:39,919] {python.py:118} INFO - Done. Returned value was: None
[2022-01-26 04:49:39,966] {taskinstance.py:1166} INFO - Marking task as SUCCESS. dag_id=bing_image_download, task_id=bing_image_download, execution_date=20220126T043301, start_date=20220126T044416, end_date=20220126T044939
[2022-01-26 04:49:40,079] {taskinstance.py:1220} INFO - 1 downstream tasks scheduled from follow-on schedule check
[2022-01-26 04:49:40,117] {local_task_job.py:146} INFO - Task exited with return code 0
