[2021-12-24 11:12:16,847] {taskinstance.py:851} INFO - Dependencies all met for <TaskInstance: classification.load_data 2021-12-24T11:06:07.235593+00:00 [queued]>
[2021-12-24 11:12:16,967] {taskinstance.py:851} INFO - Dependencies all met for <TaskInstance: classification.load_data 2021-12-24T11:06:07.235593+00:00 [queued]>
[2021-12-24 11:12:16,968] {taskinstance.py:1042} INFO - 
--------------------------------------------------------------------------------
[2021-12-24 11:12:16,969] {taskinstance.py:1043} INFO - Starting attempt 1 of 2
[2021-12-24 11:12:16,969] {taskinstance.py:1044} INFO - 
--------------------------------------------------------------------------------
[2021-12-24 11:12:17,010] {taskinstance.py:1063} INFO - Executing <Task(PythonOperator): load_data> on 2021-12-24T11:06:07.235593+00:00
[2021-12-24 11:12:17,030] {standard_task_runner.py:52} INFO - Started process 47 to run task
[2021-12-24 11:12:17,045] {standard_task_runner.py:76} INFO - Running: ['airflow', 'tasks', 'run', 'classification', 'load_data', '2021-12-24T11:06:07.235593+00:00', '--job-id', '144', '--pool', 'default_pool', '--raw', '--subdir', 'DAGS_FOLDER/classification.py', '--cfg-path', '/tmp/tmpccvwmwky', '--error-file', '/tmp/tmpvl985h2_']
[2021-12-24 11:12:17,063] {standard_task_runner.py:77} INFO - Job 144: Subtask load_data
[2021-12-24 11:12:17,272] {logging_mixin.py:104} INFO - Running <TaskInstance: classification.load_data 2021-12-24T11:06:07.235593+00:00 [running]> on host 89d4e2d4fc9f
[2021-12-24 11:12:17,502] {taskinstance.py:1257} INFO - Exporting the following env vars:
AIRFLOW_CTX_DAG_OWNER=airflow
AIRFLOW_CTX_DAG_ID=classification
AIRFLOW_CTX_TASK_ID=load_data
AIRFLOW_CTX_EXECUTION_DATE=2021-12-24T11:06:07.235593+00:00
AIRFLOW_CTX_DAG_RUN_ID=scheduled__2021-12-24T11:06:07.235593+00:00
[2021-12-24 11:12:28,368] {python.py:118} INFO - Done. Returned value was: None
[2021-12-24 11:12:28,421] {taskinstance.py:1166} INFO - Marking task as SUCCESS. dag_id=classification, task_id=load_data, execution_date=20211224T110607, start_date=20211224T111216, end_date=20211224T111228
[2021-12-24 11:12:28,514] {taskinstance.py:1220} INFO - 1 downstream tasks scheduled from follow-on schedule check
[2021-12-24 11:12:28,575] {local_task_job.py:146} INFO - Task exited with return code 0
