[2021-12-24 11:49:01,078] {taskinstance.py:851} INFO - Dependencies all met for <TaskInstance: classification.load_data 2021-12-24T11:42:50.453196+00:00 [queued]>
[2021-12-24 11:49:01,142] {taskinstance.py:851} INFO - Dependencies all met for <TaskInstance: classification.load_data 2021-12-24T11:42:50.453196+00:00 [queued]>
[2021-12-24 11:49:01,143] {taskinstance.py:1042} INFO - 
--------------------------------------------------------------------------------
[2021-12-24 11:49:01,143] {taskinstance.py:1043} INFO - Starting attempt 1 of 2
[2021-12-24 11:49:01,156] {taskinstance.py:1044} INFO - 
--------------------------------------------------------------------------------
[2021-12-24 11:49:01,258] {taskinstance.py:1063} INFO - Executing <Task(PythonOperator): load_data> on 2021-12-24T11:42:50.453196+00:00
[2021-12-24 11:49:01,284] {standard_task_runner.py:52} INFO - Started process 200 to run task
[2021-12-24 11:49:01,329] {standard_task_runner.py:76} INFO - Running: ['airflow', 'tasks', 'run', 'classification', 'load_data', '2021-12-24T11:42:50.453196+00:00', '--job-id', '157', '--pool', 'default_pool', '--raw', '--subdir', 'DAGS_FOLDER/classification.py', '--cfg-path', '/tmp/tmpqlhsnw76', '--error-file', '/tmp/tmpe08awdqc']
[2021-12-24 11:49:01,365] {standard_task_runner.py:77} INFO - Job 157: Subtask load_data
[2021-12-24 11:49:01,668] {logging_mixin.py:104} INFO - Running <TaskInstance: classification.load_data 2021-12-24T11:42:50.453196+00:00 [running]> on host 0d76f33c6135
[2021-12-24 11:49:01,904] {taskinstance.py:1257} INFO - Exporting the following env vars:
AIRFLOW_CTX_DAG_OWNER=airflow
AIRFLOW_CTX_DAG_ID=classification
AIRFLOW_CTX_TASK_ID=load_data
AIRFLOW_CTX_EXECUTION_DATE=2021-12-24T11:42:50.453196+00:00
AIRFLOW_CTX_DAG_RUN_ID=scheduled__2021-12-24T11:42:50.453196+00:00
[2021-12-24 11:50:26,014] {python.py:118} INFO - Done. Returned value was: None
[2021-12-24 11:50:26,220] {taskinstance.py:1166} INFO - Marking task as SUCCESS. dag_id=classification, task_id=load_data, execution_date=20211224T114250, start_date=20211224T114901, end_date=20211224T115026
[2021-12-24 11:50:26,492] {taskinstance.py:1220} INFO - 1 downstream tasks scheduled from follow-on schedule check
[2021-12-24 11:50:26,611] {local_task_job.py:146} INFO - Task exited with return code 0
