[2022-01-25 10:21:16,351] {taskinstance.py:851} INFO - Dependencies all met for <TaskInstance: classification.check_data_exist 2022-01-25T10:16:10.257136+00:00 [queued]>
[2022-01-25 10:21:16,373] {taskinstance.py:851} INFO - Dependencies all met for <TaskInstance: classification.check_data_exist 2022-01-25T10:16:10.257136+00:00 [queued]>
[2022-01-25 10:21:16,373] {taskinstance.py:1042} INFO - 
--------------------------------------------------------------------------------
[2022-01-25 10:21:16,374] {taskinstance.py:1043} INFO - Starting attempt 1 of 2
[2022-01-25 10:21:16,374] {taskinstance.py:1044} INFO - 
--------------------------------------------------------------------------------
[2022-01-25 10:21:16,399] {taskinstance.py:1063} INFO - Executing <Task(BranchPythonOperator): check_data_exist> on 2022-01-25T10:16:10.257136+00:00
[2022-01-25 10:21:16,406] {standard_task_runner.py:52} INFO - Started process 8743 to run task
[2022-01-25 10:21:16,414] {standard_task_runner.py:76} INFO - Running: ['airflow', 'tasks', 'run', 'classification', 'check_data_exist', '2022-01-25T10:16:10.257136+00:00', '--job-id', '60', '--pool', 'default_pool', '--raw', '--subdir', 'DAGS_FOLDER/classification.py', '--cfg-path', '/tmp/tmp6p9l82hm', '--error-file', '/tmp/tmpuuma_9ok']
[2022-01-25 10:21:16,421] {standard_task_runner.py:77} INFO - Job 60: Subtask check_data_exist
[2022-01-25 10:21:16,523] {logging_mixin.py:104} INFO - Running <TaskInstance: classification.check_data_exist 2022-01-25T10:16:10.257136+00:00 [running]> on host 2dc98551bc76
[2022-01-25 10:21:16,593] {taskinstance.py:1257} INFO - Exporting the following env vars:
AIRFLOW_CTX_DAG_OWNER=airflow
AIRFLOW_CTX_DAG_ID=classification
AIRFLOW_CTX_TASK_ID=check_data_exist
AIRFLOW_CTX_EXECUTION_DATE=2022-01-25T10:16:10.257136+00:00
AIRFLOW_CTX_DAG_RUN_ID=scheduled__2022-01-25T10:16:10.257136+00:00
[2022-01-25 10:21:16,735] {logging_mixin.py:104} INFO - pikachu_629.png
[2022-01-25 10:21:16,749] {logging_mixin.py:104} INFO - pikachu_630.jpeg
[2022-01-25 10:21:16,777] {logging_mixin.py:104} INFO - pikachu_631.jpeg
[2022-01-25 10:21:16,813] {logging_mixin.py:104} INFO - pikachu_633.jpeg
[2022-01-25 10:21:16,825] {logging_mixin.py:104} INFO - pikachu_634.jpeg
[2022-01-25 10:21:16,853] {logging_mixin.py:104} INFO - pikachu_635.jpeg
[2022-01-25 10:21:16,890] {logging_mixin.py:104} INFO - pikachu_636.jpeg
[2022-01-25 10:21:16,919] {logging_mixin.py:104} INFO - pikachu_637.jpeg
[2022-01-25 10:21:16,924] {logging_mixin.py:104} INFO - pikachu_638.jpeg
[2022-01-25 10:21:16,934] {logging_mixin.py:104} INFO - pikachu_639.jpeg
[2022-01-25 10:21:16,936] {logging_mixin.py:104} INFO - pikachu_640.jpeg
[2022-01-25 10:21:16,937] {logging_mixin.py:104} INFO - pikachu_641.jpeg
[2022-01-25 10:21:16,938] {logging_mixin.py:104} INFO - pikachu_642.jpeg
[2022-01-25 10:21:16,939] {logging_mixin.py:104} INFO - pikachu_643.jpeg
[2022-01-25 10:21:16,947] {logging_mixin.py:104} INFO - pikachu_644.jpeg
[2022-01-25 10:21:16,952] {logging_mixin.py:104} INFO - pikachu_645.jpeg
[2022-01-25 10:21:16,953] {logging_mixin.py:104} INFO - pikachu_646.jpeg
[2022-01-25 10:21:16,954] {logging_mixin.py:104} INFO - pikachu_647.jpeg
[2022-01-25 10:21:16,955] {logging_mixin.py:104} INFO - pikachu_648.jpeg
[2022-01-25 10:21:16,956] {logging_mixin.py:104} INFO - pikachu_649.jpeg
[2022-01-25 10:21:16,957] {logging_mixin.py:104} INFO - pikachu_650.jpeg
[2022-01-25 10:21:16,957] {logging_mixin.py:104} INFO - pikachu_651.jpeg
[2022-01-25 10:21:16,965] {logging_mixin.py:104} INFO - pikachu_652.png
[2022-01-25 10:21:16,966] {logging_mixin.py:104} INFO - pikachu_653.jpeg
[2022-01-25 10:21:16,968] {logging_mixin.py:104} INFO - pikachu_654.jpeg
[2022-01-25 10:21:16,969] {logging_mixin.py:104} INFO - pikachu_655.jpeg
[2022-01-25 10:21:16,970] {logging_mixin.py:104} INFO - pikachu_657.jpeg
[2022-01-25 10:21:16,970] {logging_mixin.py:104} INFO - pikachu_658.jpeg
[2022-01-25 10:21:16,971] {logging_mixin.py:104} INFO - pikachu_659.png
[2022-01-25 10:21:16,972] {logging_mixin.py:104} INFO - pikachu_660.jpeg
[2022-01-25 10:21:16,973] {logging_mixin.py:104} INFO - pikachu_661.png
[2022-01-25 10:21:16,981] {logging_mixin.py:104} INFO - pikachu_662.png
[2022-01-25 10:21:16,983] {logging_mixin.py:104} INFO - pikachu_663.jpeg
[2022-01-25 10:21:16,985] {logging_mixin.py:104} INFO - pikachu_664.jpeg
[2022-01-25 10:21:16,986] {logging_mixin.py:104} INFO - pikachu_665.jpeg
[2022-01-25 10:21:16,987] {logging_mixin.py:104} INFO - pikachu_666.jpeg
[2022-01-25 10:21:16,988] {logging_mixin.py:104} INFO - pikachu_667.png
[2022-01-25 10:21:16,989] {logging_mixin.py:104} INFO - pikachu_668.jpeg
[2022-01-25 10:21:16,989] {logging_mixin.py:104} INFO - pikachu_669.jpeg
[2022-01-25 10:21:16,990] {logging_mixin.py:104} INFO - pikachu_670.jpeg
[2022-01-25 10:21:16,993] {logging_mixin.py:104} INFO - pikachu_671.jpeg
[2022-01-25 10:21:16,993] {logging_mixin.py:104} INFO - pikachu_672.jpeg
[2022-01-25 10:21:16,994] {logging_mixin.py:104} INFO - pikachu_673.png
[2022-01-25 10:21:16,995] {logging_mixin.py:104} INFO - pikachu_674.jpeg
[2022-01-25 10:21:16,996] {logging_mixin.py:104} INFO - pikachu_675.jpeg
[2022-01-25 10:21:17,015] {logging_mixin.py:104} INFO - pikachu_676.jpeg
[2022-01-25 10:21:17,018] {logging_mixin.py:104} INFO - pikachu_677.jpeg
[2022-01-25 10:21:17,020] {logging_mixin.py:104} INFO - pikachu_678.jpeg
[2022-01-25 10:21:17,020] {logging_mixin.py:104} INFO - pikachu_679.jpeg
[2022-01-25 10:21:17,021] {logging_mixin.py:104} INFO - pikachu_682.jpeg
[2022-01-25 10:21:17,022] {logging_mixin.py:104} INFO - pikachu_683.jpeg
[2022-01-25 10:21:17,022] {logging_mixin.py:104} INFO - pikachu_684.jpeg
[2022-01-25 10:21:17,024] {logging_mixin.py:104} INFO - pikachu_686.jpeg
[2022-01-25 10:21:17,027] {logging_mixin.py:104} INFO - pikachu_688.jpeg
[2022-01-25 10:21:17,027] {logging_mixin.py:104} INFO - pikachu_689.jpeg
[2022-01-25 10:21:17,028] {logging_mixin.py:104} INFO - pikachu_690.jpeg
[2022-01-25 10:21:17,028] {logging_mixin.py:104} INFO - pikachu_691.jpeg
[2022-01-25 10:21:17,029] {logging_mixin.py:104} INFO - pikachu_692.jpeg
[2022-01-25 10:21:17,029] {logging_mixin.py:104} INFO - pikachu_693.jpeg
[2022-01-25 10:21:17,031] {logging_mixin.py:104} INFO - pikachu_694.jpeg
[2022-01-25 10:21:17,031] {logging_mixin.py:104} INFO - pikachu_695.jpeg
[2022-01-25 10:21:17,032] {logging_mixin.py:104} INFO - pikachu_696.jpeg
[2022-01-25 10:21:17,032] {logging_mixin.py:104} INFO - pikachu_697.jpeg
[2022-01-25 10:21:17,033] {logging_mixin.py:104} INFO - pikachu_698.jpeg
[2022-01-25 10:21:17,033] {logging_mixin.py:104} INFO - pikachu_699.jpeg
[2022-01-25 10:21:17,034] {logging_mixin.py:104} INFO - pikachu_700.jpeg
[2022-01-25 10:21:17,034] {logging_mixin.py:104} INFO - pikachu_701.jpeg
[2022-01-25 10:21:17,035] {logging_mixin.py:104} INFO - pikachu_702.jpeg
[2022-01-25 10:21:17,035] {logging_mixin.py:104} INFO - pikachu_703.jpeg
[2022-01-25 10:21:17,043] {logging_mixin.py:104} INFO - pikachu_704.jpeg
[2022-01-25 10:21:17,044] {logging_mixin.py:104} INFO - pikachu_705.jpeg
[2022-01-25 10:21:17,044] {logging_mixin.py:104} INFO - pikachu_706.jpeg
[2022-01-25 10:21:17,045] {logging_mixin.py:104} INFO - pikachu_707.jpeg
[2022-01-25 10:21:17,045] {logging_mixin.py:104} INFO - pikachu_708.jpeg
[2022-01-25 10:21:17,046] {logging_mixin.py:104} INFO - pikachu_709.jpeg
[2022-01-25 10:21:17,046] {logging_mixin.py:104} INFO - pikachu_711.jpeg
[2022-01-25 10:21:17,047] {logging_mixin.py:104} INFO - pikachu_712.jpeg
[2022-01-25 10:21:17,047] {logging_mixin.py:104} INFO - pikachu_713.jpeg
[2022-01-25 10:21:17,048] {logging_mixin.py:104} INFO - pikachu_714.jpeg
[2022-01-25 10:21:17,048] {logging_mixin.py:104} INFO - pikachu_715.png
[2022-01-25 10:21:17,048] {logging_mixin.py:104} INFO - pikachu_716.jpeg
[2022-01-25 10:21:17,049] {logging_mixin.py:104} INFO - pikachu_717.jpeg
[2022-01-25 10:21:17,049] {logging_mixin.py:104} INFO - pikachu_718.jpeg
[2022-01-25 10:21:17,050] {logging_mixin.py:104} INFO - pikachu_719.jpeg
[2022-01-25 10:21:17,050] {logging_mixin.py:104} INFO - pikachu_720.jpeg
[2022-01-25 10:21:17,051] {logging_mixin.py:104} INFO - pikachu_721.jpeg
[2022-01-25 10:21:17,051] {logging_mixin.py:104} INFO - pikachu_722.jpeg
[2022-01-25 10:21:17,052] {logging_mixin.py:104} INFO - pikachu_723.jpeg
[2022-01-25 10:21:17,052] {logging_mixin.py:104} INFO - pikachu_724.png
[2022-01-25 10:21:17,052] {logging_mixin.py:104} INFO - pikachu_725.jpeg
[2022-01-25 10:21:17,053] {logging_mixin.py:104} INFO - pikachu_726.jpeg
[2022-01-25 10:21:17,053] {logging_mixin.py:104} INFO - pikachu_727.jpeg
[2022-01-25 10:21:17,054] {logging_mixin.py:104} INFO - pikachu_728.jpeg
[2022-01-25 10:21:17,054] {logging_mixin.py:104} INFO - --------------ti-----------------------
[2022-01-25 10:21:17,058] {logging_mixin.py:104} INFO - <TaskInstance: classification.check_data_exist 2022-01-25T10:16:10.257136+00:00 [running]>
[2022-01-25 10:21:17,060] {logging_mixin.py:104} INFO - ------------------------------
[2022-01-25 10:21:17,123] {python.py:118} INFO - Done. Returned value was: load_data
[2022-01-25 10:21:17,125] {skipmixin.py:124} INFO - Following branch load_data
[2022-01-25 10:21:17,145] {skipmixin.py:155} INFO - Skipping tasks []
[2022-01-25 10:21:17,250] {taskinstance.py:1166} INFO - Marking task as SUCCESS. dag_id=classification, task_id=check_data_exist, execution_date=20220125T101610, start_date=20220125T102116, end_date=20220125T102117
[2022-01-25 10:21:17,376] {taskinstance.py:1220} INFO - 1 downstream tasks scheduled from follow-on schedule check
[2022-01-25 10:21:17,409] {local_task_job.py:146} INFO - Task exited with return code 0
