[2022-01-25 14:56:47,060] {taskinstance.py:851} INFO - Dependencies all met for <TaskInstance: classification.delete_source_images 2022-01-25T14:55:03.016519+00:00 [queued]>
[2022-01-25 14:56:47,084] {taskinstance.py:851} INFO - Dependencies all met for <TaskInstance: classification.delete_source_images 2022-01-25T14:55:03.016519+00:00 [queued]>
[2022-01-25 14:56:47,085] {taskinstance.py:1042} INFO - 
--------------------------------------------------------------------------------
[2022-01-25 14:56:47,085] {taskinstance.py:1043} INFO - Starting attempt 1 of 2
[2022-01-25 14:56:47,086] {taskinstance.py:1044} INFO - 
--------------------------------------------------------------------------------
[2022-01-25 14:56:47,110] {taskinstance.py:1063} INFO - Executing <Task(PythonOperator): delete_source_images> on 2022-01-25T14:55:03.016519+00:00
[2022-01-25 14:56:47,119] {standard_task_runner.py:52} INFO - Started process 3566 to run task
[2022-01-25 14:56:47,127] {standard_task_runner.py:76} INFO - Running: ['airflow', 'tasks', 'run', 'classification', 'delete_source_images', '2022-01-25T14:55:03.016519+00:00', '--job-id', '185', '--pool', 'default_pool', '--raw', '--subdir', 'DAGS_FOLDER/classification.py', '--cfg-path', '/tmp/tmpzzjfzs0g', '--error-file', '/tmp/tmpq7ndy5v3']
[2022-01-25 14:56:47,137] {standard_task_runner.py:77} INFO - Job 185: Subtask delete_source_images
[2022-01-25 14:56:47,200] {logging_mixin.py:104} INFO - Running <TaskInstance: classification.delete_source_images 2022-01-25T14:55:03.016519+00:00 [running]> on host 42ecca77b6ba
[2022-01-25 14:56:47,256] {taskinstance.py:1257} INFO - Exporting the following env vars:
AIRFLOW_CTX_DAG_OWNER=airflow
AIRFLOW_CTX_DAG_ID=classification
AIRFLOW_CTX_TASK_ID=delete_source_images
AIRFLOW_CTX_EXECUTION_DATE=2022-01-25T14:55:03.016519+00:00
AIRFLOW_CTX_DAG_RUN_ID=manual__2022-01-25T14:55:03.016519+00:00
[2022-01-25 14:56:48,028] {python.py:118} INFO - Done. Returned value was: None
[2022-01-25 14:56:48,068] {taskinstance.py:1166} INFO - Marking task as SUCCESS. dag_id=classification, task_id=delete_source_images, execution_date=20220125T145503, start_date=20220125T145647, end_date=20220125T145648
[2022-01-25 14:56:48,153] {taskinstance.py:1220} INFO - 1 downstream tasks scheduled from follow-on schedule check
[2022-01-25 14:56:48,199] {local_task_job.py:146} INFO - Task exited with return code 0
