[2022-01-25 09:29:39,863] {taskinstance.py:851} INFO - Dependencies all met for <TaskInstance: bing_image_download.bing_image_download 2022-01-25T09:24:31.336453+00:00 [queued]>
[2022-01-25 09:29:39,892] {taskinstance.py:851} INFO - Dependencies all met for <TaskInstance: bing_image_download.bing_image_download 2022-01-25T09:24:31.336453+00:00 [queued]>
[2022-01-25 09:29:39,893] {taskinstance.py:1042} INFO - 
--------------------------------------------------------------------------------
[2022-01-25 09:29:39,894] {taskinstance.py:1043} INFO - Starting attempt 1 of 2
[2022-01-25 09:29:39,895] {taskinstance.py:1044} INFO - 
--------------------------------------------------------------------------------
[2022-01-25 09:29:39,912] {taskinstance.py:1063} INFO - Executing <Task(PythonOperator): bing_image_download> on 2022-01-25T09:24:31.336453+00:00
[2022-01-25 09:29:39,920] {standard_task_runner.py:52} INFO - Started process 42 to run task
[2022-01-25 09:29:39,926] {standard_task_runner.py:76} INFO - Running: ['airflow', 'tasks', 'run', 'bing_image_download', 'bing_image_download', '2022-01-25T09:24:31.336453+00:00', '--job-id', '12', '--pool', 'default_pool', '--raw', '--subdir', 'DAGS_FOLDER/bing_image_download.py', '--cfg-path', '/tmp/tmpl96xe1no', '--error-file', '/tmp/tmppzuhhsho']
[2022-01-25 09:29:39,927] {standard_task_runner.py:77} INFO - Job 12: Subtask bing_image_download
[2022-01-25 09:29:40,097] {logging_mixin.py:104} INFO - Running <TaskInstance: bing_image_download.bing_image_download 2022-01-25T09:24:31.336453+00:00 [running]> on host e28fac53771a
[2022-01-25 09:29:40,242] {taskinstance.py:1257} INFO - Exporting the following env vars:
AIRFLOW_CTX_DAG_OWNER=airflow
AIRFLOW_CTX_DAG_ID=bing_image_download
AIRFLOW_CTX_TASK_ID=bing_image_download
AIRFLOW_CTX_EXECUTION_DATE=2022-01-25T09:24:31.336453+00:00
AIRFLOW_CTX_DAG_RUN_ID=scheduled__2022-01-25T09:24:31.336453+00:00
[2022-01-25 09:29:40,265] {logging_mixin.py:104} INFO - [INFO] searching Bing API for 'pikachu'
[2022-01-25 09:29:42,415] {logging_mixin.py:104} INFO - [INFO] 1000 total results for 'pikachu'
[2022-01-25 09:29:42,459] {logging_mixin.py:104} INFO - [INFO] making request for group 0-50 of 1000...
[2022-01-25 09:29:43,262] {logging_mixin.py:104} INFO - [INFO] saving images for group 0-50 of 1000...
[2022-01-25 09:29:43,263] {logging_mixin.py:104} INFO - [INFO] fetching: http://vignette3.wikia.nocookie.net/wii/images/7/77/Pikachu_SSB4.jpg/revision/latest?cb=20140210000421
[2022-01-25 09:29:45,666] {logging_mixin.py:104} INFO - [INFO] fetching: https://pngimg.com/uploads/pokemon/pokemon_PNG15.png
[2022-01-25 09:29:46,787] {logging_mixin.py:104} INFO - [INFO] fetching: https://images-wixmp-ed30a86b8c4ca887773594c2.wixmp.com/f/4f6bf5b3-c9b6-44c2-ab80-06e3ea80d511/dca37p4-e992703b-3518-475a-a3bd-bc2831f13e7b.png?token=eyJ0eXAiOiJKV1QiLCJhbGciOiJIUzI1NiJ9.eyJzdWIiOiJ1cm46YXBwOiIsImlzcyI6InVybjphcHA6Iiwib2JqIjpbW3sicGF0aCI6IlwvZlwvNGY2YmY1YjMtYzliNi00NGMyLWFiODAtMDZlM2VhODBkNTExXC9kY2EzN3A0LWU5OTI3MDNiLTM1MTgtNDc1YS1hM2JkLWJjMjgzMWYxM2U3Yi5wbmcifV1dLCJhdWQiOlsidXJuOnNlcnZpY2U6ZmlsZS5kb3dubG9hZCJdfQ.BgM4bC-lqNizie8fhV-EnS5hLNCPn5y8iROlzXNAdk4
[2022-01-25 09:29:48,615] {logging_mixin.py:104} INFO - [INFO] fetching: https://pngimg.com/uploads/pokemon/pokemon_PNG93.png
[2022-01-25 09:29:48,912] {logging_mixin.py:104} INFO - [INFO] fetching: https://pngimg.com/uploads/pokemon/pokemon_PNG148.png
[2022-01-25 09:29:49,342] {logging_mixin.py:104} INFO - [INFO] fetching: https://3.bp.blogspot.com/-QRBqlfFJt6U/ULpgGND3XFI/AAAAAAAACPs/TUrUig9gj5A/s1600/pikachu.png
[2022-01-25 09:29:50,819] {logging_mixin.py:104} INFO - [INFO] fetching: https://www.nintendoworldreport.com/media/38183/4/1.jpg
[2022-01-25 09:29:53,257] {logging_mixin.py:104} INFO - [INFO] fetching: https://ph.portal-pokemon.com/upload/en/HelloPika.png
[2022-01-25 09:29:56,396] {logging_mixin.py:104} INFO - [INFO] fetching: https://pngimg.com/uploads/pokemon/pokemon_PNG42.png
[2022-01-25 09:29:56,852] {logging_mixin.py:104} INFO - [INFO] fetching: https://mir-s3-cdn-cf.behance.net/project_modules/max_1200/91cc6c40961423.5793b50987cac.jpg
[2022-01-25 09:29:58,119] {logging_mixin.py:104} INFO - [INFO] fetching: http://clipartmag.com/image/pikachu-images-for-drawing-29.png
[2022-01-25 09:29:59,872] {logging_mixin.py:104} INFO - [INFO] fetching: https://yt3.ggpht.com/a-/AAuE7mBRlOG3moYW1oLN4L0V6FP-O-3IJrF1NoGjDw=s900-mo-c-c0xffffffff-rj-k-no
[2022-01-25 09:30:00,185] {logging_mixin.py:104} INFO - [INFO] fetching: https://cdn.vox-cdn.com/thumbor/RGPwZaA8xxwrVd4spVyTGNrxHh0=/99x0:1179x720/1200x800/filters:focal(99x0:1179x720)/cdn.vox-cdn.com/uploads/chorus_image/image/50166993/2016.1_Great_Detective_Pikachu_Birth_of_a_New_Duo__3DS_.0.0.jpg
[2022-01-25 09:30:01,999] {logging_mixin.py:104} INFO - [INFO] fetching: https://cdn.myminifactory.com/assets/object-assets/5c64403a9c7ad/images/d27029fa-5bce-4731-b8b4-af6be07fe701.jpg
[2022-01-25 09:30:08,270] {logging_mixin.py:104} INFO - [INFO] fetching: https://img1.cgtrader.com/items/2419585/aef1cf6064/pikachu-pokemon-3d-printing-3d-model-obj-stl-blend.jpg
[2022-01-25 09:30:08,673] {logging_mixin.py:104} INFO - [INFO] fetching: https://mir-s3-cdn-cf.behance.net/project_modules/1400/56f6e170109017.5d71da93da213.png
[2022-01-25 09:30:09,644] {logging_mixin.py:104} INFO - [INFO] fetching: https://graffitiscuba.com/wp-content/uploads/2018/03/Cartoons10.jpg
[2022-01-25 09:30:14,975] {logging_mixin.py:104} INFO - [INFO] fetching: https://pngimg.com/uploads/pokemon/pokemon_PNG102.png
[2022-01-25 09:30:15,280] {logging_mixin.py:104} INFO - [INFO] fetching: https://cdn.mos.cms.futurecdn.net/dqW4eWEXeU6J8tBpZTpqy5.jpg
[2022-01-25 09:30:16,719] {logging_mixin.py:104} INFO - [INFO] fetching: https://images-wixmp-ed30a86b8c4ca887773594c2.wixmp.com/f/c5bbbf70-cfca-4aeb-892b-6ac8c54fb175/ddbr84t-d0753923-bc99-4919-8bb6-2121149399d7.png/v1/fill/w_956,h_836,strp/pikachu_libre_render_by_vexikku_ddbr84t-pre.png?token=eyJ0eXAiOiJKV1QiLCJhbGciOiJIUzI1NiJ9.eyJzdWIiOiJ1cm46YXBwOjdlMGQxODg5ODIyNjQzNzNhNWYwZDQxNWVhMGQyNmUwIiwiaXNzIjoidXJuOmFwcDo3ZTBkMTg4OTgyMjY0MzczYTVmMGQ0MTVlYTBkMjZlMCIsIm9iaiI6W1t7ImhlaWdodCI6Ijw9MzUwMCIsInBhdGgiOiJcL2ZcL2M1YmJiZjcwLWNmY2EtNGFlYi04OTJiLTZhYzhjNTRmYjE3NVwvZGRicjg0dC1kMDc1MzkyMy1iYzk5LTQ5MTktOGJiNi0yMTIxMTQ5Mzk5ZDcucG5nIiwid2lkdGgiOiI8PTQwMDAifV1dLCJhdWQiOlsidXJuOnNlcnZpY2U6aW1hZ2Uub3BlcmF0aW9ucyJdfQ.SCZGQ24m5GxrmvuwHJ6Em8lOGDWKTpacKjSjkkFMbCs
[2022-01-25 09:30:17,183] {logging_mixin.py:104} INFO - [INFO] fetching: http://img2.wikia.nocookie.net/__cb20110811011944/pokemonfanon/images/8/88/Pikachu_XXV.PNG
[2022-01-25 09:30:20,000] {logging_mixin.py:104} INFO - [INFO] fetching: https://static3.srcdn.com/wordpress/wp-content/uploads/2020/10/Pokemon-Sword-and-Shield-Ash-Ketchum-Pikachu.jpg
[2022-01-25 09:30:20,288] {logging_mixin.py:104} INFO - [INFO] fetching: http://cdn.shopify.com/s/files/1/0284/4907/9395/products/sticker_pikachu.jpg?v=1573513085
[2022-01-25 09:30:20,724] {logging_mixin.py:104} INFO - [INFO] fetching: https://static1.cbrimages.com/wordpress/wp-content/uploads/2019/12/Pikachu-Feature-Image-Cropped.jpg
[2022-01-25 09:30:20,999] {logging_mixin.py:104} INFO - [INFO] fetching: https://preview.redd.it/x2wdfznl7dc31.jpg?auto=webp&s=ac11d594b10cd85ecdce3c3850887649d6ca7da6
[2022-01-25 09:30:21,960] {logging_mixin.py:104} INFO - [INFO] fetching: https://i2.wp.com/metro.co.uk/wp-content/uploads/2016/06/ash_s_pikachu-0.png?quality=90&strip=all&zoom=1&resize=899%2C580&ssl=1
[2022-01-25 09:30:22,426] {logging_mixin.py:104} INFO - [INFO] fetching: https://graphictide.com/images/shop/hover/307_pikachu-candy.png
[2022-01-25 09:30:23,910] {logging_mixin.py:104} INFO - [INFO] fetching: https://images-wixmp-ed30a86b8c4ca887773594c2.wixmp.com/f/25247b92-6844-4fef-8ed8-5055cc35bf58/dd18tmd-d30941e9-a135-4565-ba5f-ac90be835d62.png/v1/fill/w_958,h_834,strp/pikachu_run_render_by_nintega_dario_dd18tmd-pre.png?token=eyJ0eXAiOiJKV1QiLCJhbGciOiJIUzI1NiJ9.eyJzdWIiOiJ1cm46YXBwOjdlMGQxODg5ODIyNjQzNzNhNWYwZDQxNWVhMGQyNmUwIiwiaXNzIjoidXJuOmFwcDo3ZTBkMTg4OTgyMjY0MzczYTVmMGQ0MTVlYTBkMjZlMCIsIm9iaiI6W1t7ImhlaWdodCI6Ijw9MTc1MCIsInBhdGgiOiJcL2ZcLzI1MjQ3YjkyLTY4NDQtNGZlZi04ZWQ4LTUwNTVjYzM1YmY1OFwvZGQxOHRtZC1kMzA5NDFlOS1hMTM1LTQ1NjUtYmE1Zi1hYzkwYmU4MzVkNjIucG5nIiwid2lkdGgiOiI8PTIwMTAifV1dLCJhdWQiOlsidXJuOnNlcnZpY2U6aW1hZ2Uub3BlcmF0aW9ucyJdfQ.pq9b6WZU8vHbWtw8DC3WwZi3p6WYzSD7f0YKTUaru2g
[2022-01-25 09:30:24,403] {logging_mixin.py:104} INFO - [INFO] fetching: http://tonsoffacts.com/wp-content/uploads/2019/11/fp4716-pokemon-pikachu-glow.jpg
[2022-01-25 09:30:26,973] {logging_mixin.py:104} INFO - [INFO-DEL] deleting: /opt/airflow/dags/images/pikachu_28.jpeg
[2022-01-25 09:30:26,987] {logging_mixin.py:104} INFO - [INFO] fetching: http://images4.fanpop.com/image/photos/22200000/Pikachu-pikachu-22265985-1280-1120.jpg
[2022-01-25 09:30:29,633] {logging_mixin.py:104} INFO - [INFO] fetching: https://img.huffingtonpost.com/asset/5a10b3b0180000aa09f6ce35.jpeg?ops=1910_1000
[2022-01-25 09:30:30,288] {logging_mixin.py:104} INFO - [INFO] fetching: https://animetos.com/wp-content/uploads/2021/03/img_8458-scaled.jpeg
[2022-01-25 09:30:40,731] {logging_mixin.py:104} INFO - [INFO] fetching: https://www.onlinetoys.com.au/19664/pokemon-power-action-pikachu.jpg
[2022-01-25 09:30:42,433] {logging_mixin.py:104} INFO - [INFO] fetching: http://1.bp.blogspot.com/-abBmZroOWLE/VI1OaUQRSVI/AAAAAAAAHag/BUaUVdHh1Ak/s1600/Pikachu_Vector.png
[2022-01-25 09:30:43,108] {logging_mixin.py:104} INFO - [INFO] fetching: https://s3.us-east-1.amazonaws.com/dexerto-assets-production-cbbdf288/uploads/2020/02/16230146/pokemon-community-fat-pikachu-meme.jpg
[2022-01-25 09:30:45,421] {logging_mixin.py:104} INFO - [INFO] fetching: https://cdn.weasyl.com/~tsaoshin/submissions/1351357/26480474c4f1b1f6b42aa02c67540a21a3daa4cf4da375229ccf723d56d1377d/tsaoshin-025-pikachu.png
[2022-01-25 09:30:45,894] {logging_mixin.py:104} INFO - [INFO] fetching: https://yt3.ggpht.com/a/AATXAJwmhNbZwsDbo_tXP-d9wB7tSqNpV56GFvSjhQ=s900-c-k-c0xffffffff-no-rj-mo
[2022-01-25 09:30:47,145] {logging_mixin.py:104} INFO - [INFO] fetching: https://yt3.ggpht.com/a/AATXAJw9Y95jJiDSFXIG6GWfIZKdHbgfovkOcj66BA=s900-c-k-c0xffffffff-no-rj-mo
[2022-01-25 09:30:47,569] {logging_mixin.py:104} INFO - [INFO] fetching: https://img2.cgtrader.com/items/670200/bb4720355b/pikachu-3d-model-low-poly-obj-c4d-stl-ztl-mtl.png
[2022-01-25 09:30:47,849] {logging_mixin.py:104} INFO - [INFO] fetching: https://cdn.gamer-network.net/2018/usgamer/Detective-Pikachu-Header-03.jpg/EG11/thumbnail/1920x1080/format/jpg/quality/75/detective-pikachu-pokemon-next-generation-switch-impressions.jpg
[2022-01-25 09:30:48,546] {logging_mixin.py:104} INFO - [INFO] fetching: https://img2.cgtrader.com/items/768075/a6212ac1a3/pokemon-pikachu-3d-model-low-poly-rigged.jpg
[2022-01-25 09:30:48,770] {logging_mixin.py:104} INFO - [INFO] fetching: https://preview.redd.it/r3r5fzcibmh21.jpg?auto=webp&s=fb5f20934cc89940c787d04a9a324b7fbed1cb34
[2022-01-25 09:30:50,192] {logging_mixin.py:104} INFO - [INFO] fetching: https://soyummy.com/wp-content/uploads/2018/11/pikachu.jpg
[2022-01-25 09:30:51,581] {logging_mixin.py:104} INFO - [INFO-DEL] deleting: /opt/airflow/dags/images/pikachu_42.jpeg
[2022-01-25 09:30:51,583] {logging_mixin.py:104} INFO - [INFO] fetching: https://static2.thegamerimages.com/wordpress/wp-content/uploads/2019/05/Detective-Pikachu-4.jpg
[2022-01-25 09:30:51,966] {logging_mixin.py:104} INFO - [INFO] fetching: http://www.baltana.com/files/wallpapers-14/Pikachu-Widescreen-Wallpapers-37659.jpg
[2022-01-25 09:30:56,797] {logging_mixin.py:104} INFO - [INFO] fetching: https://webgames.host/uploads/2018/03/pikachu-bros.png
[2022-01-25 09:31:08,528] {logging_mixin.py:104} INFO - [INFO] fetching: https://vignette3.wikia.nocookie.net/pokemon/images/6/64/Spikey_Eared_Pichu.jpg/revision/latest/scale-to-width-down/2000?cb=20130129204810
[2022-01-25 09:31:11,050] {logging_mixin.py:104} INFO - [INFO] fetching: http://oyster.ignimgs.com/mediawiki/apis.ign.com/pokken-tournament/b/b0/Detail-pikachu.png
[2022-01-25 09:31:11,344] {logging_mixin.py:104} INFO - [INFO] fetching: https://s3.us-east-1.amazonaws.com/dexerto-assets-production-cbbdf288/uploads/2020/08/26080403/ashs-pikachu-on-verge-of-evolving-pokemon-journeys-23-years-franchise-icon.jpg
[2022-01-25 09:31:14,873] {logging_mixin.py:104} INFO - [INFO] fetching: https://brokenpanda.net/wp-content/uploads/1588943949_865_Pikachu-HD-Wallpapers-2020.jpg
[2022-01-25 09:31:17,267] {logging_mixin.py:104} INFO - [INFO] making request for group 50-100 of 1000...
[2022-01-25 09:31:18,871] {logging_mixin.py:104} INFO - [INFO] saving images for group 50-100 of 1000...
[2022-01-25 09:31:18,872] {logging_mixin.py:104} INFO - [INFO] fetching: https://s3.us-east-1.amazonaws.com/dexerto-assets-production-cbbdf288/uploads/2020/08/26080403/ashs-pikachu-on-verge-of-evolving-pokemon-journeys-23-years-franchise-icon.jpg
[2022-01-25 09:31:22,197] {logging_mixin.py:104} INFO - [INFO] fetching: https://getwallpapers.com/wallpaper/full/4/9/a/400572.jpg
[2022-01-25 09:31:24,603] {logging_mixin.py:104} INFO - [INFO] fetching: https://images-wixmp-ed30a86b8c4ca887773594c2.wixmp.com/f/93abed28-db9e-4018-aee8-6c817a5863b9/dbsqkhl-bc627623-0eed-4727-a573-b7f6cd48d992.png/v1/fill/w_800,h_855,strp/king_pikachu_by_kraus_illustration_dbsqkhl-fullview.png?token=eyJ0eXAiOiJKV1QiLCJhbGciOiJIUzI1NiJ9.eyJzdWIiOiJ1cm46YXBwOjdlMGQxODg5ODIyNjQzNzNhNWYwZDQxNWVhMGQyNmUwIiwiaXNzIjoidXJuOmFwcDo3ZTBkMTg4OTgyMjY0MzczYTVmMGQ0MTVlYTBkMjZlMCIsIm9iaiI6W1t7ImhlaWdodCI6Ijw9ODU1IiwicGF0aCI6IlwvZlwvOTNhYmVkMjgtZGI5ZS00MDE4LWFlZTgtNmM4MTdhNTg2M2I5XC9kYnNxa2hsLWJjNjI3NjIzLTBlZWQtNDcyNy1hNTczLWI3ZjZjZDQ4ZDk5Mi5wbmciLCJ3aWR0aCI6Ijw9ODAwIn1dXSwiYXVkIjpbInVybjpzZXJ2aWNlOmltYWdlLm9wZXJhdGlvbnMiXX0.RBhJ-Eni5Fc_r-5ZBrMSXC8Z0aJvE6PrRT6HPGQehGM
[2022-01-25 09:31:26,164] {logging_mixin.py:104} INFO - [INFO] fetching: https://yt3.ggpht.com/a/AATXAJznnOKPTmacMoV1l7l43kb4YaukGZH9ZSfeSw=s900-c-k-c0xffffffff-no-rj-mo
[2022-01-25 09:31:26,450] {logging_mixin.py:104} INFO - [INFO] fetching: https://vignette3.wikia.nocookie.net/pokemon/images/6/64/Spikey_Eared_Pichu.jpg/revision/latest/scale-to-width-down/2000?cb=20130129204810
[2022-01-25 09:31:28,877] {logging_mixin.py:104} INFO - [INFO] fetching: https://webgames.host/uploads/2018/03/pikachu-bros.png
[2022-01-25 09:31:32,592] {logging_mixin.py:104} INFO - [INFO] fetching: https://wallpapercave.com/wp/wp6346994.png
[2022-01-25 09:31:33,584] {logging_mixin.py:104} INFO - [INFO] fetching: https://c.shld.net/rpx/i/s/i/spin/10032562/prod_12349903012??hei=64&wid=64&qlt=50
[2022-01-25 09:31:35,198] {logging_mixin.py:104} INFO - [INFO] fetching: https://static0.thegamerimages.com/wordpress/wp-content/uploads/2020/02/pikachu-featured.jpg
[2022-01-25 09:31:35,489] {logging_mixin.py:104} INFO - [INFO] fetching: http://www.baltana.com/files/wallpapers-16/Pokemon-Detective-Pikachu-Background-Wallpaper-39818.jpg
[2022-01-25 09:31:38,675] {logging_mixin.py:104} INFO - [INFO] fetching: https://1.bp.blogspot.com/-Uknx6gietjA/T_RdnzTHJ0I/AAAAAAAAE3s/VsmPxC7Js3E/s1600/Pikachu+Pokemon+Wallpapers+2.jpg
[2022-01-25 09:31:39,105] {logging_mixin.py:104} INFO - [INFO] fetching: https://www.pinclipart.com/picdir/middle/522-5225314_transparent-detective-pikachu-png-clipart.png
[2022-01-25 09:31:57,463] {logging_mixin.py:104} INFO - [INFO] fetching: https://yt3.ggpht.com/a/AATXAJy5TUeCGX8BPUjyMlQh0S1vFu9-PQFNlxk2xQ=s900-c-k-c0xffffffff-no-rj-mo
[2022-01-25 09:31:57,707] {logging_mixin.py:104} INFO - [INFO] fetching: https://whirli-production-images.s3.eu-west-2.amazonaws.com/products/yZYb57lPl7/yb9jP0AWgj_pokemon-pikachu-medium.jpg
[2022-01-25 09:31:58,994] {logging_mixin.py:104} INFO - [INFO] fetching: https://i.etsystatic.com/8557472/r/il/1009f9/1677348229/il_fullxfull.1677348229_ogtm.jpg
[2022-01-25 09:31:59,953] {logging_mixin.py:104} INFO - [INFO] fetching: https://megamousearts.com/wp-content/uploads/2020/05/Anime-Pikachu.jpg
[2022-01-25 09:32:00,906] {logging_mixin.py:104} INFO - [INFO-DEL] deleting: /opt/airflow/dags/images/pikachu_65.jpeg
[2022-01-25 09:32:00,908] {logging_mixin.py:104} INFO - [INFO] fetching: https://www.kolpaper.com/wp-content/uploads/2020/04/Pikachu-Wallpaper-5.jpg
[2022-01-25 09:32:04,303] {logging_mixin.py:104} INFO - [INFO] fetching: https://s1.thcdn.com/productimg/1600/1600/11793129-3294591567198503.jpg
[2022-01-25 09:32:05,005] {logging_mixin.py:104} INFO - [INFO] fetching: https://assets1.ignimgs.com/2016/10/28/503eaea31a316jpeg-f9b106.jpg?width=1280
[2022-01-25 09:32:05,783] {logging_mixin.py:104} INFO - [INFO] fetching: https://static2.srcdn.com/wordpress/wp-content/uploads/2019/05/Detective-Pikachu-Pokemon-Red.jpg
[2022-01-25 09:32:06,069] {logging_mixin.py:104} INFO - [INFO] fetching: https://images.nintendolife.com/43ece59eb41ff/1280x720.jpg
[2022-01-25 09:32:06,295] {logging_mixin.py:104} INFO - [INFO] fetching: https://wallpapers.moviemania.io/phone/movie/447404/e255b7/pokemon-detective-pikachu-phone-wallpaper.jpg?w=1536&h=2732
[2022-01-25 09:32:11,265] {logging_mixin.py:104} INFO - [INFO] fetching: https://media.gq.com/photos/5cd448e6b41d094fd2cd74af/16:9/w_2560%2Cc_limit/There-Could-Be-No-More-Perfect-Pikachu-Than-Ryan-Reynolds-gq-1.jpg
[2022-01-25 09:32:11,986] {logging_mixin.py:104} INFO - [INFO] fetching: https://yt3.ggpht.com/a/AATXAJxWSkYcdzgaCCCeLyKiozmRwjzPpGyIH3dNHMM=s900-c-k-c0xffffffff-no-rj-mo
[2022-01-25 09:32:12,312] {logging_mixin.py:104} INFO - [INFO] fetching: https://vignette.wikia.nocookie.net/obfcbt-wiki/images/2/21/Pikachucartoonbeatboxbattles.png/revision/latest?cb=20200527170448
[2022-01-25 09:32:14,622] {logging_mixin.py:104} INFO - [INFO] fetching: https://static0.therichestimages.com/wordpress/wp-content/uploads/2017/12/Sad-Pikachu.jpg
[2022-01-25 09:32:15,207] {logging_mixin.py:104} INFO - [INFO] fetching: https://lh3.googleusercontent.com/-pjv4YgoL5UI/XyvtmAe7IAI/AAAAAAAAAyg/yw8CdJezZS8u3FPhLCORyjmOhb2HosoKACLcBGAsYHQ/s1600/1596714392572854-14.png
[2022-01-25 09:32:15,876] {logging_mixin.py:104} INFO - [INFO] fetching: https://media.pocketmonsters.net/imageboard/31/14561285150091.jpg
[2022-01-25 09:32:17,853] {logging_mixin.py:104} INFO - [INFO] fetching: http://img4.wikia.nocookie.net/__cb20130114020548/projectcrusade/images/7/77/Pikachu.png
[2022-01-25 09:32:19,125] {logging_mixin.py:104} INFO - [INFO] fetching: https://img1.cgtrader.com/items/2603799/0f31abff97/pikachu-avatar-3d-model-stl.jpg
[2022-01-25 09:32:19,498] {logging_mixin.py:104} INFO - [INFO] fetching: https://i.kinja-img.com/gawker-media/image/upload/s--7N2i0AxA--/c_fill,fl_progressive,g_center,h_900,q_80,w_1600/gvi8m4p95orhorwg0bpv.jpg
[2022-01-25 09:32:19,883] {logging_mixin.py:104} INFO - [INFO] fetching: https://static1.thegamerimages.com/wordpress/wp-content/uploads/2018/05/New-Pikachu-Evolution-Cover-Image.jpg
[2022-01-25 09:32:20,171] {logging_mixin.py:104} INFO - [INFO] fetching: https://static1.thegamerimages.com/wordpress/wp-content/uploads/2019/06/Shiny-Pikachu.jpg
[2022-01-25 09:32:20,402] {logging_mixin.py:104} INFO - [INFO] fetching: http://www.baltana.com/files/wallpapers-16/Pokemon-Detective-Pikachu-Movie-Desktop-Wallpaper-39833.jpg
[2022-01-25 09:32:22,712] {logging_mixin.py:104} INFO - [INFO] fetching: http://i.ytimg.com/vi/o4juhokUSDc/maxresdefault.jpg
[2022-01-25 09:32:22,927] {logging_mixin.py:104} INFO - [INFO] fetching: https://webgames.host/uploads/2018/09/super-pikachu.png
[2022-01-25 09:32:31,104] {logging_mixin.py:104} INFO - [INFO] fetching: https://hdwallsbox.com/wallpapers/l/1080x1920/65/pokemon-pikachu-1080x1920-64096.jpg
[2022-01-25 09:32:32,226] {logging_mixin.py:104} INFO - [INFO-DEL] deleting: /opt/airflow/dags/images/pikachu_86.jpeg
[2022-01-25 09:32:32,230] {logging_mixin.py:104} INFO - [INFO] fetching: https://yt3.ggpht.com/a-/AAuE7mA4QFZvuGbW5z7QHDyL7KACDGvO_ukJ4IEBKw=s900-mo-c-c0xffffffff-rj-k-no
[2022-01-25 09:32:32,583] {logging_mixin.py:104} INFO - [INFO] fetching: https://images-wixmp-ed30a86b8c4ca887773594c2.wixmp.com/f/30e23551-c869-487d-a6d4-4aa73c102731/d553a9m-94352d40-78c7-433f-b867-801e0a04f563.jpg/v1/fill/w_894,h_894,q_70,strp/pikachu_wallpaper_by_moustachegirl05_d553a9m-pre.jpg?token=eyJ0eXAiOiJKV1QiLCJhbGciOiJIUzI1NiJ9.eyJzdWIiOiJ1cm46YXBwOiIsImlzcyI6InVybjphcHA6Iiwib2JqIjpbW3siaGVpZ2h0IjoiPD05MDAiLCJwYXRoIjoiXC9mXC8zMGUyMzU1MS1jODY5LTQ4N2QtYTZkNC00YWE3M2MxMDI3MzFcL2Q1NTNhOW0tOTQzNTJkNDAtNzhjNy00MzNmLWI4NjctODAxZTBhMDRmNTYzLmpwZyIsIndpZHRoIjoiPD05MDAifV1dLCJhdWQiOlsidXJuOnNlcnZpY2U6aW1hZ2Uub3BlcmF0aW9ucyJdfQ.xxkve31bTxQ94oqIMB1tVmzxFO7JuCCH7tXVIqsPdZ8
[2022-01-25 09:32:33,316] {logging_mixin.py:104} INFO - [INFO] fetching: https://static0.thegamerimages.com/wordpress/wp-content/uploads/2020/10/0-Pikachu-Comics.jpg
[2022-01-25 09:32:33,505] {logging_mixin.py:104} INFO - [INFO] fetching: https://img2.cgtrader.com/items/2663418/5d0149e95e/pikachu-3d-model-obj-stl-blend-dae.jpg
[2022-01-25 09:32:33,775] {logging_mixin.py:104} INFO - [INFO] fetching: https://cdn4.dualshockers.com/wp-content/uploads/2013/08/pokemon-pikachu-hd.jpg
[2022-01-25 09:32:34,592] {logging_mixin.py:104} INFO - [INFO] fetching: https://heavy.com/wp-content/uploads/2017/08/screen-shot-2017-08-09-at-9-59-40-am-e1502287216960.png
[2022-01-25 09:32:35,386] {logging_mixin.py:104} INFO - [INFO] fetching: https://animetos.com/wp-content/uploads/2021/01/img_6054-scaled.jpg
[2022-01-25 09:32:48,766] {logging_mixin.py:104} INFO - [INFO] fetching: https://pngimg.com/uploads/pokemon/pokemon_PNG103.png
[2022-01-25 09:32:49,069] {logging_mixin.py:104} INFO - [INFO] fetching: https://appliquedesignz.com/image/cache/data/Pokemon_Pikachu_Applique_Design_590_0-1200x1200.jpg
[2022-01-25 09:32:50,450] {logging_mixin.py:104} INFO - [INFO-DEL] deleting: /opt/airflow/dags/images/pikachu_95.jpeg
[2022-01-25 09:32:50,451] {logging_mixin.py:104} INFO - [INFO] fetching: https://i.pinimg.com/736x/69/b4/86/69b4861c06c48e990fd225d75a8c4b73--pokemon.jpg
[2022-01-25 09:32:52,287] {logging_mixin.py:104} INFO - [INFO] fetching: https://webstockreview.net/images/pikachu-clipart-pikachu-tail-10.png
[2022-01-25 09:32:54,415] {logging_mixin.py:104} INFO - [INFO] fetching: https://www.pngall.com/wp-content/uploads/5/Pokemon-Pikachu-PNG-Picture.png
[2022-01-25 09:32:56,684] {logging_mixin.py:104} INFO - [INFO] fetching: https://d3ieicw58ybon5.cloudfront.net/ex/1200.630/20.119.632.332/u/69bd8a787a374c94830d9f9c87ead74d.jpg
[2022-01-25 09:32:56,912] {logging_mixin.py:104} INFO - [INFO] making request for group 100-150 of 1000...
[2022-01-25 09:32:58,491] {logging_mixin.py:104} INFO - [INFO] saving images for group 100-150 of 1000...
[2022-01-25 09:32:58,492] {logging_mixin.py:104} INFO - [INFO] fetching: https://wallpapers.moviemania.io/phone/movie/447404/e255b7/pokemon-detective-pikachu-phone-wallpaper.jpg?w=1536&h=2732
[2022-01-25 09:33:02,596] {logging_mixin.py:104} INFO - [INFO] fetching: https://www.pokemoncenter.com/products/images/P6480/701-06560/P6480_701-06560_01.jpg
[2022-01-25 09:33:04,552] {logging_mixin.py:104} INFO - [INFO] fetching: https://media.nichegamer.com/wp-content/uploads/2018/01/12144503/detective-pikachu-01-12-18-2-1200x1330.jpg
[2022-01-25 09:33:05,143] {logging_mixin.py:104} INFO - [INFO-DEL] deleting: /opt/airflow/dags/images/pikachu_102.jpeg
[2022-01-25 09:33:05,175] {logging_mixin.py:104} INFO - [INFO] fetching: https://i.neoseeker.com/n/7/pika.jpg
[2022-01-25 09:33:06,543] {logging_mixin.py:104} INFO - [INFO] fetching: https://www.pokemoncenter.com/products/images/P4537/701-03482/P4537_701-03482_01.jpg
[2022-01-25 09:33:07,294] {logging_mixin.py:104} INFO - [INFO] fetching: https://nintendoeverything.com/wp-content/uploads/sites/1/nggallery/detective-pikachu-art/detective-pikachu-7.jpg
[2022-01-25 09:33:11,057] {logging_mixin.py:104} INFO - [INFO] fetching: https://www.gamepur.com/files/images/tldr/2017/07/How-To-Catch-Ashs-Hat-Pikachu-Feature.jpg
[2022-01-25 09:33:13,259] {logging_mixin.py:104} INFO - [INFO] fetching: https://d1lss44hh2trtw.cloudfront.net/assets/article/2019/05/28/detective-pikachu-coffee_feature.jpg
[2022-01-25 09:33:13,567] {logging_mixin.py:104} INFO - [INFO] fetching: https://vamers.com/wp-content/uploads/2019/05/Vamers-Entertainment-Watch-Detective-Pikachu-online-for-free-Main-Banner.jpg
[2022-01-25 09:33:14,012] {logging_mixin.py:104} INFO - [INFO] fetching: https://wallpapercave.com/wp/wp5526652.jpg
[2022-01-25 09:33:15,229] {logging_mixin.py:104} INFO - [INFO] fetching: https://media.pocketmonsters.net/imageboard/31/14561285400034.jpg
[2022-01-25 09:33:16,898] {logging_mixin.py:104} INFO - [INFO] fetching: https://img1.cgtrader.com/items/2363834/9e80c00060/pocky-pikachu-pokemon-stl-3d-model-stl.jpg
[2022-01-25 09:33:18,243] {logging_mixin.py:104} INFO - [INFO] fetching: https://imgix.ranker.com/user_node_img/50090/1001785516/original/pika-pika-photo-u2?fit=crop&fm=pjpg&q=60&w=650&dpr=2
[2022-01-25 09:33:18,885] {logging_mixin.py:104} INFO - [INFO] fetching: https://s2.megabrandsmedia.com/products/megabloks-50434ac1376b0135b061beb317f36f5b-1493649325-fjn61-19745.jpg
[2022-01-25 09:33:19,890] {logging_mixin.py:104} INFO - [INFO] fetching: https://static1.srcdn.com/wordpress/wp-content/uploads/2019/05/Pokemon-Detective-Pikachu-Sequel.jpg
[2022-01-25 09:33:20,293] {logging_mixin.py:104} INFO - [INFO] fetching: https://static3.gamerantimages.com/wordpress/wp-content/uploads/2021/01/SpecialPikachuHeader.jpg
[2022-01-25 09:33:20,567] {logging_mixin.py:104} INFO - [INFO] fetching: http://www.eventmascots.co.uk/wp-content/uploads/2016/09/pokemon.png
[2022-01-25 09:33:52,920] {logging_mixin.py:104} INFO - [ERROR]:  HTTPConnectionPool(host='www.eventmascots.co.uk', port=80): Read timed out. (read timeout=30)
[2022-01-25 09:33:52,920] {logging_mixin.py:104} INFO - [INFO] fetching: https://static1.gamerantimages.com/wordpress/wp-content/uploads/2020/08/pikachu-viral-song.jpg
[2022-01-25 09:33:53,210] {logging_mixin.py:104} INFO - [INFO] fetching: http://media.pocketmonsters.net/imageboard/31/15228538780096.jpg
[2022-01-25 09:33:55,085] {logging_mixin.py:104} INFO - [INFO] fetching: https://assets.vg247.com/current/2016/01/detective_pikachu.jpg
[2022-01-25 09:33:55,492] {logging_mixin.py:104} INFO - [INFO] fetching: https://imgix.ranker.com/user_node_img/50090/1001785514/original/i-will-electrocute_-you-photo-u1?fit=crop&fm=pjpg&q=60&w=650&dpr=2
[2022-01-25 09:33:55,970] {logging_mixin.py:104} INFO - [INFO] fetching: https://static2.srcdn.com/wordpress/wp-content/uploads/2019/05/Pokemon-Detective-Pikachu-Post-credits-scene.jpg
[2022-01-25 09:33:56,397] {logging_mixin.py:104} INFO - [INFO] fetching: https://s2.megabrandsmedia.com/2018/07/18/16/40/33/r/1000x750/B4BGYOKfXw1531946433.jpeg
[2022-01-25 09:33:56,953] {logging_mixin.py:104} INFO - [INFO] fetching: http://pinataboy.com/wp-content/uploads/2017/05/0E7CABEB-1F30-4E6C-B586-2CEBDA4C5AD8.jpg
[2022-01-25 09:33:57,768] {logging_mixin.py:104} INFO - [INFO-DEL] deleting: /opt/airflow/dags/images/pikachu_122.jpeg
[2022-01-25 09:33:57,771] {logging_mixin.py:104} INFO - [INFO] fetching: https://images-wixmp-ed30a86b8c4ca887773594c2.wixmp.com/f/30e23551-c869-487d-a6d4-4aa73c102731/d553a9m-94352d40-78c7-433f-b867-801e0a04f563.jpg/v1/fill/w_894,h_894,q_70,strp/pikachu_wallpaper_by_moustachegirl05_d553a9m-pre.jpg?token=eyJ0eXAiOiJKV1QiLCJhbGciOiJIUzI1NiJ9.eyJzdWIiOiJ1cm46YXBwOiIsImlzcyI6InVybjphcHA6Iiwib2JqIjpbW3siaGVpZ2h0IjoiPD05MDAiLCJwYXRoIjoiXC9mXC8zMGUyMzU1MS1jODY5LTQ4N2QtYTZkNC00YWE3M2MxMDI3MzFcL2Q1NTNhOW0tOTQzNTJkNDAtNzhjNy00MzNmLWI4NjctODAxZTBhMDRmNTYzLmpwZyIsIndpZHRoIjoiPD05MDAifV1dLCJhdWQiOlsidXJuOnNlcnZpY2U6aW1hZ2Uub3BlcmF0aW9ucyJdfQ.xxkve31bTxQ94oqIMB1tVmzxFO7JuCCH7tXVIqsPdZ8
[2022-01-25 09:33:58,609] {logging_mixin.py:104} INFO - [INFO] fetching: https://img2.cgtrader.com/items/2397682/ff1d56ce8d/pikachu-pokemon-3d-model-stl.jpg
[2022-01-25 09:33:58,881] {logging_mixin.py:104} INFO - [INFO] fetching: https://img2.cgtrader.com/items/1936395/2792841c74/pikachu-3d-model-stl.jpg
[2022-01-25 09:33:59,076] {logging_mixin.py:104} INFO - [INFO] fetching: https://wallpapertag.com/wallpaper/middle/3/e/0/421412-most-popular-pokemon-pikachu-wallpapers-1990x1440-for-mac.jpg
[2022-01-25 09:34:00,997] {logging_mixin.py:104} INFO - [INFO] fetching: https://static1.thegamerimages.com/wordpress/wp-content/uploads/2020/03/Pokemon-Lets-Go-Eevee-and-Pikachu-Dressed-With-Nice-Bows.jpg
[2022-01-25 09:34:01,207] {logging_mixin.py:104} INFO - [INFO] fetching: https://www.pokemoncenter.com/products/images/P7133/108309/P7133_108309_01.jpg
[2022-01-25 09:34:02,785] {logging_mixin.py:104} INFO - [INFO] fetching: https://i2.wp.com/sotaku.com/wp-content/uploads/2018/05/Pika.jpg?fit=2503%2C1306&ssl=1
[2022-01-25 09:34:04,250] {logging_mixin.py:104} INFO - [INFO] fetching: https://cdna.artstation.com/p/assets/images/images/011/013/148/large/bayram-baglayan-img-20180524-181437-904.jpg?1527428430
[2022-01-25 09:34:04,520] {logging_mixin.py:104} INFO - [INFO] fetching: https://screenvisionmedia.com/wp-content/uploads/2019/04/pokemon-detective-pikachu.jpg
[2022-01-25 09:34:07,056] {logging_mixin.py:104} INFO - [INFO] fetching: https://imgix.bustle.com/rehost/2016/9/14/3bddb9fb-8417-42bd-ad68-483047679620.png?w=1200&h=630&q=70&fit=crop&crop=faces&fm=jpg
[2022-01-25 09:34:09,387] {logging_mixin.py:104} INFO - [INFO] fetching: https://pngeditz.com/wp-content/uploads/2019/06/pikachuu-png.png
[2022-01-25 09:34:13,267] {logging_mixin.py:104} INFO - [INFO] fetching: https://i.kinja-img.com/gawker-media/image/upload/s--zxpIWDK6--/c_fill,fl_progressive,g_center,h_900,q_80,w_1600/r3lapixycmqowiraveb1.jpg
[2022-01-25 09:34:27,423] {logging_mixin.py:104} INFO - [INFO-DEL] deleting: /opt/airflow/dags/images/pikachu_134.jpeg
[2022-01-25 09:34:27,431] {logging_mixin.py:104} INFO - [INFO] fetching: http://2.bp.blogspot.com/-EHYbTpQLsmM/TyVRPH5RMGI/AAAAAAAAAb0/M7hnCPo5i20/w1200-h630-p-k-no-nu/pikachu.jpg
[2022-01-25 09:34:27,674] {logging_mixin.py:104} INFO - [INFO] fetching: http://i.ytimg.com/vi/SHzl08jICtE/maxresdefault.jpg
[2022-01-25 09:34:28,098] {logging_mixin.py:104} INFO - [INFO] fetching: https://1.bp.blogspot.com/-w4nzY4co0ZM/TifSkIheO8I/AAAAAAAAAJg/gkhTNP32ZQM/s1600/cute_pikachu_picture.jpg
[2022-01-25 09:34:29,183] {logging_mixin.py:104} INFO - [INFO] fetching: https://i.ytimg.com/vi/0z51tiRkqN8/maxresdefault.jpg
[2022-01-25 09:34:29,587] {logging_mixin.py:104} INFO - [INFO] fetching: https://static2.thegamerimages.com/wordpress/wp-content/uploads/2020/03/pikachu-libre.jpg
[2022-01-25 09:34:29,902] {logging_mixin.py:104} INFO - [INFO] fetching: https://images.nintendolife.com/news/2018/05/we_nearly_had_a_terrifying_second_pikachu_evolution_with_horns_and_fangs/1280x720.jpg
[2022-01-25 09:34:31,144] {logging_mixin.py:104} INFO - [INFO] fetching: https://picon.ngfiles.com/701000/flash_701437_largest_crop.png?f1601049528
[2022-01-25 09:34:35,913] {logging_mixin.py:104} INFO - [INFO] fetching: http://www.zastavki.com/pictures/640x480/2014/Cartoons____Pokemon_Pikachu_059581_29.jpg
[2022-01-25 09:34:37,608] {logging_mixin.py:104} INFO - [ERROR]:  HTTPSConnectionPool(host='www.zastavki.com', port=443): Max retries exceeded with url: /pictures/640x480/2014/Cartoons____Pokemon_Pikachu_059581_29.jpg (Caused by SSLError(SSLError(1, '[SSL: CERTIFICATE_VERIFY_FAILED] certificate verify failed (_ssl.c:852)'),))
[2022-01-25 09:34:37,610] {logging_mixin.py:104} INFO - [INFO] fetching: https://media.sketchfab.com/models/ac60f6f686c14be6a1a636646afb5302/thumbnails/9e77d8ef114a4894a799047fc67ca152/4f892941ad124776884379bb684ead26.jpeg
[2022-01-25 09:34:37,969] {logging_mixin.py:104} INFO - [INFO] fetching: https://external-preview.redd.it/BzrkFNZBvqovaRR-Kplr4lVm3QCNQ13RZDf35R_bTws.jpg?auto=webp&s=b79c39364d2875b27c2b1f14deb1e9ce57f63756
[2022-01-25 09:34:38,282] {logging_mixin.py:104} INFO - [INFO] fetching: https://s3.getstickerpack.com/storage/uploads/sticker-pack/pikachu/4.png?a15620715062e25ce71b7dd3da72c25c&d=200x200
[2022-01-25 09:34:39,723] {logging_mixin.py:104} INFO - [INFO] fetching: https://www.freegame.games/wp-content/uploads/thumbs/gamemonetize/P/pokemon-pikachu.jpg
[2022-01-25 09:34:42,209] {logging_mixin.py:104} INFO - [INFO] fetching: https://d3ieicw58ybon5.cloudfront.net/ex/1200.630/20.119.632.332/u/69bd8a787a374c94830d9f9c87ead74d.jpg
[2022-01-25 09:34:42,575] {logging_mixin.py:104} INFO - [INFO] fetching: http://wallpoper.com/images/00/27/94/87/pokemon-pikachu_00279487.jpg
[2022-01-25 09:34:44,108] {logging_mixin.py:104} INFO - [INFO-DEL] deleting: /opt/airflow/dags/images/pikachu_147.jpeg
[2022-01-25 09:34:44,111] {logging_mixin.py:104} INFO - [INFO] making request for group 150-200 of 1000...
[2022-01-25 09:34:45,048] {logging_mixin.py:104} INFO - [INFO] saving images for group 150-200 of 1000...
[2022-01-25 09:34:45,049] {logging_mixin.py:104} INFO - [INFO] fetching: https://static1.gamerantimages.com/wordpress/wp-content/uploads/2020/08/pikachu-viral-song.jpg
[2022-01-25 09:34:45,280] {logging_mixin.py:104} INFO - [INFO] fetching: https://cdn.myminifactory.com/assets/object-assets/5c8be2a16ed93/images/pokemon-pikachu327.JPG
[2022-01-25 09:34:53,198] {logging_mixin.py:104} INFO - [INFO] fetching: https://pokecharms.com/data/attachment-files/2018/07/645262_bloodypika.png
[2022-01-25 09:34:59,220] {logging_mixin.py:104} INFO - [INFO] fetching: https://buzz.tt/media/posters/2405/posters_3_1500.jpg
[2022-01-25 09:35:05,482] {logging_mixin.py:104} INFO - [INFO] fetching: https://wallpapersmug.com/download/1024x768/7811b7/movie-2019-pokemon-detective-pikachu-pokemon.jpg
[2022-01-25 09:35:07,443] {logging_mixin.py:104} INFO - [INFO-DEL] deleting: /opt/airflow/dags/images/pikachu_152.jpeg
[2022-01-25 09:35:07,450] {logging_mixin.py:104} INFO - [INFO] fetching: https://www.pokemoncenter.com/wcsstore/PokemonCatalogAssetStore/images/catalog/products/P3817/701-02921/P3817_701-02921_03.jpg
[2022-01-25 09:35:09,554] {logging_mixin.py:104} INFO - [INFO] fetching: https://assets.vg247.com/current/2016/01/detective_pikachu.jpg
[2022-01-25 09:35:10,446] {logging_mixin.py:104} INFO - [INFO] fetching: http://3.bp.blogspot.com/-gL5V6U8cb1c/TngvK5fZaII/AAAAAAAACJc/2FD1xoQmPpE/w1200-h630-p-k-no-nu/12.JPG
[2022-01-25 09:35:11,129] {logging_mixin.py:104} INFO - [INFO] fetching: https://assets.3dtotal.com/1.pcpkfh.expanded.9ix.jpg
[2022-01-25 09:35:11,682] {logging_mixin.py:104} INFO - [INFO] fetching: https://yt3.ggpht.com/a/AGF-l79uh-5iB6JkspJEjauYlzWl9Dg2IdMX9Esi=s900-c-k-c0xffffffff-no-rj-mo
[2022-01-25 09:35:12,334] {logging_mixin.py:104} INFO - [INFO] fetching: https://www.pokemoncenter.com/products/images/P4315/701-03544/P4315_701-03544_01.jpg
[2022-01-25 09:35:13,598] {logging_mixin.py:104} INFO - [INFO] fetching: https://vamers.com/wp-content/uploads/2019/05/Untitled-5.jpeg
[2022-01-25 09:35:14,423] {logging_mixin.py:104} INFO - [INFO] fetching: https://gdrivedl.xyz/wp-content/uploads/2019/07/Detective-Pikachu.jpg
[2022-01-25 09:35:31,670] {logging_mixin.py:104} INFO - [INFO-DEL] deleting: /opt/airflow/dags/images/pikachu_160.jpeg
[2022-01-25 09:35:31,678] {logging_mixin.py:104} INFO - [INFO] fetching: https://s2.megabrandsmedia.com/products/megabloks-90799c5dc02b90723e2f30c4f368b491-1493649325-fjn61-19746.jpg
[2022-01-25 09:35:32,896] {logging_mixin.py:104} INFO - [INFO] fetching: https://wallpapercave.com/wp/wp8906979.png
[2022-01-25 09:35:38,043] {logging_mixin.py:104} INFO - [INFO] fetching: https://i2.wp.com/sotaku.com/wp-content/uploads/2018/05/Pika.jpg?fit=2503%2C1306&ssl=1
[2022-01-25 09:35:40,771] {logging_mixin.py:104} INFO - [INFO] fetching: https://art.ngfiles.com/images/322000/322197_gaziter_pikachu-zombie.jpg?f1412681513
[2022-01-25 09:35:43,484] {logging_mixin.py:104} INFO - [INFO] fetching: https://static1.srcdn.com/wordpress/wp-content/uploads/2019/02/Pikachu-in-Detective-Pikachu.jpg
[2022-01-25 09:35:44,278] {logging_mixin.py:104} INFO - [INFO] fetching: https://images-wixmp-ed30a86b8c4ca887773594c2.wixmp.com/f/54adb844-d78c-4a63-9a83-b6229792972b/dd1uevh-0c416cc3-c1db-4e11-a499-423cf3ac571b.png?token=eyJ0eXAiOiJKV1QiLCJhbGciOiJIUzI1NiJ9.eyJzdWIiOiJ1cm46YXBwOjdlMGQxODg5ODIyNjQzNzNhNWYwZDQxNWVhMGQyNmUwIiwiaXNzIjoidXJuOmFwcDo3ZTBkMTg4OTgyMjY0MzczYTVmMGQ0MTVlYTBkMjZlMCIsIm9iaiI6W1t7InBhdGgiOiJcL2ZcLzU0YWRiODQ0LWQ3OGMtNGE2My05YTgzLWI2MjI5NzkyOTcyYlwvZGQxdWV2aC0wYzQxNmNjMy1jMWRiLTRlMTEtYTQ5OS00MjNjZjNhYzU3MWIucG5nIn1dXSwiYXVkIjpbInVybjpzZXJ2aWNlOmZpbGUuZG93bmxvYWQiXX0.pJuDclndZXxSCB-I6rC_iQ04HrGp0j8kb_2mLqsDTUQ
[2022-01-25 09:35:45,110] {logging_mixin.py:104} INFO - [INFO] fetching: https://static1.srcdn.com/wordpress/wp-content/uploads/2019/05/Detective-PIkachu-Pokemon-Franchise-Future-Red-SR.jpg
[2022-01-25 09:35:46,082] {logging_mixin.py:104} INFO - [INFO] fetching: https://media.pocketmonsters.net/imageboard/29/15578625950086.jpg
[2022-01-25 09:35:47,619] {logging_mixin.py:104} INFO - [INFO] fetching: https://www.thesfnews.com/wp-content/uploads/2019/06/Pokemon-Detective-Pikachu.jpg
[2022-01-25 09:35:50,159] {logging_mixin.py:104} INFO - [INFO] fetching: https://i.pinimg.com/736x/61/48/da/6148da8687c465c103e7b812df50cfc8.jpg
[2022-01-25 09:35:52,169] {logging_mixin.py:104} INFO - [INFO] fetching: https://s1.megabrandsmedia.com/2018/12/10/10/45/37/1EIyBbNqxf1544456737.jpeg
[2022-01-25 09:35:53,135] {logging_mixin.py:104} INFO - [INFO] fetching: https://s01.sgp1.cdn.digitaloceanspaces.com/article/119298-tqvoskxurz-1557394806.jpg
[2022-01-25 09:35:54,014] {logging_mixin.py:104} INFO - [INFO] fetching: https://static0.thegamerimages.com/wordpress/wp-content/uploads/2019/07/Detective-Pikachu.jpg
[2022-01-25 09:35:55,734] {logging_mixin.py:104} INFO - [INFO] fetching: https://static1.cbrimages.com/wordpress/wp-content/uploads/2020/03/Ryan-Reynolds-In-Detective-Pikachu.jpg
[2022-01-25 09:35:56,465] {logging_mixin.py:104} INFO - [INFO] fetching: http://wallpoper.com/images/00/37/70/48/pokemon-pikachu_00377048.jpg
[2022-01-25 09:35:57,358] {logging_mixin.py:104} INFO - [INFO-DEL] deleting: /opt/airflow/dags/images/pikachu_175.jpeg
[2022-01-25 09:35:57,361] {logging_mixin.py:104} INFO - [INFO] fetching: http://wallpapersdsc.net/wp-content/uploads/2016/09/Pikachu-Desktop.png
[2022-01-25 09:36:09,179] {logging_mixin.py:104} INFO - [INFO] fetching: https://cdn.vox-cdn.com/thumbor/hsSMwgBAcsM2Dts7oOa9QTF3ltg=/0x0:1920x803/1200x800/filters:focal(843x183:1149x489)/cdn.vox-cdn.com/uploads/chorus_image/image/62280609/detective_pikachu_trailer_30_1920.0.jpg
[2022-01-25 09:36:11,291] {logging_mixin.py:104} INFO - [INFO] fetching: https://i0.wp.com/artofvfx.com/wp-content/uploads/2019/02/Pokemon_DetectivePikachu_BigSpot.jpg?ssl=1
[2022-01-25 09:36:12,692] {logging_mixin.py:104} INFO - [INFO] fetching: http://1.bp.blogspot.com/-cgHSrYD8Dh0/UoMnOdL-EuI/AAAAAAAABw4/aEbAnCz3-qw/s1600/pikachu-wallpaper-+beautyful1313116.jpg
[2022-01-25 09:36:14,672] {logging_mixin.py:104} INFO - [INFO] fetching: https://s2.megabrandsmedia.com/products/megabloks-08e07d76c22a69d77c34f95331460d73-1508167148-fnl92-21908.jpg
[2022-01-25 09:36:15,296] {logging_mixin.py:104} INFO - [INFO] fetching: https://images-wixmp-ed30a86b8c4ca887773594c2.wixmp.com/f/02721cb8-957d-4bae-b950-11016461189b/dd8j91h-05d30285-6094-4632-8dd9-c7f19975f2ee.jpg/v1/fill/w_800,h_1003,q_75,strp/pikachu___detective_pikachu_by_blondynkitezgraja_dd8j91h-fullview.jpg?token=eyJ0eXAiOiJKV1QiLCJhbGciOiJIUzI1NiJ9.eyJzdWIiOiJ1cm46YXBwOjdlMGQxODg5ODIyNjQzNzNhNWYwZDQxNWVhMGQyNmUwIiwiaXNzIjoidXJuOmFwcDo3ZTBkMTg4OTgyMjY0MzczYTVmMGQ0MTVlYTBkMjZlMCIsIm9iaiI6W1t7ImhlaWdodCI6Ijw9MTAwMyIsInBhdGgiOiJcL2ZcLzAyNzIxY2I4LTk1N2QtNGJhZS1iOTUwLTExMDE2NDYxMTg5YlwvZGQ4ajkxaC0wNWQzMDI4NS02MDk0LTQ2MzItOGRkOS1jN2YxOTk3NWYyZWUuanBnIiwid2lkdGgiOiI8PTgwMCJ9XV0sImF1ZCI6WyJ1cm46c2VydmljZTppbWFnZS5vcGVyYXRpb25zIl19.rPhYGqAWrpszhFqTme80uyVW2ky9b4EPrr272e-el40
[2022-01-25 09:36:16,929] {logging_mixin.py:104} INFO - [INFO] fetching: https://pm1.narvii.com/6145/236cab9b9ebac1155ff1e4aafc08e843558d7c89_hq.jpg
[2022-01-25 09:36:17,369] {logging_mixin.py:104} INFO - [INFO] fetching: https://www.desicomments.com/wp-content/uploads/Angry-Pikachu-Sketch.png
[2022-01-25 09:36:20,383] {logging_mixin.py:104} INFO - [INFO] fetching: https://static1.thegamerimages.com/wordpress/wp-content/uploads/2019/11/Pokemon-Cramorant-eating-Pikachu.jpg
[2022-01-25 09:36:22,136] {logging_mixin.py:104} INFO - [INFO] fetching: https://daily.pokecommunity.com/wp-content/uploads/2017/08/shiny_pikachu_GO.jpg
[2022-01-25 09:36:23,917] {logging_mixin.py:104} INFO - [INFO] fetching: https://cdn.myminifactory.com/assets/object-assets/5d8aa4738e22e/images/720X720-pikachu-2.jpg
[2022-01-25 09:36:25,690] {logging_mixin.py:104} INFO - [INFO] fetching: https://img2.cgtrader.com/items/2101925/e6e8c1e4a2/pikachu-pokemon-t-pose-3d-model-obj-mtl-fbx.jpg
[2022-01-25 09:36:27,691] {logging_mixin.py:104} INFO - [INFO] fetching: https://art.ngfiles.com/images/771000/771772_zsloth_pikachu-libre.png?f1546571609
[2022-01-25 09:36:30,717] {logging_mixin.py:104} INFO - [INFO] fetching: https://images-wixmp-ed30a86b8c4ca887773594c2.wixmp.com/f/0b4751be-6914-4525-96b4-da5671aa3b6f/d2gomzp-b52e9e8e-2cd4-4e96-840d-d7fbdf4d8a13.jpg/v1/fill/w_1027,h_778,q_70,strp/pikachu_face_wallpaper_by_waddledoo_d2gomzp-pre.jpg?token=eyJ0eXAiOiJKV1QiLCJhbGciOiJIUzI1NiJ9.eyJzdWIiOiJ1cm46YXBwOjdlMGQxODg5ODIyNjQzNzNhNWYwZDQxNWVhMGQyNmUwIiwiaXNzIjoidXJuOmFwcDo3ZTBkMTg4OTgyMjY0MzczYTVmMGQ0MTVlYTBkMjZlMCIsIm9iaiI6W1t7ImhlaWdodCI6Ijw9MTIxMyIsInBhdGgiOiJcL2ZcLzBiNDc1MWJlLTY5MTQtNDUyNS05NmI0LWRhNTY3MWFhM2I2ZlwvZDJnb216cC1iNTJlOWU4ZS0yY2Q0LTRlOTYtODQwZC1kN2ZiZGY0ZDhhMTMuanBnIiwid2lkdGgiOiI8PTE2MDAifV1dLCJhdWQiOlsidXJuOnNlcnZpY2U6aW1hZ2Uub3BlcmF0aW9ucyJdfQ.-qM83WTc4Y6UAjYrdvXmHdYGRyIdnaFKqMwsZ5fyvBc
[2022-01-25 09:36:31,741] {logging_mixin.py:104} INFO - [INFO] fetching: https://tinfoil.media/i/010003F003A34000/0/0/68319146899bcac903887a25ff13c361b86c2980f5fb3231cc7863188ffce251
[2022-01-25 09:36:36,227] {logging_mixin.py:104} INFO - [INFO] fetching: https://s1.megabrandsmedia.com/2020/06/02/15/17/47/r/1000x750/fgbYhfBDzS1591125467.jpeg
[2022-01-25 09:36:36,903] {logging_mixin.py:104} INFO - [INFO] fetching: http://getwallpapers.com/wallpaper/full/f/b/b/399192.jpg
[2022-01-25 09:36:40,015] {logging_mixin.py:104} INFO - [INFO] fetching: https://static.tumblr.com/c4afa18619e7f4ba3a72cf869dd21ed8/eybk5yk/YDKmu2acr/tumblr_static_pikachu.full.997159.jpg
[2022-01-25 09:36:41,881] {logging_mixin.py:104} INFO - [INFO] fetching: http://data.ibtimes.sg/en/full/16612/pikachu.jpg
[2022-01-25 09:36:42,427] {logging_mixin.py:104} INFO - [INFO] fetching: http://clipartmag.com/image/ash-and-pikachu-drawing-33.jpg
[2022-01-25 09:36:44,071] {logging_mixin.py:104} INFO - [INFO] fetching: https://superawesomevectors.com/wp-content/uploads/2017/05/pikachu-pokemon-vector-thumb.jpg
[2022-01-25 09:36:45,053] {logging_mixin.py:104} INFO - [INFO-DEL] deleting: /opt/airflow/dags/images/pikachu_196.jpeg
[2022-01-25 09:36:45,056] {logging_mixin.py:104} INFO - [INFO] fetching: https://pngimg.com/uploads/pokemon/pokemon_PNG104.png
[2022-01-25 09:36:45,241] {logging_mixin.py:104} INFO - [INFO] making request for group 200-250 of 1000...
[2022-01-25 09:36:46,526] {logging_mixin.py:104} INFO - [INFO] saving images for group 200-250 of 1000...
[2022-01-25 09:36:46,526] {logging_mixin.py:104} INFO - [INFO] fetching: https://cdn.myminifactory.com/assets/object-assets/5c8be2a16ed93/images/pokemon-pikachu327.JPG
[2022-01-25 09:36:56,265] {logging_mixin.py:104} INFO - [INFO] fetching: https://external-preview.redd.it/21ByTbZ564IqVWGr2KS0p6W1t3n4iZ_kh1e6SHKAt4c.jpg?width=640&crop=smart&auto=webp&s=ba59c329ca91846b22a9d22d09641735e1b64867
[2022-01-25 09:36:56,835] {logging_mixin.py:104} INFO - [INFO] fetching: https://assets1.ignimgs.com/2019/06/10/detective-pikachu---button-1560127101697.jpg
[2022-01-25 09:36:57,441] {logging_mixin.py:104} INFO - [INFO] fetching: https://scale.coolshop-cdn.com/product-media.coolshop-cdn.com/234K5Z/023172b404f648afad160d1bbb97f05a.jpg/f/pokemon-pikachu-xl-lamp-mdieotbbn11356.jpg?borderless=1&width=1920
[2022-01-25 09:36:59,660] {logging_mixin.py:104} INFO - [INFO] fetching: https://d1lss44hh2trtw.cloudfront.net/assets/article/2019/04/22/pikahug_feature.png
[2022-01-25 09:37:00,438] {logging_mixin.py:104} INFO - [INFO] fetching: https://www.pokemoncenter.com/products/images/P2931/701-00071/P2931_701-00071_01.jpg
[2022-01-25 09:37:02,032] {logging_mixin.py:104} INFO - [INFO] fetching: https://static2.gamerantimages.com/wordpress/wp-content/uploads/2020/10/pokemon-partner-cap-pikachu-banner.jpg
[2022-01-25 09:37:03,746] {logging_mixin.py:104} INFO - [INFO] fetching: https://images.metadata.sky.com/pd-image/aa2ccf5b-f102-4ef8-8456-8604f82c9705/16-9
[2022-01-25 09:38:19,291] {logging_mixin.py:104} INFO - [INFO] fetching: https://www.pokemoncenter.com/products/images/P4315/701-03544/P4315_701-03544_01.jpg
[2022-01-25 09:38:20,335] {logging_mixin.py:104} INFO - [INFO] fetching: https://buzz.tt/media/posters/2405/posters_1_1500.jpg
[2022-01-25 09:38:25,201] {logging_mixin.py:104} INFO - [INFO] fetching: http://cdn.shopify.com/s/files/1/1433/5988/products/Pika_grande.jpg?v=1482223575
[2022-01-25 09:38:25,322] {logging_mixin.py:104} INFO - [INFO] fetching: https://www.fortressofsolitude.co.za/wp-content/uploads/2019/02/Pokemon-Detective-Pikachu.jpg
[2022-01-25 09:38:27,930] {logging_mixin.py:104} INFO - [INFO] fetching: https://www.desicomments.com/wp-content/uploads/Pikachu-With-Mustache-Old-Aged-Look.jpg
[2022-01-25 09:38:29,628] {logging_mixin.py:104} INFO - [INFO] fetching: https://wegotthiscovered.com/wp-content/uploads/2019/01/Detective-Pikachu.jpeg
[2022-01-25 09:38:39,644] {logging_mixin.py:104} INFO - [ERROR]:  HTTPSConnectionPool(host='wegotthiscovered.com', port=443): Max retries exceeded with url: /wp-content/uploads/2019/01/Detective-Pikachu.jpeg (Caused by NewConnectionError('<urllib3.connection.HTTPSConnection object at 0x7f8fcb9cd390>: Failed to establish a new connection: [Errno -3] Temporary failure in name resolution',))
[2022-01-25 09:38:39,644] {logging_mixin.py:104} INFO - [INFO] fetching: https://wallpapercave.com/wp/wp8906979.png
[2022-01-25 09:38:40,528] {logging_mixin.py:104} INFO - [INFO] fetching: https://yourdailylama.com/wp-content/uploads/2018/11/detective-pikachu-1.jpg.optimal.jpg
[2022-01-25 09:38:42,464] {logging_mixin.py:104} INFO - [INFO] fetching: https://burningtreegaming.com/wp-content/uploads/2020/10/Takara-Tomy-4-Inch-Figurine-Pokemon-Pikachu-Gigantamax-Form.jpg
[2022-01-25 09:38:43,951] {logging_mixin.py:104} INFO - [INFO] fetching: https://images.wallpapersden.com/image/download/detective-pikachu_64578_3840x2160.jpg
[2022-01-25 09:38:47,715] {logging_mixin.py:104} INFO - [INFO] fetching: https://www.bbtoystore.com/mm5/pokemon/PK_TPL08_S3_pikachu-frowning-T19310.jpg
[2022-01-25 09:38:50,750] {logging_mixin.py:104} INFO - [INFO] fetching: https://omegalock.co.uk/6878-thickbox_default/cine-home-pokemon-detective-pikachu.jpg
[2022-01-25 09:38:53,650] {logging_mixin.py:104} INFO - [INFO] fetching: https://img1.cgtrader.com/items/2768654/129e72dbf8/pikachu-kyuubi-cosplay-3d-model-stl.jpg
[2022-01-25 09:38:54,557] {logging_mixin.py:104} INFO - [INFO] fetching: https://nintendosoup.com/wp-content/uploads/2020/02/Ash-Pikachu-1.jpg
[2022-01-25 09:38:56,648] {logging_mixin.py:104} INFO - [INFO] fetching: https://s2.megabrandsmedia.com/products/megabloks-f18fa5f1b75d6db07f1aca4d2dbb69c2-1508167148-fnl92-21907.jpg
[2022-01-25 09:38:57,185] {logging_mixin.py:104} INFO - [INFO] fetching: https://s2.megabrandsmedia.com/products/megabloks-90799c5dc02b90723e2f30c4f368b491-1493649325-fjn61-19746.jpg
[2022-01-25 09:38:57,421] {logging_mixin.py:104} INFO - [INFO] fetching: https://media.pocketmonsters.net/imageboard/29/15578625950086.jpg
[2022-01-25 09:38:59,308] {logging_mixin.py:104} INFO - [INFO] fetching: https://static0.thegamerimages.com/wordpress/wp-content/uploads/2020/03/Sonic-Beats-Detective-Pikachu.jpg
[2022-01-25 09:39:00,842] {logging_mixin.py:104} INFO - [INFO] fetching: http://jigsawpuzzles.online/king-include/uploads/pokemon-pikachu-game-map-board-territory-mania-3710643392.jpg
[2022-01-25 09:39:02,157] {logging_mixin.py:104} INFO - [INFO-DEL] deleting: /opt/airflow/dags/images/pikachu_223.jpeg
[2022-01-25 09:39:02,160] {logging_mixin.py:104} INFO - [INFO] fetching: https://nbpostgazette.com/wp-content/uploads/2019/02/heres-the-first-trailer-detective-pikachu-starring-ryan-reynolds-social.jpg
[2022-01-25 09:39:04,278] {logging_mixin.py:104} INFO - [INFO] fetching: https://s01.sgp1.cdn.digitaloceanspaces.com/article/119298-tqvoskxurz-1557394806.jpg
[2022-01-25 09:39:04,852] {logging_mixin.py:104} INFO - [INFO] fetching: https://buzz.tt/media/posters/2405/backdrops_4_1500.jpg
[2022-01-25 09:39:13,022] {logging_mixin.py:104} INFO - [INFO] fetching: https://www.clipartkey.com/mpngs/m/25-259809_evolved-version-of-pikachu-pokemon-raichu.png
[2022-01-25 09:39:50,066] {logging_mixin.py:104} INFO - [ERROR]:  HTTPSConnectionPool(host='www.clipartkey.com', port=443): Read timed out.
[2022-01-25 09:39:50,068] {logging_mixin.py:104} INFO - [INFO] fetching: http://wallpup.com/wp-content/uploads/2013/02/Pikachu-Pokemon-Wallpaper.jpg
[2022-01-25 09:40:00,079] {logging_mixin.py:104} INFO - [ERROR]:  HTTPConnectionPool(host='wallpup.com', port=80): Max retries exceeded with url: /wp-content/uploads/2013/02/Pikachu-Pokemon-Wallpaper.jpg (Caused by NewConnectionError('<urllib3.connection.HTTPConnection object at 0x7f8fcb9cdba8>: Failed to establish a new connection: [Errno -3] Temporary failure in name resolution',))
[2022-01-25 09:40:00,087] {logging_mixin.py:104} INFO - [INFO] fetching: https://art.ngfiles.com/images/771000/771772_zsloth_pikachu-libre.png?f1546571609
[2022-01-25 09:40:10,120] {logging_mixin.py:104} INFO - [ERROR]:  HTTPSConnectionPool(host='art.ngfiles.com', port=443): Max retries exceeded with url: /images/771000/771772_zsloth_pikachu-libre.png?f1546571609 (Caused by NewConnectionError('<urllib3.connection.HTTPSConnection object at 0x7f8fcb9cd7f0>: Failed to establish a new connection: [Errno -3] Temporary failure in name resolution',))
[2022-01-25 09:40:10,120] {logging_mixin.py:104} INFO - [INFO] fetching: http://static1.squarespace.com/static/56cdc4478259b5c112bb2285/56cf3a3a40261d197e1bd6ea/5d35e455c8680c0001b62675/1563813731199/pokemon.jpg?format=1500w
[2022-01-25 09:40:20,130] {logging_mixin.py:104} INFO - [ERROR]:  HTTPConnectionPool(host='static1.squarespace.com', port=80): Max retries exceeded with url: /static/56cdc4478259b5c112bb2285/56cf3a3a40261d197e1bd6ea/5d35e455c8680c0001b62675/1563813731199/pokemon.jpg?format=1500w (Caused by NewConnectionError('<urllib3.connection.HTTPConnection object at 0x7f8fcb9cd438>: Failed to establish a new connection: [Errno -3] Temporary failure in name resolution',))
[2022-01-25 09:40:20,131] {logging_mixin.py:104} INFO - [INFO] fetching: https://i.ytimg.com/vi/HeGO0c0aJ80/maxresdefault.jpg
[2022-01-25 09:40:30,144] {logging_mixin.py:104} INFO - [ERROR]:  HTTPSConnectionPool(host='i.ytimg.com', port=443): Max retries exceeded with url: /vi/HeGO0c0aJ80/maxresdefault.jpg (Caused by NewConnectionError('<urllib3.connection.HTTPSConnection object at 0x7f8fcb9cd4e0>: Failed to establish a new connection: [Errno -3] Temporary failure in name resolution',))
[2022-01-25 09:40:30,145] {logging_mixin.py:104} INFO - [INFO] fetching: https://fsa.zobj.net/crop.php?r=uHAgcPaHZsMQqckeVLytkqOQ3d4w_Rlnod8SfNFA9aUFdMUmQp-j41pBt3bId2ki16BuoDWy0XjEGGu2EgJex8dMFtLlyRJ1UAf2wKTCA-dUNoq3qRVQc1_ctR0PgaSBMFHt870QSFtzpfOY
[2022-01-25 09:40:40,160] {logging_mixin.py:104} INFO - [ERROR]:  HTTPSConnectionPool(host='fsa.zobj.net', port=443): Max retries exceeded with url: /crop.php?r=uHAgcPaHZsMQqckeVLytkqOQ3d4w_Rlnod8SfNFA9aUFdMUmQp-j41pBt3bId2ki16BuoDWy0XjEGGu2EgJex8dMFtLlyRJ1UAf2wKTCA-dUNoq3qRVQc1_ctR0PgaSBMFHt870QSFtzpfOY (Caused by NewConnectionError('<urllib3.connection.HTTPSConnection object at 0x7f8fcb9cd400>: Failed to establish a new connection: [Errno -3] Temporary failure in name resolution',))
[2022-01-25 09:40:40,160] {logging_mixin.py:104} INFO - [INFO] fetching: https://static1.thegamerimages.com/wordpress/wp-content/uploads/2017/08/pikachu-beat-up.jpg
[2022-01-25 09:40:50,169] {logging_mixin.py:104} INFO - [ERROR]:  HTTPSConnectionPool(host='static1.thegamerimages.com', port=443): Max retries exceeded with url: /wordpress/wp-content/uploads/2017/08/pikachu-beat-up.jpg (Caused by NewConnectionError('<urllib3.connection.HTTPSConnection object at 0x7f8fcb9cd630>: Failed to establish a new connection: [Errno -3] Temporary failure in name resolution',))
[2022-01-25 09:40:50,170] {logging_mixin.py:104} INFO - [INFO] fetching: https://images.launchbox-app.com/bf9892db-98e5-4d82-9294-4f66609a8b29.jpg
[2022-01-25 09:41:00,185] {logging_mixin.py:104} INFO - [ERROR]:  HTTPSConnectionPool(host='images.launchbox-app.com', port=443): Max retries exceeded with url: /bf9892db-98e5-4d82-9294-4f66609a8b29.jpg (Caused by NewConnectionError('<urllib3.connection.HTTPSConnection object at 0x7f8fcb9cd7f0>: Failed to establish a new connection: [Errno -3] Temporary failure in name resolution',))
[2022-01-25 09:41:00,186] {logging_mixin.py:104} INFO - [INFO] fetching: https://androidcommunity.com/wp-content/uploads/2017/06/Shiny-Pikachu.jpg
[2022-01-25 09:41:10,195] {logging_mixin.py:104} INFO - [ERROR]:  HTTPSConnectionPool(host='androidcommunity.com', port=443): Max retries exceeded with url: /wp-content/uploads/2017/06/Shiny-Pikachu.jpg (Caused by NewConnectionError('<urllib3.connection.HTTPSConnection object at 0x7f8fcb9cd470>: Failed to establish a new connection: [Errno -3] Temporary failure in name resolution',))
[2022-01-25 09:41:10,195] {logging_mixin.py:104} INFO - [INFO] fetching: https://www.starpng.com/public/uploads/preview/yellow-pikachu-face-tranaparent-png-image-101577092029pdlkipc9qy.jpg
[2022-01-25 09:41:20,206] {logging_mixin.py:104} INFO - [ERROR]:  HTTPSConnectionPool(host='www.starpng.com', port=443): Max retries exceeded with url: /public/uploads/preview/yellow-pikachu-face-tranaparent-png-image-101577092029pdlkipc9qy.jpg (Caused by NewConnectionError('<urllib3.connection.HTTPSConnection object at 0x7f8fcb9cd4e0>: Failed to establish a new connection: [Errno -3] Temporary failure in name resolution',))
[2022-01-25 09:41:20,207] {logging_mixin.py:104} INFO - [INFO] fetching: https://static0.thegamerimages.com/wordpress/wp-content/uploads/2020/11/Pokemon-Pikachu-Attacks-Trio.jpg
[2022-01-25 09:41:30,216] {logging_mixin.py:104} INFO - [ERROR]:  HTTPSConnectionPool(host='static0.thegamerimages.com', port=443): Max retries exceeded with url: /wordpress/wp-content/uploads/2020/11/Pokemon-Pikachu-Attacks-Trio.jpg (Caused by NewConnectionError('<urllib3.connection.HTTPSConnection object at 0x7f8fcb9cd8d0>: Failed to establish a new connection: [Errno -3] Temporary failure in name resolution',))
[2022-01-25 09:41:30,217] {logging_mixin.py:104} INFO - [INFO] fetching: https://static.tumblr.com/c4afa18619e7f4ba3a72cf869dd21ed8/eybk5yk/YDKmu2acr/tumblr_static_pikachu.full.997159.jpg
[2022-01-25 09:41:40,228] {logging_mixin.py:104} INFO - [ERROR]:  HTTPSConnectionPool(host='static.tumblr.com', port=443): Max retries exceeded with url: /c4afa18619e7f4ba3a72cf869dd21ed8/eybk5yk/YDKmu2acr/tumblr_static_pikachu.full.997159.jpg (Caused by NewConnectionError('<urllib3.connection.HTTPSConnection object at 0x7f8fcb9cd4e0>: Failed to establish a new connection: [Errno -3] Temporary failure in name resolution',))
[2022-01-25 09:41:40,228] {logging_mixin.py:104} INFO - [INFO] fetching: https://animetos.com/wp-content/uploads/2021/01/img_6057-600x600.jpg
[2022-01-25 09:41:50,239] {logging_mixin.py:104} INFO - [ERROR]:  HTTPSConnectionPool(host='animetos.com', port=443): Max retries exceeded with url: /wp-content/uploads/2021/01/img_6057-600x600.jpg (Caused by NewConnectionError('<urllib3.connection.HTTPSConnection object at 0x7f8fcb9cd208>: Failed to establish a new connection: [Errno -3] Temporary failure in name resolution',))
[2022-01-25 09:41:50,240] {logging_mixin.py:104} INFO - [INFO] fetching: http://cdn.shopify.com/s/files/1/2534/8132/products/ABPID50400-Pokemon_20Pikachu_20Cherry_20Blossom_20Tree-convert-20200918020958700956_1200x1200.jpg?v=1606214834
[2022-01-25 09:42:00,251] {logging_mixin.py:104} INFO - [ERROR]:  HTTPConnectionPool(host='cdn.shopify.com', port=80): Max retries exceeded with url: /s/files/1/2534/8132/products/ABPID50400-Pokemon_20Pikachu_20Cherry_20Blossom_20Tree-convert-20200918020958700956_1200x1200.jpg?v=1606214834 (Caused by NewConnectionError('<urllib3.connection.HTTPConnection object at 0x7f8fcb9cdb38>: Failed to establish a new connection: [Errno -3] Temporary failure in name resolution',))
[2022-01-25 09:42:00,252] {logging_mixin.py:104} INFO - [INFO] fetching: https://www.denofgeek.com/wp-content/uploads/2018/05/pikachu.jpg?resize=768%2C432
[2022-01-25 09:42:10,266] {logging_mixin.py:104} INFO - [ERROR]:  HTTPSConnectionPool(host='www.denofgeek.com', port=443): Max retries exceeded with url: /wp-content/uploads/2018/05/pikachu.jpg?resize=768%2C432 (Caused by NewConnectionError('<urllib3.connection.HTTPSConnection object at 0x7f8fcb9cd080>: Failed to establish a new connection: [Errno -3] Temporary failure in name resolution',))
[2022-01-25 09:42:10,267] {logging_mixin.py:104} INFO - [INFO] fetching: https://pngimg.com/uploads/pokemon/pokemon_PNG104.png
[2022-01-25 09:42:20,279] {logging_mixin.py:104} INFO - [ERROR]:  HTTPSConnectionPool(host='pngimg.com', port=443): Max retries exceeded with url: /uploads/pokemon/pokemon_PNG104.png (Caused by NewConnectionError('<urllib3.connection.HTTPSConnection object at 0x7f8fcb9cd4a8>: Failed to establish a new connection: [Errno -3] Temporary failure in name resolution',))
[2022-01-25 09:42:20,280] {logging_mixin.py:104} INFO - [INFO] fetching: https://webstockreview.net/images/pikachu-clipart-aesthetic-12.png
[2022-01-25 09:42:30,289] {logging_mixin.py:104} INFO - [ERROR]:  HTTPSConnectionPool(host='webstockreview.net', port=443): Max retries exceeded with url: /images/pikachu-clipart-aesthetic-12.png (Caused by NewConnectionError('<urllib3.connection.HTTPSConnection object at 0x7f8fcb9cd048>: Failed to establish a new connection: [Errno -3] Temporary failure in name resolution',))
[2022-01-25 09:42:30,290] {logging_mixin.py:104} INFO - [INFO] fetching: https://qph.fs.quoracdn.net/main-qimg-123952843cabd1bd0e108b234df09074
[2022-01-25 09:42:40,304] {logging_mixin.py:104} INFO - [ERROR]:  HTTPSConnectionPool(host='qph.fs.quoracdn.net', port=443): Max retries exceeded with url: /main-qimg-123952843cabd1bd0e108b234df09074 (Caused by NewConnectionError('<urllib3.connection.HTTPSConnection object at 0x7f8fcb9cdba8>: Failed to establish a new connection: [Errno -3] Temporary failure in name resolution',))
[2022-01-25 09:42:40,304] {logging_mixin.py:104} INFO - [INFO] fetching: https://www.pokemoncenter.com/products/images/P5171/710-04138/P5171_710-04138_01.jpg
[2022-01-25 09:42:50,314] {logging_mixin.py:104} INFO - [ERROR]:  HTTPSConnectionPool(host='www.pokemoncenter.com', port=443): Max retries exceeded with url: /products/images/P5171/710-04138/P5171_710-04138_01.jpg (Caused by NewConnectionError('<urllib3.connection.HTTPSConnection object at 0x7f8fcb9cd278>: Failed to establish a new connection: [Errno -3] Temporary failure in name resolution',))
[2022-01-25 09:42:50,315] {logging_mixin.py:104} INFO - [INFO] fetching: https://vignette.wikia.nocookie.net/herofanon/images/4/43/Pikachu_(Character_What)0001.JPG/revision/latest?cb=20150201172245
[2022-01-25 09:43:00,325] {logging_mixin.py:104} INFO - [ERROR]:  HTTPSConnectionPool(host='vignette.wikia.nocookie.net', port=443): Max retries exceeded with url: /herofanon/images/4/43/Pikachu_(Character_What)0001.JPG/revision/latest?cb=20150201172245 (Caused by NewConnectionError('<urllib3.connection.HTTPSConnection object at 0x7f8fcb9cd748>: Failed to establish a new connection: [Errno -3] Temporary failure in name resolution',))
[2022-01-25 09:43:00,325] {logging_mixin.py:104} INFO - [INFO] making request for group 250-300 of 1000...
[2022-01-25 09:43:10,339] {taskinstance.py:1455} ERROR - HTTPSConnectionPool(host='api.bing.microsoft.com', port=443): Max retries exceeded with url: /v7.0/images/search/?q=pikachu&offset=250&count=50 (Caused by NewConnectionError('<urllib3.connection.HTTPSConnection object at 0x7f8fcb9cd0b8>: Failed to establish a new connection: [Errno -3] Temporary failure in name resolution',))
Traceback (most recent call last):
  File "/home/airflow/.local/lib/python3.6/site-packages/urllib3/connection.py", line 160, in _new_conn
    (self._dns_host, self.port), self.timeout, **extra_kw
  File "/home/airflow/.local/lib/python3.6/site-packages/urllib3/util/connection.py", line 61, in create_connection
    for res in socket.getaddrinfo(host, port, family, socket.SOCK_STREAM):
  File "/usr/local/lib/python3.6/socket.py", line 745, in getaddrinfo
    for res in _socket.getaddrinfo(host, port, family, type, proto, flags):
socket.gaierror: [Errno -3] Temporary failure in name resolution

During handling of the above exception, another exception occurred:

Traceback (most recent call last):
  File "/home/airflow/.local/lib/python3.6/site-packages/urllib3/connectionpool.py", line 677, in urlopen
    chunked=chunked,
  File "/home/airflow/.local/lib/python3.6/site-packages/urllib3/connectionpool.py", line 381, in _make_request
    self._validate_conn(conn)
  File "/home/airflow/.local/lib/python3.6/site-packages/urllib3/connectionpool.py", line 978, in _validate_conn
    conn.connect()
  File "/home/airflow/.local/lib/python3.6/site-packages/urllib3/connection.py", line 309, in connect
    conn = self._new_conn()
  File "/home/airflow/.local/lib/python3.6/site-packages/urllib3/connection.py", line 172, in _new_conn
    self, "Failed to establish a new connection: %s" % e
urllib3.exceptions.NewConnectionError: <urllib3.connection.HTTPSConnection object at 0x7f8fcb9cd0b8>: Failed to establish a new connection: [Errno -3] Temporary failure in name resolution

During handling of the above exception, another exception occurred:

Traceback (most recent call last):
  File "/home/airflow/.local/lib/python3.6/site-packages/requests/adapters.py", line 449, in send
    timeout=timeout
  File "/home/airflow/.local/lib/python3.6/site-packages/urllib3/connectionpool.py", line 727, in urlopen
    method, url, error=e, _pool=self, _stacktrace=sys.exc_info()[2]
  File "/home/airflow/.local/lib/python3.6/site-packages/urllib3/util/retry.py", line 446, in increment
    raise MaxRetryError(_pool, url, error or ResponseError(cause))
urllib3.exceptions.MaxRetryError: HTTPSConnectionPool(host='api.bing.microsoft.com', port=443): Max retries exceeded with url: /v7.0/images/search/?q=pikachu&offset=250&count=50 (Caused by NewConnectionError('<urllib3.connection.HTTPSConnection object at 0x7f8fcb9cd0b8>: Failed to establish a new connection: [Errno -3] Temporary failure in name resolution',))

During handling of the above exception, another exception occurred:

Traceback (most recent call last):
  File "/home/airflow/.local/lib/python3.6/site-packages/airflow/models/taskinstance.py", line 1112, in _run_raw_task
    self._prepare_and_execute_task_with_callbacks(context, task)
  File "/home/airflow/.local/lib/python3.6/site-packages/airflow/models/taskinstance.py", line 1285, in _prepare_and_execute_task_with_callbacks
    result = self._execute_task(context, task_copy)
  File "/home/airflow/.local/lib/python3.6/site-packages/airflow/models/taskinstance.py", line 1315, in _execute_task
    result = task_copy.execute(context=context)
  File "/home/airflow/.local/lib/python3.6/site-packages/airflow/operators/python.py", line 117, in execute
    return_value = self.execute_callable()
  File "/home/airflow/.local/lib/python3.6/site-packages/airflow/operators/python.py", line 128, in execute_callable
    return self.python_callable(*self.op_args, **self.op_kwargs)
  File "/opt/airflow/dags/bing_image_download.py", line 102, in bing_image_download
    search = requests.get(URL, headers=headers, params=params)
  File "/home/airflow/.local/lib/python3.6/site-packages/requests/api.py", line 76, in get
    return request('get', url, params=params, **kwargs)
  File "/home/airflow/.local/lib/python3.6/site-packages/requests/api.py", line 61, in request
    return session.request(method=method, url=url, **kwargs)
  File "/home/airflow/.local/lib/python3.6/site-packages/requests/sessions.py", line 542, in request
    resp = self.send(prep, **send_kwargs)
  File "/home/airflow/.local/lib/python3.6/site-packages/requests/sessions.py", line 655, in send
    r = adapter.send(request, **kwargs)
  File "/home/airflow/.local/lib/python3.6/site-packages/requests/adapters.py", line 516, in send
    raise ConnectionError(e, request=request)
requests.exceptions.ConnectionError: HTTPSConnectionPool(host='api.bing.microsoft.com', port=443): Max retries exceeded with url: /v7.0/images/search/?q=pikachu&offset=250&count=50 (Caused by NewConnectionError('<urllib3.connection.HTTPSConnection object at 0x7f8fcb9cd0b8>: Failed to establish a new connection: [Errno -3] Temporary failure in name resolution',))
[2022-01-25 09:43:10,354] {taskinstance.py:1503} INFO - Marking task as UP_FOR_RETRY. dag_id=bing_image_download, task_id=bing_image_download, execution_date=20220125T092431, start_date=20220125T092939, end_date=20220125T094310
[2022-01-25 09:43:10,439] {local_task_job.py:146} INFO - Task exited with return code 1
