[2022-01-25 10:58:10,137] {taskinstance.py:851} INFO - Dependencies all met for <TaskInstance: classification.load_data 2022-01-25T10:52:24.583418+00:00 [queued]>
[2022-01-25 10:58:10,158] {taskinstance.py:851} INFO - Dependencies all met for <TaskInstance: classification.load_data 2022-01-25T10:52:24.583418+00:00 [queued]>
[2022-01-25 10:58:10,159] {taskinstance.py:1042} INFO - 
--------------------------------------------------------------------------------
[2022-01-25 10:58:10,159] {taskinstance.py:1043} INFO - Starting attempt 1 of 2
[2022-01-25 10:58:10,160] {taskinstance.py:1044} INFO - 
--------------------------------------------------------------------------------
[2022-01-25 10:58:10,193] {taskinstance.py:1063} INFO - Executing <Task(PythonOperator): load_data> on 2022-01-25T10:52:24.583418+00:00
[2022-01-25 10:58:10,202] {standard_task_runner.py:52} INFO - Started process 64 to run task
[2022-01-25 10:58:10,211] {standard_task_runner.py:76} INFO - Running: ['airflow', 'tasks', 'run', 'classification', 'load_data', '2022-01-25T10:52:24.583418+00:00', '--job-id', '101', '--pool', 'default_pool', '--raw', '--subdir', 'DAGS_FOLDER/classification.py', '--cfg-path', '/tmp/tmpm_vy3zc1', '--error-file', '/tmp/tmpx_swb118']
[2022-01-25 10:58:10,217] {standard_task_runner.py:77} INFO - Job 101: Subtask load_data
[2022-01-25 10:58:10,397] {logging_mixin.py:104} INFO - Running <TaskInstance: classification.load_data 2022-01-25T10:52:24.583418+00:00 [running]> on host 54a54d544bf0
[2022-01-25 10:58:10,569] {taskinstance.py:1257} INFO - Exporting the following env vars:
AIRFLOW_CTX_DAG_OWNER=airflow
AIRFLOW_CTX_DAG_ID=classification
AIRFLOW_CTX_TASK_ID=load_data
AIRFLOW_CTX_EXECUTION_DATE=2022-01-25T10:52:24.583418+00:00
AIRFLOW_CTX_DAG_RUN_ID=scheduled__2022-01-25T10:52:24.583418+00:00
[2022-01-25 10:58:35,322] {python.py:118} INFO - Done. Returned value was: None
[2022-01-25 10:58:35,404] {taskinstance.py:1166} INFO - Marking task as SUCCESS. dag_id=classification, task_id=load_data, execution_date=20220125T105224, start_date=20220125T105810, end_date=20220125T105835
[2022-01-25 10:58:35,586] {taskinstance.py:1220} INFO - 1 downstream tasks scheduled from follow-on schedule check
[2022-01-25 10:58:35,622] {local_task_job.py:146} INFO - Task exited with return code 0
