[2022-01-25 14:12:25,124] {taskinstance.py:851} INFO - Dependencies all met for <TaskInstance: classification.load_data 2022-01-25T14:12:10.613433+00:00 [queued]>
[2022-01-25 14:12:25,147] {taskinstance.py:851} INFO - Dependencies all met for <TaskInstance: classification.load_data 2022-01-25T14:12:10.613433+00:00 [queued]>
[2022-01-25 14:12:25,148] {taskinstance.py:1042} INFO - 
--------------------------------------------------------------------------------
[2022-01-25 14:12:25,148] {taskinstance.py:1043} INFO - Starting attempt 1 of 2
[2022-01-25 14:12:25,149] {taskinstance.py:1044} INFO - 
--------------------------------------------------------------------------------
[2022-01-25 14:12:25,161] {taskinstance.py:1063} INFO - Executing <Task(PythonOperator): load_data> on 2022-01-25T14:12:10.613433+00:00
[2022-01-25 14:12:25,167] {standard_task_runner.py:52} INFO - Started process 65 to run task
[2022-01-25 14:12:25,176] {standard_task_runner.py:76} INFO - Running: ['airflow', 'tasks', 'run', 'classification', 'load_data', '2022-01-25T14:12:10.613433+00:00', '--job-id', '168', '--pool', 'default_pool', '--raw', '--subdir', 'DAGS_FOLDER/classification.py', '--cfg-path', '/tmp/tmpcf8_vp31', '--error-file', '/tmp/tmpjoyo6mts']
[2022-01-25 14:12:25,185] {standard_task_runner.py:77} INFO - Job 168: Subtask load_data
[2022-01-25 14:12:25,265] {logging_mixin.py:104} INFO - Running <TaskInstance: classification.load_data 2022-01-25T14:12:10.613433+00:00 [running]> on host 42ecca77b6ba
[2022-01-25 14:12:25,329] {taskinstance.py:1257} INFO - Exporting the following env vars:
AIRFLOW_CTX_DAG_OWNER=airflow
AIRFLOW_CTX_DAG_ID=classification
AIRFLOW_CTX_TASK_ID=load_data
AIRFLOW_CTX_EXECUTION_DATE=2022-01-25T14:12:10.613433+00:00
AIRFLOW_CTX_DAG_RUN_ID=manual__2022-01-25T14:12:10.613433+00:00
[2022-01-25 14:13:08,749] {python.py:118} INFO - Done. Returned value was: None
[2022-01-25 14:13:08,774] {taskinstance.py:1166} INFO - Marking task as SUCCESS. dag_id=classification, task_id=load_data, execution_date=20220125T141210, start_date=20220125T141225, end_date=20220125T141308
[2022-01-25 14:13:08,909] {taskinstance.py:1220} INFO - 1 downstream tasks scheduled from follow-on schedule check
[2022-01-25 14:13:08,989] {local_task_job.py:146} INFO - Task exited with return code 0
