[2022-01-25 14:55:15,642] {taskinstance.py:851} INFO - Dependencies all met for <TaskInstance: classification.load_data 2022-01-25T14:55:03.016519+00:00 [queued]>
[2022-01-25 14:55:15,737] {taskinstance.py:851} INFO - Dependencies all met for <TaskInstance: classification.load_data 2022-01-25T14:55:03.016519+00:00 [queued]>
[2022-01-25 14:55:15,738] {taskinstance.py:1042} INFO - 
--------------------------------------------------------------------------------
[2022-01-25 14:55:15,739] {taskinstance.py:1043} INFO - Starting attempt 1 of 2
[2022-01-25 14:55:15,739] {taskinstance.py:1044} INFO - 
--------------------------------------------------------------------------------
[2022-01-25 14:55:15,798] {taskinstance.py:1063} INFO - Executing <Task(PythonOperator): load_data> on 2022-01-25T14:55:03.016519+00:00
[2022-01-25 14:55:15,836] {standard_task_runner.py:52} INFO - Started process 2739 to run task
[2022-01-25 14:55:15,865] {standard_task_runner.py:76} INFO - Running: ['airflow', 'tasks', 'run', 'classification', 'load_data', '2022-01-25T14:55:03.016519+00:00', '--job-id', '182', '--pool', 'default_pool', '--raw', '--subdir', 'DAGS_FOLDER/classification.py', '--cfg-path', '/tmp/tmppotfd5md', '--error-file', '/tmp/tmpkjmqbm6o']
[2022-01-25 14:55:15,875] {standard_task_runner.py:77} INFO - Job 182: Subtask load_data
[2022-01-25 14:55:16,028] {logging_mixin.py:104} INFO - Running <TaskInstance: classification.load_data 2022-01-25T14:55:03.016519+00:00 [running]> on host 42ecca77b6ba
[2022-01-25 14:55:16,174] {taskinstance.py:1257} INFO - Exporting the following env vars:
AIRFLOW_CTX_DAG_OWNER=airflow
AIRFLOW_CTX_DAG_ID=classification
AIRFLOW_CTX_TASK_ID=load_data
AIRFLOW_CTX_EXECUTION_DATE=2022-01-25T14:55:03.016519+00:00
AIRFLOW_CTX_DAG_RUN_ID=manual__2022-01-25T14:55:03.016519+00:00
[2022-01-25 14:55:25,325] {python.py:118} INFO - Done. Returned value was: None
[2022-01-25 14:55:25,348] {taskinstance.py:1166} INFO - Marking task as SUCCESS. dag_id=classification, task_id=load_data, execution_date=20220125T145503, start_date=20220125T145515, end_date=20220125T145525
[2022-01-25 14:55:25,409] {taskinstance.py:1220} INFO - 1 downstream tasks scheduled from follow-on schedule check
[2022-01-25 14:55:25,458] {local_task_job.py:146} INFO - Task exited with return code 0
