[2022-01-25 15:34:43,480] {taskinstance.py:851} INFO - Dependencies all met for <TaskInstance: classification.check_data_exist 2022-01-25T15:34:35.147728+00:00 [queued]>
[2022-01-25 15:34:43,511] {taskinstance.py:851} INFO - Dependencies all met for <TaskInstance: classification.check_data_exist 2022-01-25T15:34:35.147728+00:00 [queued]>
[2022-01-25 15:34:43,519] {taskinstance.py:1042} INFO - 
--------------------------------------------------------------------------------
[2022-01-25 15:34:43,523] {taskinstance.py:1043} INFO - Starting attempt 1 of 2
[2022-01-25 15:34:43,524] {taskinstance.py:1044} INFO - 
--------------------------------------------------------------------------------
[2022-01-25 15:34:43,626] {taskinstance.py:1063} INFO - Executing <Task(BranchPythonOperator): check_data_exist> on 2022-01-25T15:34:35.147728+00:00
[2022-01-25 15:34:43,696] {standard_task_runner.py:52} INFO - Started process 3568 to run task
[2022-01-25 15:34:43,715] {standard_task_runner.py:76} INFO - Running: ['airflow', 'tasks', 'run', 'classification', 'check_data_exist', '2022-01-25T15:34:35.147728+00:00', '--job-id', '186', '--pool', 'default_pool', '--raw', '--subdir', 'DAGS_FOLDER/classification.py', '--cfg-path', '/tmp/tmpvwurnynw', '--error-file', '/tmp/tmpdntxqqs0']
[2022-01-25 15:34:43,759] {standard_task_runner.py:77} INFO - Job 186: Subtask check_data_exist
[2022-01-25 15:34:44,015] {logging_mixin.py:104} INFO - Running <TaskInstance: classification.check_data_exist 2022-01-25T15:34:35.147728+00:00 [running]> on host 42ecca77b6ba
[2022-01-25 15:34:44,341] {taskinstance.py:1257} INFO - Exporting the following env vars:
AIRFLOW_CTX_DAG_OWNER=airflow
AIRFLOW_CTX_DAG_ID=classification
AIRFLOW_CTX_TASK_ID=check_data_exist
AIRFLOW_CTX_EXECUTION_DATE=2022-01-25T15:34:35.147728+00:00
AIRFLOW_CTX_DAG_RUN_ID=manual__2022-01-25T15:34:35.147728+00:00
[2022-01-25 15:34:44,719] {logging_mixin.py:104} INFO - bulbasaur_0.jpeg
[2022-01-25 15:34:44,720] {logging_mixin.py:104} INFO - bulbasaur_1.png
[2022-01-25 15:34:44,721] {logging_mixin.py:104} INFO - bulbasaur_10.jpeg
[2022-01-25 15:34:44,722] {logging_mixin.py:104} INFO - bulbasaur_11.jpeg
[2022-01-25 15:34:44,733] {logging_mixin.py:104} INFO - bulbasaur_12.png
[2022-01-25 15:34:44,749] {logging_mixin.py:104} INFO - bulbasaur_13.png
[2022-01-25 15:34:44,749] {logging_mixin.py:104} INFO - bulbasaur_14.png
[2022-01-25 15:34:44,750] {logging_mixin.py:104} INFO - bulbasaur_15.jpeg
[2022-01-25 15:34:44,752] {logging_mixin.py:104} INFO - bulbasaur_16.png
[2022-01-25 15:34:44,752] {logging_mixin.py:104} INFO - bulbasaur_17.png
[2022-01-25 15:34:44,753] {logging_mixin.py:104} INFO - bulbasaur_18.png
[2022-01-25 15:34:44,767] {logging_mixin.py:104} INFO - bulbasaur_19.jpeg
[2022-01-25 15:34:44,780] {logging_mixin.py:104} INFO - bulbasaur_2.png
[2022-01-25 15:34:44,796] {logging_mixin.py:104} INFO - bulbasaur_20.png
[2022-01-25 15:34:44,809] {logging_mixin.py:104} INFO - bulbasaur_21.png
[2022-01-25 15:34:44,820] {logging_mixin.py:104} INFO - bulbasaur_22.jpeg
[2022-01-25 15:34:44,822] {logging_mixin.py:104} INFO - bulbasaur_23.png
[2022-01-25 15:34:44,833] {logging_mixin.py:104} INFO - bulbasaur_24.jpeg
[2022-01-25 15:34:44,834] {logging_mixin.py:104} INFO - bulbasaur_25.jpeg
[2022-01-25 15:34:44,835] {logging_mixin.py:104} INFO - bulbasaur_26.png
[2022-01-25 15:34:44,835] {logging_mixin.py:104} INFO - bulbasaur_27.png
[2022-01-25 15:34:44,836] {logging_mixin.py:104} INFO - bulbasaur_28.jpeg
[2022-01-25 15:34:44,836] {logging_mixin.py:104} INFO - bulbasaur_29.jpeg
[2022-01-25 15:34:44,838] {logging_mixin.py:104} INFO - bulbasaur_3.png
[2022-01-25 15:34:44,850] {logging_mixin.py:104} INFO - bulbasaur_30.jpeg
[2022-01-25 15:34:44,853] {logging_mixin.py:104} INFO - bulbasaur_31.jpeg
[2022-01-25 15:34:44,853] {logging_mixin.py:104} INFO - bulbasaur_32.png
[2022-01-25 15:34:44,854] {logging_mixin.py:104} INFO - bulbasaur_33.jpeg
[2022-01-25 15:34:44,854] {logging_mixin.py:104} INFO - bulbasaur_34.png
[2022-01-25 15:34:44,860] {logging_mixin.py:104} INFO - bulbasaur_35.jpeg
[2022-01-25 15:34:44,866] {logging_mixin.py:104} INFO - bulbasaur_36.jpeg
[2022-01-25 15:34:44,867] {logging_mixin.py:104} INFO - bulbasaur_37.jpeg
[2022-01-25 15:34:44,869] {logging_mixin.py:104} INFO - bulbasaur_38.png
[2022-01-25 15:34:44,869] {logging_mixin.py:104} INFO - bulbasaur_39.png
[2022-01-25 15:34:44,882] {logging_mixin.py:104} INFO - bulbasaur_4.png
[2022-01-25 15:34:44,884] {logging_mixin.py:104} INFO - bulbasaur_40.png
[2022-01-25 15:34:44,884] {logging_mixin.py:104} INFO - bulbasaur_41.jpeg
[2022-01-25 15:34:44,902] {logging_mixin.py:104} INFO - bulbasaur_42.png
[2022-01-25 15:34:44,919] {logging_mixin.py:104} INFO - bulbasaur_43.png
[2022-01-25 15:34:44,930] {logging_mixin.py:104} INFO - bulbasaur_44.jpeg
[2022-01-25 15:34:44,932] {logging_mixin.py:104} INFO - bulbasaur_45.jpeg
[2022-01-25 15:34:44,933] {logging_mixin.py:104} INFO - bulbasaur_46.png
[2022-01-25 15:34:44,934] {logging_mixin.py:104} INFO - bulbasaur_47.png
[2022-01-25 15:34:44,934] {logging_mixin.py:104} INFO - bulbasaur_48.png
[2022-01-25 15:34:44,935] {logging_mixin.py:104} INFO - bulbasaur_49.png
[2022-01-25 15:34:44,936] {logging_mixin.py:104} INFO - bulbasaur_5.png
[2022-01-25 15:34:44,936] {logging_mixin.py:104} INFO - bulbasaur_6.png
[2022-01-25 15:34:44,937] {logging_mixin.py:104} INFO - bulbasaur_7.jpeg
[2022-01-25 15:34:44,937] {logging_mixin.py:104} INFO - bulbasaur_8.png
[2022-01-25 15:34:44,938] {logging_mixin.py:104} INFO - bulbasaur_9.png
[2022-01-25 15:34:44,939] {logging_mixin.py:104} INFO - charmander_0.jpeg
[2022-01-25 15:34:44,940] {logging_mixin.py:104} INFO - charmander_1.jpeg
[2022-01-25 15:34:44,941] {logging_mixin.py:104} INFO - charmander_10.jpeg
[2022-01-25 15:34:44,942] {logging_mixin.py:104} INFO - charmander_11.jpeg
[2022-01-25 15:34:44,943] {logging_mixin.py:104} INFO - charmander_12.jpeg
[2022-01-25 15:34:44,944] {logging_mixin.py:104} INFO - charmander_13.jpeg
[2022-01-25 15:34:44,946] {logging_mixin.py:104} INFO - charmander_14.jpeg
[2022-01-25 15:34:44,946] {logging_mixin.py:104} INFO - charmander_15.png
[2022-01-25 15:34:44,947] {logging_mixin.py:104} INFO - charmander_16.jpeg
[2022-01-25 15:34:44,947] {logging_mixin.py:104} INFO - charmander_17.jpeg
[2022-01-25 15:34:44,948] {logging_mixin.py:104} INFO - charmander_18.jpeg
[2022-01-25 15:34:44,948] {logging_mixin.py:104} INFO - charmander_19.jpeg
[2022-01-25 15:34:44,949] {logging_mixin.py:104} INFO - charmander_2.png
[2022-01-25 15:34:44,950] {logging_mixin.py:104} INFO - charmander_20.jpeg
[2022-01-25 15:34:44,952] {logging_mixin.py:104} INFO - charmander_21.jpeg
[2022-01-25 15:34:44,954] {logging_mixin.py:104} INFO - charmander_22.jpeg
[2022-01-25 15:34:44,955] {logging_mixin.py:104} INFO - charmander_23.png
[2022-01-25 15:34:44,957] {logging_mixin.py:104} INFO - charmander_24.png
[2022-01-25 15:34:44,957] {logging_mixin.py:104} INFO - charmander_25.png
[2022-01-25 15:34:44,958] {logging_mixin.py:104} INFO - charmander_26.jpeg
[2022-01-25 15:34:44,958] {logging_mixin.py:104} INFO - charmander_27.jpeg
[2022-01-25 15:34:44,959] {logging_mixin.py:104} INFO - charmander_28.png
[2022-01-25 15:34:44,959] {logging_mixin.py:104} INFO - charmander_29.jpeg
[2022-01-25 15:34:44,962] {logging_mixin.py:104} INFO - charmander_3.jpeg
[2022-01-25 15:34:44,976] {logging_mixin.py:104} INFO - charmander_30.jpeg
[2022-01-25 15:34:44,977] {logging_mixin.py:104} INFO - charmander_31.png
[2022-01-25 15:34:44,978] {logging_mixin.py:104} INFO - charmander_32.png
[2022-01-25 15:34:44,978] {logging_mixin.py:104} INFO - charmander_33.jpeg
[2022-01-25 15:34:44,979] {logging_mixin.py:104} INFO - charmander_34.jpeg
[2022-01-25 15:34:44,984] {logging_mixin.py:104} INFO - charmander_35.jpeg
[2022-01-25 15:34:44,987] {logging_mixin.py:104} INFO - charmander_36.png
[2022-01-25 15:34:44,988] {logging_mixin.py:104} INFO - charmander_37.png
[2022-01-25 15:34:44,988] {logging_mixin.py:104} INFO - charmander_38.jpeg
[2022-01-25 15:34:44,994] {logging_mixin.py:104} INFO - charmander_39.png
[2022-01-25 15:34:44,997] {logging_mixin.py:104} INFO - charmander_4.jpeg
[2022-01-25 15:34:44,998] {logging_mixin.py:104} INFO - charmander_40.png
[2022-01-25 15:34:44,999] {logging_mixin.py:104} INFO - charmander_41.jpeg
[2022-01-25 15:34:45,002] {logging_mixin.py:104} INFO - charmander_42.jpeg
[2022-01-25 15:34:45,003] {logging_mixin.py:104} INFO - charmander_43.png
[2022-01-25 15:34:45,004] {logging_mixin.py:104} INFO - charmander_44.png
[2022-01-25 15:34:45,004] {logging_mixin.py:104} INFO - charmander_45.jpeg
[2022-01-25 15:34:45,017] {logging_mixin.py:104} INFO - charmander_46.png
[2022-01-25 15:34:45,020] {logging_mixin.py:104} INFO - charmander_47.png
[2022-01-25 15:34:45,022] {logging_mixin.py:104} INFO - charmander_48.png
[2022-01-25 15:34:45,026] {logging_mixin.py:104} INFO - charmander_5.jpeg
[2022-01-25 15:34:45,028] {logging_mixin.py:104} INFO - charmander_6.jpeg
[2022-01-25 15:34:45,034] {logging_mixin.py:104} INFO - charmander_7.jpeg
[2022-01-25 15:34:45,038] {logging_mixin.py:104} INFO - charmander_8.png
[2022-01-25 15:34:45,039] {logging_mixin.py:104} INFO - charmander_9.jpeg
[2022-01-25 15:34:45,039] {logging_mixin.py:104} INFO - imagespikachu_0.jpeg
[2022-01-25 15:34:45,044] {logging_mixin.py:104} INFO - imagespikachu_1.png
[2022-01-25 15:34:45,057] {logging_mixin.py:104} INFO - imagespikachu_10.png
[2022-01-25 15:34:45,062] {logging_mixin.py:104} INFO - imagespikachu_11.jpeg
[2022-01-25 15:34:45,063] {logging_mixin.py:104} INFO - imagespikachu_12.png
[2022-01-25 15:34:45,080] {logging_mixin.py:104} INFO - imagespikachu_13.jpeg
[2022-01-25 15:34:45,082] {logging_mixin.py:104} INFO - imagespikachu_14.png
[2022-01-25 15:34:45,084] {logging_mixin.py:104} INFO - imagespikachu_15.jpeg
[2022-01-25 15:34:45,090] {logging_mixin.py:104} INFO - imagespikachu_16.jpeg
[2022-01-25 15:34:45,092] {logging_mixin.py:104} INFO - imagespikachu_17.png
[2022-01-25 15:34:45,095] {logging_mixin.py:104} INFO - imagespikachu_18.jpeg
[2022-01-25 15:34:45,096] {logging_mixin.py:104} INFO - imagespikachu_19.jpeg
[2022-01-25 15:34:45,098] {logging_mixin.py:104} INFO - imagespikachu_2.png
[2022-01-25 15:34:45,102] {logging_mixin.py:104} INFO - imagespikachu_20.jpeg
[2022-01-25 15:34:45,103] {logging_mixin.py:104} INFO - imagespikachu_3.png
[2022-01-25 15:34:45,103] {logging_mixin.py:104} INFO - imagespikachu_4.png
[2022-01-25 15:34:45,104] {logging_mixin.py:104} INFO - imagespikachu_5.png
[2022-01-25 15:34:45,105] {logging_mixin.py:104} INFO - imagespikachu_6.jpeg
[2022-01-25 15:34:45,106] {logging_mixin.py:104} INFO - imagespikachu_7.png
[2022-01-25 15:34:45,106] {logging_mixin.py:104} INFO - imagespikachu_8.jpeg
[2022-01-25 15:34:45,108] {logging_mixin.py:104} INFO - imagespikachu_9.png
[2022-01-25 15:34:45,120] {logging_mixin.py:104} INFO - pikachu_0.jpeg
[2022-01-25 15:34:45,122] {logging_mixin.py:104} INFO - pikachu_1.png
[2022-01-25 15:34:45,123] {logging_mixin.py:104} INFO - pikachu_10.png
[2022-01-25 15:34:45,124] {logging_mixin.py:104} INFO - pikachu_11.jpeg
[2022-01-25 15:34:45,125] {logging_mixin.py:104} INFO - pikachu_12.png
[2022-01-25 15:34:45,125] {logging_mixin.py:104} INFO - pikachu_13.jpeg
[2022-01-25 15:34:45,126] {logging_mixin.py:104} INFO - pikachu_14.png
[2022-01-25 15:34:45,128] {logging_mixin.py:104} INFO - pikachu_15.jpeg
[2022-01-25 15:34:45,129] {logging_mixin.py:104} INFO - pikachu_16.jpeg
[2022-01-25 15:34:45,132] {logging_mixin.py:104} INFO - pikachu_18.jpeg
[2022-01-25 15:34:45,132] {logging_mixin.py:104} INFO - pikachu_19.png
[2022-01-25 15:34:45,133] {logging_mixin.py:104} INFO - pikachu_2.png
[2022-01-25 15:34:45,134] {logging_mixin.py:104} INFO - pikachu_20.png
[2022-01-25 15:34:45,135] {logging_mixin.py:104} INFO - pikachu_21.png
[2022-01-25 15:34:45,135] {logging_mixin.py:104} INFO - pikachu_22.png
[2022-01-25 15:34:45,138] {logging_mixin.py:104} INFO - pikachu_23.png
[2022-01-25 15:34:45,149] {logging_mixin.py:104} INFO - pikachu_24.png
[2022-01-25 15:34:45,151] {logging_mixin.py:104} INFO - pikachu_25.jpeg
[2022-01-25 15:34:45,152] {logging_mixin.py:104} INFO - pikachu_26.jpeg
[2022-01-25 15:34:45,155] {logging_mixin.py:104} INFO - pikachu_27.jpeg
[2022-01-25 15:34:45,164] {logging_mixin.py:104} INFO - pikachu_28.jpeg
[2022-01-25 15:34:45,165] {logging_mixin.py:104} INFO - pikachu_29.png
[2022-01-25 15:34:45,166] {logging_mixin.py:104} INFO - pikachu_3.png
[2022-01-25 15:34:45,168] {logging_mixin.py:104} INFO - pikachu_30.jpeg
[2022-01-25 15:34:45,168] {logging_mixin.py:104} INFO - pikachu_31.jpeg
[2022-01-25 15:34:45,169] {logging_mixin.py:104} INFO - pikachu_32.jpeg
[2022-01-25 15:34:45,169] {logging_mixin.py:104} INFO - pikachu_33.jpeg
[2022-01-25 15:34:45,170] {logging_mixin.py:104} INFO - pikachu_34.jpeg
[2022-01-25 15:34:45,170] {logging_mixin.py:104} INFO - pikachu_35.jpeg
[2022-01-25 15:34:45,171] {logging_mixin.py:104} INFO - pikachu_36.jpeg
[2022-01-25 15:34:45,172] {logging_mixin.py:104} INFO - pikachu_37.jpeg
[2022-01-25 15:34:45,173] {logging_mixin.py:104} INFO - pikachu_38.jpeg
[2022-01-25 15:34:45,194] {logging_mixin.py:104} INFO - pikachu_39.jpeg
[2022-01-25 15:34:45,196] {logging_mixin.py:104} INFO - pikachu_4.png
[2022-01-25 15:34:45,197] {logging_mixin.py:104} INFO - pikachu_40.jpeg
[2022-01-25 15:34:45,199] {logging_mixin.py:104} INFO - pikachu_41.png
[2022-01-25 15:34:45,201] {logging_mixin.py:104} INFO - pikachu_42.jpeg
[2022-01-25 15:34:45,202] {logging_mixin.py:104} INFO - pikachu_43.jpeg
[2022-01-25 15:34:45,202] {logging_mixin.py:104} INFO - pikachu_44.jpeg
[2022-01-25 15:34:45,203] {logging_mixin.py:104} INFO - pikachu_45.jpeg
[2022-01-25 15:34:45,204] {logging_mixin.py:104} INFO - pikachu_46.jpeg
[2022-01-25 15:34:45,204] {logging_mixin.py:104} INFO - pikachu_47.png
[2022-01-25 15:34:45,205] {logging_mixin.py:104} INFO - pikachu_48.jpeg
[2022-01-25 15:34:45,206] {logging_mixin.py:104} INFO - pikachu_49.jpeg
[2022-01-25 15:34:45,206] {logging_mixin.py:104} INFO - pikachu_5.png
[2022-01-25 15:34:45,207] {logging_mixin.py:104} INFO - pikachu_6.png
[2022-01-25 15:34:45,207] {logging_mixin.py:104} INFO - pikachu_7.jpeg
[2022-01-25 15:34:45,208] {logging_mixin.py:104} INFO - pikachu_8.png
[2022-01-25 15:34:45,208] {logging_mixin.py:104} INFO - pikachu_9.png
[2022-01-25 15:34:45,209] {logging_mixin.py:104} INFO - --------------ti-----------------------
[2022-01-25 15:34:45,209] {logging_mixin.py:104} INFO - <TaskInstance: classification.check_data_exist 2022-01-25T15:34:35.147728+00:00 [running]>
[2022-01-25 15:34:45,210] {logging_mixin.py:104} INFO - ------------------------------
[2022-01-25 15:34:45,233] {python.py:118} INFO - Done. Returned value was: load_data
[2022-01-25 15:34:45,234] {skipmixin.py:124} INFO - Following branch load_data
[2022-01-25 15:34:45,244] {skipmixin.py:155} INFO - Skipping tasks []
[2022-01-25 15:34:45,305] {taskinstance.py:1166} INFO - Marking task as SUCCESS. dag_id=classification, task_id=check_data_exist, execution_date=20220125T153435, start_date=20220125T153443, end_date=20220125T153445
[2022-01-25 15:34:45,372] {taskinstance.py:1220} INFO - 1 downstream tasks scheduled from follow-on schedule check
[2022-01-25 15:34:45,407] {local_task_job.py:146} INFO - Task exited with return code 0
