[2022-01-25 10:11:17,027] {taskinstance.py:851} INFO - Dependencies all met for <TaskInstance: classification.delete_source_images 2022-01-25T10:09:03.899311+00:00 [queued]>
[2022-01-25 10:11:17,050] {taskinstance.py:851} INFO - Dependencies all met for <TaskInstance: classification.delete_source_images 2022-01-25T10:09:03.899311+00:00 [queued]>
[2022-01-25 10:11:17,050] {taskinstance.py:1042} INFO - 
--------------------------------------------------------------------------------
[2022-01-25 10:11:17,051] {taskinstance.py:1043} INFO - Starting attempt 1 of 2
[2022-01-25 10:11:17,051] {taskinstance.py:1044} INFO - 
--------------------------------------------------------------------------------
[2022-01-25 10:11:17,097] {taskinstance.py:1063} INFO - Executing <Task(PythonOperator): delete_source_images> on 2022-01-25T10:09:03.899311+00:00
[2022-01-25 10:11:17,107] {standard_task_runner.py:52} INFO - Started process 6644 to run task
[2022-01-25 10:11:17,114] {standard_task_runner.py:76} INFO - Running: ['airflow', 'tasks', 'run', 'classification', 'delete_source_images', '2022-01-25T10:09:03.899311+00:00', '--job-id', '48', '--pool', 'default_pool', '--raw', '--subdir', 'DAGS_FOLDER/classification.py', '--cfg-path', '/tmp/tmp5deqqgim', '--error-file', '/tmp/tmp05yvrynz']
[2022-01-25 10:11:17,123] {standard_task_runner.py:77} INFO - Job 48: Subtask delete_source_images
[2022-01-25 10:11:17,208] {logging_mixin.py:104} INFO - Running <TaskInstance: classification.delete_source_images 2022-01-25T10:09:03.899311+00:00 [running]> on host 2dc98551bc76
[2022-01-25 10:11:17,294] {taskinstance.py:1257} INFO - Exporting the following env vars:
AIRFLOW_CTX_DAG_OWNER=airflow
AIRFLOW_CTX_DAG_ID=classification
AIRFLOW_CTX_TASK_ID=delete_source_images
AIRFLOW_CTX_EXECUTION_DATE=2022-01-25T10:09:03.899311+00:00
AIRFLOW_CTX_DAG_RUN_ID=manual__2022-01-25T10:09:03.899311+00:00
[2022-01-25 10:11:19,356] {python.py:118} INFO - Done. Returned value was: None
[2022-01-25 10:11:19,379] {taskinstance.py:1166} INFO - Marking task as SUCCESS. dag_id=classification, task_id=delete_source_images, execution_date=20220125T100903, start_date=20220125T101117, end_date=20220125T101119
[2022-01-25 10:11:19,439] {taskinstance.py:1220} INFO - 1 downstream tasks scheduled from follow-on schedule check
[2022-01-25 10:11:19,462] {local_task_job.py:146} INFO - Task exited with return code 0
