[2022-01-25 10:09:09,173] {taskinstance.py:851} INFO - Dependencies all met for <TaskInstance: classification.check_data_exist 2022-01-25T10:09:03.899311+00:00 [queued]>
[2022-01-25 10:09:09,190] {taskinstance.py:851} INFO - Dependencies all met for <TaskInstance: classification.check_data_exist 2022-01-25T10:09:03.899311+00:00 [queued]>
[2022-01-25 10:09:09,190] {taskinstance.py:1042} INFO - 
--------------------------------------------------------------------------------
[2022-01-25 10:09:09,191] {taskinstance.py:1043} INFO - Starting attempt 1 of 2
[2022-01-25 10:09:09,191] {taskinstance.py:1044} INFO - 
--------------------------------------------------------------------------------
[2022-01-25 10:09:09,209] {taskinstance.py:1063} INFO - Executing <Task(BranchPythonOperator): check_data_exist> on 2022-01-25T10:09:03.899311+00:00
[2022-01-25 10:09:09,216] {standard_task_runner.py:52} INFO - Started process 4635 to run task
[2022-01-25 10:09:09,223] {standard_task_runner.py:76} INFO - Running: ['airflow', 'tasks', 'run', 'classification', 'check_data_exist', '2022-01-25T10:09:03.899311+00:00', '--job-id', '44', '--pool', 'default_pool', '--raw', '--subdir', 'DAGS_FOLDER/classification.py', '--cfg-path', '/tmp/tmp1yqmdhty', '--error-file', '/tmp/tmpbz780ch1']
[2022-01-25 10:09:09,229] {standard_task_runner.py:77} INFO - Job 44: Subtask check_data_exist
[2022-01-25 10:09:09,287] {logging_mixin.py:104} INFO - Running <TaskInstance: classification.check_data_exist 2022-01-25T10:09:03.899311+00:00 [running]> on host 2dc98551bc76
[2022-01-25 10:09:09,336] {taskinstance.py:1257} INFO - Exporting the following env vars:
AIRFLOW_CTX_DAG_OWNER=airflow
AIRFLOW_CTX_DAG_ID=classification
AIRFLOW_CTX_TASK_ID=check_data_exist
AIRFLOW_CTX_EXECUTION_DATE=2022-01-25T10:09:03.899311+00:00
AIRFLOW_CTX_DAG_RUN_ID=manual__2022-01-25T10:09:03.899311+00:00
[2022-01-25 10:09:09,440] {logging_mixin.py:104} INFO - pikachu_222.jpeg
[2022-01-25 10:09:09,440] {logging_mixin.py:104} INFO - pikachu_223.jpeg
[2022-01-25 10:09:09,440] {logging_mixin.py:104} INFO - pikachu_224.jpeg
[2022-01-25 10:09:09,441] {logging_mixin.py:104} INFO - pikachu_226.png
[2022-01-25 10:09:09,441] {logging_mixin.py:104} INFO - pikachu_228.jpeg
[2022-01-25 10:09:09,441] {logging_mixin.py:104} INFO - pikachu_229.jpeg
[2022-01-25 10:09:09,441] {logging_mixin.py:104} INFO - pikachu_230.jpeg
[2022-01-25 10:09:09,442] {logging_mixin.py:104} INFO - pikachu_231.jpeg
[2022-01-25 10:09:09,442] {logging_mixin.py:104} INFO - pikachu_232.png
[2022-01-25 10:09:09,442] {logging_mixin.py:104} INFO - pikachu_233.jpeg
[2022-01-25 10:09:09,442] {logging_mixin.py:104} INFO - pikachu_234.jpeg
[2022-01-25 10:09:09,443] {logging_mixin.py:104} INFO - pikachu_235.jpeg
[2022-01-25 10:09:09,443] {logging_mixin.py:104} INFO - pikachu_236.jpeg
[2022-01-25 10:09:09,443] {logging_mixin.py:104} INFO - pikachu_237.jpeg
[2022-01-25 10:09:09,443] {logging_mixin.py:104} INFO - pikachu_238.jpeg
[2022-01-25 10:09:09,443] {logging_mixin.py:104} INFO - pikachu_239.jpeg
[2022-01-25 10:09:09,444] {logging_mixin.py:104} INFO - pikachu_240.png
[2022-01-25 10:09:09,444] {logging_mixin.py:104} INFO - pikachu_241.png
[2022-01-25 10:09:09,444] {logging_mixin.py:104} INFO - pikachu_242.jpeg
[2022-01-25 10:09:09,444] {logging_mixin.py:104} INFO - pikachu_243.png
[2022-01-25 10:09:09,445] {logging_mixin.py:104} INFO - pikachu_244.jpeg
[2022-01-25 10:09:09,445] {logging_mixin.py:104} INFO - pikachu_245.jpeg
[2022-01-25 10:09:09,445] {logging_mixin.py:104} INFO - pikachu_246.jpeg
[2022-01-25 10:09:09,445] {logging_mixin.py:104} INFO - pikachu_247.jpeg
[2022-01-25 10:09:09,446] {logging_mixin.py:104} INFO - pikachu_248.jpeg
[2022-01-25 10:09:09,446] {logging_mixin.py:104} INFO - pikachu_250.jpeg
[2022-01-25 10:09:09,446] {logging_mixin.py:104} INFO - pikachu_251.jpeg
[2022-01-25 10:09:09,446] {logging_mixin.py:104} INFO - pikachu_252.jpeg
[2022-01-25 10:09:09,447] {logging_mixin.py:104} INFO - pikachu_253.png
[2022-01-25 10:09:09,448] {logging_mixin.py:104} INFO - pikachu_254.jpeg
[2022-01-25 10:09:09,448] {logging_mixin.py:104} INFO - pikachu_255.jpeg
[2022-01-25 10:09:09,449] {logging_mixin.py:104} INFO - pikachu_256.jpeg
[2022-01-25 10:09:09,449] {logging_mixin.py:104} INFO - pikachu_257.png
[2022-01-25 10:09:09,450] {logging_mixin.py:104} INFO - pikachu_258.png
[2022-01-25 10:09:09,450] {logging_mixin.py:104} INFO - pikachu_259.png
[2022-01-25 10:09:09,450] {logging_mixin.py:104} INFO - pikachu_260.jpeg
[2022-01-25 10:09:09,450] {logging_mixin.py:104} INFO - pikachu_261.png
[2022-01-25 10:09:09,451] {logging_mixin.py:104} INFO - pikachu_262.jpeg
[2022-01-25 10:09:09,451] {logging_mixin.py:104} INFO - pikachu_263.jpeg
[2022-01-25 10:09:09,451] {logging_mixin.py:104} INFO - pikachu_264.jpeg
[2022-01-25 10:09:09,451] {logging_mixin.py:104} INFO - pikachu_265.jpeg
[2022-01-25 10:09:09,452] {logging_mixin.py:104} INFO - pikachu_266.jpeg
[2022-01-25 10:09:09,452] {logging_mixin.py:104} INFO - pikachu_267.jpeg
[2022-01-25 10:09:09,452] {logging_mixin.py:104} INFO - pikachu_268.jpeg
[2022-01-25 10:09:09,453] {logging_mixin.py:104} INFO - pikachu_269.jpeg
[2022-01-25 10:09:09,453] {logging_mixin.py:104} INFO - pikachu_270.jpeg
[2022-01-25 10:09:09,453] {logging_mixin.py:104} INFO - pikachu_271.jpeg
[2022-01-25 10:09:09,453] {logging_mixin.py:104} INFO - pikachu_272.jpeg
[2022-01-25 10:09:09,454] {logging_mixin.py:104} INFO - pikachu_273.jpeg
[2022-01-25 10:09:09,454] {logging_mixin.py:104} INFO - pikachu_274.jpeg
[2022-01-25 10:09:09,454] {logging_mixin.py:104} INFO - pikachu_275.jpeg
[2022-01-25 10:09:09,454] {logging_mixin.py:104} INFO - pikachu_276.jpeg
[2022-01-25 10:09:09,455] {logging_mixin.py:104} INFO - pikachu_277.png
[2022-01-25 10:09:09,455] {logging_mixin.py:104} INFO - pikachu_278.jpeg
[2022-01-25 10:09:09,455] {logging_mixin.py:104} INFO - pikachu_279.jpeg
[2022-01-25 10:09:09,455] {logging_mixin.py:104} INFO - pikachu_280.jpeg
[2022-01-25 10:09:09,456] {logging_mixin.py:104} INFO - pikachu_281.jpeg
[2022-01-25 10:09:09,456] {logging_mixin.py:104} INFO - pikachu_282.jpeg
[2022-01-25 10:09:09,456] {logging_mixin.py:104} INFO - pikachu_283.jpeg
[2022-01-25 10:09:09,456] {logging_mixin.py:104} INFO - pikachu_284.jpeg
[2022-01-25 10:09:09,457] {logging_mixin.py:104} INFO - pikachu_285.png
[2022-01-25 10:09:09,457] {logging_mixin.py:104} INFO - pikachu_286.jpeg
[2022-01-25 10:09:09,457] {logging_mixin.py:104} INFO - pikachu_287.jpeg
[2022-01-25 10:09:09,457] {logging_mixin.py:104} INFO - pikachu_288.png
[2022-01-25 10:09:09,458] {logging_mixin.py:104} INFO - pikachu_289.png
[2022-01-25 10:09:09,458] {logging_mixin.py:104} INFO - pikachu_290.png
[2022-01-25 10:09:09,458] {logging_mixin.py:104} INFO - pikachu_291.png
[2022-01-25 10:09:09,458] {logging_mixin.py:104} INFO - pikachu_292.jpeg
[2022-01-25 10:09:09,459] {logging_mixin.py:104} INFO - pikachu_293.jpeg
[2022-01-25 10:09:09,459] {logging_mixin.py:104} INFO - pikachu_294.jpeg
[2022-01-25 10:09:09,459] {logging_mixin.py:104} INFO - pikachu_295.jpeg
[2022-01-25 10:09:09,460] {logging_mixin.py:104} INFO - pikachu_296.jpeg
[2022-01-25 10:09:09,460] {logging_mixin.py:104} INFO - pikachu_297.jpeg
[2022-01-25 10:09:09,460] {logging_mixin.py:104} INFO - pikachu_298.jpeg
[2022-01-25 10:09:09,460] {logging_mixin.py:104} INFO - pikachu_300.png
[2022-01-25 10:09:09,461] {logging_mixin.py:104} INFO - pikachu_301.jpeg
[2022-01-25 10:09:09,461] {logging_mixin.py:104} INFO - pikachu_302.jpeg
[2022-01-25 10:09:09,461] {logging_mixin.py:104} INFO - pikachu_303.jpeg
[2022-01-25 10:09:09,461] {logging_mixin.py:104} INFO - pikachu_304.jpeg
[2022-01-25 10:09:09,462] {logging_mixin.py:104} INFO - pikachu_305.jpeg
[2022-01-25 10:09:09,462] {logging_mixin.py:104} INFO - pikachu_306.jpeg
[2022-01-25 10:09:09,462] {logging_mixin.py:104} INFO - pikachu_307.jpeg
[2022-01-25 10:09:09,463] {logging_mixin.py:104} INFO - pikachu_308.jpeg
[2022-01-25 10:09:09,463] {logging_mixin.py:104} INFO - pikachu_309.jpeg
[2022-01-25 10:09:09,463] {logging_mixin.py:104} INFO - pikachu_310.jpeg
[2022-01-25 10:09:09,463] {logging_mixin.py:104} INFO - pikachu_311.jpeg
[2022-01-25 10:09:09,464] {logging_mixin.py:104} INFO - pikachu_312.jpeg
[2022-01-25 10:09:09,464] {logging_mixin.py:104} INFO - pikachu_313.jpeg
[2022-01-25 10:09:09,464] {logging_mixin.py:104} INFO - pikachu_314.jpeg
[2022-01-25 10:09:09,465] {logging_mixin.py:104} INFO - pikachu_315.jpeg
[2022-01-25 10:09:09,465] {logging_mixin.py:104} INFO - pikachu_316.jpeg
[2022-01-25 10:09:09,465] {logging_mixin.py:104} INFO - pikachu_317.png
[2022-01-25 10:09:09,465] {logging_mixin.py:104} INFO - pikachu_318.jpeg
[2022-01-25 10:09:09,466] {logging_mixin.py:104} INFO - pikachu_319.jpeg
[2022-01-25 10:09:09,466] {logging_mixin.py:104} INFO - pikachu_320.jpeg
[2022-01-25 10:09:09,466] {logging_mixin.py:104} INFO - pikachu_321.jpeg
[2022-01-25 10:09:09,466] {logging_mixin.py:104} INFO - pikachu_322.jpeg
[2022-01-25 10:09:09,466] {logging_mixin.py:104} INFO - pikachu_323.jpeg
[2022-01-25 10:09:09,467] {logging_mixin.py:104} INFO - pikachu_324.png
[2022-01-25 10:09:09,468] {logging_mixin.py:104} INFO - pikachu_325.png
[2022-01-25 10:09:09,469] {logging_mixin.py:104} INFO - pikachu_326.jpeg
[2022-01-25 10:09:09,470] {logging_mixin.py:104} INFO - pikachu_327.png
[2022-01-25 10:09:09,470] {logging_mixin.py:104} INFO - pikachu_328.jpeg
[2022-01-25 10:09:09,470] {logging_mixin.py:104} INFO - pikachu_329.jpeg
[2022-01-25 10:09:09,471] {logging_mixin.py:104} INFO - pikachu_330.jpeg
[2022-01-25 10:09:09,471] {logging_mixin.py:104} INFO - pikachu_331.jpeg
[2022-01-25 10:09:09,471] {logging_mixin.py:104} INFO - pikachu_332.jpeg
[2022-01-25 10:09:09,472] {logging_mixin.py:104} INFO - pikachu_333.jpeg
[2022-01-25 10:09:09,472] {logging_mixin.py:104} INFO - pikachu_334.jpeg
[2022-01-25 10:09:09,475] {logging_mixin.py:104} INFO - pikachu_335.jpeg
[2022-01-25 10:09:09,476] {logging_mixin.py:104} INFO - pikachu_336.jpeg
[2022-01-25 10:09:09,476] {logging_mixin.py:104} INFO - pikachu_337.jpeg
[2022-01-25 10:09:09,477] {logging_mixin.py:104} INFO - pikachu_338.jpeg
[2022-01-25 10:09:09,477] {logging_mixin.py:104} INFO - pikachu_339.png
[2022-01-25 10:09:09,478] {logging_mixin.py:104} INFO - pikachu_340.jpeg
[2022-01-25 10:09:09,478] {logging_mixin.py:104} INFO - pikachu_341.jpeg
[2022-01-25 10:09:09,479] {logging_mixin.py:104} INFO - pikachu_342.jpeg
[2022-01-25 10:09:09,480] {logging_mixin.py:104} INFO - pikachu_343.jpeg
[2022-01-25 10:09:09,480] {logging_mixin.py:104} INFO - pikachu_344.jpeg
[2022-01-25 10:09:09,481] {logging_mixin.py:104} INFO - pikachu_345.jpeg
[2022-01-25 10:09:09,481] {logging_mixin.py:104} INFO - pikachu_346.jpeg
[2022-01-25 10:09:09,482] {logging_mixin.py:104} INFO - pikachu_347.jpeg
[2022-01-25 10:09:09,482] {logging_mixin.py:104} INFO - pikachu_348.jpeg
[2022-01-25 10:09:09,483] {logging_mixin.py:104} INFO - pikachu_349.jpeg
[2022-01-25 10:09:09,483] {logging_mixin.py:104} INFO - pikachu_350.jpeg
[2022-01-25 10:09:09,484] {logging_mixin.py:104} INFO - pikachu_351.jpeg
[2022-01-25 10:09:09,484] {logging_mixin.py:104} INFO - pikachu_352.jpeg
[2022-01-25 10:09:09,485] {logging_mixin.py:104} INFO - pikachu_353.png
[2022-01-25 10:09:09,485] {logging_mixin.py:104} INFO - pikachu_354.jpeg
[2022-01-25 10:09:09,486] {logging_mixin.py:104} INFO - pikachu_355.jpeg
[2022-01-25 10:09:09,486] {logging_mixin.py:104} INFO - pikachu_356.jpeg
[2022-01-25 10:09:09,487] {logging_mixin.py:104} INFO - pikachu_357.jpeg
[2022-01-25 10:09:09,487] {logging_mixin.py:104} INFO - pikachu_358.jpeg
[2022-01-25 10:09:09,488] {logging_mixin.py:104} INFO - pikachu_359.jpeg
[2022-01-25 10:09:09,488] {logging_mixin.py:104} INFO - pikachu_360.jpeg
[2022-01-25 10:09:09,489] {logging_mixin.py:104} INFO - pikachu_361.jpeg
[2022-01-25 10:09:09,489] {logging_mixin.py:104} INFO - pikachu_362.jpeg
[2022-01-25 10:09:09,490] {logging_mixin.py:104} INFO - pikachu_363.jpeg
[2022-01-25 10:09:09,491] {logging_mixin.py:104} INFO - pikachu_364.png
[2022-01-25 10:09:09,491] {logging_mixin.py:104} INFO - pikachu_365.jpeg
[2022-01-25 10:09:09,492] {logging_mixin.py:104} INFO - pikachu_366.jpeg
[2022-01-25 10:09:09,492] {logging_mixin.py:104} INFO - pikachu_367.jpeg
[2022-01-25 10:09:09,493] {logging_mixin.py:104} INFO - pikachu_368.png
[2022-01-25 10:09:09,493] {logging_mixin.py:104} INFO - pikachu_369.jpeg
[2022-01-25 10:09:09,494] {logging_mixin.py:104} INFO - pikachu_370.jpeg
[2022-01-25 10:09:09,494] {logging_mixin.py:104} INFO - pikachu_371.jpeg
[2022-01-25 10:09:09,495] {logging_mixin.py:104} INFO - pikachu_372.jpeg
[2022-01-25 10:09:09,495] {logging_mixin.py:104} INFO - pikachu_373.jpeg
[2022-01-25 10:09:09,496] {logging_mixin.py:104} INFO - pikachu_374.jpeg
[2022-01-25 10:09:09,496] {logging_mixin.py:104} INFO - pikachu_375.jpeg
[2022-01-25 10:09:09,497] {logging_mixin.py:104} INFO - pikachu_376.jpeg
[2022-01-25 10:09:09,497] {logging_mixin.py:104} INFO - pikachu_377.jpeg
[2022-01-25 10:09:09,498] {logging_mixin.py:104} INFO - pikachu_378.jpeg
[2022-01-25 10:09:09,499] {logging_mixin.py:104} INFO - pikachu_379.jpeg
[2022-01-25 10:09:09,499] {logging_mixin.py:104} INFO - pikachu_380.jpeg
[2022-01-25 10:09:09,500] {logging_mixin.py:104} INFO - pikachu_381.jpeg
[2022-01-25 10:09:09,500] {logging_mixin.py:104} INFO - pikachu_382.jpeg
[2022-01-25 10:09:09,501] {logging_mixin.py:104} INFO - pikachu_383.jpeg
[2022-01-25 10:09:09,501] {logging_mixin.py:104} INFO - pikachu_384.jpeg
[2022-01-25 10:09:09,502] {logging_mixin.py:104} INFO - pikachu_385.png
[2022-01-25 10:09:09,502] {logging_mixin.py:104} INFO - pikachu_386.jpeg
[2022-01-25 10:09:09,503] {logging_mixin.py:104} INFO - pikachu_387.jpeg
[2022-01-25 10:09:09,503] {logging_mixin.py:104} INFO - pikachu_388.jpeg
[2022-01-25 10:09:09,504] {logging_mixin.py:104} INFO - pikachu_389.jpeg
[2022-01-25 10:09:09,504] {logging_mixin.py:104} INFO - pikachu_390.jpeg
[2022-01-25 10:09:09,505] {logging_mixin.py:104} INFO - pikachu_391.jpeg
[2022-01-25 10:09:09,505] {logging_mixin.py:104} INFO - pikachu_392.jpeg
[2022-01-25 10:09:09,506] {logging_mixin.py:104} INFO - pikachu_393.jpeg
[2022-01-25 10:09:09,506] {logging_mixin.py:104} INFO - pikachu_394.jpeg
[2022-01-25 10:09:09,507] {logging_mixin.py:104} INFO - pikachu_395.jpeg
[2022-01-25 10:09:09,507] {logging_mixin.py:104} INFO - pikachu_396.jpeg
[2022-01-25 10:09:09,508] {logging_mixin.py:104} INFO - pikachu_397.jpeg
[2022-01-25 10:09:09,508] {logging_mixin.py:104} INFO - pikachu_398.png
[2022-01-25 10:09:09,509] {logging_mixin.py:104} INFO - pikachu_399.jpeg
[2022-01-25 10:09:09,509] {logging_mixin.py:104} INFO - pikachu_400.jpeg
[2022-01-25 10:09:09,510] {logging_mixin.py:104} INFO - pikachu_401.png
[2022-01-25 10:09:09,512] {logging_mixin.py:104} INFO - pikachu_402.jpeg
[2022-01-25 10:09:09,513] {logging_mixin.py:104} INFO - pikachu_403.jpeg
[2022-01-25 10:09:09,513] {logging_mixin.py:104} INFO - pikachu_405.jpeg
[2022-01-25 10:09:09,514] {logging_mixin.py:104} INFO - pikachu_406.jpeg
[2022-01-25 10:09:09,514] {logging_mixin.py:104} INFO - pikachu_407.jpeg
[2022-01-25 10:09:09,515] {logging_mixin.py:104} INFO - pikachu_408.jpeg
[2022-01-25 10:09:09,515] {logging_mixin.py:104} INFO - pikachu_409.jpeg
[2022-01-25 10:09:09,516] {logging_mixin.py:104} INFO - pikachu_410.jpeg
[2022-01-25 10:09:09,516] {logging_mixin.py:104} INFO - pikachu_411.jpeg
[2022-01-25 10:09:09,517] {logging_mixin.py:104} INFO - pikachu_412.png
[2022-01-25 10:09:09,518] {logging_mixin.py:104} INFO - pikachu_413.jpeg
[2022-01-25 10:09:09,518] {logging_mixin.py:104} INFO - pikachu_414.jpeg
[2022-01-25 10:09:09,519] {logging_mixin.py:104} INFO - pikachu_415.jpeg
[2022-01-25 10:09:09,519] {logging_mixin.py:104} INFO - pikachu_416.jpeg
[2022-01-25 10:09:09,520] {logging_mixin.py:104} INFO - pikachu_417.jpeg
[2022-01-25 10:09:09,521] {logging_mixin.py:104} INFO - pikachu_418.jpeg
[2022-01-25 10:09:09,521] {logging_mixin.py:104} INFO - pikachu_419.jpeg
[2022-01-25 10:09:09,522] {logging_mixin.py:104} INFO - pikachu_420.jpeg
[2022-01-25 10:09:09,522] {logging_mixin.py:104} INFO - pikachu_421.png
[2022-01-25 10:09:09,523] {logging_mixin.py:104} INFO - pikachu_422.jpeg
[2022-01-25 10:09:09,523] {logging_mixin.py:104} INFO - pikachu_424.jpeg
[2022-01-25 10:09:09,524] {logging_mixin.py:104} INFO - pikachu_425.jpeg
[2022-01-25 10:09:09,525] {logging_mixin.py:104} INFO - pikachu_426.jpeg
[2022-01-25 10:09:09,526] {logging_mixin.py:104} INFO - pikachu_427.jpeg
[2022-01-25 10:09:09,526] {logging_mixin.py:104} INFO - pikachu_428.jpeg
[2022-01-25 10:09:09,527] {logging_mixin.py:104} INFO - pikachu_429.jpeg
[2022-01-25 10:09:09,527] {logging_mixin.py:104} INFO - pikachu_430.jpeg
[2022-01-25 10:09:09,528] {logging_mixin.py:104} INFO - pikachu_431.jpeg
[2022-01-25 10:09:09,528] {logging_mixin.py:104} INFO - pikachu_432.jpeg
[2022-01-25 10:09:09,528] {logging_mixin.py:104} INFO - pikachu_433.jpeg
[2022-01-25 10:09:09,529] {logging_mixin.py:104} INFO - pikachu_434.png
[2022-01-25 10:09:09,529] {logging_mixin.py:104} INFO - pikachu_435.jpeg
[2022-01-25 10:09:09,530] {logging_mixin.py:104} INFO - pikachu_436.jpeg
[2022-01-25 10:09:09,530] {logging_mixin.py:104} INFO - pikachu_438.png
[2022-01-25 10:09:09,531] {logging_mixin.py:104} INFO - pikachu_439.jpeg
[2022-01-25 10:09:09,531] {logging_mixin.py:104} INFO - pikachu_440.jpeg
[2022-01-25 10:09:09,531] {logging_mixin.py:104} INFO - pikachu_441.jpeg
[2022-01-25 10:09:09,532] {logging_mixin.py:104} INFO - pikachu_442.jpeg
[2022-01-25 10:09:09,532] {logging_mixin.py:104} INFO - pikachu_443.jpeg
[2022-01-25 10:09:09,532] {logging_mixin.py:104} INFO - pikachu_444.jpeg
[2022-01-25 10:09:09,533] {logging_mixin.py:104} INFO - pikachu_445.jpeg
[2022-01-25 10:09:09,534] {logging_mixin.py:104} INFO - pikachu_446.jpeg
[2022-01-25 10:09:09,534] {logging_mixin.py:104} INFO - pikachu_447.jpeg
[2022-01-25 10:09:09,535] {logging_mixin.py:104} INFO - pikachu_448.jpeg
[2022-01-25 10:09:09,535] {logging_mixin.py:104} INFO - pikachu_449.jpeg
[2022-01-25 10:09:09,536] {logging_mixin.py:104} INFO - --------------ti-----------------------
[2022-01-25 10:09:09,537] {logging_mixin.py:104} INFO - <TaskInstance: classification.check_data_exist 2022-01-25T10:09:03.899311+00:00 [running]>
[2022-01-25 10:09:09,537] {logging_mixin.py:104} INFO - ------------------------------
[2022-01-25 10:09:09,564] {python.py:118} INFO - Done. Returned value was: load_data
[2022-01-25 10:09:09,565] {skipmixin.py:124} INFO - Following branch load_data
[2022-01-25 10:09:09,576] {skipmixin.py:155} INFO - Skipping tasks []
[2022-01-25 10:09:09,655] {taskinstance.py:1166} INFO - Marking task as SUCCESS. dag_id=classification, task_id=check_data_exist, execution_date=20220125T100903, start_date=20220125T100909, end_date=20220125T100909
[2022-01-25 10:09:09,761] {taskinstance.py:1220} INFO - 1 downstream tasks scheduled from follow-on schedule check
[2022-01-25 10:09:09,795] {local_task_job.py:146} INFO - Task exited with return code 0
