[2022-01-25 13:39:42,425] {taskinstance.py:851} INFO - Dependencies all met for <TaskInstance: bing_image_download.bing_image_download 2022-01-25T13:39:36.775752+00:00 [queued]>
[2022-01-25 13:39:42,513] {taskinstance.py:851} INFO - Dependencies all met for <TaskInstance: bing_image_download.bing_image_download 2022-01-25T13:39:36.775752+00:00 [queued]>
[2022-01-25 13:39:42,517] {taskinstance.py:1042} INFO - 
--------------------------------------------------------------------------------
[2022-01-25 13:39:42,518] {taskinstance.py:1043} INFO - Starting attempt 1 of 2
[2022-01-25 13:39:42,519] {taskinstance.py:1044} INFO - 
--------------------------------------------------------------------------------
[2022-01-25 13:39:42,569] {taskinstance.py:1063} INFO - Executing <Task(PythonOperator): bing_image_download> on 2022-01-25T13:39:36.775752+00:00
[2022-01-25 13:39:42,585] {standard_task_runner.py:52} INFO - Started process 123 to run task
[2022-01-25 13:39:42,594] {standard_task_runner.py:76} INFO - Running: ['airflow', 'tasks', 'run', 'bing_image_download', 'bing_image_download', '2022-01-25T13:39:36.775752+00:00', '--job-id', '155', '--pool', 'default_pool', '--raw', '--subdir', 'DAGS_FOLDER/bing_image_download.py', '--cfg-path', '/tmp/tmpduycaltc', '--error-file', '/tmp/tmpq50kutul']
[2022-01-25 13:39:42,595] {standard_task_runner.py:77} INFO - Job 155: Subtask bing_image_download
[2022-01-25 13:39:42,663] {logging_mixin.py:104} INFO - Running <TaskInstance: bing_image_download.bing_image_download 2022-01-25T13:39:36.775752+00:00 [running]> on host 05cddda723d4
[2022-01-25 13:39:42,734] {taskinstance.py:1257} INFO - Exporting the following env vars:
AIRFLOW_CTX_DAG_OWNER=airflow
AIRFLOW_CTX_DAG_ID=bing_image_download
AIRFLOW_CTX_TASK_ID=bing_image_download
AIRFLOW_CTX_EXECUTION_DATE=2022-01-25T13:39:36.775752+00:00
AIRFLOW_CTX_DAG_RUN_ID=manual__2022-01-25T13:39:36.775752+00:00
[2022-01-25 13:39:42,744] {logging_mixin.py:104} INFO - [INFO] searching Bing API for 'pikachu'
[2022-01-25 13:39:44,444] {logging_mixin.py:104} INFO - [INFO] 100 total results for 'pikachu'
[2022-01-25 13:39:44,445] {logging_mixin.py:104} INFO - [INFO] making request for group 0-10 of 100...
[2022-01-25 13:39:45,099] {logging_mixin.py:104} INFO - [INFO] saving images for group 0-10 of 100...
[2022-01-25 13:39:45,099] {logging_mixin.py:104} INFO - [INFO] fetching: http://vignette3.wikia.nocookie.net/wii/images/7/77/Pikachu_SSB4.jpg/revision/latest?cb=20140210000421
[2022-01-25 13:39:48,344] {logging_mixin.py:104} INFO - [INFO] fetching: https://pngimg.com/uploads/pokemon/pokemon_PNG15.png
[2022-01-25 13:39:49,857] {logging_mixin.py:104} INFO - [INFO] fetching: https://images-wixmp-ed30a86b8c4ca887773594c2.wixmp.com/f/4f6bf5b3-c9b6-44c2-ab80-06e3ea80d511/dca37p4-e992703b-3518-475a-a3bd-bc2831f13e7b.png?token=eyJ0eXAiOiJKV1QiLCJhbGciOiJIUzI1NiJ9.eyJzdWIiOiJ1cm46YXBwOiIsImlzcyI6InVybjphcHA6Iiwib2JqIjpbW3sicGF0aCI6IlwvZlwvNGY2YmY1YjMtYzliNi00NGMyLWFiODAtMDZlM2VhODBkNTExXC9kY2EzN3A0LWU5OTI3MDNiLTM1MTgtNDc1YS1hM2JkLWJjMjgzMWYxM2U3Yi5wbmcifV1dLCJhdWQiOlsidXJuOnNlcnZpY2U6ZmlsZS5kb3dubG9hZCJdfQ.BgM4bC-lqNizie8fhV-EnS5hLNCPn5y8iROlzXNAdk4
[2022-01-25 13:39:51,890] {logging_mixin.py:104} INFO - [INFO] fetching: https://3.bp.blogspot.com/-QRBqlfFJt6U/ULpgGND3XFI/AAAAAAAACPs/TUrUig9gj5A/s1600/pikachu.png
[2022-01-25 13:39:53,278] {logging_mixin.py:104} INFO - [INFO] fetching: https://pngimg.com/uploads/pokemon/pokemon_PNG93.png
[2022-01-25 13:39:53,490] {logging_mixin.py:104} INFO - [INFO] fetching: https://pngimg.com/uploads/pokemon/pokemon_PNG148.png
[2022-01-25 13:39:53,891] {logging_mixin.py:104} INFO - [INFO] fetching: https://www.nintendoworldreport.com/media/38183/4/1.jpg
[2022-01-25 13:39:56,456] {logging_mixin.py:104} INFO - [INFO] fetching: https://ph.portal-pokemon.com/upload/en/HelloPika.png
[2022-01-25 13:40:00,326] {logging_mixin.py:104} INFO - [INFO] fetching: https://mir-s3-cdn-cf.behance.net/project_modules/max_1200/91cc6c40961423.5793b50987cac.jpg
[2022-01-25 13:40:01,553] {logging_mixin.py:104} INFO - [INFO] fetching: https://pngimg.com/uploads/pokemon/pokemon_PNG42.png
[2022-01-25 13:40:01,990] {logging_mixin.py:104} INFO - [INFO] making request for group 10-20 of 100...
[2022-01-25 13:40:03,406] {logging_mixin.py:104} INFO - [INFO] saving images for group 10-20 of 100...
[2022-01-25 13:40:03,407] {logging_mixin.py:104} INFO - [INFO] fetching: https://ph.portal-pokemon.com/upload/en/HelloPika.png
[2022-01-25 13:40:05,275] {logging_mixin.py:104} INFO - [INFO] fetching: https://cdn.myminifactory.com/assets/object-assets/5c64403a9c7ad/images/d27029fa-5bce-4731-b8b4-af6be07fe701.jpg
[2022-01-25 13:40:10,665] {logging_mixin.py:104} INFO - [INFO] fetching: http://clipartmag.com/image/pikachu-images-for-drawing-29.png
[2022-01-25 13:40:12,083] {logging_mixin.py:104} INFO - [INFO] fetching: https://yt3.ggpht.com/a-/AAuE7mBRlOG3moYW1oLN4L0V6FP-O-3IJrF1NoGjDw=s900-mo-c-c0xffffffff-rj-k-no
[2022-01-25 13:40:12,403] {logging_mixin.py:104} INFO - [INFO] fetching: https://yt3.ggpht.com/a/AATXAJxtQ_8fLTUGcMTiyJ71r_-B7MdSNej9kUbPfQ=s900-c-k-c0xffffffff-no-rj-mo
[2022-01-25 13:40:12,689] {logging_mixin.py:104} INFO - [INFO] fetching: https://cdn.vox-cdn.com/thumbor/RGPwZaA8xxwrVd4spVyTGNrxHh0=/99x0:1179x720/1200x800/filters:focal(99x0:1179x720)/cdn.vox-cdn.com/uploads/chorus_image/image/50166993/2016.1_Great_Detective_Pikachu_Birth_of_a_New_Duo__3DS_.0.0.jpg
[2022-01-25 13:40:15,410] {logging_mixin.py:104} INFO - [INFO] fetching: https://mir-s3-cdn-cf.behance.net/project_modules/1400/56f6e170109017.5d71da93da213.png
[2022-01-25 13:40:15,994] {logging_mixin.py:104} INFO - [INFO] fetching: https://img1.cgtrader.com/items/2419585/aef1cf6064/pikachu-pokemon-3d-printing-3d-model-obj-stl-blend.jpg
[2022-01-25 13:40:16,420] {logging_mixin.py:104} INFO - [INFO] fetching: https://images-wixmp-ed30a86b8c4ca887773594c2.wixmp.com/f/c5bbbf70-cfca-4aeb-892b-6ac8c54fb175/ddbr84t-d0753923-bc99-4919-8bb6-2121149399d7.png/v1/fill/w_956,h_836,strp/pikachu_libre_render_by_vexikku_ddbr84t-pre.png?token=eyJ0eXAiOiJKV1QiLCJhbGciOiJIUzI1NiJ9.eyJzdWIiOiJ1cm46YXBwOjdlMGQxODg5ODIyNjQzNzNhNWYwZDQxNWVhMGQyNmUwIiwiaXNzIjoidXJuOmFwcDo3ZTBkMTg4OTgyMjY0MzczYTVmMGQ0MTVlYTBkMjZlMCIsIm9iaiI6W1t7ImhlaWdodCI6Ijw9MzUwMCIsInBhdGgiOiJcL2ZcL2M1YmJiZjcwLWNmY2EtNGFlYi04OTJiLTZhYzhjNTRmYjE3NVwvZGRicjg0dC1kMDc1MzkyMy1iYzk5LTQ5MTktOGJiNi0yMTIxMTQ5Mzk5ZDcucG5nIiwid2lkdGgiOiI8PTQwMDAifV1dLCJhdWQiOlsidXJuOnNlcnZpY2U6aW1hZ2Uub3BlcmF0aW9ucyJdfQ.SCZGQ24m5GxrmvuwHJ6Em8lOGDWKTpacKjSjkkFMbCs
[2022-01-25 13:40:16,922] {logging_mixin.py:104} INFO - [INFO] fetching: https://cdn.mos.cms.futurecdn.net/dqW4eWEXeU6J8tBpZTpqy5.jpg
[2022-01-25 13:40:18,268] {logging_mixin.py:104} INFO - [INFO] making request for group 20-30 of 100...
[2022-01-25 13:40:19,613] {logging_mixin.py:104} INFO - [INFO] saving images for group 20-30 of 100...
[2022-01-25 13:40:19,614] {logging_mixin.py:104} INFO - [INFO] fetching: https://www.serishirts.com/27678-43884-tm_thickbox_default/pikachu-shirt-dancing-gangnam-style-brown.jpg
[2022-01-25 13:40:20,671] {logging_mixin.py:104} INFO - [INFO] fetching: http://cdn.shopify.com/s/files/1/1433/5988/products/Pika_grande.jpg?v=1482223575
[2022-01-25 13:40:20,824] {logging_mixin.py:104} INFO - [INFO] fetching: https://img1.cgtrader.com/items/2419585/aef1cf6064/pikachu-pokemon-3d-printing-3d-model-obj-stl-blend.jpg
[2022-01-25 13:40:21,119] {logging_mixin.py:104} INFO - [INFO] fetching: http://www.baltana.com/files/wallpapers-16/Pokemon-Detective-Pikachu-Background-Wallpaper-39818.jpg
[2022-01-25 13:40:24,748] {logging_mixin.py:104} INFO - [INFO] fetching: https://static1.cbrimages.com/wordpress/wp-content/uploads/2020/03/Ryan-Reynolds-In-Detective-Pikachu.jpg
[2022-01-25 13:40:24,964] {logging_mixin.py:104} INFO - [INFO] fetching: https://cdn.vox-cdn.com/thumbor/RGPwZaA8xxwrVd4spVyTGNrxHh0=/99x0:1179x720/1200x800/filters:focal(99x0:1179x720)/cdn.vox-cdn.com/uploads/chorus_image/image/50166993/2016.1_Great_Detective_Pikachu_Birth_of_a_New_Duo__3DS_.0.0.jpg
[2022-01-25 13:40:26,406] {logging_mixin.py:104} INFO - [INFO] fetching: https://static0.thegamerimages.com/wordpress/wp-content/uploads/2020/02/pikachu-featured.jpg
[2022-01-25 13:40:26,738] {logging_mixin.py:104} INFO - [INFO] fetching: https://static1.thegamerimages.com/wordpress/wp-content/uploads/2019/11/Pokemon-Cramorant-eating-Pikachu.jpg
[2022-01-25 13:40:26,956] {logging_mixin.py:104} INFO - [INFO] fetching: https://yt3.ggpht.com/a-/AAuE7mA4QFZvuGbW5z7QHDyL7KACDGvO_ukJ4IEBKw=s900-mo-c-c0xffffffff-rj-k-no
[2022-01-25 13:40:27,310] {logging_mixin.py:104} INFO - [INFO] fetching: https://preview.redd.it/utp2tm8uie441.jpg?auto=webp&s=e1856d5b2219ac5e2af19580be7f636cf64f9504
[2022-01-25 13:40:28,197] {logging_mixin.py:104} INFO - [INFO] making request for group 30-40 of 100...
[2022-01-25 13:40:28,886] {logging_mixin.py:104} INFO - [INFO] saving images for group 30-40 of 100...
[2022-01-25 13:40:28,886] {logging_mixin.py:104} INFO - [INFO] fetching: http://cdn.shopify.com/s/files/1/0284/4907/9395/products/sticker_pikachu.jpg?v=1573513085
[2022-01-25 13:40:29,279] {logging_mixin.py:104} INFO - [INFO] fetching: https://s3.us-east-1.amazonaws.com/dexerto-assets-production-cbbdf288/uploads/2020/02/16230146/pokemon-community-fat-pikachu-meme.jpg
[2022-01-25 13:40:31,375] {logging_mixin.py:104} INFO - [INFO] fetching: https://static1.cbrimages.com/wordpress/wp-content/uploads/2019/12/Pikachu-Feature-Image-Cropped.jpg
[2022-01-25 13:40:31,669] {logging_mixin.py:104} INFO - [INFO] fetching: https://cdn.mos.cms.futurecdn.net/dqW4eWEXeU6J8tBpZTpqy5.jpg
[2022-01-25 13:40:32,237] {logging_mixin.py:104} INFO - [INFO] fetching: https://yt3.ggpht.com/a/AATXAJw9Y95jJiDSFXIG6GWfIZKdHbgfovkOcj66BA=s900-c-k-c0xffffffff-no-rj-mo
[2022-01-25 13:40:32,683] {logging_mixin.py:104} INFO - [INFO] fetching: https://www.onlinetoys.com.au/19664/pokemon-power-action-pikachu.jpg
[2022-01-25 13:40:34,229] {logging_mixin.py:104} INFO - [INFO] fetching: http://images4.fanpop.com/image/photos/22200000/Pikachu-pikachu-22265985-1280-1120.jpg
[2022-01-25 13:40:36,936] {logging_mixin.py:104} INFO - [INFO] fetching: https://img.huffingtonpost.com/asset/5a10b3b0180000aa09f6ce35.jpeg?ops=1910_1000
[2022-01-25 13:40:37,800] {logging_mixin.py:104} INFO - [INFO] fetching: https://animetos.com/wp-content/uploads/2021/03/img_8458-scaled.jpeg
[2022-01-25 13:41:09,329] {logging_mixin.py:104} INFO - [INFO] fetching: https://cdn.weasyl.com/~tsaoshin/submissions/1351357/26480474c4f1b1f6b42aa02c67540a21a3daa4cf4da375229ccf723d56d1377d/tsaoshin-025-pikachu.png
[2022-01-25 13:41:09,675] {logging_mixin.py:104} INFO - [INFO] making request for group 40-50 of 100...
[2022-01-25 13:41:10,987] {logging_mixin.py:104} INFO - [INFO] saving images for group 40-50 of 100...
[2022-01-25 13:41:10,988] {logging_mixin.py:104} INFO - [INFO] fetching: https://serebii.net/card/swshpromos/63.jpg
[2022-01-25 13:41:13,649] {logging_mixin.py:104} INFO - [INFO] fetching: http://tonsoffacts.com/wp-content/uploads/2019/11/fp4716-pokemon-pikachu-glow.jpg
[2022-01-25 13:41:15,788] {logging_mixin.py:104} INFO - [INFO-DEL] deleting: /opt/airflow/dags/images/pikachu_41.jpeg
[2022-01-25 13:41:15,795] {logging_mixin.py:104} INFO - [INFO] fetching: https://sotaku.com/wp-content/uploads/2018/05/Pika.jpg
[2022-01-25 13:41:19,142] {logging_mixin.py:104} INFO - [INFO] fetching: https://theprestonhub.co.uk/wp-content/uploads/2019/05/pokemon-detective-pikachu-card-1167030-1280x0.jpg
[2022-01-25 13:41:22,591] {logging_mixin.py:104} INFO - [INFO] fetching: https://static1.cbrimages.com/wordpress/wp-content/uploads/2019/12/Pikachu-Feature-Image-Cropped.jpg
[2022-01-25 13:41:22,826] {logging_mixin.py:104} INFO - [INFO] fetching: http://images.nintendolife.com/6d299ea8591e3/1280x720.jpg
[2022-01-25 13:41:23,234] {logging_mixin.py:104} INFO - [INFO] fetching: https://media.gq.com/photos/5cd448e6b41d094fd2cd74af/16:9/w_2560%2Cc_limit/There-Could-Be-No-More-Perfect-Pikachu-Than-Ryan-Reynolds-gq-1.jpg
[2022-01-25 13:41:24,168] {logging_mixin.py:104} INFO - [INFO] fetching: https://cdn4.dualshockers.com/wp-content/uploads/2013/08/pokemon-pikachu-hd.jpg
[2022-01-25 13:41:24,872] {logging_mixin.py:104} INFO - [INFO] fetching: https://buzz.tt/media/posters/2405/backdrops_4_1500.jpg
[2022-01-25 13:41:29,296] {logging_mixin.py:104} INFO - [INFO] fetching: https://s2.n4g.com/news/2219605_0.jpg
[2022-01-25 13:41:30,549] {logging_mixin.py:104} INFO - [INFO-DEL] deleting: /opt/airflow/dags/images/pikachu_49.jpeg
[2022-01-25 13:41:30,552] {logging_mixin.py:104} INFO - [INFO] making request for group 50-60 of 100...
[2022-01-25 13:41:31,981] {logging_mixin.py:104} INFO - [INFO] saving images for group 50-60 of 100...
[2022-01-25 13:41:31,982] {logging_mixin.py:104} INFO - [INFO] fetching: https://images-wixmp-ed30a86b8c4ca887773594c2.wixmp.com/f/93abed28-db9e-4018-aee8-6c817a5863b9/dbsqkhl-bc627623-0eed-4727-a573-b7f6cd48d992.png/v1/fill/w_800,h_855,strp/king_pikachu_by_kraus_illustration_dbsqkhl-fullview.png?token=eyJ0eXAiOiJKV1QiLCJhbGciOiJIUzI1NiJ9.eyJzdWIiOiJ1cm46YXBwOjdlMGQxODg5ODIyNjQzNzNhNWYwZDQxNWVhMGQyNmUwIiwiaXNzIjoidXJuOmFwcDo3ZTBkMTg4OTgyMjY0MzczYTVmMGQ0MTVlYTBkMjZlMCIsIm9iaiI6W1t7ImhlaWdodCI6Ijw9ODU1IiwicGF0aCI6IlwvZlwvOTNhYmVkMjgtZGI5ZS00MDE4LWFlZTgtNmM4MTdhNTg2M2I5XC9kYnNxa2hsLWJjNjI3NjIzLTBlZWQtNDcyNy1hNTczLWI3ZjZjZDQ4ZDk5Mi5wbmciLCJ3aWR0aCI6Ijw9ODAwIn1dXSwiYXVkIjpbInVybjpzZXJ2aWNlOmltYWdlLm9wZXJhdGlvbnMiXX0.RBhJ-Eni5Fc_r-5ZBrMSXC8Z0aJvE6PrRT6HPGQehGM
[2022-01-25 13:41:32,504] {logging_mixin.py:104} INFO - [INFO] fetching: https://getwallpapers.com/wallpaper/full/4/9/a/400572.jpg
[2022-01-25 13:41:34,521] {logging_mixin.py:104} INFO - [INFO] fetching: https://s3.us-east-1.amazonaws.com/dexerto-assets-production-cbbdf288/uploads/2020/08/26080403/ashs-pikachu-on-verge-of-evolving-pokemon-journeys-23-years-franchise-icon.jpg
[2022-01-25 13:41:38,611] {logging_mixin.py:104} INFO - [INFO] fetching: https://static0.thegamerimages.com/wordpress/wp-content/uploads/2020/02/pikachu-featured.jpg
[2022-01-25 13:41:38,889] {logging_mixin.py:104} INFO - [INFO] fetching: https://c.shld.net/rpx/i/s/i/spin/10032562/prod_12349903012??hei=64&wid=64&qlt=50
[2022-01-25 13:41:40,001] {logging_mixin.py:104} INFO - [INFO] fetching: https://webgames.host/uploads/2018/03/pikachu-bros.png
[2022-01-25 13:41:44,190] {logging_mixin.py:104} INFO - [INFO] fetching: https://wallpapercave.com/wp/wp6346994.png
[2022-01-25 13:41:44,448] {logging_mixin.py:104} INFO - [INFO] fetching: https://preview.redd.it/r3r5fzcibmh21.jpg?auto=webp&s=fb5f20934cc89940c787d04a9a324b7fbed1cb34
[2022-01-25 13:41:45,180] {logging_mixin.py:104} INFO - [INFO] fetching: http://www.baltana.com/files/wallpapers-16/Pokemon-Detective-Pikachu-Background-Wallpaper-39818.jpg
[2022-01-25 13:41:48,394] {logging_mixin.py:104} INFO - [INFO] fetching: https://whirli-production-images.s3.eu-west-2.amazonaws.com/products/yZYb57lPl7/yb9jP0AWgj_pokemon-pikachu-medium.jpg
[2022-01-25 13:41:50,311] {logging_mixin.py:104} INFO - [INFO] making request for group 60-70 of 100...
[2022-01-25 13:41:51,796] {logging_mixin.py:104} INFO - [INFO] saving images for group 60-70 of 100...
[2022-01-25 13:41:51,797] {logging_mixin.py:104} INFO - [INFO] fetching: https://c.shld.net/rpx/i/s/i/spin/10032562/prod_12349903012??hei=64&wid=64&qlt=50
[2022-01-25 13:41:52,285] {logging_mixin.py:104} INFO - [INFO] fetching: https://wallpapercave.com/wp/wp6346994.png
[2022-01-25 13:41:52,455] {logging_mixin.py:104} INFO - [INFO] fetching: https://www.pinclipart.com/picdir/middle/522-5225314_transparent-detective-pikachu-png-clipart.png
[2022-01-25 13:42:07,520] {logging_mixin.py:104} INFO - [INFO] fetching: https://yt3.ggpht.com/a/AATXAJy5TUeCGX8BPUjyMlQh0S1vFu9-PQFNlxk2xQ=s900-c-k-c0xffffffff-no-rj-mo
[2022-01-25 13:42:08,112] {logging_mixin.py:104} INFO - [INFO] fetching: https://yt3.ggpht.com/a/AATXAJznnOKPTmacMoV1l7l43kb4YaukGZH9ZSfeSw=s900-c-k-c0xffffffff-no-rj-mo
[2022-01-25 13:42:09,214] {logging_mixin.py:104} INFO - [INFO] fetching: https://i.etsystatic.com/8557472/r/il/1009f9/1677348229/il_fullxfull.1677348229_ogtm.jpg
[2022-01-25 13:42:09,987] {logging_mixin.py:104} INFO - [INFO] fetching: https://whirli-production-images.s3.eu-west-2.amazonaws.com/products/yZYb57lPl7/yb9jP0AWgj_pokemon-pikachu-medium.jpg
[2022-01-25 13:42:11,996] {logging_mixin.py:104} INFO - [INFO] fetching: https://images-wixmp-ed30a86b8c4ca887773594c2.wixmp.com/f/93abed28-db9e-4018-aee8-6c817a5863b9/dbsqkhl-bc627623-0eed-4727-a573-b7f6cd48d992.png/v1/fill/w_800,h_855,strp/king_pikachu_by_kraus_illustration_dbsqkhl-fullview.png?token=eyJ0eXAiOiJKV1QiLCJhbGciOiJIUzI1NiJ9.eyJzdWIiOiJ1cm46YXBwOjdlMGQxODg5ODIyNjQzNzNhNWYwZDQxNWVhMGQyNmUwIiwiaXNzIjoidXJuOmFwcDo3ZTBkMTg4OTgyMjY0MzczYTVmMGQ0MTVlYTBkMjZlMCIsIm9iaiI6W1t7ImhlaWdodCI6Ijw9ODU1IiwicGF0aCI6IlwvZlwvOTNhYmVkMjgtZGI5ZS00MDE4LWFlZTgtNmM4MTdhNTg2M2I5XC9kYnNxa2hsLWJjNjI3NjIzLTBlZWQtNDcyNy1hNTczLWI3ZjZjZDQ4ZDk5Mi5wbmciLCJ3aWR0aCI6Ijw9ODAwIn1dXSwiYXVkIjpbInVybjpzZXJ2aWNlOmltYWdlLm9wZXJhdGlvbnMiXX0.RBhJ-Eni5Fc_r-5ZBrMSXC8Z0aJvE6PrRT6HPGQehGM
[2022-01-25 13:42:13,338] {logging_mixin.py:104} INFO - [INFO] fetching: https://yt3.ggpht.com/a/AATXAJxWSkYcdzgaCCCeLyKiozmRwjzPpGyIH3dNHMM=s900-c-k-c0xffffffff-no-rj-mo
[2022-01-25 13:42:14,437] {logging_mixin.py:104} INFO - [INFO] fetching: https://static2.srcdn.com/wordpress/wp-content/uploads/2019/05/Detective-Pikachu-Pokemon-Red.jpg
[2022-01-25 13:42:14,786] {logging_mixin.py:104} INFO - [INFO] making request for group 70-80 of 100...
[2022-01-25 13:42:16,114] {logging_mixin.py:104} INFO - [INFO] saving images for group 70-80 of 100...
[2022-01-25 13:42:16,115] {logging_mixin.py:104} INFO - [INFO] fetching: https://yt3.ggpht.com/a/AATXAJznnOKPTmacMoV1l7l43kb4YaukGZH9ZSfeSw=s900-c-k-c0xffffffff-no-rj-mo
[2022-01-25 13:42:17,154] {logging_mixin.py:104} INFO - [INFO] fetching: https://wallpapercave.com/wp/wp6346994.png
[2022-01-25 13:42:17,327] {logging_mixin.py:104} INFO - [INFO] fetching: https://s1.thcdn.com/productimg/1600/1600/11793129-3294591567198503.jpg
[2022-01-25 13:42:19,176] {logging_mixin.py:104} INFO - [INFO] fetching: https://c.shld.net/rpx/i/s/i/spin/10032562/prod_12349903012??hei=64&wid=64&qlt=50
[2022-01-25 13:42:20,481] {logging_mixin.py:104} INFO - [INFO] fetching: http://www.baltana.com/files/wallpapers-16/Pokemon-Detective-Pikachu-Background-Wallpaper-39818.jpg
[2022-01-25 13:42:23,741] {logging_mixin.py:104} INFO - [INFO] fetching: https://images.nintendolife.com/43ece59eb41ff/1280x720.jpg
[2022-01-25 13:42:23,936] {logging_mixin.py:104} INFO - [INFO] fetching: https://media.pocketmonsters.net/imageboard/31/14561285150091.jpg
[2022-01-25 13:42:25,919] {logging_mixin.py:104} INFO - [INFO] fetching: https://www.denofgeek.com/wp-content/uploads/2018/01/pikachu_0.jpg?fit=1280%2C720
[2022-01-25 13:42:27,035] {logging_mixin.py:104} INFO - [INFO] fetching: https://yt3.ggpht.com/a/AATXAJxWSkYcdzgaCCCeLyKiozmRwjzPpGyIH3dNHMM=s900-c-k-c0xffffffff-no-rj-mo
[2022-01-25 13:42:27,446] {logging_mixin.py:104} INFO - [INFO] fetching: https://www.kolpaper.com/wp-content/uploads/2020/04/Pikachu-Wallpaper-5.jpg
[2022-01-25 13:42:28,942] {logging_mixin.py:104} INFO - [INFO] making request for group 80-90 of 100...
[2022-01-25 13:42:30,703] {logging_mixin.py:104} INFO - [INFO] saving images for group 80-90 of 100...
[2022-01-25 13:42:30,705] {logging_mixin.py:104} INFO - [INFO] fetching: https://yt3.ggpht.com/a/AATXAJxWSkYcdzgaCCCeLyKiozmRwjzPpGyIH3dNHMM=s900-c-k-c0xffffffff-no-rj-mo
[2022-01-25 13:42:31,255] {logging_mixin.py:104} INFO - [INFO] fetching: https://yt3.ggpht.com/a/AATXAJznnOKPTmacMoV1l7l43kb4YaukGZH9ZSfeSw=s900-c-k-c0xffffffff-no-rj-mo
[2022-01-25 13:42:32,370] {logging_mixin.py:104} INFO - [INFO] fetching: https://www.denofgeek.com/wp-content/uploads/2018/01/pikachu_0.jpg?fit=1280%2C720
[2022-01-25 13:42:32,734] {logging_mixin.py:104} INFO - [INFO] fetching: https://media.gq.com/photos/5cd448e6b41d094fd2cd74af/16:9/w_2560%2Cc_limit/There-Could-Be-No-More-Perfect-Pikachu-Than-Ryan-Reynolds-gq-1.jpg
[2022-01-25 13:42:33,484] {logging_mixin.py:104} INFO - [INFO] fetching: https://wallpapers.moviemania.io/phone/movie/447404/e255b7/pokemon-detective-pikachu-phone-wallpaper.jpg?w=1536&h=2732
[2022-01-25 13:42:35,645] {logging_mixin.py:104} INFO - [INFO] fetching: https://d1lss44hh2trtw.cloudfront.net/assets/article/2019/05/28/detective-pikachu-coffee_feature.jpg
[2022-01-25 13:42:35,914] {logging_mixin.py:104} INFO - [INFO] fetching: http://www.baltana.com/files/wallpapers-16/Pokemon-Detective-Pikachu-Movie-Desktop-Wallpaper-39833.jpg
[2022-01-25 13:42:38,298] {logging_mixin.py:104} INFO - [INFO] fetching: https://images.nintendolife.com/43ece59eb41ff/1280x720.jpg
[2022-01-25 13:42:38,479] {logging_mixin.py:104} INFO - [INFO] fetching: https://i.kinja-img.com/gawker-media/image/upload/s--7N2i0AxA--/c_fill,fl_progressive,g_center,h_900,q_80,w_1600/gvi8m4p95orhorwg0bpv.jpg
[2022-01-25 13:42:38,980] {logging_mixin.py:104} INFO - [INFO] fetching: https://static2.srcdn.com/wordpress/wp-content/uploads/2019/05/Detective-Pikachu-Pokemon-Red.jpg
[2022-01-25 13:42:39,262] {logging_mixin.py:104} INFO - [INFO] making request for group 90-100 of 100...
[2022-01-25 13:42:40,403] {logging_mixin.py:104} INFO - [INFO] saving images for group 90-100 of 100...
[2022-01-25 13:42:40,404] {logging_mixin.py:104} INFO - [INFO] fetching: https://media.gq.com/photos/5cd448e6b41d094fd2cd74af/16:9/w_2560%2Cc_limit/There-Could-Be-No-More-Perfect-Pikachu-Than-Ryan-Reynolds-gq-1.jpg
[2022-01-25 13:42:41,068] {logging_mixin.py:104} INFO - [INFO] fetching: https://d1lss44hh2trtw.cloudfront.net/assets/article/2019/05/28/detective-pikachu-coffee_feature.jpg
[2022-01-25 13:42:41,275] {logging_mixin.py:104} INFO - [INFO] fetching: https://wallpapers.moviemania.io/phone/movie/447404/e255b7/pokemon-detective-pikachu-phone-wallpaper.jpg?w=1536&h=2732
[2022-01-25 13:42:44,701] {logging_mixin.py:104} INFO - [INFO] fetching: https://www.pokemoncenter.com/products/images/P4537/701-03482/P4537_701-03482_01.jpg
[2022-01-25 13:42:54,715] {logging_mixin.py:104} INFO - [ERROR]:  HTTPSConnectionPool(host='www.pokemoncenter.com', port=443): Max retries exceeded with url: /products/images/P4537/701-03482/P4537_701-03482_01.jpg (Caused by NewConnectionError('<urllib3.connection.HTTPSConnection object at 0x7fa9386490b8>: Failed to establish a new connection: [Errno -3] Temporary failure in name resolution',))
[2022-01-25 13:42:54,715] {logging_mixin.py:104} INFO - [INFO] fetching: https://s2.megabrandsmedia.com/products/megabloks-50434ac1376b0135b061beb317f36f5b-1493649325-fjn61-19745.jpg
[2022-01-25 13:43:04,730] {logging_mixin.py:104} INFO - [ERROR]:  HTTPSConnectionPool(host='s2.megabrandsmedia.com', port=443): Max retries exceeded with url: /products/megabloks-50434ac1376b0135b061beb317f36f5b-1493649325-fjn61-19745.jpg (Caused by NewConnectionError('<urllib3.connection.HTTPSConnection object at 0x7fa938649668>: Failed to establish a new connection: [Errno -3] Temporary failure in name resolution',))
[2022-01-25 13:43:04,736] {logging_mixin.py:104} INFO - [INFO] fetching: https://assets1.ignimgs.com/2016/10/28/503eaea31a316jpeg-f9b106.jpg?width=1280
[2022-01-25 13:43:14,756] {logging_mixin.py:104} INFO - [ERROR]:  HTTPSConnectionPool(host='assets1.ignimgs.com', port=443): Max retries exceeded with url: /2016/10/28/503eaea31a316jpeg-f9b106.jpg?width=1280 (Caused by NewConnectionError('<urllib3.connection.HTTPSConnection object at 0x7fa9386499e8>: Failed to establish a new connection: [Errno -3] Temporary failure in name resolution',))
[2022-01-25 13:43:14,759] {logging_mixin.py:104} INFO - [INFO] fetching: https://i.neoseeker.com/n/7/pika.jpg
[2022-01-25 13:43:24,779] {logging_mixin.py:104} INFO - [ERROR]:  HTTPSConnectionPool(host='i.neoseeker.com', port=443): Max retries exceeded with url: /n/7/pika.jpg (Caused by NewConnectionError('<urllib3.connection.HTTPSConnection object at 0x7fa9386490f0>: Failed to establish a new connection: [Errno -3] Temporary failure in name resolution',))
[2022-01-25 13:43:24,780] {logging_mixin.py:104} INFO - [INFO] fetching: https://static1.srcdn.com/wordpress/wp-content/uploads/2019/05/Pokemon-Detective-Pikachu-Sequel.jpg
[2022-01-25 13:43:25,201] {logging_mixin.py:104} INFO - [INFO] fetching: https://static2.srcdn.com/wordpress/wp-content/uploads/2019/05/Detective-Pikachu-Pokemon-Red.jpg
[2022-01-25 13:43:25,434] {logging_mixin.py:104} INFO - [INFO] fetching: https://imgix.ranker.com/user_node_img/50090/1001785516/original/pika-pika-photo-u2?fit=crop&fm=pjpg&q=60&w=650&dpr=2
[2022-01-25 13:43:35,451] {logging_mixin.py:104} INFO - [ERROR]:  HTTPSConnectionPool(host='imgix.ranker.com', port=443): Max retries exceeded with url: /user_node_img/50090/1001785516/original/pika-pika-photo-u2?fit=crop&fm=pjpg&q=60&w=650&dpr=2 (Caused by NewConnectionError('<urllib3.connection.HTTPSConnection object at 0x7fa9386499e8>: Failed to establish a new connection: [Errno -3] Temporary failure in name resolution',))
[2022-01-25 13:43:35,458] {logging_mixin.py:104} INFO - **************************************************
[2022-01-25 13:43:35,463] {logging_mixin.py:104} INFO - [END] Images Donwloaded for pikachu
[2022-01-25 13:43:35,470] {logging_mixin.py:104} INFO - **************************************************
[2022-01-25 13:43:35,473] {logging_mixin.py:104} INFO - [INFO] searching Bing API for 'bulbasaur'
[2022-01-25 13:43:45,511] {taskinstance.py:1455} ERROR - HTTPSConnectionPool(host='api.bing.microsoft.com', port=443): Max retries exceeded with url: /v7.0/images/search/?q=bulbasaur&offset=0&count=10 (Caused by NewConnectionError('<urllib3.connection.HTTPSConnection object at 0x7fa938649208>: Failed to establish a new connection: [Errno -3] Temporary failure in name resolution',))
Traceback (most recent call last):
  File "/home/airflow/.local/lib/python3.6/site-packages/urllib3/connection.py", line 160, in _new_conn
    (self._dns_host, self.port), self.timeout, **extra_kw
  File "/home/airflow/.local/lib/python3.6/site-packages/urllib3/util/connection.py", line 61, in create_connection
    for res in socket.getaddrinfo(host, port, family, socket.SOCK_STREAM):
  File "/usr/local/lib/python3.6/socket.py", line 745, in getaddrinfo
    for res in _socket.getaddrinfo(host, port, family, type, proto, flags):
socket.gaierror: [Errno -3] Temporary failure in name resolution

During handling of the above exception, another exception occurred:

Traceback (most recent call last):
  File "/home/airflow/.local/lib/python3.6/site-packages/urllib3/connectionpool.py", line 677, in urlopen
    chunked=chunked,
  File "/home/airflow/.local/lib/python3.6/site-packages/urllib3/connectionpool.py", line 381, in _make_request
    self._validate_conn(conn)
  File "/home/airflow/.local/lib/python3.6/site-packages/urllib3/connectionpool.py", line 978, in _validate_conn
    conn.connect()
  File "/home/airflow/.local/lib/python3.6/site-packages/urllib3/connection.py", line 309, in connect
    conn = self._new_conn()
  File "/home/airflow/.local/lib/python3.6/site-packages/urllib3/connection.py", line 172, in _new_conn
    self, "Failed to establish a new connection: %s" % e
urllib3.exceptions.NewConnectionError: <urllib3.connection.HTTPSConnection object at 0x7fa938649208>: Failed to establish a new connection: [Errno -3] Temporary failure in name resolution

During handling of the above exception, another exception occurred:

Traceback (most recent call last):
  File "/home/airflow/.local/lib/python3.6/site-packages/requests/adapters.py", line 449, in send
    timeout=timeout
  File "/home/airflow/.local/lib/python3.6/site-packages/urllib3/connectionpool.py", line 727, in urlopen
    method, url, error=e, _pool=self, _stacktrace=sys.exc_info()[2]
  File "/home/airflow/.local/lib/python3.6/site-packages/urllib3/util/retry.py", line 446, in increment
    raise MaxRetryError(_pool, url, error or ResponseError(cause))
urllib3.exceptions.MaxRetryError: HTTPSConnectionPool(host='api.bing.microsoft.com', port=443): Max retries exceeded with url: /v7.0/images/search/?q=bulbasaur&offset=0&count=10 (Caused by NewConnectionError('<urllib3.connection.HTTPSConnection object at 0x7fa938649208>: Failed to establish a new connection: [Errno -3] Temporary failure in name resolution',))

During handling of the above exception, another exception occurred:

Traceback (most recent call last):
  File "/home/airflow/.local/lib/python3.6/site-packages/airflow/models/taskinstance.py", line 1112, in _run_raw_task
    self._prepare_and_execute_task_with_callbacks(context, task)
  File "/home/airflow/.local/lib/python3.6/site-packages/airflow/models/taskinstance.py", line 1285, in _prepare_and_execute_task_with_callbacks
    result = self._execute_task(context, task_copy)
  File "/home/airflow/.local/lib/python3.6/site-packages/airflow/models/taskinstance.py", line 1315, in _execute_task
    result = task_copy.execute(context=context)
  File "/home/airflow/.local/lib/python3.6/site-packages/airflow/operators/python.py", line 117, in execute
    return_value = self.execute_callable()
  File "/home/airflow/.local/lib/python3.6/site-packages/airflow/operators/python.py", line 128, in execute_callable
    return self.python_callable(*self.op_args, **self.op_kwargs)
  File "/opt/airflow/dags/bing_image_download.py", line 83, in bing_image_download
    search = requests.get(URL, headers=headers, params=params)
  File "/home/airflow/.local/lib/python3.6/site-packages/requests/api.py", line 76, in get
    return request('get', url, params=params, **kwargs)
  File "/home/airflow/.local/lib/python3.6/site-packages/requests/api.py", line 61, in request
    return session.request(method=method, url=url, **kwargs)
  File "/home/airflow/.local/lib/python3.6/site-packages/requests/sessions.py", line 542, in request
    resp = self.send(prep, **send_kwargs)
  File "/home/airflow/.local/lib/python3.6/site-packages/requests/sessions.py", line 655, in send
    r = adapter.send(request, **kwargs)
  File "/home/airflow/.local/lib/python3.6/site-packages/requests/adapters.py", line 516, in send
    raise ConnectionError(e, request=request)
requests.exceptions.ConnectionError: HTTPSConnectionPool(host='api.bing.microsoft.com', port=443): Max retries exceeded with url: /v7.0/images/search/?q=bulbasaur&offset=0&count=10 (Caused by NewConnectionError('<urllib3.connection.HTTPSConnection object at 0x7fa938649208>: Failed to establish a new connection: [Errno -3] Temporary failure in name resolution',))
[2022-01-25 13:43:45,519] {taskinstance.py:1503} INFO - Marking task as UP_FOR_RETRY. dag_id=bing_image_download, task_id=bing_image_download, execution_date=20220125T133936, start_date=20220125T133942, end_date=20220125T134345
[2022-01-25 13:43:45,592] {local_task_job.py:146} INFO - Task exited with return code 1
