[2021-12-24 11:11:42,989] {taskinstance.py:851} INFO - Dependencies all met for <TaskInstance: classification.check_data_exist 2021-12-24T11:06:07.235593+00:00 [queued]>
[2021-12-24 11:11:43,132] {taskinstance.py:851} INFO - Dependencies all met for <TaskInstance: classification.check_data_exist 2021-12-24T11:06:07.235593+00:00 [queued]>
[2021-12-24 11:11:43,135] {taskinstance.py:1042} INFO - 
--------------------------------------------------------------------------------
[2021-12-24 11:11:43,136] {taskinstance.py:1043} INFO - Starting attempt 1 of 2
[2021-12-24 11:11:43,138] {taskinstance.py:1044} INFO - 
--------------------------------------------------------------------------------
[2021-12-24 11:11:43,313] {taskinstance.py:1063} INFO - Executing <Task(BranchPythonOperator): check_data_exist> on 2021-12-24T11:06:07.235593+00:00
[2021-12-24 11:11:43,412] {standard_task_runner.py:52} INFO - Started process 45 to run task
[2021-12-24 11:11:43,571] {standard_task_runner.py:76} INFO - Running: ['airflow', 'tasks', 'run', 'classification', 'check_data_exist', '2021-12-24T11:06:07.235593+00:00', '--job-id', '143', '--pool', 'default_pool', '--raw', '--subdir', 'DAGS_FOLDER/classification.py', '--cfg-path', '/tmp/tmpnpmdxg0b', '--error-file', '/tmp/tmp5a0kdzdq']
[2021-12-24 11:11:43,702] {standard_task_runner.py:77} INFO - Job 143: Subtask check_data_exist
[2021-12-24 11:11:44,234] {logging_mixin.py:104} INFO - Running <TaskInstance: classification.check_data_exist 2021-12-24T11:06:07.235593+00:00 [running]> on host 89d4e2d4fc9f
[2021-12-24 11:11:44,545] {taskinstance.py:1257} INFO - Exporting the following env vars:
AIRFLOW_CTX_DAG_OWNER=airflow
AIRFLOW_CTX_DAG_ID=classification
AIRFLOW_CTX_TASK_ID=check_data_exist
AIRFLOW_CTX_EXECUTION_DATE=2021-12-24T11:06:07.235593+00:00
AIRFLOW_CTX_DAG_RUN_ID=scheduled__2021-12-24T11:06:07.235593+00:00
[2021-12-24 11:11:44,754] {logging_mixin.py:104} INFO - pikachu_0.jpeg
[2021-12-24 11:11:44,774] {logging_mixin.py:104} INFO - pikachu_1.png
[2021-12-24 11:11:44,806] {logging_mixin.py:104} INFO - pikachu_10.png
[2021-12-24 11:11:44,854] {logging_mixin.py:104} INFO - pikachu_11.jpeg
[2021-12-24 11:11:44,886] {logging_mixin.py:104} INFO - pikachu_12.jpeg
[2021-12-24 11:11:44,912] {logging_mixin.py:104} INFO - pikachu_13.png
[2021-12-24 11:11:44,939] {logging_mixin.py:104} INFO - pikachu_14.png
[2021-12-24 11:11:44,968] {logging_mixin.py:104} INFO - pikachu_2.jpeg
[2021-12-24 11:11:44,972] {logging_mixin.py:104} INFO - pikachu_3.png
[2021-12-24 11:11:44,975] {logging_mixin.py:104} INFO - pikachu_4.png
[2021-12-24 11:11:44,982] {logging_mixin.py:104} INFO - pikachu_5.jpeg
[2021-12-24 11:11:44,985] {logging_mixin.py:104} INFO - pikachu_6.jpeg
[2021-12-24 11:11:44,992] {logging_mixin.py:104} INFO - pikachu_7.png
[2021-12-24 11:11:45,016] {logging_mixin.py:104} INFO - pikachu_8.jpeg
[2021-12-24 11:11:45,047] {logging_mixin.py:104} INFO - pikachu_9.jpeg
[2021-12-24 11:11:45,071] {logging_mixin.py:104} INFO - --------------ti-----------------------
[2021-12-24 11:11:45,085] {logging_mixin.py:104} INFO - <TaskInstance: classification.check_data_exist 2021-12-24T11:06:07.235593+00:00 [running]>
[2021-12-24 11:11:45,106] {logging_mixin.py:104} INFO - ------------------------------
[2021-12-24 11:11:45,343] {python.py:118} INFO - Done. Returned value was: load_data
[2021-12-24 11:11:45,358] {skipmixin.py:124} INFO - Following branch load_data
[2021-12-24 11:11:45,404] {skipmixin.py:155} INFO - Skipping tasks []
[2021-12-24 11:11:45,897] {taskinstance.py:1166} INFO - Marking task as SUCCESS. dag_id=classification, task_id=check_data_exist, execution_date=20211224T110607, start_date=20211224T111143, end_date=20211224T111145
[2021-12-24 11:11:46,306] {taskinstance.py:1220} INFO - 1 downstream tasks scheduled from follow-on schedule check
[2021-12-24 11:11:46,553] {local_task_job.py:146} INFO - Task exited with return code 0
