[2022-01-25 11:22:32,021] {taskinstance.py:851} INFO - Dependencies all met for <TaskInstance: classification.check_data_exist 2022-01-25T11:17:24.583418+00:00 [queued]>
[2022-01-25 11:22:32,048] {taskinstance.py:851} INFO - Dependencies all met for <TaskInstance: classification.check_data_exist 2022-01-25T11:17:24.583418+00:00 [queued]>
[2022-01-25 11:22:32,049] {taskinstance.py:1042} INFO - 
--------------------------------------------------------------------------------
[2022-01-25 11:22:32,050] {taskinstance.py:1043} INFO - Starting attempt 1 of 2
[2022-01-25 11:22:32,050] {taskinstance.py:1044} INFO - 
--------------------------------------------------------------------------------
[2022-01-25 11:22:32,070] {taskinstance.py:1063} INFO - Executing <Task(BranchPythonOperator): check_data_exist> on 2022-01-25T11:17:24.583418+00:00
[2022-01-25 11:22:32,083] {standard_task_runner.py:52} INFO - Started process 8192 to run task
[2022-01-25 11:22:32,091] {standard_task_runner.py:76} INFO - Running: ['airflow', 'tasks', 'run', 'classification', 'check_data_exist', '2022-01-25T11:17:24.583418+00:00', '--job-id', '128', '--pool', 'default_pool', '--raw', '--subdir', 'DAGS_FOLDER/classification.py', '--cfg-path', '/tmp/tmppzhyiuo8', '--error-file', '/tmp/tmpclfub6cj']
[2022-01-25 11:22:32,096] {standard_task_runner.py:77} INFO - Job 128: Subtask check_data_exist
[2022-01-25 11:22:32,199] {logging_mixin.py:104} INFO - Running <TaskInstance: classification.check_data_exist 2022-01-25T11:17:24.583418+00:00 [running]> on host 54a54d544bf0
[2022-01-25 11:22:32,317] {taskinstance.py:1257} INFO - Exporting the following env vars:
AIRFLOW_CTX_DAG_OWNER=airflow
AIRFLOW_CTX_DAG_ID=classification
AIRFLOW_CTX_TASK_ID=check_data_exist
AIRFLOW_CTX_EXECUTION_DATE=2022-01-25T11:17:24.583418+00:00
AIRFLOW_CTX_DAG_RUN_ID=scheduled__2022-01-25T11:17:24.583418+00:00
[2022-01-25 11:22:33,088] {logging_mixin.py:104} INFO - pikachu_0.jpeg
[2022-01-25 11:22:33,096] {logging_mixin.py:104} INFO - pikachu_0.png
[2022-01-25 11:22:33,102] {logging_mixin.py:104} INFO - pikachu_1.jpeg
[2022-01-25 11:22:33,106] {logging_mixin.py:104} INFO - pikachu_1.png
[2022-01-25 11:22:33,109] {logging_mixin.py:104} INFO - pikachu_10.jpeg
[2022-01-25 11:22:33,118] {logging_mixin.py:104} INFO - pikachu_10.png
[2022-01-25 11:22:33,127] {logging_mixin.py:104} INFO - pikachu_100.jpeg
[2022-01-25 11:22:33,133] {logging_mixin.py:104} INFO - pikachu_101.jpeg
[2022-01-25 11:22:33,136] {logging_mixin.py:104} INFO - pikachu_102.jpeg
[2022-01-25 11:22:33,145] {logging_mixin.py:104} INFO - pikachu_103.jpeg
[2022-01-25 11:22:33,150] {logging_mixin.py:104} INFO - pikachu_104.jpeg
[2022-01-25 11:22:33,153] {logging_mixin.py:104} INFO - pikachu_105.jpeg
[2022-01-25 11:22:33,157] {logging_mixin.py:104} INFO - pikachu_106.jpeg
[2022-01-25 11:22:33,161] {logging_mixin.py:104} INFO - pikachu_107.jpeg
[2022-01-25 11:22:33,164] {logging_mixin.py:104} INFO - pikachu_108.jpeg
[2022-01-25 11:22:33,167] {logging_mixin.py:104} INFO - pikachu_109.jpeg
[2022-01-25 11:22:33,172] {logging_mixin.py:104} INFO - pikachu_11.jpeg
[2022-01-25 11:22:33,175] {logging_mixin.py:104} INFO - pikachu_110.jpeg
[2022-01-25 11:22:33,181] {logging_mixin.py:104} INFO - pikachu_111.jpeg
[2022-01-25 11:22:33,183] {logging_mixin.py:104} INFO - pikachu_112.jpeg
[2022-01-25 11:22:33,184] {logging_mixin.py:104} INFO - pikachu_113.jpeg
[2022-01-25 11:22:33,189] {logging_mixin.py:104} INFO - pikachu_114.jpeg
[2022-01-25 11:22:33,191] {logging_mixin.py:104} INFO - pikachu_114.png
[2022-01-25 11:22:33,197] {logging_mixin.py:104} INFO - pikachu_115.jpeg
[2022-01-25 11:22:33,204] {logging_mixin.py:104} INFO - pikachu_116.jpeg
[2022-01-25 11:22:33,209] {logging_mixin.py:104} INFO - pikachu_116.png
[2022-01-25 11:22:33,213] {logging_mixin.py:104} INFO - pikachu_117.jpeg
[2022-01-25 11:22:33,219] {logging_mixin.py:104} INFO - pikachu_118.jpeg
[2022-01-25 11:22:33,224] {logging_mixin.py:104} INFO - pikachu_119.jpeg
[2022-01-25 11:22:33,233] {logging_mixin.py:104} INFO - pikachu_12.jpeg
[2022-01-25 11:22:33,238] {logging_mixin.py:104} INFO - pikachu_120.jpeg
[2022-01-25 11:22:33,245] {logging_mixin.py:104} INFO - pikachu_121.jpeg
[2022-01-25 11:22:33,255] {logging_mixin.py:104} INFO - pikachu_122.jpeg
[2022-01-25 11:22:33,261] {logging_mixin.py:104} INFO - pikachu_123.jpeg
[2022-01-25 11:22:33,266] {logging_mixin.py:104} INFO - pikachu_124.jpeg
[2022-01-25 11:22:33,271] {logging_mixin.py:104} INFO - pikachu_125.jpeg
[2022-01-25 11:22:33,275] {logging_mixin.py:104} INFO - pikachu_126.jpeg
[2022-01-25 11:22:33,287] {logging_mixin.py:104} INFO - pikachu_127.jpeg
[2022-01-25 11:22:33,300] {logging_mixin.py:104} INFO - pikachu_128.jpeg
[2022-01-25 11:22:33,310] {logging_mixin.py:104} INFO - pikachu_129.jpeg
[2022-01-25 11:22:33,317] {logging_mixin.py:104} INFO - pikachu_13.jpeg
[2022-01-25 11:22:33,322] {logging_mixin.py:104} INFO - pikachu_130.jpeg
[2022-01-25 11:22:33,323] {logging_mixin.py:104} INFO - pikachu_131.jpeg
[2022-01-25 11:22:33,329] {logging_mixin.py:104} INFO - pikachu_132.jpeg
[2022-01-25 11:22:33,330] {logging_mixin.py:104} INFO - pikachu_132.png
[2022-01-25 11:22:33,339] {logging_mixin.py:104} INFO - pikachu_133.jpeg
[2022-01-25 11:22:33,340] {logging_mixin.py:104} INFO - pikachu_134.jpeg
[2022-01-25 11:22:33,345] {logging_mixin.py:104} INFO - pikachu_134.png
[2022-01-25 11:22:33,347] {logging_mixin.py:104} INFO - pikachu_135.jpeg
[2022-01-25 11:22:33,350] {logging_mixin.py:104} INFO - pikachu_136.jpeg
[2022-01-25 11:22:33,351] {logging_mixin.py:104} INFO - pikachu_137.jpeg
[2022-01-25 11:22:33,365] {logging_mixin.py:104} INFO - pikachu_137.png
[2022-01-25 11:22:33,374] {logging_mixin.py:104} INFO - pikachu_138.jpeg
[2022-01-25 11:22:33,383] {logging_mixin.py:104} INFO - pikachu_138.png
[2022-01-25 11:22:33,395] {logging_mixin.py:104} INFO - pikachu_139.jpeg
[2022-01-25 11:22:33,404] {logging_mixin.py:104} INFO - pikachu_14.jpeg
[2022-01-25 11:22:33,406] {logging_mixin.py:104} INFO - pikachu_14.png
[2022-01-25 11:22:33,411] {logging_mixin.py:104} INFO - pikachu_140.jpeg
[2022-01-25 11:22:33,413] {logging_mixin.py:104} INFO - pikachu_140.png
[2022-01-25 11:22:33,416] {logging_mixin.py:104} INFO - pikachu_141.jpeg
[2022-01-25 11:22:33,417] {logging_mixin.py:104} INFO - pikachu_141.png
[2022-01-25 11:22:33,418] {logging_mixin.py:104} INFO - pikachu_142.jpeg
[2022-01-25 11:22:33,421] {logging_mixin.py:104} INFO - pikachu_142.png
[2022-01-25 11:22:33,424] {logging_mixin.py:104} INFO - pikachu_143.jpeg
[2022-01-25 11:22:33,433] {logging_mixin.py:104} INFO - pikachu_143.png
[2022-01-25 11:22:33,437] {logging_mixin.py:104} INFO - pikachu_144.jpeg
[2022-01-25 11:22:33,438] {logging_mixin.py:104} INFO - pikachu_144.png
[2022-01-25 11:22:33,440] {logging_mixin.py:104} INFO - pikachu_145.jpeg
[2022-01-25 11:22:33,446] {logging_mixin.py:104} INFO - pikachu_145.png
[2022-01-25 11:22:33,450] {logging_mixin.py:104} INFO - pikachu_146.jpeg
[2022-01-25 11:22:33,451] {logging_mixin.py:104} INFO - pikachu_147.jpeg
[2022-01-25 11:22:33,452] {logging_mixin.py:104} INFO - pikachu_148.jpeg
[2022-01-25 11:22:33,453] {logging_mixin.py:104} INFO - pikachu_149.jpeg
[2022-01-25 11:22:33,454] {logging_mixin.py:104} INFO - pikachu_149.png
[2022-01-25 11:22:33,455] {logging_mixin.py:104} INFO - pikachu_15.jpeg
[2022-01-25 11:22:33,467] {logging_mixin.py:104} INFO - pikachu_15.png
[2022-01-25 11:22:33,468] {logging_mixin.py:104} INFO - pikachu_150.jpeg
[2022-01-25 11:22:33,469] {logging_mixin.py:104} INFO - pikachu_151.jpeg
[2022-01-25 11:22:33,471] {logging_mixin.py:104} INFO - pikachu_152.jpeg
[2022-01-25 11:22:33,473] {logging_mixin.py:104} INFO - pikachu_153.png
[2022-01-25 11:22:33,474] {logging_mixin.py:104} INFO - pikachu_154.jpeg
[2022-01-25 11:22:33,476] {logging_mixin.py:104} INFO - pikachu_155.jpeg
[2022-01-25 11:22:33,476] {logging_mixin.py:104} INFO - pikachu_156.jpeg
[2022-01-25 11:22:33,477] {logging_mixin.py:104} INFO - pikachu_157.jpeg
[2022-01-25 11:22:33,477] {logging_mixin.py:104} INFO - pikachu_158.jpeg
[2022-01-25 11:22:33,478] {logging_mixin.py:104} INFO - pikachu_159.jpeg
[2022-01-25 11:22:33,478] {logging_mixin.py:104} INFO - pikachu_16.jpeg
[2022-01-25 11:22:33,478] {logging_mixin.py:104} INFO - pikachu_16.png
[2022-01-25 11:22:33,479] {logging_mixin.py:104} INFO - pikachu_160.jpeg
[2022-01-25 11:22:33,486] {logging_mixin.py:104} INFO - pikachu_160.png
[2022-01-25 11:22:33,491] {logging_mixin.py:104} INFO - pikachu_161.jpeg
[2022-01-25 11:22:33,493] {logging_mixin.py:104} INFO - pikachu_162.png
[2022-01-25 11:22:33,499] {logging_mixin.py:104} INFO - pikachu_163.jpeg
[2022-01-25 11:22:33,508] {logging_mixin.py:104} INFO - pikachu_164.jpeg
[2022-01-25 11:22:33,513] {logging_mixin.py:104} INFO - pikachu_165.jpeg
[2022-01-25 11:22:33,514] {logging_mixin.py:104} INFO - pikachu_166.jpeg
[2022-01-25 11:22:33,514] {logging_mixin.py:104} INFO - pikachu_167.jpeg
[2022-01-25 11:22:33,515] {logging_mixin.py:104} INFO - pikachu_168.jpeg
[2022-01-25 11:22:33,515] {logging_mixin.py:104} INFO - pikachu_168.png
[2022-01-25 11:22:33,516] {logging_mixin.py:104} INFO - pikachu_169.jpeg
[2022-01-25 11:22:33,516] {logging_mixin.py:104} INFO - pikachu_17.jpeg
[2022-01-25 11:22:33,516] {logging_mixin.py:104} INFO - pikachu_17.png
[2022-01-25 11:22:33,517] {logging_mixin.py:104} INFO - pikachu_170.jpeg
[2022-01-25 11:22:33,517] {logging_mixin.py:104} INFO - pikachu_171.jpeg
[2022-01-25 11:22:33,523] {logging_mixin.py:104} INFO - pikachu_172.jpeg
[2022-01-25 11:22:33,535] {logging_mixin.py:104} INFO - pikachu_173.png
[2022-01-25 11:22:33,537] {logging_mixin.py:104} INFO - pikachu_174.jpeg
[2022-01-25 11:22:33,538] {logging_mixin.py:104} INFO - pikachu_175.jpeg
[2022-01-25 11:22:33,547] {logging_mixin.py:104} INFO - pikachu_176.jpeg
[2022-01-25 11:22:33,555] {logging_mixin.py:104} INFO - pikachu_177.jpeg
[2022-01-25 11:22:33,593] {logging_mixin.py:104} INFO - pikachu_178.jpeg
[2022-01-25 11:22:33,606] {logging_mixin.py:104} INFO - pikachu_179.jpeg
[2022-01-25 11:22:33,608] {logging_mixin.py:104} INFO - pikachu_18.jpeg
[2022-01-25 11:22:33,623] {logging_mixin.py:104} INFO - pikachu_18.png
[2022-01-25 11:22:33,628] {logging_mixin.py:104} INFO - pikachu_180.jpeg
[2022-01-25 11:22:33,634] {logging_mixin.py:104} INFO - pikachu_181.png
[2022-01-25 11:22:33,640] {logging_mixin.py:104} INFO - pikachu_182.jpeg
[2022-01-25 11:22:33,646] {logging_mixin.py:104} INFO - pikachu_183.jpeg
[2022-01-25 11:22:33,654] {logging_mixin.py:104} INFO - pikachu_184.jpeg
[2022-01-25 11:22:33,662] {logging_mixin.py:104} INFO - pikachu_185.jpeg
[2022-01-25 11:22:33,664] {logging_mixin.py:104} INFO - pikachu_186.jpeg
[2022-01-25 11:22:33,665] {logging_mixin.py:104} INFO - pikachu_186.png
[2022-01-25 11:22:33,666] {logging_mixin.py:104} INFO - pikachu_187.jpeg
[2022-01-25 11:22:33,666] {logging_mixin.py:104} INFO - pikachu_188.jpeg
[2022-01-25 11:22:33,667] {logging_mixin.py:104} INFO - pikachu_189.jpeg
[2022-01-25 11:22:33,667] {logging_mixin.py:104} INFO - pikachu_19.jpeg
[2022-01-25 11:22:33,668] {logging_mixin.py:104} INFO - pikachu_19.png
[2022-01-25 11:22:33,669] {logging_mixin.py:104} INFO - pikachu_190.jpeg
[2022-01-25 11:22:33,676] {logging_mixin.py:104} INFO - pikachu_190.png
[2022-01-25 11:22:33,685] {logging_mixin.py:104} INFO - pikachu_191.jpeg
[2022-01-25 11:22:33,696] {logging_mixin.py:104} INFO - pikachu_192.jpeg
[2022-01-25 11:22:33,699] {logging_mixin.py:104} INFO - pikachu_193.jpeg
[2022-01-25 11:22:33,700] {logging_mixin.py:104} INFO - pikachu_194.jpeg
[2022-01-25 11:22:33,707] {logging_mixin.py:104} INFO - pikachu_195.png
[2022-01-25 11:22:33,712] {logging_mixin.py:104} INFO - pikachu_196.jpeg
[2022-01-25 11:22:33,715] {logging_mixin.py:104} INFO - pikachu_197.jpeg
[2022-01-25 11:22:33,719] {logging_mixin.py:104} INFO - pikachu_198.jpeg
[2022-01-25 11:22:33,723] {logging_mixin.py:104} INFO - pikachu_199.jpeg
[2022-01-25 11:22:33,728] {logging_mixin.py:104} INFO - pikachu_2.png
[2022-01-25 11:22:33,729] {logging_mixin.py:104} INFO - pikachu_20.jpeg
[2022-01-25 11:22:33,730] {logging_mixin.py:104} INFO - pikachu_20.png
[2022-01-25 11:22:33,734] {logging_mixin.py:104} INFO - pikachu_200.jpeg
[2022-01-25 11:22:33,739] {logging_mixin.py:104} INFO - pikachu_200.png
[2022-01-25 11:22:33,742] {logging_mixin.py:104} INFO - pikachu_201.jpeg
[2022-01-25 11:22:33,743] {logging_mixin.py:104} INFO - pikachu_201.png
[2022-01-25 11:22:33,743] {logging_mixin.py:104} INFO - pikachu_202.jpeg
[2022-01-25 11:22:33,755] {logging_mixin.py:104} INFO - pikachu_203.jpeg
[2022-01-25 11:22:33,758] {logging_mixin.py:104} INFO - pikachu_204.jpeg
[2022-01-25 11:22:33,759] {logging_mixin.py:104} INFO - pikachu_205.jpeg
[2022-01-25 11:22:33,767] {logging_mixin.py:104} INFO - pikachu_206.jpeg
[2022-01-25 11:22:33,775] {logging_mixin.py:104} INFO - pikachu_207.jpeg
[2022-01-25 11:22:33,776] {logging_mixin.py:104} INFO - pikachu_208.jpeg
[2022-01-25 11:22:33,778] {logging_mixin.py:104} INFO - pikachu_209.jpeg
[2022-01-25 11:22:33,779] {logging_mixin.py:104} INFO - pikachu_21.jpeg
[2022-01-25 11:22:33,783] {logging_mixin.py:104} INFO - pikachu_21.png
[2022-01-25 11:22:33,794] {logging_mixin.py:104} INFO - pikachu_210.jpeg
[2022-01-25 11:22:33,796] {logging_mixin.py:104} INFO - pikachu_211.jpeg
[2022-01-25 11:22:33,797] {logging_mixin.py:104} INFO - pikachu_212.jpeg
[2022-01-25 11:22:33,805] {logging_mixin.py:104} INFO - pikachu_212.png
[2022-01-25 11:22:33,811] {logging_mixin.py:104} INFO - pikachu_213.jpeg
[2022-01-25 11:22:33,814] {logging_mixin.py:104} INFO - pikachu_213.png
[2022-01-25 11:22:33,815] {logging_mixin.py:104} INFO - pikachu_214.jpeg
[2022-01-25 11:22:33,815] {logging_mixin.py:104} INFO - pikachu_215.jpeg
[2022-01-25 11:22:33,819] {logging_mixin.py:104} INFO - pikachu_216.jpeg
[2022-01-25 11:22:33,828] {logging_mixin.py:104} INFO - pikachu_217.jpeg
[2022-01-25 11:22:33,830] {logging_mixin.py:104} INFO - pikachu_218.jpeg
[2022-01-25 11:22:33,832] {logging_mixin.py:104} INFO - pikachu_219.jpeg
[2022-01-25 11:22:33,833] {logging_mixin.py:104} INFO - pikachu_22.jpeg
[2022-01-25 11:22:33,834] {logging_mixin.py:104} INFO - pikachu_220.jpeg
[2022-01-25 11:22:33,836] {logging_mixin.py:104} INFO - pikachu_220.png
[2022-01-25 11:22:33,851] {logging_mixin.py:104} INFO - pikachu_221.jpeg
[2022-01-25 11:22:33,853] {logging_mixin.py:104} INFO - pikachu_222.jpeg
[2022-01-25 11:22:33,854] {logging_mixin.py:104} INFO - pikachu_223.jpeg
[2022-01-25 11:22:33,859] {logging_mixin.py:104} INFO - pikachu_224.jpeg
[2022-01-25 11:22:33,867] {logging_mixin.py:104} INFO - pikachu_225.jpeg
[2022-01-25 11:22:33,871] {logging_mixin.py:104} INFO - pikachu_226.jpeg
[2022-01-25 11:22:33,873] {logging_mixin.py:104} INFO - pikachu_226.png
[2022-01-25 11:22:33,874] {logging_mixin.py:104} INFO - pikachu_227.jpeg
[2022-01-25 11:22:33,875] {logging_mixin.py:104} INFO - pikachu_228.jpeg
[2022-01-25 11:22:33,877] {logging_mixin.py:104} INFO - pikachu_229.jpeg
[2022-01-25 11:22:33,878] {logging_mixin.py:104} INFO - pikachu_23.jpeg
[2022-01-25 11:22:33,893] {logging_mixin.py:104} INFO - pikachu_230.jpeg
[2022-01-25 11:22:33,893] {logging_mixin.py:104} INFO - pikachu_230.png
[2022-01-25 11:22:33,900] {logging_mixin.py:104} INFO - pikachu_231.jpeg
[2022-01-25 11:22:33,906] {logging_mixin.py:104} INFO - pikachu_232.jpeg
[2022-01-25 11:22:33,906] {logging_mixin.py:104} INFO - pikachu_233.jpeg
[2022-01-25 11:22:33,907] {logging_mixin.py:104} INFO - pikachu_234.jpeg
[2022-01-25 11:22:33,908] {logging_mixin.py:104} INFO - pikachu_234.png
[2022-01-25 11:22:33,909] {logging_mixin.py:104} INFO - pikachu_235.jpeg
[2022-01-25 11:22:33,909] {logging_mixin.py:104} INFO - pikachu_236.jpeg
[2022-01-25 11:22:33,922] {logging_mixin.py:104} INFO - pikachu_237.jpeg
[2022-01-25 11:22:33,923] {logging_mixin.py:104} INFO - pikachu_238.jpeg
[2022-01-25 11:22:33,924] {logging_mixin.py:104} INFO - pikachu_239.jpeg
[2022-01-25 11:22:33,925] {logging_mixin.py:104} INFO - pikachu_239.png
[2022-01-25 11:22:33,925] {logging_mixin.py:104} INFO - pikachu_24.jpeg
[2022-01-25 11:22:33,926] {logging_mixin.py:104} INFO - pikachu_240.jpeg
[2022-01-25 11:22:33,926] {logging_mixin.py:104} INFO - pikachu_241.jpeg
[2022-01-25 11:22:33,928] {logging_mixin.py:104} INFO - pikachu_241.png
[2022-01-25 11:22:33,929] {logging_mixin.py:104} INFO - pikachu_242.jpeg
[2022-01-25 11:22:33,929] {logging_mixin.py:104} INFO - pikachu_242.png
[2022-01-25 11:22:33,933] {logging_mixin.py:104} INFO - pikachu_243.jpeg
[2022-01-25 11:22:33,937] {logging_mixin.py:104} INFO - pikachu_243.png
[2022-01-25 11:22:33,937] {logging_mixin.py:104} INFO - pikachu_244.png
[2022-01-25 11:22:33,940] {logging_mixin.py:104} INFO - pikachu_245.jpeg
[2022-01-25 11:22:33,946] {logging_mixin.py:104} INFO - pikachu_246.jpeg
[2022-01-25 11:22:33,949] {logging_mixin.py:104} INFO - pikachu_247.jpeg
[2022-01-25 11:22:33,955] {logging_mixin.py:104} INFO - pikachu_248.jpeg
[2022-01-25 11:22:33,960] {logging_mixin.py:104} INFO - pikachu_248.png
[2022-01-25 11:22:33,962] {logging_mixin.py:104} INFO - pikachu_249.jpeg
[2022-01-25 11:22:33,964] {logging_mixin.py:104} INFO - pikachu_249.png
[2022-01-25 11:22:33,966] {logging_mixin.py:104} INFO - pikachu_25.jpeg
[2022-01-25 11:22:33,971] {logging_mixin.py:104} INFO - pikachu_25.png
[2022-01-25 11:22:33,980] {logging_mixin.py:104} INFO - pikachu_250.jpeg
[2022-01-25 11:22:33,980] {logging_mixin.py:104} INFO - pikachu_251.jpeg
[2022-01-25 11:22:33,981] {logging_mixin.py:104} INFO - pikachu_252.jpeg
[2022-01-25 11:22:33,982] {logging_mixin.py:104} INFO - pikachu_253.jpeg
[2022-01-25 11:22:33,983] {logging_mixin.py:104} INFO - pikachu_254.jpeg
[2022-01-25 11:22:33,985] {logging_mixin.py:104} INFO - pikachu_255.jpeg
[2022-01-25 11:22:33,988] {logging_mixin.py:104} INFO - pikachu_256.jpeg
[2022-01-25 11:22:33,989] {logging_mixin.py:104} INFO - pikachu_257.jpeg
[2022-01-25 11:22:33,993] {logging_mixin.py:104} INFO - pikachu_258.jpeg
[2022-01-25 11:22:33,996] {logging_mixin.py:104} INFO - pikachu_259.jpeg
[2022-01-25 11:22:33,997] {logging_mixin.py:104} INFO - pikachu_259.png
[2022-01-25 11:22:33,998] {logging_mixin.py:104} INFO - pikachu_26.jpeg
[2022-01-25 11:22:33,999] {logging_mixin.py:104} INFO - pikachu_26.png
[2022-01-25 11:22:34,001] {logging_mixin.py:104} INFO - pikachu_260.jpeg
[2022-01-25 11:22:34,010] {logging_mixin.py:104} INFO - pikachu_260.png
[2022-01-25 11:22:34,014] {logging_mixin.py:104} INFO - pikachu_261.jpeg
[2022-01-25 11:22:34,016] {logging_mixin.py:104} INFO - pikachu_262.jpeg
[2022-01-25 11:22:34,024] {logging_mixin.py:104} INFO - pikachu_263.jpeg
[2022-01-25 11:22:34,032] {logging_mixin.py:104} INFO - pikachu_263.png
[2022-01-25 11:22:34,035] {logging_mixin.py:104} INFO - pikachu_264.jpeg
[2022-01-25 11:22:34,039] {logging_mixin.py:104} INFO - pikachu_264.png
[2022-01-25 11:22:34,046] {logging_mixin.py:104} INFO - pikachu_265.jpeg
[2022-01-25 11:22:34,047] {logging_mixin.py:104} INFO - pikachu_266.jpeg
[2022-01-25 11:22:34,048] {logging_mixin.py:104} INFO - pikachu_266.png
[2022-01-25 11:22:34,059] {logging_mixin.py:104} INFO - pikachu_267.jpeg
[2022-01-25 11:22:34,063] {logging_mixin.py:104} INFO - pikachu_268.jpeg
[2022-01-25 11:22:34,065] {logging_mixin.py:104} INFO - pikachu_268.png
[2022-01-25 11:22:34,070] {logging_mixin.py:104} INFO - pikachu_269.jpeg
[2022-01-25 11:22:34,075] {logging_mixin.py:104} INFO - pikachu_269.png
[2022-01-25 11:22:34,080] {logging_mixin.py:104} INFO - pikachu_27.jpeg
[2022-01-25 11:22:34,082] {logging_mixin.py:104} INFO - pikachu_27.png
[2022-01-25 11:22:34,084] {logging_mixin.py:104} INFO - pikachu_270.jpeg
[2022-01-25 11:22:34,085] {logging_mixin.py:104} INFO - pikachu_271.jpeg
[2022-01-25 11:22:34,086] {logging_mixin.py:104} INFO - pikachu_272.jpeg
[2022-01-25 11:22:34,087] {logging_mixin.py:104} INFO - pikachu_273.jpeg
[2022-01-25 11:22:34,088] {logging_mixin.py:104} INFO - pikachu_274.jpeg
[2022-01-25 11:22:34,089] {logging_mixin.py:104} INFO - pikachu_275.jpeg
[2022-01-25 11:22:34,090] {logging_mixin.py:104} INFO - pikachu_276.jpeg
[2022-01-25 11:22:34,090] {logging_mixin.py:104} INFO - pikachu_276.png
[2022-01-25 11:22:34,091] {logging_mixin.py:104} INFO - pikachu_277.jpeg
[2022-01-25 11:22:34,093] {logging_mixin.py:104} INFO - pikachu_277.png
[2022-01-25 11:22:34,093] {logging_mixin.py:104} INFO - pikachu_278.jpeg
[2022-01-25 11:22:34,094] {logging_mixin.py:104} INFO - pikachu_279.jpeg
[2022-01-25 11:22:34,095] {logging_mixin.py:104} INFO - pikachu_279.png
[2022-01-25 11:22:34,095] {logging_mixin.py:104} INFO - pikachu_28.jpeg
[2022-01-25 11:22:34,096] {logging_mixin.py:104} INFO - pikachu_28.png
[2022-01-25 11:22:34,097] {logging_mixin.py:104} INFO - pikachu_280.jpeg
[2022-01-25 11:22:34,098] {logging_mixin.py:104} INFO - pikachu_281.jpeg
[2022-01-25 11:22:34,098] {logging_mixin.py:104} INFO - pikachu_282.jpeg
[2022-01-25 11:22:34,099] {logging_mixin.py:104} INFO - pikachu_283.jpeg
[2022-01-25 11:22:34,104] {logging_mixin.py:104} INFO - pikachu_284.jpeg
[2022-01-25 11:22:34,105] {logging_mixin.py:104} INFO - pikachu_285.jpeg
[2022-01-25 11:22:34,106] {logging_mixin.py:104} INFO - pikachu_285.png
[2022-01-25 11:22:34,108] {logging_mixin.py:104} INFO - pikachu_286.jpeg
[2022-01-25 11:22:34,109] {logging_mixin.py:104} INFO - pikachu_287.jpeg
[2022-01-25 11:22:34,109] {logging_mixin.py:104} INFO - pikachu_288.jpeg
[2022-01-25 11:22:34,110] {logging_mixin.py:104} INFO - pikachu_289.jpeg
[2022-01-25 11:22:34,110] {logging_mixin.py:104} INFO - pikachu_289.png
[2022-01-25 11:22:34,111] {logging_mixin.py:104} INFO - pikachu_29.jpeg
[2022-01-25 11:22:34,113] {logging_mixin.py:104} INFO - pikachu_29.png
[2022-01-25 11:22:34,114] {logging_mixin.py:104} INFO - pikachu_290.jpeg
[2022-01-25 11:22:34,117] {logging_mixin.py:104} INFO - pikachu_291.jpeg
[2022-01-25 11:22:34,118] {logging_mixin.py:104} INFO - pikachu_292.png
[2022-01-25 11:22:34,120] {logging_mixin.py:104} INFO - pikachu_293.png
[2022-01-25 11:22:34,123] {logging_mixin.py:104} INFO - pikachu_294.jpeg
[2022-01-25 11:22:34,125] {logging_mixin.py:104} INFO - pikachu_295.jpeg
[2022-01-25 11:22:34,126] {logging_mixin.py:104} INFO - pikachu_296.jpeg
[2022-01-25 11:22:34,127] {logging_mixin.py:104} INFO - pikachu_297.png
[2022-01-25 11:22:34,127] {logging_mixin.py:104} INFO - pikachu_298.jpeg
[2022-01-25 11:22:34,128] {logging_mixin.py:104} INFO - pikachu_299.jpeg
[2022-01-25 11:22:34,136] {logging_mixin.py:104} INFO - pikachu_3.png
[2022-01-25 11:22:34,138] {logging_mixin.py:104} INFO - pikachu_30.jpeg
[2022-01-25 11:22:34,140] {logging_mixin.py:104} INFO - pikachu_30.png
[2022-01-25 11:22:34,141] {logging_mixin.py:104} INFO - pikachu_300.jpeg
[2022-01-25 11:22:34,143] {logging_mixin.py:104} INFO - pikachu_301.jpeg
[2022-01-25 11:22:34,144] {logging_mixin.py:104} INFO - pikachu_302.jpeg
[2022-01-25 11:22:34,146] {logging_mixin.py:104} INFO - pikachu_303.jpeg
[2022-01-25 11:22:34,146] {logging_mixin.py:104} INFO - pikachu_304.jpeg
[2022-01-25 11:22:34,147] {logging_mixin.py:104} INFO - pikachu_305.jpeg
[2022-01-25 11:22:34,147] {logging_mixin.py:104} INFO - pikachu_306.jpeg
[2022-01-25 11:22:34,147] {logging_mixin.py:104} INFO - pikachu_307.jpeg
[2022-01-25 11:22:34,148] {logging_mixin.py:104} INFO - pikachu_308.jpeg
[2022-01-25 11:22:34,149] {logging_mixin.py:104} INFO - pikachu_309.jpeg
[2022-01-25 11:22:34,149] {logging_mixin.py:104} INFO - pikachu_31.jpeg
[2022-01-25 11:22:34,150] {logging_mixin.py:104} INFO - pikachu_310.jpeg
[2022-01-25 11:22:34,150] {logging_mixin.py:104} INFO - pikachu_311.jpeg
[2022-01-25 11:22:34,151] {logging_mixin.py:104} INFO - pikachu_312.png
[2022-01-25 11:22:34,153] {logging_mixin.py:104} INFO - pikachu_313.jpeg
[2022-01-25 11:22:34,154] {logging_mixin.py:104} INFO - pikachu_314.jpeg
[2022-01-25 11:22:34,155] {logging_mixin.py:104} INFO - pikachu_315.jpeg
[2022-01-25 11:22:34,155] {logging_mixin.py:104} INFO - pikachu_316.jpeg
[2022-01-25 11:22:34,156] {logging_mixin.py:104} INFO - pikachu_317.jpeg
[2022-01-25 11:22:34,156] {logging_mixin.py:104} INFO - pikachu_318.jpeg
[2022-01-25 11:22:34,157] {logging_mixin.py:104} INFO - pikachu_319.jpeg
[2022-01-25 11:22:34,158] {logging_mixin.py:104} INFO - pikachu_32.jpeg
[2022-01-25 11:22:34,159] {logging_mixin.py:104} INFO - pikachu_32.png
[2022-01-25 11:22:34,159] {logging_mixin.py:104} INFO - pikachu_320.jpeg
[2022-01-25 11:22:34,160] {logging_mixin.py:104} INFO - pikachu_321.jpeg
[2022-01-25 11:22:34,160] {logging_mixin.py:104} INFO - pikachu_322.jpeg
[2022-01-25 11:22:34,161] {logging_mixin.py:104} INFO - pikachu_323.jpeg
[2022-01-25 11:22:34,161] {logging_mixin.py:104} INFO - pikachu_324.png
[2022-01-25 11:22:34,163] {logging_mixin.py:104} INFO - pikachu_326.jpeg
[2022-01-25 11:22:34,164] {logging_mixin.py:104} INFO - pikachu_327.jpeg
[2022-01-25 11:22:34,165] {logging_mixin.py:104} INFO - pikachu_328.jpeg
[2022-01-25 11:22:34,165] {logging_mixin.py:104} INFO - pikachu_329.jpeg
[2022-01-25 11:22:34,167] {logging_mixin.py:104} INFO - pikachu_33.jpeg
[2022-01-25 11:22:34,169] {logging_mixin.py:104} INFO - pikachu_33.png
[2022-01-25 11:22:34,171] {logging_mixin.py:104} INFO - pikachu_330.jpeg
[2022-01-25 11:22:34,177] {logging_mixin.py:104} INFO - pikachu_331.jpeg
[2022-01-25 11:22:34,178] {logging_mixin.py:104} INFO - pikachu_332.jpeg
[2022-01-25 11:22:34,180] {logging_mixin.py:104} INFO - pikachu_333.jpeg
[2022-01-25 11:22:34,181] {logging_mixin.py:104} INFO - pikachu_334.jpeg
[2022-01-25 11:22:34,182] {logging_mixin.py:104} INFO - pikachu_335.jpeg
[2022-01-25 11:22:34,183] {logging_mixin.py:104} INFO - pikachu_336.jpeg
[2022-01-25 11:22:34,184] {logging_mixin.py:104} INFO - pikachu_337.jpeg
[2022-01-25 11:22:34,184] {logging_mixin.py:104} INFO - pikachu_338.jpeg
[2022-01-25 11:22:34,185] {logging_mixin.py:104} INFO - pikachu_34.jpeg
[2022-01-25 11:22:34,186] {logging_mixin.py:104} INFO - pikachu_34.png
[2022-01-25 11:22:34,186] {logging_mixin.py:104} INFO - pikachu_35.jpeg
[2022-01-25 11:22:34,187] {logging_mixin.py:104} INFO - pikachu_35.png
[2022-01-25 11:22:34,187] {logging_mixin.py:104} INFO - pikachu_36.jpeg
[2022-01-25 11:22:34,188] {logging_mixin.py:104} INFO - pikachu_37.jpeg
[2022-01-25 11:22:34,189] {logging_mixin.py:104} INFO - pikachu_38.jpeg
[2022-01-25 11:22:34,189] {logging_mixin.py:104} INFO - pikachu_39.jpeg
[2022-01-25 11:22:34,190] {logging_mixin.py:104} INFO - pikachu_4.jpeg
[2022-01-25 11:22:34,190] {logging_mixin.py:104} INFO - pikachu_4.png
[2022-01-25 11:22:34,191] {logging_mixin.py:104} INFO - pikachu_40.jpeg
[2022-01-25 11:22:34,191] {logging_mixin.py:104} INFO - pikachu_41.jpeg
[2022-01-25 11:22:34,192] {logging_mixin.py:104} INFO - pikachu_42.jpeg
[2022-01-25 11:22:34,193] {logging_mixin.py:104} INFO - pikachu_43.jpeg
[2022-01-25 11:22:34,193] {logging_mixin.py:104} INFO - pikachu_44.jpeg
[2022-01-25 11:22:34,194] {logging_mixin.py:104} INFO - pikachu_45.jpeg
[2022-01-25 11:22:34,195] {logging_mixin.py:104} INFO - pikachu_45.png
[2022-01-25 11:22:34,196] {logging_mixin.py:104} INFO - pikachu_46.jpeg
[2022-01-25 11:22:34,196] {logging_mixin.py:104} INFO - pikachu_47.jpeg
[2022-01-25 11:22:34,197] {logging_mixin.py:104} INFO - pikachu_47.png
[2022-01-25 11:22:34,197] {logging_mixin.py:104} INFO - pikachu_48.jpeg
[2022-01-25 11:22:34,197] {logging_mixin.py:104} INFO - pikachu_48.png
[2022-01-25 11:22:34,198] {logging_mixin.py:104} INFO - pikachu_49.jpeg
[2022-01-25 11:22:34,199] {logging_mixin.py:104} INFO - pikachu_5.jpeg
[2022-01-25 11:22:34,199] {logging_mixin.py:104} INFO - pikachu_5.png
[2022-01-25 11:22:34,199] {logging_mixin.py:104} INFO - pikachu_50.jpeg
[2022-01-25 11:22:34,200] {logging_mixin.py:104} INFO - pikachu_50.png
[2022-01-25 11:22:34,200] {logging_mixin.py:104} INFO - pikachu_51.jpeg
[2022-01-25 11:22:34,200] {logging_mixin.py:104} INFO - pikachu_51.png
[2022-01-25 11:22:34,201] {logging_mixin.py:104} INFO - pikachu_52.jpeg
[2022-01-25 11:22:34,203] {logging_mixin.py:104} INFO - pikachu_52.png
[2022-01-25 11:22:34,204] {logging_mixin.py:104} INFO - pikachu_53.jpeg
[2022-01-25 11:22:34,205] {logging_mixin.py:104} INFO - pikachu_53.png
[2022-01-25 11:22:34,206] {logging_mixin.py:104} INFO - pikachu_54.jpeg
[2022-01-25 11:22:34,206] {logging_mixin.py:104} INFO - pikachu_54.png
[2022-01-25 11:22:34,207] {logging_mixin.py:104} INFO - pikachu_55.jpeg
[2022-01-25 11:22:34,207] {logging_mixin.py:104} INFO - pikachu_55.png
[2022-01-25 11:22:34,208] {logging_mixin.py:104} INFO - pikachu_56.jpeg
[2022-01-25 11:22:34,209] {logging_mixin.py:104} INFO - pikachu_56.png
[2022-01-25 11:22:34,210] {logging_mixin.py:104} INFO - pikachu_57.jpeg
[2022-01-25 11:22:34,210] {logging_mixin.py:104} INFO - pikachu_58.jpeg
[2022-01-25 11:22:34,211] {logging_mixin.py:104} INFO - pikachu_59.jpeg
[2022-01-25 11:22:34,213] {logging_mixin.py:104} INFO - pikachu_59.png
[2022-01-25 11:22:34,213] {logging_mixin.py:104} INFO - pikachu_6.jpeg
[2022-01-25 11:22:34,214] {logging_mixin.py:104} INFO - pikachu_60.jpeg
[2022-01-25 11:22:34,214] {logging_mixin.py:104} INFO - pikachu_60.png
[2022-01-25 11:22:34,215] {logging_mixin.py:104} INFO - pikachu_61.jpeg
[2022-01-25 11:22:34,215] {logging_mixin.py:104} INFO - pikachu_61.png
[2022-01-25 11:22:34,216] {logging_mixin.py:104} INFO - pikachu_62.jpeg
[2022-01-25 11:22:34,216] {logging_mixin.py:104} INFO - pikachu_63.jpeg
[2022-01-25 11:22:34,217] {logging_mixin.py:104} INFO - pikachu_64.jpeg
[2022-01-25 11:22:34,217] {logging_mixin.py:104} INFO - pikachu_65.jpeg
[2022-01-25 11:22:34,219] {logging_mixin.py:104} INFO - pikachu_66.jpeg
[2022-01-25 11:22:34,220] {logging_mixin.py:104} INFO - pikachu_67.jpeg
[2022-01-25 11:22:34,220] {logging_mixin.py:104} INFO - pikachu_68.jpeg
[2022-01-25 11:22:34,221] {logging_mixin.py:104} INFO - pikachu_69.jpeg
[2022-01-25 11:22:34,222] {logging_mixin.py:104} INFO - pikachu_7.png
[2022-01-25 11:22:34,223] {logging_mixin.py:104} INFO - pikachu_70.jpeg
[2022-01-25 11:22:34,224] {logging_mixin.py:104} INFO - pikachu_71.jpeg
[2022-01-25 11:22:34,224] {logging_mixin.py:104} INFO - pikachu_72.jpeg
[2022-01-25 11:22:34,225] {logging_mixin.py:104} INFO - pikachu_72.png
[2022-01-25 11:22:34,225] {logging_mixin.py:104} INFO - pikachu_73.jpeg
[2022-01-25 11:22:34,226] {logging_mixin.py:104} INFO - pikachu_73.png
[2022-01-25 11:22:34,227] {logging_mixin.py:104} INFO - pikachu_74.jpeg
[2022-01-25 11:22:34,227] {logging_mixin.py:104} INFO - pikachu_74.png
[2022-01-25 11:22:34,228] {logging_mixin.py:104} INFO - pikachu_75.jpeg
[2022-01-25 11:22:34,229] {logging_mixin.py:104} INFO - pikachu_76.jpeg
[2022-01-25 11:22:34,230] {logging_mixin.py:104} INFO - pikachu_76.png
[2022-01-25 11:22:34,230] {logging_mixin.py:104} INFO - pikachu_77.jpeg
[2022-01-25 11:22:34,231] {logging_mixin.py:104} INFO - pikachu_77.png
[2022-01-25 11:22:34,232] {logging_mixin.py:104} INFO - pikachu_78.jpeg
[2022-01-25 11:22:34,232] {logging_mixin.py:104} INFO - pikachu_78.png
[2022-01-25 11:22:34,233] {logging_mixin.py:104} INFO - pikachu_79.jpeg
[2022-01-25 11:22:34,237] {logging_mixin.py:104} INFO - pikachu_8.jpeg
[2022-01-25 11:22:34,237] {logging_mixin.py:104} INFO - pikachu_8.png
[2022-01-25 11:22:34,238] {logging_mixin.py:104} INFO - pikachu_80.jpeg
[2022-01-25 11:22:34,238] {logging_mixin.py:104} INFO - pikachu_81.jpeg
[2022-01-25 11:22:34,239] {logging_mixin.py:104} INFO - pikachu_82.jpeg
[2022-01-25 11:22:34,240] {logging_mixin.py:104} INFO - pikachu_83.jpeg
[2022-01-25 11:22:34,240] {logging_mixin.py:104} INFO - pikachu_83.png
[2022-01-25 11:22:34,241] {logging_mixin.py:104} INFO - pikachu_84.jpeg
[2022-01-25 11:22:34,243] {logging_mixin.py:104} INFO - pikachu_84.png
[2022-01-25 11:22:34,243] {logging_mixin.py:104} INFO - pikachu_85.jpeg
[2022-01-25 11:22:34,244] {logging_mixin.py:104} INFO - pikachu_85.png
[2022-01-25 11:22:34,245] {logging_mixin.py:104} INFO - pikachu_86.jpeg
[2022-01-25 11:22:34,245] {logging_mixin.py:104} INFO - pikachu_87.jpeg
[2022-01-25 11:22:34,246] {logging_mixin.py:104} INFO - pikachu_88.jpeg
[2022-01-25 11:22:34,246] {logging_mixin.py:104} INFO - pikachu_89.jpeg
[2022-01-25 11:22:34,248] {logging_mixin.py:104} INFO - pikachu_9.jpeg
[2022-01-25 11:22:34,248] {logging_mixin.py:104} INFO - pikachu_9.png
[2022-01-25 11:22:34,249] {logging_mixin.py:104} INFO - pikachu_90.jpeg
[2022-01-25 11:22:34,253] {logging_mixin.py:104} INFO - pikachu_90.png
[2022-01-25 11:22:34,254] {logging_mixin.py:104} INFO - pikachu_91.jpeg
[2022-01-25 11:22:34,254] {logging_mixin.py:104} INFO - pikachu_91.png
[2022-01-25 11:22:34,255] {logging_mixin.py:104} INFO - pikachu_92.jpeg
[2022-01-25 11:22:34,255] {logging_mixin.py:104} INFO - pikachu_92.png
[2022-01-25 11:22:34,255] {logging_mixin.py:104} INFO - pikachu_93.jpeg
[2022-01-25 11:22:34,256] {logging_mixin.py:104} INFO - pikachu_93.png
[2022-01-25 11:22:34,257] {logging_mixin.py:104} INFO - pikachu_94.jpeg
[2022-01-25 11:22:34,257] {logging_mixin.py:104} INFO - pikachu_94.png
[2022-01-25 11:22:34,258] {logging_mixin.py:104} INFO - pikachu_95.jpeg
[2022-01-25 11:22:34,258] {logging_mixin.py:104} INFO - pikachu_95.png
[2022-01-25 11:22:34,259] {logging_mixin.py:104} INFO - pikachu_96.jpeg
[2022-01-25 11:22:34,259] {logging_mixin.py:104} INFO - pikachu_96.png
[2022-01-25 11:22:34,259] {logging_mixin.py:104} INFO - pikachu_97.jpeg
[2022-01-25 11:22:34,260] {logging_mixin.py:104} INFO - pikachu_97.png
[2022-01-25 11:22:34,260] {logging_mixin.py:104} INFO - pikachu_98.jpeg
[2022-01-25 11:22:34,261] {logging_mixin.py:104} INFO - pikachu_98.png
[2022-01-25 11:22:34,261] {logging_mixin.py:104} INFO - pikachu_99.jpeg
[2022-01-25 11:22:34,262] {logging_mixin.py:104} INFO - --------------ti-----------------------
[2022-01-25 11:22:34,263] {logging_mixin.py:104} INFO - <TaskInstance: classification.check_data_exist 2022-01-25T11:17:24.583418+00:00 [running]>
[2022-01-25 11:22:34,263] {logging_mixin.py:104} INFO - ------------------------------
[2022-01-25 11:22:34,290] {python.py:118} INFO - Done. Returned value was: load_data
[2022-01-25 11:22:34,291] {skipmixin.py:124} INFO - Following branch load_data
[2022-01-25 11:22:34,307] {skipmixin.py:155} INFO - Skipping tasks []
[2022-01-25 11:22:34,365] {taskinstance.py:1166} INFO - Marking task as SUCCESS. dag_id=classification, task_id=check_data_exist, execution_date=20220125T111724, start_date=20220125T112232, end_date=20220125T112234
[2022-01-25 11:22:34,423] {taskinstance.py:1220} INFO - 1 downstream tasks scheduled from follow-on schedule check
[2022-01-25 11:22:34,458] {local_task_job.py:146} INFO - Task exited with return code 0
