[2022-01-25 10:17:00,373] {taskinstance.py:851} INFO - Dependencies all met for <TaskInstance: classification.save_result 2022-01-25T10:11:10.257136+00:00 [queued]>
[2022-01-25 10:17:00,390] {taskinstance.py:851} INFO - Dependencies all met for <TaskInstance: classification.save_result 2022-01-25T10:11:10.257136+00:00 [queued]>
[2022-01-25 10:17:00,391] {taskinstance.py:1042} INFO - 
--------------------------------------------------------------------------------
[2022-01-25 10:17:00,391] {taskinstance.py:1043} INFO - Starting attempt 1 of 2
[2022-01-25 10:17:00,391] {taskinstance.py:1044} INFO - 
--------------------------------------------------------------------------------
[2022-01-25 10:17:00,410] {taskinstance.py:1063} INFO - Executing <Task(PythonOperator): save_result> on 2022-01-25T10:11:10.257136+00:00
[2022-01-25 10:17:00,419] {standard_task_runner.py:52} INFO - Started process 7865 to run task
[2022-01-25 10:17:00,425] {standard_task_runner.py:76} INFO - Running: ['airflow', 'tasks', 'run', 'classification', 'save_result', '2022-01-25T10:11:10.257136+00:00', '--job-id', '55', '--pool', 'default_pool', '--raw', '--subdir', 'DAGS_FOLDER/classification.py', '--cfg-path', '/tmp/tmpj_7s46zn', '--error-file', '/tmp/tmpnmklshtm']
[2022-01-25 10:17:00,431] {standard_task_runner.py:77} INFO - Job 55: Subtask save_result
[2022-01-25 10:17:00,495] {logging_mixin.py:104} INFO - Running <TaskInstance: classification.save_result 2022-01-25T10:11:10.257136+00:00 [running]> on host 2dc98551bc76
[2022-01-25 10:17:00,559] {taskinstance.py:1257} INFO - Exporting the following env vars:
AIRFLOW_CTX_DAG_OWNER=airflow
AIRFLOW_CTX_DAG_ID=classification
AIRFLOW_CTX_TASK_ID=save_result
AIRFLOW_CTX_EXECUTION_DATE=2022-01-25T10:11:10.257136+00:00
AIRFLOW_CTX_DAG_RUN_ID=scheduled__2022-01-25T10:11:10.257136+00:00
[2022-01-25 10:17:00,668] {logging_mixin.py:104} INFO - hello
[2022-01-25 10:18:08,473] {python.py:118} INFO - Done. Returned value was: None
[2022-01-25 10:18:08,495] {taskinstance.py:1166} INFO - Marking task as SUCCESS. dag_id=classification, task_id=save_result, execution_date=20220125T101110, start_date=20220125T101700, end_date=20220125T101808
[2022-01-25 10:18:08,544] {taskinstance.py:1220} INFO - 1 downstream tasks scheduled from follow-on schedule check
[2022-01-25 10:18:08,585] {local_task_job.py:146} INFO - Task exited with return code 0
