[2021-12-24 11:43:59,812] {taskinstance.py:851} INFO - Dependencies all met for <TaskInstance: classification.load_data 2021-12-24T11:37:50.453196+00:00 [queued]>
[2021-12-24 11:43:59,874] {taskinstance.py:851} INFO - Dependencies all met for <TaskInstance: classification.load_data 2021-12-24T11:37:50.453196+00:00 [queued]>
[2021-12-24 11:43:59,875] {taskinstance.py:1042} INFO - 
--------------------------------------------------------------------------------
[2021-12-24 11:43:59,876] {taskinstance.py:1043} INFO - Starting attempt 1 of 2
[2021-12-24 11:43:59,877] {taskinstance.py:1044} INFO - 
--------------------------------------------------------------------------------
[2021-12-24 11:43:59,909] {taskinstance.py:1063} INFO - Executing <Task(PythonOperator): load_data> on 2021-12-24T11:37:50.453196+00:00
[2021-12-24 11:43:59,932] {standard_task_runner.py:52} INFO - Started process 52 to run task
[2021-12-24 11:43:59,954] {standard_task_runner.py:76} INFO - Running: ['airflow', 'tasks', 'run', 'classification', 'load_data', '2021-12-24T11:37:50.453196+00:00', '--job-id', '154', '--pool', 'default_pool', '--raw', '--subdir', 'DAGS_FOLDER/classification.py', '--cfg-path', '/tmp/tmp0o35ki_v', '--error-file', '/tmp/tmpetp2t_dq']
[2021-12-24 11:43:59,978] {standard_task_runner.py:77} INFO - Job 154: Subtask load_data
[2021-12-24 11:44:00,135] {logging_mixin.py:104} INFO - Running <TaskInstance: classification.load_data 2021-12-24T11:37:50.453196+00:00 [running]> on host 0d76f33c6135
[2021-12-24 11:44:00,244] {taskinstance.py:1257} INFO - Exporting the following env vars:
AIRFLOW_CTX_DAG_OWNER=airflow
AIRFLOW_CTX_DAG_ID=classification
AIRFLOW_CTX_TASK_ID=load_data
AIRFLOW_CTX_EXECUTION_DATE=2021-12-24T11:37:50.453196+00:00
AIRFLOW_CTX_DAG_RUN_ID=scheduled__2021-12-24T11:37:50.453196+00:00
[2021-12-24 11:44:08,312] {python.py:118} INFO - Done. Returned value was: None
[2021-12-24 11:44:08,378] {taskinstance.py:1166} INFO - Marking task as SUCCESS. dag_id=classification, task_id=load_data, execution_date=20211224T113750, start_date=20211224T114359, end_date=20211224T114408
[2021-12-24 11:44:08,543] {taskinstance.py:1220} INFO - 1 downstream tasks scheduled from follow-on schedule check
[2021-12-24 11:44:08,690] {local_task_job.py:146} INFO - Task exited with return code 0
