[2022-01-25 15:34:51,449] {taskinstance.py:851} INFO - Dependencies all met for <TaskInstance: classification.load_data 2022-01-25T15:34:35.147728+00:00 [queued]>
[2022-01-25 15:34:51,480] {taskinstance.py:851} INFO - Dependencies all met for <TaskInstance: classification.load_data 2022-01-25T15:34:35.147728+00:00 [queued]>
[2022-01-25 15:34:51,481] {taskinstance.py:1042} INFO - 
--------------------------------------------------------------------------------
[2022-01-25 15:34:51,482] {taskinstance.py:1043} INFO - Starting attempt 1 of 2
[2022-01-25 15:34:51,482] {taskinstance.py:1044} INFO - 
--------------------------------------------------------------------------------
[2022-01-25 15:34:51,497] {taskinstance.py:1063} INFO - Executing <Task(PythonOperator): load_data> on 2022-01-25T15:34:35.147728+00:00
[2022-01-25 15:34:51,504] {standard_task_runner.py:52} INFO - Started process 3570 to run task
[2022-01-25 15:34:51,511] {standard_task_runner.py:76} INFO - Running: ['airflow', 'tasks', 'run', 'classification', 'load_data', '2022-01-25T15:34:35.147728+00:00', '--job-id', '187', '--pool', 'default_pool', '--raw', '--subdir', 'DAGS_FOLDER/classification.py', '--cfg-path', '/tmp/tmpe4otdwj0', '--error-file', '/tmp/tmp1ulcv7rr']
[2022-01-25 15:34:51,517] {standard_task_runner.py:77} INFO - Job 187: Subtask load_data
[2022-01-25 15:34:51,580] {logging_mixin.py:104} INFO - Running <TaskInstance: classification.load_data 2022-01-25T15:34:35.147728+00:00 [running]> on host 42ecca77b6ba
[2022-01-25 15:34:51,627] {taskinstance.py:1257} INFO - Exporting the following env vars:
AIRFLOW_CTX_DAG_OWNER=airflow
AIRFLOW_CTX_DAG_ID=classification
AIRFLOW_CTX_TASK_ID=load_data
AIRFLOW_CTX_EXECUTION_DATE=2022-01-25T15:34:35.147728+00:00
AIRFLOW_CTX_DAG_RUN_ID=manual__2022-01-25T15:34:35.147728+00:00
[2022-01-25 15:35:37,272] {python.py:118} INFO - Done. Returned value was: None
[2022-01-25 15:35:37,331] {taskinstance.py:1166} INFO - Marking task as SUCCESS. dag_id=classification, task_id=load_data, execution_date=20220125T153435, start_date=20220125T153451, end_date=20220125T153537
[2022-01-25 15:35:37,460] {taskinstance.py:1220} INFO - 1 downstream tasks scheduled from follow-on schedule check
[2022-01-25 15:35:37,503] {local_task_job.py:146} INFO - Task exited with return code 0
