[2022-01-25 14:14:44,350] {taskinstance.py:851} INFO - Dependencies all met for <TaskInstance: classification.save_result 2022-01-25T14:12:10.613433+00:00 [queued]>
[2022-01-25 14:14:44,376] {taskinstance.py:851} INFO - Dependencies all met for <TaskInstance: classification.save_result 2022-01-25T14:12:10.613433+00:00 [queued]>
[2022-01-25 14:14:44,382] {taskinstance.py:1042} INFO - 
--------------------------------------------------------------------------------
[2022-01-25 14:14:44,384] {taskinstance.py:1043} INFO - Starting attempt 1 of 2
[2022-01-25 14:14:44,384] {taskinstance.py:1044} INFO - 
--------------------------------------------------------------------------------
[2022-01-25 14:14:44,407] {taskinstance.py:1063} INFO - Executing <Task(PythonOperator): save_result> on 2022-01-25T14:12:10.613433+00:00
[2022-01-25 14:14:44,413] {standard_task_runner.py:52} INFO - Started process 1193 to run task
[2022-01-25 14:14:44,421] {standard_task_runner.py:76} INFO - Running: ['airflow', 'tasks', 'run', 'classification', 'save_result', '2022-01-25T14:12:10.613433+00:00', '--job-id', '170', '--pool', 'default_pool', '--raw', '--subdir', 'DAGS_FOLDER/classification.py', '--cfg-path', '/tmp/tmpmjxux7cf', '--error-file', '/tmp/tmp5f6g3kzs']
[2022-01-25 14:14:44,429] {standard_task_runner.py:77} INFO - Job 170: Subtask save_result
[2022-01-25 14:14:44,489] {logging_mixin.py:104} INFO - Running <TaskInstance: classification.save_result 2022-01-25T14:12:10.613433+00:00 [running]> on host 42ecca77b6ba
[2022-01-25 14:14:44,537] {taskinstance.py:1257} INFO - Exporting the following env vars:
AIRFLOW_CTX_DAG_OWNER=airflow
AIRFLOW_CTX_DAG_ID=classification
AIRFLOW_CTX_TASK_ID=save_result
AIRFLOW_CTX_EXECUTION_DATE=2022-01-25T14:12:10.613433+00:00
AIRFLOW_CTX_DAG_RUN_ID=manual__2022-01-25T14:12:10.613433+00:00
[2022-01-25 14:14:44,749] {logging_mixin.py:104} INFO - hello
[2022-01-25 14:16:03,613] {python.py:118} INFO - Done. Returned value was: None
[2022-01-25 14:16:03,631] {taskinstance.py:1166} INFO - Marking task as SUCCESS. dag_id=classification, task_id=save_result, execution_date=20220125T141210, start_date=20220125T141444, end_date=20220125T141603
[2022-01-25 14:16:03,684] {taskinstance.py:1220} INFO - 1 downstream tasks scheduled from follow-on schedule check
[2022-01-25 14:16:03,736] {local_task_job.py:146} INFO - Task exited with return code 0
