[2022-01-25 15:36:53,681] {taskinstance.py:851} INFO - Dependencies all met for <TaskInstance: classification.delete_source_images 2022-01-25T15:34:35.147728+00:00 [queued]>
[2022-01-25 15:36:53,701] {taskinstance.py:851} INFO - Dependencies all met for <TaskInstance: classification.delete_source_images 2022-01-25T15:34:35.147728+00:00 [queued]>
[2022-01-25 15:36:53,702] {taskinstance.py:1042} INFO - 
--------------------------------------------------------------------------------
[2022-01-25 15:36:53,703] {taskinstance.py:1043} INFO - Starting attempt 1 of 2
[2022-01-25 15:36:53,703] {taskinstance.py:1044} INFO - 
--------------------------------------------------------------------------------
[2022-01-25 15:36:53,724] {taskinstance.py:1063} INFO - Executing <Task(PythonOperator): delete_source_images> on 2022-01-25T15:34:35.147728+00:00
[2022-01-25 15:36:53,733] {standard_task_runner.py:52} INFO - Started process 4776 to run task
[2022-01-25 15:36:53,739] {standard_task_runner.py:76} INFO - Running: ['airflow', 'tasks', 'run', 'classification', 'delete_source_images', '2022-01-25T15:34:35.147728+00:00', '--job-id', '190', '--pool', 'default_pool', '--raw', '--subdir', 'DAGS_FOLDER/classification.py', '--cfg-path', '/tmp/tmpjt_kq1bx', '--error-file', '/tmp/tmpbi6etfxc']
[2022-01-25 15:36:53,745] {standard_task_runner.py:77} INFO - Job 190: Subtask delete_source_images
[2022-01-25 15:36:53,838] {logging_mixin.py:104} INFO - Running <TaskInstance: classification.delete_source_images 2022-01-25T15:34:35.147728+00:00 [running]> on host 42ecca77b6ba
[2022-01-25 15:36:53,989] {taskinstance.py:1257} INFO - Exporting the following env vars:
AIRFLOW_CTX_DAG_OWNER=airflow
AIRFLOW_CTX_DAG_ID=classification
AIRFLOW_CTX_TASK_ID=delete_source_images
AIRFLOW_CTX_EXECUTION_DATE=2022-01-25T15:34:35.147728+00:00
AIRFLOW_CTX_DAG_RUN_ID=manual__2022-01-25T15:34:35.147728+00:00
[2022-01-25 15:36:55,496] {python.py:118} INFO - Done. Returned value was: None
[2022-01-25 15:36:55,511] {taskinstance.py:1166} INFO - Marking task as SUCCESS. dag_id=classification, task_id=delete_source_images, execution_date=20220125T153435, start_date=20220125T153653, end_date=20220125T153655
[2022-01-25 15:36:55,557] {taskinstance.py:1220} INFO - 1 downstream tasks scheduled from follow-on schedule check
[2022-01-25 15:36:55,576] {local_task_job.py:146} INFO - Task exited with return code 0
