[2022-01-26 04:50:50,765] {taskinstance.py:851} INFO - Dependencies all met for <TaskInstance: classification.check_data_exist 2022-01-26T04:50:45.201776+00:00 [queued]>
[2022-01-26 04:50:50,785] {taskinstance.py:851} INFO - Dependencies all met for <TaskInstance: classification.check_data_exist 2022-01-26T04:50:45.201776+00:00 [queued]>
[2022-01-26 04:50:50,786] {taskinstance.py:1042} INFO - 
--------------------------------------------------------------------------------
[2022-01-26 04:50:50,786] {taskinstance.py:1043} INFO - Starting attempt 1 of 2
[2022-01-26 04:50:50,787] {taskinstance.py:1044} INFO - 
--------------------------------------------------------------------------------
[2022-01-26 04:50:50,799] {taskinstance.py:1063} INFO - Executing <Task(BranchPythonOperator): check_data_exist> on 2022-01-26T04:50:45.201776+00:00
[2022-01-26 04:50:50,805] {standard_task_runner.py:52} INFO - Started process 799 to run task
[2022-01-26 04:50:50,811] {standard_task_runner.py:76} INFO - Running: ['airflow', 'tasks', 'run', 'classification', 'check_data_exist', '2022-01-26T04:50:45.201776+00:00', '--job-id', '208', '--pool', 'default_pool', '--raw', '--subdir', 'DAGS_FOLDER/classification.py', '--cfg-path', '/tmp/tmp8_538dnw', '--error-file', '/tmp/tmprqawxpqa']
[2022-01-26 04:50:50,816] {standard_task_runner.py:77} INFO - Job 208: Subtask check_data_exist
[2022-01-26 04:50:50,869] {logging_mixin.py:104} INFO - Running <TaskInstance: classification.check_data_exist 2022-01-26T04:50:45.201776+00:00 [running]> on host 115f9a25dda0
[2022-01-26 04:50:50,916] {taskinstance.py:1257} INFO - Exporting the following env vars:
AIRFLOW_CTX_DAG_OWNER=airflow
AIRFLOW_CTX_DAG_ID=classification
AIRFLOW_CTX_TASK_ID=check_data_exist
AIRFLOW_CTX_EXECUTION_DATE=2022-01-26T04:50:45.201776+00:00
AIRFLOW_CTX_DAG_RUN_ID=manual__2022-01-26T04:50:45.201776+00:00
[2022-01-26 04:50:51,006] {logging_mixin.py:104} INFO - bulbasaur_0.jpeg
[2022-01-26 04:50:51,006] {logging_mixin.py:104} INFO - bulbasaur_1.png
[2022-01-26 04:50:51,007] {logging_mixin.py:104} INFO - bulbasaur_10.jpeg
[2022-01-26 04:50:51,007] {logging_mixin.py:104} INFO - bulbasaur_11.jpeg
[2022-01-26 04:50:51,008] {logging_mixin.py:104} INFO - bulbasaur_12.png
[2022-01-26 04:50:51,009] {logging_mixin.py:104} INFO - bulbasaur_13.png
[2022-01-26 04:50:51,009] {logging_mixin.py:104} INFO - bulbasaur_14.png
[2022-01-26 04:50:51,009] {logging_mixin.py:104} INFO - bulbasaur_15.jpeg
[2022-01-26 04:50:51,010] {logging_mixin.py:104} INFO - bulbasaur_16.jpeg
[2022-01-26 04:50:51,010] {logging_mixin.py:104} INFO - bulbasaur_16.png
[2022-01-26 04:50:51,011] {logging_mixin.py:104} INFO - bulbasaur_17.png
[2022-01-26 04:50:51,011] {logging_mixin.py:104} INFO - bulbasaur_18.png
[2022-01-26 04:50:51,012] {logging_mixin.py:104} INFO - bulbasaur_19.jpeg
[2022-01-26 04:50:51,012] {logging_mixin.py:104} INFO - bulbasaur_19.png
[2022-01-26 04:50:51,012] {logging_mixin.py:104} INFO - bulbasaur_2.jpeg
[2022-01-26 04:50:51,013] {logging_mixin.py:104} INFO - bulbasaur_2.png
[2022-01-26 04:50:51,013] {logging_mixin.py:104} INFO - bulbasaur_20.jpeg
[2022-01-26 04:50:51,014] {logging_mixin.py:104} INFO - bulbasaur_20.png
[2022-01-26 04:50:51,014] {logging_mixin.py:104} INFO - bulbasaur_21.jpeg
[2022-01-26 04:50:51,015] {logging_mixin.py:104} INFO - bulbasaur_21.png
[2022-01-26 04:50:51,015] {logging_mixin.py:104} INFO - bulbasaur_22.jpeg
[2022-01-26 04:50:51,016] {logging_mixin.py:104} INFO - bulbasaur_22.png
[2022-01-26 04:50:51,016] {logging_mixin.py:104} INFO - bulbasaur_23.png
[2022-01-26 04:50:51,017] {logging_mixin.py:104} INFO - bulbasaur_24.jpeg
[2022-01-26 04:50:51,017] {logging_mixin.py:104} INFO - bulbasaur_25.jpeg
[2022-01-26 04:50:51,018] {logging_mixin.py:104} INFO - bulbasaur_25.png
[2022-01-26 04:50:51,018] {logging_mixin.py:104} INFO - bulbasaur_26.jpeg
[2022-01-26 04:50:51,019] {logging_mixin.py:104} INFO - bulbasaur_26.png
[2022-01-26 04:50:51,019] {logging_mixin.py:104} INFO - bulbasaur_27.jpeg
[2022-01-26 04:50:51,020] {logging_mixin.py:104} INFO - bulbasaur_27.png
[2022-01-26 04:50:51,020] {logging_mixin.py:104} INFO - bulbasaur_28.jpeg
[2022-01-26 04:50:51,020] {logging_mixin.py:104} INFO - bulbasaur_28.png
[2022-01-26 04:50:51,021] {logging_mixin.py:104} INFO - bulbasaur_29.jpeg
[2022-01-26 04:50:51,021] {logging_mixin.py:104} INFO - bulbasaur_29.png
[2022-01-26 04:50:51,022] {logging_mixin.py:104} INFO - bulbasaur_3.png
[2022-01-26 04:50:51,022] {logging_mixin.py:104} INFO - bulbasaur_30.jpeg
[2022-01-26 04:50:51,023] {logging_mixin.py:104} INFO - bulbasaur_30.png
[2022-01-26 04:50:51,023] {logging_mixin.py:104} INFO - bulbasaur_31.jpeg
[2022-01-26 04:50:51,024] {logging_mixin.py:104} INFO - bulbasaur_32.png
[2022-01-26 04:50:51,024] {logging_mixin.py:104} INFO - bulbasaur_33.jpeg
[2022-01-26 04:50:51,025] {logging_mixin.py:104} INFO - bulbasaur_33.png
[2022-01-26 04:50:51,025] {logging_mixin.py:104} INFO - bulbasaur_34.png
[2022-01-26 04:50:51,026] {logging_mixin.py:104} INFO - bulbasaur_35.jpeg
[2022-01-26 04:50:51,026] {logging_mixin.py:104} INFO - bulbasaur_35.png
[2022-01-26 04:50:51,026] {logging_mixin.py:104} INFO - bulbasaur_36.png
[2022-01-26 04:50:51,027] {logging_mixin.py:104} INFO - bulbasaur_37.png
[2022-01-26 04:50:51,027] {logging_mixin.py:104} INFO - bulbasaur_38.jpeg
[2022-01-26 04:50:51,028] {logging_mixin.py:104} INFO - bulbasaur_38.png
[2022-01-26 04:50:51,028] {logging_mixin.py:104} INFO - bulbasaur_39.jpeg
[2022-01-26 04:50:51,028] {logging_mixin.py:104} INFO - bulbasaur_39.png
[2022-01-26 04:50:51,029] {logging_mixin.py:104} INFO - bulbasaur_4.jpeg
[2022-01-26 04:50:51,029] {logging_mixin.py:104} INFO - bulbasaur_4.png
[2022-01-26 04:50:51,029] {logging_mixin.py:104} INFO - bulbasaur_40.jpeg
[2022-01-26 04:50:51,030] {logging_mixin.py:104} INFO - bulbasaur_40.png
[2022-01-26 04:50:51,030] {logging_mixin.py:104} INFO - bulbasaur_41.jpeg
[2022-01-26 04:50:51,030] {logging_mixin.py:104} INFO - bulbasaur_41.png
[2022-01-26 04:50:51,031] {logging_mixin.py:104} INFO - bulbasaur_42.jpeg
[2022-01-26 04:50:51,031] {logging_mixin.py:104} INFO - bulbasaur_42.png
[2022-01-26 04:50:51,031] {logging_mixin.py:104} INFO - bulbasaur_43.png
[2022-01-26 04:50:51,031] {logging_mixin.py:104} INFO - bulbasaur_44.jpeg
[2022-01-26 04:50:51,032] {logging_mixin.py:104} INFO - bulbasaur_44.png
[2022-01-26 04:50:51,032] {logging_mixin.py:104} INFO - bulbasaur_45.png
[2022-01-26 04:50:51,032] {logging_mixin.py:104} INFO - bulbasaur_46.png
[2022-01-26 04:50:51,032] {logging_mixin.py:104} INFO - bulbasaur_47.png
[2022-01-26 04:50:51,033] {logging_mixin.py:104} INFO - bulbasaur_48.png
[2022-01-26 04:50:51,033] {logging_mixin.py:104} INFO - bulbasaur_5.jpeg
[2022-01-26 04:50:51,033] {logging_mixin.py:104} INFO - bulbasaur_5.png
[2022-01-26 04:50:51,033] {logging_mixin.py:104} INFO - bulbasaur_6.png
[2022-01-26 04:50:51,034] {logging_mixin.py:104} INFO - bulbasaur_7.jpeg
[2022-01-26 04:50:51,034] {logging_mixin.py:104} INFO - bulbasaur_7.png
[2022-01-26 04:50:51,034] {logging_mixin.py:104} INFO - bulbasaur_8.jpeg
[2022-01-26 04:50:51,035] {logging_mixin.py:104} INFO - bulbasaur_8.png
[2022-01-26 04:50:51,035] {logging_mixin.py:104} INFO - bulbasaur_9.png
[2022-01-26 04:50:51,035] {logging_mixin.py:104} INFO - charmander_0.jpeg
[2022-01-26 04:50:51,035] {logging_mixin.py:104} INFO - charmander_1.jpeg
[2022-01-26 04:50:51,036] {logging_mixin.py:104} INFO - charmander_10.jpeg
[2022-01-26 04:50:51,036] {logging_mixin.py:104} INFO - charmander_11.jpeg
[2022-01-26 04:50:51,036] {logging_mixin.py:104} INFO - charmander_12.jpeg
[2022-01-26 04:50:51,037] {logging_mixin.py:104} INFO - charmander_13.jpeg
[2022-01-26 04:50:51,037] {logging_mixin.py:104} INFO - charmander_14.jpeg
[2022-01-26 04:50:51,037] {logging_mixin.py:104} INFO - charmander_14.png
[2022-01-26 04:50:51,037] {logging_mixin.py:104} INFO - charmander_15.png
[2022-01-26 04:50:51,038] {logging_mixin.py:104} INFO - charmander_16.jpeg
[2022-01-26 04:50:51,038] {logging_mixin.py:104} INFO - charmander_17.jpeg
[2022-01-26 04:50:51,038] {logging_mixin.py:104} INFO - charmander_18.jpeg
[2022-01-26 04:50:51,038] {logging_mixin.py:104} INFO - charmander_19.jpeg
[2022-01-26 04:50:51,039] {logging_mixin.py:104} INFO - charmander_2.png
[2022-01-26 04:50:51,039] {logging_mixin.py:104} INFO - charmander_20.jpeg
[2022-01-26 04:50:51,039] {logging_mixin.py:104} INFO - charmander_21.jpeg
[2022-01-26 04:50:51,039] {logging_mixin.py:104} INFO - charmander_22.jpeg
[2022-01-26 04:50:51,040] {logging_mixin.py:104} INFO - charmander_23.png
[2022-01-26 04:50:51,040] {logging_mixin.py:104} INFO - charmander_24.png
[2022-01-26 04:50:51,041] {logging_mixin.py:104} INFO - charmander_25.jpeg
[2022-01-26 04:50:51,041] {logging_mixin.py:104} INFO - charmander_25.png
[2022-01-26 04:50:51,042] {logging_mixin.py:104} INFO - charmander_26.jpeg
[2022-01-26 04:50:51,042] {logging_mixin.py:104} INFO - charmander_27.jpeg
[2022-01-26 04:50:51,043] {logging_mixin.py:104} INFO - charmander_27.png
[2022-01-26 04:50:51,043] {logging_mixin.py:104} INFO - charmander_28.png
[2022-01-26 04:50:51,044] {logging_mixin.py:104} INFO - charmander_29.jpeg
[2022-01-26 04:50:51,044] {logging_mixin.py:104} INFO - charmander_29.png
[2022-01-26 04:50:51,045] {logging_mixin.py:104} INFO - charmander_3.jpeg
[2022-01-26 04:50:51,045] {logging_mixin.py:104} INFO - charmander_30.jpeg
[2022-01-26 04:50:51,046] {logging_mixin.py:104} INFO - charmander_31.png
[2022-01-26 04:50:51,046] {logging_mixin.py:104} INFO - charmander_32.png
[2022-01-26 04:50:51,046] {logging_mixin.py:104} INFO - charmander_33.jpeg
[2022-01-26 04:50:51,047] {logging_mixin.py:104} INFO - charmander_34.jpeg
[2022-01-26 04:50:51,047] {logging_mixin.py:104} INFO - charmander_35.jpeg
[2022-01-26 04:50:51,048] {logging_mixin.py:104} INFO - charmander_36.png
[2022-01-26 04:50:51,048] {logging_mixin.py:104} INFO - charmander_37.png
[2022-01-26 04:50:51,049] {logging_mixin.py:104} INFO - charmander_38.jpeg
[2022-01-26 04:50:51,049] {logging_mixin.py:104} INFO - charmander_39.png
[2022-01-26 04:50:51,050] {logging_mixin.py:104} INFO - charmander_4.jpeg
[2022-01-26 04:50:51,050] {logging_mixin.py:104} INFO - charmander_40.jpeg
[2022-01-26 04:50:51,050] {logging_mixin.py:104} INFO - charmander_41.png
[2022-01-26 04:50:51,051] {logging_mixin.py:104} INFO - charmander_42.png
[2022-01-26 04:50:51,051] {logging_mixin.py:104} INFO - charmander_43.png
[2022-01-26 04:50:51,052] {logging_mixin.py:104} INFO - charmander_44.png
[2022-01-26 04:50:51,052] {logging_mixin.py:104} INFO - charmander_45.png
[2022-01-26 04:50:51,052] {logging_mixin.py:104} INFO - charmander_46.jpeg
[2022-01-26 04:50:51,053] {logging_mixin.py:104} INFO - charmander_46.png
[2022-01-26 04:50:51,053] {logging_mixin.py:104} INFO - charmander_47.png
[2022-01-26 04:50:51,053] {logging_mixin.py:104} INFO - charmander_48.jpeg
[2022-01-26 04:50:51,054] {logging_mixin.py:104} INFO - charmander_48.png
[2022-01-26 04:50:51,054] {logging_mixin.py:104} INFO - charmander_49.png
[2022-01-26 04:50:51,054] {logging_mixin.py:104} INFO - charmander_5.jpeg
[2022-01-26 04:50:51,055] {logging_mixin.py:104} INFO - charmander_6.jpeg
[2022-01-26 04:50:51,055] {logging_mixin.py:104} INFO - charmander_7.jpeg
[2022-01-26 04:50:51,055] {logging_mixin.py:104} INFO - charmander_8.png
[2022-01-26 04:50:51,056] {logging_mixin.py:104} INFO - charmander_9.jpeg
[2022-01-26 04:50:51,056] {logging_mixin.py:104} INFO - pikachu_0.jpeg
[2022-01-26 04:50:51,057] {logging_mixin.py:104} INFO - pikachu_1.png
[2022-01-26 04:50:51,057] {logging_mixin.py:104} INFO - pikachu_10.png
[2022-01-26 04:50:51,057] {logging_mixin.py:104} INFO - pikachu_11.jpeg
[2022-01-26 04:50:51,058] {logging_mixin.py:104} INFO - pikachu_12.png
[2022-01-26 04:50:51,058] {logging_mixin.py:104} INFO - pikachu_13.jpeg
[2022-01-26 04:50:51,058] {logging_mixin.py:104} INFO - pikachu_14.png
[2022-01-26 04:50:51,059] {logging_mixin.py:104} INFO - pikachu_15.jpeg
[2022-01-26 04:50:51,059] {logging_mixin.py:104} INFO - pikachu_16.jpeg
[2022-01-26 04:50:51,059] {logging_mixin.py:104} INFO - pikachu_17.jpeg
[2022-01-26 04:50:51,060] {logging_mixin.py:104} INFO - pikachu_18.png
[2022-01-26 04:50:51,060] {logging_mixin.py:104} INFO - pikachu_19.jpeg
[2022-01-26 04:50:51,060] {logging_mixin.py:104} INFO - pikachu_2.png
[2022-01-26 04:50:51,061] {logging_mixin.py:104} INFO - pikachu_20.jpeg
[2022-01-26 04:50:51,061] {logging_mixin.py:104} INFO - pikachu_21.jpeg
[2022-01-26 04:50:51,062] {logging_mixin.py:104} INFO - pikachu_22.jpeg
[2022-01-26 04:50:51,062] {logging_mixin.py:104} INFO - pikachu_23.jpeg
[2022-01-26 04:50:51,062] {logging_mixin.py:104} INFO - pikachu_23.png
[2022-01-26 04:50:51,062] {logging_mixin.py:104} INFO - pikachu_24.jpeg
[2022-01-26 04:50:51,063] {logging_mixin.py:104} INFO - pikachu_24.png
[2022-01-26 04:50:51,063] {logging_mixin.py:104} INFO - pikachu_25.jpeg
[2022-01-26 04:50:51,063] {logging_mixin.py:104} INFO - pikachu_26.jpeg
[2022-01-26 04:50:51,063] {logging_mixin.py:104} INFO - pikachu_27.jpeg
[2022-01-26 04:50:51,064] {logging_mixin.py:104} INFO - pikachu_28.jpeg
[2022-01-26 04:50:51,064] {logging_mixin.py:104} INFO - pikachu_29.png
[2022-01-26 04:50:51,064] {logging_mixin.py:104} INFO - pikachu_3.png
[2022-01-26 04:50:51,065] {logging_mixin.py:104} INFO - pikachu_30.jpeg
[2022-01-26 04:50:51,065] {logging_mixin.py:104} INFO - pikachu_31.jpeg
[2022-01-26 04:50:51,065] {logging_mixin.py:104} INFO - pikachu_32.jpeg
[2022-01-26 04:50:51,065] {logging_mixin.py:104} INFO - pikachu_33.jpeg
[2022-01-26 04:50:51,065] {logging_mixin.py:104} INFO - pikachu_34.jpeg
[2022-01-26 04:50:51,066] {logging_mixin.py:104} INFO - pikachu_35.jpeg
[2022-01-26 04:50:51,066] {logging_mixin.py:104} INFO - pikachu_35.png
[2022-01-26 04:50:51,066] {logging_mixin.py:104} INFO - pikachu_36.jpeg
[2022-01-26 04:50:51,066] {logging_mixin.py:104} INFO - pikachu_36.png
[2022-01-26 04:50:51,067] {logging_mixin.py:104} INFO - pikachu_37.jpeg
[2022-01-26 04:50:51,067] {logging_mixin.py:104} INFO - pikachu_38.jpeg
[2022-01-26 04:50:51,067] {logging_mixin.py:104} INFO - pikachu_38.png
[2022-01-26 04:50:51,068] {logging_mixin.py:104} INFO - pikachu_39.jpeg
[2022-01-26 04:50:51,068] {logging_mixin.py:104} INFO - pikachu_4.png
[2022-01-26 04:50:51,068] {logging_mixin.py:104} INFO - pikachu_40.jpeg
[2022-01-26 04:50:51,068] {logging_mixin.py:104} INFO - pikachu_41.png
[2022-01-26 04:50:51,069] {logging_mixin.py:104} INFO - pikachu_42.jpeg
[2022-01-26 04:50:51,069] {logging_mixin.py:104} INFO - pikachu_43.jpeg
[2022-01-26 04:50:51,069] {logging_mixin.py:104} INFO - pikachu_44.jpeg
[2022-01-26 04:50:51,070] {logging_mixin.py:104} INFO - pikachu_45.jpeg
[2022-01-26 04:50:51,070] {logging_mixin.py:104} INFO - pikachu_46.jpeg
[2022-01-26 04:50:51,070] {logging_mixin.py:104} INFO - pikachu_47.jpeg
[2022-01-26 04:50:51,071] {logging_mixin.py:104} INFO - pikachu_48.png
[2022-01-26 04:50:51,071] {logging_mixin.py:104} INFO - pikachu_49.png
[2022-01-26 04:50:51,071] {logging_mixin.py:104} INFO - pikachu_5.png
[2022-01-26 04:50:51,071] {logging_mixin.py:104} INFO - pikachu_6.png
[2022-01-26 04:50:51,072] {logging_mixin.py:104} INFO - pikachu_7.jpeg
[2022-01-26 04:50:51,072] {logging_mixin.py:104} INFO - pikachu_8.png
[2022-01-26 04:50:51,073] {logging_mixin.py:104} INFO - pikachu_9.jpeg
[2022-01-26 04:50:51,073] {logging_mixin.py:104} INFO - pikachu_9.png
[2022-01-26 04:50:51,074] {logging_mixin.py:104} INFO - --------------ti-----------------------
[2022-01-26 04:50:51,074] {logging_mixin.py:104} INFO - <TaskInstance: classification.check_data_exist 2022-01-26T04:50:45.201776+00:00 [running]>
[2022-01-26 04:50:51,075] {logging_mixin.py:104} INFO - ------------------------------
[2022-01-26 04:50:51,106] {python.py:118} INFO - Done. Returned value was: load_data
[2022-01-26 04:50:51,106] {skipmixin.py:124} INFO - Following branch load_data
[2022-01-26 04:50:51,119] {skipmixin.py:155} INFO - Skipping tasks []
[2022-01-26 04:50:51,180] {taskinstance.py:1166} INFO - Marking task as SUCCESS. dag_id=classification, task_id=check_data_exist, execution_date=20220126T045045, start_date=20220126T045050, end_date=20220126T045051
[2022-01-26 04:50:51,238] {taskinstance.py:1220} INFO - 1 downstream tasks scheduled from follow-on schedule check
[2022-01-26 04:50:51,263] {local_task_job.py:146} INFO - Task exited with return code 0
