[2022-01-25 11:52:26,178] {taskinstance.py:851} INFO - Dependencies all met for <TaskInstance: bing_image_download.bing_image_download 2022-01-25T11:38:45.898735+00:00 [queued]>
[2022-01-25 11:52:26,193] {taskinstance.py:851} INFO - Dependencies all met for <TaskInstance: bing_image_download.bing_image_download 2022-01-25T11:38:45.898735+00:00 [queued]>
[2022-01-25 11:52:26,193] {taskinstance.py:1042} INFO - 
--------------------------------------------------------------------------------
[2022-01-25 11:52:26,194] {taskinstance.py:1043} INFO - Starting attempt 2 of 2
[2022-01-25 11:52:26,194] {taskinstance.py:1044} INFO - 
--------------------------------------------------------------------------------
[2022-01-25 11:52:26,212] {taskinstance.py:1063} INFO - Executing <Task(PythonOperator): bing_image_download> on 2022-01-25T11:38:45.898735+00:00
[2022-01-25 11:52:26,219] {standard_task_runner.py:52} INFO - Started process 75 to run task
[2022-01-25 11:52:26,225] {standard_task_runner.py:76} INFO - Running: ['airflow', 'tasks', 'run', 'bing_image_download', 'bing_image_download', '2022-01-25T11:38:45.898735+00:00', '--job-id', '149', '--pool', 'default_pool', '--raw', '--subdir', 'DAGS_FOLDER/bing_image_download.py', '--cfg-path', '/tmp/tmpyg8n75_d', '--error-file', '/tmp/tmp7sop1s82']
[2022-01-25 11:52:26,225] {standard_task_runner.py:77} INFO - Job 149: Subtask bing_image_download
[2022-01-25 11:52:26,278] {logging_mixin.py:104} INFO - Running <TaskInstance: bing_image_download.bing_image_download 2022-01-25T11:38:45.898735+00:00 [running]> on host 05cddda723d4
[2022-01-25 11:52:26,321] {taskinstance.py:1257} INFO - Exporting the following env vars:
AIRFLOW_CTX_DAG_OWNER=airflow
AIRFLOW_CTX_DAG_ID=bing_image_download
AIRFLOW_CTX_TASK_ID=bing_image_download
AIRFLOW_CTX_EXECUTION_DATE=2022-01-25T11:38:45.898735+00:00
AIRFLOW_CTX_DAG_RUN_ID=scheduled__2022-01-25T11:38:45.898735+00:00
[2022-01-25 11:52:26,327] {logging_mixin.py:104} INFO - [INFO] searching Bing API for 'pikachu'
[2022-01-25 11:52:27,727] {logging_mixin.py:104} INFO - [INFO] 1000 total results for 'pikachu'
[2022-01-25 11:52:27,727] {logging_mixin.py:104} INFO - [INFO] making request for group 0-50 of 1000...
[2022-01-25 11:52:28,491] {logging_mixin.py:104} INFO - [INFO] saving images for group 0-50 of 1000...
[2022-01-25 11:52:28,492] {logging_mixin.py:104} INFO - [INFO] fetching: http://vignette3.wikia.nocookie.net/wii/images/7/77/Pikachu_SSB4.jpg/revision/latest?cb=20140210000421
[2022-01-25 11:52:30,599] {logging_mixin.py:104} INFO - [INFO] fetching: https://pngimg.com/uploads/pokemon/pokemon_PNG102.png
[2022-01-25 11:52:30,986] {logging_mixin.py:104} INFO - [INFO] fetching: https://pngimg.com/uploads/pokemon/pokemon_PNG16.png
[2022-01-25 11:52:31,294] {logging_mixin.py:104} INFO - [INFO] fetching: http://img4.wikia.nocookie.net/__cb20130114020548/projectcrusade/images/7/77/Pikachu.png
[2022-01-25 11:52:32,999] {logging_mixin.py:104} INFO - [INFO] fetching: https://pngimg.com/uploads/pokemon/pokemon_PNG93.png
[2022-01-25 11:52:33,277] {logging_mixin.py:104} INFO - [INFO] fetching: https://pngimg.com/uploads/pokemon/pokemon_PNG42.png
[2022-01-25 11:52:33,739] {logging_mixin.py:104} INFO - [INFO] fetching: https://pngimg.com/uploads/pokemon/pokemon_PNG104.png
[2022-01-25 11:52:34,550] {logging_mixin.py:104} INFO - [INFO] fetching: http://2.bp.blogspot.com/-EHYbTpQLsmM/TyVRPH5RMGI/AAAAAAAAAb0/M7hnCPo5i20/w1200-h630-p-k-no-nu/pikachu.jpg
[2022-01-25 11:52:34,862] {logging_mixin.py:104} INFO - [INFO] fetching: https://img2.cgtrader.com/items/768075/a6212ac1a3/pokemon-pikachu-3d-model-low-poly-rigged.jpg
[2022-01-25 11:52:35,237] {logging_mixin.py:104} INFO - [INFO] fetching: http://clipartmag.com/image/pikachu-images-for-drawing-29.png
[2022-01-25 11:52:36,821] {logging_mixin.py:104} INFO - [INFO] fetching: https://images-wixmp-ed30a86b8c4ca887773594c2.wixmp.com/f/25247b92-6844-4fef-8ed8-5055cc35bf58/dd18tmd-d30941e9-a135-4565-ba5f-ac90be835d62.png/v1/fill/w_958,h_834,strp/pikachu_run_render_by_nintega_dario_dd18tmd-pre.png?token=eyJ0eXAiOiJKV1QiLCJhbGciOiJIUzI1NiJ9.eyJzdWIiOiJ1cm46YXBwOjdlMGQxODg5ODIyNjQzNzNhNWYwZDQxNWVhMGQyNmUwIiwiaXNzIjoidXJuOmFwcDo3ZTBkMTg4OTgyMjY0MzczYTVmMGQ0MTVlYTBkMjZlMCIsIm9iaiI6W1t7ImhlaWdodCI6Ijw9MTc1MCIsInBhdGgiOiJcL2ZcLzI1MjQ3YjkyLTY4NDQtNGZlZi04ZWQ4LTUwNTVjYzM1YmY1OFwvZGQxOHRtZC1kMzA5NDFlOS1hMTM1LTQ1NjUtYmE1Zi1hYzkwYmU4MzVkNjIucG5nIiwid2lkdGgiOiI8PTIwMTAifV1dLCJhdWQiOlsidXJuOnNlcnZpY2U6aW1hZ2Uub3BlcmF0aW9ucyJdfQ.pq9b6WZU8vHbWtw8DC3WwZi3p6WYzSD7f0YKTUaru2g
[2022-01-25 11:52:37,282] {logging_mixin.py:104} INFO - [INFO] fetching: https://pngimg.com/uploads/pokemon/pokemon_PNG148.png
[2022-01-25 11:52:37,680] {logging_mixin.py:104} INFO - [INFO] fetching: https://images.coplusk.net/project_images/171187/image/full_2014-04-08-200747-Pikachu.jpg
[2022-01-25 11:52:38,546] {logging_mixin.py:104} INFO - [INFO] fetching: https://superawesomevectors.com/wp-content/uploads/2017/05/pikachu-pokemon-vector-thumb.jpg
[2022-01-25 11:52:39,535] {logging_mixin.py:104} INFO - [INFO-DEL] deleting: /opt/airflow/dags/images/pikachu_13.jpeg
[2022-01-25 11:52:39,540] {logging_mixin.py:104} INFO - [INFO] fetching: https://clipground.com/images/cute-pikachu-png-7.jpg
[2022-01-25 11:52:55,559] {logging_mixin.py:104} INFO - [INFO-DEL] deleting: /opt/airflow/dags/images/pikachu_14.jpeg
[2022-01-25 11:52:55,561] {logging_mixin.py:104} INFO - [INFO] fetching: https://c.shld.net/rpx/i/s/i/spin/10032562/prod_12349903012??hei=64&wid=64&qlt=50
[2022-01-25 11:52:56,684] {logging_mixin.py:104} INFO - [INFO] fetching: https://whirli-production-images.s3.eu-west-2.amazonaws.com/products/Lr/LrcCPnZmqYVehvSs10IyF0eZrvHX6VUt1AUj8Z1M.jpg
[2022-01-25 11:52:58,752] {logging_mixin.py:104} INFO - [INFO] fetching: https://gamepress.gg/pokemongo/sites/pokemongo/files/2020-06/600px-025Pikachu-Libre.png
[2022-01-25 11:52:58,968] {logging_mixin.py:104} INFO - [INFO] fetching: https://www.pngall.com/wp-content/uploads/5/Pokemon-Pikachu-PNG-Picture.png
[2022-01-25 11:53:02,005] {logging_mixin.py:104} INFO - [INFO] fetching: https://webstockreview.net/images/pikachu-clipart-pikachu-tail-10.png
[2022-01-25 11:53:03,346] {logging_mixin.py:104} INFO - [INFO] fetching: https://images-wixmp-ed30a86b8c4ca887773594c2.wixmp.com/f/4f6bf5b3-c9b6-44c2-ab80-06e3ea80d511/dca37p4-e992703b-3518-475a-a3bd-bc2831f13e7b.png?token=eyJ0eXAiOiJKV1QiLCJhbGciOiJIUzI1NiJ9.eyJzdWIiOiJ1cm46YXBwOiIsImlzcyI6InVybjphcHA6Iiwib2JqIjpbW3sicGF0aCI6IlwvZlwvNGY2YmY1YjMtYzliNi00NGMyLWFiODAtMDZlM2VhODBkNTExXC9kY2EzN3A0LWU5OTI3MDNiLTM1MTgtNDc1YS1hM2JkLWJjMjgzMWYxM2U3Yi5wbmcifV1dLCJhdWQiOlsidXJuOnNlcnZpY2U6ZmlsZS5kb3dubG9hZCJdfQ.BgM4bC-lqNizie8fhV-EnS5hLNCPn5y8iROlzXNAdk4
[2022-01-25 11:53:05,122] {logging_mixin.py:104} INFO - [INFO] fetching: https://art.ngfiles.com/thumbnails/788000/788269_full.png?f1547671168
[2022-01-25 11:53:07,731] {logging_mixin.py:104} INFO - [INFO] fetching: https://pngimg.com/uploads/pokemon/pokemon_PNG103.png
[2022-01-25 11:53:08,074] {logging_mixin.py:104} INFO - [INFO] fetching: https://images-wixmp-ed30a86b8c4ca887773594c2.wixmp.com/f/c5bbbf70-cfca-4aeb-892b-6ac8c54fb175/ddbr84t-d0753923-bc99-4919-8bb6-2121149399d7.png/v1/fill/w_956,h_836,strp/pikachu_libre_render_by_vexikku_ddbr84t-pre.png?token=eyJ0eXAiOiJKV1QiLCJhbGciOiJIUzI1NiJ9.eyJzdWIiOiJ1cm46YXBwOjdlMGQxODg5ODIyNjQzNzNhNWYwZDQxNWVhMGQyNmUwIiwiaXNzIjoidXJuOmFwcDo3ZTBkMTg4OTgyMjY0MzczYTVmMGQ0MTVlYTBkMjZlMCIsIm9iaiI6W1t7ImhlaWdodCI6Ijw9MzUwMCIsInBhdGgiOiJcL2ZcL2M1YmJiZjcwLWNmY2EtNGFlYi04OTJiLTZhYzhjNTRmYjE3NVwvZGRicjg0dC1kMDc1MzkyMy1iYzk5LTQ5MTktOGJiNi0yMTIxMTQ5Mzk5ZDcucG5nIiwid2lkdGgiOiI8PTQwMDAifV1dLCJhdWQiOlsidXJuOnNlcnZpY2U6aW1hZ2Uub3BlcmF0aW9ucyJdfQ.SCZGQ24m5GxrmvuwHJ6Em8lOGDWKTpacKjSjkkFMbCs
[2022-01-25 11:53:09,488] {logging_mixin.py:104} INFO - [INFO] fetching: http://1.bp.blogspot.com/-abBmZroOWLE/VI1OaUQRSVI/AAAAAAAAHag/BUaUVdHh1Ak/s1600/Pikachu_Vector.png
[2022-01-25 11:53:09,800] {logging_mixin.py:104} INFO - [INFO] fetching: http://oyster.ignimgs.com/mediawiki/apis.ign.com/pokken-tournament/b/b0/Detail-pikachu.png
[2022-01-25 11:53:10,558] {logging_mixin.py:104} INFO - [INFO] fetching: https://scale.coolshop-cdn.com/product-media.coolshop-cdn.com/234K5Z/023172b404f648afad160d1bbb97f05a.jpg/f/pokemon-pikachu-xl-lamp-mdieotbbn11356.jpg?borderless=1&width=1920
[2022-01-25 11:53:10,839] {logging_mixin.py:104} INFO - [INFO] fetching: https://images-cdn.9gag.com/photo/3008608_700b_v1.jpg
[2022-01-25 11:53:12,285] {logging_mixin.py:104} INFO - [INFO] fetching: https://avatarfiles.alphacoders.com/186/186851.jpg
[2022-01-25 11:53:12,676] {logging_mixin.py:104} INFO - [INFO] fetching: https://graphictide.com/images/shop/hover/307_pikachu-candy.png
[2022-01-25 11:53:13,922] {logging_mixin.py:104} INFO - [INFO] fetching: https://reliccastle.com/data/avatars/o/0/519.jpg?1497908869
[2022-01-25 11:53:15,871] {logging_mixin.py:104} INFO - [INFO] fetching: https://www.svgfiles.us/wp-content/uploads/Pikachu-02-pokemon-svg-cut-file-free.jpg
[2022-01-25 11:53:17,343] {logging_mixin.py:104} INFO - [INFO] fetching: https://ph.portal-pokemon.com/upload/en/HelloPika.png
[2022-01-25 11:53:20,571] {logging_mixin.py:104} INFO - [INFO] fetching: https://images.nintendolife.com/4f14a50f60357/pikachu.original.jpg
[2022-01-25 11:53:21,052] {logging_mixin.py:104} INFO - [INFO] fetching: https://www.pinclipart.com/picdir/middle/522-5225314_transparent-detective-pikachu-png-clipart.png
[2022-01-25 11:53:58,170] {logging_mixin.py:104} INFO - [INFO] fetching: https://i.ytimg.com/vi/qvvDjWWSBxQ/maxresdefault.jpg
[2022-01-25 11:53:58,498] {logging_mixin.py:104} INFO - [INFO] fetching: https://www.starpng.com/public/uploads/preview/yellow-pikachu-face-tranaparent-png-image-101577092029pdlkipc9qy.jpg
[2022-01-25 11:54:01,208] {logging_mixin.py:104} INFO - [INFO] fetching: https://www.simplemost.com/wp-content/uploads/2016/09/519.png
[2022-01-25 11:54:04,123] {logging_mixin.py:104} INFO - [INFO] fetching: https://art.ngfiles.com/thumbnails/779000/779516_full.png?f1551419072
[2022-01-25 11:54:06,917] {logging_mixin.py:104} INFO - [INFO] fetching: http://cdn.shopify.com/s/files/1/0284/4907/9395/products/sticker_pikachu.jpg?v=1573513085
[2022-01-25 11:54:07,462] {logging_mixin.py:104} INFO - [INFO] fetching: https://assets1.ignimgs.com/2016/10/28/503eaea31a316jpeg-f9b106.jpg?width=1280
[2022-01-25 11:54:07,987] {logging_mixin.py:104} INFO - [INFO] fetching: https://static0.thegamerimages.com/wordpress/wp-content/uploads/2019/07/Detective-Pikachu.jpg
[2022-01-25 11:54:08,443] {logging_mixin.py:104} INFO - [INFO] fetching: https://media.pocketmonsters.net/imageboard/31/14561285150091.jpg
[2022-01-25 11:54:10,094] {logging_mixin.py:104} INFO - [INFO] fetching: https://i.somethingawful.com/u/petey/comedygoldmine/2009a/july/pikachu/Depressing_Drawers_.png
[2022-01-25 11:54:10,514] {logging_mixin.py:104} INFO - [INFO] fetching: http://www.baltana.com/files/wallpapers-14/Pikachu-Background-HD-Wallpapers-37641.jpg
[2022-01-25 11:54:15,685] {logging_mixin.py:104} INFO - [INFO] fetching: http://www.baltana.com/files/wallpapers-14/Pikachu-Widescreen-Wallpapers-37659.jpg
[2022-01-25 11:54:20,477] {logging_mixin.py:104} INFO - [INFO] fetching: http://themovieelite.com/wp-content/uploads/2019/05/https___blogs-images.forbes.com_olliebarder_files_2019_04_detective_pikachu_world-1200x675.jpg
[2022-01-25 11:54:22,117] {logging_mixin.py:104} INFO - [INFO] fetching: http://getwallpapers.com/wallpaper/full/1/2/5/318804.jpg
[2022-01-25 11:54:23,692] {logging_mixin.py:104} INFO - [INFO] fetching: https://media.gq.com/photos/5cd4490a1f8a4eff2ddda8e4/16:9/w_1280,c_limit/There-Could-Be-No-More-Perfect-Pikachu-Than-Ryan-Reynolds-gq.jpg?mbid=social_retweet
[2022-01-25 11:54:24,248] {logging_mixin.py:104} INFO - [INFO] fetching: https://geekologie.com/2019/03/25/alien-pikachu-3.jpg
[2022-01-25 11:54:26,188] {logging_mixin.py:104} INFO - [INFO] making request for group 50-100 of 1000...
[2022-01-25 11:54:27,554] {logging_mixin.py:104} INFO - [INFO] saving images for group 50-100 of 1000...
[2022-01-25 11:54:27,554] {logging_mixin.py:104} INFO - [INFO] fetching: https://s3.us-east-1.amazonaws.com/dexerto-assets-production-cbbdf288/uploads/2020/08/26080403/ashs-pikachu-on-verge-of-evolving-pokemon-journeys-23-years-franchise-icon.jpg
[2022-01-25 11:54:30,838] {logging_mixin.py:104} INFO - [INFO] fetching: https://getwallpapers.com/wallpaper/full/4/9/a/400572.jpg
[2022-01-25 11:54:33,380] {logging_mixin.py:104} INFO - [INFO] fetching: https://images-wixmp-ed30a86b8c4ca887773594c2.wixmp.com/f/93abed28-db9e-4018-aee8-6c817a5863b9/dbsqkhl-bc627623-0eed-4727-a573-b7f6cd48d992.png/v1/fill/w_800,h_855,strp/king_pikachu_by_kraus_illustration_dbsqkhl-fullview.png?token=eyJ0eXAiOiJKV1QiLCJhbGciOiJIUzI1NiJ9.eyJzdWIiOiJ1cm46YXBwOjdlMGQxODg5ODIyNjQzNzNhNWYwZDQxNWVhMGQyNmUwIiwiaXNzIjoidXJuOmFwcDo3ZTBkMTg4OTgyMjY0MzczYTVmMGQ0MTVlYTBkMjZlMCIsIm9iaiI6W1t7ImhlaWdodCI6Ijw9ODU1IiwicGF0aCI6IlwvZlwvOTNhYmVkMjgtZGI5ZS00MDE4LWFlZTgtNmM4MTdhNTg2M2I5XC9kYnNxa2hsLWJjNjI3NjIzLTBlZWQtNDcyNy1hNTczLWI3ZjZjZDQ4ZDk5Mi5wbmciLCJ3aWR0aCI6Ijw9ODAwIn1dXSwiYXVkIjpbInVybjpzZXJ2aWNlOmltYWdlLm9wZXJhdGlvbnMiXX0.RBhJ-Eni5Fc_r-5ZBrMSXC8Z0aJvE6PrRT6HPGQehGM
[2022-01-25 11:54:34,293] {logging_mixin.py:104} INFO - [INFO] fetching: https://yt3.ggpht.com/a/AATXAJznnOKPTmacMoV1l7l43kb4YaukGZH9ZSfeSw=s900-c-k-c0xffffffff-no-rj-mo
[2022-01-25 11:54:34,819] {logging_mixin.py:104} INFO - [INFO] fetching: https://vignette3.wikia.nocookie.net/pokemon/images/6/64/Spikey_Eared_Pichu.jpg/revision/latest/scale-to-width-down/2000?cb=20130129204810
[2022-01-25 11:54:38,394] {logging_mixin.py:104} INFO - [INFO] fetching: https://webgames.host/uploads/2018/03/pikachu-bros.png
[2022-01-25 11:54:45,345] {logging_mixin.py:104} INFO - [INFO] fetching: https://wallpapercave.com/wp/wp6346994.png
[2022-01-25 11:54:45,628] {logging_mixin.py:104} INFO - [INFO] fetching: https://c.shld.net/rpx/i/s/i/spin/10032562/prod_12349903012??hei=64&wid=64&qlt=50
[2022-01-25 11:54:46,340] {logging_mixin.py:104} INFO - [INFO] fetching: https://static0.thegamerimages.com/wordpress/wp-content/uploads/2020/02/pikachu-featured.jpg
[2022-01-25 11:54:46,887] {logging_mixin.py:104} INFO - [INFO] fetching: http://www.baltana.com/files/wallpapers-16/Pokemon-Detective-Pikachu-Background-Wallpaper-39818.jpg
[2022-01-25 11:54:51,750] {logging_mixin.py:104} INFO - [INFO] fetching: https://1.bp.blogspot.com/-Uknx6gietjA/T_RdnzTHJ0I/AAAAAAAAE3s/VsmPxC7Js3E/s1600/Pikachu+Pokemon+Wallpapers+2.jpg
[2022-01-25 11:54:52,146] {logging_mixin.py:104} INFO - [INFO] fetching: https://www.pinclipart.com/picdir/middle/522-5225314_transparent-detective-pikachu-png-clipart.png
[2022-01-25 11:55:13,105] {logging_mixin.py:104} INFO - [INFO] fetching: https://yt3.ggpht.com/a/AATXAJy5TUeCGX8BPUjyMlQh0S1vFu9-PQFNlxk2xQ=s900-c-k-c0xffffffff-no-rj-mo
[2022-01-25 11:55:13,414] {logging_mixin.py:104} INFO - [INFO] fetching: https://whirli-production-images.s3.eu-west-2.amazonaws.com/products/yZYb57lPl7/yb9jP0AWgj_pokemon-pikachu-medium.jpg
[2022-01-25 11:55:15,185] {logging_mixin.py:104} INFO - [INFO] fetching: https://i.etsystatic.com/8557472/r/il/1009f9/1677348229/il_fullxfull.1677348229_ogtm.jpg
[2022-01-25 11:55:16,801] {logging_mixin.py:104} INFO - [INFO] fetching: https://megamousearts.com/wp-content/uploads/2020/05/Anime-Pikachu.jpg
[2022-01-25 11:55:17,705] {logging_mixin.py:104} INFO - [INFO-DEL] deleting: /opt/airflow/dags/images/pikachu_65.jpeg
[2022-01-25 11:55:17,708] {logging_mixin.py:104} INFO - [INFO] fetching: https://www.kolpaper.com/wp-content/uploads/2020/04/Pikachu-Wallpaper-5.jpg
[2022-01-25 11:55:20,319] {logging_mixin.py:104} INFO - [INFO] fetching: https://s1.thcdn.com/productimg/1600/1600/11793129-3294591567198503.jpg
[2022-01-25 11:55:21,352] {logging_mixin.py:104} INFO - [INFO] fetching: https://assets1.ignimgs.com/2016/10/28/503eaea31a316jpeg-f9b106.jpg?width=1280
[2022-01-25 11:55:22,093] {logging_mixin.py:104} INFO - [INFO] fetching: https://static2.srcdn.com/wordpress/wp-content/uploads/2019/05/Detective-Pikachu-Pokemon-Red.jpg
[2022-01-25 11:55:22,491] {logging_mixin.py:104} INFO - [INFO] fetching: https://images.nintendolife.com/43ece59eb41ff/1280x720.jpg
[2022-01-25 11:55:22,717] {logging_mixin.py:104} INFO - [INFO] fetching: https://wallpapers.moviemania.io/phone/movie/447404/e255b7/pokemon-detective-pikachu-phone-wallpaper.jpg?w=1536&h=2732
[2022-01-25 11:55:25,284] {logging_mixin.py:104} INFO - [INFO] fetching: https://media.gq.com/photos/5cd448e6b41d094fd2cd74af/16:9/w_2560%2Cc_limit/There-Could-Be-No-More-Perfect-Pikachu-Than-Ryan-Reynolds-gq-1.jpg
[2022-01-25 11:55:25,997] {logging_mixin.py:104} INFO - [INFO] fetching: https://yt3.ggpht.com/a/AATXAJxWSkYcdzgaCCCeLyKiozmRwjzPpGyIH3dNHMM=s900-c-k-c0xffffffff-no-rj-mo
[2022-01-25 11:55:26,359] {logging_mixin.py:104} INFO - [INFO] fetching: https://vignette.wikia.nocookie.net/obfcbt-wiki/images/2/21/Pikachucartoonbeatboxbattles.png/revision/latest?cb=20200527170448
[2022-01-25 11:55:28,640] {logging_mixin.py:104} INFO - [INFO] fetching: https://static0.therichestimages.com/wordpress/wp-content/uploads/2017/12/Sad-Pikachu.jpg
[2022-01-25 11:55:29,044] {logging_mixin.py:104} INFO - [INFO] fetching: https://lh3.googleusercontent.com/-pjv4YgoL5UI/XyvtmAe7IAI/AAAAAAAAAyg/yw8CdJezZS8u3FPhLCORyjmOhb2HosoKACLcBGAsYHQ/s1600/1596714392572854-14.png
[2022-01-25 11:55:29,598] {logging_mixin.py:104} INFO - [INFO] fetching: https://media.pocketmonsters.net/imageboard/31/14561285150091.jpg
[2022-01-25 11:55:30,920] {logging_mixin.py:104} INFO - [INFO] fetching: http://img4.wikia.nocookie.net/__cb20130114020548/projectcrusade/images/7/77/Pikachu.png
[2022-01-25 11:55:32,249] {logging_mixin.py:104} INFO - [INFO] fetching: https://img1.cgtrader.com/items/2603799/0f31abff97/pikachu-avatar-3d-model-stl.jpg
[2022-01-25 11:55:32,676] {logging_mixin.py:104} INFO - [INFO] fetching: https://i.kinja-img.com/gawker-media/image/upload/s--7N2i0AxA--/c_fill,fl_progressive,g_center,h_900,q_80,w_1600/gvi8m4p95orhorwg0bpv.jpg
[2022-01-25 11:55:33,040] {logging_mixin.py:104} INFO - [INFO] fetching: https://static1.thegamerimages.com/wordpress/wp-content/uploads/2018/05/New-Pikachu-Evolution-Cover-Image.jpg
[2022-01-25 11:55:33,449] {logging_mixin.py:104} INFO - [INFO] fetching: https://static1.thegamerimages.com/wordpress/wp-content/uploads/2019/06/Shiny-Pikachu.jpg
[2022-01-25 11:55:33,702] {logging_mixin.py:104} INFO - [INFO] fetching: http://www.baltana.com/files/wallpapers-16/Pokemon-Detective-Pikachu-Movie-Desktop-Wallpaper-39833.jpg
[2022-01-25 11:55:36,052] {logging_mixin.py:104} INFO - [INFO] fetching: http://i.ytimg.com/vi/o4juhokUSDc/maxresdefault.jpg
[2022-01-25 11:55:36,258] {logging_mixin.py:104} INFO - [INFO] fetching: https://webgames.host/uploads/2018/09/super-pikachu.png
[2022-01-25 11:55:45,588] {logging_mixin.py:104} INFO - [INFO] fetching: https://hdwallsbox.com/wallpapers/l/1080x1920/65/pokemon-pikachu-1080x1920-64096.jpg
[2022-01-25 11:55:46,799] {logging_mixin.py:104} INFO - [INFO-DEL] deleting: /opt/airflow/dags/images/pikachu_86.jpeg
[2022-01-25 11:55:46,802] {logging_mixin.py:104} INFO - [INFO] fetching: https://yt3.ggpht.com/a-/AAuE7mA4QFZvuGbW5z7QHDyL7KACDGvO_ukJ4IEBKw=s900-mo-c-c0xffffffff-rj-k-no
[2022-01-25 11:55:47,114] {logging_mixin.py:104} INFO - [INFO] fetching: https://images-wixmp-ed30a86b8c4ca887773594c2.wixmp.com/f/30e23551-c869-487d-a6d4-4aa73c102731/d553a9m-94352d40-78c7-433f-b867-801e0a04f563.jpg/v1/fill/w_894,h_894,q_70,strp/pikachu_wallpaper_by_moustachegirl05_d553a9m-pre.jpg?token=eyJ0eXAiOiJKV1QiLCJhbGciOiJIUzI1NiJ9.eyJzdWIiOiJ1cm46YXBwOiIsImlzcyI6InVybjphcHA6Iiwib2JqIjpbW3siaGVpZ2h0IjoiPD05MDAiLCJwYXRoIjoiXC9mXC8zMGUyMzU1MS1jODY5LTQ4N2QtYTZkNC00YWE3M2MxMDI3MzFcL2Q1NTNhOW0tOTQzNTJkNDAtNzhjNy00MzNmLWI4NjctODAxZTBhMDRmNTYzLmpwZyIsIndpZHRoIjoiPD05MDAifV1dLCJhdWQiOlsidXJuOnNlcnZpY2U6aW1hZ2Uub3BlcmF0aW9ucyJdfQ.xxkve31bTxQ94oqIMB1tVmzxFO7JuCCH7tXVIqsPdZ8
[2022-01-25 11:55:47,415] {logging_mixin.py:104} INFO - [INFO] fetching: https://static0.thegamerimages.com/wordpress/wp-content/uploads/2020/10/0-Pikachu-Comics.jpg
[2022-01-25 11:55:47,629] {logging_mixin.py:104} INFO - [INFO] fetching: https://img2.cgtrader.com/items/2663418/5d0149e95e/pikachu-3d-model-obj-stl-blend-dae.jpg
[2022-01-25 11:55:48,048] {logging_mixin.py:104} INFO - [INFO] fetching: https://cdn4.dualshockers.com/wp-content/uploads/2013/08/pokemon-pikachu-hd.jpg
[2022-01-25 11:55:48,776] {logging_mixin.py:104} INFO - [INFO] fetching: https://heavy.com/wp-content/uploads/2017/08/screen-shot-2017-08-09-at-9-59-40-am-e1502287216960.png
[2022-01-25 11:55:49,311] {logging_mixin.py:104} INFO - [INFO] fetching: https://animetos.com/wp-content/uploads/2021/01/img_6054-scaled.jpg
[2022-01-25 11:55:56,478] {logging_mixin.py:104} INFO - [INFO] fetching: https://pngimg.com/uploads/pokemon/pokemon_PNG103.png
[2022-01-25 11:55:57,069] {logging_mixin.py:104} INFO - [INFO] fetching: https://appliquedesignz.com/image/cache/data/Pokemon_Pikachu_Applique_Design_590_0-1200x1200.jpg
[2022-01-25 11:55:58,102] {logging_mixin.py:104} INFO - [INFO-DEL] deleting: /opt/airflow/dags/images/pikachu_95.jpeg
[2022-01-25 11:55:58,111] {logging_mixin.py:104} INFO - [INFO] fetching: https://i.pinimg.com/736x/69/b4/86/69b4861c06c48e990fd225d75a8c4b73--pokemon.jpg
[2022-01-25 11:56:00,063] {logging_mixin.py:104} INFO - [INFO] fetching: https://webstockreview.net/images/pikachu-clipart-pikachu-tail-10.png
[2022-01-25 11:56:01,430] {logging_mixin.py:104} INFO - [INFO] fetching: https://www.pngall.com/wp-content/uploads/5/Pokemon-Pikachu-PNG-Picture.png
[2022-01-25 11:56:04,399] {logging_mixin.py:104} INFO - [INFO] fetching: https://d3ieicw58ybon5.cloudfront.net/ex/1200.630/20.119.632.332/u/69bd8a787a374c94830d9f9c87ead74d.jpg
[2022-01-25 11:56:04,681] {logging_mixin.py:104} INFO - [INFO] making request for group 100-150 of 1000...
[2022-01-25 11:56:06,053] {logging_mixin.py:104} INFO - [INFO] saving images for group 100-150 of 1000...
[2022-01-25 11:56:06,054] {logging_mixin.py:104} INFO - [INFO] fetching: https://wallpapers.moviemania.io/phone/movie/447404/e255b7/pokemon-detective-pikachu-phone-wallpaper.jpg?w=1536&h=2732
[2022-01-25 11:56:08,759] {logging_mixin.py:104} INFO - [INFO] fetching: https://www.pokemoncenter.com/products/images/P6480/701-06560/P6480_701-06560_01.jpg
[2022-01-25 11:56:10,338] {logging_mixin.py:104} INFO - [INFO] fetching: https://i.neoseeker.com/n/7/pika.jpg
[2022-01-25 11:56:11,892] {logging_mixin.py:104} INFO - [INFO] fetching: https://media.nichegamer.com/wp-content/uploads/2018/01/12144503/detective-pikachu-01-12-18-2-1200x1330.jpg
[2022-01-25 11:56:12,110] {logging_mixin.py:104} INFO - [INFO-DEL] deleting: /opt/airflow/dags/images/pikachu_103.jpeg
[2022-01-25 11:56:12,113] {logging_mixin.py:104} INFO - [INFO] fetching: https://www.pokemoncenter.com/products/images/P4537/701-03482/P4537_701-03482_01.jpg
[2022-01-25 11:56:12,843] {logging_mixin.py:104} INFO - [INFO] fetching: https://nintendoeverything.com/wp-content/uploads/sites/1/nggallery/detective-pikachu-art/detective-pikachu-7.jpg
[2022-01-25 11:56:15,387] {logging_mixin.py:104} INFO - [INFO] fetching: https://d1lss44hh2trtw.cloudfront.net/assets/article/2019/05/28/detective-pikachu-coffee_feature.jpg
[2022-01-25 11:56:15,739] {logging_mixin.py:104} INFO - [INFO] fetching: https://www.gamepur.com/files/images/tldr/2017/07/How-To-Catch-Ashs-Hat-Pikachu-Feature.jpg
[2022-01-25 11:56:16,843] {logging_mixin.py:104} INFO - [INFO] fetching: https://media.pocketmonsters.net/imageboard/31/14561285400034.jpg
[2022-01-25 11:56:19,023] {logging_mixin.py:104} INFO - [INFO] fetching: https://img1.cgtrader.com/items/2363834/9e80c00060/pocky-pikachu-pokemon-stl-3d-model-stl.jpg
[2022-01-25 11:56:20,406] {logging_mixin.py:104} INFO - [INFO] fetching: https://vamers.com/wp-content/uploads/2019/05/Vamers-Entertainment-Watch-Detective-Pikachu-online-for-free-Main-Banner.jpg
[2022-01-25 11:56:20,721] {logging_mixin.py:104} INFO - [INFO] fetching: https://wallpapercave.com/wp/wp5526652.jpg
[2022-01-25 11:56:21,282] {logging_mixin.py:104} INFO - [INFO] fetching: https://imgix.ranker.com/user_node_img/50090/1001785516/original/pika-pika-photo-u2?fit=crop&fm=pjpg&q=60&w=650&dpr=2
[2022-01-25 11:56:22,440] {logging_mixin.py:104} INFO - [INFO] fetching: https://s2.megabrandsmedia.com/products/megabloks-50434ac1376b0135b061beb317f36f5b-1493649325-fjn61-19745.jpg
[2022-01-25 11:56:22,846] {logging_mixin.py:104} INFO - [INFO] fetching: https://static3.gamerantimages.com/wordpress/wp-content/uploads/2021/01/SpecialPikachuHeader.jpg
[2022-01-25 11:56:23,581] {logging_mixin.py:104} INFO - [INFO] fetching: https://static1.srcdn.com/wordpress/wp-content/uploads/2019/05/Pokemon-Detective-Pikachu-Sequel.jpg
[2022-01-25 11:56:24,048] {logging_mixin.py:104} INFO - [INFO] fetching: http://media.pocketmonsters.net/imageboard/31/15228538780096.jpg
[2022-01-25 11:56:26,738] {logging_mixin.py:104} INFO - [INFO] fetching: http://www.eventmascots.co.uk/wp-content/uploads/2016/09/pokemon.png
[2022-01-25 11:56:56,995] {logging_mixin.py:104} INFO - [ERROR]:  HTTPConnectionPool(host='www.eventmascots.co.uk', port=80): Read timed out. (read timeout=30)
[2022-01-25 11:56:56,996] {logging_mixin.py:104} INFO - [INFO] fetching: https://assets.vg247.com/current/2016/01/detective_pikachu.jpg
[2022-01-25 11:56:57,486] {logging_mixin.py:104} INFO - [INFO] fetching: https://imgix.ranker.com/user_node_img/50090/1001785514/original/i-will-electrocute_-you-photo-u1?fit=crop&fm=pjpg&q=60&w=650&dpr=2
[2022-01-25 11:56:58,274] {logging_mixin.py:104} INFO - [INFO] fetching: https://static2.srcdn.com/wordpress/wp-content/uploads/2019/05/Pokemon-Detective-Pikachu-Post-credits-scene.jpg
[2022-01-25 11:56:58,969] {logging_mixin.py:104} INFO - [INFO] fetching: https://s2.megabrandsmedia.com/2018/07/18/16/40/33/r/1000x750/B4BGYOKfXw1531946433.jpeg
[2022-01-25 11:56:59,373] {logging_mixin.py:104} INFO - [INFO] fetching: http://pinataboy.com/wp-content/uploads/2017/05/0E7CABEB-1F30-4E6C-B586-2CEBDA4C5AD8.jpg
[2022-01-25 11:57:00,296] {logging_mixin.py:104} INFO - [INFO-DEL] deleting: /opt/airflow/dags/images/pikachu_121.jpeg
[2022-01-25 11:57:00,307] {logging_mixin.py:104} INFO - [INFO] fetching: https://images-wixmp-ed30a86b8c4ca887773594c2.wixmp.com/f/30e23551-c869-487d-a6d4-4aa73c102731/d553a9m-94352d40-78c7-433f-b867-801e0a04f563.jpg/v1/fill/w_894,h_894,q_70,strp/pikachu_wallpaper_by_moustachegirl05_d553a9m-pre.jpg?token=eyJ0eXAiOiJKV1QiLCJhbGciOiJIUzI1NiJ9.eyJzdWIiOiJ1cm46YXBwOiIsImlzcyI6InVybjphcHA6Iiwib2JqIjpbW3siaGVpZ2h0IjoiPD05MDAiLCJwYXRoIjoiXC9mXC8zMGUyMzU1MS1jODY5LTQ4N2QtYTZkNC00YWE3M2MxMDI3MzFcL2Q1NTNhOW0tOTQzNTJkNDAtNzhjNy00MzNmLWI4NjctODAxZTBhMDRmNTYzLmpwZyIsIndpZHRoIjoiPD05MDAifV1dLCJhdWQiOlsidXJuOnNlcnZpY2U6aW1hZ2Uub3BlcmF0aW9ucyJdfQ.xxkve31bTxQ94oqIMB1tVmzxFO7JuCCH7tXVIqsPdZ8
[2022-01-25 11:57:00,619] {logging_mixin.py:104} INFO - [INFO] fetching: https://img2.cgtrader.com/items/1936395/2792841c74/pikachu-3d-model-stl.jpg
[2022-01-25 11:57:00,972] {logging_mixin.py:104} INFO - [INFO] fetching: https://wallpapertag.com/wallpaper/middle/3/e/0/421412-most-popular-pokemon-pikachu-wallpapers-1990x1440-for-mac.jpg
[2022-01-25 11:57:02,751] {logging_mixin.py:104} INFO - [INFO] fetching: https://static1.thegamerimages.com/wordpress/wp-content/uploads/2020/03/Pokemon-Lets-Go-Eevee-and-Pikachu-Dressed-With-Nice-Bows.jpg
[2022-01-25 11:57:03,005] {logging_mixin.py:104} INFO - [INFO] fetching: https://img2.cgtrader.com/items/2397682/ff1d56ce8d/pikachu-pokemon-3d-model-stl.jpg
[2022-01-25 11:57:03,217] {logging_mixin.py:104} INFO - [INFO] fetching: https://www.pokemoncenter.com/products/images/P7133/108309/P7133_108309_01.jpg
[2022-01-25 11:57:04,852] {logging_mixin.py:104} INFO - [INFO] fetching: https://i2.wp.com/sotaku.com/wp-content/uploads/2018/05/Pika.jpg?fit=2503%2C1306&ssl=1
[2022-01-25 11:57:06,782] {logging_mixin.py:104} INFO - [INFO] fetching: https://cdna.artstation.com/p/assets/images/images/011/013/148/large/bayram-baglayan-img-20180524-181437-904.jpg?1527428430
[2022-01-25 11:57:07,364] {logging_mixin.py:104} INFO - [INFO] fetching: https://imgix.bustle.com/rehost/2016/9/14/3bddb9fb-8417-42bd-ad68-483047679620.png?w=1200&h=630&q=70&fit=crop&crop=faces&fm=jpg
[2022-01-25 11:57:08,381] {logging_mixin.py:104} INFO - [INFO] fetching: https://screenvisionmedia.com/wp-content/uploads/2019/04/pokemon-detective-pikachu.jpg
[2022-01-25 11:57:11,069] {logging_mixin.py:104} INFO - [INFO] fetching: https://pngeditz.com/wp-content/uploads/2019/06/pikachuu-png.png
[2022-01-25 11:57:17,030] {logging_mixin.py:104} INFO - [INFO] fetching: https://i.kinja-img.com/gawker-media/image/upload/s--zxpIWDK6--/c_fill,fl_progressive,g_center,h_900,q_80,w_1600/r3lapixycmqowiraveb1.jpg
[2022-01-25 11:57:35,380] {logging_mixin.py:104} INFO - [INFO-DEL] deleting: /opt/airflow/dags/images/pikachu_133.jpeg
[2022-01-25 11:57:35,390] {logging_mixin.py:104} INFO - [INFO] fetching: http://i.ytimg.com/vi/SHzl08jICtE/maxresdefault.jpg
[2022-01-25 11:57:35,909] {logging_mixin.py:104} INFO - [INFO] fetching: https://1.bp.blogspot.com/-w4nzY4co0ZM/TifSkIheO8I/AAAAAAAAAJg/gkhTNP32ZQM/s1600/cute_pikachu_picture.jpg
[2022-01-25 11:57:37,068] {logging_mixin.py:104} INFO - [INFO] fetching: http://2.bp.blogspot.com/-EHYbTpQLsmM/TyVRPH5RMGI/AAAAAAAAAb0/M7hnCPo5i20/w1200-h630-p-k-no-nu/pikachu.jpg
[2022-01-25 11:57:37,563] {logging_mixin.py:104} INFO - [INFO] fetching: https://static2.thegamerimages.com/wordpress/wp-content/uploads/2020/03/pikachu-libre.jpg
[2022-01-25 11:57:38,052] {logging_mixin.py:104} INFO - [INFO] fetching: https://i.ytimg.com/vi/0z51tiRkqN8/maxresdefault.jpg
[2022-01-25 11:57:39,039] {logging_mixin.py:104} INFO - [INFO] fetching: https://images.nintendolife.com/news/2018/05/we_nearly_had_a_terrifying_second_pikachu_evolution_with_horns_and_fangs/1280x720.jpg
[2022-01-25 11:57:39,660] {logging_mixin.py:104} INFO - [INFO] fetching: https://img1.svg.com/img/gallery/what-animal-is-pikachu-based-on-in-real-life/intro-1567797719.jpg
[2022-01-25 11:57:40,362] {logging_mixin.py:104} INFO - [INFO] fetching: https://picon.ngfiles.com/701000/flash_701437_largest_crop.png?f1601049528
[2022-01-25 11:57:44,663] {logging_mixin.py:104} INFO - [INFO] fetching: http://www.zastavki.com/pictures/640x480/2014/Cartoons____Pokemon_Pikachu_059581_29.jpg
[2022-01-25 11:57:45,952] {logging_mixin.py:104} INFO - [ERROR]:  HTTPSConnectionPool(host='www.zastavki.com', port=443): Max retries exceeded with url: /pictures/640x480/2014/Cartoons____Pokemon_Pikachu_059581_29.jpg (Caused by SSLError(SSLError(1, '[SSL: CERTIFICATE_VERIFY_FAILED] certificate verify failed (_ssl.c:852)'),))
[2022-01-25 11:57:45,954] {logging_mixin.py:104} INFO - [INFO] fetching: https://media.sketchfab.com/models/ac60f6f686c14be6a1a636646afb5302/thumbnails/9e77d8ef114a4894a799047fc67ca152/4f892941ad124776884379bb684ead26.jpeg
[2022-01-25 11:57:46,888] {logging_mixin.py:104} INFO - [INFO] fetching: https://external-preview.redd.it/BzrkFNZBvqovaRR-Kplr4lVm3QCNQ13RZDf35R_bTws.jpg?auto=webp&s=b79c39364d2875b27c2b1f14deb1e9ce57f63756
[2022-01-25 11:57:47,933] {logging_mixin.py:104} INFO - [INFO] fetching: https://s3.getstickerpack.com/storage/uploads/sticker-pack/pikachu/4.png?a15620715062e25ce71b7dd3da72c25c&d=200x200
[2022-01-25 11:57:48,493] {logging_mixin.py:104} INFO - [INFO] fetching: https://d3ieicw58ybon5.cloudfront.net/ex/1200.630/20.119.632.332/u/69bd8a787a374c94830d9f9c87ead74d.jpg
[2022-01-25 11:57:49,005] {logging_mixin.py:104} INFO - [INFO] fetching: https://www.freegame.games/wp-content/uploads/thumbs/gamemonetize/P/pokemon-pikachu.jpg
[2022-01-25 11:57:51,173] {logging_mixin.py:104} INFO - [INFO] fetching: http://wallpoper.com/images/00/27/94/87/pokemon-pikachu_00279487.jpg
[2022-01-25 11:57:52,211] {logging_mixin.py:104} INFO - [INFO-DEL] deleting: /opt/airflow/dags/images/pikachu_147.jpeg
[2022-01-25 11:57:52,243] {logging_mixin.py:104} INFO - [INFO] making request for group 150-200 of 1000...
[2022-01-25 11:57:53,299] {logging_mixin.py:104} INFO - [INFO] saving images for group 150-200 of 1000...
[2022-01-25 11:57:53,301] {logging_mixin.py:104} INFO - [INFO] fetching: https://static1.gamerantimages.com/wordpress/wp-content/uploads/2020/08/pikachu-viral-song.jpg
[2022-01-25 11:57:53,896] {logging_mixin.py:104} INFO - [INFO] fetching: https://cdn.myminifactory.com/assets/object-assets/5c8be2a16ed93/images/pokemon-pikachu327.JPG
[2022-01-25 11:58:05,422] {logging_mixin.py:104} INFO - [INFO] fetching: https://pokecharms.com/data/attachment-files/2018/07/645262_bloodypika.png
[2022-01-25 11:58:12,990] {logging_mixin.py:104} INFO - [INFO] fetching: https://buzz.tt/media/posters/2405/posters_3_1500.jpg
[2022-01-25 11:58:20,489] {logging_mixin.py:104} INFO - [INFO] fetching: https://wallpapersmug.com/download/1024x768/7811b7/movie-2019-pokemon-detective-pikachu-pokemon.jpg
[2022-01-25 11:58:21,853] {logging_mixin.py:104} INFO - [INFO-DEL] deleting: /opt/airflow/dags/images/pikachu_152.jpeg
[2022-01-25 11:58:21,857] {logging_mixin.py:104} INFO - [INFO] fetching: https://assets.vg247.com/current/2016/01/detective_pikachu.jpg
[2022-01-25 11:58:22,499] {logging_mixin.py:104} INFO - [INFO] fetching: http://3.bp.blogspot.com/-gL5V6U8cb1c/TngvK5fZaII/AAAAAAAACJc/2FD1xoQmPpE/w1200-h630-p-k-no-nu/12.JPG
[2022-01-25 11:58:23,472] {logging_mixin.py:104} INFO - [INFO] fetching: https://www.pokemoncenter.com/wcsstore/PokemonCatalogAssetStore/images/catalog/products/P3817/701-02921/P3817_701-02921_03.jpg
[2022-01-25 11:58:25,477] {logging_mixin.py:104} INFO - [INFO] fetching: https://assets.3dtotal.com/1.pcpkfh.expanded.9ix.jpg
[2022-01-25 11:58:26,283] {logging_mixin.py:104} INFO - [INFO] fetching: https://yt3.ggpht.com/a/AGF-l79uh-5iB6JkspJEjauYlzWl9Dg2IdMX9Esi=s900-c-k-c0xffffffff-no-rj-mo
[2022-01-25 11:58:27,827] {logging_mixin.py:104} INFO - [INFO] fetching: https://www.pokemoncenter.com/products/images/P4315/701-03544/P4315_701-03544_01.jpg
[2022-01-25 11:58:28,790] {logging_mixin.py:104} INFO - [INFO] fetching: https://gdrivedl.xyz/wp-content/uploads/2019/07/Detective-Pikachu.jpg
[2022-01-25 11:58:46,129] {logging_mixin.py:104} INFO - [INFO-DEL] deleting: /opt/airflow/dags/images/pikachu_159.jpeg
[2022-01-25 11:58:46,132] {logging_mixin.py:104} INFO - [INFO] fetching: https://i2.wp.com/sotaku.com/wp-content/uploads/2018/05/Pika.jpg?fit=2503%2C1306&ssl=1
[2022-01-25 11:58:47,779] {logging_mixin.py:104} INFO - [INFO] fetching: https://s2.megabrandsmedia.com/products/megabloks-90799c5dc02b90723e2f30c4f368b491-1493649325-fjn61-19746.jpg
[2022-01-25 11:58:48,783] {logging_mixin.py:104} INFO - [INFO] fetching: https://art.ngfiles.com/images/322000/322197_gaziter_pikachu-zombie.jpg?f1412681513
[2022-01-25 11:58:52,128] {logging_mixin.py:104} INFO - [INFO] fetching: https://images-wixmp-ed30a86b8c4ca887773594c2.wixmp.com/f/54adb844-d78c-4a63-9a83-b6229792972b/dd1uevh-0c416cc3-c1db-4e11-a499-423cf3ac571b.png?token=eyJ0eXAiOiJKV1QiLCJhbGciOiJIUzI1NiJ9.eyJzdWIiOiJ1cm46YXBwOjdlMGQxODg5ODIyNjQzNzNhNWYwZDQxNWVhMGQyNmUwIiwiaXNzIjoidXJuOmFwcDo3ZTBkMTg4OTgyMjY0MzczYTVmMGQ0MTVlYTBkMjZlMCIsIm9iaiI6W1t7InBhdGgiOiJcL2ZcLzU0YWRiODQ0LWQ3OGMtNGE2My05YTgzLWI2MjI5NzkyOTcyYlwvZGQxdWV2aC0wYzQxNmNjMy1jMWRiLTRlMTEtYTQ5OS00MjNjZjNhYzU3MWIucG5nIn1dXSwiYXVkIjpbInVybjpzZXJ2aWNlOmZpbGUuZG93bmxvYWQiXX0.pJuDclndZXxSCB-I6rC_iQ04HrGp0j8kb_2mLqsDTUQ
[2022-01-25 11:58:52,807] {logging_mixin.py:104} INFO - [INFO] fetching: https://static1.srcdn.com/wordpress/wp-content/uploads/2019/02/Pikachu-in-Detective-Pikachu.jpg
[2022-01-25 11:58:53,282] {logging_mixin.py:104} INFO - [INFO] fetching: https://static1.srcdn.com/wordpress/wp-content/uploads/2019/05/Detective-PIkachu-Pokemon-Franchise-Future-Red-SR.jpg
[2022-01-25 11:58:53,736] {logging_mixin.py:104} INFO - [INFO] fetching: https://www.thesfnews.com/wp-content/uploads/2019/06/Pokemon-Detective-Pikachu.jpg
[2022-01-25 11:58:55,728] {logging_mixin.py:104} INFO - [INFO] fetching: https://media.pocketmonsters.net/imageboard/29/15578625950086.jpg
[2022-01-25 11:58:57,989] {logging_mixin.py:104} INFO - [INFO] fetching: https://i.pinimg.com/736x/61/48/da/6148da8687c465c103e7b812df50cfc8.jpg
[2022-01-25 11:58:58,576] {logging_mixin.py:104} INFO - [INFO] fetching: https://s1.megabrandsmedia.com/2018/12/10/10/45/37/1EIyBbNqxf1544456737.jpeg
[2022-01-25 11:58:59,472] {logging_mixin.py:104} INFO - [INFO] fetching: http://wallpoper.com/images/00/37/70/48/pokemon-pikachu_00377048.jpg
[2022-01-25 11:59:00,519] {logging_mixin.py:104} INFO - [INFO-DEL] deleting: /opt/airflow/dags/images/pikachu_170.jpeg
[2022-01-25 11:59:00,523] {logging_mixin.py:104} INFO - [INFO] fetching: https://static1.cbrimages.com/wordpress/wp-content/uploads/2020/03/Ryan-Reynolds-In-Detective-Pikachu.jpg
[2022-01-25 11:59:01,057] {logging_mixin.py:104} INFO - [INFO] fetching: https://s01.sgp1.cdn.digitaloceanspaces.com/article/119298-tqvoskxurz-1557394806.jpg
[2022-01-25 11:59:01,762] {logging_mixin.py:104} INFO - [INFO] fetching: https://static0.thegamerimages.com/wordpress/wp-content/uploads/2019/07/Detective-Pikachu.jpg
[2022-01-25 11:59:02,043] {logging_mixin.py:104} INFO - [INFO] fetching: http://wallpapersdsc.net/wp-content/uploads/2016/09/Pikachu-Desktop.png
[2022-01-25 11:59:13,124] {logging_mixin.py:104} INFO - [INFO] fetching: https://cdn.vox-cdn.com/thumbor/hsSMwgBAcsM2Dts7oOa9QTF3ltg=/0x0:1920x803/1200x800/filters:focal(843x183:1149x489)/cdn.vox-cdn.com/uploads/chorus_image/image/62280609/detective_pikachu_trailer_30_1920.0.jpg
[2022-01-25 11:59:15,121] {logging_mixin.py:104} INFO - [INFO] fetching: https://i0.wp.com/artofvfx.com/wp-content/uploads/2019/02/Pokemon_DetectivePikachu_BigSpot.jpg?ssl=1
[2022-01-25 11:59:15,812] {logging_mixin.py:104} INFO - [INFO] fetching: https://s2.megabrandsmedia.com/products/megabloks-08e07d76c22a69d77c34f95331460d73-1508167148-fnl92-21908.jpg
[2022-01-25 11:59:16,138] {logging_mixin.py:104} INFO - [INFO] fetching: https://img1.cgtrader.com/items/670200/eae66b07d2/pikachu-3d-model-low-poly-obj-c4d-stl-ztl-mtl.png
[2022-01-25 11:59:17,072] {logging_mixin.py:104} INFO - [INFO] fetching: http://1.bp.blogspot.com/-cgHSrYD8Dh0/UoMnOdL-EuI/AAAAAAAABw4/aEbAnCz3-qw/s1600/pikachu-wallpaper-+beautyful1313116.jpg
[2022-01-25 11:59:17,611] {logging_mixin.py:104} INFO - [INFO] fetching: https://pm1.narvii.com/6145/236cab9b9ebac1155ff1e4aafc08e843558d7c89_hq.jpg
[2022-01-25 11:59:18,349] {logging_mixin.py:104} INFO - [INFO] fetching: https://images-wixmp-ed30a86b8c4ca887773594c2.wixmp.com/f/02721cb8-957d-4bae-b950-11016461189b/dd8j91h-05d30285-6094-4632-8dd9-c7f19975f2ee.jpg/v1/fill/w_800,h_1003,q_75,strp/pikachu___detective_pikachu_by_blondynkitezgraja_dd8j91h-fullview.jpg?token=eyJ0eXAiOiJKV1QiLCJhbGciOiJIUzI1NiJ9.eyJzdWIiOiJ1cm46YXBwOjdlMGQxODg5ODIyNjQzNzNhNWYwZDQxNWVhMGQyNmUwIiwiaXNzIjoidXJuOmFwcDo3ZTBkMTg4OTgyMjY0MzczYTVmMGQ0MTVlYTBkMjZlMCIsIm9iaiI6W1t7ImhlaWdodCI6Ijw9MTAwMyIsInBhdGgiOiJcL2ZcLzAyNzIxY2I4LTk1N2QtNGJhZS1iOTUwLTExMDE2NDYxMTg5YlwvZGQ4ajkxaC0wNWQzMDI4NS02MDk0LTQ2MzItOGRkOS1jN2YxOTk3NWYyZWUuanBnIiwid2lkdGgiOiI8PTgwMCJ9XV0sImF1ZCI6WyJ1cm46c2VydmljZTppbWFnZS5vcGVyYXRpb25zIl19.rPhYGqAWrpszhFqTme80uyVW2ky9b4EPrr272e-el40
[2022-01-25 11:59:19,192] {logging_mixin.py:104} INFO - [INFO] fetching: https://www.desicomments.com/wp-content/uploads/Angry-Pikachu-Sketch.png
[2022-01-25 11:59:20,090] {logging_mixin.py:104} INFO - [INFO] fetching: https://static1.thegamerimages.com/wordpress/wp-content/uploads/2019/11/Pokemon-Cramorant-eating-Pikachu.jpg
[2022-01-25 11:59:20,448] {logging_mixin.py:104} INFO - [INFO] fetching: https://cdn.myminifactory.com/assets/object-assets/5d8aa4738e22e/images/720X720-pikachu-2.jpg
[2022-01-25 11:59:22,573] {logging_mixin.py:104} INFO - [INFO] fetching: https://daily.pokecommunity.com/wp-content/uploads/2017/08/shiny_pikachu_GO.jpg
[2022-01-25 11:59:25,365] {logging_mixin.py:104} INFO - [INFO] fetching: https://art.ngfiles.com/images/771000/771772_zsloth_pikachu-libre.png?f1546571609
[2022-01-25 11:59:29,288] {logging_mixin.py:104} INFO - [INFO] fetching: https://img2.cgtrader.com/items/2101925/e6e8c1e4a2/pikachu-pokemon-t-pose-3d-model-obj-mtl-fbx.jpg
[2022-01-25 11:59:30,136] {logging_mixin.py:104} INFO - [INFO] fetching: https://tinfoil.media/i/010003F003A34000/0/0/68319146899bcac903887a25ff13c361b86c2980f5fb3231cc7863188ffce251
[2022-01-25 11:59:32,861] {logging_mixin.py:104} INFO - [INFO] fetching: https://images-wixmp-ed30a86b8c4ca887773594c2.wixmp.com/f/0b4751be-6914-4525-96b4-da5671aa3b6f/d2gomzp-b52e9e8e-2cd4-4e96-840d-d7fbdf4d8a13.jpg/v1/fill/w_1027,h_778,q_70,strp/pikachu_face_wallpaper_by_waddledoo_d2gomzp-pre.jpg?token=eyJ0eXAiOiJKV1QiLCJhbGciOiJIUzI1NiJ9.eyJzdWIiOiJ1cm46YXBwOjdlMGQxODg5ODIyNjQzNzNhNWYwZDQxNWVhMGQyNmUwIiwiaXNzIjoidXJuOmFwcDo3ZTBkMTg4OTgyMjY0MzczYTVmMGQ0MTVlYTBkMjZlMCIsIm9iaiI6W1t7ImhlaWdodCI6Ijw9MTIxMyIsInBhdGgiOiJcL2ZcLzBiNDc1MWJlLTY5MTQtNDUyNS05NmI0LWRhNTY3MWFhM2I2ZlwvZDJnb216cC1iNTJlOWU4ZS0yY2Q0LTRlOTYtODQwZC1kN2ZiZGY0ZDhhMTMuanBnIiwid2lkdGgiOiI8PTE2MDAifV1dLCJhdWQiOlsidXJuOnNlcnZpY2U6aW1hZ2Uub3BlcmF0aW9ucyJdfQ.-qM83WTc4Y6UAjYrdvXmHdYGRyIdnaFKqMwsZ5fyvBc
[2022-01-25 11:59:33,950] {logging_mixin.py:104} INFO - [INFO] fetching: https://s1.megabrandsmedia.com/2020/06/02/15/17/47/r/1000x750/fgbYhfBDzS1591125467.jpeg
[2022-01-25 11:59:34,703] {logging_mixin.py:104} INFO - [INFO] fetching: http://wallpup.com/wp-content/uploads/2013/02/Pikachu-Pokemon-Wallpaper.jpg
[2022-01-25 11:59:35,066] {local_task_job.py:188} WARNING - State of this instance has been externally set to failed. Terminating instance.
[2022-01-25 11:59:35,084] {process_utils.py:100} INFO - Sending Signals.SIGTERM to GPID 75
[2022-01-25 11:59:35,100] {taskinstance.py:1239} ERROR - Received SIGTERM. Terminating subprocesses.
[2022-01-25 11:59:35,111] {logging_mixin.py:104} INFO - [ERROR]:  Task received SIGTERM signal
[2022-01-25 11:59:35,112] {logging_mixin.py:104} INFO - [INFO] fetching: http://getwallpapers.com/wallpaper/full/f/b/b/399192.jpg
[2022-01-25 11:59:37,733] {logging_mixin.py:104} INFO - [INFO] fetching: http://data.ibtimes.sg/en/full/16612/pikachu.jpg
[2022-01-25 11:59:39,126] {logging_mixin.py:104} INFO - [INFO] fetching: https://static.tumblr.com/c4afa18619e7f4ba3a72cf869dd21ed8/eybk5yk/YDKmu2acr/tumblr_static_pikachu.full.997159.jpg
[2022-01-25 11:59:40,231] {logging_mixin.py:104} INFO - [INFO] fetching: http://clipartmag.com/image/ash-and-pikachu-drawing-33.jpg
[2022-01-25 11:59:43,118] {logging_mixin.py:104} INFO - [INFO] fetching: https://superawesomevectors.com/wp-content/uploads/2017/05/pikachu-pokemon-vector-thumb.jpg
[2022-01-25 11:59:44,272] {logging_mixin.py:104} INFO - [INFO-DEL] deleting: /opt/airflow/dags/images/pikachu_195.jpeg
[2022-01-25 11:59:44,277] {logging_mixin.py:104} INFO - [INFO] fetching: https://pngimg.com/uploads/pokemon/pokemon_PNG104.png
[2022-01-25 11:59:46,103] {logging_mixin.py:104} INFO - [INFO] making request for group 200-250 of 1000...
[2022-01-25 11:59:48,141] {logging_mixin.py:104} INFO - [INFO] saving images for group 200-250 of 1000...
[2022-01-25 11:59:48,159] {logging_mixin.py:104} INFO - [INFO] fetching: https://cdn.myminifactory.com/assets/object-assets/5c8be2a16ed93/images/pokemon-pikachu327.JPG
[2022-01-25 11:59:58,684] {logging_mixin.py:104} INFO - [INFO] fetching: https://external-preview.redd.it/21ByTbZ564IqVWGr2KS0p6W1t3n4iZ_kh1e6SHKAt4c.jpg?width=640&crop=smart&auto=webp&s=ba59c329ca91846b22a9d22d09641735e1b64867
[2022-01-25 11:59:59,173] {logging_mixin.py:104} INFO - [INFO] fetching: https://assets1.ignimgs.com/2019/06/10/detective-pikachu---button-1560127101697.jpg
[2022-01-25 12:00:00,196] {logging_mixin.py:104} INFO - [INFO] fetching: https://d1lss44hh2trtw.cloudfront.net/assets/article/2019/04/22/pikahug_feature.png
[2022-01-25 12:00:01,847] {logging_mixin.py:104} INFO - [INFO] fetching: https://scale.coolshop-cdn.com/product-media.coolshop-cdn.com/234K5Z/023172b404f648afad160d1bbb97f05a.jpg/f/pokemon-pikachu-xl-lamp-mdieotbbn11356.jpg?borderless=1&width=1920
[2022-01-25 12:00:02,290] {logging_mixin.py:104} INFO - [INFO] fetching: https://www.pokemoncenter.com/products/images/P2931/701-00071/P2931_701-00071_01.jpg
[2022-01-25 12:00:03,580] {logging_mixin.py:104} INFO - [INFO] fetching: https://static2.gamerantimages.com/wordpress/wp-content/uploads/2020/10/pokemon-partner-cap-pikachu-banner.jpg
[2022-01-25 12:00:03,906] {logging_mixin.py:104} INFO - [INFO] fetching: https://images.metadata.sky.com/pd-image/aa2ccf5b-f102-4ef8-8456-8604f82c9705/16-9
[2022-01-25 12:00:06,979] {logging_mixin.py:104} INFO - [INFO] fetching: http://cdn.shopify.com/s/files/1/1433/5988/products/Pika_grande.jpg?v=1482223575
[2022-01-25 12:00:07,229] {logging_mixin.py:104} INFO - [INFO] fetching: https://www.pokemoncenter.com/products/images/P4315/701-03544/P4315_701-03544_01.jpg
[2022-01-25 12:00:08,065] {logging_mixin.py:104} INFO - [INFO] fetching: https://buzz.tt/media/posters/2405/posters_1_1500.jpg
[2022-01-25 12:00:14,678] {logging_mixin.py:104} INFO - [INFO] fetching: https://www.fortressofsolitude.co.za/wp-content/uploads/2019/02/Pokemon-Detective-Pikachu.jpg
[2022-01-25 12:00:16,909] {logging_mixin.py:104} INFO - [INFO] fetching: https://wegotthiscovered.com/wp-content/uploads/2019/01/Detective-Pikachu.jpeg
[2022-01-25 12:00:17,484] {logging_mixin.py:104} INFO - [INFO] fetching: https://www.desicomments.com/wp-content/uploads/Pikachu-With-Mustache-Old-Aged-Look.jpg
[2022-01-25 12:00:18,357] {logging_mixin.py:104} INFO - [INFO] fetching: https://yourdailylama.com/wp-content/uploads/2018/11/detective-pikachu-1.jpg.optimal.jpg
[2022-01-25 12:00:25,324] {logging_mixin.py:104} INFO - [INFO] fetching: https://wallpapercave.com/wp/wp8906979.png
[2022-01-25 12:00:27,102] {logging_mixin.py:104} INFO - [INFO] fetching: https://burningtreegaming.com/wp-content/uploads/2020/10/Takara-Tomy-4-Inch-Figurine-Pokemon-Pikachu-Gigantamax-Form.jpg
[2022-01-25 12:00:29,632] {logging_mixin.py:104} INFO - [INFO] fetching: https://reelgood.com.au/app/uploads/2019/05/ddp.jpg
[2022-01-25 12:00:31,205] {logging_mixin.py:104} INFO - [INFO] fetching: https://www.bbtoystore.com/mm5/pokemon/PK_TPL08_S3_pikachu-frowning-T19310.jpg
[2022-01-25 12:00:34,452] {logging_mixin.py:104} INFO - [INFO] fetching: https://omegalock.co.uk/6878-thickbox_default/cine-home-pokemon-detective-pikachu.jpg
[2022-01-25 12:00:35,105] {process_utils.py:113} WARNING - process psutil.Process(pid=75, name='airflow task ru', status='sleeping', started='11:52:26') did not respond to SIGTERM. Trying SIGKILL
[2022-01-25 12:00:35,191] {process_utils.py:66} INFO - Process psutil.Process(pid=75, name='airflow task ru', status='terminated', exitcode=<Negsignal.SIGKILL: -9>, started='11:52:26') (75) terminated with exit code Negsignal.SIGKILL
