[2022-01-26 04:31:36,535] {taskinstance.py:851} INFO - Dependencies all met for <TaskInstance: bing_image_download.bing_image_download 2022-01-26T04:31:29.380302+00:00 [queued]>
[2022-01-26 04:31:36,558] {taskinstance.py:851} INFO - Dependencies all met for <TaskInstance: bing_image_download.bing_image_download 2022-01-26T04:31:29.380302+00:00 [queued]>
[2022-01-26 04:31:36,559] {taskinstance.py:1042} INFO - 
--------------------------------------------------------------------------------
[2022-01-26 04:31:36,559] {taskinstance.py:1043} INFO - Starting attempt 1 of 2
[2022-01-26 04:31:36,560] {taskinstance.py:1044} INFO - 
--------------------------------------------------------------------------------
[2022-01-26 04:31:36,574] {taskinstance.py:1063} INFO - Executing <Task(PythonOperator): bing_image_download> on 2022-01-26T04:31:29.380302+00:00
[2022-01-26 04:31:36,581] {standard_task_runner.py:52} INFO - Started process 66 to run task
[2022-01-26 04:31:36,587] {standard_task_runner.py:76} INFO - Running: ['airflow', 'tasks', 'run', 'bing_image_download', 'bing_image_download', '2022-01-26T04:31:29.380302+00:00', '--job-id', '198', '--pool', 'default_pool', '--raw', '--subdir', 'DAGS_FOLDER/bing_image_download.py', '--cfg-path', '/tmp/tmpae8ui0cy', '--error-file', '/tmp/tmph79e1v1q']
[2022-01-26 04:31:36,588] {standard_task_runner.py:77} INFO - Job 198: Subtask bing_image_download
[2022-01-26 04:31:36,643] {logging_mixin.py:104} INFO - Running <TaskInstance: bing_image_download.bing_image_download 2022-01-26T04:31:29.380302+00:00 [running]> on host 115f9a25dda0
[2022-01-26 04:31:36,691] {taskinstance.py:1257} INFO - Exporting the following env vars:
AIRFLOW_CTX_DAG_OWNER=airflow
AIRFLOW_CTX_DAG_ID=bing_image_download
AIRFLOW_CTX_TASK_ID=bing_image_download
AIRFLOW_CTX_EXECUTION_DATE=2022-01-26T04:31:29.380302+00:00
AIRFLOW_CTX_DAG_RUN_ID=manual__2022-01-26T04:31:29.380302+00:00
[2022-01-26 04:31:36,697] {logging_mixin.py:104} INFO - [INFO] searching Bing API for 'pikachu'
[2022-01-26 04:31:37,821] {logging_mixin.py:104} INFO - [INFO] 100 total results for 'pikachu'
[2022-01-26 04:31:37,821] {logging_mixin.py:104} INFO - [INFO] searching Bing API for 'bulbasaur'
[2022-01-26 04:31:38,485] {logging_mixin.py:104} INFO - [INFO] 100 total results for 'bulbasaur'
[2022-01-26 04:31:38,486] {logging_mixin.py:104} INFO - [INFO] searching Bing API for 'charmander'
[2022-01-26 04:31:39,110] {logging_mixin.py:104} INFO - [INFO] 100 total results for 'charmander'
[2022-01-26 04:31:39,111] {python.py:118} INFO - Done. Returned value was: None
[2022-01-26 04:31:39,125] {taskinstance.py:1166} INFO - Marking task as SUCCESS. dag_id=bing_image_download, task_id=bing_image_download, execution_date=20220126T043129, start_date=20220126T043136, end_date=20220126T043139
[2022-01-26 04:31:39,161] {taskinstance.py:1220} INFO - 1 downstream tasks scheduled from follow-on schedule check
[2022-01-26 04:31:39,171] {local_task_job.py:146} INFO - Task exited with return code 0
