[2022-01-25 09:54:21,289] {taskinstance.py:851} INFO - Dependencies all met for <TaskInstance: classification.save_result 2022-01-25T09:46:10.257136+00:00 [queued]>
[2022-01-25 09:54:21,307] {taskinstance.py:851} INFO - Dependencies all met for <TaskInstance: classification.save_result 2022-01-25T09:46:10.257136+00:00 [queued]>
[2022-01-25 09:54:21,308] {taskinstance.py:1042} INFO - 
--------------------------------------------------------------------------------
[2022-01-25 09:54:21,308] {taskinstance.py:1043} INFO - Starting attempt 1 of 2
[2022-01-25 09:54:21,309] {taskinstance.py:1044} INFO - 
--------------------------------------------------------------------------------
[2022-01-25 09:54:21,334] {taskinstance.py:1063} INFO - Executing <Task(PythonOperator): save_result> on 2022-01-25T09:46:10.257136+00:00
[2022-01-25 09:54:21,342] {standard_task_runner.py:52} INFO - Started process 2730 to run task
[2022-01-25 09:54:21,350] {standard_task_runner.py:76} INFO - Running: ['airflow', 'tasks', 'run', 'classification', 'save_result', '2022-01-25T09:46:10.257136+00:00', '--job-id', '34', '--pool', 'default_pool', '--raw', '--subdir', 'DAGS_FOLDER/classification.py', '--cfg-path', '/tmp/tmpyqggdyua', '--error-file', '/tmp/tmpcs5yqoea']
[2022-01-25 09:54:21,355] {standard_task_runner.py:77} INFO - Job 34: Subtask save_result
[2022-01-25 09:54:21,415] {logging_mixin.py:104} INFO - Running <TaskInstance: classification.save_result 2022-01-25T09:46:10.257136+00:00 [running]> on host 2dc98551bc76
[2022-01-25 09:54:21,614] {taskinstance.py:1257} INFO - Exporting the following env vars:
AIRFLOW_CTX_DAG_OWNER=airflow
AIRFLOW_CTX_DAG_ID=classification
AIRFLOW_CTX_TASK_ID=save_result
AIRFLOW_CTX_EXECUTION_DATE=2022-01-25T09:46:10.257136+00:00
AIRFLOW_CTX_DAG_RUN_ID=scheduled__2022-01-25T09:46:10.257136+00:00
[2022-01-25 09:54:21,891] {logging_mixin.py:104} INFO - hello
[2022-01-25 09:56:16,874] {python.py:118} INFO - Done. Returned value was: None
[2022-01-25 09:56:16,913] {taskinstance.py:1166} INFO - Marking task as SUCCESS. dag_id=classification, task_id=save_result, execution_date=20220125T094610, start_date=20220125T095421, end_date=20220125T095616
[2022-01-25 09:56:17,044] {taskinstance.py:1220} INFO - 1 downstream tasks scheduled from follow-on schedule check
[2022-01-25 09:56:17,082] {local_task_job.py:146} INFO - Task exited with return code 0
