[2022-01-25 11:12:32,220] {taskinstance.py:851} INFO - Dependencies all met for <TaskInstance: classification.check_data_exist 2022-01-25T11:07:24.583418+00:00 [queued]>
[2022-01-25 11:12:32,237] {taskinstance.py:851} INFO - Dependencies all met for <TaskInstance: classification.check_data_exist 2022-01-25T11:07:24.583418+00:00 [queued]>
[2022-01-25 11:12:32,237] {taskinstance.py:1042} INFO - 
--------------------------------------------------------------------------------
[2022-01-25 11:12:32,238] {taskinstance.py:1043} INFO - Starting attempt 1 of 2
[2022-01-25 11:12:32,238] {taskinstance.py:1044} INFO - 
--------------------------------------------------------------------------------
[2022-01-25 11:12:32,258] {taskinstance.py:1063} INFO - Executing <Task(BranchPythonOperator): check_data_exist> on 2022-01-25T11:07:24.583418+00:00
[2022-01-25 11:12:32,266] {standard_task_runner.py:52} INFO - Started process 24460 to run task
[2022-01-25 11:12:32,272] {standard_task_runner.py:76} INFO - Running: ['airflow', 'tasks', 'run', 'classification', 'check_data_exist', '2022-01-25T11:07:24.583418+00:00', '--job-id', '119', '--pool', 'default_pool', '--raw', '--subdir', 'DAGS_FOLDER/classification.py', '--cfg-path', '/tmp/tmp58x9isr6', '--error-file', '/tmp/tmpov8bp12z']
[2022-01-25 11:12:32,279] {standard_task_runner.py:77} INFO - Job 119: Subtask check_data_exist
[2022-01-25 11:12:32,348] {logging_mixin.py:104} INFO - Running <TaskInstance: classification.check_data_exist 2022-01-25T11:07:24.583418+00:00 [running]> on host 54a54d544bf0
[2022-01-25 11:12:32,404] {taskinstance.py:1257} INFO - Exporting the following env vars:
AIRFLOW_CTX_DAG_OWNER=airflow
AIRFLOW_CTX_DAG_ID=classification
AIRFLOW_CTX_TASK_ID=check_data_exist
AIRFLOW_CTX_EXECUTION_DATE=2022-01-25T11:07:24.583418+00:00
AIRFLOW_CTX_DAG_RUN_ID=scheduled__2022-01-25T11:07:24.583418+00:00
[2022-01-25 11:12:32,537] {logging_mixin.py:104} INFO - pikachu_0.jpeg
[2022-01-25 11:12:32,538] {logging_mixin.py:104} INFO - pikachu_0.png
[2022-01-25 11:12:32,538] {logging_mixin.py:104} INFO - pikachu_1.jpeg
[2022-01-25 11:12:32,539] {logging_mixin.py:104} INFO - pikachu_1.png
[2022-01-25 11:12:32,539] {logging_mixin.py:104} INFO - pikachu_10.jpeg
[2022-01-25 11:12:32,540] {logging_mixin.py:104} INFO - pikachu_10.png
[2022-01-25 11:12:32,540] {logging_mixin.py:104} INFO - pikachu_100.jpeg
[2022-01-25 11:12:32,540] {logging_mixin.py:104} INFO - pikachu_101.jpeg
[2022-01-25 11:12:32,541] {logging_mixin.py:104} INFO - pikachu_102.jpeg
[2022-01-25 11:12:32,541] {logging_mixin.py:104} INFO - pikachu_103.jpeg
[2022-01-25 11:12:32,542] {logging_mixin.py:104} INFO - pikachu_104.jpeg
[2022-01-25 11:12:32,543] {logging_mixin.py:104} INFO - pikachu_105.jpeg
[2022-01-25 11:12:32,543] {logging_mixin.py:104} INFO - pikachu_106.jpeg
[2022-01-25 11:12:32,543] {logging_mixin.py:104} INFO - pikachu_107.jpeg
[2022-01-25 11:12:32,544] {logging_mixin.py:104} INFO - pikachu_108.jpeg
[2022-01-25 11:12:32,544] {logging_mixin.py:104} INFO - pikachu_109.jpeg
[2022-01-25 11:12:32,545] {logging_mixin.py:104} INFO - pikachu_11.jpeg
[2022-01-25 11:12:32,545] {logging_mixin.py:104} INFO - pikachu_110.jpeg
[2022-01-25 11:12:32,546] {logging_mixin.py:104} INFO - pikachu_111.jpeg
[2022-01-25 11:12:32,546] {logging_mixin.py:104} INFO - pikachu_112.jpeg
[2022-01-25 11:12:32,546] {logging_mixin.py:104} INFO - pikachu_113.jpeg
[2022-01-25 11:12:32,547] {logging_mixin.py:104} INFO - pikachu_114.jpeg
[2022-01-25 11:12:32,547] {logging_mixin.py:104} INFO - pikachu_114.png
[2022-01-25 11:12:32,547] {logging_mixin.py:104} INFO - pikachu_115.jpeg
[2022-01-25 11:12:32,547] {logging_mixin.py:104} INFO - pikachu_116.jpeg
[2022-01-25 11:12:32,548] {logging_mixin.py:104} INFO - pikachu_116.png
[2022-01-25 11:12:32,548] {logging_mixin.py:104} INFO - pikachu_117.jpeg
[2022-01-25 11:12:32,548] {logging_mixin.py:104} INFO - pikachu_118.jpeg
[2022-01-25 11:12:32,549] {logging_mixin.py:104} INFO - pikachu_119.jpeg
[2022-01-25 11:12:32,549] {logging_mixin.py:104} INFO - pikachu_12.jpeg
[2022-01-25 11:12:32,549] {logging_mixin.py:104} INFO - pikachu_120.jpeg
[2022-01-25 11:12:32,550] {logging_mixin.py:104} INFO - pikachu_121.jpeg
[2022-01-25 11:12:32,550] {logging_mixin.py:104} INFO - pikachu_122.jpeg
[2022-01-25 11:12:32,550] {logging_mixin.py:104} INFO - pikachu_123.jpeg
[2022-01-25 11:12:32,551] {logging_mixin.py:104} INFO - pikachu_124.jpeg
[2022-01-25 11:12:32,551] {logging_mixin.py:104} INFO - pikachu_125.jpeg
[2022-01-25 11:12:32,551] {logging_mixin.py:104} INFO - pikachu_126.jpeg
[2022-01-25 11:12:32,551] {logging_mixin.py:104} INFO - pikachu_127.jpeg
[2022-01-25 11:12:32,552] {logging_mixin.py:104} INFO - pikachu_128.jpeg
[2022-01-25 11:12:32,552] {logging_mixin.py:104} INFO - pikachu_129.jpeg
[2022-01-25 11:12:32,552] {logging_mixin.py:104} INFO - pikachu_13.jpeg
[2022-01-25 11:12:32,553] {logging_mixin.py:104} INFO - pikachu_130.jpeg
[2022-01-25 11:12:32,553] {logging_mixin.py:104} INFO - pikachu_131.jpeg
[2022-01-25 11:12:32,553] {logging_mixin.py:104} INFO - pikachu_132.jpeg
[2022-01-25 11:12:32,554] {logging_mixin.py:104} INFO - pikachu_132.png
[2022-01-25 11:12:32,554] {logging_mixin.py:104} INFO - pikachu_133.jpeg
[2022-01-25 11:12:32,554] {logging_mixin.py:104} INFO - pikachu_134.jpeg
[2022-01-25 11:12:32,554] {logging_mixin.py:104} INFO - pikachu_135.jpeg
[2022-01-25 11:12:32,555] {logging_mixin.py:104} INFO - pikachu_136.jpeg
[2022-01-25 11:12:32,555] {logging_mixin.py:104} INFO - pikachu_137.jpeg
[2022-01-25 11:12:32,555] {logging_mixin.py:104} INFO - pikachu_137.png
[2022-01-25 11:12:32,556] {logging_mixin.py:104} INFO - pikachu_138.jpeg
[2022-01-25 11:12:32,556] {logging_mixin.py:104} INFO - pikachu_138.png
[2022-01-25 11:12:32,556] {logging_mixin.py:104} INFO - pikachu_139.jpeg
[2022-01-25 11:12:32,556] {logging_mixin.py:104} INFO - pikachu_14.jpeg
[2022-01-25 11:12:32,557] {logging_mixin.py:104} INFO - pikachu_14.png
[2022-01-25 11:12:32,557] {logging_mixin.py:104} INFO - pikachu_140.jpeg
[2022-01-25 11:12:32,557] {logging_mixin.py:104} INFO - pikachu_140.png
[2022-01-25 11:12:32,558] {logging_mixin.py:104} INFO - pikachu_141.jpeg
[2022-01-25 11:12:32,558] {logging_mixin.py:104} INFO - pikachu_141.png
[2022-01-25 11:12:32,558] {logging_mixin.py:104} INFO - pikachu_142.jpeg
[2022-01-25 11:12:32,558] {logging_mixin.py:104} INFO - pikachu_143.jpeg
[2022-01-25 11:12:32,559] {logging_mixin.py:104} INFO - pikachu_143.png
[2022-01-25 11:12:32,559] {logging_mixin.py:104} INFO - pikachu_144.jpeg
[2022-01-25 11:12:32,560] {logging_mixin.py:104} INFO - pikachu_144.png
[2022-01-25 11:12:32,560] {logging_mixin.py:104} INFO - pikachu_145.jpeg
[2022-01-25 11:12:32,561] {logging_mixin.py:104} INFO - pikachu_147.jpeg
[2022-01-25 11:12:32,561] {logging_mixin.py:104} INFO - pikachu_148.jpeg
[2022-01-25 11:12:32,562] {logging_mixin.py:104} INFO - pikachu_149.png
[2022-01-25 11:12:32,562] {logging_mixin.py:104} INFO - pikachu_15.jpeg
[2022-01-25 11:12:32,562] {logging_mixin.py:104} INFO - pikachu_15.png
[2022-01-25 11:12:32,563] {logging_mixin.py:104} INFO - pikachu_150.jpeg
[2022-01-25 11:12:32,563] {logging_mixin.py:104} INFO - pikachu_151.jpeg
[2022-01-25 11:12:32,563] {logging_mixin.py:104} INFO - pikachu_152.jpeg
[2022-01-25 11:12:32,564] {logging_mixin.py:104} INFO - pikachu_154.jpeg
[2022-01-25 11:12:32,564] {logging_mixin.py:104} INFO - pikachu_155.jpeg
[2022-01-25 11:12:32,564] {logging_mixin.py:104} INFO - pikachu_156.jpeg
[2022-01-25 11:12:32,564] {logging_mixin.py:104} INFO - pikachu_157.jpeg
[2022-01-25 11:12:32,565] {logging_mixin.py:104} INFO - pikachu_158.jpeg
[2022-01-25 11:12:32,565] {logging_mixin.py:104} INFO - pikachu_159.jpeg
[2022-01-25 11:12:32,565] {logging_mixin.py:104} INFO - pikachu_16.jpeg
[2022-01-25 11:12:32,566] {logging_mixin.py:104} INFO - pikachu_16.png
[2022-01-25 11:12:32,566] {logging_mixin.py:104} INFO - pikachu_160.png
[2022-01-25 11:12:32,566] {logging_mixin.py:104} INFO - pikachu_161.jpeg
[2022-01-25 11:12:32,567] {logging_mixin.py:104} INFO - pikachu_162.png
[2022-01-25 11:12:32,567] {logging_mixin.py:104} INFO - pikachu_17.jpeg
[2022-01-25 11:12:32,567] {logging_mixin.py:104} INFO - pikachu_17.png
[2022-01-25 11:12:32,567] {logging_mixin.py:104} INFO - pikachu_18.jpeg
[2022-01-25 11:12:32,568] {logging_mixin.py:104} INFO - pikachu_18.png
[2022-01-25 11:12:32,568] {logging_mixin.py:104} INFO - pikachu_19.jpeg
[2022-01-25 11:12:32,568] {logging_mixin.py:104} INFO - pikachu_19.png
[2022-01-25 11:12:32,569] {logging_mixin.py:104} INFO - pikachu_2.png
[2022-01-25 11:12:32,569] {logging_mixin.py:104} INFO - pikachu_20.jpeg
[2022-01-25 11:12:32,569] {logging_mixin.py:104} INFO - pikachu_20.png
[2022-01-25 11:12:32,570] {logging_mixin.py:104} INFO - pikachu_21.jpeg
[2022-01-25 11:12:32,570] {logging_mixin.py:104} INFO - pikachu_21.png
[2022-01-25 11:12:32,570] {logging_mixin.py:104} INFO - pikachu_22.jpeg
[2022-01-25 11:12:32,571] {logging_mixin.py:104} INFO - pikachu_23.jpeg
[2022-01-25 11:12:32,571] {logging_mixin.py:104} INFO - pikachu_24.jpeg
[2022-01-25 11:12:32,571] {logging_mixin.py:104} INFO - pikachu_25.jpeg
[2022-01-25 11:12:32,571] {logging_mixin.py:104} INFO - pikachu_25.png
[2022-01-25 11:12:32,572] {logging_mixin.py:104} INFO - pikachu_26.jpeg
[2022-01-25 11:12:32,572] {logging_mixin.py:104} INFO - pikachu_26.png
[2022-01-25 11:12:32,573] {logging_mixin.py:104} INFO - pikachu_27.jpeg
[2022-01-25 11:12:32,573] {logging_mixin.py:104} INFO - pikachu_27.png
[2022-01-25 11:12:32,573] {logging_mixin.py:104} INFO - pikachu_28.jpeg
[2022-01-25 11:12:32,574] {logging_mixin.py:104} INFO - pikachu_28.png
[2022-01-25 11:12:32,574] {logging_mixin.py:104} INFO - pikachu_29.jpeg
[2022-01-25 11:12:32,575] {logging_mixin.py:104} INFO - pikachu_29.png
[2022-01-25 11:12:32,575] {logging_mixin.py:104} INFO - pikachu_3.png
[2022-01-25 11:12:32,576] {logging_mixin.py:104} INFO - pikachu_30.jpeg
[2022-01-25 11:12:32,577] {logging_mixin.py:104} INFO - pikachu_30.png
[2022-01-25 11:12:32,577] {logging_mixin.py:104} INFO - pikachu_31.jpeg
[2022-01-25 11:12:32,578] {logging_mixin.py:104} INFO - pikachu_32.jpeg
[2022-01-25 11:12:32,578] {logging_mixin.py:104} INFO - pikachu_32.png
[2022-01-25 11:12:32,579] {logging_mixin.py:104} INFO - pikachu_33.jpeg
[2022-01-25 11:12:32,579] {logging_mixin.py:104} INFO - pikachu_33.png
[2022-01-25 11:12:32,580] {logging_mixin.py:104} INFO - pikachu_34.jpeg
[2022-01-25 11:12:32,580] {logging_mixin.py:104} INFO - pikachu_34.png
[2022-01-25 11:12:32,580] {logging_mixin.py:104} INFO - pikachu_35.jpeg
[2022-01-25 11:12:32,581] {logging_mixin.py:104} INFO - pikachu_35.png
[2022-01-25 11:12:32,581] {logging_mixin.py:104} INFO - pikachu_36.jpeg
[2022-01-25 11:12:32,582] {logging_mixin.py:104} INFO - pikachu_37.jpeg
[2022-01-25 11:12:32,582] {logging_mixin.py:104} INFO - pikachu_38.jpeg
[2022-01-25 11:12:32,582] {logging_mixin.py:104} INFO - pikachu_39.jpeg
[2022-01-25 11:12:32,583] {logging_mixin.py:104} INFO - pikachu_4.jpeg
[2022-01-25 11:12:32,583] {logging_mixin.py:104} INFO - pikachu_4.png
[2022-01-25 11:12:32,584] {logging_mixin.py:104} INFO - pikachu_40.jpeg
[2022-01-25 11:12:32,584] {logging_mixin.py:104} INFO - pikachu_41.jpeg
[2022-01-25 11:12:32,584] {logging_mixin.py:104} INFO - pikachu_42.jpeg
[2022-01-25 11:12:32,585] {logging_mixin.py:104} INFO - pikachu_43.jpeg
[2022-01-25 11:12:32,585] {logging_mixin.py:104} INFO - pikachu_44.jpeg
[2022-01-25 11:12:32,586] {logging_mixin.py:104} INFO - pikachu_45.jpeg
[2022-01-25 11:12:32,586] {logging_mixin.py:104} INFO - pikachu_45.png
[2022-01-25 11:12:32,586] {logging_mixin.py:104} INFO - pikachu_46.jpeg
[2022-01-25 11:12:32,587] {logging_mixin.py:104} INFO - pikachu_47.jpeg
[2022-01-25 11:12:32,587] {logging_mixin.py:104} INFO - pikachu_47.png
[2022-01-25 11:12:32,588] {logging_mixin.py:104} INFO - pikachu_48.jpeg
[2022-01-25 11:12:32,588] {logging_mixin.py:104} INFO - pikachu_48.png
[2022-01-25 11:12:32,588] {logging_mixin.py:104} INFO - pikachu_49.jpeg
[2022-01-25 11:12:32,589] {logging_mixin.py:104} INFO - pikachu_5.jpeg
[2022-01-25 11:12:32,589] {logging_mixin.py:104} INFO - pikachu_5.png
[2022-01-25 11:12:32,590] {logging_mixin.py:104} INFO - pikachu_50.jpeg
[2022-01-25 11:12:32,590] {logging_mixin.py:104} INFO - pikachu_50.png
[2022-01-25 11:12:32,590] {logging_mixin.py:104} INFO - pikachu_51.jpeg
[2022-01-25 11:12:32,591] {logging_mixin.py:104} INFO - pikachu_51.png
[2022-01-25 11:12:32,591] {logging_mixin.py:104} INFO - pikachu_52.jpeg
[2022-01-25 11:12:32,592] {logging_mixin.py:104} INFO - pikachu_52.png
[2022-01-25 11:12:32,592] {logging_mixin.py:104} INFO - pikachu_53.jpeg
[2022-01-25 11:12:32,592] {logging_mixin.py:104} INFO - pikachu_53.png
[2022-01-25 11:12:32,593] {logging_mixin.py:104} INFO - pikachu_54.jpeg
[2022-01-25 11:12:32,593] {logging_mixin.py:104} INFO - pikachu_54.png
[2022-01-25 11:12:32,594] {logging_mixin.py:104} INFO - pikachu_55.jpeg
[2022-01-25 11:12:32,594] {logging_mixin.py:104} INFO - pikachu_55.png
[2022-01-25 11:12:32,595] {logging_mixin.py:104} INFO - pikachu_56.jpeg
[2022-01-25 11:12:32,595] {logging_mixin.py:104} INFO - pikachu_56.png
[2022-01-25 11:12:32,596] {logging_mixin.py:104} INFO - pikachu_57.jpeg
[2022-01-25 11:12:32,596] {logging_mixin.py:104} INFO - pikachu_58.jpeg
[2022-01-25 11:12:32,597] {logging_mixin.py:104} INFO - pikachu_59.jpeg
[2022-01-25 11:12:32,597] {logging_mixin.py:104} INFO - pikachu_59.png
[2022-01-25 11:12:32,598] {logging_mixin.py:104} INFO - pikachu_6.jpeg
[2022-01-25 11:12:32,598] {logging_mixin.py:104} INFO - pikachu_60.jpeg
[2022-01-25 11:12:32,599] {logging_mixin.py:104} INFO - pikachu_60.png
[2022-01-25 11:12:32,599] {logging_mixin.py:104} INFO - pikachu_61.jpeg
[2022-01-25 11:12:32,599] {logging_mixin.py:104} INFO - pikachu_61.png
[2022-01-25 11:12:32,600] {logging_mixin.py:104} INFO - pikachu_62.jpeg
[2022-01-25 11:12:32,600] {logging_mixin.py:104} INFO - pikachu_63.jpeg
[2022-01-25 11:12:32,601] {logging_mixin.py:104} INFO - pikachu_64.jpeg
[2022-01-25 11:12:32,601] {logging_mixin.py:104} INFO - pikachu_65.jpeg
[2022-01-25 11:12:32,601] {logging_mixin.py:104} INFO - pikachu_66.jpeg
[2022-01-25 11:12:32,602] {logging_mixin.py:104} INFO - pikachu_67.jpeg
[2022-01-25 11:12:32,602] {logging_mixin.py:104} INFO - pikachu_68.jpeg
[2022-01-25 11:12:32,603] {logging_mixin.py:104} INFO - pikachu_69.jpeg
[2022-01-25 11:12:32,603] {logging_mixin.py:104} INFO - pikachu_7.png
[2022-01-25 11:12:32,603] {logging_mixin.py:104} INFO - pikachu_70.jpeg
[2022-01-25 11:12:32,604] {logging_mixin.py:104} INFO - pikachu_71.jpeg
[2022-01-25 11:12:32,604] {logging_mixin.py:104} INFO - pikachu_72.jpeg
[2022-01-25 11:12:32,605] {logging_mixin.py:104} INFO - pikachu_72.png
[2022-01-25 11:12:32,605] {logging_mixin.py:104} INFO - pikachu_73.jpeg
[2022-01-25 11:12:32,606] {logging_mixin.py:104} INFO - pikachu_73.png
[2022-01-25 11:12:32,606] {logging_mixin.py:104} INFO - pikachu_74.jpeg
[2022-01-25 11:12:32,606] {logging_mixin.py:104} INFO - pikachu_74.png
[2022-01-25 11:12:32,607] {logging_mixin.py:104} INFO - pikachu_75.jpeg
[2022-01-25 11:12:32,607] {logging_mixin.py:104} INFO - pikachu_76.jpeg
[2022-01-25 11:12:32,607] {logging_mixin.py:104} INFO - pikachu_76.png
[2022-01-25 11:12:32,608] {logging_mixin.py:104} INFO - pikachu_77.jpeg
[2022-01-25 11:12:32,608] {logging_mixin.py:104} INFO - pikachu_77.png
[2022-01-25 11:12:32,609] {logging_mixin.py:104} INFO - pikachu_78.jpeg
[2022-01-25 11:12:32,609] {logging_mixin.py:104} INFO - pikachu_78.png
[2022-01-25 11:12:32,610] {logging_mixin.py:104} INFO - pikachu_79.jpeg
[2022-01-25 11:12:32,610] {logging_mixin.py:104} INFO - pikachu_8.jpeg
[2022-01-25 11:12:32,610] {logging_mixin.py:104} INFO - pikachu_8.png
[2022-01-25 11:12:32,611] {logging_mixin.py:104} INFO - pikachu_80.jpeg
[2022-01-25 11:12:32,611] {logging_mixin.py:104} INFO - pikachu_81.jpeg
[2022-01-25 11:12:32,612] {logging_mixin.py:104} INFO - pikachu_82.jpeg
[2022-01-25 11:12:32,612] {logging_mixin.py:104} INFO - pikachu_83.jpeg
[2022-01-25 11:12:32,612] {logging_mixin.py:104} INFO - pikachu_83.png
[2022-01-25 11:12:32,613] {logging_mixin.py:104} INFO - pikachu_84.jpeg
[2022-01-25 11:12:32,613] {logging_mixin.py:104} INFO - pikachu_84.png
[2022-01-25 11:12:32,613] {logging_mixin.py:104} INFO - pikachu_85.jpeg
[2022-01-25 11:12:32,614] {logging_mixin.py:104} INFO - pikachu_85.png
[2022-01-25 11:12:32,614] {logging_mixin.py:104} INFO - pikachu_86.jpeg
[2022-01-25 11:12:32,615] {logging_mixin.py:104} INFO - pikachu_87.jpeg
[2022-01-25 11:12:32,616] {logging_mixin.py:104} INFO - pikachu_88.jpeg
[2022-01-25 11:12:32,616] {logging_mixin.py:104} INFO - pikachu_89.jpeg
[2022-01-25 11:12:32,616] {logging_mixin.py:104} INFO - pikachu_9.jpeg
[2022-01-25 11:12:32,617] {logging_mixin.py:104} INFO - pikachu_9.png
[2022-01-25 11:12:32,617] {logging_mixin.py:104} INFO - pikachu_90.jpeg
[2022-01-25 11:12:32,618] {logging_mixin.py:104} INFO - pikachu_90.png
[2022-01-25 11:12:32,618] {logging_mixin.py:104} INFO - pikachu_91.jpeg
[2022-01-25 11:12:32,619] {logging_mixin.py:104} INFO - pikachu_91.png
[2022-01-25 11:12:32,619] {logging_mixin.py:104} INFO - pikachu_92.jpeg
[2022-01-25 11:12:32,619] {logging_mixin.py:104} INFO - pikachu_92.png
[2022-01-25 11:12:32,620] {logging_mixin.py:104} INFO - pikachu_93.jpeg
[2022-01-25 11:12:32,620] {logging_mixin.py:104} INFO - pikachu_93.png
[2022-01-25 11:12:32,621] {logging_mixin.py:104} INFO - pikachu_94.jpeg
[2022-01-25 11:12:32,621] {logging_mixin.py:104} INFO - pikachu_94.png
[2022-01-25 11:12:32,622] {logging_mixin.py:104} INFO - pikachu_95.jpeg
[2022-01-25 11:12:32,622] {logging_mixin.py:104} INFO - pikachu_95.png
[2022-01-25 11:12:32,622] {logging_mixin.py:104} INFO - pikachu_96.jpeg
[2022-01-25 11:12:32,623] {logging_mixin.py:104} INFO - pikachu_96.png
[2022-01-25 11:12:32,623] {logging_mixin.py:104} INFO - pikachu_97.jpeg
[2022-01-25 11:12:32,624] {logging_mixin.py:104} INFO - pikachu_97.png
[2022-01-25 11:12:32,624] {logging_mixin.py:104} INFO - pikachu_98.jpeg
[2022-01-25 11:12:32,624] {logging_mixin.py:104} INFO - pikachu_98.png
[2022-01-25 11:12:32,625] {logging_mixin.py:104} INFO - pikachu_99.jpeg
[2022-01-25 11:12:32,625] {logging_mixin.py:104} INFO - --------------ti-----------------------
[2022-01-25 11:12:32,626] {logging_mixin.py:104} INFO - <TaskInstance: classification.check_data_exist 2022-01-25T11:07:24.583418+00:00 [running]>
[2022-01-25 11:12:32,626] {logging_mixin.py:104} INFO - ------------------------------
[2022-01-25 11:12:32,647] {python.py:118} INFO - Done. Returned value was: load_data
[2022-01-25 11:12:32,648] {skipmixin.py:124} INFO - Following branch load_data
[2022-01-25 11:12:32,661] {skipmixin.py:155} INFO - Skipping tasks []
[2022-01-25 11:12:32,727] {taskinstance.py:1166} INFO - Marking task as SUCCESS. dag_id=classification, task_id=check_data_exist, execution_date=20220125T110724, start_date=20220125T111232, end_date=20220125T111232
[2022-01-25 11:12:32,790] {taskinstance.py:1220} INFO - 1 downstream tasks scheduled from follow-on schedule check
[2022-01-25 11:12:32,806] {local_task_job.py:146} INFO - Task exited with return code 0
