[2022-01-25 10:02:10,012] {taskinstance.py:851} INFO - Dependencies all met for <TaskInstance: classification.save_result 2022-01-25T09:56:10.257136+00:00 [queued]>
[2022-01-25 10:02:10,030] {taskinstance.py:851} INFO - Dependencies all met for <TaskInstance: classification.save_result 2022-01-25T09:56:10.257136+00:00 [queued]>
[2022-01-25 10:02:10,031] {taskinstance.py:1042} INFO - 
--------------------------------------------------------------------------------
[2022-01-25 10:02:10,031] {taskinstance.py:1043} INFO - Starting attempt 1 of 2
[2022-01-25 10:02:10,032] {taskinstance.py:1044} INFO - 
--------------------------------------------------------------------------------
[2022-01-25 10:02:10,054] {taskinstance.py:1063} INFO - Executing <Task(PythonOperator): save_result> on 2022-01-25T09:56:10.257136+00:00
[2022-01-25 10:02:10,063] {standard_task_runner.py:52} INFO - Started process 4363 to run task
[2022-01-25 10:02:10,069] {standard_task_runner.py:76} INFO - Running: ['airflow', 'tasks', 'run', 'classification', 'save_result', '2022-01-25T09:56:10.257136+00:00', '--job-id', '42', '--pool', 'default_pool', '--raw', '--subdir', 'DAGS_FOLDER/classification.py', '--cfg-path', '/tmp/tmp33wtatv_', '--error-file', '/tmp/tmplaqz41l1']
[2022-01-25 10:02:10,075] {standard_task_runner.py:77} INFO - Job 42: Subtask save_result
[2022-01-25 10:02:10,128] {logging_mixin.py:104} INFO - Running <TaskInstance: classification.save_result 2022-01-25T09:56:10.257136+00:00 [running]> on host 2dc98551bc76
[2022-01-25 10:02:10,167] {taskinstance.py:1257} INFO - Exporting the following env vars:
AIRFLOW_CTX_DAG_OWNER=airflow
AIRFLOW_CTX_DAG_ID=classification
AIRFLOW_CTX_TASK_ID=save_result
AIRFLOW_CTX_EXECUTION_DATE=2022-01-25T09:56:10.257136+00:00
AIRFLOW_CTX_DAG_RUN_ID=scheduled__2022-01-25T09:56:10.257136+00:00
[2022-01-25 10:02:10,259] {logging_mixin.py:104} INFO - hello
[2022-01-25 10:02:45,265] {python.py:118} INFO - Done. Returned value was: None
[2022-01-25 10:02:45,281] {taskinstance.py:1166} INFO - Marking task as SUCCESS. dag_id=classification, task_id=save_result, execution_date=20220125T095610, start_date=20220125T100210, end_date=20220125T100245
[2022-01-25 10:02:45,320] {taskinstance.py:1220} INFO - 1 downstream tasks scheduled from follow-on schedule check
[2022-01-25 10:02:45,365] {local_task_job.py:146} INFO - Task exited with return code 0
