[2022-01-25 10:16:33,653] {taskinstance.py:851} INFO - Dependencies all met for <TaskInstance: classification.apply_model 2022-01-25T10:11:10.257136+00:00 [queued]>
[2022-01-25 10:16:33,671] {taskinstance.py:851} INFO - Dependencies all met for <TaskInstance: classification.apply_model 2022-01-25T10:11:10.257136+00:00 [queued]>
[2022-01-25 10:16:33,671] {taskinstance.py:1042} INFO - 
--------------------------------------------------------------------------------
[2022-01-25 10:16:33,672] {taskinstance.py:1043} INFO - Starting attempt 1 of 2
[2022-01-25 10:16:33,672] {taskinstance.py:1044} INFO - 
--------------------------------------------------------------------------------
[2022-01-25 10:16:33,692] {taskinstance.py:1063} INFO - Executing <Task(PythonOperator): apply_model> on 2022-01-25T10:11:10.257136+00:00
[2022-01-25 10:16:33,702] {standard_task_runner.py:52} INFO - Started process 6655 to run task
[2022-01-25 10:16:33,711] {standard_task_runner.py:76} INFO - Running: ['airflow', 'tasks', 'run', 'classification', 'apply_model', '2022-01-25T10:11:10.257136+00:00', '--job-id', '54', '--pool', 'default_pool', '--raw', '--subdir', 'DAGS_FOLDER/classification.py', '--cfg-path', '/tmp/tmpcffidzzq', '--error-file', '/tmp/tmpp8xfjtgv']
[2022-01-25 10:16:33,718] {standard_task_runner.py:77} INFO - Job 54: Subtask apply_model
[2022-01-25 10:16:33,801] {logging_mixin.py:104} INFO - Running <TaskInstance: classification.apply_model 2022-01-25T10:11:10.257136+00:00 [running]> on host 2dc98551bc76
[2022-01-25 10:16:33,870] {taskinstance.py:1257} INFO - Exporting the following env vars:
AIRFLOW_CTX_DAG_OWNER=airflow
AIRFLOW_CTX_DAG_ID=classification
AIRFLOW_CTX_TASK_ID=apply_model
AIRFLOW_CTX_EXECUTION_DATE=2022-01-25T10:11:10.257136+00:00
AIRFLOW_CTX_DAG_RUN_ID=scheduled__2022-01-25T10:11:10.257136+00:00
[2022-01-25 10:16:56,146] {python.py:118} INFO - Done. Returned value was: None
[2022-01-25 10:16:56,158] {taskinstance.py:1166} INFO - Marking task as SUCCESS. dag_id=classification, task_id=apply_model, execution_date=20220125T101110, start_date=20220125T101633, end_date=20220125T101656
[2022-01-25 10:16:56,199] {taskinstance.py:1220} INFO - 1 downstream tasks scheduled from follow-on schedule check
[2022-01-25 10:16:56,219] {local_task_job.py:146} INFO - Task exited with return code 0
