[2022-01-25 14:23:58,207] {taskinstance.py:851} INFO - Dependencies all met for <TaskInstance: classification.save_result 2022-01-25T14:22:18.546166+00:00 [queued]>
[2022-01-25 14:23:58,295] {taskinstance.py:851} INFO - Dependencies all met for <TaskInstance: classification.save_result 2022-01-25T14:22:18.546166+00:00 [queued]>
[2022-01-25 14:23:58,296] {taskinstance.py:1042} INFO - 
--------------------------------------------------------------------------------
[2022-01-25 14:23:58,297] {taskinstance.py:1043} INFO - Starting attempt 1 of 2
[2022-01-25 14:23:58,305] {taskinstance.py:1044} INFO - 
--------------------------------------------------------------------------------
[2022-01-25 14:23:58,332] {taskinstance.py:1063} INFO - Executing <Task(PythonOperator): save_result> on 2022-01-25T14:22:18.546166+00:00
[2022-01-25 14:23:58,339] {standard_task_runner.py:52} INFO - Started process 2390 to run task
[2022-01-25 14:23:58,346] {standard_task_runner.py:76} INFO - Running: ['airflow', 'tasks', 'run', 'classification', 'save_result', '2022-01-25T14:22:18.546166+00:00', '--job-id', '175', '--pool', 'default_pool', '--raw', '--subdir', 'DAGS_FOLDER/classification.py', '--cfg-path', '/tmp/tmp6yzox__l', '--error-file', '/tmp/tmp_4zh7t6s']
[2022-01-25 14:23:58,357] {standard_task_runner.py:77} INFO - Job 175: Subtask save_result
[2022-01-25 14:23:58,419] {logging_mixin.py:104} INFO - Running <TaskInstance: classification.save_result 2022-01-25T14:22:18.546166+00:00 [running]> on host 42ecca77b6ba
[2022-01-25 14:23:58,483] {taskinstance.py:1257} INFO - Exporting the following env vars:
AIRFLOW_CTX_DAG_OWNER=airflow
AIRFLOW_CTX_DAG_ID=classification
AIRFLOW_CTX_TASK_ID=save_result
AIRFLOW_CTX_EXECUTION_DATE=2022-01-25T14:22:18.546166+00:00
AIRFLOW_CTX_DAG_RUN_ID=manual__2022-01-25T14:22:18.546166+00:00
[2022-01-25 14:23:58,492] {logging_mixin.py:104} INFO - hello
[2022-01-25 14:23:58,606] {logging_mixin.py:104} INFO - bulbasaur/bulbasaur_10.jpeg None
[2022-01-25 14:23:58,648] {logging_mixin.py:104} INFO - bulbasaur/bulbasaur_11.jpeg None
[2022-01-25 14:23:58,694] {logging_mixin.py:104} INFO - bulbasaur/bulbasaur_12.png None
[2022-01-25 14:23:58,744] {logging_mixin.py:104} INFO - bulbasaur/bulbasaur_13.png None
[2022-01-25 14:23:58,770] {logging_mixin.py:104} INFO - bulbasaur/bulbasaur_14.png None
[2022-01-25 14:23:58,795] {logging_mixin.py:104} INFO - bulbasaur/bulbasaur_16.png None
[2022-01-25 14:23:58,822] {logging_mixin.py:104} INFO - bulbasaur/bulbasaur_17.jpeg None
[2022-01-25 14:23:58,849] {logging_mixin.py:104} INFO - bulbasaur/bulbasaur_18.png None
[2022-01-25 14:23:58,873] {logging_mixin.py:104} INFO - bulbasaur/bulbasaur_19.png None
[2022-01-25 14:23:58,914] {logging_mixin.py:104} INFO - bulbasaur/bulbasaur_20.png None
[2022-01-25 14:23:58,969] {logging_mixin.py:104} INFO - bulbasaur/bulbasaur_21.png None
[2022-01-25 14:23:59,039] {logging_mixin.py:104} INFO - bulbasaur/bulbasaur_22.jpeg None
[2022-01-25 14:23:59,100] {logging_mixin.py:104} INFO - bulbasaur/bulbasaur_23.png None
[2022-01-25 14:23:59,164] {logging_mixin.py:104} INFO - bulbasaur/bulbasaur_24.jpeg None
[2022-01-25 14:23:59,190] {logging_mixin.py:104} INFO - bulbasaur/bulbasaur_25.jpeg None
[2022-01-25 14:23:59,216] {logging_mixin.py:104} INFO - bulbasaur/bulbasaur_26.jpeg None
[2022-01-25 14:23:59,247] {logging_mixin.py:104} INFO - bulbasaur/bulbasaur_27.png None
[2022-01-25 14:23:59,276] {logging_mixin.py:104} INFO - bulbasaur/bulbasaur_28.png None
[2022-01-25 14:23:59,301] {logging_mixin.py:104} INFO - bulbasaur/bulbasaur_29.jpeg None
[2022-01-25 14:23:59,327] {logging_mixin.py:104} INFO - bulbasaur/bulbasaur_3.png None
[2022-01-25 14:23:59,357] {logging_mixin.py:104} INFO - bulbasaur/bulbasaur_30.jpeg None
[2022-01-25 14:23:59,379] {logging_mixin.py:104} INFO - bulbasaur/bulbasaur_31.jpeg None
[2022-01-25 14:23:59,404] {logging_mixin.py:104} INFO - bulbasaur/bulbasaur_32.png None
[2022-01-25 14:23:59,430] {logging_mixin.py:104} INFO - bulbasaur/bulbasaur_33.png None
[2022-01-25 14:23:59,453] {logging_mixin.py:104} INFO - bulbasaur/bulbasaur_34.jpeg None
[2022-01-25 14:23:59,479] {logging_mixin.py:104} INFO - bulbasaur/bulbasaur_35.png None
[2022-01-25 14:23:59,516] {logging_mixin.py:104} INFO - bulbasaur/bulbasaur_36.jpeg None
[2022-01-25 14:23:59,551] {logging_mixin.py:104} INFO - bulbasaur/bulbasaur_37.jpeg None
[2022-01-25 14:23:59,590] {logging_mixin.py:104} INFO - bulbasaur/bulbasaur_38.png None
[2022-01-25 14:23:59,615] {logging_mixin.py:104} INFO - bulbasaur/bulbasaur_39.jpeg None
[2022-01-25 14:23:59,646] {logging_mixin.py:104} INFO - bulbasaur/bulbasaur_4.png None
[2022-01-25 14:23:59,704] {logging_mixin.py:104} INFO - bulbasaur/bulbasaur_40.png None
[2022-01-25 14:23:59,775] {logging_mixin.py:104} INFO - bulbasaur/bulbasaur_41.jpeg None
[2022-01-25 14:24:00,332] {logging_mixin.py:104} INFO - bulbasaur/bulbasaur_42.jpeg None
[2022-01-25 14:24:00,406] {logging_mixin.py:104} INFO - bulbasaur/bulbasaur_43.jpeg None
[2022-01-25 14:24:00,455] {logging_mixin.py:104} INFO - bulbasaur/bulbasaur_44.png None
[2022-01-25 14:24:00,485] {logging_mixin.py:104} INFO - bulbasaur/bulbasaur_45.jpeg None
[2022-01-25 14:24:00,512] {logging_mixin.py:104} INFO - bulbasaur/bulbasaur_46.png None
[2022-01-25 14:24:00,533] {logging_mixin.py:104} INFO - bulbasaur/bulbasaur_47.jpeg None
[2022-01-25 14:24:00,555] {logging_mixin.py:104} INFO - bulbasaur/bulbasaur_48.jpeg None
[2022-01-25 14:24:00,591] {logging_mixin.py:104} INFO - bulbasaur/bulbasaur_49.png None
[2022-01-25 14:24:00,614] {logging_mixin.py:104} INFO - bulbasaur/bulbasaur_5.jpeg None
[2022-01-25 14:24:00,664] {logging_mixin.py:104} INFO - bulbasaur/bulbasaur_50.png None
[2022-01-25 14:24:00,726] {logging_mixin.py:104} INFO - bulbasaur/bulbasaur_51.jpeg None
[2022-01-25 14:24:00,755] {logging_mixin.py:104} INFO - bulbasaur/bulbasaur_52.png None
[2022-01-25 14:24:00,910] {logging_mixin.py:104} INFO - bulbasaur/bulbasaur_53.jpeg None
[2022-01-25 14:24:00,948] {logging_mixin.py:104} INFO - bulbasaur/bulbasaur_54.png None
[2022-01-25 14:24:00,994] {logging_mixin.py:104} INFO - bulbasaur/bulbasaur_57.png None
[2022-01-25 14:24:01,025] {logging_mixin.py:104} INFO - bulbasaur/bulbasaur_59.png None
[2022-01-25 14:24:01,116] {logging_mixin.py:104} INFO - bulbasaur/bulbasaur_6.jpeg None
[2022-01-25 14:24:01,181] {logging_mixin.py:104} INFO - bulbasaur/bulbasaur_61.png None
[2022-01-25 14:24:01,233] {logging_mixin.py:104} INFO - bulbasaur/bulbasaur_63.jpeg None
[2022-01-25 14:24:01,281] {logging_mixin.py:104} INFO - bulbasaur/bulbasaur_64.jpeg None
[2022-01-25 14:24:01,453] {logging_mixin.py:104} INFO - bulbasaur/bulbasaur_65.jpeg None
[2022-01-25 14:24:01,758] {logging_mixin.py:104} INFO - bulbasaur/bulbasaur_66.jpeg None
[2022-01-25 14:24:01,807] {logging_mixin.py:104} INFO - bulbasaur/bulbasaur_67.png None
[2022-01-25 14:24:01,857] {logging_mixin.py:104} INFO - bulbasaur/bulbasaur_68.jpeg None
[2022-01-25 14:24:01,900] {logging_mixin.py:104} INFO - bulbasaur/bulbasaur_69.png None
[2022-01-25 14:24:01,974] {logging_mixin.py:104} INFO - bulbasaur/bulbasaur_7.jpeg None
[2022-01-25 14:24:02,042] {logging_mixin.py:104} INFO - bulbasaur/bulbasaur_70.png None
[2022-01-25 14:24:02,311] {logging_mixin.py:104} INFO - bulbasaur/bulbasaur_73.png None
[2022-01-25 14:24:02,379] {logging_mixin.py:104} INFO - bulbasaur/bulbasaur_74.jpeg None
[2022-01-25 14:24:02,447] {logging_mixin.py:104} INFO - bulbasaur/bulbasaur_75.png None
[2022-01-25 14:24:02,746] {logging_mixin.py:104} INFO - bulbasaur/bulbasaur_77.jpeg None
[2022-01-25 14:24:03,002] {logging_mixin.py:104} INFO - bulbasaur/bulbasaur_78.jpeg None
[2022-01-25 14:24:03,174] {logging_mixin.py:104} INFO - bulbasaur/bulbasaur_79.jpeg None
[2022-01-25 14:24:03,327] {logging_mixin.py:104} INFO - bulbasaur/bulbasaur_8.png None
[2022-01-25 14:24:03,363] {logging_mixin.py:104} INFO - bulbasaur/bulbasaur_80.png None
[2022-01-25 14:24:03,398] {logging_mixin.py:104} INFO - bulbasaur/bulbasaur_81.jpeg None
[2022-01-25 14:24:03,460] {logging_mixin.py:104} INFO - bulbasaur/bulbasaur_83.jpeg None
[2022-01-25 14:24:03,496] {logging_mixin.py:104} INFO - bulbasaur/bulbasaur_84.png None
[2022-01-25 14:24:03,565] {logging_mixin.py:104} INFO - bulbasaur/bulbasaur_85.png None
[2022-01-25 14:24:03,628] {logging_mixin.py:104} INFO - bulbasaur/bulbasaur_87.png None
[2022-01-25 14:24:03,851] {logging_mixin.py:104} INFO - bulbasaur/bulbasaur_88.jpeg None
[2022-01-25 14:24:03,986] {logging_mixin.py:104} INFO - bulbasaur/bulbasaur_9.png None
[2022-01-25 14:24:04,077] {logging_mixin.py:104} INFO - bulbasaur/bulbasaur_90.png None
[2022-01-25 14:24:04,108] {logging_mixin.py:104} INFO - bulbasaur/bulbasaur_91.jpeg None
[2022-01-25 14:24:04,130] {logging_mixin.py:104} INFO - bulbasaur/bulbasaur_92.jpeg None
[2022-01-25 14:24:04,152] {logging_mixin.py:104} INFO - bulbasaur/bulbasaur_93.jpeg None
[2022-01-25 14:24:04,187] {logging_mixin.py:104} INFO - bulbasaur/bulbasaur_94.jpeg None
[2022-01-25 14:24:04,205] {logging_mixin.py:104} INFO - bulbasaur/bulbasaur_96.jpeg None
[2022-01-25 14:24:04,228] {logging_mixin.py:104} INFO - bulbasaur/bulbasaur_97.png None
[2022-01-25 14:24:04,255] {logging_mixin.py:104} INFO - bulbasaur/bulbasaur_98.jpeg None
[2022-01-25 14:24:04,281] {logging_mixin.py:104} INFO - bulbasaur/charmander_0.jpeg None
[2022-01-25 14:24:04,307] {logging_mixin.py:104} INFO - bulbasaur/charmander_1.jpeg None
[2022-01-25 14:24:04,337] {logging_mixin.py:104} INFO - bulbasaur/charmander_10.jpeg None
[2022-01-25 14:24:04,380] {logging_mixin.py:104} INFO - bulbasaur/charmander_2.png None
[2022-01-25 14:24:04,423] {logging_mixin.py:104} INFO - bulbasaur/charmander_3.jpeg None
[2022-01-25 14:24:04,448] {logging_mixin.py:104} INFO - bulbasaur/charmander_5.jpeg None
[2022-01-25 14:24:04,485] {logging_mixin.py:104} INFO - bulbasaur/charmander_6.png None
[2022-01-25 14:24:04,511] {logging_mixin.py:104} INFO - bulbasaur/charmander_7.png None
[2022-01-25 14:24:04,535] {logging_mixin.py:104} INFO - bulbasaur/charmander_8.jpeg None
[2022-01-25 14:24:04,554] {logging_mixin.py:104} INFO - bulbasaur/charmander_9.png None
[2022-01-25 14:24:04,576] {logging_mixin.py:104} INFO - bulbasaur/pikachu_33.png None
[2022-01-25 14:24:04,606] {logging_mixin.py:104} INFO - bulbasaur/pikachu_37.png None
[2022-01-25 14:24:04,629] {logging_mixin.py:104} INFO - bulbasaur/pikachu_42.png None
[2022-01-25 14:24:04,650] {logging_mixin.py:104} INFO - bulbasaur/pikachu_47.png None
[2022-01-25 14:24:04,675] {logging_mixin.py:104} INFO - bulbasaur/pikachu_49.jpeg None
[2022-01-25 14:24:04,737] {logging_mixin.py:104} INFO - bulbasaur/pikachu_71.png None
[2022-01-25 14:24:04,761] {logging_mixin.py:104} INFO - bulbasaur/pikachu_72.jpeg None
[2022-01-25 14:24:04,784] {logging_mixin.py:104} INFO - bulbasaur/pikachu_76.jpeg None
[2022-01-25 14:24:04,812] {logging_mixin.py:104} INFO - bulbasaur/pikachu_78.jpeg None
[2022-01-25 14:24:04,846] {logging_mixin.py:104} INFO - bulbasaur/pikachu_93.jpeg None
[2022-01-25 14:24:04,937] {logging_mixin.py:104} INFO - bulbasaur/pikachu_99.jpeg None
[2022-01-25 14:24:05,027] {logging_mixin.py:104} INFO - charmander/bulbasaur_99.jpeg None
[2022-01-25 14:24:05,233] {logging_mixin.py:104} INFO - pikachu/bulbasaur_15.jpeg None
[2022-01-25 14:24:05,342] {logging_mixin.py:104} INFO - pikachu/bulbasaur_56.png None
[2022-01-25 14:24:05,395] {logging_mixin.py:104} INFO - pikachu/bulbasaur_58.png None
[2022-01-25 14:24:05,461] {logging_mixin.py:104} INFO - pikachu/bulbasaur_62.png None
[2022-01-25 14:24:05,548] {logging_mixin.py:104} INFO - pikachu/bulbasaur_72.png None
[2022-01-25 14:24:05,587] {logging_mixin.py:104} INFO - pikachu/bulbasaur_76.jpeg None
[2022-01-25 14:24:05,639] {logging_mixin.py:104} INFO - pikachu/bulbasaur_82.png None
[2022-01-25 14:24:05,691] {logging_mixin.py:104} INFO - pikachu/bulbasaur_89.jpeg None
[2022-01-25 14:24:05,735] {logging_mixin.py:104} INFO - pikachu/charmander_11.jpeg None
[2022-01-25 14:24:05,759] {logging_mixin.py:104} INFO - pikachu/charmander_4.jpeg None
[2022-01-25 14:24:05,969] {logging_mixin.py:104} INFO - pikachu/pikachu_34.png None
[2022-01-25 14:24:06,590] {logging_mixin.py:104} INFO - pikachu/pikachu_41.png None
[2022-01-25 14:24:06,752] {logging_mixin.py:104} INFO - pikachu/pikachu_43.jpeg None
[2022-01-25 14:24:06,842] {logging_mixin.py:104} INFO - pikachu/pikachu_46.jpeg None
[2022-01-25 14:24:06,894] {logging_mixin.py:104} INFO - pikachu/pikachu_91.jpeg None
[2022-01-25 14:24:06,945] {python.py:118} INFO - Done. Returned value was: None
[2022-01-25 14:24:07,011] {taskinstance.py:1166} INFO - Marking task as SUCCESS. dag_id=classification, task_id=save_result, execution_date=20220125T142218, start_date=20220125T142358, end_date=20220125T142407
[2022-01-25 14:24:07,079] {taskinstance.py:1220} INFO - 1 downstream tasks scheduled from follow-on schedule check
[2022-01-25 14:24:07,089] {local_task_job.py:146} INFO - Task exited with return code 0
