[2022-01-25 14:16:09,685] {taskinstance.py:851} INFO - Dependencies all met for <TaskInstance: classification.delete_source_images 2022-01-25T14:12:10.613433+00:00 [queued]>
[2022-01-25 14:16:09,721] {taskinstance.py:851} INFO - Dependencies all met for <TaskInstance: classification.delete_source_images 2022-01-25T14:12:10.613433+00:00 [queued]>
[2022-01-25 14:16:09,723] {taskinstance.py:1042} INFO - 
--------------------------------------------------------------------------------
[2022-01-25 14:16:09,724] {taskinstance.py:1043} INFO - Starting attempt 1 of 2
[2022-01-25 14:16:09,725] {taskinstance.py:1044} INFO - 
--------------------------------------------------------------------------------
[2022-01-25 14:16:09,787] {taskinstance.py:1063} INFO - Executing <Task(PythonOperator): delete_source_images> on 2022-01-25T14:12:10.613433+00:00
[2022-01-25 14:16:09,814] {standard_task_runner.py:52} INFO - Started process 1513 to run task
[2022-01-25 14:16:09,839] {standard_task_runner.py:76} INFO - Running: ['airflow', 'tasks', 'run', 'classification', 'delete_source_images', '2022-01-25T14:12:10.613433+00:00', '--job-id', '171', '--pool', 'default_pool', '--raw', '--subdir', 'DAGS_FOLDER/classification.py', '--cfg-path', '/tmp/tmprl97q2pk', '--error-file', '/tmp/tmph8i9wrkb']
[2022-01-25 14:16:09,849] {standard_task_runner.py:77} INFO - Job 171: Subtask delete_source_images
[2022-01-25 14:16:09,955] {logging_mixin.py:104} INFO - Running <TaskInstance: classification.delete_source_images 2022-01-25T14:12:10.613433+00:00 [running]> on host 42ecca77b6ba
[2022-01-25 14:16:10,037] {taskinstance.py:1257} INFO - Exporting the following env vars:
AIRFLOW_CTX_DAG_OWNER=airflow
AIRFLOW_CTX_DAG_ID=classification
AIRFLOW_CTX_TASK_ID=delete_source_images
AIRFLOW_CTX_EXECUTION_DATE=2022-01-25T14:12:10.613433+00:00
AIRFLOW_CTX_DAG_RUN_ID=manual__2022-01-25T14:12:10.613433+00:00
[2022-01-25 14:16:12,140] {python.py:118} INFO - Done. Returned value was: None
[2022-01-25 14:16:12,155] {taskinstance.py:1166} INFO - Marking task as SUCCESS. dag_id=classification, task_id=delete_source_images, execution_date=20220125T141210, start_date=20220125T141609, end_date=20220125T141612
[2022-01-25 14:16:12,198] {taskinstance.py:1220} INFO - 1 downstream tasks scheduled from follow-on schedule check
[2022-01-25 14:16:12,217] {local_task_job.py:146} INFO - Task exited with return code 0
