[2022-01-25 11:27:35,649] {taskinstance.py:851} INFO - Dependencies all met for <TaskInstance: classification.check_data_exist 2022-01-25T11:22:24.583418+00:00 [queued]>
[2022-01-25 11:27:35,755] {taskinstance.py:851} INFO - Dependencies all met for <TaskInstance: classification.check_data_exist 2022-01-25T11:22:24.583418+00:00 [queued]>
[2022-01-25 11:27:35,756] {taskinstance.py:1042} INFO - 
--------------------------------------------------------------------------------
[2022-01-25 11:27:35,757] {taskinstance.py:1043} INFO - Starting attempt 1 of 2
[2022-01-25 11:27:35,758] {taskinstance.py:1044} INFO - 
--------------------------------------------------------------------------------
[2022-01-25 11:27:35,819] {taskinstance.py:1063} INFO - Executing <Task(BranchPythonOperator): check_data_exist> on 2022-01-25T11:22:24.583418+00:00
[2022-01-25 11:27:35,835] {standard_task_runner.py:52} INFO - Started process 8268 to run task
[2022-01-25 11:27:35,845] {standard_task_runner.py:76} INFO - Running: ['airflow', 'tasks', 'run', 'classification', 'check_data_exist', '2022-01-25T11:22:24.583418+00:00', '--job-id', '134', '--pool', 'default_pool', '--raw', '--subdir', 'DAGS_FOLDER/classification.py', '--cfg-path', '/tmp/tmpnjqbvsf2', '--error-file', '/tmp/tmpj2o92e0x']
[2022-01-25 11:27:35,859] {standard_task_runner.py:77} INFO - Job 134: Subtask check_data_exist
[2022-01-25 11:27:36,014] {logging_mixin.py:104} INFO - Running <TaskInstance: classification.check_data_exist 2022-01-25T11:22:24.583418+00:00 [running]> on host 54a54d544bf0
[2022-01-25 11:27:36,204] {taskinstance.py:1257} INFO - Exporting the following env vars:
AIRFLOW_CTX_DAG_OWNER=airflow
AIRFLOW_CTX_DAG_ID=classification
AIRFLOW_CTX_TASK_ID=check_data_exist
AIRFLOW_CTX_EXECUTION_DATE=2022-01-25T11:22:24.583418+00:00
AIRFLOW_CTX_DAG_RUN_ID=scheduled__2022-01-25T11:22:24.583418+00:00
[2022-01-25 11:27:36,722] {logging_mixin.py:104} INFO - pikachu_0.jpeg
[2022-01-25 11:27:36,723] {logging_mixin.py:104} INFO - pikachu_0.png
[2022-01-25 11:27:36,723] {logging_mixin.py:104} INFO - pikachu_1.jpeg
[2022-01-25 11:27:36,724] {logging_mixin.py:104} INFO - pikachu_1.png
[2022-01-25 11:27:36,724] {logging_mixin.py:104} INFO - pikachu_10.jpeg
[2022-01-25 11:27:36,724] {logging_mixin.py:104} INFO - pikachu_10.png
[2022-01-25 11:27:36,725] {logging_mixin.py:104} INFO - pikachu_100.jpeg
[2022-01-25 11:27:36,725] {logging_mixin.py:104} INFO - pikachu_101.jpeg
[2022-01-25 11:27:36,725] {logging_mixin.py:104} INFO - pikachu_102.jpeg
[2022-01-25 11:27:36,726] {logging_mixin.py:104} INFO - pikachu_103.jpeg
[2022-01-25 11:27:36,726] {logging_mixin.py:104} INFO - pikachu_103.png
[2022-01-25 11:27:36,730] {logging_mixin.py:104} INFO - pikachu_104.jpeg
[2022-01-25 11:27:36,731] {logging_mixin.py:104} INFO - pikachu_105.jpeg
[2022-01-25 11:27:36,732] {logging_mixin.py:104} INFO - pikachu_106.jpeg
[2022-01-25 11:27:36,732] {logging_mixin.py:104} INFO - pikachu_107.jpeg
[2022-01-25 11:27:36,734] {logging_mixin.py:104} INFO - pikachu_108.jpeg
[2022-01-25 11:27:36,734] {logging_mixin.py:104} INFO - pikachu_109.jpeg
[2022-01-25 11:27:36,735] {logging_mixin.py:104} INFO - pikachu_11.jpeg
[2022-01-25 11:27:36,736] {logging_mixin.py:104} INFO - pikachu_110.jpeg
[2022-01-25 11:27:36,736] {logging_mixin.py:104} INFO - pikachu_111.jpeg
[2022-01-25 11:27:36,737] {logging_mixin.py:104} INFO - pikachu_112.jpeg
[2022-01-25 11:27:36,738] {logging_mixin.py:104} INFO - pikachu_113.jpeg
[2022-01-25 11:27:36,738] {logging_mixin.py:104} INFO - pikachu_114.jpeg
[2022-01-25 11:27:36,739] {logging_mixin.py:104} INFO - pikachu_114.png
[2022-01-25 11:27:36,740] {logging_mixin.py:104} INFO - pikachu_115.jpeg
[2022-01-25 11:27:36,740] {logging_mixin.py:104} INFO - pikachu_116.jpeg
[2022-01-25 11:27:36,741] {logging_mixin.py:104} INFO - pikachu_116.png
[2022-01-25 11:27:36,744] {logging_mixin.py:104} INFO - pikachu_117.jpeg
[2022-01-25 11:27:36,749] {logging_mixin.py:104} INFO - pikachu_118.jpeg
[2022-01-25 11:27:36,751] {logging_mixin.py:104} INFO - pikachu_119.jpeg
[2022-01-25 11:27:36,751] {logging_mixin.py:104} INFO - pikachu_12.jpeg
[2022-01-25 11:27:36,752] {logging_mixin.py:104} INFO - pikachu_120.jpeg
[2022-01-25 11:27:36,753] {logging_mixin.py:104} INFO - pikachu_120.png
[2022-01-25 11:27:36,754] {logging_mixin.py:104} INFO - pikachu_121.jpeg
[2022-01-25 11:27:36,754] {logging_mixin.py:104} INFO - pikachu_122.jpeg
[2022-01-25 11:27:36,755] {logging_mixin.py:104} INFO - pikachu_123.jpeg
[2022-01-25 11:27:36,756] {logging_mixin.py:104} INFO - pikachu_123.png
[2022-01-25 11:27:36,756] {logging_mixin.py:104} INFO - pikachu_124.jpeg
[2022-01-25 11:27:36,757] {logging_mixin.py:104} INFO - pikachu_125.jpeg
[2022-01-25 11:27:36,758] {logging_mixin.py:104} INFO - pikachu_126.jpeg
[2022-01-25 11:27:36,758] {logging_mixin.py:104} INFO - pikachu_127.jpeg
[2022-01-25 11:27:36,759] {logging_mixin.py:104} INFO - pikachu_128.jpeg
[2022-01-25 11:27:36,760] {logging_mixin.py:104} INFO - pikachu_129.jpeg
[2022-01-25 11:27:36,761] {logging_mixin.py:104} INFO - pikachu_13.jpeg
[2022-01-25 11:27:36,761] {logging_mixin.py:104} INFO - pikachu_130.jpeg
[2022-01-25 11:27:36,762] {logging_mixin.py:104} INFO - pikachu_131.jpeg
[2022-01-25 11:27:36,764] {logging_mixin.py:104} INFO - pikachu_132.jpeg
[2022-01-25 11:27:36,765] {logging_mixin.py:104} INFO - pikachu_132.png
[2022-01-25 11:27:36,774] {logging_mixin.py:104} INFO - pikachu_133.jpeg
[2022-01-25 11:27:36,775] {logging_mixin.py:104} INFO - pikachu_134.jpeg
[2022-01-25 11:27:36,775] {logging_mixin.py:104} INFO - pikachu_134.png
[2022-01-25 11:27:36,776] {logging_mixin.py:104} INFO - pikachu_135.jpeg
[2022-01-25 11:27:36,777] {logging_mixin.py:104} INFO - pikachu_136.jpeg
[2022-01-25 11:27:36,777] {logging_mixin.py:104} INFO - pikachu_137.jpeg
[2022-01-25 11:27:36,778] {logging_mixin.py:104} INFO - pikachu_137.png
[2022-01-25 11:27:36,779] {logging_mixin.py:104} INFO - pikachu_138.jpeg
[2022-01-25 11:27:36,780] {logging_mixin.py:104} INFO - pikachu_138.png
[2022-01-25 11:27:36,781] {logging_mixin.py:104} INFO - pikachu_139.jpeg
[2022-01-25 11:27:36,782] {logging_mixin.py:104} INFO - pikachu_14.jpeg
[2022-01-25 11:27:36,782] {logging_mixin.py:104} INFO - pikachu_14.png
[2022-01-25 11:27:36,783] {logging_mixin.py:104} INFO - pikachu_140.jpeg
[2022-01-25 11:27:36,783] {logging_mixin.py:104} INFO - pikachu_140.png
[2022-01-25 11:27:36,784] {logging_mixin.py:104} INFO - pikachu_141.jpeg
[2022-01-25 11:27:36,784] {logging_mixin.py:104} INFO - pikachu_141.png
[2022-01-25 11:27:36,785] {logging_mixin.py:104} INFO - pikachu_142.jpeg
[2022-01-25 11:27:36,786] {logging_mixin.py:104} INFO - pikachu_142.png
[2022-01-25 11:27:36,786] {logging_mixin.py:104} INFO - pikachu_143.jpeg
[2022-01-25 11:27:36,787] {logging_mixin.py:104} INFO - pikachu_143.png
[2022-01-25 11:27:36,788] {logging_mixin.py:104} INFO - pikachu_144.jpeg
[2022-01-25 11:27:36,788] {logging_mixin.py:104} INFO - pikachu_144.png
[2022-01-25 11:27:36,789] {logging_mixin.py:104} INFO - pikachu_145.jpeg
[2022-01-25 11:27:36,791] {logging_mixin.py:104} INFO - pikachu_145.png
[2022-01-25 11:27:36,792] {logging_mixin.py:104} INFO - pikachu_146.jpeg
[2022-01-25 11:27:36,793] {logging_mixin.py:104} INFO - pikachu_147.jpeg
[2022-01-25 11:27:36,793] {logging_mixin.py:104} INFO - pikachu_148.jpeg
[2022-01-25 11:27:36,794] {logging_mixin.py:104} INFO - pikachu_149.jpeg
[2022-01-25 11:27:36,794] {logging_mixin.py:104} INFO - pikachu_149.png
[2022-01-25 11:27:36,795] {logging_mixin.py:104} INFO - pikachu_15.jpeg
[2022-01-25 11:27:36,795] {logging_mixin.py:104} INFO - pikachu_15.png
[2022-01-25 11:27:36,796] {logging_mixin.py:104} INFO - pikachu_150.jpeg
[2022-01-25 11:27:36,797] {logging_mixin.py:104} INFO - pikachu_151.jpeg
[2022-01-25 11:27:36,797] {logging_mixin.py:104} INFO - pikachu_152.jpeg
[2022-01-25 11:27:36,798] {logging_mixin.py:104} INFO - pikachu_153.png
[2022-01-25 11:27:36,799] {logging_mixin.py:104} INFO - pikachu_154.jpeg
[2022-01-25 11:27:36,799] {logging_mixin.py:104} INFO - pikachu_155.jpeg
[2022-01-25 11:27:36,800] {logging_mixin.py:104} INFO - pikachu_156.jpeg
[2022-01-25 11:27:36,801] {logging_mixin.py:104} INFO - pikachu_157.jpeg
[2022-01-25 11:27:36,802] {logging_mixin.py:104} INFO - pikachu_158.jpeg
[2022-01-25 11:27:36,802] {logging_mixin.py:104} INFO - pikachu_159.jpeg
[2022-01-25 11:27:36,804] {logging_mixin.py:104} INFO - pikachu_16.jpeg
[2022-01-25 11:27:36,805] {logging_mixin.py:104} INFO - pikachu_16.png
[2022-01-25 11:27:36,806] {logging_mixin.py:104} INFO - pikachu_160.jpeg
[2022-01-25 11:27:36,808] {logging_mixin.py:104} INFO - pikachu_160.png
[2022-01-25 11:27:36,808] {logging_mixin.py:104} INFO - pikachu_161.jpeg
[2022-01-25 11:27:36,810] {logging_mixin.py:104} INFO - pikachu_162.png
[2022-01-25 11:27:36,813] {logging_mixin.py:104} INFO - pikachu_163.jpeg
[2022-01-25 11:27:36,814] {logging_mixin.py:104} INFO - pikachu_164.jpeg
[2022-01-25 11:27:36,815] {logging_mixin.py:104} INFO - pikachu_165.jpeg
[2022-01-25 11:27:36,816] {logging_mixin.py:104} INFO - pikachu_166.jpeg
[2022-01-25 11:27:36,817] {logging_mixin.py:104} INFO - pikachu_167.jpeg
[2022-01-25 11:27:36,817] {logging_mixin.py:104} INFO - pikachu_168.jpeg
[2022-01-25 11:27:36,818] {logging_mixin.py:104} INFO - pikachu_168.png
[2022-01-25 11:27:36,818] {logging_mixin.py:104} INFO - pikachu_169.jpeg
[2022-01-25 11:27:36,819] {logging_mixin.py:104} INFO - pikachu_17.jpeg
[2022-01-25 11:27:36,819] {logging_mixin.py:104} INFO - pikachu_17.png
[2022-01-25 11:27:36,820] {logging_mixin.py:104} INFO - pikachu_170.jpeg
[2022-01-25 11:27:36,820] {logging_mixin.py:104} INFO - pikachu_171.jpeg
[2022-01-25 11:27:36,821] {logging_mixin.py:104} INFO - pikachu_172.jpeg
[2022-01-25 11:27:36,823] {logging_mixin.py:104} INFO - pikachu_173.png
[2022-01-25 11:27:36,827] {logging_mixin.py:104} INFO - pikachu_174.jpeg
[2022-01-25 11:27:36,830] {logging_mixin.py:104} INFO - pikachu_175.jpeg
[2022-01-25 11:27:36,831] {logging_mixin.py:104} INFO - pikachu_176.jpeg
[2022-01-25 11:27:36,832] {logging_mixin.py:104} INFO - pikachu_177.jpeg
[2022-01-25 11:27:36,834] {logging_mixin.py:104} INFO - pikachu_178.jpeg
[2022-01-25 11:27:36,835] {logging_mixin.py:104} INFO - pikachu_179.jpeg
[2022-01-25 11:27:36,836] {logging_mixin.py:104} INFO - pikachu_18.jpeg
[2022-01-25 11:27:36,836] {logging_mixin.py:104} INFO - pikachu_18.png
[2022-01-25 11:27:36,837] {logging_mixin.py:104} INFO - pikachu_180.jpeg
[2022-01-25 11:27:36,838] {logging_mixin.py:104} INFO - pikachu_181.png
[2022-01-25 11:27:36,838] {logging_mixin.py:104} INFO - pikachu_182.jpeg
[2022-01-25 11:27:36,839] {logging_mixin.py:104} INFO - pikachu_183.jpeg
[2022-01-25 11:27:36,840] {logging_mixin.py:104} INFO - pikachu_184.jpeg
[2022-01-25 11:27:36,840] {logging_mixin.py:104} INFO - pikachu_185.jpeg
[2022-01-25 11:27:36,843] {logging_mixin.py:104} INFO - pikachu_186.jpeg
[2022-01-25 11:27:36,844] {logging_mixin.py:104} INFO - pikachu_186.png
[2022-01-25 11:27:36,845] {logging_mixin.py:104} INFO - pikachu_187.jpeg
[2022-01-25 11:27:36,845] {logging_mixin.py:104} INFO - pikachu_188.jpeg
[2022-01-25 11:27:36,847] {logging_mixin.py:104} INFO - pikachu_189.jpeg
[2022-01-25 11:27:36,847] {logging_mixin.py:104} INFO - pikachu_19.jpeg
[2022-01-25 11:27:36,848] {logging_mixin.py:104} INFO - pikachu_19.png
[2022-01-25 11:27:36,849] {logging_mixin.py:104} INFO - pikachu_190.jpeg
[2022-01-25 11:27:36,849] {logging_mixin.py:104} INFO - pikachu_190.png
[2022-01-25 11:27:36,850] {logging_mixin.py:104} INFO - pikachu_191.jpeg
[2022-01-25 11:27:36,851] {logging_mixin.py:104} INFO - pikachu_192.jpeg
[2022-01-25 11:27:36,852] {logging_mixin.py:104} INFO - pikachu_193.jpeg
[2022-01-25 11:27:36,853] {logging_mixin.py:104} INFO - pikachu_194.jpeg
[2022-01-25 11:27:36,853] {logging_mixin.py:104} INFO - pikachu_195.png
[2022-01-25 11:27:36,855] {logging_mixin.py:104} INFO - pikachu_196.jpeg
[2022-01-25 11:27:36,855] {logging_mixin.py:104} INFO - pikachu_197.jpeg
[2022-01-25 11:27:36,856] {logging_mixin.py:104} INFO - pikachu_198.jpeg
[2022-01-25 11:27:36,857] {logging_mixin.py:104} INFO - pikachu_199.jpeg
[2022-01-25 11:27:36,857] {logging_mixin.py:104} INFO - pikachu_2.png
[2022-01-25 11:27:36,858] {logging_mixin.py:104} INFO - pikachu_20.jpeg
[2022-01-25 11:27:36,858] {logging_mixin.py:104} INFO - pikachu_20.png
[2022-01-25 11:27:36,859] {logging_mixin.py:104} INFO - pikachu_200.jpeg
[2022-01-25 11:27:36,860] {logging_mixin.py:104} INFO - pikachu_200.png
[2022-01-25 11:27:36,864] {logging_mixin.py:104} INFO - pikachu_201.jpeg
[2022-01-25 11:27:36,867] {logging_mixin.py:104} INFO - pikachu_201.png
[2022-01-25 11:27:36,872] {logging_mixin.py:104} INFO - pikachu_202.jpeg
[2022-01-25 11:27:36,872] {logging_mixin.py:104} INFO - pikachu_203.jpeg
[2022-01-25 11:27:36,875] {logging_mixin.py:104} INFO - pikachu_204.jpeg
[2022-01-25 11:27:36,879] {logging_mixin.py:104} INFO - pikachu_205.jpeg
[2022-01-25 11:27:36,880] {logging_mixin.py:104} INFO - pikachu_206.jpeg
[2022-01-25 11:27:36,880] {logging_mixin.py:104} INFO - pikachu_207.jpeg
[2022-01-25 11:27:36,881] {logging_mixin.py:104} INFO - pikachu_208.jpeg
[2022-01-25 11:27:36,882] {logging_mixin.py:104} INFO - pikachu_209.jpeg
[2022-01-25 11:27:36,882] {logging_mixin.py:104} INFO - pikachu_21.jpeg
[2022-01-25 11:27:36,883] {logging_mixin.py:104} INFO - pikachu_21.png
[2022-01-25 11:27:36,883] {logging_mixin.py:104} INFO - pikachu_210.jpeg
[2022-01-25 11:27:36,884] {logging_mixin.py:104} INFO - pikachu_211.jpeg
[2022-01-25 11:27:36,884] {logging_mixin.py:104} INFO - pikachu_212.jpeg
[2022-01-25 11:27:36,885] {logging_mixin.py:104} INFO - pikachu_212.png
[2022-01-25 11:27:36,886] {logging_mixin.py:104} INFO - pikachu_213.jpeg
[2022-01-25 11:27:36,886] {logging_mixin.py:104} INFO - pikachu_213.png
[2022-01-25 11:27:36,886] {logging_mixin.py:104} INFO - pikachu_214.jpeg
[2022-01-25 11:27:36,887] {logging_mixin.py:104} INFO - pikachu_215.jpeg
[2022-01-25 11:27:36,888] {logging_mixin.py:104} INFO - pikachu_216.jpeg
[2022-01-25 11:27:36,888] {logging_mixin.py:104} INFO - pikachu_217.jpeg
[2022-01-25 11:27:36,889] {logging_mixin.py:104} INFO - pikachu_218.jpeg
[2022-01-25 11:27:36,890] {logging_mixin.py:104} INFO - pikachu_219.jpeg
[2022-01-25 11:27:36,891] {logging_mixin.py:104} INFO - pikachu_22.jpeg
[2022-01-25 11:27:36,892] {logging_mixin.py:104} INFO - pikachu_220.jpeg
[2022-01-25 11:27:36,892] {logging_mixin.py:104} INFO - pikachu_220.png
[2022-01-25 11:27:36,893] {logging_mixin.py:104} INFO - pikachu_221.jpeg
[2022-01-25 11:27:36,894] {logging_mixin.py:104} INFO - pikachu_222.jpeg
[2022-01-25 11:27:36,894] {logging_mixin.py:104} INFO - pikachu_223.jpeg
[2022-01-25 11:27:36,895] {logging_mixin.py:104} INFO - pikachu_224.jpeg
[2022-01-25 11:27:36,897] {logging_mixin.py:104} INFO - pikachu_225.jpeg
[2022-01-25 11:27:36,897] {logging_mixin.py:104} INFO - pikachu_226.jpeg
[2022-01-25 11:27:36,898] {logging_mixin.py:104} INFO - pikachu_226.png
[2022-01-25 11:27:36,898] {logging_mixin.py:104} INFO - pikachu_227.jpeg
[2022-01-25 11:27:36,899] {logging_mixin.py:104} INFO - pikachu_228.jpeg
[2022-01-25 11:27:36,899] {logging_mixin.py:104} INFO - pikachu_229.jpeg
[2022-01-25 11:27:36,900] {logging_mixin.py:104} INFO - pikachu_23.jpeg
[2022-01-25 11:27:36,900] {logging_mixin.py:104} INFO - pikachu_230.jpeg
[2022-01-25 11:27:36,901] {logging_mixin.py:104} INFO - pikachu_230.png
[2022-01-25 11:27:36,902] {logging_mixin.py:104} INFO - pikachu_231.jpeg
[2022-01-25 11:27:36,902] {logging_mixin.py:104} INFO - pikachu_232.jpeg
[2022-01-25 11:27:36,903] {logging_mixin.py:104} INFO - pikachu_233.jpeg
[2022-01-25 11:27:36,903] {logging_mixin.py:104} INFO - pikachu_234.jpeg
[2022-01-25 11:27:36,904] {logging_mixin.py:104} INFO - pikachu_234.png
[2022-01-25 11:27:36,904] {logging_mixin.py:104} INFO - pikachu_235.jpeg
[2022-01-25 11:27:36,905] {logging_mixin.py:104} INFO - pikachu_236.jpeg
[2022-01-25 11:27:36,905] {logging_mixin.py:104} INFO - pikachu_237.jpeg
[2022-01-25 11:27:36,906] {logging_mixin.py:104} INFO - pikachu_238.jpeg
[2022-01-25 11:27:36,906] {logging_mixin.py:104} INFO - pikachu_239.jpeg
[2022-01-25 11:27:36,907] {logging_mixin.py:104} INFO - pikachu_239.png
[2022-01-25 11:27:36,907] {logging_mixin.py:104} INFO - pikachu_24.jpeg
[2022-01-25 11:27:36,908] {logging_mixin.py:104} INFO - pikachu_240.jpeg
[2022-01-25 11:27:36,908] {logging_mixin.py:104} INFO - pikachu_241.jpeg
[2022-01-25 11:27:36,909] {logging_mixin.py:104} INFO - pikachu_241.png
[2022-01-25 11:27:36,909] {logging_mixin.py:104} INFO - pikachu_242.jpeg
[2022-01-25 11:27:36,910] {logging_mixin.py:104} INFO - pikachu_242.png
[2022-01-25 11:27:36,911] {logging_mixin.py:104} INFO - pikachu_243.jpeg
[2022-01-25 11:27:36,913] {logging_mixin.py:104} INFO - pikachu_243.png
[2022-01-25 11:27:36,914] {logging_mixin.py:104} INFO - pikachu_244.png
[2022-01-25 11:27:36,915] {logging_mixin.py:104} INFO - pikachu_245.jpeg
[2022-01-25 11:27:36,915] {logging_mixin.py:104} INFO - pikachu_246.jpeg
[2022-01-25 11:27:36,916] {logging_mixin.py:104} INFO - pikachu_247.jpeg
[2022-01-25 11:27:36,917] {logging_mixin.py:104} INFO - pikachu_248.jpeg
[2022-01-25 11:27:36,917] {logging_mixin.py:104} INFO - pikachu_248.png
[2022-01-25 11:27:36,918] {logging_mixin.py:104} INFO - pikachu_249.jpeg
[2022-01-25 11:27:36,919] {logging_mixin.py:104} INFO - pikachu_249.png
[2022-01-25 11:27:36,919] {logging_mixin.py:104} INFO - pikachu_25.jpeg
[2022-01-25 11:27:36,920] {logging_mixin.py:104} INFO - pikachu_25.png
[2022-01-25 11:27:36,920] {logging_mixin.py:104} INFO - pikachu_250.jpeg
[2022-01-25 11:27:36,920] {logging_mixin.py:104} INFO - pikachu_251.jpeg
[2022-01-25 11:27:36,921] {logging_mixin.py:104} INFO - pikachu_252.jpeg
[2022-01-25 11:27:36,922] {logging_mixin.py:104} INFO - pikachu_253.jpeg
[2022-01-25 11:27:36,922] {logging_mixin.py:104} INFO - pikachu_254.jpeg
[2022-01-25 11:27:36,923] {logging_mixin.py:104} INFO - pikachu_255.jpeg
[2022-01-25 11:27:36,923] {logging_mixin.py:104} INFO - pikachu_256.jpeg
[2022-01-25 11:27:36,924] {logging_mixin.py:104} INFO - pikachu_257.jpeg
[2022-01-25 11:27:36,924] {logging_mixin.py:104} INFO - pikachu_258.jpeg
[2022-01-25 11:27:36,925] {logging_mixin.py:104} INFO - pikachu_259.jpeg
[2022-01-25 11:27:36,925] {logging_mixin.py:104} INFO - pikachu_259.png
[2022-01-25 11:27:36,926] {logging_mixin.py:104} INFO - pikachu_26.jpeg
[2022-01-25 11:27:36,926] {logging_mixin.py:104} INFO - pikachu_26.png
[2022-01-25 11:27:36,927] {logging_mixin.py:104} INFO - pikachu_260.jpeg
[2022-01-25 11:27:36,927] {logging_mixin.py:104} INFO - pikachu_260.png
[2022-01-25 11:27:36,928] {logging_mixin.py:104} INFO - pikachu_261.jpeg
[2022-01-25 11:27:36,928] {logging_mixin.py:104} INFO - pikachu_262.jpeg
[2022-01-25 11:27:36,928] {logging_mixin.py:104} INFO - pikachu_263.jpeg
[2022-01-25 11:27:36,933] {logging_mixin.py:104} INFO - pikachu_263.png
[2022-01-25 11:27:36,933] {logging_mixin.py:104} INFO - pikachu_264.jpeg
[2022-01-25 11:27:36,934] {logging_mixin.py:104} INFO - pikachu_264.png
[2022-01-25 11:27:36,934] {logging_mixin.py:104} INFO - pikachu_265.jpeg
[2022-01-25 11:27:36,934] {logging_mixin.py:104} INFO - pikachu_266.jpeg
[2022-01-25 11:27:36,935] {logging_mixin.py:104} INFO - pikachu_266.png
[2022-01-25 11:27:36,936] {logging_mixin.py:104} INFO - pikachu_267.jpeg
[2022-01-25 11:27:36,936] {logging_mixin.py:104} INFO - pikachu_268.jpeg
[2022-01-25 11:27:36,937] {logging_mixin.py:104} INFO - pikachu_268.png
[2022-01-25 11:27:36,937] {logging_mixin.py:104} INFO - pikachu_269.jpeg
[2022-01-25 11:27:36,938] {logging_mixin.py:104} INFO - pikachu_269.png
[2022-01-25 11:27:36,938] {logging_mixin.py:104} INFO - pikachu_27.jpeg
[2022-01-25 11:27:36,939] {logging_mixin.py:104} INFO - pikachu_27.png
[2022-01-25 11:27:36,939] {logging_mixin.py:104} INFO - pikachu_270.jpeg
[2022-01-25 11:27:36,940] {logging_mixin.py:104} INFO - pikachu_271.jpeg
[2022-01-25 11:27:36,941] {logging_mixin.py:104} INFO - pikachu_272.jpeg
[2022-01-25 11:27:36,942] {logging_mixin.py:104} INFO - pikachu_273.jpeg
[2022-01-25 11:27:36,942] {logging_mixin.py:104} INFO - pikachu_274.jpeg
[2022-01-25 11:27:36,943] {logging_mixin.py:104} INFO - pikachu_275.jpeg
[2022-01-25 11:27:36,943] {logging_mixin.py:104} INFO - pikachu_276.jpeg
[2022-01-25 11:27:36,944] {logging_mixin.py:104} INFO - pikachu_276.png
[2022-01-25 11:27:36,944] {logging_mixin.py:104} INFO - pikachu_277.jpeg
[2022-01-25 11:27:36,945] {logging_mixin.py:104} INFO - pikachu_277.png
[2022-01-25 11:27:36,947] {logging_mixin.py:104} INFO - pikachu_278.jpeg
[2022-01-25 11:27:36,948] {logging_mixin.py:104} INFO - pikachu_279.jpeg
[2022-01-25 11:27:36,948] {logging_mixin.py:104} INFO - pikachu_279.png
[2022-01-25 11:27:36,951] {logging_mixin.py:104} INFO - pikachu_28.jpeg
[2022-01-25 11:27:36,954] {logging_mixin.py:104} INFO - pikachu_28.png
[2022-01-25 11:27:36,954] {logging_mixin.py:104} INFO - pikachu_280.jpeg
[2022-01-25 11:27:36,955] {logging_mixin.py:104} INFO - pikachu_281.jpeg
[2022-01-25 11:27:36,955] {logging_mixin.py:104} INFO - pikachu_282.jpeg
[2022-01-25 11:27:36,956] {logging_mixin.py:104} INFO - pikachu_283.jpeg
[2022-01-25 11:27:36,956] {logging_mixin.py:104} INFO - pikachu_284.jpeg
[2022-01-25 11:27:36,957] {logging_mixin.py:104} INFO - pikachu_285.jpeg
[2022-01-25 11:27:36,958] {logging_mixin.py:104} INFO - pikachu_285.png
[2022-01-25 11:27:36,958] {logging_mixin.py:104} INFO - pikachu_286.jpeg
[2022-01-25 11:27:36,958] {logging_mixin.py:104} INFO - pikachu_287.jpeg
[2022-01-25 11:27:36,959] {logging_mixin.py:104} INFO - pikachu_288.jpeg
[2022-01-25 11:27:36,960] {logging_mixin.py:104} INFO - pikachu_289.jpeg
[2022-01-25 11:27:36,961] {logging_mixin.py:104} INFO - pikachu_289.png
[2022-01-25 11:27:36,961] {logging_mixin.py:104} INFO - pikachu_29.jpeg
[2022-01-25 11:27:36,963] {logging_mixin.py:104} INFO - pikachu_29.png
[2022-01-25 11:27:36,964] {logging_mixin.py:104} INFO - pikachu_290.jpeg
[2022-01-25 11:27:36,964] {logging_mixin.py:104} INFO - pikachu_291.jpeg
[2022-01-25 11:27:36,965] {logging_mixin.py:104} INFO - pikachu_292.png
[2022-01-25 11:27:36,966] {logging_mixin.py:104} INFO - pikachu_293.png
[2022-01-25 11:27:36,967] {logging_mixin.py:104} INFO - pikachu_294.jpeg
[2022-01-25 11:27:36,967] {logging_mixin.py:104} INFO - pikachu_295.jpeg
[2022-01-25 11:27:36,968] {logging_mixin.py:104} INFO - pikachu_296.jpeg
[2022-01-25 11:27:36,968] {logging_mixin.py:104} INFO - pikachu_297.png
[2022-01-25 11:27:36,969] {logging_mixin.py:104} INFO - pikachu_298.jpeg
[2022-01-25 11:27:36,970] {logging_mixin.py:104} INFO - pikachu_299.jpeg
[2022-01-25 11:27:36,970] {logging_mixin.py:104} INFO - pikachu_3.png
[2022-01-25 11:27:36,971] {logging_mixin.py:104} INFO - pikachu_30.jpeg
[2022-01-25 11:27:36,972] {logging_mixin.py:104} INFO - pikachu_30.png
[2022-01-25 11:27:36,973] {logging_mixin.py:104} INFO - pikachu_300.jpeg
[2022-01-25 11:27:36,973] {logging_mixin.py:104} INFO - pikachu_301.jpeg
[2022-01-25 11:27:36,974] {logging_mixin.py:104} INFO - pikachu_302.jpeg
[2022-01-25 11:27:36,974] {logging_mixin.py:104} INFO - pikachu_303.jpeg
[2022-01-25 11:27:36,975] {logging_mixin.py:104} INFO - pikachu_304.jpeg
[2022-01-25 11:27:36,975] {logging_mixin.py:104} INFO - pikachu_305.jpeg
[2022-01-25 11:27:36,975] {logging_mixin.py:104} INFO - pikachu_306.jpeg
[2022-01-25 11:27:36,976] {logging_mixin.py:104} INFO - pikachu_307.jpeg
[2022-01-25 11:27:36,976] {logging_mixin.py:104} INFO - pikachu_308.jpeg
[2022-01-25 11:27:36,977] {logging_mixin.py:104} INFO - pikachu_309.jpeg
[2022-01-25 11:27:36,977] {logging_mixin.py:104} INFO - pikachu_31.jpeg
[2022-01-25 11:27:36,977] {logging_mixin.py:104} INFO - pikachu_310.jpeg
[2022-01-25 11:27:36,978] {logging_mixin.py:104} INFO - pikachu_311.jpeg
[2022-01-25 11:27:36,980] {logging_mixin.py:104} INFO - pikachu_312.png
[2022-01-25 11:27:36,982] {logging_mixin.py:104} INFO - pikachu_313.jpeg
[2022-01-25 11:27:36,983] {logging_mixin.py:104} INFO - pikachu_314.jpeg
[2022-01-25 11:27:36,983] {logging_mixin.py:104} INFO - pikachu_315.jpeg
[2022-01-25 11:27:36,984] {logging_mixin.py:104} INFO - pikachu_316.jpeg
[2022-01-25 11:27:36,985] {logging_mixin.py:104} INFO - pikachu_317.jpeg
[2022-01-25 11:27:36,986] {logging_mixin.py:104} INFO - pikachu_318.jpeg
[2022-01-25 11:27:36,989] {logging_mixin.py:104} INFO - pikachu_319.jpeg
[2022-01-25 11:27:36,990] {logging_mixin.py:104} INFO - pikachu_32.jpeg
[2022-01-25 11:27:36,990] {logging_mixin.py:104} INFO - pikachu_32.png
[2022-01-25 11:27:36,991] {logging_mixin.py:104} INFO - pikachu_320.jpeg
[2022-01-25 11:27:36,992] {logging_mixin.py:104} INFO - pikachu_321.jpeg
[2022-01-25 11:27:36,993] {logging_mixin.py:104} INFO - pikachu_322.jpeg
[2022-01-25 11:27:36,993] {logging_mixin.py:104} INFO - pikachu_323.jpeg
[2022-01-25 11:27:36,994] {logging_mixin.py:104} INFO - pikachu_324.png
[2022-01-25 11:27:36,995] {logging_mixin.py:104} INFO - pikachu_326.jpeg
[2022-01-25 11:27:36,995] {logging_mixin.py:104} INFO - pikachu_327.jpeg
[2022-01-25 11:27:36,996] {logging_mixin.py:104} INFO - pikachu_328.jpeg
[2022-01-25 11:27:36,997] {logging_mixin.py:104} INFO - pikachu_329.jpeg
[2022-01-25 11:27:36,998] {logging_mixin.py:104} INFO - pikachu_33.jpeg
[2022-01-25 11:27:36,999] {logging_mixin.py:104} INFO - pikachu_33.png
[2022-01-25 11:27:36,999] {logging_mixin.py:104} INFO - pikachu_330.jpeg
[2022-01-25 11:27:37,000] {logging_mixin.py:104} INFO - pikachu_331.jpeg
[2022-01-25 11:27:37,000] {logging_mixin.py:104} INFO - pikachu_332.jpeg
[2022-01-25 11:27:37,001] {logging_mixin.py:104} INFO - pikachu_333.jpeg
[2022-01-25 11:27:37,001] {logging_mixin.py:104} INFO - pikachu_334.jpeg
[2022-01-25 11:27:37,002] {logging_mixin.py:104} INFO - pikachu_335.jpeg
[2022-01-25 11:27:37,002] {logging_mixin.py:104} INFO - pikachu_336.jpeg
[2022-01-25 11:27:37,002] {logging_mixin.py:104} INFO - pikachu_337.jpeg
[2022-01-25 11:27:37,003] {logging_mixin.py:104} INFO - pikachu_338.jpeg
[2022-01-25 11:27:37,003] {logging_mixin.py:104} INFO - pikachu_34.jpeg
[2022-01-25 11:27:37,003] {logging_mixin.py:104} INFO - pikachu_34.png
[2022-01-25 11:27:37,004] {logging_mixin.py:104} INFO - pikachu_35.jpeg
[2022-01-25 11:27:37,004] {logging_mixin.py:104} INFO - pikachu_35.png
[2022-01-25 11:27:37,004] {logging_mixin.py:104} INFO - pikachu_36.jpeg
[2022-01-25 11:27:37,005] {logging_mixin.py:104} INFO - pikachu_37.jpeg
[2022-01-25 11:27:37,005] {logging_mixin.py:104} INFO - pikachu_38.jpeg
[2022-01-25 11:27:37,006] {logging_mixin.py:104} INFO - pikachu_39.jpeg
[2022-01-25 11:27:37,006] {logging_mixin.py:104} INFO - pikachu_4.jpeg
[2022-01-25 11:27:37,007] {logging_mixin.py:104} INFO - pikachu_4.png
[2022-01-25 11:27:37,007] {logging_mixin.py:104} INFO - pikachu_40.jpeg
[2022-01-25 11:27:37,008] {logging_mixin.py:104} INFO - pikachu_41.jpeg
[2022-01-25 11:27:37,008] {logging_mixin.py:104} INFO - pikachu_42.jpeg
[2022-01-25 11:27:37,009] {logging_mixin.py:104} INFO - pikachu_43.jpeg
[2022-01-25 11:27:37,009] {logging_mixin.py:104} INFO - pikachu_44.jpeg
[2022-01-25 11:27:37,009] {logging_mixin.py:104} INFO - pikachu_45.jpeg
[2022-01-25 11:27:37,012] {logging_mixin.py:104} INFO - pikachu_45.png
[2022-01-25 11:27:37,013] {logging_mixin.py:104} INFO - pikachu_46.jpeg
[2022-01-25 11:27:37,014] {logging_mixin.py:104} INFO - pikachu_47.jpeg
[2022-01-25 11:27:37,014] {logging_mixin.py:104} INFO - pikachu_47.png
[2022-01-25 11:27:37,015] {logging_mixin.py:104} INFO - pikachu_48.jpeg
[2022-01-25 11:27:37,016] {logging_mixin.py:104} INFO - pikachu_48.png
[2022-01-25 11:27:37,016] {logging_mixin.py:104} INFO - pikachu_49.jpeg
[2022-01-25 11:27:37,017] {logging_mixin.py:104} INFO - pikachu_5.jpeg
[2022-01-25 11:27:37,017] {logging_mixin.py:104} INFO - pikachu_5.png
[2022-01-25 11:27:37,018] {logging_mixin.py:104} INFO - pikachu_50.jpeg
[2022-01-25 11:27:37,018] {logging_mixin.py:104} INFO - pikachu_50.png
[2022-01-25 11:27:37,019] {logging_mixin.py:104} INFO - pikachu_51.jpeg
[2022-01-25 11:27:37,019] {logging_mixin.py:104} INFO - pikachu_51.png
[2022-01-25 11:27:37,020] {logging_mixin.py:104} INFO - pikachu_52.jpeg
[2022-01-25 11:27:37,021] {logging_mixin.py:104} INFO - pikachu_52.png
[2022-01-25 11:27:37,021] {logging_mixin.py:104} INFO - pikachu_53.jpeg
[2022-01-25 11:27:37,028] {logging_mixin.py:104} INFO - pikachu_53.png
[2022-01-25 11:27:37,032] {logging_mixin.py:104} INFO - pikachu_54.jpeg
[2022-01-25 11:27:37,033] {logging_mixin.py:104} INFO - pikachu_54.png
[2022-01-25 11:27:37,033] {logging_mixin.py:104} INFO - pikachu_55.jpeg
[2022-01-25 11:27:37,034] {logging_mixin.py:104} INFO - pikachu_55.png
[2022-01-25 11:27:37,035] {logging_mixin.py:104} INFO - pikachu_56.jpeg
[2022-01-25 11:27:37,035] {logging_mixin.py:104} INFO - pikachu_56.png
[2022-01-25 11:27:37,039] {logging_mixin.py:104} INFO - pikachu_57.jpeg
[2022-01-25 11:27:37,040] {logging_mixin.py:104} INFO - pikachu_58.jpeg
[2022-01-25 11:27:37,043] {logging_mixin.py:104} INFO - pikachu_59.jpeg
[2022-01-25 11:27:37,044] {logging_mixin.py:104} INFO - pikachu_59.png
[2022-01-25 11:27:37,047] {logging_mixin.py:104} INFO - pikachu_6.jpeg
[2022-01-25 11:27:37,047] {logging_mixin.py:104} INFO - pikachu_60.jpeg
[2022-01-25 11:27:37,048] {logging_mixin.py:104} INFO - pikachu_60.png
[2022-01-25 11:27:37,049] {logging_mixin.py:104} INFO - pikachu_61.jpeg
[2022-01-25 11:27:37,050] {logging_mixin.py:104} INFO - pikachu_61.png
[2022-01-25 11:27:37,051] {logging_mixin.py:104} INFO - pikachu_62.jpeg
[2022-01-25 11:27:37,052] {logging_mixin.py:104} INFO - pikachu_63.jpeg
[2022-01-25 11:27:37,052] {logging_mixin.py:104} INFO - pikachu_64.jpeg
[2022-01-25 11:27:37,053] {logging_mixin.py:104} INFO - pikachu_65.jpeg
[2022-01-25 11:27:37,054] {logging_mixin.py:104} INFO - pikachu_66.jpeg
[2022-01-25 11:27:37,054] {logging_mixin.py:104} INFO - pikachu_67.jpeg
[2022-01-25 11:27:37,055] {logging_mixin.py:104} INFO - pikachu_68.jpeg
[2022-01-25 11:27:37,055] {logging_mixin.py:104} INFO - pikachu_69.jpeg
[2022-01-25 11:27:37,056] {logging_mixin.py:104} INFO - pikachu_7.png
[2022-01-25 11:27:37,056] {logging_mixin.py:104} INFO - pikachu_70.jpeg
[2022-01-25 11:27:37,058] {logging_mixin.py:104} INFO - pikachu_71.jpeg
[2022-01-25 11:27:37,059] {logging_mixin.py:104} INFO - pikachu_72.jpeg
[2022-01-25 11:27:37,060] {logging_mixin.py:104} INFO - pikachu_72.png
[2022-01-25 11:27:37,064] {logging_mixin.py:104} INFO - pikachu_73.jpeg
[2022-01-25 11:27:37,064] {logging_mixin.py:104} INFO - pikachu_73.png
[2022-01-25 11:27:37,065] {logging_mixin.py:104} INFO - pikachu_74.jpeg
[2022-01-25 11:27:37,066] {logging_mixin.py:104} INFO - pikachu_74.png
[2022-01-25 11:27:37,066] {logging_mixin.py:104} INFO - pikachu_75.jpeg
[2022-01-25 11:27:37,066] {logging_mixin.py:104} INFO - pikachu_76.jpeg
[2022-01-25 11:27:37,067] {logging_mixin.py:104} INFO - pikachu_76.png
[2022-01-25 11:27:37,067] {logging_mixin.py:104} INFO - pikachu_77.jpeg
[2022-01-25 11:27:37,068] {logging_mixin.py:104} INFO - pikachu_77.png
[2022-01-25 11:27:37,068] {logging_mixin.py:104} INFO - pikachu_78.jpeg
[2022-01-25 11:27:37,069] {logging_mixin.py:104} INFO - pikachu_78.png
[2022-01-25 11:27:37,069] {logging_mixin.py:104} INFO - pikachu_79.jpeg
[2022-01-25 11:27:37,070] {logging_mixin.py:104} INFO - pikachu_8.jpeg
[2022-01-25 11:27:37,070] {logging_mixin.py:104} INFO - pikachu_8.png
[2022-01-25 11:27:37,070] {logging_mixin.py:104} INFO - pikachu_80.jpeg
[2022-01-25 11:27:37,071] {logging_mixin.py:104} INFO - pikachu_81.jpeg
[2022-01-25 11:27:37,072] {logging_mixin.py:104} INFO - pikachu_82.jpeg
[2022-01-25 11:27:37,072] {logging_mixin.py:104} INFO - pikachu_83.jpeg
[2022-01-25 11:27:37,073] {logging_mixin.py:104} INFO - pikachu_83.png
[2022-01-25 11:27:37,073] {logging_mixin.py:104} INFO - pikachu_84.jpeg
[2022-01-25 11:27:37,074] {logging_mixin.py:104} INFO - pikachu_84.png
[2022-01-25 11:27:37,074] {logging_mixin.py:104} INFO - pikachu_85.jpeg
[2022-01-25 11:27:37,075] {logging_mixin.py:104} INFO - pikachu_85.png
[2022-01-25 11:27:37,075] {logging_mixin.py:104} INFO - pikachu_86.jpeg
[2022-01-25 11:27:37,076] {logging_mixin.py:104} INFO - pikachu_87.jpeg
[2022-01-25 11:27:37,077] {logging_mixin.py:104} INFO - pikachu_88.jpeg
[2022-01-25 11:27:37,077] {logging_mixin.py:104} INFO - pikachu_89.jpeg
[2022-01-25 11:27:37,078] {logging_mixin.py:104} INFO - pikachu_9.jpeg
[2022-01-25 11:27:37,078] {logging_mixin.py:104} INFO - pikachu_9.png
[2022-01-25 11:27:37,079] {logging_mixin.py:104} INFO - pikachu_90.jpeg
[2022-01-25 11:27:37,080] {logging_mixin.py:104} INFO - pikachu_90.png
[2022-01-25 11:27:37,080] {logging_mixin.py:104} INFO - pikachu_91.jpeg
[2022-01-25 11:27:37,081] {logging_mixin.py:104} INFO - pikachu_91.png
[2022-01-25 11:27:37,082] {logging_mixin.py:104} INFO - pikachu_92.jpeg
[2022-01-25 11:27:37,083] {logging_mixin.py:104} INFO - pikachu_92.png
[2022-01-25 11:27:37,084] {logging_mixin.py:104} INFO - pikachu_93.jpeg
[2022-01-25 11:27:37,085] {logging_mixin.py:104} INFO - pikachu_93.png
[2022-01-25 11:27:37,085] {logging_mixin.py:104} INFO - pikachu_94.jpeg
[2022-01-25 11:27:37,086] {logging_mixin.py:104} INFO - pikachu_94.png
[2022-01-25 11:27:37,086] {logging_mixin.py:104} INFO - pikachu_95.jpeg
[2022-01-25 11:27:37,087] {logging_mixin.py:104} INFO - pikachu_95.png
[2022-01-25 11:27:37,088] {logging_mixin.py:104} INFO - pikachu_96.jpeg
[2022-01-25 11:27:37,089] {logging_mixin.py:104} INFO - pikachu_96.png
[2022-01-25 11:27:37,090] {logging_mixin.py:104} INFO - pikachu_97.jpeg
[2022-01-25 11:27:37,090] {logging_mixin.py:104} INFO - pikachu_97.png
[2022-01-25 11:27:37,091] {logging_mixin.py:104} INFO - pikachu_98.jpeg
[2022-01-25 11:27:37,091] {logging_mixin.py:104} INFO - pikachu_98.png
[2022-01-25 11:27:37,092] {logging_mixin.py:104} INFO - pikachu_99.jpeg
[2022-01-25 11:27:37,092] {logging_mixin.py:104} INFO - --------------ti-----------------------
[2022-01-25 11:27:37,093] {logging_mixin.py:104} INFO - <TaskInstance: classification.check_data_exist 2022-01-25T11:22:24.583418+00:00 [running]>
[2022-01-25 11:27:37,094] {logging_mixin.py:104} INFO - ------------------------------
[2022-01-25 11:27:37,158] {python.py:118} INFO - Done. Returned value was: load_data
[2022-01-25 11:27:37,158] {skipmixin.py:124} INFO - Following branch load_data
[2022-01-25 11:27:37,174] {skipmixin.py:155} INFO - Skipping tasks []
[2022-01-25 11:27:37,265] {taskinstance.py:1166} INFO - Marking task as SUCCESS. dag_id=classification, task_id=check_data_exist, execution_date=20220125T112224, start_date=20220125T112735, end_date=20220125T112737
[2022-01-25 11:27:37,342] {taskinstance.py:1220} INFO - 1 downstream tasks scheduled from follow-on schedule check
[2022-01-25 11:27:37,396] {local_task_job.py:146} INFO - Task exited with return code 0
