[2022-01-26 04:37:27,818] {taskinstance.py:851} INFO - Dependencies all met for <TaskInstance: classification.check_data_exist 2022-01-26T04:36:43.594035+00:00 [queued]>
[2022-01-26 04:37:27,845] {taskinstance.py:851} INFO - Dependencies all met for <TaskInstance: classification.check_data_exist 2022-01-26T04:36:43.594035+00:00 [queued]>
[2022-01-26 04:37:27,846] {taskinstance.py:1042} INFO - 
--------------------------------------------------------------------------------
[2022-01-26 04:37:27,846] {taskinstance.py:1043} INFO - Starting attempt 1 of 2
[2022-01-26 04:37:27,847] {taskinstance.py:1044} INFO - 
--------------------------------------------------------------------------------
[2022-01-26 04:37:27,866] {taskinstance.py:1063} INFO - Executing <Task(BranchPythonOperator): check_data_exist> on 2022-01-26T04:36:43.594035+00:00
[2022-01-26 04:37:27,874] {standard_task_runner.py:52} INFO - Started process 82 to run task
[2022-01-26 04:37:27,881] {standard_task_runner.py:76} INFO - Running: ['airflow', 'tasks', 'run', 'classification', 'check_data_exist', '2022-01-26T04:36:43.594035+00:00', '--job-id', '200', '--pool', 'default_pool', '--raw', '--subdir', 'DAGS_FOLDER/classification.py', '--cfg-path', '/tmp/tmpdwmyi5oj', '--error-file', '/tmp/tmpx19yvvn_']
[2022-01-26 04:37:27,889] {standard_task_runner.py:77} INFO - Job 200: Subtask check_data_exist
[2022-01-26 04:37:27,964] {logging_mixin.py:104} INFO - Running <TaskInstance: classification.check_data_exist 2022-01-26T04:36:43.594035+00:00 [running]> on host 115f9a25dda0
[2022-01-26 04:37:28,022] {taskinstance.py:1257} INFO - Exporting the following env vars:
AIRFLOW_CTX_DAG_OWNER=airflow
AIRFLOW_CTX_DAG_ID=classification
AIRFLOW_CTX_TASK_ID=check_data_exist
AIRFLOW_CTX_EXECUTION_DATE=2022-01-26T04:36:43.594035+00:00
AIRFLOW_CTX_DAG_RUN_ID=manual__2022-01-26T04:36:43.594035+00:00
[2022-01-26 04:37:28,075] {logging_mixin.py:104} INFO - bulbasaur_0.jpeg
[2022-01-26 04:37:28,076] {logging_mixin.py:104} INFO - bulbasaur_1.png
[2022-01-26 04:37:28,076] {logging_mixin.py:104} INFO - bulbasaur_10.jpeg
[2022-01-26 04:37:28,077] {logging_mixin.py:104} INFO - bulbasaur_11.png
[2022-01-26 04:37:28,077] {logging_mixin.py:104} INFO - bulbasaur_12.png
[2022-01-26 04:37:28,077] {logging_mixin.py:104} INFO - bulbasaur_13.png
[2022-01-26 04:37:28,078] {logging_mixin.py:104} INFO - bulbasaur_14.jpeg
[2022-01-26 04:37:28,078] {logging_mixin.py:104} INFO - bulbasaur_15.jpeg
[2022-01-26 04:37:28,078] {logging_mixin.py:104} INFO - bulbasaur_16.png
[2022-01-26 04:37:28,079] {logging_mixin.py:104} INFO - bulbasaur_17.png
[2022-01-26 04:37:28,079] {logging_mixin.py:104} INFO - bulbasaur_18.png
[2022-01-26 04:37:28,079] {logging_mixin.py:104} INFO - bulbasaur_19.jpeg
[2022-01-26 04:37:28,080] {logging_mixin.py:104} INFO - bulbasaur_2.jpeg
[2022-01-26 04:37:28,080] {logging_mixin.py:104} INFO - bulbasaur_20.png
[2022-01-26 04:37:28,080] {logging_mixin.py:104} INFO - bulbasaur_21.png
[2022-01-26 04:37:28,081] {logging_mixin.py:104} INFO - bulbasaur_22.jpeg
[2022-01-26 04:37:28,081] {logging_mixin.py:104} INFO - bulbasaur_23.png
[2022-01-26 04:37:28,081] {logging_mixin.py:104} INFO - bulbasaur_24.jpeg
[2022-01-26 04:37:28,082] {logging_mixin.py:104} INFO - bulbasaur_3.png
[2022-01-26 04:37:28,082] {logging_mixin.py:104} INFO - bulbasaur_4.png
[2022-01-26 04:37:28,082] {logging_mixin.py:104} INFO - bulbasaur_5.png
[2022-01-26 04:37:28,083] {logging_mixin.py:104} INFO - bulbasaur_6.png
[2022-01-26 04:37:28,083] {logging_mixin.py:104} INFO - bulbasaur_7.png
[2022-01-26 04:37:28,083] {logging_mixin.py:104} INFO - bulbasaur_8.png
[2022-01-26 04:37:28,084] {logging_mixin.py:104} INFO - bulbasaur_9.jpeg
[2022-01-26 04:37:28,084] {logging_mixin.py:104} INFO - pikachu_0.jpeg
[2022-01-26 04:37:28,084] {logging_mixin.py:104} INFO - pikachu_1.png
[2022-01-26 04:37:28,085] {logging_mixin.py:104} INFO - pikachu_10.png
[2022-01-26 04:37:28,085] {logging_mixin.py:104} INFO - pikachu_11.jpeg
[2022-01-26 04:37:28,085] {logging_mixin.py:104} INFO - pikachu_12.png
[2022-01-26 04:37:28,086] {logging_mixin.py:104} INFO - pikachu_13.jpeg
[2022-01-26 04:37:28,086] {logging_mixin.py:104} INFO - pikachu_14.png
[2022-01-26 04:37:28,087] {logging_mixin.py:104} INFO - pikachu_15.jpeg
[2022-01-26 04:37:28,088] {logging_mixin.py:104} INFO - pikachu_16.jpeg
[2022-01-26 04:37:28,088] {logging_mixin.py:104} INFO - pikachu_17.jpeg
[2022-01-26 04:37:28,088] {logging_mixin.py:104} INFO - pikachu_18.png
[2022-01-26 04:37:28,089] {logging_mixin.py:104} INFO - pikachu_19.jpeg
[2022-01-26 04:37:28,089] {logging_mixin.py:104} INFO - pikachu_2.png
[2022-01-26 04:37:28,090] {logging_mixin.py:104} INFO - pikachu_20.jpeg
[2022-01-26 04:37:28,090] {logging_mixin.py:104} INFO - pikachu_21.jpeg
[2022-01-26 04:37:28,090] {logging_mixin.py:104} INFO - pikachu_22.jpeg
[2022-01-26 04:37:28,091] {logging_mixin.py:104} INFO - pikachu_23.png
[2022-01-26 04:37:28,091] {logging_mixin.py:104} INFO - pikachu_24.png
[2022-01-26 04:37:28,091] {logging_mixin.py:104} INFO - pikachu_25.jpeg
[2022-01-26 04:37:28,092] {logging_mixin.py:104} INFO - pikachu_26.jpeg
[2022-01-26 04:37:28,092] {logging_mixin.py:104} INFO - pikachu_27.jpeg
[2022-01-26 04:37:28,092] {logging_mixin.py:104} INFO - pikachu_28.jpeg
[2022-01-26 04:37:28,093] {logging_mixin.py:104} INFO - pikachu_29.png
[2022-01-26 04:37:28,093] {logging_mixin.py:104} INFO - pikachu_3.png
[2022-01-26 04:37:28,093] {logging_mixin.py:104} INFO - pikachu_30.jpeg
[2022-01-26 04:37:28,094] {logging_mixin.py:104} INFO - pikachu_31.jpeg
[2022-01-26 04:37:28,094] {logging_mixin.py:104} INFO - pikachu_32.jpeg
[2022-01-26 04:37:28,094] {logging_mixin.py:104} INFO - pikachu_33.png
[2022-01-26 04:37:28,095] {logging_mixin.py:104} INFO - pikachu_34.png
[2022-01-26 04:37:28,095] {logging_mixin.py:104} INFO - pikachu_35.jpeg
[2022-01-26 04:37:28,095] {logging_mixin.py:104} INFO - pikachu_36.jpeg
[2022-01-26 04:37:28,095] {logging_mixin.py:104} INFO - pikachu_37.jpeg
[2022-01-26 04:37:28,096] {logging_mixin.py:104} INFO - pikachu_38.jpeg
[2022-01-26 04:37:28,096] {logging_mixin.py:104} INFO - pikachu_39.jpeg
[2022-01-26 04:37:28,096] {logging_mixin.py:104} INFO - pikachu_4.png
[2022-01-26 04:37:28,097] {logging_mixin.py:104} INFO - pikachu_40.jpeg
[2022-01-26 04:37:28,097] {logging_mixin.py:104} INFO - pikachu_42.jpeg
[2022-01-26 04:37:28,097] {logging_mixin.py:104} INFO - pikachu_43.jpeg
[2022-01-26 04:37:28,098] {logging_mixin.py:104} INFO - pikachu_44.jpeg
[2022-01-26 04:37:28,098] {logging_mixin.py:104} INFO - pikachu_45.jpeg
[2022-01-26 04:37:28,098] {logging_mixin.py:104} INFO - pikachu_46.jpeg
[2022-01-26 04:37:28,099] {logging_mixin.py:104} INFO - pikachu_47.jpeg
[2022-01-26 04:37:28,099] {logging_mixin.py:104} INFO - pikachu_48.png
[2022-01-26 04:37:28,099] {logging_mixin.py:104} INFO - pikachu_49.png
[2022-01-26 04:37:28,100] {logging_mixin.py:104} INFO - pikachu_5.png
[2022-01-26 04:37:28,100] {logging_mixin.py:104} INFO - pikachu_6.png
[2022-01-26 04:37:28,100] {logging_mixin.py:104} INFO - pikachu_7.jpeg
[2022-01-26 04:37:28,101] {logging_mixin.py:104} INFO - pikachu_8.png
[2022-01-26 04:37:28,101] {logging_mixin.py:104} INFO - pikachu_9.png
[2022-01-26 04:37:28,101] {logging_mixin.py:104} INFO - --------------ti-----------------------
[2022-01-26 04:37:28,102] {logging_mixin.py:104} INFO - <TaskInstance: classification.check_data_exist 2022-01-26T04:36:43.594035+00:00 [running]>
[2022-01-26 04:37:28,102] {logging_mixin.py:104} INFO - ------------------------------
[2022-01-26 04:37:28,140] {python.py:118} INFO - Done. Returned value was: load_data
[2022-01-26 04:37:28,141] {skipmixin.py:124} INFO - Following branch load_data
[2022-01-26 04:37:28,153] {skipmixin.py:155} INFO - Skipping tasks []
[2022-01-26 04:37:28,328] {taskinstance.py:1166} INFO - Marking task as SUCCESS. dag_id=classification, task_id=check_data_exist, execution_date=20220126T043643, start_date=20220126T043727, end_date=20220126T043728
[2022-01-26 04:37:28,447] {taskinstance.py:1220} INFO - 1 downstream tasks scheduled from follow-on schedule check
[2022-01-26 04:37:28,497] {local_task_job.py:146} INFO - Task exited with return code 0
