[2022-01-25 10:11:17,147] {taskinstance.py:851} INFO - Dependencies all met for <TaskInstance: classification.check_data_exist 2022-01-25T10:06:10.257136+00:00 [queued]>
[2022-01-25 10:11:17,166] {taskinstance.py:851} INFO - Dependencies all met for <TaskInstance: classification.check_data_exist 2022-01-25T10:06:10.257136+00:00 [queued]>
[2022-01-25 10:11:17,167] {taskinstance.py:1042} INFO - 
--------------------------------------------------------------------------------
[2022-01-25 10:11:17,168] {taskinstance.py:1043} INFO - Starting attempt 1 of 2
[2022-01-25 10:11:17,168] {taskinstance.py:1044} INFO - 
--------------------------------------------------------------------------------
[2022-01-25 10:11:17,196] {taskinstance.py:1063} INFO - Executing <Task(BranchPythonOperator): check_data_exist> on 2022-01-25T10:06:10.257136+00:00
[2022-01-25 10:11:17,207] {standard_task_runner.py:52} INFO - Started process 6645 to run task
[2022-01-25 10:11:17,216] {standard_task_runner.py:76} INFO - Running: ['airflow', 'tasks', 'run', 'classification', 'check_data_exist', '2022-01-25T10:06:10.257136+00:00', '--job-id', '49', '--pool', 'default_pool', '--raw', '--subdir', 'DAGS_FOLDER/classification.py', '--cfg-path', '/tmp/tmp8agz34ht', '--error-file', '/tmp/tmp2h5jk__m']
[2022-01-25 10:11:17,222] {standard_task_runner.py:77} INFO - Job 49: Subtask check_data_exist
[2022-01-25 10:11:17,305] {logging_mixin.py:104} INFO - Running <TaskInstance: classification.check_data_exist 2022-01-25T10:06:10.257136+00:00 [running]> on host 2dc98551bc76
[2022-01-25 10:11:17,405] {taskinstance.py:1257} INFO - Exporting the following env vars:
AIRFLOW_CTX_DAG_OWNER=airflow
AIRFLOW_CTX_DAG_ID=classification
AIRFLOW_CTX_TASK_ID=check_data_exist
AIRFLOW_CTX_EXECUTION_DATE=2022-01-25T10:06:10.257136+00:00
AIRFLOW_CTX_DAG_RUN_ID=scheduled__2022-01-25T10:06:10.257136+00:00
[2022-01-25 10:11:17,696] {logging_mixin.py:104} INFO - pikachu_238.jpeg
[2022-01-25 10:11:17,697] {logging_mixin.py:104} INFO - pikachu_239.jpeg
[2022-01-25 10:11:17,698] {logging_mixin.py:104} INFO - pikachu_240.png
[2022-01-25 10:11:17,698] {logging_mixin.py:104} INFO - pikachu_241.png
[2022-01-25 10:11:17,699] {logging_mixin.py:104} INFO - pikachu_242.jpeg
[2022-01-25 10:11:17,700] {logging_mixin.py:104} INFO - pikachu_243.png
[2022-01-25 10:11:17,701] {logging_mixin.py:104} INFO - pikachu_244.jpeg
[2022-01-25 10:11:17,702] {logging_mixin.py:104} INFO - pikachu_245.jpeg
[2022-01-25 10:11:17,702] {logging_mixin.py:104} INFO - pikachu_246.jpeg
[2022-01-25 10:11:17,704] {logging_mixin.py:104} INFO - pikachu_247.jpeg
[2022-01-25 10:11:17,705] {logging_mixin.py:104} INFO - pikachu_248.jpeg
[2022-01-25 10:11:17,707] {logging_mixin.py:104} INFO - pikachu_250.jpeg
[2022-01-25 10:11:17,708] {logging_mixin.py:104} INFO - pikachu_251.jpeg
[2022-01-25 10:11:17,708] {logging_mixin.py:104} INFO - pikachu_252.jpeg
[2022-01-25 10:11:17,709] {logging_mixin.py:104} INFO - pikachu_253.png
[2022-01-25 10:11:17,710] {logging_mixin.py:104} INFO - pikachu_254.jpeg
[2022-01-25 10:11:17,710] {logging_mixin.py:104} INFO - pikachu_255.jpeg
[2022-01-25 10:11:17,711] {logging_mixin.py:104} INFO - pikachu_256.jpeg
[2022-01-25 10:11:17,713] {logging_mixin.py:104} INFO - pikachu_257.png
[2022-01-25 10:11:17,714] {logging_mixin.py:104} INFO - pikachu_258.png
[2022-01-25 10:11:17,716] {logging_mixin.py:104} INFO - pikachu_259.png
[2022-01-25 10:11:17,717] {logging_mixin.py:104} INFO - pikachu_260.jpeg
[2022-01-25 10:11:17,719] {logging_mixin.py:104} INFO - pikachu_261.png
[2022-01-25 10:11:17,727] {logging_mixin.py:104} INFO - pikachu_262.jpeg
[2022-01-25 10:11:17,731] {logging_mixin.py:104} INFO - pikachu_263.jpeg
[2022-01-25 10:11:17,732] {logging_mixin.py:104} INFO - pikachu_264.jpeg
[2022-01-25 10:11:17,733] {logging_mixin.py:104} INFO - pikachu_265.jpeg
[2022-01-25 10:11:17,733] {logging_mixin.py:104} INFO - pikachu_266.jpeg
[2022-01-25 10:11:17,734] {logging_mixin.py:104} INFO - pikachu_267.jpeg
[2022-01-25 10:11:17,734] {logging_mixin.py:104} INFO - pikachu_268.jpeg
[2022-01-25 10:11:17,735] {logging_mixin.py:104} INFO - pikachu_269.jpeg
[2022-01-25 10:11:17,736] {logging_mixin.py:104} INFO - pikachu_270.jpeg
[2022-01-25 10:11:17,737] {logging_mixin.py:104} INFO - pikachu_271.jpeg
[2022-01-25 10:11:17,737] {logging_mixin.py:104} INFO - pikachu_272.jpeg
[2022-01-25 10:11:17,738] {logging_mixin.py:104} INFO - pikachu_273.jpeg
[2022-01-25 10:11:17,741] {logging_mixin.py:104} INFO - pikachu_274.jpeg
[2022-01-25 10:11:17,742] {logging_mixin.py:104} INFO - pikachu_275.jpeg
[2022-01-25 10:11:17,742] {logging_mixin.py:104} INFO - pikachu_276.jpeg
[2022-01-25 10:11:17,743] {logging_mixin.py:104} INFO - pikachu_277.png
[2022-01-25 10:11:17,744] {logging_mixin.py:104} INFO - pikachu_278.jpeg
[2022-01-25 10:11:17,748] {logging_mixin.py:104} INFO - pikachu_279.jpeg
[2022-01-25 10:11:17,753] {logging_mixin.py:104} INFO - pikachu_280.jpeg
[2022-01-25 10:11:17,753] {logging_mixin.py:104} INFO - pikachu_281.jpeg
[2022-01-25 10:11:17,755] {logging_mixin.py:104} INFO - pikachu_282.jpeg
[2022-01-25 10:11:17,758] {logging_mixin.py:104} INFO - pikachu_283.jpeg
[2022-01-25 10:11:17,759] {logging_mixin.py:104} INFO - pikachu_284.jpeg
[2022-01-25 10:11:17,764] {logging_mixin.py:104} INFO - pikachu_285.png
[2022-01-25 10:11:17,766] {logging_mixin.py:104} INFO - pikachu_286.jpeg
[2022-01-25 10:11:17,767] {logging_mixin.py:104} INFO - pikachu_287.jpeg
[2022-01-25 10:11:17,768] {logging_mixin.py:104} INFO - pikachu_288.png
[2022-01-25 10:11:17,771] {logging_mixin.py:104} INFO - pikachu_289.png
[2022-01-25 10:11:17,772] {logging_mixin.py:104} INFO - pikachu_290.png
[2022-01-25 10:11:17,772] {logging_mixin.py:104} INFO - pikachu_291.png
[2022-01-25 10:11:17,773] {logging_mixin.py:104} INFO - pikachu_292.jpeg
[2022-01-25 10:11:17,774] {logging_mixin.py:104} INFO - pikachu_293.jpeg
[2022-01-25 10:11:17,774] {logging_mixin.py:104} INFO - pikachu_294.jpeg
[2022-01-25 10:11:17,776] {logging_mixin.py:104} INFO - pikachu_295.jpeg
[2022-01-25 10:11:17,777] {logging_mixin.py:104} INFO - pikachu_296.jpeg
[2022-01-25 10:11:17,778] {logging_mixin.py:104} INFO - pikachu_297.jpeg
[2022-01-25 10:11:17,779] {logging_mixin.py:104} INFO - pikachu_298.jpeg
[2022-01-25 10:11:17,780] {logging_mixin.py:104} INFO - pikachu_300.png
[2022-01-25 10:11:17,781] {logging_mixin.py:104} INFO - pikachu_301.jpeg
[2022-01-25 10:11:17,788] {logging_mixin.py:104} INFO - pikachu_302.jpeg
[2022-01-25 10:11:17,791] {logging_mixin.py:104} INFO - pikachu_303.jpeg
[2022-01-25 10:11:17,792] {logging_mixin.py:104} INFO - pikachu_304.jpeg
[2022-01-25 10:11:17,794] {logging_mixin.py:104} INFO - pikachu_305.jpeg
[2022-01-25 10:11:17,795] {logging_mixin.py:104} INFO - pikachu_306.jpeg
[2022-01-25 10:11:17,797] {logging_mixin.py:104} INFO - pikachu_307.jpeg
[2022-01-25 10:11:17,799] {logging_mixin.py:104} INFO - pikachu_308.jpeg
[2022-01-25 10:11:17,801] {logging_mixin.py:104} INFO - pikachu_309.jpeg
[2022-01-25 10:11:17,811] {logging_mixin.py:104} INFO - pikachu_310.jpeg
[2022-01-25 10:11:17,812] {logging_mixin.py:104} INFO - pikachu_311.jpeg
[2022-01-25 10:11:17,812] {logging_mixin.py:104} INFO - pikachu_312.jpeg
[2022-01-25 10:11:17,813] {logging_mixin.py:104} INFO - pikachu_313.jpeg
[2022-01-25 10:11:17,815] {logging_mixin.py:104} INFO - pikachu_314.jpeg
[2022-01-25 10:11:17,815] {logging_mixin.py:104} INFO - pikachu_315.jpeg
[2022-01-25 10:11:17,816] {logging_mixin.py:104} INFO - pikachu_316.jpeg
[2022-01-25 10:11:17,817] {logging_mixin.py:104} INFO - pikachu_317.png
[2022-01-25 10:11:17,817] {logging_mixin.py:104} INFO - pikachu_318.jpeg
[2022-01-25 10:11:17,818] {logging_mixin.py:104} INFO - pikachu_319.jpeg
[2022-01-25 10:11:17,819] {logging_mixin.py:104} INFO - pikachu_320.jpeg
[2022-01-25 10:11:17,820] {logging_mixin.py:104} INFO - pikachu_321.jpeg
[2022-01-25 10:11:17,821] {logging_mixin.py:104} INFO - pikachu_322.jpeg
[2022-01-25 10:11:17,822] {logging_mixin.py:104} INFO - pikachu_323.jpeg
[2022-01-25 10:11:17,824] {logging_mixin.py:104} INFO - pikachu_324.png
[2022-01-25 10:11:17,825] {logging_mixin.py:104} INFO - pikachu_325.png
[2022-01-25 10:11:17,830] {logging_mixin.py:104} INFO - pikachu_326.jpeg
[2022-01-25 10:11:17,833] {logging_mixin.py:104} INFO - pikachu_327.png
[2022-01-25 10:11:17,834] {logging_mixin.py:104} INFO - pikachu_328.jpeg
[2022-01-25 10:11:17,839] {logging_mixin.py:104} INFO - pikachu_329.jpeg
[2022-01-25 10:11:17,842] {logging_mixin.py:104} INFO - pikachu_330.jpeg
[2022-01-25 10:11:17,842] {logging_mixin.py:104} INFO - pikachu_331.jpeg
[2022-01-25 10:11:17,843] {logging_mixin.py:104} INFO - pikachu_332.jpeg
[2022-01-25 10:11:17,843] {logging_mixin.py:104} INFO - pikachu_333.jpeg
[2022-01-25 10:11:17,844] {logging_mixin.py:104} INFO - pikachu_334.jpeg
[2022-01-25 10:11:17,846] {logging_mixin.py:104} INFO - pikachu_335.jpeg
[2022-01-25 10:11:17,856] {logging_mixin.py:104} INFO - pikachu_336.jpeg
[2022-01-25 10:11:17,858] {logging_mixin.py:104} INFO - pikachu_337.jpeg
[2022-01-25 10:11:17,859] {logging_mixin.py:104} INFO - pikachu_338.jpeg
[2022-01-25 10:11:17,862] {logging_mixin.py:104} INFO - pikachu_339.png
[2022-01-25 10:11:17,862] {logging_mixin.py:104} INFO - pikachu_340.jpeg
[2022-01-25 10:11:17,863] {logging_mixin.py:104} INFO - pikachu_341.jpeg
[2022-01-25 10:11:17,863] {logging_mixin.py:104} INFO - pikachu_342.jpeg
[2022-01-25 10:11:17,864] {logging_mixin.py:104} INFO - pikachu_343.jpeg
[2022-01-25 10:11:17,867] {logging_mixin.py:104} INFO - pikachu_344.jpeg
[2022-01-25 10:11:17,868] {logging_mixin.py:104} INFO - pikachu_345.jpeg
[2022-01-25 10:11:17,868] {logging_mixin.py:104} INFO - pikachu_346.jpeg
[2022-01-25 10:11:17,869] {logging_mixin.py:104} INFO - pikachu_347.jpeg
[2022-01-25 10:11:17,869] {logging_mixin.py:104} INFO - pikachu_348.jpeg
[2022-01-25 10:11:17,871] {logging_mixin.py:104} INFO - pikachu_349.jpeg
[2022-01-25 10:11:17,873] {logging_mixin.py:104} INFO - pikachu_350.jpeg
[2022-01-25 10:11:17,874] {logging_mixin.py:104} INFO - pikachu_351.jpeg
[2022-01-25 10:11:17,875] {logging_mixin.py:104} INFO - pikachu_352.jpeg
[2022-01-25 10:11:17,875] {logging_mixin.py:104} INFO - pikachu_353.png
[2022-01-25 10:11:17,876] {logging_mixin.py:104} INFO - pikachu_354.jpeg
[2022-01-25 10:11:17,878] {logging_mixin.py:104} INFO - pikachu_355.jpeg
[2022-01-25 10:11:17,879] {logging_mixin.py:104} INFO - pikachu_356.jpeg
[2022-01-25 10:11:17,879] {logging_mixin.py:104} INFO - pikachu_357.jpeg
[2022-01-25 10:11:17,880] {logging_mixin.py:104} INFO - pikachu_358.jpeg
[2022-01-25 10:11:17,880] {logging_mixin.py:104} INFO - pikachu_359.jpeg
[2022-01-25 10:11:17,881] {logging_mixin.py:104} INFO - pikachu_360.jpeg
[2022-01-25 10:11:17,881] {logging_mixin.py:104} INFO - pikachu_361.jpeg
[2022-01-25 10:11:17,881] {logging_mixin.py:104} INFO - pikachu_362.jpeg
[2022-01-25 10:11:17,882] {logging_mixin.py:104} INFO - pikachu_363.jpeg
[2022-01-25 10:11:17,883] {logging_mixin.py:104} INFO - pikachu_364.png
[2022-01-25 10:11:17,884] {logging_mixin.py:104} INFO - pikachu_365.jpeg
[2022-01-25 10:11:17,886] {logging_mixin.py:104} INFO - pikachu_366.jpeg
[2022-01-25 10:11:17,889] {logging_mixin.py:104} INFO - pikachu_367.jpeg
[2022-01-25 10:11:17,890] {logging_mixin.py:104} INFO - pikachu_368.png
[2022-01-25 10:11:17,895] {logging_mixin.py:104} INFO - pikachu_369.jpeg
[2022-01-25 10:11:17,898] {logging_mixin.py:104} INFO - pikachu_370.jpeg
[2022-01-25 10:11:17,904] {logging_mixin.py:104} INFO - pikachu_371.jpeg
[2022-01-25 10:11:17,905] {logging_mixin.py:104} INFO - pikachu_372.jpeg
[2022-01-25 10:11:17,905] {logging_mixin.py:104} INFO - pikachu_373.jpeg
[2022-01-25 10:11:17,907] {logging_mixin.py:104} INFO - pikachu_374.jpeg
[2022-01-25 10:11:17,908] {logging_mixin.py:104} INFO - pikachu_375.jpeg
[2022-01-25 10:11:17,912] {logging_mixin.py:104} INFO - pikachu_376.jpeg
[2022-01-25 10:11:17,915] {logging_mixin.py:104} INFO - pikachu_377.jpeg
[2022-01-25 10:11:17,915] {logging_mixin.py:104} INFO - pikachu_378.jpeg
[2022-01-25 10:11:17,916] {logging_mixin.py:104} INFO - pikachu_379.jpeg
[2022-01-25 10:11:17,917] {logging_mixin.py:104} INFO - pikachu_380.jpeg
[2022-01-25 10:11:17,921] {logging_mixin.py:104} INFO - pikachu_381.jpeg
[2022-01-25 10:11:17,925] {logging_mixin.py:104} INFO - pikachu_382.jpeg
[2022-01-25 10:11:17,931] {logging_mixin.py:104} INFO - pikachu_383.jpeg
[2022-01-25 10:11:17,933] {logging_mixin.py:104} INFO - pikachu_384.jpeg
[2022-01-25 10:11:17,939] {logging_mixin.py:104} INFO - pikachu_385.png
[2022-01-25 10:11:17,945] {logging_mixin.py:104} INFO - pikachu_386.jpeg
[2022-01-25 10:11:17,947] {logging_mixin.py:104} INFO - pikachu_387.jpeg
[2022-01-25 10:11:17,948] {logging_mixin.py:104} INFO - pikachu_388.jpeg
[2022-01-25 10:11:17,948] {logging_mixin.py:104} INFO - pikachu_389.jpeg
[2022-01-25 10:11:17,950] {logging_mixin.py:104} INFO - pikachu_390.jpeg
[2022-01-25 10:11:17,950] {logging_mixin.py:104} INFO - pikachu_391.jpeg
[2022-01-25 10:11:17,951] {logging_mixin.py:104} INFO - pikachu_392.jpeg
[2022-01-25 10:11:17,951] {logging_mixin.py:104} INFO - pikachu_393.jpeg
[2022-01-25 10:11:17,952] {logging_mixin.py:104} INFO - pikachu_394.jpeg
[2022-01-25 10:11:17,952] {logging_mixin.py:104} INFO - pikachu_395.jpeg
[2022-01-25 10:11:17,953] {logging_mixin.py:104} INFO - pikachu_396.jpeg
[2022-01-25 10:11:17,954] {logging_mixin.py:104} INFO - pikachu_397.jpeg
[2022-01-25 10:11:17,954] {logging_mixin.py:104} INFO - pikachu_398.png
[2022-01-25 10:11:17,955] {logging_mixin.py:104} INFO - pikachu_399.jpeg
[2022-01-25 10:11:17,956] {logging_mixin.py:104} INFO - pikachu_400.jpeg
[2022-01-25 10:11:17,956] {logging_mixin.py:104} INFO - pikachu_401.png
[2022-01-25 10:11:17,957] {logging_mixin.py:104} INFO - pikachu_402.jpeg
[2022-01-25 10:11:17,958] {logging_mixin.py:104} INFO - pikachu_403.jpeg
[2022-01-25 10:11:17,961] {logging_mixin.py:104} INFO - pikachu_405.jpeg
[2022-01-25 10:11:17,964] {logging_mixin.py:104} INFO - pikachu_406.jpeg
[2022-01-25 10:11:17,965] {logging_mixin.py:104} INFO - pikachu_407.jpeg
[2022-01-25 10:11:17,966] {logging_mixin.py:104} INFO - pikachu_408.jpeg
[2022-01-25 10:11:17,967] {logging_mixin.py:104} INFO - pikachu_409.jpeg
[2022-01-25 10:11:17,967] {logging_mixin.py:104} INFO - pikachu_410.jpeg
[2022-01-25 10:11:17,968] {logging_mixin.py:104} INFO - pikachu_411.jpeg
[2022-01-25 10:11:17,968] {logging_mixin.py:104} INFO - pikachu_412.png
[2022-01-25 10:11:17,969] {logging_mixin.py:104} INFO - pikachu_413.jpeg
[2022-01-25 10:11:17,969] {logging_mixin.py:104} INFO - pikachu_414.jpeg
[2022-01-25 10:11:17,970] {logging_mixin.py:104} INFO - pikachu_415.jpeg
[2022-01-25 10:11:17,970] {logging_mixin.py:104} INFO - pikachu_416.jpeg
[2022-01-25 10:11:17,971] {logging_mixin.py:104} INFO - pikachu_417.jpeg
[2022-01-25 10:11:17,971] {logging_mixin.py:104} INFO - pikachu_418.jpeg
[2022-01-25 10:11:17,973] {logging_mixin.py:104} INFO - pikachu_419.jpeg
[2022-01-25 10:11:17,974] {logging_mixin.py:104} INFO - pikachu_420.jpeg
[2022-01-25 10:11:17,974] {logging_mixin.py:104} INFO - pikachu_421.png
[2022-01-25 10:11:17,975] {logging_mixin.py:104} INFO - pikachu_422.jpeg
[2022-01-25 10:11:17,976] {logging_mixin.py:104} INFO - pikachu_424.jpeg
[2022-01-25 10:11:17,977] {logging_mixin.py:104} INFO - pikachu_425.jpeg
[2022-01-25 10:11:17,977] {logging_mixin.py:104} INFO - pikachu_426.jpeg
[2022-01-25 10:11:17,978] {logging_mixin.py:104} INFO - pikachu_427.jpeg
[2022-01-25 10:11:17,978] {logging_mixin.py:104} INFO - pikachu_428.jpeg
[2022-01-25 10:11:17,979] {logging_mixin.py:104} INFO - pikachu_429.jpeg
[2022-01-25 10:11:17,979] {logging_mixin.py:104} INFO - pikachu_430.jpeg
[2022-01-25 10:11:17,980] {logging_mixin.py:104} INFO - pikachu_431.jpeg
[2022-01-25 10:11:17,981] {logging_mixin.py:104} INFO - pikachu_432.jpeg
[2022-01-25 10:11:17,981] {logging_mixin.py:104} INFO - pikachu_433.jpeg
[2022-01-25 10:11:17,982] {logging_mixin.py:104} INFO - pikachu_434.png
[2022-01-25 10:11:17,983] {logging_mixin.py:104} INFO - pikachu_435.jpeg
[2022-01-25 10:11:17,984] {logging_mixin.py:104} INFO - pikachu_436.jpeg
[2022-01-25 10:11:17,984] {logging_mixin.py:104} INFO - pikachu_438.png
[2022-01-25 10:11:17,985] {logging_mixin.py:104} INFO - pikachu_439.jpeg
[2022-01-25 10:11:17,985] {logging_mixin.py:104} INFO - pikachu_440.jpeg
[2022-01-25 10:11:17,986] {logging_mixin.py:104} INFO - pikachu_441.jpeg
[2022-01-25 10:11:17,986] {logging_mixin.py:104} INFO - pikachu_442.jpeg
[2022-01-25 10:11:17,987] {logging_mixin.py:104} INFO - pikachu_443.jpeg
[2022-01-25 10:11:17,987] {logging_mixin.py:104} INFO - pikachu_444.jpeg
[2022-01-25 10:11:17,989] {logging_mixin.py:104} INFO - pikachu_445.jpeg
[2022-01-25 10:11:17,990] {logging_mixin.py:104} INFO - pikachu_446.jpeg
[2022-01-25 10:11:17,990] {logging_mixin.py:104} INFO - pikachu_447.jpeg
[2022-01-25 10:11:17,993] {logging_mixin.py:104} INFO - pikachu_448.jpeg
[2022-01-25 10:11:17,995] {logging_mixin.py:104} INFO - pikachu_449.jpeg
[2022-01-25 10:11:17,996] {logging_mixin.py:104} INFO - pikachu_450.jpeg
[2022-01-25 10:11:17,997] {logging_mixin.py:104} INFO - pikachu_451.jpeg
[2022-01-25 10:11:17,997] {logging_mixin.py:104} INFO - pikachu_452.jpeg
[2022-01-25 10:11:18,000] {logging_mixin.py:104} INFO - pikachu_453.png
[2022-01-25 10:11:18,003] {logging_mixin.py:104} INFO - pikachu_454.jpeg
[2022-01-25 10:11:18,003] {logging_mixin.py:104} INFO - pikachu_455.jpeg
[2022-01-25 10:11:18,004] {logging_mixin.py:104} INFO - pikachu_456.jpeg
[2022-01-25 10:11:18,005] {logging_mixin.py:104} INFO - pikachu_457.jpeg
[2022-01-25 10:11:18,005] {logging_mixin.py:104} INFO - pikachu_458.png
[2022-01-25 10:11:18,006] {logging_mixin.py:104} INFO - pikachu_459.jpeg
[2022-01-25 10:11:18,007] {logging_mixin.py:104} INFO - pikachu_460.jpeg
[2022-01-25 10:11:18,008] {logging_mixin.py:104} INFO - pikachu_461.jpeg
[2022-01-25 10:11:18,010] {logging_mixin.py:104} INFO - pikachu_463.jpeg
[2022-01-25 10:11:18,013] {logging_mixin.py:104} INFO - pikachu_464.jpeg
[2022-01-25 10:11:18,014] {logging_mixin.py:104} INFO - pikachu_465.jpeg
[2022-01-25 10:11:18,014] {logging_mixin.py:104} INFO - pikachu_466.jpeg
[2022-01-25 10:11:18,015] {logging_mixin.py:104} INFO - pikachu_467.jpeg
[2022-01-25 10:11:18,016] {logging_mixin.py:104} INFO - pikachu_468.jpeg
[2022-01-25 10:11:18,018] {logging_mixin.py:104} INFO - pikachu_469.jpeg
[2022-01-25 10:11:18,019] {logging_mixin.py:104} INFO - pikachu_470.jpeg
[2022-01-25 10:11:18,020] {logging_mixin.py:104} INFO - pikachu_472.png
[2022-01-25 10:11:18,020] {logging_mixin.py:104} INFO - pikachu_473.jpeg
[2022-01-25 10:11:18,021] {logging_mixin.py:104} INFO - pikachu_474.jpeg
[2022-01-25 10:11:18,021] {logging_mixin.py:104} INFO - pikachu_475.jpeg
[2022-01-25 10:11:18,022] {logging_mixin.py:104} INFO - pikachu_476.jpeg
[2022-01-25 10:11:18,022] {logging_mixin.py:104} INFO - pikachu_477.jpeg
[2022-01-25 10:11:18,024] {logging_mixin.py:104} INFO - pikachu_478.jpeg
[2022-01-25 10:11:18,026] {logging_mixin.py:104} INFO - pikachu_479.jpeg
[2022-01-25 10:11:18,027] {logging_mixin.py:104} INFO - pikachu_480.jpeg
[2022-01-25 10:11:18,028] {logging_mixin.py:104} INFO - pikachu_481.jpeg
[2022-01-25 10:11:18,029] {logging_mixin.py:104} INFO - pikachu_482.jpeg
[2022-01-25 10:11:18,030] {logging_mixin.py:104} INFO - pikachu_483.jpeg
[2022-01-25 10:11:18,031] {logging_mixin.py:104} INFO - pikachu_484.jpeg
[2022-01-25 10:11:18,031] {logging_mixin.py:104} INFO - pikachu_485.jpeg
[2022-01-25 10:11:18,032] {logging_mixin.py:104} INFO - pikachu_486.png
[2022-01-25 10:11:18,033] {logging_mixin.py:104} INFO - pikachu_487.jpeg
[2022-01-25 10:11:18,033] {logging_mixin.py:104} INFO - pikachu_488.png
[2022-01-25 10:11:18,034] {logging_mixin.py:104} INFO - pikachu_489.jpeg
[2022-01-25 10:11:18,035] {logging_mixin.py:104} INFO - pikachu_490.jpeg
[2022-01-25 10:11:18,036] {logging_mixin.py:104} INFO - pikachu_491.jpeg
[2022-01-25 10:11:18,036] {logging_mixin.py:104} INFO - pikachu_492.jpeg
[2022-01-25 10:11:18,036] {logging_mixin.py:104} INFO - pikachu_493.jpeg
[2022-01-25 10:11:18,037] {logging_mixin.py:104} INFO - pikachu_494.jpeg
[2022-01-25 10:11:18,038] {logging_mixin.py:104} INFO - pikachu_495.jpeg
[2022-01-25 10:11:18,039] {logging_mixin.py:104} INFO - pikachu_496.jpeg
[2022-01-25 10:11:18,039] {logging_mixin.py:104} INFO - pikachu_497.jpeg
[2022-01-25 10:11:18,040] {logging_mixin.py:104} INFO - pikachu_498.jpeg
[2022-01-25 10:11:18,041] {logging_mixin.py:104} INFO - pikachu_499.jpeg
[2022-01-25 10:11:18,041] {logging_mixin.py:104} INFO - pikachu_500.jpeg
[2022-01-25 10:11:18,042] {logging_mixin.py:104} INFO - pikachu_501.jpeg
[2022-01-25 10:11:18,042] {logging_mixin.py:104} INFO - pikachu_502.png
[2022-01-25 10:11:18,043] {logging_mixin.py:104} INFO - pikachu_503.jpeg
[2022-01-25 10:11:18,043] {logging_mixin.py:104} INFO - pikachu_504.jpeg
[2022-01-25 10:11:18,044] {logging_mixin.py:104} INFO - pikachu_506.jpeg
[2022-01-25 10:11:18,044] {logging_mixin.py:104} INFO - pikachu_507.jpeg
[2022-01-25 10:11:18,045] {logging_mixin.py:104} INFO - pikachu_508.jpeg
[2022-01-25 10:11:18,045] {logging_mixin.py:104} INFO - pikachu_509.jpeg
[2022-01-25 10:11:18,046] {logging_mixin.py:104} INFO - pikachu_510.jpeg
[2022-01-25 10:11:18,046] {logging_mixin.py:104} INFO - pikachu_511.jpeg
[2022-01-25 10:11:18,047] {logging_mixin.py:104} INFO - pikachu_512.jpeg
[2022-01-25 10:11:18,047] {logging_mixin.py:104} INFO - pikachu_514.jpeg
[2022-01-25 10:11:18,048] {logging_mixin.py:104} INFO - pikachu_515.jpeg
[2022-01-25 10:11:18,048] {logging_mixin.py:104} INFO - pikachu_516.jpeg
[2022-01-25 10:11:18,049] {logging_mixin.py:104} INFO - --------------ti-----------------------
[2022-01-25 10:11:18,050] {logging_mixin.py:104} INFO - <TaskInstance: classification.check_data_exist 2022-01-25T10:06:10.257136+00:00 [running]>
[2022-01-25 10:11:18,050] {logging_mixin.py:104} INFO - ------------------------------
[2022-01-25 10:11:18,111] {python.py:118} INFO - Done. Returned value was: load_data
[2022-01-25 10:11:18,112] {skipmixin.py:124} INFO - Following branch load_data
[2022-01-25 10:11:18,153] {skipmixin.py:155} INFO - Skipping tasks []
[2022-01-25 10:11:18,267] {taskinstance.py:1166} INFO - Marking task as SUCCESS. dag_id=classification, task_id=check_data_exist, execution_date=20220125T100610, start_date=20220125T101117, end_date=20220125T101118
[2022-01-25 10:11:18,346] {taskinstance.py:1220} INFO - 1 downstream tasks scheduled from follow-on schedule check
[2022-01-25 10:11:18,372] {local_task_job.py:146} INFO - Task exited with return code 0
