[2022-01-25 14:13:16,828] {taskinstance.py:851} INFO - Dependencies all met for <TaskInstance: classification.apply_model 2022-01-25T14:12:10.613433+00:00 [queued]>
[2022-01-25 14:13:17,196] {taskinstance.py:851} INFO - Dependencies all met for <TaskInstance: classification.apply_model 2022-01-25T14:12:10.613433+00:00 [queued]>
[2022-01-25 14:13:17,198] {taskinstance.py:1042} INFO - 
--------------------------------------------------------------------------------
[2022-01-25 14:13:17,199] {taskinstance.py:1043} INFO - Starting attempt 1 of 2
[2022-01-25 14:13:17,199] {taskinstance.py:1044} INFO - 
--------------------------------------------------------------------------------
[2022-01-25 14:13:17,737] {taskinstance.py:1063} INFO - Executing <Task(PythonOperator): apply_model> on 2022-01-25T14:12:10.613433+00:00
[2022-01-25 14:13:17,752] {standard_task_runner.py:52} INFO - Started process 67 to run task
[2022-01-25 14:13:17,762] {standard_task_runner.py:76} INFO - Running: ['airflow', 'tasks', 'run', 'classification', 'apply_model', '2022-01-25T14:12:10.613433+00:00', '--job-id', '169', '--pool', 'default_pool', '--raw', '--subdir', 'DAGS_FOLDER/classification.py', '--cfg-path', '/tmp/tmpnt77yypy', '--error-file', '/tmp/tmpjs5_tqu3']
[2022-01-25 14:13:17,782] {standard_task_runner.py:77} INFO - Job 169: Subtask apply_model
[2022-01-25 14:13:18,531] {logging_mixin.py:104} INFO - Running <TaskInstance: classification.apply_model 2022-01-25T14:12:10.613433+00:00 [running]> on host 42ecca77b6ba
[2022-01-25 14:13:18,788] {taskinstance.py:1257} INFO - Exporting the following env vars:
AIRFLOW_CTX_DAG_OWNER=airflow
AIRFLOW_CTX_DAG_ID=classification
AIRFLOW_CTX_TASK_ID=apply_model
AIRFLOW_CTX_EXECUTION_DATE=2022-01-25T14:12:10.613433+00:00
AIRFLOW_CTX_DAG_RUN_ID=manual__2022-01-25T14:12:10.613433+00:00
[2022-01-25 14:14:12,823] {logging_mixin.py:104} WARNING - /usr/local/lib/python3.6/site-packages/PIL/Image.py:976 UserWarning: Palette images with Transparency expressed in bytes should be converted to RGBA images
[2022-01-25 14:14:36,595] {python.py:118} INFO - Done. Returned value was: None
[2022-01-25 14:14:36,669] {taskinstance.py:1166} INFO - Marking task as SUCCESS. dag_id=classification, task_id=apply_model, execution_date=20220125T141210, start_date=20220125T141316, end_date=20220125T141436
[2022-01-25 14:14:36,865] {taskinstance.py:1220} INFO - 1 downstream tasks scheduled from follow-on schedule check
[2022-01-25 14:14:36,976] {local_task_job.py:146} INFO - Task exited with return code 0
