[2022-01-25 10:24:59,431] {taskinstance.py:851} INFO - Dependencies all met for <TaskInstance: classification.check_data_exist 2022-01-25T10:24:53.957718+00:00 [queued]>
[2022-01-25 10:24:59,458] {taskinstance.py:851} INFO - Dependencies all met for <TaskInstance: classification.check_data_exist 2022-01-25T10:24:53.957718+00:00 [queued]>
[2022-01-25 10:24:59,459] {taskinstance.py:1042} INFO - 
--------------------------------------------------------------------------------
[2022-01-25 10:24:59,460] {taskinstance.py:1043} INFO - Starting attempt 1 of 2
[2022-01-25 10:24:59,460] {taskinstance.py:1044} INFO - 
--------------------------------------------------------------------------------
[2022-01-25 10:24:59,477] {taskinstance.py:1063} INFO - Executing <Task(BranchPythonOperator): check_data_exist> on 2022-01-25T10:24:53.957718+00:00
[2022-01-25 10:24:59,486] {standard_task_runner.py:52} INFO - Started process 11124 to run task
[2022-01-25 10:24:59,496] {standard_task_runner.py:76} INFO - Running: ['airflow', 'tasks', 'run', 'classification', 'check_data_exist', '2022-01-25T10:24:53.957718+00:00', '--job-id', '65', '--pool', 'default_pool', '--raw', '--subdir', 'DAGS_FOLDER/classification.py', '--cfg-path', '/tmp/tmp5axlsmyh', '--error-file', '/tmp/tmpr0auqrnd']
[2022-01-25 10:24:59,503] {standard_task_runner.py:77} INFO - Job 65: Subtask check_data_exist
[2022-01-25 10:24:59,555] {logging_mixin.py:104} INFO - Running <TaskInstance: classification.check_data_exist 2022-01-25T10:24:53.957718+00:00 [running]> on host 2dc98551bc76
[2022-01-25 10:24:59,597] {taskinstance.py:1257} INFO - Exporting the following env vars:
AIRFLOW_CTX_DAG_OWNER=airflow
AIRFLOW_CTX_DAG_ID=classification
AIRFLOW_CTX_TASK_ID=check_data_exist
AIRFLOW_CTX_EXECUTION_DATE=2022-01-25T10:24:53.957718+00:00
AIRFLOW_CTX_DAG_RUN_ID=manual__2022-01-25T10:24:53.957718+00:00
[2022-01-25 10:24:59,676] {logging_mixin.py:104} INFO - pikachu_629.png
[2022-01-25 10:24:59,677] {logging_mixin.py:104} INFO - pikachu_630.jpeg
[2022-01-25 10:24:59,677] {logging_mixin.py:104} INFO - pikachu_631.jpeg
[2022-01-25 10:24:59,678] {logging_mixin.py:104} INFO - pikachu_633.jpeg
[2022-01-25 10:24:59,678] {logging_mixin.py:104} INFO - pikachu_634.jpeg
[2022-01-25 10:24:59,679] {logging_mixin.py:104} INFO - pikachu_635.jpeg
[2022-01-25 10:24:59,679] {logging_mixin.py:104} INFO - pikachu_636.jpeg
[2022-01-25 10:24:59,680] {logging_mixin.py:104} INFO - pikachu_637.jpeg
[2022-01-25 10:24:59,680] {logging_mixin.py:104} INFO - pikachu_638.jpeg
[2022-01-25 10:24:59,681] {logging_mixin.py:104} INFO - pikachu_639.jpeg
[2022-01-25 10:24:59,681] {logging_mixin.py:104} INFO - pikachu_640.jpeg
[2022-01-25 10:24:59,681] {logging_mixin.py:104} INFO - pikachu_641.jpeg
[2022-01-25 10:24:59,682] {logging_mixin.py:104} INFO - pikachu_642.jpeg
[2022-01-25 10:24:59,682] {logging_mixin.py:104} INFO - pikachu_643.jpeg
[2022-01-25 10:24:59,682] {logging_mixin.py:104} INFO - pikachu_644.jpeg
[2022-01-25 10:24:59,682] {logging_mixin.py:104} INFO - pikachu_645.jpeg
[2022-01-25 10:24:59,683] {logging_mixin.py:104} INFO - pikachu_646.jpeg
[2022-01-25 10:24:59,683] {logging_mixin.py:104} INFO - pikachu_647.jpeg
[2022-01-25 10:24:59,683] {logging_mixin.py:104} INFO - pikachu_648.jpeg
[2022-01-25 10:24:59,683] {logging_mixin.py:104} INFO - pikachu_649.jpeg
[2022-01-25 10:24:59,684] {logging_mixin.py:104} INFO - pikachu_650.jpeg
[2022-01-25 10:24:59,684] {logging_mixin.py:104} INFO - pikachu_651.jpeg
[2022-01-25 10:24:59,684] {logging_mixin.py:104} INFO - pikachu_652.png
[2022-01-25 10:24:59,684] {logging_mixin.py:104} INFO - pikachu_653.jpeg
[2022-01-25 10:24:59,685] {logging_mixin.py:104} INFO - pikachu_654.jpeg
[2022-01-25 10:24:59,685] {logging_mixin.py:104} INFO - pikachu_655.jpeg
[2022-01-25 10:24:59,685] {logging_mixin.py:104} INFO - pikachu_657.jpeg
[2022-01-25 10:24:59,685] {logging_mixin.py:104} INFO - pikachu_658.jpeg
[2022-01-25 10:24:59,686] {logging_mixin.py:104} INFO - pikachu_659.png
[2022-01-25 10:24:59,686] {logging_mixin.py:104} INFO - pikachu_660.jpeg
[2022-01-25 10:24:59,686] {logging_mixin.py:104} INFO - pikachu_661.png
[2022-01-25 10:24:59,686] {logging_mixin.py:104} INFO - pikachu_662.png
[2022-01-25 10:24:59,687] {logging_mixin.py:104} INFO - pikachu_663.jpeg
[2022-01-25 10:24:59,687] {logging_mixin.py:104} INFO - pikachu_664.jpeg
[2022-01-25 10:24:59,687] {logging_mixin.py:104} INFO - pikachu_665.jpeg
[2022-01-25 10:24:59,687] {logging_mixin.py:104} INFO - pikachu_666.jpeg
[2022-01-25 10:24:59,687] {logging_mixin.py:104} INFO - pikachu_667.png
[2022-01-25 10:24:59,688] {logging_mixin.py:104} INFO - pikachu_668.jpeg
[2022-01-25 10:24:59,688] {logging_mixin.py:104} INFO - pikachu_669.jpeg
[2022-01-25 10:24:59,688] {logging_mixin.py:104} INFO - pikachu_670.jpeg
[2022-01-25 10:24:59,688] {logging_mixin.py:104} INFO - pikachu_671.jpeg
[2022-01-25 10:24:59,689] {logging_mixin.py:104} INFO - pikachu_672.jpeg
[2022-01-25 10:24:59,689] {logging_mixin.py:104} INFO - pikachu_673.png
[2022-01-25 10:24:59,689] {logging_mixin.py:104} INFO - pikachu_674.jpeg
[2022-01-25 10:24:59,690] {logging_mixin.py:104} INFO - pikachu_675.jpeg
[2022-01-25 10:24:59,690] {logging_mixin.py:104} INFO - pikachu_676.jpeg
[2022-01-25 10:24:59,690] {logging_mixin.py:104} INFO - pikachu_677.jpeg
[2022-01-25 10:24:59,690] {logging_mixin.py:104} INFO - pikachu_678.jpeg
[2022-01-25 10:24:59,691] {logging_mixin.py:104} INFO - pikachu_679.jpeg
[2022-01-25 10:24:59,691] {logging_mixin.py:104} INFO - pikachu_682.jpeg
[2022-01-25 10:24:59,691] {logging_mixin.py:104} INFO - pikachu_683.jpeg
[2022-01-25 10:24:59,691] {logging_mixin.py:104} INFO - pikachu_684.jpeg
[2022-01-25 10:24:59,692] {logging_mixin.py:104} INFO - pikachu_686.jpeg
[2022-01-25 10:24:59,692] {logging_mixin.py:104} INFO - pikachu_688.jpeg
[2022-01-25 10:24:59,692] {logging_mixin.py:104} INFO - pikachu_689.jpeg
[2022-01-25 10:24:59,692] {logging_mixin.py:104} INFO - pikachu_690.jpeg
[2022-01-25 10:24:59,693] {logging_mixin.py:104} INFO - pikachu_691.jpeg
[2022-01-25 10:24:59,693] {logging_mixin.py:104} INFO - pikachu_692.jpeg
[2022-01-25 10:24:59,693] {logging_mixin.py:104} INFO - pikachu_693.jpeg
[2022-01-25 10:24:59,694] {logging_mixin.py:104} INFO - pikachu_694.jpeg
[2022-01-25 10:24:59,695] {logging_mixin.py:104} INFO - pikachu_695.jpeg
[2022-01-25 10:24:59,695] {logging_mixin.py:104} INFO - pikachu_696.jpeg
[2022-01-25 10:24:59,696] {logging_mixin.py:104} INFO - pikachu_697.jpeg
[2022-01-25 10:24:59,696] {logging_mixin.py:104} INFO - pikachu_698.jpeg
[2022-01-25 10:24:59,696] {logging_mixin.py:104} INFO - pikachu_699.jpeg
[2022-01-25 10:24:59,697] {logging_mixin.py:104} INFO - pikachu_700.jpeg
[2022-01-25 10:24:59,697] {logging_mixin.py:104} INFO - pikachu_701.jpeg
[2022-01-25 10:24:59,698] {logging_mixin.py:104} INFO - pikachu_702.jpeg
[2022-01-25 10:24:59,698] {logging_mixin.py:104} INFO - pikachu_703.jpeg
[2022-01-25 10:24:59,698] {logging_mixin.py:104} INFO - pikachu_704.jpeg
[2022-01-25 10:24:59,699] {logging_mixin.py:104} INFO - pikachu_705.jpeg
[2022-01-25 10:24:59,699] {logging_mixin.py:104} INFO - pikachu_706.jpeg
[2022-01-25 10:24:59,700] {logging_mixin.py:104} INFO - pikachu_707.jpeg
[2022-01-25 10:24:59,700] {logging_mixin.py:104} INFO - pikachu_708.jpeg
[2022-01-25 10:24:59,700] {logging_mixin.py:104} INFO - pikachu_709.jpeg
[2022-01-25 10:24:59,701] {logging_mixin.py:104} INFO - pikachu_711.jpeg
[2022-01-25 10:24:59,701] {logging_mixin.py:104} INFO - pikachu_712.jpeg
[2022-01-25 10:24:59,702] {logging_mixin.py:104} INFO - pikachu_713.jpeg
[2022-01-25 10:24:59,702] {logging_mixin.py:104} INFO - pikachu_714.jpeg
[2022-01-25 10:24:59,702] {logging_mixin.py:104} INFO - pikachu_715.png
[2022-01-25 10:24:59,703] {logging_mixin.py:104} INFO - pikachu_716.jpeg
[2022-01-25 10:24:59,703] {logging_mixin.py:104} INFO - pikachu_717.jpeg
[2022-01-25 10:24:59,704] {logging_mixin.py:104} INFO - pikachu_718.jpeg
[2022-01-25 10:24:59,704] {logging_mixin.py:104} INFO - pikachu_719.jpeg
[2022-01-25 10:24:59,704] {logging_mixin.py:104} INFO - pikachu_720.jpeg
[2022-01-25 10:24:59,705] {logging_mixin.py:104} INFO - pikachu_721.jpeg
[2022-01-25 10:24:59,705] {logging_mixin.py:104} INFO - pikachu_722.jpeg
[2022-01-25 10:24:59,706] {logging_mixin.py:104} INFO - pikachu_723.jpeg
[2022-01-25 10:24:59,706] {logging_mixin.py:104} INFO - pikachu_724.png
[2022-01-25 10:24:59,707] {logging_mixin.py:104} INFO - pikachu_725.jpeg
[2022-01-25 10:24:59,707] {logging_mixin.py:104} INFO - pikachu_726.jpeg
[2022-01-25 10:24:59,707] {logging_mixin.py:104} INFO - pikachu_727.jpeg
[2022-01-25 10:24:59,708] {logging_mixin.py:104} INFO - pikachu_728.jpeg
[2022-01-25 10:24:59,708] {logging_mixin.py:104} INFO - pikachu_729.jpeg
[2022-01-25 10:24:59,709] {logging_mixin.py:104} INFO - pikachu_730.jpeg
[2022-01-25 10:24:59,709] {logging_mixin.py:104} INFO - pikachu_731.jpeg
[2022-01-25 10:24:59,710] {logging_mixin.py:104} INFO - pikachu_732.jpeg
[2022-01-25 10:24:59,710] {logging_mixin.py:104} INFO - pikachu_733.jpeg
[2022-01-25 10:24:59,711] {logging_mixin.py:104} INFO - pikachu_734.jpeg
[2022-01-25 10:24:59,711] {logging_mixin.py:104} INFO - pikachu_735.jpeg
[2022-01-25 10:24:59,712] {logging_mixin.py:104} INFO - pikachu_736.jpeg
[2022-01-25 10:24:59,712] {logging_mixin.py:104} INFO - pikachu_737.jpeg
[2022-01-25 10:24:59,712] {logging_mixin.py:104} INFO - pikachu_738.jpeg
[2022-01-25 10:24:59,713] {logging_mixin.py:104} INFO - pikachu_739.jpeg
[2022-01-25 10:24:59,713] {logging_mixin.py:104} INFO - pikachu_740.jpeg
[2022-01-25 10:24:59,714] {logging_mixin.py:104} INFO - pikachu_741.jpeg
[2022-01-25 10:24:59,714] {logging_mixin.py:104} INFO - pikachu_742.jpeg
[2022-01-25 10:24:59,714] {logging_mixin.py:104} INFO - pikachu_743.png
[2022-01-25 10:24:59,715] {logging_mixin.py:104} INFO - pikachu_744.jpeg
[2022-01-25 10:24:59,715] {logging_mixin.py:104} INFO - pikachu_745.jpeg
[2022-01-25 10:24:59,716] {logging_mixin.py:104} INFO - pikachu_746.jpeg
[2022-01-25 10:24:59,716] {logging_mixin.py:104} INFO - pikachu_747.jpeg
[2022-01-25 10:24:59,716] {logging_mixin.py:104} INFO - pikachu_748.jpeg
[2022-01-25 10:24:59,717] {logging_mixin.py:104} INFO - pikachu_749.jpeg
[2022-01-25 10:24:59,717] {logging_mixin.py:104} INFO - pikachu_750.jpeg
[2022-01-25 10:24:59,718] {logging_mixin.py:104} INFO - pikachu_751.jpeg
[2022-01-25 10:24:59,719] {logging_mixin.py:104} INFO - pikachu_752.jpeg
[2022-01-25 10:24:59,719] {logging_mixin.py:104} INFO - pikachu_753.jpeg
[2022-01-25 10:24:59,720] {logging_mixin.py:104} INFO - pikachu_754.png
[2022-01-25 10:24:59,720] {logging_mixin.py:104} INFO - pikachu_755.jpeg
[2022-01-25 10:24:59,721] {logging_mixin.py:104} INFO - pikachu_756.jpeg
[2022-01-25 10:24:59,721] {logging_mixin.py:104} INFO - pikachu_757.jpeg
[2022-01-25 10:24:59,722] {logging_mixin.py:104} INFO - pikachu_758.jpeg
[2022-01-25 10:24:59,722] {logging_mixin.py:104} INFO - pikachu_759.jpeg
[2022-01-25 10:24:59,723] {logging_mixin.py:104} INFO - pikachu_760.jpeg
[2022-01-25 10:24:59,723] {logging_mixin.py:104} INFO - pikachu_761.jpeg
[2022-01-25 10:24:59,723] {logging_mixin.py:104} INFO - pikachu_762.jpeg
[2022-01-25 10:24:59,724] {logging_mixin.py:104} INFO - pikachu_763.png
[2022-01-25 10:24:59,725] {logging_mixin.py:104} INFO - pikachu_764.jpeg
[2022-01-25 10:24:59,726] {logging_mixin.py:104} INFO - pikachu_765.png
[2022-01-25 10:24:59,726] {logging_mixin.py:104} INFO - pikachu_766.jpeg
[2022-01-25 10:24:59,727] {logging_mixin.py:104} INFO - pikachu_767.png
[2022-01-25 10:24:59,727] {logging_mixin.py:104} INFO - pikachu_768.jpeg
[2022-01-25 10:24:59,727] {logging_mixin.py:104} INFO - pikachu_769.jpeg
[2022-01-25 10:24:59,728] {logging_mixin.py:104} INFO - pikachu_771.jpeg
[2022-01-25 10:24:59,728] {logging_mixin.py:104} INFO - pikachu_773.png
[2022-01-25 10:24:59,729] {logging_mixin.py:104} INFO - pikachu_774.jpeg
[2022-01-25 10:24:59,729] {logging_mixin.py:104} INFO - pikachu_776.png
[2022-01-25 10:24:59,730] {logging_mixin.py:104} INFO - pikachu_777.jpeg
[2022-01-25 10:24:59,730] {logging_mixin.py:104} INFO - pikachu_778.jpeg
[2022-01-25 10:24:59,731] {logging_mixin.py:104} INFO - pikachu_779.jpeg
[2022-01-25 10:24:59,731] {logging_mixin.py:104} INFO - pikachu_780.jpeg
[2022-01-25 10:24:59,731] {logging_mixin.py:104} INFO - pikachu_782.jpeg
[2022-01-25 10:24:59,732] {logging_mixin.py:104} INFO - pikachu_783.jpeg
[2022-01-25 10:24:59,732] {logging_mixin.py:104} INFO - pikachu_784.jpeg
[2022-01-25 10:24:59,733] {logging_mixin.py:104} INFO - pikachu_785.jpeg
[2022-01-25 10:24:59,733] {logging_mixin.py:104} INFO - pikachu_786.jpeg
[2022-01-25 10:24:59,733] {logging_mixin.py:104} INFO - pikachu_787.jpeg
[2022-01-25 10:24:59,734] {logging_mixin.py:104} INFO - pikachu_788.jpeg
[2022-01-25 10:24:59,734] {logging_mixin.py:104} INFO - pikachu_789.jpeg
[2022-01-25 10:24:59,735] {logging_mixin.py:104} INFO - pikachu_790.jpeg
[2022-01-25 10:24:59,735] {logging_mixin.py:104} INFO - pikachu_791.jpeg
[2022-01-25 10:24:59,735] {logging_mixin.py:104} INFO - pikachu_792.jpeg
[2022-01-25 10:24:59,736] {logging_mixin.py:104} INFO - pikachu_793.jpeg
[2022-01-25 10:24:59,736] {logging_mixin.py:104} INFO - pikachu_795.jpeg
[2022-01-25 10:24:59,737] {logging_mixin.py:104} INFO - pikachu_796.jpeg
[2022-01-25 10:24:59,737] {logging_mixin.py:104} INFO - pikachu_797.jpeg
[2022-01-25 10:24:59,737] {logging_mixin.py:104} INFO - pikachu_798.jpeg
[2022-01-25 10:24:59,738] {logging_mixin.py:104} INFO - pikachu_799.jpeg
[2022-01-25 10:24:59,738] {logging_mixin.py:104} INFO - pikachu_800.jpeg
[2022-01-25 10:24:59,738] {logging_mixin.py:104} INFO - pikachu_801.png
[2022-01-25 10:24:59,739] {logging_mixin.py:104} INFO - pikachu_802.jpeg
[2022-01-25 10:24:59,739] {logging_mixin.py:104} INFO - pikachu_803.jpeg
[2022-01-25 10:24:59,740] {logging_mixin.py:104} INFO - pikachu_804.jpeg
[2022-01-25 10:24:59,740] {logging_mixin.py:104} INFO - pikachu_805.jpeg
[2022-01-25 10:24:59,741] {logging_mixin.py:104} INFO - pikachu_806.jpeg
[2022-01-25 10:24:59,741] {logging_mixin.py:104} INFO - pikachu_807.png
[2022-01-25 10:24:59,742] {logging_mixin.py:104} INFO - pikachu_808.jpeg
[2022-01-25 10:24:59,743] {logging_mixin.py:104} INFO - pikachu_809.jpeg
[2022-01-25 10:24:59,743] {logging_mixin.py:104} INFO - pikachu_811.jpeg
[2022-01-25 10:24:59,744] {logging_mixin.py:104} INFO - pikachu_812.jpeg
[2022-01-25 10:24:59,745] {logging_mixin.py:104} INFO - pikachu_814.jpeg
[2022-01-25 10:24:59,745] {logging_mixin.py:104} INFO - pikachu_815.jpeg
[2022-01-25 10:24:59,746] {logging_mixin.py:104} INFO - pikachu_816.jpeg
[2022-01-25 10:24:59,746] {logging_mixin.py:104} INFO - pikachu_817.jpeg
[2022-01-25 10:24:59,746] {logging_mixin.py:104} INFO - pikachu_818.png
[2022-01-25 10:24:59,747] {logging_mixin.py:104} INFO - pikachu_819.jpeg
[2022-01-25 10:24:59,747] {logging_mixin.py:104} INFO - pikachu_820.jpeg
[2022-01-25 10:24:59,747] {logging_mixin.py:104} INFO - pikachu_821.jpeg
[2022-01-25 10:24:59,748] {logging_mixin.py:104} INFO - pikachu_822.png
[2022-01-25 10:24:59,748] {logging_mixin.py:104} INFO - pikachu_823.jpeg
[2022-01-25 10:24:59,749] {logging_mixin.py:104} INFO - pikachu_824.jpeg
[2022-01-25 10:24:59,749] {logging_mixin.py:104} INFO - pikachu_825.jpeg
[2022-01-25 10:24:59,749] {logging_mixin.py:104} INFO - pikachu_826.png
[2022-01-25 10:24:59,750] {logging_mixin.py:104} INFO - pikachu_827.jpeg
[2022-01-25 10:24:59,750] {logging_mixin.py:104} INFO - pikachu_828.png
[2022-01-25 10:24:59,750] {logging_mixin.py:104} INFO - pikachu_829.jpeg
[2022-01-25 10:24:59,751] {logging_mixin.py:104} INFO - pikachu_830.png
[2022-01-25 10:24:59,751] {logging_mixin.py:104} INFO - pikachu_831.jpeg
[2022-01-25 10:24:59,751] {logging_mixin.py:104} INFO - pikachu_832.jpeg
[2022-01-25 10:24:59,752] {logging_mixin.py:104} INFO - pikachu_833.jpeg
[2022-01-25 10:24:59,752] {logging_mixin.py:104} INFO - pikachu_834.jpeg
[2022-01-25 10:24:59,752] {logging_mixin.py:104} INFO - pikachu_835.jpeg
[2022-01-25 10:24:59,753] {logging_mixin.py:104} INFO - pikachu_836.jpeg
[2022-01-25 10:24:59,753] {logging_mixin.py:104} INFO - pikachu_837.jpeg
[2022-01-25 10:24:59,753] {logging_mixin.py:104} INFO - pikachu_838.jpeg
[2022-01-25 10:24:59,753] {logging_mixin.py:104} INFO - pikachu_839.jpeg
[2022-01-25 10:24:59,754] {logging_mixin.py:104} INFO - pikachu_840.jpeg
[2022-01-25 10:24:59,754] {logging_mixin.py:104} INFO - --------------ti-----------------------
[2022-01-25 10:24:59,754] {logging_mixin.py:104} INFO - <TaskInstance: classification.check_data_exist 2022-01-25T10:24:53.957718+00:00 [running]>
[2022-01-25 10:24:59,755] {logging_mixin.py:104} INFO - ------------------------------
[2022-01-25 10:24:59,778] {python.py:118} INFO - Done. Returned value was: load_data
[2022-01-25 10:24:59,779] {skipmixin.py:124} INFO - Following branch load_data
[2022-01-25 10:24:59,791] {skipmixin.py:155} INFO - Skipping tasks []
[2022-01-25 10:24:59,853] {taskinstance.py:1166} INFO - Marking task as SUCCESS. dag_id=classification, task_id=check_data_exist, execution_date=20220125T102453, start_date=20220125T102459, end_date=20220125T102459
[2022-01-25 10:24:59,911] {taskinstance.py:1220} INFO - 1 downstream tasks scheduled from follow-on schedule check
[2022-01-25 10:24:59,950] {local_task_job.py:146} INFO - Task exited with return code 0
