[2022-01-26 04:52:26,683] {taskinstance.py:851} INFO - Dependencies all met for <TaskInstance: classification.save_result 2022-01-26T04:50:45.201776+00:00 [queued]>
[2022-01-26 04:52:26,706] {taskinstance.py:851} INFO - Dependencies all met for <TaskInstance: classification.save_result 2022-01-26T04:50:45.201776+00:00 [queued]>
[2022-01-26 04:52:26,706] {taskinstance.py:1042} INFO - 
--------------------------------------------------------------------------------
[2022-01-26 04:52:26,707] {taskinstance.py:1043} INFO - Starting attempt 1 of 2
[2022-01-26 04:52:26,707] {taskinstance.py:1044} INFO - 
--------------------------------------------------------------------------------
[2022-01-26 04:52:26,722] {taskinstance.py:1063} INFO - Executing <Task(PythonOperator): save_result> on 2022-01-26T04:50:45.201776+00:00
[2022-01-26 04:52:26,731] {standard_task_runner.py:52} INFO - Started process 2111 to run task
[2022-01-26 04:52:26,736] {standard_task_runner.py:76} INFO - Running: ['airflow', 'tasks', 'run', 'classification', 'save_result', '2022-01-26T04:50:45.201776+00:00', '--job-id', '211', '--pool', 'default_pool', '--raw', '--subdir', 'DAGS_FOLDER/classification.py', '--cfg-path', '/tmp/tmpfbh4vo7i', '--error-file', '/tmp/tmpdmstt3rs']
[2022-01-26 04:52:26,742] {standard_task_runner.py:77} INFO - Job 211: Subtask save_result
[2022-01-26 04:52:26,794] {logging_mixin.py:104} INFO - Running <TaskInstance: classification.save_result 2022-01-26T04:50:45.201776+00:00 [running]> on host 115f9a25dda0
[2022-01-26 04:52:26,841] {taskinstance.py:1257} INFO - Exporting the following env vars:
AIRFLOW_CTX_DAG_OWNER=airflow
AIRFLOW_CTX_DAG_ID=classification
AIRFLOW_CTX_TASK_ID=save_result
AIRFLOW_CTX_EXECUTION_DATE=2022-01-26T04:50:45.201776+00:00
AIRFLOW_CTX_DAG_RUN_ID=manual__2022-01-26T04:50:45.201776+00:00
[2022-01-26 04:52:26,922] {logging_mixin.py:104} INFO - hello
[2022-01-26 04:52:26,927] {logging_mixin.py:104} INFO - bulbasaur_0.jpeg Image it is    bulbasaur predict label
[2022-01-26 04:52:27,459] {logging_mixin.py:104} INFO - bulbasaur_1.png Image it is    bulbasaur predict label
[2022-01-26 04:52:27,778] {logging_mixin.py:104} INFO - bulbasaur_10.jpeg Image it is    bulbasaur predict label
[2022-01-26 04:52:27,960] {logging_mixin.py:104} INFO - bulbasaur_11.jpeg Image it is    bulbasaur predict label
[2022-01-26 04:52:28,198] {logging_mixin.py:104} INFO - bulbasaur_12.png Image it is    bulbasaur predict label
[2022-01-26 04:52:28,622] {logging_mixin.py:104} INFO - bulbasaur_13.png Image it is    bulbasaur predict label
[2022-01-26 04:52:29,022] {logging_mixin.py:104} INFO - bulbasaur_14.png Image it is    bulbasaur predict label
[2022-01-26 04:52:29,429] {logging_mixin.py:104} INFO - bulbasaur_15.jpeg Image it is    bulbasaur predict label
[2022-01-26 04:52:29,589] {logging_mixin.py:104} INFO - bulbasaur_16.jpeg Image it is    bulbasaur predict label
[2022-01-26 04:52:29,756] {logging_mixin.py:104} INFO - bulbasaur_16.png Image it is    bulbasaur predict label
[2022-01-26 04:52:30,240] {logging_mixin.py:104} INFO - bulbasaur_17.png Image it is    bulbasaur predict label
[2022-01-26 04:52:30,658] {logging_mixin.py:104} INFO - bulbasaur_18.png Image it is    bulbasaur predict label
[2022-01-26 04:52:33,500] {logging_mixin.py:104} INFO - bulbasaur_19.jpeg Image it is    bulbasaur predict label
[2022-01-26 04:52:33,956] {logging_mixin.py:104} INFO - bulbasaur_19.png Image it is    bulbasaur predict label
[2022-01-26 04:52:34,348] {logging_mixin.py:104} INFO - bulbasaur_2.jpeg Image it is    bulbasaur predict label
[2022-01-26 04:52:34,746] {logging_mixin.py:104} INFO - bulbasaur_2.png Image it is    bulbasaur predict label
[2022-01-26 04:52:35,563] {logging_mixin.py:104} INFO - bulbasaur_20.png Image it is    bulbasaur predict label
[2022-01-26 04:52:35,843] {logging_mixin.py:104} INFO - bulbasaur_21.jpeg Image it is    bulbasaur predict label
[2022-01-26 04:52:36,299] {logging_mixin.py:104} INFO - bulbasaur_21.png Image it is    bulbasaur predict label
[2022-01-26 04:52:39,699] {logging_mixin.py:104} INFO - bulbasaur_22.jpeg Image it is    bulbasaur predict label
[2022-01-26 04:52:40,089] {logging_mixin.py:104} INFO - bulbasaur_22.png Image it is    bulbasaur predict label
[2022-01-26 04:52:41,118] {logging_mixin.py:104} INFO - bulbasaur_23.png Image it is    bulbasaur predict label
[2022-01-26 04:52:41,931] {logging_mixin.py:104} INFO - bulbasaur_24.jpeg Image it is    bulbasaur predict label
[2022-01-26 04:52:42,667] {logging_mixin.py:104} INFO - bulbasaur_25.jpeg Image it is    bulbasaur predict label
[2022-01-26 04:52:47,606] {logging_mixin.py:104} INFO - bulbasaur_25.png Image it is    bulbasaur predict label
[2022-01-26 04:52:48,443] {logging_mixin.py:104} INFO - bulbasaur_26.jpeg Image it is    bulbasaur predict label
[2022-01-26 04:52:54,319] {logging_mixin.py:104} INFO - bulbasaur_26.png Image it is    bulbasaur predict label
[2022-01-26 04:52:54,687] {logging_mixin.py:104} INFO - bulbasaur_27.jpeg Image it is    bulbasaur predict label
[2022-01-26 04:52:54,922] {logging_mixin.py:104} INFO - bulbasaur_27.png Image it is    bulbasaur predict label
[2022-01-26 04:52:57,966] {logging_mixin.py:104} INFO - bulbasaur_28.jpeg Image it is    bulbasaur predict label
[2022-01-26 04:52:58,205] {logging_mixin.py:104} INFO - bulbasaur_28.png Image it is    bulbasaur predict label
[2022-01-26 04:52:58,560] {logging_mixin.py:104} INFO - bulbasaur_29.jpeg Image it is    bulbasaur predict label
[2022-01-26 04:52:58,797] {logging_mixin.py:104} INFO - bulbasaur_29.png Image it is    bulbasaur predict label
[2022-01-26 04:52:59,203] {logging_mixin.py:104} INFO - bulbasaur_3.png Image it is    bulbasaur predict label
[2022-01-26 04:52:59,475] {logging_mixin.py:104} INFO - bulbasaur_30.jpeg Image it is    bulbasaur predict label
[2022-01-26 04:52:59,638] {logging_mixin.py:104} INFO - bulbasaur_30.png Image it is    bulbasaur predict label
[2022-01-26 04:53:00,175] {logging_mixin.py:104} INFO - bulbasaur_31.jpeg Image it is    bulbasaur predict label
[2022-01-26 04:53:00,589] {logging_mixin.py:104} INFO - bulbasaur_32.png Image it is    bulbasaur predict label
[2022-01-26 04:53:00,847] {logging_mixin.py:104} INFO - bulbasaur_33.jpeg Image it is    bulbasaur predict label
[2022-01-26 04:53:01,010] {logging_mixin.py:104} INFO - bulbasaur_33.png Image it is    bulbasaur predict label
[2022-01-26 04:53:01,207] {logging_mixin.py:104} INFO - bulbasaur_34.png Image it is    bulbasaur predict label
[2022-01-26 04:53:01,719] {logging_mixin.py:104} INFO - bulbasaur_35.jpeg Image it is    bulbasaur predict label
[2022-01-26 04:53:01,885] {logging_mixin.py:104} INFO - bulbasaur_35.png Image it is    bulbasaur predict label
[2022-01-26 04:53:02,216] {logging_mixin.py:104} INFO - bulbasaur_36.png Image it is    bulbasaur predict label
[2022-01-26 04:53:02,776] {logging_mixin.py:104} INFO - bulbasaur_37.png Image it is    bulbasaur predict label
[2022-01-26 04:53:03,167] {logging_mixin.py:104} INFO - bulbasaur_38.jpeg Image it is    bulbasaur predict label
[2022-01-26 04:53:03,434] {logging_mixin.py:104} INFO - bulbasaur_38.png Image it is    bulbasaur predict label
[2022-01-26 04:53:03,945] {logging_mixin.py:104} INFO - bulbasaur_39.jpeg Image it is    bulbasaur predict label
[2022-01-26 04:53:04,154] {logging_mixin.py:104} INFO - bulbasaur_39.png Image it is    bulbasaur predict label
[2022-01-26 04:53:04,504] {logging_mixin.py:104} INFO - bulbasaur_4.jpeg Image it is    bulbasaur predict label
[2022-01-26 04:53:04,672] {logging_mixin.py:104} INFO - bulbasaur_4.png Image it is    bulbasaur predict label
[2022-01-26 04:53:05,003] {logging_mixin.py:104} INFO - bulbasaur_40.jpeg Image it is    bulbasaur predict label
[2022-01-26 04:53:05,268] {logging_mixin.py:104} INFO - bulbasaur_40.png Image it is    bulbasaur predict label
[2022-01-26 04:53:05,887] {logging_mixin.py:104} INFO - bulbasaur_41.jpeg Image it is    bulbasaur predict label
[2022-01-26 04:53:06,059] {logging_mixin.py:104} INFO - bulbasaur_41.png Image it is    bulbasaur predict label
[2022-01-26 04:53:06,560] {logging_mixin.py:104} INFO - bulbasaur_42.png Image it is    bulbasaur predict label
[2022-01-26 04:53:07,162] {logging_mixin.py:104} INFO - bulbasaur_43.png Image it is    bulbasaur predict label
[2022-01-26 04:53:07,475] {logging_mixin.py:104} INFO - bulbasaur_44.png Image it is    bulbasaur predict label
[2022-01-26 04:53:07,982] {logging_mixin.py:104} INFO - bulbasaur_45.png Image it is    bulbasaur predict label
[2022-01-26 04:53:08,782] {logging_mixin.py:104} INFO - bulbasaur_46.png Image it is    bulbasaur predict label
[2022-01-26 04:53:09,217] {logging_mixin.py:104} INFO - bulbasaur_47.png Image it is    bulbasaur predict label
[2022-01-26 04:53:09,891] {logging_mixin.py:104} INFO - bulbasaur_48.png Image it is    bulbasaur predict label
[2022-01-26 04:53:10,242] {logging_mixin.py:104} INFO - bulbasaur_5.jpeg Image it is    bulbasaur predict label
[2022-01-26 04:53:10,406] {logging_mixin.py:104} INFO - bulbasaur_5.png Image it is    bulbasaur predict label
[2022-01-26 04:53:10,607] {logging_mixin.py:104} INFO - bulbasaur_6.png Image it is    bulbasaur predict label
[2022-01-26 04:53:10,877] {logging_mixin.py:104} INFO - bulbasaur_7.jpeg Image it is    bulbasaur predict label
[2022-01-26 04:53:11,044] {logging_mixin.py:104} INFO - bulbasaur_7.png Image it is    bulbasaur predict label
[2022-01-26 04:53:11,292] {logging_mixin.py:104} INFO - bulbasaur_8.jpeg Image it is    bulbasaur predict label
[2022-01-26 04:53:11,458] {logging_mixin.py:104} INFO - bulbasaur_8.png Image it is    bulbasaur predict label
[2022-01-26 04:53:11,787] {logging_mixin.py:104} INFO - bulbasaur_9.png Image it is    bulbasaur predict label
[2022-01-26 04:53:12,150] {logging_mixin.py:104} INFO - charmander_0.jpeg Image it is    bulbasaur predict label
[2022-01-26 04:53:12,320] {logging_mixin.py:104} INFO - charmander_1.jpeg Image it is    bulbasaur predict label
[2022-01-26 04:53:12,576] {logging_mixin.py:104} INFO - charmander_10.jpeg Image it is    bulbasaur predict label
[2022-01-26 04:53:12,737] {logging_mixin.py:104} INFO - charmander_12.jpeg Image it is    bulbasaur predict label
[2022-01-26 04:53:13,009] {logging_mixin.py:104} INFO - charmander_13.jpeg Image it is    bulbasaur predict label
[2022-01-26 04:53:13,197] {logging_mixin.py:104} INFO - charmander_14.jpeg Image it is    bulbasaur predict label
[2022-01-26 04:53:13,374] {logging_mixin.py:104} INFO - charmander_16.jpeg Image it is    bulbasaur predict label
[2022-01-26 04:53:13,607] {logging_mixin.py:104} INFO - charmander_17.jpeg Image it is    bulbasaur predict label
[2022-01-26 04:53:13,857] {logging_mixin.py:104} INFO - charmander_19.jpeg Image it is    bulbasaur predict label
[2022-01-26 04:53:14,061] {logging_mixin.py:104} INFO - charmander_2.png Image it is    bulbasaur predict label
[2022-01-26 04:53:14,443] {logging_mixin.py:104} INFO - charmander_20.jpeg Image it is    bulbasaur predict label
[2022-01-26 04:53:14,607] {logging_mixin.py:104} INFO - charmander_22.jpeg Image it is    bulbasaur predict label
[2022-01-26 04:53:14,820] {logging_mixin.py:104} INFO - charmander_23.png Image it is    bulbasaur predict label
[2022-01-26 04:53:15,115] {logging_mixin.py:104} INFO - charmander_24.png Image it is    bulbasaur predict label
[2022-01-26 04:53:15,615] {logging_mixin.py:104} INFO - charmander_25.jpeg Image it is    bulbasaur predict label
[2022-01-26 04:53:15,802] {logging_mixin.py:104} INFO - charmander_25.png Image it is    bulbasaur predict label
[2022-01-26 04:53:15,991] {logging_mixin.py:104} INFO - charmander_26.jpeg Image it is    bulbasaur predict label
[2022-01-26 04:53:16,238] {logging_mixin.py:104} INFO - charmander_27.png Image it is    bulbasaur predict label
[2022-01-26 04:53:16,610] {logging_mixin.py:104} INFO - charmander_29.jpeg Image it is    bulbasaur predict label
[2022-01-26 04:53:16,792] {logging_mixin.py:104} INFO - charmander_29.png Image it is    bulbasaur predict label
[2022-01-26 04:53:17,267] {logging_mixin.py:104} INFO - charmander_3.jpeg Image it is    bulbasaur predict label
[2022-01-26 04:53:17,596] {logging_mixin.py:104} INFO - charmander_30.jpeg Image it is    bulbasaur predict label
[2022-01-26 04:53:17,814] {logging_mixin.py:104} INFO - charmander_31.png Image it is    bulbasaur predict label
[2022-01-26 04:53:18,274] {logging_mixin.py:104} INFO - charmander_32.png Image it is    bulbasaur predict label
[2022-01-26 04:53:18,656] {logging_mixin.py:104} INFO - charmander_33.jpeg Image it is    bulbasaur predict label
[2022-01-26 04:53:18,895] {logging_mixin.py:104} INFO - charmander_34.jpeg Image it is    bulbasaur predict label
[2022-01-26 04:53:19,073] {logging_mixin.py:104} INFO - charmander_35.jpeg Image it is    bulbasaur predict label
[2022-01-26 04:53:19,396] {logging_mixin.py:104} INFO - charmander_36.png Image it is    bulbasaur predict label
[2022-01-26 04:53:19,651] {logging_mixin.py:104} INFO - charmander_37.png Image it is    bulbasaur predict label
[2022-01-26 04:53:20,143] {logging_mixin.py:104} INFO - charmander_38.jpeg Image it is    bulbasaur predict label
[2022-01-26 04:53:20,598] {logging_mixin.py:104} INFO - charmander_39.png Image it is    bulbasaur predict label
[2022-01-26 04:53:21,471] {logging_mixin.py:104} INFO - charmander_40.jpeg Image it is    bulbasaur predict label
[2022-01-26 04:53:21,818] {logging_mixin.py:104} INFO - charmander_41.png Image it is    bulbasaur predict label
[2022-01-26 04:53:22,097] {logging_mixin.py:104} INFO - charmander_43.png Image it is    bulbasaur predict label
[2022-01-26 04:53:22,416] {logging_mixin.py:104} INFO - charmander_44.png Image it is    bulbasaur predict label
[2022-01-26 04:53:22,803] {logging_mixin.py:104} INFO - charmander_45.png Image it is    bulbasaur predict label
[2022-01-26 04:53:23,122] {logging_mixin.py:104} INFO - charmander_46.jpeg Image it is    bulbasaur predict label
[2022-01-26 04:53:23,269] {logging_mixin.py:104} INFO - charmander_46.png Image it is    bulbasaur predict label
[2022-01-26 04:53:23,570] {logging_mixin.py:104} INFO - charmander_47.png Image it is    bulbasaur predict label
[2022-01-26 04:53:23,877] {logging_mixin.py:104} INFO - charmander_48.jpeg Image it is    bulbasaur predict label
[2022-01-26 04:53:24,180] {logging_mixin.py:104} INFO - charmander_48.png Image it is    bulbasaur predict label
[2022-01-26 04:53:24,538] {logging_mixin.py:104} INFO - charmander_49.png Image it is    bulbasaur predict label
[2022-01-26 04:53:25,763] {logging_mixin.py:104} INFO - charmander_5.jpeg Image it is    bulbasaur predict label
[2022-01-26 04:53:26,237] {logging_mixin.py:104} INFO - charmander_6.jpeg Image it is    bulbasaur predict label
[2022-01-26 04:53:26,508] {logging_mixin.py:104} INFO - charmander_8.png Image it is    bulbasaur predict label
[2022-01-26 04:53:26,688] {logging_mixin.py:104} INFO - charmander_9.jpeg Image it is    bulbasaur predict label
[2022-01-26 04:53:27,080] {logging_mixin.py:104} INFO - pikachu_1.png Image it is    bulbasaur predict label
[2022-01-26 04:53:27,576] {logging_mixin.py:104} INFO - pikachu_11.jpeg Image it is    bulbasaur predict label
[2022-01-26 04:53:30,146] {logging_mixin.py:104} INFO - pikachu_12.png Image it is    bulbasaur predict label
[2022-01-26 04:53:30,277] {logging_mixin.py:104} INFO - pikachu_13.jpeg Image it is    bulbasaur predict label
[2022-01-26 04:53:30,451] {logging_mixin.py:104} INFO - pikachu_15.jpeg Image it is    bulbasaur predict label
[2022-01-26 04:53:32,438] {logging_mixin.py:104} INFO - pikachu_16.jpeg Image it is    bulbasaur predict label
[2022-01-26 04:53:32,696] {logging_mixin.py:104} INFO - pikachu_17.jpeg Image it is    bulbasaur predict label
[2022-01-26 04:53:33,027] {logging_mixin.py:104} INFO - pikachu_18.png Image it is    bulbasaur predict label
[2022-01-26 04:53:33,369] {logging_mixin.py:104} INFO - pikachu_19.jpeg Image it is    bulbasaur predict label
[2022-01-26 04:53:33,563] {logging_mixin.py:104} INFO - pikachu_2.png Image it is    bulbasaur predict label
[2022-01-26 04:53:33,938] {logging_mixin.py:104} INFO - pikachu_20.jpeg Image it is    bulbasaur predict label
[2022-01-26 04:53:34,109] {logging_mixin.py:104} INFO - pikachu_21.jpeg Image it is    bulbasaur predict label
[2022-01-26 04:53:36,094] {logging_mixin.py:104} INFO - pikachu_22.jpeg Image it is    bulbasaur predict label
[2022-01-26 04:53:36,396] {logging_mixin.py:104} INFO - pikachu_23.jpeg Image it is    bulbasaur predict label
[2022-01-26 04:53:36,708] {logging_mixin.py:104} INFO - pikachu_23.png Image it is    bulbasaur predict label
[2022-01-26 04:53:36,987] {logging_mixin.py:104} INFO - pikachu_24.jpeg Image it is    bulbasaur predict label
[2022-01-26 04:53:37,142] {logging_mixin.py:104} INFO - pikachu_26.jpeg Image it is    bulbasaur predict label
[2022-01-26 04:53:37,369] {logging_mixin.py:104} INFO - pikachu_28.jpeg Image it is    bulbasaur predict label
[2022-01-26 04:53:37,542] {logging_mixin.py:104} INFO - pikachu_3.png Image it is    bulbasaur predict label
[2022-01-26 04:53:37,752] {logging_mixin.py:104} INFO - pikachu_30.jpeg Image it is    bulbasaur predict label
[2022-01-26 04:53:37,912] {logging_mixin.py:104} INFO - pikachu_33.jpeg Image it is    bulbasaur predict label
[2022-01-26 04:53:38,194] {logging_mixin.py:104} INFO - pikachu_34.jpeg Image it is    bulbasaur predict label
[2022-01-26 04:53:38,600] {logging_mixin.py:104} INFO - pikachu_35.png Image it is    bulbasaur predict label
[2022-01-26 04:53:38,800] {logging_mixin.py:104} INFO - pikachu_39.jpeg Image it is    bulbasaur predict label
[2022-01-26 04:53:39,215] {logging_mixin.py:104} INFO - pikachu_4.png Image it is    bulbasaur predict label
[2022-01-26 04:53:39,470] {logging_mixin.py:104} INFO - pikachu_40.jpeg Image it is    bulbasaur predict label
[2022-01-26 04:53:39,680] {logging_mixin.py:104} INFO - pikachu_42.jpeg Image it is    bulbasaur predict label
[2022-01-26 04:53:40,547] {logging_mixin.py:104} INFO - pikachu_43.jpeg Image it is    bulbasaur predict label
[2022-01-26 04:53:40,724] {logging_mixin.py:104} INFO - pikachu_44.jpeg Image it is    bulbasaur predict label
[2022-01-26 04:53:40,882] {logging_mixin.py:104} INFO - pikachu_48.png Image it is    bulbasaur predict label
[2022-01-26 04:53:41,873] {logging_mixin.py:104} INFO - pikachu_49.png Image it is    bulbasaur predict label
[2022-01-26 04:53:42,225] {logging_mixin.py:104} INFO - pikachu_5.png Image it is    bulbasaur predict label
[2022-01-26 04:53:42,476] {logging_mixin.py:104} INFO - pikachu_6.png Image it is    bulbasaur predict label
[2022-01-26 04:53:43,221] {logging_mixin.py:104} INFO - pikachu_8.png Image it is    bulbasaur predict label
[2022-01-26 04:53:43,609] {logging_mixin.py:104} INFO - pikachu_9.jpeg Image it is    bulbasaur predict label
[2022-01-26 04:53:44,343] {logging_mixin.py:104} INFO - charmander_14.png Image it is    charmander predict label
[2022-01-26 04:53:44,702] {logging_mixin.py:104} INFO - charmander_15.png Image it is    charmander predict label
[2022-01-26 04:53:45,016] {logging_mixin.py:104} INFO - pikachu_14.png Image it is    charmander predict label
[2022-01-26 04:53:45,522] {logging_mixin.py:104} INFO - pikachu_37.jpeg Image it is    charmander predict label
[2022-01-26 04:53:45,687] {logging_mixin.py:104} INFO - bulbasaur_20.jpeg Image it is    pikachu predict label
[2022-01-26 04:53:45,874] {logging_mixin.py:104} INFO - bulbasaur_42.jpeg Image it is    pikachu predict label
[2022-01-26 04:53:46,197] {logging_mixin.py:104} INFO - bulbasaur_44.jpeg Image it is    pikachu predict label
[2022-01-26 04:53:46,511] {logging_mixin.py:104} INFO - charmander_11.jpeg Image it is    pikachu predict label
[2022-01-26 04:53:46,701] {logging_mixin.py:104} INFO - charmander_18.jpeg Image it is    pikachu predict label
[2022-01-26 04:53:46,912] {logging_mixin.py:104} INFO - charmander_21.jpeg Image it is    pikachu predict label
[2022-01-26 04:53:47,114] {logging_mixin.py:104} INFO - charmander_27.jpeg Image it is    pikachu predict label
[2022-01-26 04:53:47,427] {logging_mixin.py:104} INFO - charmander_28.png Image it is    pikachu predict label
[2022-01-26 04:53:47,744] {logging_mixin.py:104} INFO - charmander_4.jpeg Image it is    pikachu predict label
[2022-01-26 04:53:47,923] {logging_mixin.py:104} INFO - charmander_42.png Image it is    pikachu predict label
[2022-01-26 04:53:49,903] {logging_mixin.py:104} INFO - charmander_7.jpeg Image it is    pikachu predict label
[2022-01-26 04:53:50,062] {logging_mixin.py:104} INFO - pikachu_0.jpeg Image it is    pikachu predict label
[2022-01-26 04:53:50,272] {logging_mixin.py:104} INFO - pikachu_10.png Image it is    pikachu predict label
[2022-01-26 04:53:51,898] {logging_mixin.py:104} INFO - pikachu_24.png Image it is    pikachu predict label
[2022-01-26 04:53:52,154] {logging_mixin.py:104} INFO - pikachu_25.jpeg Image it is    pikachu predict label
[2022-01-26 04:53:52,325] {logging_mixin.py:104} INFO - pikachu_27.jpeg Image it is    pikachu predict label
[2022-01-26 04:53:52,653] {logging_mixin.py:104} INFO - pikachu_29.png Image it is    pikachu predict label
[2022-01-26 04:53:52,898] {logging_mixin.py:104} INFO - pikachu_31.jpeg Image it is    pikachu predict label
[2022-01-26 04:53:53,215] {logging_mixin.py:104} INFO - pikachu_32.jpeg Image it is    pikachu predict label
[2022-01-26 04:53:53,394] {logging_mixin.py:104} INFO - pikachu_35.jpeg Image it is    pikachu predict label
[2022-01-26 04:53:53,624] {logging_mixin.py:104} INFO - pikachu_36.jpeg Image it is    pikachu predict label
[2022-01-26 04:53:54,050] {logging_mixin.py:104} INFO - pikachu_36.png Image it is    pikachu predict label
[2022-01-26 04:53:55,507] {logging_mixin.py:104} INFO - pikachu_38.jpeg Image it is    pikachu predict label
[2022-01-26 04:53:55,653] {logging_mixin.py:104} INFO - pikachu_38.png Image it is    pikachu predict label
[2022-01-26 04:53:55,906] {logging_mixin.py:104} INFO - pikachu_41.png Image it is    pikachu predict label
[2022-01-26 04:53:56,182] {logging_mixin.py:104} INFO - pikachu_45.jpeg Image it is    pikachu predict label
[2022-01-26 04:53:56,525] {logging_mixin.py:104} INFO - pikachu_46.jpeg Image it is    pikachu predict label
[2022-01-26 04:53:56,779] {logging_mixin.py:104} INFO - pikachu_47.jpeg Image it is    pikachu predict label
[2022-01-26 04:53:57,018] {logging_mixin.py:104} INFO - pikachu_7.jpeg Image it is    pikachu predict label
[2022-01-26 04:53:57,278] {logging_mixin.py:104} INFO - pikachu_9.png Image it is    pikachu predict label
[2022-01-26 04:53:59,561] {python.py:118} INFO - Done. Returned value was: None
[2022-01-26 04:53:59,598] {taskinstance.py:1166} INFO - Marking task as SUCCESS. dag_id=classification, task_id=save_result, execution_date=20220126T045045, start_date=20220126T045226, end_date=20220126T045359
[2022-01-26 04:53:59,650] {taskinstance.py:1220} INFO - 1 downstream tasks scheduled from follow-on schedule check
[2022-01-26 04:53:59,680] {local_task_job.py:146} INFO - Task exited with return code 0
