[2022-01-25 14:56:00,764] {taskinstance.py:851} INFO - Dependencies all met for <TaskInstance: classification.save_result 2022-01-25T14:55:03.016519+00:00 [queued]>
[2022-01-25 14:56:00,834] {taskinstance.py:851} INFO - Dependencies all met for <TaskInstance: classification.save_result 2022-01-25T14:55:03.016519+00:00 [queued]>
[2022-01-25 14:56:00,837] {taskinstance.py:1042} INFO - 
--------------------------------------------------------------------------------
[2022-01-25 14:56:00,838] {taskinstance.py:1043} INFO - Starting attempt 1 of 2
[2022-01-25 14:56:00,841] {taskinstance.py:1044} INFO - 
--------------------------------------------------------------------------------
[2022-01-25 14:56:00,929] {taskinstance.py:1063} INFO - Executing <Task(PythonOperator): save_result> on 2022-01-25T14:55:03.016519+00:00
[2022-01-25 14:56:00,949] {standard_task_runner.py:52} INFO - Started process 3398 to run task
[2022-01-25 14:56:00,989] {standard_task_runner.py:76} INFO - Running: ['airflow', 'tasks', 'run', 'classification', 'save_result', '2022-01-25T14:55:03.016519+00:00', '--job-id', '184', '--pool', 'default_pool', '--raw', '--subdir', 'DAGS_FOLDER/classification.py', '--cfg-path', '/tmp/tmpqzhusjju', '--error-file', '/tmp/tmp9xax0o2a']
[2022-01-25 14:56:01,008] {standard_task_runner.py:77} INFO - Job 184: Subtask save_result
[2022-01-25 14:56:01,218] {logging_mixin.py:104} INFO - Running <TaskInstance: classification.save_result 2022-01-25T14:55:03.016519+00:00 [running]> on host 42ecca77b6ba
[2022-01-25 14:56:01,307] {taskinstance.py:1257} INFO - Exporting the following env vars:
AIRFLOW_CTX_DAG_OWNER=airflow
AIRFLOW_CTX_DAG_ID=classification
AIRFLOW_CTX_TASK_ID=save_result
AIRFLOW_CTX_EXECUTION_DATE=2022-01-25T14:55:03.016519+00:00
AIRFLOW_CTX_DAG_RUN_ID=manual__2022-01-25T14:55:03.016519+00:00
[2022-01-25 14:56:01,465] {logging_mixin.py:104} INFO - hello
[2022-01-25 14:56:38,168] {python.py:118} INFO - Done. Returned value was: None
[2022-01-25 14:56:38,207] {taskinstance.py:1166} INFO - Marking task as SUCCESS. dag_id=classification, task_id=save_result, execution_date=20220125T145503, start_date=20220125T145600, end_date=20220125T145638
[2022-01-25 14:56:38,318] {taskinstance.py:1220} INFO - 1 downstream tasks scheduled from follow-on schedule check
[2022-01-25 14:56:38,391] {local_task_job.py:146} INFO - Task exited with return code 0
