[2022-01-25 11:32:31,727] {taskinstance.py:851} INFO - Dependencies all met for <TaskInstance: classification.check_data_exist 2022-01-25T11:27:24.583418+00:00 [queued]>
[2022-01-25 11:32:31,764] {taskinstance.py:851} INFO - Dependencies all met for <TaskInstance: classification.check_data_exist 2022-01-25T11:27:24.583418+00:00 [queued]>
[2022-01-25 11:32:31,767] {taskinstance.py:1042} INFO - 
--------------------------------------------------------------------------------
[2022-01-25 11:32:31,768] {taskinstance.py:1043} INFO - Starting attempt 1 of 2
[2022-01-25 11:32:31,768] {taskinstance.py:1044} INFO - 
--------------------------------------------------------------------------------
[2022-01-25 11:32:31,818] {taskinstance.py:1063} INFO - Executing <Task(BranchPythonOperator): check_data_exist> on 2022-01-25T11:27:24.583418+00:00
[2022-01-25 11:32:31,835] {standard_task_runner.py:52} INFO - Started process 8324 to run task
[2022-01-25 11:32:31,847] {standard_task_runner.py:76} INFO - Running: ['airflow', 'tasks', 'run', 'classification', 'check_data_exist', '2022-01-25T11:27:24.583418+00:00', '--job-id', '138', '--pool', 'default_pool', '--raw', '--subdir', 'DAGS_FOLDER/classification.py', '--cfg-path', '/tmp/tmpt99ymhlg', '--error-file', '/tmp/tmpyx6dldom']
[2022-01-25 11:32:31,861] {standard_task_runner.py:77} INFO - Job 138: Subtask check_data_exist
[2022-01-25 11:32:32,064] {logging_mixin.py:104} INFO - Running <TaskInstance: classification.check_data_exist 2022-01-25T11:27:24.583418+00:00 [running]> on host 54a54d544bf0
[2022-01-25 11:32:32,297] {taskinstance.py:1257} INFO - Exporting the following env vars:
AIRFLOW_CTX_DAG_OWNER=airflow
AIRFLOW_CTX_DAG_ID=classification
AIRFLOW_CTX_TASK_ID=check_data_exist
AIRFLOW_CTX_EXECUTION_DATE=2022-01-25T11:27:24.583418+00:00
AIRFLOW_CTX_DAG_RUN_ID=scheduled__2022-01-25T11:27:24.583418+00:00
[2022-01-25 11:32:32,746] {logging_mixin.py:104} INFO - pikachu_0.jpeg
[2022-01-25 11:32:32,748] {logging_mixin.py:104} INFO - pikachu_0.png
[2022-01-25 11:32:32,749] {logging_mixin.py:104} INFO - pikachu_1.jpeg
[2022-01-25 11:32:32,749] {logging_mixin.py:104} INFO - pikachu_1.png
[2022-01-25 11:32:32,752] {logging_mixin.py:104} INFO - pikachu_10.jpeg
[2022-01-25 11:32:32,754] {logging_mixin.py:104} INFO - pikachu_10.png
[2022-01-25 11:32:32,754] {logging_mixin.py:104} INFO - pikachu_100.jpeg
[2022-01-25 11:32:32,756] {logging_mixin.py:104} INFO - pikachu_101.jpeg
[2022-01-25 11:32:32,757] {logging_mixin.py:104} INFO - pikachu_102.jpeg
[2022-01-25 11:32:32,762] {logging_mixin.py:104} INFO - pikachu_103.jpeg
[2022-01-25 11:32:32,762] {logging_mixin.py:104} INFO - pikachu_103.png
[2022-01-25 11:32:32,763] {logging_mixin.py:104} INFO - pikachu_104.jpeg
[2022-01-25 11:32:32,764] {logging_mixin.py:104} INFO - pikachu_105.jpeg
[2022-01-25 11:32:32,765] {logging_mixin.py:104} INFO - pikachu_106.jpeg
[2022-01-25 11:32:32,766] {logging_mixin.py:104} INFO - pikachu_107.jpeg
[2022-01-25 11:32:32,768] {logging_mixin.py:104} INFO - pikachu_108.jpeg
[2022-01-25 11:32:32,769] {logging_mixin.py:104} INFO - pikachu_109.jpeg
[2022-01-25 11:32:32,770] {logging_mixin.py:104} INFO - pikachu_11.jpeg
[2022-01-25 11:32:32,770] {logging_mixin.py:104} INFO - pikachu_110.jpeg
[2022-01-25 11:32:32,771] {logging_mixin.py:104} INFO - pikachu_111.jpeg
[2022-01-25 11:32:32,772] {logging_mixin.py:104} INFO - pikachu_112.jpeg
[2022-01-25 11:32:32,774] {logging_mixin.py:104} INFO - pikachu_113.jpeg
[2022-01-25 11:32:32,774] {logging_mixin.py:104} INFO - pikachu_114.jpeg
[2022-01-25 11:32:32,776] {logging_mixin.py:104} INFO - pikachu_114.png
[2022-01-25 11:32:32,777] {logging_mixin.py:104} INFO - pikachu_115.jpeg
[2022-01-25 11:32:32,778] {logging_mixin.py:104} INFO - pikachu_116.jpeg
[2022-01-25 11:32:32,780] {logging_mixin.py:104} INFO - pikachu_116.png
[2022-01-25 11:32:32,781] {logging_mixin.py:104} INFO - pikachu_117.jpeg
[2022-01-25 11:32:32,782] {logging_mixin.py:104} INFO - pikachu_118.jpeg
[2022-01-25 11:32:32,783] {logging_mixin.py:104} INFO - pikachu_119.jpeg
[2022-01-25 11:32:32,783] {logging_mixin.py:104} INFO - pikachu_12.jpeg
[2022-01-25 11:32:32,784] {logging_mixin.py:104} INFO - pikachu_120.jpeg
[2022-01-25 11:32:32,785] {logging_mixin.py:104} INFO - pikachu_120.png
[2022-01-25 11:32:32,785] {logging_mixin.py:104} INFO - pikachu_121.jpeg
[2022-01-25 11:32:32,786] {logging_mixin.py:104} INFO - pikachu_122.jpeg
[2022-01-25 11:32:32,787] {logging_mixin.py:104} INFO - pikachu_123.jpeg
[2022-01-25 11:32:32,787] {logging_mixin.py:104} INFO - pikachu_123.png
[2022-01-25 11:32:32,788] {logging_mixin.py:104} INFO - pikachu_124.jpeg
[2022-01-25 11:32:32,788] {logging_mixin.py:104} INFO - pikachu_125.jpeg
[2022-01-25 11:32:32,789] {logging_mixin.py:104} INFO - pikachu_125.png
[2022-01-25 11:32:32,789] {logging_mixin.py:104} INFO - pikachu_126.jpeg
[2022-01-25 11:32:32,790] {logging_mixin.py:104} INFO - pikachu_127.jpeg
[2022-01-25 11:32:32,791] {logging_mixin.py:104} INFO - pikachu_128.jpeg
[2022-01-25 11:32:32,791] {logging_mixin.py:104} INFO - pikachu_129.jpeg
[2022-01-25 11:32:32,792] {logging_mixin.py:104} INFO - pikachu_13.jpeg
[2022-01-25 11:32:32,792] {logging_mixin.py:104} INFO - pikachu_130.jpeg
[2022-01-25 11:32:32,793] {logging_mixin.py:104} INFO - pikachu_131.jpeg
[2022-01-25 11:32:32,794] {logging_mixin.py:104} INFO - pikachu_132.jpeg
[2022-01-25 11:32:32,794] {logging_mixin.py:104} INFO - pikachu_132.png
[2022-01-25 11:32:32,795] {logging_mixin.py:104} INFO - pikachu_133.jpeg
[2022-01-25 11:32:32,796] {logging_mixin.py:104} INFO - pikachu_134.jpeg
[2022-01-25 11:32:32,796] {logging_mixin.py:104} INFO - pikachu_134.png
[2022-01-25 11:32:32,797] {logging_mixin.py:104} INFO - pikachu_135.jpeg
[2022-01-25 11:32:32,797] {logging_mixin.py:104} INFO - pikachu_135.png
[2022-01-25 11:32:32,798] {logging_mixin.py:104} INFO - pikachu_136.jpeg
[2022-01-25 11:32:32,798] {logging_mixin.py:104} INFO - pikachu_137.jpeg
[2022-01-25 11:32:32,799] {logging_mixin.py:104} INFO - pikachu_137.png
[2022-01-25 11:32:32,799] {logging_mixin.py:104} INFO - pikachu_138.jpeg
[2022-01-25 11:32:32,800] {logging_mixin.py:104} INFO - pikachu_138.png
[2022-01-25 11:32:32,800] {logging_mixin.py:104} INFO - pikachu_139.jpeg
[2022-01-25 11:32:32,801] {logging_mixin.py:104} INFO - pikachu_14.jpeg
[2022-01-25 11:32:32,801] {logging_mixin.py:104} INFO - pikachu_14.png
[2022-01-25 11:32:32,802] {logging_mixin.py:104} INFO - pikachu_140.jpeg
[2022-01-25 11:32:32,802] {logging_mixin.py:104} INFO - pikachu_140.png
[2022-01-25 11:32:32,803] {logging_mixin.py:104} INFO - pikachu_141.jpeg
[2022-01-25 11:32:32,803] {logging_mixin.py:104} INFO - pikachu_141.png
[2022-01-25 11:32:32,804] {logging_mixin.py:104} INFO - pikachu_142.jpeg
[2022-01-25 11:32:32,804] {logging_mixin.py:104} INFO - pikachu_142.png
[2022-01-25 11:32:32,805] {logging_mixin.py:104} INFO - pikachu_143.jpeg
[2022-01-25 11:32:32,805] {logging_mixin.py:104} INFO - pikachu_143.png
[2022-01-25 11:32:32,806] {logging_mixin.py:104} INFO - pikachu_144.jpeg
[2022-01-25 11:32:32,806] {logging_mixin.py:104} INFO - pikachu_144.png
[2022-01-25 11:32:32,807] {logging_mixin.py:104} INFO - pikachu_145.jpeg
[2022-01-25 11:32:32,808] {logging_mixin.py:104} INFO - pikachu_145.png
[2022-01-25 11:32:32,810] {logging_mixin.py:104} INFO - pikachu_146.jpeg
[2022-01-25 11:32:32,812] {logging_mixin.py:104} INFO - pikachu_146.png
[2022-01-25 11:32:32,813] {logging_mixin.py:104} INFO - pikachu_147.jpeg
[2022-01-25 11:32:32,813] {logging_mixin.py:104} INFO - pikachu_147.png
[2022-01-25 11:32:32,814] {logging_mixin.py:104} INFO - pikachu_148.jpeg
[2022-01-25 11:32:32,814] {logging_mixin.py:104} INFO - pikachu_149.jpeg
[2022-01-25 11:32:32,815] {logging_mixin.py:104} INFO - pikachu_149.png
[2022-01-25 11:32:32,815] {logging_mixin.py:104} INFO - pikachu_15.jpeg
[2022-01-25 11:32:32,816] {logging_mixin.py:104} INFO - pikachu_15.png
[2022-01-25 11:32:32,817] {logging_mixin.py:104} INFO - pikachu_150.jpeg
[2022-01-25 11:32:32,817] {logging_mixin.py:104} INFO - pikachu_150.png
[2022-01-25 11:32:32,818] {logging_mixin.py:104} INFO - pikachu_151.jpeg
[2022-01-25 11:32:32,818] {logging_mixin.py:104} INFO - pikachu_152.jpeg
[2022-01-25 11:32:32,819] {logging_mixin.py:104} INFO - pikachu_153.jpeg
[2022-01-25 11:32:32,820] {logging_mixin.py:104} INFO - pikachu_153.png
[2022-01-25 11:32:32,820] {logging_mixin.py:104} INFO - pikachu_154.jpeg
[2022-01-25 11:32:32,821] {logging_mixin.py:104} INFO - pikachu_155.jpeg
[2022-01-25 11:32:32,822] {logging_mixin.py:104} INFO - pikachu_156.jpeg
[2022-01-25 11:32:32,822] {logging_mixin.py:104} INFO - pikachu_157.jpeg
[2022-01-25 11:32:32,823] {logging_mixin.py:104} INFO - pikachu_158.jpeg
[2022-01-25 11:32:32,823] {logging_mixin.py:104} INFO - pikachu_159.jpeg
[2022-01-25 11:32:32,824] {logging_mixin.py:104} INFO - pikachu_159.png
[2022-01-25 11:32:32,824] {logging_mixin.py:104} INFO - pikachu_16.jpeg
[2022-01-25 11:32:32,826] {logging_mixin.py:104} INFO - pikachu_16.png
[2022-01-25 11:32:32,826] {logging_mixin.py:104} INFO - pikachu_160.jpeg
[2022-01-25 11:32:32,827] {logging_mixin.py:104} INFO - pikachu_160.png
[2022-01-25 11:32:32,827] {logging_mixin.py:104} INFO - pikachu_161.jpeg
[2022-01-25 11:32:32,829] {logging_mixin.py:104} INFO - pikachu_162.jpeg
[2022-01-25 11:32:32,830] {logging_mixin.py:104} INFO - pikachu_162.png
[2022-01-25 11:32:32,831] {logging_mixin.py:104} INFO - pikachu_163.jpeg
[2022-01-25 11:32:32,831] {logging_mixin.py:104} INFO - pikachu_163.png
[2022-01-25 11:32:32,832] {logging_mixin.py:104} INFO - pikachu_164.jpeg
[2022-01-25 11:32:32,832] {logging_mixin.py:104} INFO - pikachu_165.jpeg
[2022-01-25 11:32:32,833] {logging_mixin.py:104} INFO - pikachu_166.jpeg
[2022-01-25 11:32:32,833] {logging_mixin.py:104} INFO - pikachu_167.jpeg
[2022-01-25 11:32:32,834] {logging_mixin.py:104} INFO - pikachu_168.jpeg
[2022-01-25 11:32:32,834] {logging_mixin.py:104} INFO - pikachu_168.png
[2022-01-25 11:32:32,835] {logging_mixin.py:104} INFO - pikachu_169.jpeg
[2022-01-25 11:32:32,835] {logging_mixin.py:104} INFO - pikachu_169.png
[2022-01-25 11:32:32,836] {logging_mixin.py:104} INFO - pikachu_17.jpeg
[2022-01-25 11:32:32,837] {logging_mixin.py:104} INFO - pikachu_17.png
[2022-01-25 11:32:32,837] {logging_mixin.py:104} INFO - pikachu_170.jpeg
[2022-01-25 11:32:32,838] {logging_mixin.py:104} INFO - pikachu_171.jpeg
[2022-01-25 11:32:32,838] {logging_mixin.py:104} INFO - pikachu_172.jpeg
[2022-01-25 11:32:32,840] {logging_mixin.py:104} INFO - pikachu_173.jpeg
[2022-01-25 11:32:32,844] {logging_mixin.py:104} INFO - pikachu_173.png
[2022-01-25 11:32:32,846] {logging_mixin.py:104} INFO - pikachu_174.jpeg
[2022-01-25 11:32:32,846] {logging_mixin.py:104} INFO - pikachu_175.jpeg
[2022-01-25 11:32:32,848] {logging_mixin.py:104} INFO - pikachu_176.jpeg
[2022-01-25 11:32:32,848] {logging_mixin.py:104} INFO - pikachu_177.jpeg
[2022-01-25 11:32:32,849] {logging_mixin.py:104} INFO - pikachu_178.jpeg
[2022-01-25 11:32:32,850] {logging_mixin.py:104} INFO - pikachu_179.jpeg
[2022-01-25 11:32:32,850] {logging_mixin.py:104} INFO - pikachu_18.jpeg
[2022-01-25 11:32:32,851] {logging_mixin.py:104} INFO - pikachu_18.png
[2022-01-25 11:32:32,851] {logging_mixin.py:104} INFO - pikachu_180.jpeg
[2022-01-25 11:32:32,852] {logging_mixin.py:104} INFO - pikachu_181.png
[2022-01-25 11:32:32,854] {logging_mixin.py:104} INFO - pikachu_182.jpeg
[2022-01-25 11:32:32,855] {logging_mixin.py:104} INFO - pikachu_183.jpeg
[2022-01-25 11:32:32,859] {logging_mixin.py:104} INFO - pikachu_184.jpeg
[2022-01-25 11:32:32,860] {logging_mixin.py:104} INFO - pikachu_185.jpeg
[2022-01-25 11:32:32,861] {logging_mixin.py:104} INFO - pikachu_185.png
[2022-01-25 11:32:32,863] {logging_mixin.py:104} INFO - pikachu_186.jpeg
[2022-01-25 11:32:32,864] {logging_mixin.py:104} INFO - pikachu_186.png
[2022-01-25 11:32:32,865] {logging_mixin.py:104} INFO - pikachu_187.jpeg
[2022-01-25 11:32:32,865] {logging_mixin.py:104} INFO - pikachu_188.jpeg
[2022-01-25 11:32:32,866] {logging_mixin.py:104} INFO - pikachu_189.jpeg
[2022-01-25 11:32:32,866] {logging_mixin.py:104} INFO - pikachu_19.jpeg
[2022-01-25 11:32:32,869] {logging_mixin.py:104} INFO - pikachu_19.png
[2022-01-25 11:32:32,872] {logging_mixin.py:104} INFO - pikachu_190.jpeg
[2022-01-25 11:32:32,873] {logging_mixin.py:104} INFO - pikachu_190.png
[2022-01-25 11:32:32,874] {logging_mixin.py:104} INFO - pikachu_191.jpeg
[2022-01-25 11:32:32,875] {logging_mixin.py:104} INFO - pikachu_192.jpeg
[2022-01-25 11:32:32,876] {logging_mixin.py:104} INFO - pikachu_193.jpeg
[2022-01-25 11:32:32,877] {logging_mixin.py:104} INFO - pikachu_194.jpeg
[2022-01-25 11:32:32,878] {logging_mixin.py:104} INFO - pikachu_195.png
[2022-01-25 11:32:32,879] {logging_mixin.py:104} INFO - pikachu_196.jpeg
[2022-01-25 11:32:32,880] {logging_mixin.py:104} INFO - pikachu_196.png
[2022-01-25 11:32:32,881] {logging_mixin.py:104} INFO - pikachu_197.jpeg
[2022-01-25 11:32:32,881] {logging_mixin.py:104} INFO - pikachu_198.jpeg
[2022-01-25 11:32:32,882] {logging_mixin.py:104} INFO - pikachu_199.jpeg
[2022-01-25 11:32:32,882] {logging_mixin.py:104} INFO - pikachu_2.png
[2022-01-25 11:32:32,884] {logging_mixin.py:104} INFO - pikachu_20.jpeg
[2022-01-25 11:32:32,886] {logging_mixin.py:104} INFO - pikachu_20.png
[2022-01-25 11:32:32,887] {logging_mixin.py:104} INFO - pikachu_200.jpeg
[2022-01-25 11:32:32,890] {logging_mixin.py:104} INFO - pikachu_200.png
[2022-01-25 11:32:32,891] {logging_mixin.py:104} INFO - pikachu_201.jpeg
[2022-01-25 11:32:32,893] {logging_mixin.py:104} INFO - pikachu_201.png
[2022-01-25 11:32:32,894] {logging_mixin.py:104} INFO - pikachu_202.jpeg
[2022-01-25 11:32:32,895] {logging_mixin.py:104} INFO - pikachu_203.jpeg
[2022-01-25 11:32:32,895] {logging_mixin.py:104} INFO - pikachu_204.jpeg
[2022-01-25 11:32:32,896] {logging_mixin.py:104} INFO - pikachu_205.jpeg
[2022-01-25 11:32:32,896] {logging_mixin.py:104} INFO - pikachu_206.jpeg
[2022-01-25 11:32:32,897] {logging_mixin.py:104} INFO - pikachu_207.jpeg
[2022-01-25 11:32:32,898] {logging_mixin.py:104} INFO - pikachu_208.jpeg
[2022-01-25 11:32:32,899] {logging_mixin.py:104} INFO - pikachu_209.jpeg
[2022-01-25 11:32:32,900] {logging_mixin.py:104} INFO - pikachu_21.jpeg
[2022-01-25 11:32:32,901] {logging_mixin.py:104} INFO - pikachu_21.png
[2022-01-25 11:32:32,901] {logging_mixin.py:104} INFO - pikachu_210.jpeg
[2022-01-25 11:32:32,902] {logging_mixin.py:104} INFO - pikachu_211.jpeg
[2022-01-25 11:32:32,903] {logging_mixin.py:104} INFO - pikachu_211.png
[2022-01-25 11:32:32,904] {logging_mixin.py:104} INFO - pikachu_212.jpeg
[2022-01-25 11:32:32,905] {logging_mixin.py:104} INFO - pikachu_212.png
[2022-01-25 11:32:32,906] {logging_mixin.py:104} INFO - pikachu_213.jpeg
[2022-01-25 11:32:32,908] {logging_mixin.py:104} INFO - pikachu_213.png
[2022-01-25 11:32:32,909] {logging_mixin.py:104} INFO - pikachu_214.jpeg
[2022-01-25 11:32:32,911] {logging_mixin.py:104} INFO - pikachu_215.jpeg
[2022-01-25 11:32:32,911] {logging_mixin.py:104} INFO - pikachu_215.png
[2022-01-25 11:32:32,912] {logging_mixin.py:104} INFO - pikachu_216.jpeg
[2022-01-25 11:32:32,912] {logging_mixin.py:104} INFO - pikachu_216.png
[2022-01-25 11:32:32,913] {logging_mixin.py:104} INFO - pikachu_217.jpeg
[2022-01-25 11:32:32,914] {logging_mixin.py:104} INFO - pikachu_217.png
[2022-01-25 11:32:32,914] {logging_mixin.py:104} INFO - pikachu_218.jpeg
[2022-01-25 11:32:32,915] {logging_mixin.py:104} INFO - pikachu_219.jpeg
[2022-01-25 11:32:32,915] {logging_mixin.py:104} INFO - pikachu_219.png
[2022-01-25 11:32:32,916] {logging_mixin.py:104} INFO - pikachu_22.jpeg
[2022-01-25 11:32:32,917] {logging_mixin.py:104} INFO - pikachu_220.jpeg
[2022-01-25 11:32:32,917] {logging_mixin.py:104} INFO - pikachu_220.png
[2022-01-25 11:32:32,917] {logging_mixin.py:104} INFO - pikachu_221.jpeg
[2022-01-25 11:32:32,918] {logging_mixin.py:104} INFO - pikachu_222.jpeg
[2022-01-25 11:32:32,918] {logging_mixin.py:104} INFO - pikachu_223.jpeg
[2022-01-25 11:32:32,919] {logging_mixin.py:104} INFO - pikachu_224.jpeg
[2022-01-25 11:32:32,919] {logging_mixin.py:104} INFO - pikachu_225.jpeg
[2022-01-25 11:32:32,920] {logging_mixin.py:104} INFO - pikachu_226.jpeg
[2022-01-25 11:32:32,920] {logging_mixin.py:104} INFO - pikachu_226.png
[2022-01-25 11:32:32,921] {logging_mixin.py:104} INFO - pikachu_227.jpeg
[2022-01-25 11:32:32,922] {logging_mixin.py:104} INFO - pikachu_227.png
[2022-01-25 11:32:32,922] {logging_mixin.py:104} INFO - pikachu_228.jpeg
[2022-01-25 11:32:32,927] {logging_mixin.py:104} INFO - pikachu_228.png
[2022-01-25 11:32:32,929] {logging_mixin.py:104} INFO - pikachu_229.jpeg
[2022-01-25 11:32:32,930] {logging_mixin.py:104} INFO - pikachu_229.png
[2022-01-25 11:32:32,930] {logging_mixin.py:104} INFO - pikachu_23.jpeg
[2022-01-25 11:32:32,931] {logging_mixin.py:104} INFO - pikachu_230.jpeg
[2022-01-25 11:32:32,931] {logging_mixin.py:104} INFO - pikachu_230.png
[2022-01-25 11:32:32,932] {logging_mixin.py:104} INFO - pikachu_231.jpeg
[2022-01-25 11:32:32,933] {logging_mixin.py:104} INFO - pikachu_232.jpeg
[2022-01-25 11:32:32,933] {logging_mixin.py:104} INFO - pikachu_233.jpeg
[2022-01-25 11:32:32,934] {logging_mixin.py:104} INFO - pikachu_234.jpeg
[2022-01-25 11:32:32,934] {logging_mixin.py:104} INFO - pikachu_234.png
[2022-01-25 11:32:32,934] {logging_mixin.py:104} INFO - pikachu_235.jpeg
[2022-01-25 11:32:32,935] {logging_mixin.py:104} INFO - pikachu_236.jpeg
[2022-01-25 11:32:32,936] {logging_mixin.py:104} INFO - pikachu_237.jpeg
[2022-01-25 11:32:32,937] {logging_mixin.py:104} INFO - pikachu_238.jpeg
[2022-01-25 11:32:32,937] {logging_mixin.py:104} INFO - pikachu_239.jpeg
[2022-01-25 11:32:32,938] {logging_mixin.py:104} INFO - pikachu_239.png
[2022-01-25 11:32:32,939] {logging_mixin.py:104} INFO - pikachu_24.jpeg
[2022-01-25 11:32:32,939] {logging_mixin.py:104} INFO - pikachu_240.jpeg
[2022-01-25 11:32:32,940] {logging_mixin.py:104} INFO - pikachu_241.jpeg
[2022-01-25 11:32:32,941] {logging_mixin.py:104} INFO - pikachu_241.png
[2022-01-25 11:32:32,942] {logging_mixin.py:104} INFO - pikachu_242.jpeg
[2022-01-25 11:32:32,942] {logging_mixin.py:104} INFO - pikachu_242.png
[2022-01-25 11:32:32,943] {logging_mixin.py:104} INFO - pikachu_243.jpeg
[2022-01-25 11:32:32,944] {logging_mixin.py:104} INFO - pikachu_243.png
[2022-01-25 11:32:32,944] {logging_mixin.py:104} INFO - pikachu_244.png
[2022-01-25 11:32:32,945] {logging_mixin.py:104} INFO - pikachu_245.jpeg
[2022-01-25 11:32:32,946] {logging_mixin.py:104} INFO - pikachu_246.jpeg
[2022-01-25 11:32:32,947] {logging_mixin.py:104} INFO - pikachu_247.jpeg
[2022-01-25 11:32:32,948] {logging_mixin.py:104} INFO - pikachu_248.jpeg
[2022-01-25 11:32:32,949] {logging_mixin.py:104} INFO - pikachu_248.png
[2022-01-25 11:32:32,949] {logging_mixin.py:104} INFO - pikachu_249.jpeg
[2022-01-25 11:32:32,950] {logging_mixin.py:104} INFO - pikachu_249.png
[2022-01-25 11:32:32,951] {logging_mixin.py:104} INFO - pikachu_25.jpeg
[2022-01-25 11:32:32,951] {logging_mixin.py:104} INFO - pikachu_25.png
[2022-01-25 11:32:32,952] {logging_mixin.py:104} INFO - pikachu_250.jpeg
[2022-01-25 11:32:32,953] {logging_mixin.py:104} INFO - pikachu_251.jpeg
[2022-01-25 11:32:32,953] {logging_mixin.py:104} INFO - pikachu_252.jpeg
[2022-01-25 11:32:32,954] {logging_mixin.py:104} INFO - pikachu_253.jpeg
[2022-01-25 11:32:32,954] {logging_mixin.py:104} INFO - pikachu_254.jpeg
[2022-01-25 11:32:32,955] {logging_mixin.py:104} INFO - pikachu_255.jpeg
[2022-01-25 11:32:32,956] {logging_mixin.py:104} INFO - pikachu_256.jpeg
[2022-01-25 11:32:32,956] {logging_mixin.py:104} INFO - pikachu_257.jpeg
[2022-01-25 11:32:32,957] {logging_mixin.py:104} INFO - pikachu_258.jpeg
[2022-01-25 11:32:32,958] {logging_mixin.py:104} INFO - pikachu_259.jpeg
[2022-01-25 11:32:32,959] {logging_mixin.py:104} INFO - pikachu_259.png
[2022-01-25 11:32:32,960] {logging_mixin.py:104} INFO - pikachu_26.jpeg
[2022-01-25 11:32:32,961] {logging_mixin.py:104} INFO - pikachu_26.png
[2022-01-25 11:32:32,962] {logging_mixin.py:104} INFO - pikachu_260.jpeg
[2022-01-25 11:32:32,962] {logging_mixin.py:104} INFO - pikachu_260.png
[2022-01-25 11:32:32,963] {logging_mixin.py:104} INFO - pikachu_261.jpeg
[2022-01-25 11:32:32,964] {logging_mixin.py:104} INFO - pikachu_262.jpeg
[2022-01-25 11:32:32,965] {logging_mixin.py:104} INFO - pikachu_263.jpeg
[2022-01-25 11:32:32,965] {logging_mixin.py:104} INFO - pikachu_263.png
[2022-01-25 11:32:32,966] {logging_mixin.py:104} INFO - pikachu_264.jpeg
[2022-01-25 11:32:32,967] {logging_mixin.py:104} INFO - pikachu_264.png
[2022-01-25 11:32:32,967] {logging_mixin.py:104} INFO - pikachu_265.jpeg
[2022-01-25 11:32:32,968] {logging_mixin.py:104} INFO - pikachu_266.jpeg
[2022-01-25 11:32:32,968] {logging_mixin.py:104} INFO - pikachu_266.png
[2022-01-25 11:32:32,969] {logging_mixin.py:104} INFO - pikachu_267.jpeg
[2022-01-25 11:32:32,969] {logging_mixin.py:104} INFO - pikachu_268.jpeg
[2022-01-25 11:32:32,970] {logging_mixin.py:104} INFO - pikachu_268.png
[2022-01-25 11:32:32,972] {logging_mixin.py:104} INFO - pikachu_269.jpeg
[2022-01-25 11:32:32,972] {logging_mixin.py:104} INFO - pikachu_269.png
[2022-01-25 11:32:32,973] {logging_mixin.py:104} INFO - pikachu_27.jpeg
[2022-01-25 11:32:32,974] {logging_mixin.py:104} INFO - pikachu_27.png
[2022-01-25 11:32:32,978] {logging_mixin.py:104} INFO - pikachu_270.jpeg
[2022-01-25 11:32:32,980] {logging_mixin.py:104} INFO - pikachu_271.jpeg
[2022-01-25 11:32:32,980] {logging_mixin.py:104} INFO - pikachu_272.jpeg
[2022-01-25 11:32:32,981] {logging_mixin.py:104} INFO - pikachu_273.jpeg
[2022-01-25 11:32:32,981] {logging_mixin.py:104} INFO - pikachu_274.jpeg
[2022-01-25 11:32:32,982] {logging_mixin.py:104} INFO - pikachu_275.jpeg
[2022-01-25 11:32:32,983] {logging_mixin.py:104} INFO - pikachu_276.jpeg
[2022-01-25 11:32:32,984] {logging_mixin.py:104} INFO - pikachu_276.png
[2022-01-25 11:32:32,986] {logging_mixin.py:104} INFO - pikachu_277.jpeg
[2022-01-25 11:32:32,987] {logging_mixin.py:104} INFO - pikachu_277.png
[2022-01-25 11:32:32,988] {logging_mixin.py:104} INFO - pikachu_278.jpeg
[2022-01-25 11:32:32,989] {logging_mixin.py:104} INFO - pikachu_279.jpeg
[2022-01-25 11:32:32,990] {logging_mixin.py:104} INFO - pikachu_279.png
[2022-01-25 11:32:32,990] {logging_mixin.py:104} INFO - pikachu_28.jpeg
[2022-01-25 11:32:32,991] {logging_mixin.py:104} INFO - pikachu_28.png
[2022-01-25 11:32:32,992] {logging_mixin.py:104} INFO - pikachu_280.jpeg
[2022-01-25 11:32:32,992] {logging_mixin.py:104} INFO - pikachu_281.jpeg
[2022-01-25 11:32:32,992] {logging_mixin.py:104} INFO - pikachu_282.jpeg
[2022-01-25 11:32:32,993] {logging_mixin.py:104} INFO - pikachu_283.jpeg
[2022-01-25 11:32:32,993] {logging_mixin.py:104} INFO - pikachu_284.jpeg
[2022-01-25 11:32:32,994] {logging_mixin.py:104} INFO - pikachu_285.jpeg
[2022-01-25 11:32:32,995] {logging_mixin.py:104} INFO - pikachu_285.png
[2022-01-25 11:32:32,996] {logging_mixin.py:104} INFO - pikachu_286.jpeg
[2022-01-25 11:32:32,997] {logging_mixin.py:104} INFO - pikachu_287.jpeg
[2022-01-25 11:32:32,998] {logging_mixin.py:104} INFO - pikachu_288.jpeg
[2022-01-25 11:32:32,998] {logging_mixin.py:104} INFO - pikachu_289.jpeg
[2022-01-25 11:32:32,999] {logging_mixin.py:104} INFO - pikachu_289.png
[2022-01-25 11:32:33,000] {logging_mixin.py:104} INFO - pikachu_29.jpeg
[2022-01-25 11:32:33,009] {logging_mixin.py:104} INFO - pikachu_29.png
[2022-01-25 11:32:33,010] {logging_mixin.py:104} INFO - pikachu_290.jpeg
[2022-01-25 11:32:33,011] {logging_mixin.py:104} INFO - pikachu_291.jpeg
[2022-01-25 11:32:33,011] {logging_mixin.py:104} INFO - pikachu_292.png
[2022-01-25 11:32:33,012] {logging_mixin.py:104} INFO - pikachu_293.png
[2022-01-25 11:32:33,013] {logging_mixin.py:104} INFO - pikachu_294.jpeg
[2022-01-25 11:32:33,013] {logging_mixin.py:104} INFO - pikachu_295.jpeg
[2022-01-25 11:32:33,014] {logging_mixin.py:104} INFO - pikachu_296.jpeg
[2022-01-25 11:32:33,014] {logging_mixin.py:104} INFO - pikachu_297.png
[2022-01-25 11:32:33,015] {logging_mixin.py:104} INFO - pikachu_298.jpeg
[2022-01-25 11:32:33,015] {logging_mixin.py:104} INFO - pikachu_299.jpeg
[2022-01-25 11:32:33,016] {logging_mixin.py:104} INFO - pikachu_3.png
[2022-01-25 11:32:33,016] {logging_mixin.py:104} INFO - pikachu_30.jpeg
[2022-01-25 11:32:33,017] {logging_mixin.py:104} INFO - pikachu_30.png
[2022-01-25 11:32:33,017] {logging_mixin.py:104} INFO - pikachu_300.jpeg
[2022-01-25 11:32:33,018] {logging_mixin.py:104} INFO - pikachu_301.jpeg
[2022-01-25 11:32:33,018] {logging_mixin.py:104} INFO - pikachu_302.jpeg
[2022-01-25 11:32:33,019] {logging_mixin.py:104} INFO - pikachu_303.jpeg
[2022-01-25 11:32:33,020] {logging_mixin.py:104} INFO - pikachu_304.jpeg
[2022-01-25 11:32:33,020] {logging_mixin.py:104} INFO - pikachu_305.jpeg
[2022-01-25 11:32:33,025] {logging_mixin.py:104} INFO - pikachu_306.jpeg
[2022-01-25 11:32:33,028] {logging_mixin.py:104} INFO - pikachu_307.jpeg
[2022-01-25 11:32:33,030] {logging_mixin.py:104} INFO - pikachu_308.jpeg
[2022-01-25 11:32:33,031] {logging_mixin.py:104} INFO - pikachu_309.jpeg
[2022-01-25 11:32:33,032] {logging_mixin.py:104} INFO - pikachu_31.jpeg
[2022-01-25 11:32:33,033] {logging_mixin.py:104} INFO - pikachu_310.jpeg
[2022-01-25 11:32:33,033] {logging_mixin.py:104} INFO - pikachu_311.jpeg
[2022-01-25 11:32:33,034] {logging_mixin.py:104} INFO - pikachu_312.png
[2022-01-25 11:32:33,034] {logging_mixin.py:104} INFO - pikachu_313.jpeg
[2022-01-25 11:32:33,035] {logging_mixin.py:104} INFO - pikachu_314.jpeg
[2022-01-25 11:32:33,035] {logging_mixin.py:104} INFO - pikachu_315.jpeg
[2022-01-25 11:32:33,036] {logging_mixin.py:104} INFO - pikachu_316.jpeg
[2022-01-25 11:32:33,036] {logging_mixin.py:104} INFO - pikachu_317.jpeg
[2022-01-25 11:32:33,036] {logging_mixin.py:104} INFO - pikachu_318.jpeg
[2022-01-25 11:32:33,037] {logging_mixin.py:104} INFO - pikachu_319.jpeg
[2022-01-25 11:32:33,037] {logging_mixin.py:104} INFO - pikachu_32.jpeg
[2022-01-25 11:32:33,038] {logging_mixin.py:104} INFO - pikachu_32.png
[2022-01-25 11:32:33,039] {logging_mixin.py:104} INFO - pikachu_320.jpeg
[2022-01-25 11:32:33,039] {logging_mixin.py:104} INFO - pikachu_321.jpeg
[2022-01-25 11:32:33,040] {logging_mixin.py:104} INFO - pikachu_322.jpeg
[2022-01-25 11:32:33,040] {logging_mixin.py:104} INFO - pikachu_323.jpeg
[2022-01-25 11:32:33,041] {logging_mixin.py:104} INFO - pikachu_324.png
[2022-01-25 11:32:33,041] {logging_mixin.py:104} INFO - pikachu_326.jpeg
[2022-01-25 11:32:33,042] {logging_mixin.py:104} INFO - pikachu_327.jpeg
[2022-01-25 11:32:33,042] {logging_mixin.py:104} INFO - pikachu_328.jpeg
[2022-01-25 11:32:33,043] {logging_mixin.py:104} INFO - pikachu_329.jpeg
[2022-01-25 11:32:33,043] {logging_mixin.py:104} INFO - pikachu_33.jpeg
[2022-01-25 11:32:33,050] {logging_mixin.py:104} INFO - pikachu_33.png
[2022-01-25 11:32:33,051] {logging_mixin.py:104} INFO - pikachu_330.jpeg
[2022-01-25 11:32:33,051] {logging_mixin.py:104} INFO - pikachu_331.jpeg
[2022-01-25 11:32:33,052] {logging_mixin.py:104} INFO - pikachu_332.jpeg
[2022-01-25 11:32:33,053] {logging_mixin.py:104} INFO - pikachu_333.jpeg
[2022-01-25 11:32:33,053] {logging_mixin.py:104} INFO - pikachu_334.jpeg
[2022-01-25 11:32:33,054] {logging_mixin.py:104} INFO - pikachu_335.jpeg
[2022-01-25 11:32:33,054] {logging_mixin.py:104} INFO - pikachu_336.jpeg
[2022-01-25 11:32:33,055] {logging_mixin.py:104} INFO - pikachu_337.jpeg
[2022-01-25 11:32:33,055] {logging_mixin.py:104} INFO - pikachu_338.jpeg
[2022-01-25 11:32:33,056] {logging_mixin.py:104} INFO - pikachu_34.jpeg
[2022-01-25 11:32:33,056] {logging_mixin.py:104} INFO - pikachu_34.png
[2022-01-25 11:32:33,057] {logging_mixin.py:104} INFO - pikachu_35.jpeg
[2022-01-25 11:32:33,057] {logging_mixin.py:104} INFO - pikachu_35.png
[2022-01-25 11:32:33,058] {logging_mixin.py:104} INFO - pikachu_36.jpeg
[2022-01-25 11:32:33,058] {logging_mixin.py:104} INFO - pikachu_37.jpeg
[2022-01-25 11:32:33,059] {logging_mixin.py:104} INFO - pikachu_38.jpeg
[2022-01-25 11:32:33,059] {logging_mixin.py:104} INFO - pikachu_39.jpeg
[2022-01-25 11:32:33,060] {logging_mixin.py:104} INFO - pikachu_4.jpeg
[2022-01-25 11:32:33,060] {logging_mixin.py:104} INFO - pikachu_4.png
[2022-01-25 11:32:33,061] {logging_mixin.py:104} INFO - pikachu_40.jpeg
[2022-01-25 11:32:33,061] {logging_mixin.py:104} INFO - pikachu_41.jpeg
[2022-01-25 11:32:33,062] {logging_mixin.py:104} INFO - pikachu_42.jpeg
[2022-01-25 11:32:33,062] {logging_mixin.py:104} INFO - pikachu_43.jpeg
[2022-01-25 11:32:33,063] {logging_mixin.py:104} INFO - pikachu_44.jpeg
[2022-01-25 11:32:33,063] {logging_mixin.py:104} INFO - pikachu_45.jpeg
[2022-01-25 11:32:33,064] {logging_mixin.py:104} INFO - pikachu_45.png
[2022-01-25 11:32:33,066] {logging_mixin.py:104} INFO - pikachu_46.jpeg
[2022-01-25 11:32:33,066] {logging_mixin.py:104} INFO - pikachu_47.jpeg
[2022-01-25 11:32:33,067] {logging_mixin.py:104} INFO - pikachu_47.png
[2022-01-25 11:32:33,068] {logging_mixin.py:104} INFO - pikachu_48.jpeg
[2022-01-25 11:32:33,069] {logging_mixin.py:104} INFO - pikachu_48.png
[2022-01-25 11:32:33,070] {logging_mixin.py:104} INFO - pikachu_49.jpeg
[2022-01-25 11:32:33,070] {logging_mixin.py:104} INFO - pikachu_5.jpeg
[2022-01-25 11:32:33,071] {logging_mixin.py:104} INFO - pikachu_5.png
[2022-01-25 11:32:33,071] {logging_mixin.py:104} INFO - pikachu_50.jpeg
[2022-01-25 11:32:33,072] {logging_mixin.py:104} INFO - pikachu_50.png
[2022-01-25 11:32:33,072] {logging_mixin.py:104} INFO - pikachu_51.jpeg
[2022-01-25 11:32:33,073] {logging_mixin.py:104} INFO - pikachu_51.png
[2022-01-25 11:32:33,073] {logging_mixin.py:104} INFO - pikachu_52.jpeg
[2022-01-25 11:32:33,073] {logging_mixin.py:104} INFO - pikachu_52.png
[2022-01-25 11:32:33,074] {logging_mixin.py:104} INFO - pikachu_53.jpeg
[2022-01-25 11:32:33,074] {logging_mixin.py:104} INFO - pikachu_53.png
[2022-01-25 11:32:33,075] {logging_mixin.py:104} INFO - pikachu_54.jpeg
[2022-01-25 11:32:33,075] {logging_mixin.py:104} INFO - pikachu_54.png
[2022-01-25 11:32:33,076] {logging_mixin.py:104} INFO - pikachu_55.jpeg
[2022-01-25 11:32:33,076] {logging_mixin.py:104} INFO - pikachu_55.png
[2022-01-25 11:32:33,077] {logging_mixin.py:104} INFO - pikachu_56.jpeg
[2022-01-25 11:32:33,078] {logging_mixin.py:104} INFO - pikachu_56.png
[2022-01-25 11:32:33,078] {logging_mixin.py:104} INFO - pikachu_57.jpeg
[2022-01-25 11:32:33,078] {logging_mixin.py:104} INFO - pikachu_58.jpeg
[2022-01-25 11:32:33,079] {logging_mixin.py:104} INFO - pikachu_59.jpeg
[2022-01-25 11:32:33,079] {logging_mixin.py:104} INFO - pikachu_59.png
[2022-01-25 11:32:33,080] {logging_mixin.py:104} INFO - pikachu_6.jpeg
[2022-01-25 11:32:33,080] {logging_mixin.py:104} INFO - pikachu_60.jpeg
[2022-01-25 11:32:33,081] {logging_mixin.py:104} INFO - pikachu_60.png
[2022-01-25 11:32:33,082] {logging_mixin.py:104} INFO - pikachu_61.jpeg
[2022-01-25 11:32:33,082] {logging_mixin.py:104} INFO - pikachu_61.png
[2022-01-25 11:32:33,083] {logging_mixin.py:104} INFO - pikachu_62.jpeg
[2022-01-25 11:32:33,083] {logging_mixin.py:104} INFO - pikachu_63.jpeg
[2022-01-25 11:32:33,083] {logging_mixin.py:104} INFO - pikachu_64.jpeg
[2022-01-25 11:32:33,084] {logging_mixin.py:104} INFO - pikachu_65.jpeg
[2022-01-25 11:32:33,085] {logging_mixin.py:104} INFO - pikachu_66.jpeg
[2022-01-25 11:32:33,085] {logging_mixin.py:104} INFO - pikachu_67.jpeg
[2022-01-25 11:32:33,086] {logging_mixin.py:104} INFO - pikachu_68.jpeg
[2022-01-25 11:32:33,086] {logging_mixin.py:104} INFO - pikachu_69.jpeg
[2022-01-25 11:32:33,086] {logging_mixin.py:104} INFO - pikachu_7.png
[2022-01-25 11:32:33,087] {logging_mixin.py:104} INFO - pikachu_70.jpeg
[2022-01-25 11:32:33,087] {logging_mixin.py:104} INFO - pikachu_71.jpeg
[2022-01-25 11:32:33,088] {logging_mixin.py:104} INFO - pikachu_72.jpeg
[2022-01-25 11:32:33,088] {logging_mixin.py:104} INFO - pikachu_72.png
[2022-01-25 11:32:33,089] {logging_mixin.py:104} INFO - pikachu_73.jpeg
[2022-01-25 11:32:33,092] {logging_mixin.py:104} INFO - pikachu_73.png
[2022-01-25 11:32:33,097] {logging_mixin.py:104} INFO - pikachu_74.jpeg
[2022-01-25 11:32:33,099] {logging_mixin.py:104} INFO - pikachu_74.png
[2022-01-25 11:32:33,100] {logging_mixin.py:104} INFO - pikachu_75.jpeg
[2022-01-25 11:32:33,101] {logging_mixin.py:104} INFO - pikachu_76.jpeg
[2022-01-25 11:32:33,101] {logging_mixin.py:104} INFO - pikachu_76.png
[2022-01-25 11:32:33,102] {logging_mixin.py:104} INFO - pikachu_77.jpeg
[2022-01-25 11:32:33,106] {logging_mixin.py:104} INFO - pikachu_77.png
[2022-01-25 11:32:33,108] {logging_mixin.py:104} INFO - pikachu_78.jpeg
[2022-01-25 11:32:33,112] {logging_mixin.py:104} INFO - pikachu_78.png
[2022-01-25 11:32:33,114] {logging_mixin.py:104} INFO - pikachu_79.jpeg
[2022-01-25 11:32:33,115] {logging_mixin.py:104} INFO - pikachu_8.jpeg
[2022-01-25 11:32:33,115] {logging_mixin.py:104} INFO - pikachu_8.png
[2022-01-25 11:32:33,130] {logging_mixin.py:104} INFO - pikachu_80.jpeg
[2022-01-25 11:32:33,134] {logging_mixin.py:104} INFO - pikachu_81.jpeg
[2022-01-25 11:32:33,139] {logging_mixin.py:104} INFO - pikachu_82.jpeg
[2022-01-25 11:32:33,144] {logging_mixin.py:104} INFO - pikachu_83.jpeg
[2022-01-25 11:32:33,151] {logging_mixin.py:104} INFO - pikachu_83.png
[2022-01-25 11:32:33,190] {logging_mixin.py:104} INFO - pikachu_84.jpeg
[2022-01-25 11:32:33,194] {logging_mixin.py:104} INFO - pikachu_84.png
[2022-01-25 11:32:33,196] {logging_mixin.py:104} INFO - pikachu_85.jpeg
[2022-01-25 11:32:33,197] {logging_mixin.py:104} INFO - pikachu_85.png
[2022-01-25 11:32:33,198] {logging_mixin.py:104} INFO - pikachu_86.jpeg
[2022-01-25 11:32:33,199] {logging_mixin.py:104} INFO - pikachu_87.jpeg
[2022-01-25 11:32:33,199] {logging_mixin.py:104} INFO - pikachu_88.jpeg
[2022-01-25 11:32:33,200] {logging_mixin.py:104} INFO - pikachu_89.jpeg
[2022-01-25 11:32:33,200] {logging_mixin.py:104} INFO - pikachu_9.jpeg
[2022-01-25 11:32:33,201] {logging_mixin.py:104} INFO - pikachu_9.png
[2022-01-25 11:32:33,202] {logging_mixin.py:104} INFO - pikachu_90.jpeg
[2022-01-25 11:32:33,203] {logging_mixin.py:104} INFO - pikachu_90.png
[2022-01-25 11:32:33,203] {logging_mixin.py:104} INFO - pikachu_91.jpeg
[2022-01-25 11:32:33,204] {logging_mixin.py:104} INFO - pikachu_91.png
[2022-01-25 11:32:33,204] {logging_mixin.py:104} INFO - pikachu_92.jpeg
[2022-01-25 11:32:33,206] {logging_mixin.py:104} INFO - pikachu_92.png
[2022-01-25 11:32:33,207] {logging_mixin.py:104} INFO - pikachu_93.jpeg
[2022-01-25 11:32:33,207] {logging_mixin.py:104} INFO - pikachu_93.png
[2022-01-25 11:32:33,209] {logging_mixin.py:104} INFO - pikachu_94.jpeg
[2022-01-25 11:32:33,209] {logging_mixin.py:104} INFO - pikachu_94.png
[2022-01-25 11:32:33,210] {logging_mixin.py:104} INFO - pikachu_95.jpeg
[2022-01-25 11:32:33,212] {logging_mixin.py:104} INFO - pikachu_95.png
[2022-01-25 11:32:33,213] {logging_mixin.py:104} INFO - pikachu_96.jpeg
[2022-01-25 11:32:33,215] {logging_mixin.py:104} INFO - pikachu_96.png
[2022-01-25 11:32:33,215] {logging_mixin.py:104} INFO - pikachu_97.jpeg
[2022-01-25 11:32:33,216] {logging_mixin.py:104} INFO - pikachu_97.png
[2022-01-25 11:32:33,216] {logging_mixin.py:104} INFO - pikachu_98.jpeg
[2022-01-25 11:32:33,218] {logging_mixin.py:104} INFO - pikachu_98.png
[2022-01-25 11:32:33,218] {logging_mixin.py:104} INFO - pikachu_99.jpeg
[2022-01-25 11:32:33,219] {logging_mixin.py:104} INFO - --------------ti-----------------------
[2022-01-25 11:32:33,220] {logging_mixin.py:104} INFO - <TaskInstance: classification.check_data_exist 2022-01-25T11:27:24.583418+00:00 [running]>
[2022-01-25 11:32:33,221] {logging_mixin.py:104} INFO - ------------------------------
[2022-01-25 11:32:33,251] {python.py:118} INFO - Done. Returned value was: load_data
[2022-01-25 11:32:33,252] {skipmixin.py:124} INFO - Following branch load_data
[2022-01-25 11:32:33,264] {skipmixin.py:155} INFO - Skipping tasks []
[2022-01-25 11:32:33,329] {taskinstance.py:1166} INFO - Marking task as SUCCESS. dag_id=classification, task_id=check_data_exist, execution_date=20220125T112724, start_date=20220125T113231, end_date=20220125T113233
[2022-01-25 11:32:33,408] {taskinstance.py:1220} INFO - 1 downstream tasks scheduled from follow-on schedule check
[2022-01-25 11:32:33,423] {local_task_job.py:146} INFO - Task exited with return code 0
