[2022-01-25 10:31:26,206] {taskinstance.py:851} INFO - Dependencies all met for <TaskInstance: classification.load_data 2022-01-25T10:26:10.257136+00:00 [queued]>
[2022-01-25 10:31:26,250] {taskinstance.py:851} INFO - Dependencies all met for <TaskInstance: classification.load_data 2022-01-25T10:26:10.257136+00:00 [queued]>
[2022-01-25 10:31:26,251] {taskinstance.py:1042} INFO - 
--------------------------------------------------------------------------------
[2022-01-25 10:31:26,251] {taskinstance.py:1043} INFO - Starting attempt 1 of 2
[2022-01-25 10:31:26,253] {taskinstance.py:1044} INFO - 
--------------------------------------------------------------------------------
[2022-01-25 10:31:26,302] {taskinstance.py:1063} INFO - Executing <Task(PythonOperator): load_data> on 2022-01-25T10:26:10.257136+00:00
[2022-01-25 10:31:26,327] {standard_task_runner.py:52} INFO - Started process 20849 to run task
[2022-01-25 10:31:26,345] {standard_task_runner.py:76} INFO - Running: ['airflow', 'tasks', 'run', 'classification', 'load_data', '2022-01-25T10:26:10.257136+00:00', '--job-id', '77', '--pool', 'default_pool', '--raw', '--subdir', 'DAGS_FOLDER/classification.py', '--cfg-path', '/tmp/tmp53525imh', '--error-file', '/tmp/tmpsgt7eyro']
[2022-01-25 10:31:26,355] {standard_task_runner.py:77} INFO - Job 77: Subtask load_data
[2022-01-25 10:31:26,451] {logging_mixin.py:104} INFO - Running <TaskInstance: classification.load_data 2022-01-25T10:26:10.257136+00:00 [running]> on host 2dc98551bc76
[2022-01-25 10:31:26,514] {taskinstance.py:1257} INFO - Exporting the following env vars:
AIRFLOW_CTX_DAG_OWNER=airflow
AIRFLOW_CTX_DAG_ID=classification
AIRFLOW_CTX_TASK_ID=load_data
AIRFLOW_CTX_EXECUTION_DATE=2022-01-25T10:26:10.257136+00:00
AIRFLOW_CTX_DAG_RUN_ID=scheduled__2022-01-25T10:26:10.257136+00:00
[2022-01-25 10:31:59,011] {python.py:118} INFO - Done. Returned value was: None
[2022-01-25 10:31:59,052] {taskinstance.py:1166} INFO - Marking task as SUCCESS. dag_id=classification, task_id=load_data, execution_date=20220125T102610, start_date=20220125T103126, end_date=20220125T103159
[2022-01-25 10:31:59,150] {taskinstance.py:1220} INFO - 1 downstream tasks scheduled from follow-on schedule check
[2022-01-25 10:31:59,200] {local_task_job.py:146} INFO - Task exited with return code 0
