[2022-01-25 13:45:55,460] {taskinstance.py:851} INFO - Dependencies all met for <TaskInstance: classification.check_data_exist 2022-01-25T13:45:41.648219+00:00 [queued]>
[2022-01-25 13:45:55,536] {taskinstance.py:851} INFO - Dependencies all met for <TaskInstance: classification.check_data_exist 2022-01-25T13:45:41.648219+00:00 [queued]>
[2022-01-25 13:45:55,549] {taskinstance.py:1042} INFO - 
--------------------------------------------------------------------------------
[2022-01-25 13:45:55,550] {taskinstance.py:1043} INFO - Starting attempt 1 of 2
[2022-01-25 13:45:55,551] {taskinstance.py:1044} INFO - 
--------------------------------------------------------------------------------
[2022-01-25 13:45:55,622] {taskinstance.py:1063} INFO - Executing <Task(BranchPythonOperator): check_data_exist> on 2022-01-25T13:45:41.648219+00:00
[2022-01-25 13:45:55,664] {standard_task_runner.py:52} INFO - Started process 129 to run task
[2022-01-25 13:45:55,684] {standard_task_runner.py:76} INFO - Running: ['airflow', 'tasks', 'run', 'classification', 'check_data_exist', '2022-01-25T13:45:41.648219+00:00', '--job-id', '158', '--pool', 'default_pool', '--raw', '--subdir', 'DAGS_FOLDER/classification.py', '--cfg-path', '/tmp/tmp5xvc0p6i', '--error-file', '/tmp/tmpnsiv3x7z']
[2022-01-25 13:45:55,737] {standard_task_runner.py:77} INFO - Job 158: Subtask check_data_exist
[2022-01-25 13:45:55,938] {logging_mixin.py:104} INFO - Running <TaskInstance: classification.check_data_exist 2022-01-25T13:45:41.648219+00:00 [running]> on host 05cddda723d4
[2022-01-25 13:45:56,113] {taskinstance.py:1257} INFO - Exporting the following env vars:
AIRFLOW_CTX_DAG_OWNER=airflow
AIRFLOW_CTX_DAG_ID=classification
AIRFLOW_CTX_TASK_ID=check_data_exist
AIRFLOW_CTX_EXECUTION_DATE=2022-01-25T13:45:41.648219+00:00
AIRFLOW_CTX_DAG_RUN_ID=manual__2022-01-25T13:45:41.648219+00:00
[2022-01-25 13:45:56,406] {logging_mixin.py:104} INFO - bulbasaur_0.jpeg
[2022-01-25 13:45:56,408] {logging_mixin.py:104} INFO - bulbasaur_1.png
[2022-01-25 13:45:56,409] {logging_mixin.py:104} INFO - bulbasaur_10.jpeg
[2022-01-25 13:45:56,411] {logging_mixin.py:104} INFO - bulbasaur_11.png
[2022-01-25 13:45:56,413] {logging_mixin.py:104} INFO - bulbasaur_12.png
[2022-01-25 13:45:56,416] {logging_mixin.py:104} INFO - bulbasaur_13.png
[2022-01-25 13:45:56,420] {logging_mixin.py:104} INFO - bulbasaur_14.jpeg
[2022-01-25 13:45:56,422] {logging_mixin.py:104} INFO - bulbasaur_15.jpeg
[2022-01-25 13:45:56,423] {logging_mixin.py:104} INFO - bulbasaur_16.png
[2022-01-25 13:45:56,424] {logging_mixin.py:104} INFO - bulbasaur_17.png
[2022-01-25 13:45:56,426] {logging_mixin.py:104} INFO - bulbasaur_18.png
[2022-01-25 13:45:56,428] {logging_mixin.py:104} INFO - bulbasaur_2.png
[2022-01-25 13:45:56,435] {logging_mixin.py:104} INFO - bulbasaur_3.png
[2022-01-25 13:45:56,439] {logging_mixin.py:104} INFO - bulbasaur_4.png
[2022-01-25 13:45:56,441] {logging_mixin.py:104} INFO - bulbasaur_5.jpeg
[2022-01-25 13:45:56,442] {logging_mixin.py:104} INFO - bulbasaur_6.png
[2022-01-25 13:45:56,443] {logging_mixin.py:104} INFO - bulbasaur_7.png
[2022-01-25 13:45:56,445] {logging_mixin.py:104} INFO - bulbasaur_8.jpeg
[2022-01-25 13:45:56,451] {logging_mixin.py:104} INFO - bulbasaur_9.png
[2022-01-25 13:45:56,453] {logging_mixin.py:104} INFO - pikachu_0.jpeg
[2022-01-25 13:45:56,457] {logging_mixin.py:104} INFO - pikachu_1.png
[2022-01-25 13:45:56,459] {logging_mixin.py:104} INFO - pikachu_10.png
[2022-01-25 13:45:56,460] {logging_mixin.py:104} INFO - pikachu_11.jpeg
[2022-01-25 13:45:56,463] {logging_mixin.py:104} INFO - pikachu_12.png
[2022-01-25 13:45:56,468] {logging_mixin.py:104} INFO - pikachu_13.jpeg
[2022-01-25 13:45:56,471] {logging_mixin.py:104} INFO - pikachu_14.jpeg
[2022-01-25 13:45:56,473] {logging_mixin.py:104} INFO - pikachu_14.png
[2022-01-25 13:45:56,478] {logging_mixin.py:104} INFO - pikachu_15.jpeg
[2022-01-25 13:45:56,479] {logging_mixin.py:104} INFO - pikachu_16.jpeg
[2022-01-25 13:45:56,480] {logging_mixin.py:104} INFO - pikachu_16.png
[2022-01-25 13:45:56,480] {logging_mixin.py:104} INFO - pikachu_17.jpeg
[2022-01-25 13:45:56,483] {logging_mixin.py:104} INFO - pikachu_17.png
[2022-01-25 13:45:56,484] {logging_mixin.py:104} INFO - pikachu_18.jpeg
[2022-01-25 13:45:56,484] {logging_mixin.py:104} INFO - pikachu_18.png
[2022-01-25 13:45:56,485] {logging_mixin.py:104} INFO - pikachu_19.jpeg
[2022-01-25 13:45:56,487] {logging_mixin.py:104} INFO - pikachu_2.png
[2022-01-25 13:45:56,487] {logging_mixin.py:104} INFO - pikachu_20.jpeg
[2022-01-25 13:45:56,488] {logging_mixin.py:104} INFO - pikachu_21.jpeg
[2022-01-25 13:45:56,490] {logging_mixin.py:104} INFO - pikachu_22.jpeg
[2022-01-25 13:45:56,493] {logging_mixin.py:104} INFO - pikachu_23.jpeg
[2022-01-25 13:45:56,493] {logging_mixin.py:104} INFO - pikachu_23.png
[2022-01-25 13:45:56,494] {logging_mixin.py:104} INFO - pikachu_24.jpeg
[2022-01-25 13:45:56,495] {logging_mixin.py:104} INFO - pikachu_24.png
[2022-01-25 13:45:56,495] {logging_mixin.py:104} INFO - pikachu_25.jpeg
[2022-01-25 13:45:56,496] {logging_mixin.py:104} INFO - pikachu_26.jpeg
[2022-01-25 13:45:56,496] {logging_mixin.py:104} INFO - pikachu_27.jpeg
[2022-01-25 13:45:56,497] {logging_mixin.py:104} INFO - pikachu_28.jpeg
[2022-01-25 13:45:56,505] {logging_mixin.py:104} INFO - pikachu_29.jpeg
[2022-01-25 13:45:56,506] {logging_mixin.py:104} INFO - pikachu_29.png
[2022-01-25 13:45:56,506] {logging_mixin.py:104} INFO - pikachu_3.png
[2022-01-25 13:45:56,507] {logging_mixin.py:104} INFO - pikachu_30.jpeg
[2022-01-25 13:45:56,507] {logging_mixin.py:104} INFO - pikachu_31.jpeg
[2022-01-25 13:45:56,508] {logging_mixin.py:104} INFO - pikachu_32.jpeg
[2022-01-25 13:45:56,509] {logging_mixin.py:104} INFO - pikachu_33.jpeg
[2022-01-25 13:45:56,510] {logging_mixin.py:104} INFO - pikachu_34.jpeg
[2022-01-25 13:45:56,510] {logging_mixin.py:104} INFO - pikachu_35.jpeg
[2022-01-25 13:45:56,518] {logging_mixin.py:104} INFO - pikachu_36.jpeg
[2022-01-25 13:45:56,519] {logging_mixin.py:104} INFO - pikachu_37.jpeg
[2022-01-25 13:45:56,520] {logging_mixin.py:104} INFO - pikachu_38.jpeg
[2022-01-25 13:45:56,523] {logging_mixin.py:104} INFO - pikachu_38.png
[2022-01-25 13:45:56,525] {logging_mixin.py:104} INFO - pikachu_39.jpeg
[2022-01-25 13:45:56,528] {logging_mixin.py:104} INFO - pikachu_39.png
[2022-01-25 13:45:56,529] {logging_mixin.py:104} INFO - pikachu_4.png
[2022-01-25 13:45:56,530] {logging_mixin.py:104} INFO - pikachu_40.jpeg
[2022-01-25 13:45:56,530] {logging_mixin.py:104} INFO - pikachu_41.png
[2022-01-25 13:45:56,533] {logging_mixin.py:104} INFO - pikachu_42.jpeg
[2022-01-25 13:45:56,534] {logging_mixin.py:104} INFO - pikachu_43.jpeg
[2022-01-25 13:45:56,534] {logging_mixin.py:104} INFO - pikachu_44.jpeg
[2022-01-25 13:45:56,535] {logging_mixin.py:104} INFO - pikachu_45.jpeg
[2022-01-25 13:45:56,540] {logging_mixin.py:104} INFO - pikachu_46.jpeg
[2022-01-25 13:45:56,541] {logging_mixin.py:104} INFO - pikachu_46.png
[2022-01-25 13:45:56,542] {logging_mixin.py:104} INFO - pikachu_47.jpeg
[2022-01-25 13:45:56,543] {logging_mixin.py:104} INFO - pikachu_48.jpeg
[2022-01-25 13:45:56,543] {logging_mixin.py:104} INFO - pikachu_49.png
[2022-01-25 13:45:56,544] {logging_mixin.py:104} INFO - pikachu_5.png
[2022-01-25 13:45:56,545] {logging_mixin.py:104} INFO - pikachu_50.png
[2022-01-25 13:45:56,545] {logging_mixin.py:104} INFO - pikachu_51.jpeg
[2022-01-25 13:45:56,546] {logging_mixin.py:104} INFO - pikachu_52.jpeg
[2022-01-25 13:45:56,546] {logging_mixin.py:104} INFO - pikachu_53.jpeg
[2022-01-25 13:45:56,547] {logging_mixin.py:104} INFO - pikachu_54.jpeg
[2022-01-25 13:45:56,555] {logging_mixin.py:104} INFO - pikachu_54.png
[2022-01-25 13:45:56,555] {logging_mixin.py:104} INFO - pikachu_55.png
[2022-01-25 13:45:56,556] {logging_mixin.py:104} INFO - pikachu_56.jpeg
[2022-01-25 13:45:56,557] {logging_mixin.py:104} INFO - pikachu_56.png
[2022-01-25 13:45:56,558] {logging_mixin.py:104} INFO - pikachu_57.jpeg
[2022-01-25 13:45:56,558] {logging_mixin.py:104} INFO - pikachu_58.jpeg
[2022-01-25 13:45:56,559] {logging_mixin.py:104} INFO - pikachu_59.jpeg
[2022-01-25 13:45:56,559] {logging_mixin.py:104} INFO - pikachu_59.png
[2022-01-25 13:45:56,560] {logging_mixin.py:104} INFO - pikachu_6.jpeg
[2022-01-25 13:45:56,560] {logging_mixin.py:104} INFO - pikachu_6.png
[2022-01-25 13:45:56,561] {logging_mixin.py:104} INFO - pikachu_60.jpeg
[2022-01-25 13:45:56,562] {logging_mixin.py:104} INFO - pikachu_61.png
[2022-01-25 13:45:56,562] {logging_mixin.py:104} INFO - pikachu_62.png
[2022-01-25 13:45:56,563] {logging_mixin.py:104} INFO - pikachu_63.jpeg
[2022-01-25 13:45:56,563] {logging_mixin.py:104} INFO - pikachu_64.jpeg
[2022-01-25 13:45:56,565] {logging_mixin.py:104} INFO - pikachu_65.jpeg
[2022-01-25 13:45:56,566] {logging_mixin.py:104} INFO - pikachu_66.jpeg
[2022-01-25 13:45:56,567] {logging_mixin.py:104} INFO - pikachu_67.png
[2022-01-25 13:45:56,567] {logging_mixin.py:104} INFO - pikachu_68.jpeg
[2022-01-25 13:45:56,568] {logging_mixin.py:104} INFO - pikachu_69.jpeg
[2022-01-25 13:45:56,568] {logging_mixin.py:104} INFO - pikachu_7.jpeg
[2022-01-25 13:45:56,569] {logging_mixin.py:104} INFO - pikachu_7.png
[2022-01-25 13:45:56,569] {logging_mixin.py:104} INFO - pikachu_70.jpeg
[2022-01-25 13:45:56,569] {logging_mixin.py:104} INFO - pikachu_71.png
[2022-01-25 13:45:56,570] {logging_mixin.py:104} INFO - pikachu_72.jpeg
[2022-01-25 13:45:56,571] {logging_mixin.py:104} INFO - pikachu_73.jpeg
[2022-01-25 13:45:56,573] {logging_mixin.py:104} INFO - pikachu_74.jpeg
[2022-01-25 13:45:56,574] {logging_mixin.py:104} INFO - pikachu_75.jpeg
[2022-01-25 13:45:56,574] {logging_mixin.py:104} INFO - pikachu_76.jpeg
[2022-01-25 13:45:56,579] {logging_mixin.py:104} INFO - pikachu_77.jpeg
[2022-01-25 13:45:56,590] {logging_mixin.py:104} INFO - pikachu_78.jpeg
[2022-01-25 13:45:56,591] {logging_mixin.py:104} INFO - pikachu_79.jpeg
[2022-01-25 13:45:56,591] {logging_mixin.py:104} INFO - pikachu_8.jpeg
[2022-01-25 13:45:56,620] {logging_mixin.py:104} INFO - pikachu_80.jpeg
[2022-01-25 13:45:56,622] {logging_mixin.py:104} INFO - pikachu_81.jpeg
[2022-01-25 13:45:56,622] {logging_mixin.py:104} INFO - pikachu_82.jpeg
[2022-01-25 13:45:56,625] {logging_mixin.py:104} INFO - pikachu_83.jpeg
[2022-01-25 13:45:56,630] {logging_mixin.py:104} INFO - pikachu_84.jpeg
[2022-01-25 13:45:56,632] {logging_mixin.py:104} INFO - pikachu_85.jpeg
[2022-01-25 13:45:56,633] {logging_mixin.py:104} INFO - pikachu_86.jpeg
[2022-01-25 13:45:56,639] {logging_mixin.py:104} INFO - pikachu_87.jpeg
[2022-01-25 13:45:56,642] {logging_mixin.py:104} INFO - pikachu_88.jpeg
[2022-01-25 13:45:56,642] {logging_mixin.py:104} INFO - pikachu_89.jpeg
[2022-01-25 13:45:56,657] {logging_mixin.py:104} INFO - pikachu_9.png
[2022-01-25 13:45:56,659] {logging_mixin.py:104} INFO - pikachu_90.jpeg
[2022-01-25 13:45:56,680] {logging_mixin.py:104} INFO - pikachu_91.jpeg
[2022-01-25 13:45:56,684] {logging_mixin.py:104} INFO - pikachu_92.jpeg
[2022-01-25 13:45:56,684] {logging_mixin.py:104} INFO - pikachu_93.jpeg
[2022-01-25 13:45:56,685] {logging_mixin.py:104} INFO - pikachu_94.jpeg
[2022-01-25 13:45:56,685] {logging_mixin.py:104} INFO - pikachu_95.jpeg
[2022-01-25 13:45:56,686] {logging_mixin.py:104} INFO - pikachu_96.jpeg
[2022-01-25 13:45:56,686] {logging_mixin.py:104} INFO - pikachu_97.jpeg
[2022-01-25 13:45:56,686] {logging_mixin.py:104} INFO - pikachu_98.jpeg
[2022-01-25 13:45:56,687] {logging_mixin.py:104} INFO - pikachu_99.jpeg
[2022-01-25 13:45:56,687] {logging_mixin.py:104} INFO - --------------ti-----------------------
[2022-01-25 13:45:56,692] {logging_mixin.py:104} INFO - <TaskInstance: classification.check_data_exist 2022-01-25T13:45:41.648219+00:00 [running]>
[2022-01-25 13:45:56,695] {logging_mixin.py:104} INFO - ------------------------------
[2022-01-25 13:45:56,876] {python.py:118} INFO - Done. Returned value was: load_data
[2022-01-25 13:45:56,878] {skipmixin.py:124} INFO - Following branch load_data
[2022-01-25 13:45:56,917] {skipmixin.py:155} INFO - Skipping tasks []
[2022-01-25 13:45:57,165] {taskinstance.py:1166} INFO - Marking task as SUCCESS. dag_id=classification, task_id=check_data_exist, execution_date=20220125T134541, start_date=20220125T134555, end_date=20220125T134557
[2022-01-25 13:45:57,325] {taskinstance.py:1220} INFO - 1 downstream tasks scheduled from follow-on schedule check
[2022-01-25 13:45:57,383] {local_task_job.py:146} INFO - Task exited with return code 0
