[2022-01-26 04:50:54,713] {taskinstance.py:851} INFO - Dependencies all met for <TaskInstance: classification.load_data 2022-01-26T04:50:45.201776+00:00 [queued]>
[2022-01-26 04:50:54,738] {taskinstance.py:851} INFO - Dependencies all met for <TaskInstance: classification.load_data 2022-01-26T04:50:45.201776+00:00 [queued]>
[2022-01-26 04:50:54,739] {taskinstance.py:1042} INFO - 
--------------------------------------------------------------------------------
[2022-01-26 04:50:54,739] {taskinstance.py:1043} INFO - Starting attempt 1 of 2
[2022-01-26 04:50:54,740] {taskinstance.py:1044} INFO - 
--------------------------------------------------------------------------------
[2022-01-26 04:50:54,753] {taskinstance.py:1063} INFO - Executing <Task(PythonOperator): load_data> on 2022-01-26T04:50:45.201776+00:00
[2022-01-26 04:50:54,762] {standard_task_runner.py:52} INFO - Started process 801 to run task
[2022-01-26 04:50:54,770] {standard_task_runner.py:76} INFO - Running: ['airflow', 'tasks', 'run', 'classification', 'load_data', '2022-01-26T04:50:45.201776+00:00', '--job-id', '209', '--pool', 'default_pool', '--raw', '--subdir', 'DAGS_FOLDER/classification.py', '--cfg-path', '/tmp/tmpiv7c3j7p', '--error-file', '/tmp/tmpt0750dp_']
[2022-01-26 04:50:54,778] {standard_task_runner.py:77} INFO - Job 209: Subtask load_data
[2022-01-26 04:50:54,843] {logging_mixin.py:104} INFO - Running <TaskInstance: classification.load_data 2022-01-26T04:50:45.201776+00:00 [running]> on host 115f9a25dda0
[2022-01-26 04:50:54,892] {taskinstance.py:1257} INFO - Exporting the following env vars:
AIRFLOW_CTX_DAG_OWNER=airflow
AIRFLOW_CTX_DAG_ID=classification
AIRFLOW_CTX_TASK_ID=load_data
AIRFLOW_CTX_EXECUTION_DATE=2022-01-26T04:50:45.201776+00:00
AIRFLOW_CTX_DAG_RUN_ID=manual__2022-01-26T04:50:45.201776+00:00
[2022-01-26 04:51:38,239] {python.py:118} INFO - Done. Returned value was: None
[2022-01-26 04:51:38,294] {taskinstance.py:1166} INFO - Marking task as SUCCESS. dag_id=classification, task_id=load_data, execution_date=20220126T045045, start_date=20220126T045054, end_date=20220126T045138
[2022-01-26 04:51:38,432] {taskinstance.py:1220} INFO - 1 downstream tasks scheduled from follow-on schedule check
[2022-01-26 04:51:38,511] {local_task_job.py:146} INFO - Task exited with return code 0
