[2021-12-24 11:50:22,773] {taskinstance.py:851} INFO - Dependencies all met for <TaskInstance: classification.load_data 2021-12-24T11:49:15.846684+00:00 [queued]>
[2021-12-24 11:50:23,241] {taskinstance.py:851} INFO - Dependencies all met for <TaskInstance: classification.load_data 2021-12-24T11:49:15.846684+00:00 [queued]>
[2021-12-24 11:50:23,271] {taskinstance.py:1042} INFO - 
--------------------------------------------------------------------------------
[2021-12-24 11:50:23,275] {taskinstance.py:1043} INFO - Starting attempt 1 of 2
[2021-12-24 11:50:23,289] {taskinstance.py:1044} INFO - 
--------------------------------------------------------------------------------
[2021-12-24 11:50:23,461] {taskinstance.py:1063} INFO - Executing <Task(PythonOperator): load_data> on 2021-12-24T11:49:15.846684+00:00
[2021-12-24 11:50:23,586] {standard_task_runner.py:52} INFO - Started process 207 to run task
[2021-12-24 11:50:23,704] {standard_task_runner.py:76} INFO - Running: ['airflow', 'tasks', 'run', 'classification', 'load_data', '2021-12-24T11:49:15.846684+00:00', '--job-id', '159', '--pool', 'default_pool', '--raw', '--subdir', 'DAGS_FOLDER/classification.py', '--cfg-path', '/tmp/tmpbh3kw_ai', '--error-file', '/tmp/tmpt1bq879y']
[2021-12-24 11:50:23,864] {standard_task_runner.py:77} INFO - Job 159: Subtask load_data
[2021-12-24 11:50:24,520] {logging_mixin.py:104} INFO - Running <TaskInstance: classification.load_data 2021-12-24T11:49:15.846684+00:00 [running]> on host 0d76f33c6135
[2021-12-24 11:50:25,057] {taskinstance.py:1257} INFO - Exporting the following env vars:
AIRFLOW_CTX_DAG_OWNER=airflow
AIRFLOW_CTX_DAG_ID=classification
AIRFLOW_CTX_TASK_ID=load_data
AIRFLOW_CTX_EXECUTION_DATE=2021-12-24T11:49:15.846684+00:00
AIRFLOW_CTX_DAG_RUN_ID=manual__2021-12-24T11:49:15.846684+00:00
[2021-12-24 11:51:46,280] {python.py:118} INFO - Done. Returned value was: None
[2021-12-24 11:51:46,395] {taskinstance.py:1166} INFO - Marking task as SUCCESS. dag_id=classification, task_id=load_data, execution_date=20211224T114915, start_date=20211224T115022, end_date=20211224T115146
[2021-12-24 11:51:46,634] {taskinstance.py:1220} INFO - 1 downstream tasks scheduled from follow-on schedule check
[2021-12-24 11:51:46,725] {local_task_job.py:146} INFO - Task exited with return code 0
