[2022-01-25 11:37:46,297] {taskinstance.py:851} INFO - Dependencies all met for <TaskInstance: classification.load_data 2022-01-25T11:32:24.583418+00:00 [queued]>
[2022-01-25 11:37:46,320] {taskinstance.py:851} INFO - Dependencies all met for <TaskInstance: classification.load_data 2022-01-25T11:32:24.583418+00:00 [queued]>
[2022-01-25 11:37:46,320] {taskinstance.py:1042} INFO - 
--------------------------------------------------------------------------------
[2022-01-25 11:37:46,321] {taskinstance.py:1043} INFO - Starting attempt 1 of 2
[2022-01-25 11:37:46,321] {taskinstance.py:1044} INFO - 
--------------------------------------------------------------------------------
[2022-01-25 11:37:46,377] {taskinstance.py:1063} INFO - Executing <Task(PythonOperator): load_data> on 2022-01-25T11:32:24.583418+00:00
[2022-01-25 11:37:46,415] {standard_task_runner.py:52} INFO - Started process 8382 to run task
[2022-01-25 11:37:46,423] {standard_task_runner.py:76} INFO - Running: ['airflow', 'tasks', 'run', 'classification', 'load_data', '2022-01-25T11:32:24.583418+00:00', '--job-id', '143', '--pool', 'default_pool', '--raw', '--subdir', 'DAGS_FOLDER/classification.py', '--cfg-path', '/tmp/tmp7myb169_', '--error-file', '/tmp/tmpq68_t2mt']
[2022-01-25 11:37:46,462] {standard_task_runner.py:77} INFO - Job 143: Subtask load_data
[2022-01-25 11:37:46,536] {logging_mixin.py:104} INFO - Running <TaskInstance: classification.load_data 2022-01-25T11:32:24.583418+00:00 [running]> on host 54a54d544bf0
[2022-01-25 11:37:46,591] {taskinstance.py:1257} INFO - Exporting the following env vars:
AIRFLOW_CTX_DAG_OWNER=airflow
AIRFLOW_CTX_DAG_ID=classification
AIRFLOW_CTX_TASK_ID=load_data
AIRFLOW_CTX_EXECUTION_DATE=2022-01-25T11:32:24.583418+00:00
AIRFLOW_CTX_DAG_RUN_ID=scheduled__2022-01-25T11:32:24.583418+00:00
[2022-01-25 11:38:52,106] {python.py:118} INFO - Done. Returned value was: None
[2022-01-25 11:38:52,122] {taskinstance.py:1166} INFO - Marking task as SUCCESS. dag_id=classification, task_id=load_data, execution_date=20220125T113224, start_date=20220125T113746, end_date=20220125T113852
[2022-01-25 11:38:52,167] {taskinstance.py:1220} INFO - 1 downstream tasks scheduled from follow-on schedule check
[2022-01-25 11:38:52,188] {local_task_job.py:146} INFO - Task exited with return code 0
