[2022-01-25 14:24:12,603] {taskinstance.py:851} INFO - Dependencies all met for <TaskInstance: classification.delete_source_images 2022-01-25T14:22:18.546166+00:00 [queued]>
[2022-01-25 14:24:12,635] {taskinstance.py:851} INFO - Dependencies all met for <TaskInstance: classification.delete_source_images 2022-01-25T14:22:18.546166+00:00 [queued]>
[2022-01-25 14:24:12,636] {taskinstance.py:1042} INFO - 
--------------------------------------------------------------------------------
[2022-01-25 14:24:12,637] {taskinstance.py:1043} INFO - Starting attempt 1 of 2
[2022-01-25 14:24:12,637] {taskinstance.py:1044} INFO - 
--------------------------------------------------------------------------------
[2022-01-25 14:24:12,671] {taskinstance.py:1063} INFO - Executing <Task(PythonOperator): delete_source_images> on 2022-01-25T14:22:18.546166+00:00
[2022-01-25 14:24:12,680] {standard_task_runner.py:52} INFO - Started process 2392 to run task
[2022-01-25 14:24:12,688] {standard_task_runner.py:76} INFO - Running: ['airflow', 'tasks', 'run', 'classification', 'delete_source_images', '2022-01-25T14:22:18.546166+00:00', '--job-id', '176', '--pool', 'default_pool', '--raw', '--subdir', 'DAGS_FOLDER/classification.py', '--cfg-path', '/tmp/tmpisos5f03', '--error-file', '/tmp/tmppg3e9mpd']
[2022-01-25 14:24:12,694] {standard_task_runner.py:77} INFO - Job 176: Subtask delete_source_images
[2022-01-25 14:24:12,773] {logging_mixin.py:104} INFO - Running <TaskInstance: classification.delete_source_images 2022-01-25T14:22:18.546166+00:00 [running]> on host 42ecca77b6ba
[2022-01-25 14:24:12,845] {taskinstance.py:1257} INFO - Exporting the following env vars:
AIRFLOW_CTX_DAG_OWNER=airflow
AIRFLOW_CTX_DAG_ID=classification
AIRFLOW_CTX_TASK_ID=delete_source_images
AIRFLOW_CTX_EXECUTION_DATE=2022-01-25T14:22:18.546166+00:00
AIRFLOW_CTX_DAG_RUN_ID=manual__2022-01-25T14:22:18.546166+00:00
[2022-01-25 14:24:14,722] {python.py:118} INFO - Done. Returned value was: None
[2022-01-25 14:24:14,751] {taskinstance.py:1166} INFO - Marking task as SUCCESS. dag_id=classification, task_id=delete_source_images, execution_date=20220125T142218, start_date=20220125T142412, end_date=20220125T142414
[2022-01-25 14:24:14,862] {taskinstance.py:1220} INFO - 1 downstream tasks scheduled from follow-on schedule check
[2022-01-25 14:24:14,909] {local_task_job.py:146} INFO - Task exited with return code 0
