[2022-01-25 10:09:37,535] {taskinstance.py:851} INFO - Dependencies all met for <TaskInstance: classification.apply_model 2022-01-25T10:09:03.899311+00:00 [queued]>
[2022-01-25 10:09:37,551] {taskinstance.py:851} INFO - Dependencies all met for <TaskInstance: classification.apply_model 2022-01-25T10:09:03.899311+00:00 [queued]>
[2022-01-25 10:09:37,552] {taskinstance.py:1042} INFO - 
--------------------------------------------------------------------------------
[2022-01-25 10:09:37,552] {taskinstance.py:1043} INFO - Starting attempt 1 of 2
[2022-01-25 10:09:37,552] {taskinstance.py:1044} INFO - 
--------------------------------------------------------------------------------
[2022-01-25 10:09:37,569] {taskinstance.py:1063} INFO - Executing <Task(PythonOperator): apply_model> on 2022-01-25T10:09:03.899311+00:00
[2022-01-25 10:09:37,576] {standard_task_runner.py:52} INFO - Started process 4639 to run task
[2022-01-25 10:09:37,585] {standard_task_runner.py:76} INFO - Running: ['airflow', 'tasks', 'run', 'classification', 'apply_model', '2022-01-25T10:09:03.899311+00:00', '--job-id', '46', '--pool', 'default_pool', '--raw', '--subdir', 'DAGS_FOLDER/classification.py', '--cfg-path', '/tmp/tmpi9wiziym', '--error-file', '/tmp/tmp88nivxwc']
[2022-01-25 10:09:37,593] {standard_task_runner.py:77} INFO - Job 46: Subtask apply_model
[2022-01-25 10:09:37,665] {logging_mixin.py:104} INFO - Running <TaskInstance: classification.apply_model 2022-01-25T10:09:03.899311+00:00 [running]> on host 2dc98551bc76
[2022-01-25 10:09:37,719] {taskinstance.py:1257} INFO - Exporting the following env vars:
AIRFLOW_CTX_DAG_OWNER=airflow
AIRFLOW_CTX_DAG_ID=classification
AIRFLOW_CTX_TASK_ID=apply_model
AIRFLOW_CTX_EXECUTION_DATE=2022-01-25T10:09:03.899311+00:00
AIRFLOW_CTX_DAG_RUN_ID=manual__2022-01-25T10:09:03.899311+00:00
[2022-01-25 10:09:54,989] {logging_mixin.py:104} WARNING - /usr/local/lib/python3.6/site-packages/PIL/Image.py:976 UserWarning: Palette images with Transparency expressed in bytes should be converted to RGBA images
[2022-01-25 10:10:10,765] {python.py:118} INFO - Done. Returned value was: None
[2022-01-25 10:10:10,808] {taskinstance.py:1166} INFO - Marking task as SUCCESS. dag_id=classification, task_id=apply_model, execution_date=20220125T100903, start_date=20220125T100937, end_date=20220125T101010
[2022-01-25 10:10:10,922] {taskinstance.py:1220} INFO - 1 downstream tasks scheduled from follow-on schedule check
[2022-01-25 10:10:10,993] {local_task_job.py:146} INFO - Task exited with return code 0
