[2022-01-26 04:44:38,113] {taskinstance.py:851} INFO - Dependencies all met for <TaskInstance: bing_image_download.bing_image_download 2022-01-26T04:44:28.938637+00:00 [queued]>
[2022-01-26 04:44:38,144] {taskinstance.py:851} INFO - Dependencies all met for <TaskInstance: bing_image_download.bing_image_download 2022-01-26T04:44:28.938637+00:00 [queued]>
[2022-01-26 04:44:38,144] {taskinstance.py:1042} INFO - 
--------------------------------------------------------------------------------
[2022-01-26 04:44:38,145] {taskinstance.py:1043} INFO - Starting attempt 1 of 2
[2022-01-26 04:44:38,145] {taskinstance.py:1044} INFO - 
--------------------------------------------------------------------------------
[2022-01-26 04:44:38,157] {taskinstance.py:1063} INFO - Executing <Task(PythonOperator): bing_image_download> on 2022-01-26T04:44:28.938637+00:00
[2022-01-26 04:44:38,163] {standard_task_runner.py:52} INFO - Started process 779 to run task
[2022-01-26 04:44:38,171] {standard_task_runner.py:76} INFO - Running: ['airflow', 'tasks', 'run', 'bing_image_download', 'bing_image_download', '2022-01-26T04:44:28.938637+00:00', '--job-id', '207', '--pool', 'default_pool', '--raw', '--subdir', 'DAGS_FOLDER/bing_image_download.py', '--cfg-path', '/tmp/tmpl0rjqsi9', '--error-file', '/tmp/tmpummig86k']
[2022-01-26 04:44:38,174] {standard_task_runner.py:77} INFO - Job 207: Subtask bing_image_download
[2022-01-26 04:44:38,236] {logging_mixin.py:104} INFO - Running <TaskInstance: bing_image_download.bing_image_download 2022-01-26T04:44:28.938637+00:00 [running]> on host 115f9a25dda0
[2022-01-26 04:44:38,285] {taskinstance.py:1257} INFO - Exporting the following env vars:
AIRFLOW_CTX_DAG_OWNER=airflow
AIRFLOW_CTX_DAG_ID=bing_image_download
AIRFLOW_CTX_TASK_ID=bing_image_download
AIRFLOW_CTX_EXECUTION_DATE=2022-01-26T04:44:28.938637+00:00
AIRFLOW_CTX_DAG_RUN_ID=manual__2022-01-26T04:44:28.938637+00:00
[2022-01-26 04:44:38,292] {logging_mixin.py:104} INFO - [INFO] searching Bing API for 'pikachu'
[2022-01-26 04:44:39,021] {logging_mixin.py:104} INFO - [INFO] 50 total results for 'pikachu'
[2022-01-26 04:44:39,021] {logging_mixin.py:104} INFO - [INFO] making request for group 0-5 of 50...
[2022-01-26 04:44:39,629] {logging_mixin.py:104} INFO - [INFO] saving images for group 0-5 of 50...
[2022-01-26 04:44:39,629] {logging_mixin.py:104} INFO - [INFO] fetching: http://vignette3.wikia.nocookie.net/wii/images/7/77/Pikachu_SSB4.jpg/revision/latest?cb=20140210000421
[2022-01-26 04:44:41,254] {logging_mixin.py:104} INFO - [INFO] fetching: https://pngimg.com/uploads/pokemon/pokemon_PNG15.png
[2022-01-26 04:44:41,746] {logging_mixin.py:104} INFO - [INFO] fetching: https://images-wixmp-ed30a86b8c4ca887773594c2.wixmp.com/f/4f6bf5b3-c9b6-44c2-ab80-06e3ea80d511/dca37p4-e992703b-3518-475a-a3bd-bc2831f13e7b.png?token=eyJ0eXAiOiJKV1QiLCJhbGciOiJIUzI1NiJ9.eyJzdWIiOiJ1cm46YXBwOiIsImlzcyI6InVybjphcHA6Iiwib2JqIjpbW3sicGF0aCI6IlwvZlwvNGY2YmY1YjMtYzliNi00NGMyLWFiODAtMDZlM2VhODBkNTExXC9kY2EzN3A0LWU5OTI3MDNiLTM1MTgtNDc1YS1hM2JkLWJjMjgzMWYxM2U3Yi5wbmcifV1dLCJhdWQiOlsidXJuOnNlcnZpY2U6ZmlsZS5kb3dubG9hZCJdfQ.BgM4bC-lqNizie8fhV-EnS5hLNCPn5y8iROlzXNAdk4
[2022-01-26 04:44:43,633] {logging_mixin.py:104} INFO - [INFO] fetching: https://pngimg.com/uploads/pokemon/pokemon_PNG93.png
[2022-01-26 04:44:44,092] {logging_mixin.py:104} INFO - [INFO] fetching: https://pngimg.com/uploads/pokemon/pokemon_PNG148.png
[2022-01-26 04:44:44,736] {logging_mixin.py:104} INFO - [INFO] making request for group 5-10 of 50...
[2022-01-26 04:44:46,726] {logging_mixin.py:104} INFO - [INFO] saving images for group 5-10 of 50...
[2022-01-26 04:44:46,737] {logging_mixin.py:104} INFO - [INFO] fetching: https://pngimg.com/uploads/pokemon/pokemon_PNG148.png
[2022-01-26 04:44:48,042] {logging_mixin.py:104} INFO - [INFO] fetching: https://3.bp.blogspot.com/-QRBqlfFJt6U/ULpgGND3XFI/AAAAAAAACPs/TUrUig9gj5A/s1600/pikachu.png
[2022-01-26 04:44:49,658] {logging_mixin.py:104} INFO - [INFO] fetching: https://www.nintendoworldreport.com/media/38183/4/1.jpg
[2022-01-26 04:44:51,720] {logging_mixin.py:104} INFO - [INFO] fetching: https://pngimg.com/uploads/pokemon/pokemon_PNG42.png
[2022-01-26 04:44:52,342] {logging_mixin.py:104} INFO - [INFO] fetching: https://ph.portal-pokemon.com/upload/en/HelloPika.png
[2022-01-26 04:44:55,741] {logging_mixin.py:104} INFO - [INFO] making request for group 10-15 of 50...
[2022-01-26 04:44:56,734] {logging_mixin.py:104} INFO - [INFO] saving images for group 10-15 of 50...
[2022-01-26 04:44:56,736] {logging_mixin.py:104} INFO - [INFO] fetching: https://ph.portal-pokemon.com/upload/en/HelloPika.png
[2022-01-26 04:44:58,864] {logging_mixin.py:104} INFO - [INFO] fetching: https://cdn.myminifactory.com/assets/object-assets/5c64403a9c7ad/images/d27029fa-5bce-4731-b8b4-af6be07fe701.jpg
[2022-01-26 04:45:07,394] {logging_mixin.py:104} INFO - [INFO] fetching: http://clipartmag.com/image/pikachu-images-for-drawing-29.png
[2022-01-26 04:45:08,659] {logging_mixin.py:104} INFO - [INFO] fetching: https://yt3.ggpht.com/a-/AAuE7mBRlOG3moYW1oLN4L0V6FP-O-3IJrF1NoGjDw=s900-mo-c-c0xffffffff-rj-k-no
[2022-01-26 04:45:08,905] {logging_mixin.py:104} INFO - [INFO] fetching: https://mir-s3-cdn-cf.behance.net/project_modules/1400/56f6e170109017.5d71da93da213.png
[2022-01-26 04:45:09,601] {logging_mixin.py:104} INFO - [INFO] making request for group 15-20 of 50...
[2022-01-26 04:45:10,223] {logging_mixin.py:104} INFO - [INFO] saving images for group 15-20 of 50...
[2022-01-26 04:45:10,224] {logging_mixin.py:104} INFO - [INFO] fetching: https://cdn.myminifactory.com/assets/object-assets/5c64403a9c7ad/images/d27029fa-5bce-4731-b8b4-af6be07fe701.jpg
[2022-01-26 04:45:17,991] {logging_mixin.py:104} INFO - [INFO] fetching: https://cdn.vox-cdn.com/thumbor/RGPwZaA8xxwrVd4spVyTGNrxHh0=/99x0:1179x720/1200x800/filters:focal(99x0:1179x720)/cdn.vox-cdn.com/uploads/chorus_image/image/50166993/2016.1_Great_Detective_Pikachu_Birth_of_a_New_Duo__3DS_.0.0.jpg
[2022-01-26 04:45:19,849] {logging_mixin.py:104} INFO - [INFO] fetching: https://img1.cgtrader.com/items/2419585/aef1cf6064/pikachu-pokemon-3d-printing-3d-model-obj-stl-blend.jpg
[2022-01-26 04:45:20,255] {logging_mixin.py:104} INFO - [INFO] fetching: http://img2.wikia.nocookie.net/__cb20110811011944/pokemonfanon/images/8/88/Pikachu_XXV.PNG
[2022-01-26 04:45:22,741] {logging_mixin.py:104} INFO - [INFO] fetching: https://cdn.mos.cms.futurecdn.net/dqW4eWEXeU6J8tBpZTpqy5.jpg
[2022-01-26 04:45:23,403] {logging_mixin.py:104} INFO - [INFO] making request for group 20-25 of 50...
[2022-01-26 04:45:25,388] {logging_mixin.py:104} INFO - [INFO] saving images for group 20-25 of 50...
[2022-01-26 04:45:25,389] {logging_mixin.py:104} INFO - [INFO] fetching: https://cdn.vox-cdn.com/thumbor/RGPwZaA8xxwrVd4spVyTGNrxHh0=/99x0:1179x720/1200x800/filters:focal(99x0:1179x720)/cdn.vox-cdn.com/uploads/chorus_image/image/50166993/2016.1_Great_Detective_Pikachu_Birth_of_a_New_Duo__3DS_.0.0.jpg
[2022-01-26 04:45:26,716] {logging_mixin.py:104} INFO - [INFO] fetching: https://cdn.myminifactory.com/assets/object-assets/5c64403a9c7ad/images/d27029fa-5bce-4731-b8b4-af6be07fe701.jpg
[2022-01-26 04:45:46,262] {logging_mixin.py:104} INFO - [INFO] fetching: https://cdn.mos.cms.futurecdn.net/dqW4eWEXeU6J8tBpZTpqy5.jpg
[2022-01-26 04:45:47,460] {logging_mixin.py:104} INFO - [INFO] fetching: https://images-wixmp-ed30a86b8c4ca887773594c2.wixmp.com/f/c5bbbf70-cfca-4aeb-892b-6ac8c54fb175/ddbr84t-d0753923-bc99-4919-8bb6-2121149399d7.png/v1/fill/w_956,h_836,strp/pikachu_libre_render_by_vexikku_ddbr84t-pre.png?token=eyJ0eXAiOiJKV1QiLCJhbGciOiJIUzI1NiJ9.eyJzdWIiOiJ1cm46YXBwOjdlMGQxODg5ODIyNjQzNzNhNWYwZDQxNWVhMGQyNmUwIiwiaXNzIjoidXJuOmFwcDo3ZTBkMTg4OTgyMjY0MzczYTVmMGQ0MTVlYTBkMjZlMCIsIm9iaiI6W1t7ImhlaWdodCI6Ijw9MzUwMCIsInBhdGgiOiJcL2ZcL2M1YmJiZjcwLWNmY2EtNGFlYi04OTJiLTZhYzhjNTRmYjE3NVwvZGRicjg0dC1kMDc1MzkyMy1iYzk5LTQ5MTktOGJiNi0yMTIxMTQ5Mzk5ZDcucG5nIiwid2lkdGgiOiI8PTQwMDAifV1dLCJhdWQiOlsidXJuOnNlcnZpY2U6aW1hZ2Uub3BlcmF0aW9ucyJdfQ.SCZGQ24m5GxrmvuwHJ6Em8lOGDWKTpacKjSjkkFMbCs
[2022-01-26 04:45:49,053] {logging_mixin.py:104} INFO - [INFO] fetching: https://pngimg.com/uploads/pokemon/pokemon_PNG102.png
[2022-01-26 04:45:50,666] {logging_mixin.py:104} INFO - [INFO] making request for group 25-30 of 50...
[2022-01-26 04:45:54,185] {logging_mixin.py:104} INFO - [INFO] saving images for group 25-30 of 50...
[2022-01-26 04:45:54,189] {logging_mixin.py:104} INFO - [INFO] fetching: https://s3.us-east-1.amazonaws.com/dexerto-assets-production-cbbdf288/uploads/2020/02/16230146/pokemon-community-fat-pikachu-meme.jpg
[2022-01-26 04:45:56,677] {logging_mixin.py:104} INFO - [INFO] fetching: https://cdn.mos.cms.futurecdn.net/dqW4eWEXeU6J8tBpZTpqy5.jpg
[2022-01-26 04:45:57,856] {logging_mixin.py:104} INFO - [INFO] fetching: http://cdn.shopify.com/s/files/1/0284/4907/9395/products/sticker_pikachu.jpg?v=1573513085
[2022-01-26 04:45:59,084] {logging_mixin.py:104} INFO - [INFO] fetching: https://static1.cbrimages.com/wordpress/wp-content/uploads/2019/12/Pikachu-Feature-Image-Cropped.jpg
[2022-01-26 04:45:59,946] {logging_mixin.py:104} INFO - [INFO] fetching: https://graphictide.com/images/shop/hover/307_pikachu-candy.png
[2022-01-26 04:46:02,189] {logging_mixin.py:104} INFO - [INFO] making request for group 30-35 of 50...
[2022-01-26 04:46:03,300] {logging_mixin.py:104} INFO - [INFO] saving images for group 30-35 of 50...
[2022-01-26 04:46:03,301] {logging_mixin.py:104} INFO - [INFO] fetching: https://static1.cbrimages.com/wordpress/wp-content/uploads/2019/12/Pikachu-Feature-Image-Cropped.jpg
[2022-01-26 04:46:04,160] {logging_mixin.py:104} INFO - [INFO] fetching: http://cdn.shopify.com/s/files/1/0284/4907/9395/products/sticker_pikachu.jpg?v=1573513085
[2022-01-26 04:46:05,536] {logging_mixin.py:104} INFO - [INFO] fetching: https://s3.us-east-1.amazonaws.com/dexerto-assets-production-cbbdf288/uploads/2020/02/16230146/pokemon-community-fat-pikachu-meme.jpg
[2022-01-26 04:46:08,052] {logging_mixin.py:104} INFO - [INFO] fetching: https://img.huffingtonpost.com/asset/5a10b3b0180000aa09f6ce35.jpeg?ops=1910_1000
[2022-01-26 04:46:09,161] {logging_mixin.py:104} INFO - [INFO] fetching: https://animetos.com/wp-content/uploads/2021/03/img_8458-scaled.jpeg
[2022-01-26 04:46:12,544] {logging_mixin.py:104} INFO - [INFO] making request for group 35-40 of 50...
[2022-01-26 04:46:13,463] {logging_mixin.py:104} INFO - [INFO] saving images for group 35-40 of 50...
[2022-01-26 04:46:13,464] {logging_mixin.py:104} INFO - [INFO] fetching: https://s3.us-east-1.amazonaws.com/dexerto-assets-production-cbbdf288/uploads/2020/02/16230146/pokemon-community-fat-pikachu-meme.jpg
[2022-01-26 04:46:15,968] {logging_mixin.py:104} INFO - [INFO] fetching: http://cdn.shopify.com/s/files/1/0284/4907/9395/products/sticker_pikachu.jpg?v=1573513085
[2022-01-26 04:46:16,428] {logging_mixin.py:104} INFO - [INFO] fetching: http://images4.fanpop.com/image/photos/22200000/Pikachu-pikachu-22265985-1280-1120.jpg
[2022-01-26 04:46:19,142] {logging_mixin.py:104} INFO - [INFO] fetching: https://yt3.ggpht.com/a/AATXAJwmhNbZwsDbo_tXP-d9wB7tSqNpV56GFvSjhQ=s900-c-k-c0xffffffff-no-rj-mo
[2022-01-26 04:46:19,411] {logging_mixin.py:104} INFO - [INFO] fetching: https://animetos.com/wp-content/uploads/2021/03/img_8458-scaled.jpeg
[2022-01-26 04:46:22,485] {logging_mixin.py:104} INFO - [INFO] making request for group 40-45 of 50...
[2022-01-26 04:46:23,281] {logging_mixin.py:104} INFO - [INFO] saving images for group 40-45 of 50...
[2022-01-26 04:46:23,284] {logging_mixin.py:104} INFO - [INFO] fetching: https://serebii.net/card/swshpromos/63.jpg
[2022-01-26 04:46:26,184] {logging_mixin.py:104} INFO - [INFO] fetching: http://tonsoffacts.com/wp-content/uploads/2019/11/fp4716-pokemon-pikachu-glow.jpg
[2022-01-26 04:46:28,802] {logging_mixin.py:104} INFO - [INFO-DEL] deleting: /opt/airflow/dags/images/pikachu_41.jpeg
[2022-01-26 04:46:28,826] {logging_mixin.py:104} INFO - [INFO] fetching: https://sotaku.com/wp-content/uploads/2018/05/Pika.jpg
[2022-01-26 04:46:33,949] {logging_mixin.py:104} INFO - [INFO] fetching: https://theprestonhub.co.uk/wp-content/uploads/2019/05/pokemon-detective-pikachu-card-1167030-1280x0.jpg
[2022-01-26 04:46:37,745] {logging_mixin.py:104} INFO - [INFO] fetching: https://static1.cbrimages.com/wordpress/wp-content/uploads/2019/12/Pikachu-Feature-Image-Cropped.jpg
[2022-01-26 04:46:38,032] {logging_mixin.py:104} INFO - [INFO] making request for group 45-50 of 50...
[2022-01-26 04:46:38,916] {logging_mixin.py:104} INFO - [INFO] saving images for group 45-50 of 50...
[2022-01-26 04:46:38,936] {logging_mixin.py:104} INFO - [INFO] fetching: https://c.shld.net/rpx/i/s/i/spin/10032562/prod_12349903012??hei=64&wid=64&qlt=50
[2022-01-26 04:46:39,897] {logging_mixin.py:104} INFO - [INFO] fetching: https://www.onlinetoys.com.au/19664/pokemon-power-action-pikachu.jpg
[2022-01-26 04:46:40,287] {logging_mixin.py:104} INFO - [INFO] fetching: https://whirli-production-images.s3.eu-west-2.amazonaws.com/products/yZYb57lPl7/yb9jP0AWgj_pokemon-pikachu-medium.jpg
[2022-01-26 04:46:41,503] {logging_mixin.py:104} INFO - [INFO] fetching: https://webgames.host/uploads/2018/03/pikachu-bros.png
[2022-01-26 04:46:45,020] {logging_mixin.py:104} INFO - [INFO] fetching: https://images-wixmp-ed30a86b8c4ca887773594c2.wixmp.com/f/93abed28-db9e-4018-aee8-6c817a5863b9/dbsqkhl-bc627623-0eed-4727-a573-b7f6cd48d992.png/v1/fill/w_800,h_855,strp/king_pikachu_by_kraus_illustration_dbsqkhl-fullview.png?token=eyJ0eXAiOiJKV1QiLCJhbGciOiJIUzI1NiJ9.eyJzdWIiOiJ1cm46YXBwOjdlMGQxODg5ODIyNjQzNzNhNWYwZDQxNWVhMGQyNmUwIiwiaXNzIjoidXJuOmFwcDo3ZTBkMTg4OTgyMjY0MzczYTVmMGQ0MTVlYTBkMjZlMCIsIm9iaiI6W1t7ImhlaWdodCI6Ijw9ODU1IiwicGF0aCI6IlwvZlwvOTNhYmVkMjgtZGI5ZS00MDE4LWFlZTgtNmM4MTdhNTg2M2I5XC9kYnNxa2hsLWJjNjI3NjIzLTBlZWQtNDcyNy1hNTczLWI3ZjZjZDQ4ZDk5Mi5wbmciLCJ3aWR0aCI6Ijw9ODAwIn1dXSwiYXVkIjpbInVybjpzZXJ2aWNlOmltYWdlLm9wZXJhdGlvbnMiXX0.RBhJ-Eni5Fc_r-5ZBrMSXC8Z0aJvE6PrRT6HPGQehGM
[2022-01-26 04:46:45,974] {logging_mixin.py:104} INFO - **************************************************
[2022-01-26 04:46:45,975] {logging_mixin.py:104} INFO - [END] Images Donwloaded for pikachu
[2022-01-26 04:46:45,975] {logging_mixin.py:104} INFO - **************************************************
[2022-01-26 04:46:45,976] {logging_mixin.py:104} INFO - [INFO] searching Bing API for 'bulbasaur'
[2022-01-26 04:46:47,218] {logging_mixin.py:104} INFO - [INFO] 50 total results for 'bulbasaur'
[2022-01-26 04:46:47,219] {logging_mixin.py:104} INFO - [INFO] making request for group 0-5 of 50...
[2022-01-26 04:46:47,991] {logging_mixin.py:104} INFO - [INFO] saving images for group 0-5 of 50...
[2022-01-26 04:46:47,992] {logging_mixin.py:104} INFO - [INFO] fetching: https://usercontent2.hubstatic.com/13805615_f1024.jpg
[2022-01-26 04:46:49,619] {logging_mixin.py:104} INFO - [INFO] fetching: http://1.bp.blogspot.com/-ue0RUlm6K98/VNzsqJEcm3I/AAAAAAAAAPw/BHqUvaJgExA/s1600/bulbasaur.png
[2022-01-26 04:46:50,163] {logging_mixin.py:104} INFO - [INFO] fetching: https://external-preview.redd.it/qvkIfEpcZahP1Lcu4eZzfqhhACaHjLHloe_cTTCm1es.jpg?auto=webp&s=b8e42af529efdbfa09846b3cd8ec4c0e159951aa
[2022-01-26 04:46:50,523] {logging_mixin.py:104} INFO - [INFO] fetching: https://orig00.deviantart.net/19fb/f/2011/252/f/0/bulbasaur_by_trdaz-d49cmfx.png
[2022-01-26 04:46:52,319] {logging_mixin.py:104} INFO - [INFO] fetching: http://th06.deviantart.net/fs70/PRE/f/2011/163/5/d/bulbasaur__old__by_blastertwo-d3ir8m6.png
[2022-01-26 04:46:54,842] {logging_mixin.py:104} INFO - [INFO] making request for group 5-10 of 50...
[2022-01-26 04:46:55,696] {logging_mixin.py:104} INFO - [INFO] saving images for group 5-10 of 50...
[2022-01-26 04:46:55,702] {logging_mixin.py:104} INFO - [INFO] fetching: https://orig00.deviantart.net/19fb/f/2011/252/f/0/bulbasaur_by_trdaz-d49cmfx.png
[2022-01-26 04:46:57,627] {logging_mixin.py:104} INFO - [INFO] fetching: https://www.giantbomb.com/a/uploads/original/0/6087/2437009-001---bulbasaur.png
[2022-01-26 04:46:59,929] {logging_mixin.py:104} INFO - [INFO] fetching: https://images-wixmp-ed30a86b8c4ca887773594c2.wixmp.com/f/1f6e6960-47bd-455f-9411-6d98b2bb5d26/dd49wrr-c20af9ba-e18e-4c59-8558-b5705acf6f24.png/v1/fill/w_818,h_976,q_70,strp/bulbasaur_doodle_by_otakuap_dd49wrr-pre.jpg?token=eyJ0eXAiOiJKV1QiLCJhbGciOiJIUzI1NiJ9.eyJzdWIiOiJ1cm46YXBwOjdlMGQxODg5ODIyNjQzNzNhNWYwZDQxNWVhMGQyNmUwIiwiaXNzIjoidXJuOmFwcDo3ZTBkMTg4OTgyMjY0MzczYTVmMGQ0MTVlYTBkMjZlMCIsIm9iaiI6W1t7ImhlaWdodCI6Ijw9MTExMyIsInBhdGgiOiJcL2ZcLzFmNmU2OTYwLTQ3YmQtNDU1Zi05NDExLTZkOThiMmJiNWQyNlwvZGQ0OXdyci1jMjBhZjliYS1lMThlLTRjNTktODU1OC1iNTcwNWFjZjZmMjQucG5nIiwid2lkdGgiOiI8PTkzMyJ9XV0sImF1ZCI6WyJ1cm46c2VydmljZTppbWFnZS5vcGVyYXRpb25zIl19.NIpnOKTJEPVkyxnzQKbnHaxCjs7nf3l4zxidFz2TYlo
[2022-01-26 04:47:00,616] {logging_mixin.py:104} INFO - [INFO] fetching: https://images-wixmp-ed30a86b8c4ca887773594c2.wixmp.com/f/f484215b-4e9a-42b5-9feb-77c3dec3a385/d98undu-63fe57ba-9d8e-44cd-9615-5cfb50d9cdd7.png/v1/fill/w_863,h_926,strp/vector__254___bulbasaur_by_dashiesparkle_d98undu-pre.png?token=eyJ0eXAiOiJKV1QiLCJhbGciOiJIUzI1NiJ9.eyJzdWIiOiJ1cm46YXBwOiIsImlzcyI6InVybjphcHA6Iiwib2JqIjpbW3siaGVpZ2h0IjoiPD01MDAwIiwicGF0aCI6IlwvZlwvZjQ4NDIxNWItNGU5YS00MmI1LTlmZWItNzdjM2RlYzNhMzg1XC9kOTh1bmR1LTYzZmU1N2JhLTlkOGUtNDRjZC05NjE1LTVjZmI1MGQ5Y2RkNy5wbmciLCJ3aWR0aCI6Ijw9NDY2MSJ9XV0sImF1ZCI6WyJ1cm46c2VydmljZTppbWFnZS5vcGVyYXRpb25zIl19.e8rOUxw96kJPk2JdEOC2wCY2a8_yKxcc3x2CFPucJm8
[2022-01-26 04:47:00,993] {logging_mixin.py:104} INFO - [INFO] fetching: https://pre00.deviantart.net/a8a2/th/pre/f/2012/323/d/5/pokedex_challenge_001_bulbasaur_by_blue_diamond_shadow-d5ksvr6.png
[2022-01-26 04:47:02,606] {logging_mixin.py:104} INFO - [INFO] making request for group 10-15 of 50...
[2022-01-26 04:47:03,380] {logging_mixin.py:104} INFO - [INFO] saving images for group 10-15 of 50...
[2022-01-26 04:47:03,383] {logging_mixin.py:104} INFO - [INFO] fetching: https://pm1.narvii.com/5779/46d8f871ac05c4baaece618ea801f3d17af2e9c1_hq.jpg
[2022-01-26 04:47:03,757] {logging_mixin.py:104} INFO - [INFO] fetching: https://images-wixmp-ed30a86b8c4ca887773594c2.wixmp.com/f/1f6e6960-47bd-455f-9411-6d98b2bb5d26/dd49wrr-c20af9ba-e18e-4c59-8558-b5705acf6f24.png/v1/fill/w_818,h_976,q_70,strp/bulbasaur_doodle_by_otakuap_dd49wrr-pre.jpg?token=eyJ0eXAiOiJKV1QiLCJhbGciOiJIUzI1NiJ9.eyJzdWIiOiJ1cm46YXBwOjdlMGQxODg5ODIyNjQzNzNhNWYwZDQxNWVhMGQyNmUwIiwiaXNzIjoidXJuOmFwcDo3ZTBkMTg4OTgyMjY0MzczYTVmMGQ0MTVlYTBkMjZlMCIsIm9iaiI6W1t7ImhlaWdodCI6Ijw9MTExMyIsInBhdGgiOiJcL2ZcLzFmNmU2OTYwLTQ3YmQtNDU1Zi05NDExLTZkOThiMmJiNWQyNlwvZGQ0OXdyci1jMjBhZjliYS1lMThlLTRjNTktODU1OC1iNTcwNWFjZjZmMjQucG5nIiwid2lkdGgiOiI8PTkzMyJ9XV0sImF1ZCI6WyJ1cm46c2VydmljZTppbWFnZS5vcGVyYXRpb25zIl19.NIpnOKTJEPVkyxnzQKbnHaxCjs7nf3l4zxidFz2TYlo
[2022-01-26 04:47:04,150] {logging_mixin.py:104} INFO - [INFO] fetching: https://pre00.deviantart.net/a8a2/th/pre/f/2012/323/d/5/pokedex_challenge_001_bulbasaur_by_blue_diamond_shadow-d5ksvr6.png
[2022-01-26 04:47:05,977] {logging_mixin.py:104} INFO - [INFO] fetching: http://pre15.deviantart.net/ef88/th/pre/f/2012/327/2/0/bulbasaur_by_ezmeag98-d5lz0kp.png
[2022-01-26 04:47:07,392] {logging_mixin.py:104} INFO - [INFO] fetching: http://www.pngmart.com/files/11/Pokemon-Bulbasaur-PNG-File.png
[2022-01-26 04:47:10,310] {logging_mixin.py:104} INFO - [INFO] making request for group 15-20 of 50...
[2022-01-26 04:47:11,428] {logging_mixin.py:104} INFO - [INFO] saving images for group 15-20 of 50...
[2022-01-26 04:47:11,436] {logging_mixin.py:104} INFO - [INFO] fetching: http://clipartmag.com/image/pokemon-bulbasaur-drawing-8.jpg
[2022-01-26 04:47:14,531] {logging_mixin.py:104} INFO - [INFO] fetching: http://www.pngmart.com/files/11/Pokemon-Bulbasaur-PNG-Transparent-Image.png
[2022-01-26 04:47:16,934] {logging_mixin.py:104} INFO - [INFO] fetching: http://pre15.deviantart.net/ef88/th/pre/f/2012/327/2/0/bulbasaur_by_ezmeag98-d5lz0kp.png
[2022-01-26 04:47:18,145] {logging_mixin.py:104} INFO - [INFO] fetching: https://orig00.deviantart.net/7453/f/2017/365/2/7/bulbasaur_by_moliin-dbyfd4k.png
[2022-01-26 04:47:23,297] {logging_mixin.py:104} INFO - [INFO] fetching: https://wallsdesk.com/wp-content/uploads/2017/01/Bulbasaur-Wallpaper-.jpg
[2022-01-26 04:47:25,717] {logging_mixin.py:104} INFO - [INFO] making request for group 20-25 of 50...
[2022-01-26 04:47:26,806] {logging_mixin.py:104} INFO - [INFO] saving images for group 20-25 of 50...
[2022-01-26 04:47:26,813] {logging_mixin.py:104} INFO - [INFO] fetching: https://i.pinimg.com/736x/8d/85/2a/8d852a79e8689b67f0ff8a21a4185142--pokemon.jpg
[2022-01-26 04:47:27,409] {logging_mixin.py:104} INFO - [INFO] fetching: https://i.pinimg.com/736x/14/04/f5/1404f55c5fc5c233e381c519fb11a836.jpg
[2022-01-26 04:47:28,135] {logging_mixin.py:104} INFO - [INFO] fetching: https://preview.redd.it/4meqwbvaakpz.png?auto=webp&s=6f21313b08d25e8f6e985b97f00e3c27aacd2868
[2022-01-26 04:47:29,886] {logging_mixin.py:104} INFO - [INFO] fetching: https://images-wixmp-ed30a86b8c4ca887773594c2.wixmp.com/f/f484215b-4e9a-42b5-9feb-77c3dec3a385/d98undu-63fe57ba-9d8e-44cd-9615-5cfb50d9cdd7.png/v1/fill/w_863,h_926,strp/vector__254___bulbasaur_by_dashiesparkle_d98undu-pre.png?token=eyJ0eXAiOiJKV1QiLCJhbGciOiJIUzI1NiJ9.eyJzdWIiOiJ1cm46YXBwOiIsImlzcyI6InVybjphcHA6Iiwib2JqIjpbW3siaGVpZ2h0IjoiPD01MDAwIiwicGF0aCI6IlwvZlwvZjQ4NDIxNWItNGU5YS00MmI1LTlmZWItNzdjM2RlYzNhMzg1XC9kOTh1bmR1LTYzZmU1N2JhLTlkOGUtNDRjZC05NjE1LTVjZmI1MGQ5Y2RkNy5wbmciLCJ3aWR0aCI6Ijw9NDY2MSJ9XV0sImF1ZCI6WyJ1cm46c2VydmljZTppbWFnZS5vcGVyYXRpb25zIl19.e8rOUxw96kJPk2JdEOC2wCY2a8_yKxcc3x2CFPucJm8
[2022-01-26 04:47:30,344] {logging_mixin.py:104} INFO - [INFO] fetching: https://i1.wp.com/svgfile.co/wp-content/uploads/2020/03/deneme-Recovered-118.jpg?fit=2496%2C2480&ssl=1
[2022-01-26 04:47:32,526] {logging_mixin.py:104} INFO - [INFO] making request for group 25-30 of 50...
[2022-01-26 04:47:33,153] {logging_mixin.py:104} INFO - [INFO] saving images for group 25-30 of 50...
[2022-01-26 04:47:33,171] {logging_mixin.py:104} INFO - [INFO] fetching: https://images.wallpapersden.com/image/download/bulbasaur-pokemon-detective-pikachu-movie_64877_2932x2932.jpg
[2022-01-26 04:47:39,745] {logging_mixin.py:104} INFO - [INFO] fetching: https://pre00.deviantart.net/7a9f/th/pre/i/2012/139/b/6/cute_bulbasaur_by_sirena93-d50bum8.png
[2022-01-26 04:47:41,362] {logging_mixin.py:104} INFO - [INFO] fetching: https://orig00.deviantart.net/cfe7/f/2016/205/4/2/bulbasar_starter_by_albinotiger21-dab9mpa.jpg
[2022-01-26 04:47:42,893] {logging_mixin.py:104} INFO - [INFO] fetching: https://img00.deviantart.net/9ce5/i/2012/205/7/9/001_bulbasaur_by_pikaaly-d58fe80.png
[2022-01-26 04:47:44,511] {logging_mixin.py:104} INFO - [INFO] fetching: https://comicvine1.cbsistatic.com/uploads/original/11138/111385676/7043967-0133166748-tumbl.jpg
[2022-01-26 04:47:45,242] {logging_mixin.py:104} INFO - [ERROR]:  HTTPSConnectionPool(host='comicvine1.cbsistatic.com', port=443): Max retries exceeded with url: /uploads/original/11138/111385676/7043967-0133166748-tumbl.jpg (Caused by SSLError(SSLError(1, '[SSL: CERTIFICATE_VERIFY_FAILED] certificate verify failed (_ssl.c:852)'),))
[2022-01-26 04:47:45,245] {logging_mixin.py:104} INFO - [INFO] making request for group 30-35 of 50...
[2022-01-26 04:47:45,884] {logging_mixin.py:104} INFO - [INFO] saving images for group 30-35 of 50...
[2022-01-26 04:47:45,893] {logging_mixin.py:104} INFO - [INFO] fetching: https://www.nicepng.com/png/detail/280-2800064_fisherman-cartoon-download-pokemon-bulbasaur.png
[2022-01-26 04:47:50,516] {logging_mixin.py:104} INFO - [INFO] fetching: https://comicvine1.cbsistatic.com/uploads/original/11138/111385676/7043967-0133166748-tumbl.jpg
[2022-01-26 04:47:51,063] {logging_mixin.py:104} INFO - [ERROR]:  HTTPSConnectionPool(host='comicvine1.cbsistatic.com', port=443): Max retries exceeded with url: /uploads/original/11138/111385676/7043967-0133166748-tumbl.jpg (Caused by SSLError(SSLError(1, '[SSL: CERTIFICATE_VERIFY_FAILED] certificate verify failed (_ssl.c:852)'),))
[2022-01-26 04:47:51,065] {logging_mixin.py:104} INFO - [INFO] fetching: https://pre00.deviantart.net/979b/th/pre/i/2016/110/2/c/pokemon__001___bulbasaur_by_decibeldisorder3-d98jref.png
[2022-01-26 04:47:52,889] {logging_mixin.py:104} INFO - [INFO] fetching: http://clipartmag.com/image/pokemon-bulbasaur-drawing-26.jpg
[2022-01-26 04:47:55,875] {logging_mixin.py:104} INFO - [INFO] fetching: https://img00.deviantart.net/f8fb/i/2016/115/8/9/bulbasaur_by_frost_z-d9yqawl.png
[2022-01-26 04:47:58,029] {logging_mixin.py:104} INFO - [INFO] making request for group 35-40 of 50...
[2022-01-26 04:47:58,920] {logging_mixin.py:104} INFO - [INFO] saving images for group 35-40 of 50...
[2022-01-26 04:47:58,921] {logging_mixin.py:104} INFO - [INFO] fetching: https://comicvine1.cbsistatic.com/uploads/original/11138/111385676/7043967-0133166748-tumbl.jpg
[2022-01-26 04:47:59,560] {logging_mixin.py:104} INFO - [ERROR]:  HTTPSConnectionPool(host='comicvine1.cbsistatic.com', port=443): Max retries exceeded with url: /uploads/original/11138/111385676/7043967-0133166748-tumbl.jpg (Caused by SSLError(SSLError(1, '[SSL: CERTIFICATE_VERIFY_FAILED] certificate verify failed (_ssl.c:852)'),))
[2022-01-26 04:47:59,563] {logging_mixin.py:104} INFO - [INFO] fetching: https://pre00.deviantart.net/3c8a/th/pre/i/2016/323/e/c/cute_bulbasaur_by_eli150693-daoxgbh.jpg
[2022-01-26 04:48:01,027] {logging_mixin.py:104} INFO - [INFO] fetching: https://i.redd.it/4meqwbvaakpz.png
[2022-01-26 04:48:02,093] {logging_mixin.py:104} INFO - [INFO] fetching: https://img00.deviantart.net/f8fb/i/2016/115/8/9/bulbasaur_by_frost_z-d9yqawl.png
[2022-01-26 04:48:03,746] {logging_mixin.py:104} INFO - [INFO] fetching: https://cdn.weasyl.com/~nela/submissions/1380759/ceb1e9b0c1ca28ee611fa1f22b77f52e1093c3b7fc7ce20dd00d6d9db38d2099/nela-bulbasaur.png
[2022-01-26 04:48:05,163] {logging_mixin.py:104} INFO - [INFO] making request for group 40-45 of 50...
[2022-01-26 04:48:06,152] {logging_mixin.py:104} INFO - [INFO] saving images for group 40-45 of 50...
[2022-01-26 04:48:06,159] {logging_mixin.py:104} INFO - [INFO] fetching: http://www.pngmart.com/files/11/Pokemon-Bulbasaur-PNG-HD.png
[2022-01-26 04:48:08,397] {logging_mixin.py:104} INFO - [INFO] fetching: https://www.anime-star.com/u_file/2012/photo/d3770f58eb.jpg
[2022-01-26 04:48:11,236] {logging_mixin.py:104} INFO - [INFO] fetching: https://i.pinimg.com/originals/4c/e6/99/4ce69923b1650ec24855af126a95d2dd.jpg
[2022-01-26 04:48:12,007] {logging_mixin.py:104} INFO - [INFO] fetching: https://images-wixmp-ed30a86b8c4ca887773594c2.wixmp.com/f/a2aec6c3-7af4-4a02-a62b-5c576815d6cf/dciey53-833f9e7a-0624-4a06-8e35-14be530f6ae4.png/v1/fill/w_600,h_1333,strp/bulbasaur_tf_by_dadoboom_dciey53-pre.png?token=eyJ0eXAiOiJKV1QiLCJhbGciOiJIUzI1NiJ9.eyJzdWIiOiJ1cm46YXBwOjdlMGQxODg5ODIyNjQzNzNhNWYwZDQxNWVhMGQyNmUwIiwiaXNzIjoidXJuOmFwcDo3ZTBkMTg4OTgyMjY0MzczYTVmMGQ0MTVlYTBkMjZlMCIsIm9iaiI6W1t7ImhlaWdodCI6Ijw9MjI3NSIsInBhdGgiOiJcL2ZcL2EyYWVjNmMzLTdhZjQtNGEwMi1hNjJiLTVjNTc2ODE1ZDZjZlwvZGNpZXk1My04MzNmOWU3YS0wNjI0LTRhMDYtOGUzNS0xNGJlNTMwZjZhZTQucG5nIiwid2lkdGgiOiI8PTEwMjQifV1dLCJhdWQiOlsidXJuOnNlcnZpY2U6aW1hZ2Uub3BlcmF0aW9ucyJdfQ.79zpP8P_6QwEekWo8YJxGgk4iWT-sbUiM93-7TXeg-Y
[2022-01-26 04:48:13,374] {logging_mixin.py:104} INFO - [INFO] fetching: https://art.ngfiles.com/images/580000/580113_tristantait_bulbasaur.png?f1515800658
[2022-01-26 04:48:17,251] {logging_mixin.py:104} INFO - [INFO] making request for group 45-50 of 50...
[2022-01-26 04:48:18,246] {logging_mixin.py:104} INFO - [INFO] saving images for group 45-50 of 50...
[2022-01-26 04:48:18,251] {logging_mixin.py:104} INFO - [INFO] fetching: https://wallsdesk.com/wp-content/uploads/2017/01/Bulbasaur-Wallpapers.jpg
[2022-01-26 04:48:20,575] {logging_mixin.py:104} INFO - [INFO] fetching: https://cdn.weasyl.com/~hatchlingbyheart/submissions/1644538/e575f1d20d3700149b309de67d4ab490b5d52a4f2dafe0635931bfc43d52285e/hatchlingbyheart-pudgymon-bulbasaur.png
[2022-01-26 04:48:20,921] {logging_mixin.py:104} INFO - [INFO] fetching: https://cdn.weasyl.com/~nela/submissions/1380759/ceb1e9b0c1ca28ee611fa1f22b77f52e1093c3b7fc7ce20dd00d6d9db38d2099/nela-bulbasaur.png
[2022-01-26 04:48:21,659] {logging_mixin.py:104} INFO - [INFO] fetching: https://i.redd.it/4meqwbvaakpz.png
[2022-01-26 04:48:22,469] {logging_mixin.py:104} INFO - [INFO] fetching: https://pre00.deviantart.net/26c5/th/pre/f/2014/179/7/2/shiny_bulbasaur_by_kasanelover-d7odqfr.png
[2022-01-26 04:48:24,048] {logging_mixin.py:104} INFO - **************************************************
[2022-01-26 04:48:24,049] {logging_mixin.py:104} INFO - [END] Images Donwloaded for bulbasaur
[2022-01-26 04:48:24,049] {logging_mixin.py:104} INFO - **************************************************
[2022-01-26 04:48:24,050] {logging_mixin.py:104} INFO - [INFO] searching Bing API for 'charmander'
[2022-01-26 04:48:25,133] {logging_mixin.py:104} INFO - [INFO] 50 total results for 'charmander'
[2022-01-26 04:48:25,136] {logging_mixin.py:104} INFO - [INFO] making request for group 0-5 of 50...
[2022-01-26 04:48:25,839] {logging_mixin.py:104} INFO - [INFO] saving images for group 0-5 of 50...
[2022-01-26 04:48:25,844] {logging_mixin.py:104} INFO - [INFO] fetching: https://yt3.ggpht.com/a/AATXAJz4dpjuj_YfWAndj0GLW_5VMTH9OJcpWfIcAf7y=s900-c-k-c0xffffffff-no-rj-mo
[2022-01-26 04:48:26,304] {logging_mixin.py:104} INFO - [INFO] fetching: https://mimi-panda.com/wp-content/uploads/2020/09/Charmander.jpg
[2022-01-26 04:48:28,164] {logging_mixin.py:104} INFO - [INFO] fetching: https://pre11.deviantart.net/a42a/th/pre/f/2012/323/9/a/pokedex_challenge_004_charmander_by_blue_diamond_shadow-d5lctpa.png
[2022-01-26 04:48:29,975] {logging_mixin.py:104} INFO - [INFO] fetching: http://getwallpapers.com/wallpaper/full/e/d/0/1499086-charmander-background-1536x2048-large-resolution.jpg
[2022-01-26 04:48:32,502] {logging_mixin.py:104} INFO - [INFO] fetching: https://pm1.narvii.com/5704/7ba07007419db2ff764bc257e2faf6a155693313_hq.jpg
[2022-01-26 04:48:32,820] {logging_mixin.py:104} INFO - [INFO] making request for group 5-10 of 50...
[2022-01-26 04:48:33,494] {logging_mixin.py:104} INFO - [INFO] saving images for group 5-10 of 50...
[2022-01-26 04:48:33,495] {logging_mixin.py:104} INFO - [INFO] fetching: https://mimi-panda.com/wp-content/uploads/2020/09/Charmander.jpg
[2022-01-26 04:48:35,434] {logging_mixin.py:104} INFO - [INFO] fetching: http://getwallpapers.com/wallpaper/full/e/d/0/1499086-charmander-background-1536x2048-large-resolution.jpg
[2022-01-26 04:48:37,441] {logging_mixin.py:104} INFO - [INFO] fetching: https://pm1.narvii.com/5704/7ba07007419db2ff764bc257e2faf6a155693313_hq.jpg
[2022-01-26 04:48:37,821] {logging_mixin.py:104} INFO - [INFO] fetching: https://www.pinclipart.com/picdir/middle/558-5587474_user-drawings-wiki-fandom-pokemon-charmander-clipart.png
[2022-01-26 04:48:41,338] {logging_mixin.py:104} INFO - [INFO] fetching: https://yt3.ggpht.com/a/AATXAJxPF5CNZpy0PcWr2jKDl3I9m-wAuygY6gap=s900-c-k-c0xffffffff-no-rj-mo
[2022-01-26 04:48:41,634] {logging_mixin.py:104} INFO - [INFO] making request for group 10-15 of 50...
[2022-01-26 04:48:42,380] {logging_mixin.py:104} INFO - [INFO] saving images for group 10-15 of 50...
[2022-01-26 04:48:42,381] {logging_mixin.py:104} INFO - [INFO] fetching: https://yt3.ggpht.com/a/AATXAJwH2DkF_gnCJRuPRWZfUY_G2lOft2MOST1veA=s900-c-k-c0xffffffff-no-rj-mo
[2022-01-26 04:48:43,134] {logging_mixin.py:104} INFO - [INFO] fetching: https://pm1.narvii.com/5704/7ba07007419db2ff764bc257e2faf6a155693313_hq.jpg
[2022-01-26 04:48:43,340] {logging_mixin.py:104} INFO - [INFO] fetching: http://getwallpapers.com/wallpaper/full/e/d/0/1499086-charmander-background-1536x2048-large-resolution.jpg
[2022-01-26 04:48:45,646] {logging_mixin.py:104} INFO - [INFO] fetching: https://yt3.ggpht.com/a/AATXAJxPF5CNZpy0PcWr2jKDl3I9m-wAuygY6gap=s900-c-k-c0xffffffff-no-rj-mo
[2022-01-26 04:48:45,926] {logging_mixin.py:104} INFO - [INFO] fetching: http://pre09.deviantart.net/3c64/th/pre/f/2012/092/2/4/004_charmander_by_scope66-d4usrtn.png
[2022-01-26 04:48:46,979] {logging_mixin.py:104} INFO - [INFO] making request for group 15-20 of 50...
[2022-01-26 04:48:47,698] {logging_mixin.py:104} INFO - [INFO] saving images for group 15-20 of 50...
[2022-01-26 04:48:47,700] {logging_mixin.py:104} INFO - [INFO] fetching: http://pre09.deviantart.net/3c64/th/pre/f/2012/092/2/4/004_charmander_by_scope66-d4usrtn.png
[2022-01-26 04:48:48,656] {logging_mixin.py:104} INFO - [INFO] fetching: https://yt3.ggpht.com/a/AATXAJxPF5CNZpy0PcWr2jKDl3I9m-wAuygY6gap=s900-c-k-c0xffffffff-no-rj-mo
[2022-01-26 04:48:48,923] {logging_mixin.py:104} INFO - [INFO] fetching: https://yt3.ggpht.com/a/AATXAJxOATMJQHk67QAPMfg8OKNiIKftrk7mAcUdQ4R7=s900-c-k-c0xffffffff-no-rj-mo
[2022-01-26 04:48:49,300] {logging_mixin.py:104} INFO - [INFO] fetching: https://yt3.ggpht.com/a/AATXAJwZeHpNIBk12_tYCBhQKWYWfBe4nfdvb5WMdUTj=s900-c-k-c0xffffffff-no-rj-mo
[2022-01-26 04:48:49,643] {logging_mixin.py:104} INFO - [INFO] fetching: https://yt3.ggpht.com/a/AATXAJwY3XtnK5Al8untQvBGOqvD-OmYujVShzQajQ=s900-c-k-c0xffffffff-no-rj-mo
[2022-01-26 04:48:50,031] {logging_mixin.py:104} INFO - [INFO] making request for group 20-25 of 50...
[2022-01-26 04:48:50,704] {logging_mixin.py:104} INFO - [INFO] saving images for group 20-25 of 50...
[2022-01-26 04:48:50,705] {logging_mixin.py:104} INFO - [INFO] fetching: https://yt3.ggpht.com/a/AATXAJxOATMJQHk67QAPMfg8OKNiIKftrk7mAcUdQ4R7=s900-c-k-c0xffffffff-no-rj-mo
[2022-01-26 04:48:51,141] {logging_mixin.py:104} INFO - [INFO] fetching: https://yt3.ggpht.com/a/AATXAJwZeHpNIBk12_tYCBhQKWYWfBe4nfdvb5WMdUTj=s900-c-k-c0xffffffff-no-rj-mo
[2022-01-26 04:48:51,734] {logging_mixin.py:104} INFO - [INFO] fetching: https://yt3.ggpht.com/a/AATXAJwY3XtnK5Al8untQvBGOqvD-OmYujVShzQajQ=s900-c-k-c0xffffffff-no-rj-mo
[2022-01-26 04:48:52,098] {logging_mixin.py:104} INFO - [INFO] fetching: https://images-wixmp-ed30a86b8c4ca887773594c2.wixmp.com/f/f5ab561c-405b-4649-86b2-096272709cb7/d77spyp-2e085fa7-1984-45bf-bb06-488cfef31aa7.png/v1/fill/w_800,h_800,strp/pokemon_004___charmander_by_illustrationoverdose_d77spyp-fullview.png?token=eyJ0eXAiOiJKV1QiLCJhbGciOiJIUzI1NiJ9.eyJzdWIiOiJ1cm46YXBwOjdlMGQxODg5ODIyNjQzNzNhNWYwZDQxNWVhMGQyNmUwIiwiaXNzIjoidXJuOmFwcDo3ZTBkMTg4OTgyMjY0MzczYTVmMGQ0MTVlYTBkMjZlMCIsIm9iaiI6W1t7ImhlaWdodCI6Ijw9ODAwIiwicGF0aCI6IlwvZlwvZjVhYjU2MWMtNDA1Yi00NjQ5LTg2YjItMDk2MjcyNzA5Y2I3XC9kNzdzcHlwLTJlMDg1ZmE3LTE5ODQtNDViZi1iYjA2LTQ4OGNmZWYzMWFhNy5wbmciLCJ3aWR0aCI6Ijw9ODAwIn1dXSwiYXVkIjpbInVybjpzZXJ2aWNlOmltYWdlLm9wZXJhdGlvbnMiXX0.6HBSeJauhTNmoFweyn53Ox867RGUDxrLn3pY-n8Nmh8
[2022-01-26 04:48:53,233] {logging_mixin.py:104} INFO - [INFO] fetching: https://pre00.deviantart.net/f1a7/th/pre/i/2011/336/3/8/charmander_by_songokukai-d4hyibi.png
[2022-01-26 04:48:55,027] {logging_mixin.py:104} INFO - [INFO] making request for group 25-30 of 50...
[2022-01-26 04:48:56,169] {logging_mixin.py:104} INFO - [INFO] saving images for group 25-30 of 50...
[2022-01-26 04:48:56,183] {logging_mixin.py:104} INFO - [INFO] fetching: https://yt3.ggpht.com/a/AATXAJwY3XtnK5Al8untQvBGOqvD-OmYujVShzQajQ=s900-c-k-c0xffffffff-no-rj-mo
[2022-01-26 04:48:56,786] {logging_mixin.py:104} INFO - [INFO] fetching: https://orig00.deviantart.net/ba0a/f/2016/241/5/7/charmander_drawing_by_xunknownsoldazx-dafoi4h.jpg
[2022-01-26 04:48:58,908] {logging_mixin.py:104} INFO - [INFO] fetching: https://pre00.deviantart.net/f1a7/th/pre/i/2011/336/3/8/charmander_by_songokukai-d4hyibi.png
[2022-01-26 04:49:00,507] {logging_mixin.py:104} INFO - [INFO] fetching: https://www.pngitem.com/pimgs/m/117-1172406_pokemon-charmander-free-png-image-pokemon-charmander-png.png
[2022-01-26 04:49:18,454] {logging_mixin.py:104} INFO - [INFO] fetching: http://www.game-art-hq.com/wp-content/uploads/2016/09/Charmander-used-Scratch-Pokemon-Gen-I-Tribute-on-Game-Art-HQ.com-by-CrazyInfin8.png
[2022-01-26 04:49:21,536] {logging_mixin.py:104} INFO - [INFO] making request for group 30-35 of 50...
[2022-01-26 04:49:22,728] {logging_mixin.py:104} INFO - [INFO] saving images for group 30-35 of 50...
[2022-01-26 04:49:22,729] {logging_mixin.py:104} INFO - [INFO] fetching: https://yt3.ggpht.com/a/AATXAJwY3XtnK5Al8untQvBGOqvD-OmYujVShzQajQ=s900-c-k-c0xffffffff-no-rj-mo
[2022-01-26 04:49:23,032] {logging_mixin.py:104} INFO - [INFO] fetching: http://www.game-art-hq.com/wp-content/uploads/2016/09/Charmander-used-Scratch-Pokemon-Gen-I-Tribute-on-Game-Art-HQ.com-by-CrazyInfin8.png
[2022-01-26 04:49:27,046] {logging_mixin.py:104} INFO - [INFO] fetching: https://pre00.deviantart.net/8bea/th/pre/i/2017/314/2/6/charmander_not_scared_by_cansin13art-dbtc2p3.png
[2022-01-26 04:49:28,724] {logging_mixin.py:104} INFO - [INFO] fetching: https://yt3.ggpht.com/a/AATXAJzH7CfD0ZvNuFsoB29fsjzUm1d1tKaORxwj5w=s900-c-k-c0xffffffff-no-rj-mo
[2022-01-26 04:49:29,160] {logging_mixin.py:104} INFO - [INFO] fetching: http://pm1.narvii.com/5706/e075272a01e262320eb46904855de1d0fb8e0a07_hq.jpg
[2022-01-26 04:49:29,671] {logging_mixin.py:104} INFO - [INFO] making request for group 35-40 of 50...
[2022-01-26 04:49:30,635] {logging_mixin.py:104} INFO - [INFO] saving images for group 35-40 of 50...
[2022-01-26 04:49:30,635] {logging_mixin.py:104} INFO - [INFO] fetching: https://yt3.ggpht.com/a/AATXAJzH7CfD0ZvNuFsoB29fsjzUm1d1tKaORxwj5w=s900-c-k-c0xffffffff-no-rj-mo
[2022-01-26 04:49:31,007] {logging_mixin.py:104} INFO - [INFO] fetching: https://pre00.deviantart.net/d1cb/th/pre/i/2011/230/8/c/hi_res_charmander_by_elektro_omega-d47088d.png
[2022-01-26 04:49:34,031] {logging_mixin.py:104} INFO - [INFO] fetching: https://pre00.deviantart.net/8bea/th/pre/i/2017/314/2/6/charmander_not_scared_by_cansin13art-dbtc2p3.png
[2022-01-26 04:49:35,693] {logging_mixin.py:104} INFO - [INFO] fetching: https://orig00.deviantart.net/8b15/f/2010/114/6/e/awesome_face_charmander_by_ultimatekirbyfan_da.jpg
[2022-01-26 04:49:37,131] {logging_mixin.py:104} INFO - [INFO] fetching: https://va.ib.metapix.net/files/screen/565/565952_DancingChar_manderpic_alt.png
[2022-01-26 04:49:40,927] {logging_mixin.py:104} INFO - [INFO] making request for group 40-45 of 50...
[2022-01-26 04:49:42,322] {logging_mixin.py:104} INFO - [INFO] saving images for group 40-45 of 50...
[2022-01-26 04:49:42,323] {logging_mixin.py:104} INFO - [INFO] fetching: https://orig00.deviantart.net/8b15/f/2010/114/6/e/awesome_face_charmander_by_ultimatekirbyfan_da.jpg
[2022-01-26 04:49:43,866] {logging_mixin.py:104} INFO - [INFO] fetching: https://pre00.deviantart.net/8bea/th/pre/i/2017/314/2/6/charmander_not_scared_by_cansin13art-dbtc2p3.png
[2022-01-26 04:49:45,564] {logging_mixin.py:104} INFO - [INFO] fetching: https://orig00.deviantart.net/6239/f/2017/078/4/7/charmander__004_wallpaper__2048_x_2732_pixels__by_birde_3-db2wfoo.png
[2022-01-26 04:49:50,026] {logging_mixin.py:104} INFO - [INFO] fetching: https://vignette.wikia.nocookie.net/leonhartimvu/images/c/c8/Shiny_Charmander.png/revision/latest?cb=20131018072757
[2022-01-26 04:49:52,884] {logging_mixin.py:104} INFO - [INFO] fetching: https://va.ib.metapix.net/files/screen/565/565952_DancingChar_manderpic_alt.png
[2022-01-26 04:49:56,683] {logging_mixin.py:104} INFO - [INFO] making request for group 45-50 of 50...
[2022-01-26 04:49:58,068] {logging_mixin.py:104} INFO - [INFO] saving images for group 45-50 of 50...
[2022-01-26 04:49:58,068] {logging_mixin.py:104} INFO - [INFO] fetching: https://va.ib.metapix.net/files/screen/565/565952_DancingChar_manderpic_alt.png
[2022-01-26 04:50:01,834] {logging_mixin.py:104} INFO - [INFO] fetching: https://yt3.ggpht.com/a/AATXAJx9MScpmsGE8yIuixUJoWhH5j6-S7Fe1a3PYQ=s900-c-k-c0xffffffff-no-rj-mo
[2022-01-26 04:50:02,171] {logging_mixin.py:104} INFO - [INFO] fetching: https://pre00.deviantart.net/8bea/th/pre/i/2017/314/2/6/charmander_not_scared_by_cansin13art-dbtc2p3.png
[2022-01-26 04:50:03,751] {logging_mixin.py:104} INFO - [INFO] fetching: https://www.clipartkey.com/mpngs/m/87-874256_transparent-charmander-png-charmander.png
[2022-01-26 04:50:08,236] {logging_mixin.py:104} INFO - [INFO] fetching: https://cdn.weasyl.com/~hierrotatsu/submissions/629413/7094a2caa54de14f687c9a7d1d82b7bea1a191f0698c8ac51cf00e24198de942/hierrotatsu-charmander.png?download
[2022-01-26 04:50:09,397] {logging_mixin.py:104} INFO - **************************************************
[2022-01-26 04:50:09,397] {logging_mixin.py:104} INFO - [END] Images Donwloaded for charmander
[2022-01-26 04:50:09,398] {logging_mixin.py:104} INFO - **************************************************
[2022-01-26 04:50:09,398] {python.py:118} INFO - Done. Returned value was: None
[2022-01-26 04:50:09,419] {taskinstance.py:1166} INFO - Marking task as SUCCESS. dag_id=bing_image_download, task_id=bing_image_download, execution_date=20220126T044428, start_date=20220126T044438, end_date=20220126T045009
[2022-01-26 04:50:09,468] {taskinstance.py:1220} INFO - 1 downstream tasks scheduled from follow-on schedule check
[2022-01-26 04:50:09,501] {local_task_job.py:146} INFO - Task exited with return code 0
